[0.013s] Invoking command in '/home/robofei/ROS2/action/build/control': CMAKE_PREFIX_PATH=/home/robofei/ROS2/action/install/custom_interfaces:/home/robofei/ROS2/action/install/control:/opt/ros/foxy /usr/bin/cmake --build /home/robofei/ROS2/action/build/control -- -j4 -l4
[0.060s] [35m[1mScanning dependencies of target minimal_publisher[0m
[0.089s] [ 50%] [32mBuilding CXX object CMakeFiles/minimal_publisher.dir/src/minimal_pub.cpp.o[0m
[1.378s] [01m[K/home/robofei/ROS2/action/src/control/src/minimal_pub.cpp:[m[K In constructor â€˜[01m[KMinimalPublisher::MinimalPublisher()[m[Kâ€™:
[1.378s] [01m[K/home/robofei/ROS2/action/src/control/src/minimal_pub.cpp:23:5:[m[K [01;31m[Kerror: [m[Kâ€˜[01m[Kpublisher_[m[Kâ€™ was not declared in this scope; did you mean â€˜[01m[Krcl_publisher_t[m[Kâ€™?
[1.378s]    23 |     [01;31m[Kpublisher_[m[K = this->create_publisher<custom_interfaces::msg::SetPosition>("set_position", 10);
[1.379s]       |     [01;31m[K^~~~~~~~~~[m[K
[1.379s]       |     [32m[Krcl_publisher_t[m[K
[1.389s] [01m[K/home/robofei/ROS2/action/src/control/src/minimal_pub.cpp:30:5:[m[K [01;31m[Kerror: [m[Kâ€˜[01m[Ksubscription_[m[Kâ€™ was not declared in this scope; did you mean â€˜[01m[Krcl_subscription_t[m[Kâ€™?
[1.389s]    30 |     [01;31m[Ksubscription_[m[K = this->create_subscription<custom_interfaces::msg::Decision>(
[1.389s]       |     [01;31m[K^~~~~~~~~~~~~[m[K
[1.389s]       |     [32m[Krcl_subscription_t[m[K
[1.393s] [01m[K/home/robofei/ROS2/action/src/control/src/minimal_pub.cpp:[m[K In lambda function:
[1.393s] [01m[K/home/robofei/ROS2/action/src/control/src/minimal_pub.cpp:47:11:[m[K [01;31m[Kerror: [m[Kâ€˜[01m[Kpublisher_[m[Kâ€™ is not captured
[1.393s]    47 |           [01;31m[Kpublisher_[m[K->publish(message);
[1.393s]       |           [01;31m[K^~~~~~~~~~[m[K
[1.393s] [01m[K/home/robofei/ROS2/action/src/control/src/minimal_pub.cpp:33:10:[m[K [01;36m[Knote: [m[Kthe lambda has no capture-default
[1.393s]    33 |     [this[01;36m[K][m[K(const std::shared_ptr<custom_interfaces::msg::Decision> msg) -> void
[1.393s]       |          [01;36m[K^[m[K
[1.393s] [01m[K/home/robofei/ROS2/action/src/control/src/minimal_pub.cpp:23:5:[m[K [01;36m[Knote: [m[Kâ€˜[01m[K<typeprefixerror>publisher_[m[Kâ€™ declared here
[1.393s]    23 |     [01;36m[Kpublisher_[m[K = this->create_publisher<custom_interfaces::msg::SetPosition>("set_position", 10);
[1.394s]       |     [01;36m[K^~~~~~~~~~[m[K
[1.394s] [01m[K/home/robofei/ROS2/action/src/control/src/minimal_pub.cpp:51:11:[m[K [01;31m[Kerror: [m[Kâ€˜[01m[Kpublisher_[m[Kâ€™ is not captured
[1.394s]    51 |           [01;31m[Kpublisher_[m[K->publish(message);
[1.394s]       |           [01;31m[K^~~~~~~~~~[m[K
[1.394s] [01m[K/home/robofei/ROS2/action/src/control/src/minimal_pub.cpp:33:10:[m[K [01;36m[Knote: [m[Kthe lambda has no capture-default
[1.394s]    33 |     [this[01;36m[K][m[K(const std::shared_ptr<custom_interfaces::msg::Decision> msg) -> void
[1.394s]       |          [01;36m[K^[m[K
[1.394s] [01m[K/home/robofei/ROS2/action/src/control/src/minimal_pub.cpp:23:5:[m[K [01;36m[Knote: [m[Kâ€˜[01m[K<typeprefixerror>publisher_[m[Kâ€™ declared here
[1.394s]    23 |     [01;36m[Kpublisher_[m[K = this->create_publisher<custom_interfaces::msg::SetPosition>("set_position", 10);
[1.394s]       |     [01;36m[K^~~~~~~~~~[m[K
[2.870s] make[2]: *** [CMakeFiles/minimal_publisher.dir/build.make:63: CMakeFiles/minimal_publisher.dir/src/minimal_pub.cpp.o] Error 1
[2.870s] make[1]: *** [CMakeFiles/Makefile2:105: CMakeFiles/minimal_publisher.dir/all] Error 2
[2.870s] make: *** [Makefile:141: all] Error 2
[2.872s] Invoked command in '/home/robofei/ROS2/action/build/control' returned '2': CMAKE_PREFIX_PATH=/home/robofei/ROS2/action/install/custom_interfaces:/home/robofei/ROS2/action/install/control:/opt/ros/foxy /usr/bin/cmake --build /home/robofei/ROS2/action/build/control -- -j4 -l4
