[0.009s] Invoking command in '/home/robo/ROS2/walk_test/build/control': CMAKE_PREFIX_PATH=/home/robo/ROS2/walk_test/install/dynamixel_sdk_custom_interfaces:/home/robo/ROS2/walk_test/install/control:/opt/ros/foxy LD_LIBRARY_PATH=/home/robo/ROS2/walk_test/install/dynamixel_sdk_custom_interfaces/lib:/home/robo/ROS2/walk_test/install/control/lib:/opt/ros/foxy/opt/yaml_cpp_vendor/lib:/opt/ros/foxy/opt/rviz_ogre_vendor/lib:/opt/ros/foxy/lib/x86_64-linux-gnu:/opt/ros/foxy/lib /usr/bin/cmake --build /home/robo/ROS2/walk_test/build/control -- -j12 -l12
[0.029s] -- Found ament_cmake: 0.9.9 (/opt/ros/foxy/share/ament_cmake/cmake)
[0.045s] -- Using PYTHON_EXECUTABLE: /usr/bin/python3
[0.175s] -- Override CMake install command with custom implementation using symlinks instead of copying resources
[0.181s] -- Found dynamixel_sdk_custom_interfaces: 3.7.40 (/home/robo/ROS2/walk_test/install/dynamixel_sdk_custom_interfaces/share/dynamixel_sdk_custom_interfaces/cmake)
[0.197s] -- Using all available rosidl_typesupport_c: rosidl_typesupport_fastrtps_c;rosidl_typesupport_introspection_c
[0.200s] -- Found rosidl_adapter: 1.2.1 (/opt/ros/foxy/share/rosidl_adapter/cmake)
[0.290s] -- Using all available rosidl_typesupport_cpp: rosidl_typesupport_fastrtps_cpp;rosidl_typesupport_introspection_cpp
[0.323s] -- Found rclcpp: 2.4.1 (/opt/ros/foxy/share/rclcpp/cmake)
[0.351s] -- Found rmw_implementation_cmake: 1.0.3 (/opt/ros/foxy/share/rmw_implementation_cmake/cmake)
[0.352s] -- Using RMW implementation 'rmw_fastrtps_cpp' as default
[0.463s] -- Found sensor_msgs: 2.0.5 (/opt/ros/foxy/share/sensor_msgs/cmake)
[0.552s] -- Found rclcpp_components: 2.4.1 (/opt/ros/foxy/share/rclcpp_components/cmake)
[0.593s] -- Found rosidl_default_generators: 1.0.1 (/opt/ros/foxy/share/rosidl_default_generators/cmake)
[0.611s] -- Found ament_lint_auto: 0.9.6 (/opt/ros/foxy/share/ament_lint_auto/cmake)
[0.659s] -- Added test 'copyright' to check source files copyright and LICENSE
[0.664s] -- Added test 'cppcheck' to perform static code analysis on C / C++ code
[0.664s] -- Configured cppcheck include dirs: /home/robo/ROS2/walk_test/src/control/include;/home/robo/ROS2/walk_test/src/control/src/minIni
[0.664s] -- Configured cppcheck exclude dirs and/or files: 
[0.669s] -- Added test 'cpplint' to check C / C++ code against the Google style
[0.669s] -- Configured cpplint exclude dirs and/or files: 
[0.670s] -- Added test 'flake8' to check Python code syntax and style conventions
[0.671s] -- Added test 'lint_cmake' to check CMake code style
[0.672s] -- Added test 'pep257' to check Python code against some of the style conventions in PEP 257
[0.676s] -- Added test 'uncrustify' to check C / C++ code style
[0.676s] -- Configured uncrustify additional arguments: 
[0.677s] -- Added test 'xmllint' to check XML markup files
[0.680s] -- Configuring done
[0.701s] -- Generating done
[0.703s] -- Build files have been written to: /home/robo/ROS2/walk_test/build/control
[0.723s] [35m[1mScanning dependencies of target action[0m
[0.737s] [  6%] Built target gait_publisher
[0.738s] [ 13%] Built target decision
[0.738s] [ 17%] [32m[1mLinking CXX executable cmd[0m
[0.738s] [ 24%] Built target control
[0.742s] [ 82%] Built target motion
[0.752s] [ 86%] [32mBuilding CXX object CMakeFiles/action.dir/src/action_editor/cmd_process.cpp.o[0m
[0.811s] /usr/bin/ld: CMakeFiles/cmd.dir/src/action_editor/cmd_process.cpp.o: in function `GoToCursor(int, int)':
[0.811s] cmd_process.cpp:(.text+0x6b4): undefined reference to `tigetstr'
[0.811s] /usr/bin/ld: cmd_process.cpp:(.text+0x6d1): undefined reference to `tparm'
[0.811s] /usr/bin/ld: cmd_process.cpp:(.text+0x6e1): undefined reference to `putp'
[0.811s] /usr/bin/ld: CMakeFiles/cmd.dir/src/action_editor/cmd_process.cpp.o: in function `DrawIntro()':
[0.811s] cmd_process.cpp:(.text+0xa60): undefined reference to `setupterm'
[0.812s] /usr/bin/ld: cmd_process.cpp:(.text+0xa6c): undefined reference to `tigetnum'
[0.812s] /usr/bin/ld: cmd_process.cpp:(.text+0xa7b): undefined reference to `tigetnum'
[0.812s] collect2: error: ld returned 1 exit status
[0.812s] make[2]: *** [CMakeFiles/cmd.dir/build.make:136: cmd] Error 1
[0.812s] make[1]: *** [CMakeFiles/Makefile2:142: CMakeFiles/cmd.dir/all] Error 2
[0.812s] make[1]: *** Waiting for unfinished jobs....
[1.695s] [01m[K/home/robo/ROS2/walk_test/src/control/src/action_editor/cmd_process.cpp:28:26:[m[K [01;35m[Kwarning: [m[Knon-ISO-standard escape sequence, '\e'
[1.695s]    28 | const std::string azul = [01;35m[K"\e[0;36m"[m[K;
[1.696s]       |                          [01;35m[K^~~~~~~~~~[m[K
[1.696s] [01m[K/home/robo/ROS2/walk_test/src/control/src/action_editor/cmd_process.cpp:29:27:[m[K [01;35m[Kwarning: [m[Knon-ISO-standard escape sequence, '\e'
[1.696s]    29 | const std::string azulE = [01;35m[K"\e[0;34m"[m[K;
[1.696s]       |                           [01;35m[K^~~~~~~~~~[m[K
[1.696s] [01m[K/home/robo/ROS2/walk_test/src/control/src/action_editor/cmd_process.cpp:30:27:[m[K [01;35m[Kwarning: [m[Knon-ISO-standard escape sequence, '\e'
[1.696s]    30 | const std::string amare = [01;35m[K"\e[0;33m"[m[K;
[1.696s]       |                           [01;35m[K^~~~~~~~~~[m[K
[1.696s] [01m[K/home/robo/ROS2/walk_test/src/control/src/action_editor/cmd_process.cpp:31:27:[m[K [01;35m[Kwarning: [m[Knon-ISO-standard escape sequence, '\e'
[1.696s]    31 | const std::string verde = [01;35m[K"\e[0;32m"[m[K;
[1.696s]       |                           [01;35m[K^~~~~~~~~~[m[K
[1.696s] [01m[K/home/robo/ROS2/walk_test/src/control/src/action_editor/cmd_process.cpp:32:25:[m[K [01;35m[Kwarning: [m[Knon-ISO-standard escape sequence, '\e'
[1.696s]    32 | const std::string red = [01;35m[K"\e[0;31m"[m[K;
[1.696s]       |                         [01;35m[K^~~~~~~~~~[m[K
[1.696s] [01m[K/home/robo/ROS2/walk_test/src/control/src/action_editor/cmd_process.cpp:33:26:[m[K [01;35m[Kwarning: [m[Knon-ISO-standard escape sequence, '\e'
[1.696s]    33 | const std::string gray = [01;35m[K"\e[0;37m"[m[K;
[1.696s]       |                          [01;35m[K^~~~~~~~~~[m[K
[1.696s] [01m[K/home/robo/ROS2/walk_test/src/control/src/action_editor/cmd_process.cpp:34:26:[m[K [01;35m[Kwarning: [m[Knon-ISO-standard escape sequence, '\e'
[1.696s]    34 | const std::string nulo = [01;35m[K"\e[0m"[m[K;
[1.696s]       |                          [01;35m[K^~~~~~~[m[K
[1.696s] [01m[K/home/robo/ROS2/walk_test/src/control/src/action_editor/cmd_process.cpp:36:27:[m[K [01;35m[Kwarning: [m[Knon-ISO-standard escape sequence, '\e'
[1.697s]    36 | const std::string Lazul = [01;35m[K"\e[96m"[m[K;
[1.697s]       |                           [01;35m[K^~~~~~~~[m[K
[1.697s] [01m[K/home/robo/ROS2/walk_test/src/control/src/action_editor/cmd_process.cpp:37:28:[m[K [01;35m[Kwarning: [m[Knon-ISO-standard escape sequence, '\e'
[1.697s]    37 | const std::string LazulE = [01;35m[K"\e[94m"[m[K;
[1.697s]       |                            [01;35m[K^~~~~~~~[m[K
[1.697s] [01m[K/home/robo/ROS2/walk_test/src/control/src/action_editor/cmd_process.cpp:38:28:[m[K [01;35m[Kwarning: [m[Knon-ISO-standard escape sequence, '\e'
[1.697s]    38 | const std::string Lamare = [01;35m[K"\e[93m"[m[K;
[1.697s]       |                            [01;35m[K^~~~~~~~[m[K
[1.697s] [01m[K/home/robo/ROS2/walk_test/src/control/src/action_editor/cmd_process.cpp:39:28:[m[K [01;35m[Kwarning: [m[Knon-ISO-standard escape sequence, '\e'
[1.697s]    39 | const std::string Lverde = [01;35m[K"\e[92m"[m[K;
[1.697s]       |                            [01;35m[K^~~~~~~~[m[K
[1.697s] [01m[K/home/robo/ROS2/walk_test/src/control/src/action_editor/cmd_process.cpp:40:26:[m[K [01;35m[Kwarning: [m[Knon-ISO-standard escape sequence, '\e'
[1.697s]    40 | const std::string Lred = [01;35m[K"\e[91m"[m[K;
[1.697s]       |                          [01;35m[K^~~~~~~~[m[K
[1.697s] [01m[K/home/robo/ROS2/walk_test/src/control/src/action_editor/cmd_process.cpp:41:27:[m[K [01;35m[Kwarning: [m[Knon-ISO-standard escape sequence, '\e'
[1.697s]    41 | const std::string Lgray = [01;35m[K"\e[97m"[m[K;
[1.697s]       |                           [01;35m[K^~~~~~~~[m[K
[1.697s] [01m[K/home/robo/ROS2/walk_test/src/control/src/action_editor/cmd_process.cpp:[m[K In function â€˜[01m[Kvoid ReadStep()[m[Kâ€™:
[1.697s] [01m[K/home/robo/ROS2/walk_test/src/control/src/action_editor/cmd_process.cpp:126:10:[m[K [01;35m[Kwarning: [m[Kunused variable â€˜[01m[Kvalue8[m[Kâ€™ [[01;35m[K-Wunused-variable[m[K]
[1.697s]   126 |  uint8_t [01;35m[Kvalue8[m[K;
[1.698s]       |          [01;35m[K^~~~~~[m[K
[1.698s] [01m[K/home/robo/ROS2/walk_test/src/control/src/action_editor/cmd_process.cpp:127:11:[m[K [01;35m[Kwarning: [m[Kunused variable â€˜[01m[Kvalue32[m[Kâ€™ [[01;35m[K-Wunused-variable[m[K]
[1.698s]   127 |  uint32_t [01;35m[Kvalue32[m[K;
[1.698s]       |           [01;35m[K^~~~~~~[m[K
[1.698s] [01m[K/home/robo/ROS2/walk_test/src/control/src/action_editor/cmd_process.cpp:[m[K In function â€˜[01m[Kvoid DrawIntro()[m[Kâ€™:
[1.698s] [01m[K/home/robo/ROS2/walk_test/src/control/src/action_editor/cmd_process.cpp:330:9:[m[K [01;35m[Kwarning: [m[Knon-ISO-standard escape sequence, '\e'
[1.698s]   330 |  system([01;35m[K"printf '\e[8;27;80t'"[m[K);
[1.699s]       |         [01;35m[K^~~~~~~~~~~~~~~~~~~~~~[m[K
[1.702s] [01m[K/home/robo/ROS2/walk_test/src/control/src/action_editor/cmd_process.cpp:[m[K In function â€˜[01m[Kvoid SetValue(uint32_t)[m[Kâ€™:
[1.702s] [01m[K/home/robo/ROS2/walk_test/src/control/src/action_editor/cmd_process.cpp:714:13:[m[K [01;35m[Kwarning: [m[Kcomparison of unsigned expression >= 0 is always true [[01;35m[K-Wtype-limits[m[K]
[1.702s]   714 |    if([01;35m[Kvalue >= 0[m[K && value <= 255)
[1.703s]       |       [01;35m[K~~~~~~^~~~[m[K
[1.703s] [01m[K/home/robo/ROS2/walk_test/src/control/src/action_editor/cmd_process.cpp:723:13:[m[K [01;35m[Kwarning: [m[Kcomparison of unsigned expression >= 0 is always true [[01;35m[K-Wtype-limits[m[K]
[1.703s]   723 |    if([01;35m[Kvalue >= 0[m[K && value <= 255)
[1.703s]       |       [01;35m[K~~~~~~^~~~[m[K
[1.703s] [01m[K/home/robo/ROS2/walk_test/src/control/src/action_editor/cmd_process.cpp:802:13:[m[K [01;35m[Kwarning: [m[Kcomparison of unsigned expression >= 0 is always true [[01;35m[K-Wtype-limits[m[K]
[1.703s]   802 |    if([01;35m[Kvalue >= 0[m[K && value <= 255)
[1.703s]       |       [01;35m[K~~~~~~^~~~[m[K
[1.703s] [01m[K/home/robo/ROS2/walk_test/src/control/src/action_editor/cmd_process.cpp:811:13:[m[K [01;35m[Kwarning: [m[Kcomparison of unsigned expression >= 0 is always true [[01;35m[K-Wtype-limits[m[K]
[1.703s]   811 |    if([01;35m[Kvalue >= 0[m[K && value <= 255)
[1.703s]       |       [01;35m[K~~~~~~^~~~[m[K
[1.703s] [01m[K/home/robo/ROS2/walk_test/src/control/src/action_editor/cmd_process.cpp:856:13:[m[K [01;35m[Kwarning: [m[Kcomparison of unsigned expression >= 0 is always true [[01;35m[K-Wtype-limits[m[K]
[1.703s]   856 |    if([01;35m[Kvalue >= 0[m[K && value <= 255)
[1.703s]       |       [01;35m[K~~~~~~^~~~[m[K
[1.703s] [01m[K/home/robo/ROS2/walk_test/src/control/src/action_editor/cmd_process.cpp:865:13:[m[K [01;35m[Kwarning: [m[Kcomparison of unsigned expression >= 0 is always true [[01;35m[K-Wtype-limits[m[K]
[1.703s]   865 |    if([01;35m[Kvalue >= 0[m[K && value <= Action::MAXNUM_STEP)
[1.704s]       |       [01;35m[K~~~~~~^~~~[m[K
[1.704s] [01m[K/home/robo/ROS2/walk_test/src/control/src/action_editor/cmd_process.cpp:881:13:[m[K [01;35m[Kwarning: [m[Kcomparison of unsigned expression >= 0 is always true [[01;35m[K-Wtype-limits[m[K]
[1.704s]   881 |    if([01;35m[Kvalue >= 0[m[K && value <= 255)
[1.704s]       |       [01;35m[K~~~~~~^~~~[m[K
[1.704s] [01m[K/home/robo/ROS2/walk_test/src/control/src/action_editor/cmd_process.cpp:890:13:[m[K [01;35m[Kwarning: [m[Kcomparison of unsigned expression >= 0 is always true [[01;35m[K-Wtype-limits[m[K]
[1.704s]   890 |    if([01;35m[Kvalue >= 0[m[K && value <= 255)
[1.704s]       |       [01;35m[K~~~~~~^~~~[m[K
[1.704s] [01m[K/home/robo/ROS2/walk_test/src/control/src/action_editor/cmd_process.cpp:899:13:[m[K [01;35m[Kwarning: [m[Kcomparison of unsigned expression >= 0 is always true [[01;35m[K-Wtype-limits[m[K]
[1.704s]   899 |    if([01;35m[Kvalue >= 0[m[K && value <= 255)
[1.704s]       |       [01;35m[K~~~~~~^~~~[m[K
[1.704s] [01m[K/home/robo/ROS2/walk_test/src/control/src/action_editor/cmd_process.cpp:908:13:[m[K [01;35m[Kwarning: [m[Kcomparison of unsigned expression >= 0 is always true [[01;35m[K-Wtype-limits[m[K]
[1.704s]   908 |    if([01;35m[Kvalue >= 0[m[K && value <= 255)
[1.704s]       |       [01;35m[K~~~~~~^~~~[m[K
[1.704s] [01m[K/home/robo/ROS2/walk_test/src/control/src/action_editor/cmd_process.cpp:[m[K In function â€˜[01m[Kvoid PlayCmd()[m[Kâ€™:
[1.704s] [01m[K/home/robo/ROS2/walk_test/src/control/src/action_editor/cmd_process.cpp:1056:6:[m[K [01;35m[Kwarning: [m[Kunused variable â€˜[01m[Kvalue[m[Kâ€™ [[01;35m[K-Wunused-variable[m[K]
[1.704s]  1056 |  int [01;35m[Kvalue[m[K;
[1.704s]       |      [01;35m[K^~~~~[m[K
[1.704s] [01m[K/home/robo/ROS2/walk_test/src/control/src/action_editor/cmd_process.cpp:[m[K In function â€˜[01m[Kvoid OnOffCmd(bool, int, int*)[m[Kâ€™:
[1.705s] [01m[K/home/robo/ROS2/walk_test/src/control/src/action_editor/cmd_process.cpp:1182:20:[m[K [01;35m[Kwarning: [m[Kunused parameter â€˜[01m[Kon[m[Kâ€™ [[01;35m[K-Wunused-parameter[m[K]
[1.705s]  1182 | void OnOffCmd([01;35m[Kbool on[m[K, int num_param, int *list)
[1.705s]       |               [01;35m[K~~~~~^~[m[K
[1.705s] [01m[K/home/robo/ROS2/walk_test/src/control/src/action_editor/cmd_process.cpp:1182:28:[m[K [01;35m[Kwarning: [m[Kunused parameter â€˜[01m[Knum_param[m[Kâ€™ [[01;35m[K-Wunused-parameter[m[K]
[1.705s]  1182 | void OnOffCmd(bool on, [01;35m[Kint num_param[m[K, int *list)
[1.705s]       |                        [01;35m[K~~~~^~~~~~~~~[m[K
[1.705s] [01m[K/home/robo/ROS2/walk_test/src/control/src/action_editor/cmd_process.cpp:1182:44:[m[K [01;35m[Kwarning: [m[Kunused parameter â€˜[01m[Klist[m[Kâ€™ [[01;35m[K-Wunused-parameter[m[K]
[1.705s]  1182 | void OnOffCmd(bool on, int num_param, [01;35m[Kint *list[m[K)
[1.705s]       |                                       [01;35m[K~~~~~^~~~[m[K
[1.706s] [01m[K/home/robo/ROS2/walk_test/src/control/src/action_editor/cmd_process.cpp:[m[K In function â€˜[01m[Kvoid GoCmd(int)[m[Kâ€™:
[1.706s] [01m[K/home/robo/ROS2/walk_test/src/control/src/action_editor/cmd_process.cpp:1382:6:[m[K [01;35m[Kwarning: [m[Kunused variable â€˜[01m[Kn[m[Kâ€™ [[01;35m[K-Wunused-variable[m[K]
[1.706s]  1382 |  int [01;35m[Kn[m[K = 0;
[1.706s]       |      [01;35m[K^[m[K
[1.706s] [01m[K/home/robo/ROS2/walk_test/src/control/src/action_editor/cmd_process.cpp:1383:10:[m[K [01;35m[Kwarning: [m[Kunused variable â€˜[01m[Kparam[m[Kâ€™ [[01;35m[K-Wunused-variable[m[K]
[1.706s]  1383 |  uint8_t [01;35m[Kparam[m[K[JointData::NUMBER_OF_JOINTS * (1 + MX28::PARAM_BYTES)];
[1.706s]       |          [01;35m[K^~~~~[m[K
[1.706s] [01m[K/home/robo/ROS2/walk_test/src/control/src/action_editor/cmd_process.cpp:1384:11:[m[K [01;35m[Kwarning: [m[Kunused variable â€˜[01m[KwGoalPosition[m[Kâ€™ [[01;35m[K-Wunused-variable[m[K]
[1.706s]  1384 |  uint32_t [01;35m[KwGoalPosition[m[K, wStartPosition, wDistance;
[1.706s]       |           [01;35m[K^~~~~~~~~~~~~[m[K
[1.706s] [01m[K/home/robo/ROS2/walk_test/src/control/src/action_editor/cmd_process.cpp:1384:26:[m[K [01;35m[Kwarning: [m[Kunused variable â€˜[01m[KwStartPosition[m[Kâ€™ [[01;35m[K-Wunused-variable[m[K]
[1.706s]  1384 |  uint32_t wGoalPosition, [01;35m[KwStartPosition[m[K, wDistance;
[1.706s]       |                          [01;35m[K^~~~~~~~~~~~~~[m[K
[1.706s] [01m[K/home/robo/ROS2/walk_test/src/control/src/action_editor/cmd_process.cpp:1384:42:[m[K [01;35m[Kwarning: [m[Kunused variable â€˜[01m[KwDistance[m[Kâ€™ [[01;35m[K-Wunused-variable[m[K]
[1.706s]  1384 |  uint32_t wGoalPosition, wStartPosition, [01;35m[KwDistance[m[K;
[1.706s]       |                                          [01;35m[K^~~~~~~~~[m[K
[1.706s] [01m[K/home/robo/ROS2/walk_test/src/control/src/action_editor/cmd_process.cpp:[m[K In function â€˜[01m[Kvoid readServo()[m[Kâ€™:
[1.706s] [01m[K/home/robo/ROS2/walk_test/src/control/src/action_editor/cmd_process.cpp:1468:11:[m[K [01;35m[Kwarning: [m[Kunused variable â€˜[01m[Kvalue[m[Kâ€™ [[01;35m[K-Wunused-variable[m[K]
[1.707s]  1468 |  uint32_t [01;35m[Kvalue[m[K;
[1.707s]       |           [01;35m[K^~~~~[m[K
[1.966s] [01m[K/home/robo/ROS2/walk_test/src/control/src/action_editor/cmd_process.cpp:[m[K In function â€˜[01m[Kvoid ToggleTorque()[m[Kâ€™:
[1.966s] [01m[K/home/robo/ROS2/walk_test/src/control/src/action_editor/cmd_process.cpp:937:21:[m[K [01;35m[Kwarning: [m[Kâ€˜[01m[Kvalue[m[Kâ€™ may be used uninitialized in this function [[01;35m[K-Wmaybe-uninitialized[m[K]
[1.966s]   937 |   [01;35m[KStep.position[id] = value[m[K;
[1.966s]       |   [01;35m[K~~~~~~~~~~~~~~~~~~^~~~~~~[m[K
[2.072s] [ 89%] [32m[1mLinking CXX executable action[0m
[2.197s] /usr/bin/ld: CMakeFiles/action.dir/src/action_editor/cmd_process.cpp.o: in function `main':
[2.197s] cmd_process.cpp:(.text+0x122): multiple definition of `main'; CMakeFiles/action.dir/src/action_editor/main.cpp.o:main.cpp:(.text+0x219): first defined here
[2.198s] collect2: error: ld returned 1 exit status
[2.199s] make[2]: *** [CMakeFiles/action.dir/build.make:167: action] Error 1
[2.199s] make[1]: *** [CMakeFiles/Makefile2:250: CMakeFiles/action.dir/all] Error 2
[2.199s] make: *** [Makefile:141: all] Error 2
[2.200s] Invoked command in '/home/robo/ROS2/walk_test/build/control' returned '2': CMAKE_PREFIX_PATH=/home/robo/ROS2/walk_test/install/dynamixel_sdk_custom_interfaces:/home/robo/ROS2/walk_test/install/control:/opt/ros/foxy LD_LIBRARY_PATH=/home/robo/ROS2/walk_test/install/dynamixel_sdk_custom_interfaces/lib:/home/robo/ROS2/walk_test/install/control/lib:/opt/ros/foxy/opt/yaml_cpp_vendor/lib:/opt/ros/foxy/opt/rviz_ogre_vendor/lib:/opt/ros/foxy/lib/x86_64-linux-gnu:/opt/ros/foxy/lib /usr/bin/cmake --build /home/robo/ROS2/walk_test/build/control -- -j12 -l12
