[01m[K/home/robofei/ROS2/robotis_ws/src/DynamixelSDK/dynamixel_sdk_examples/src/read_write_node.cpp:[m[K In lambda function:
[01m[K/home/robofei/ROS2/robotis_ws/src/DynamixelSDK/dynamixel_sdk_examples/src/read_write_node.cpp:115:62:[m[K [01;31m[Kerror: [m[Kexpected primary-expression before â€˜[01m[K)[m[Kâ€™ token
  115 |       dxl_addparam_result = group_sync_write.addParam(uint8_t[01;31m[K)[m[Kmsg->id[0], param_goal_position0);
      |                                                              [01;31m[K^[m[K
[01m[K/home/robofei/ROS2/robotis_ws/src/DynamixelSDK/dynamixel_sdk_examples/src/read_write_node.cpp:130:16:[m[K [01;31m[Kerror: [m[Kredeclaration of â€˜[01m[Kuint32_t position1[m[Kâ€™
  130 |       uint32_t [01;31m[Kposition1[m[K = (unsigned int)msg->position1; // Convert int32 -> uint32
      |                [01;31m[K^~~~~~~~~[m[K
[01m[K/home/robofei/ROS2/robotis_ws/src/DynamixelSDK/dynamixel_sdk_examples/src/read_write_node.cpp:103:16:[m[K [01;36m[Knote: [m[Kâ€˜[01m[Kuint32_t position1[m[Kâ€™ previously declared here
  103 |       uint32_t [01;36m[Kposition1[m[K = goal_position[1]; // Convert int32 -> uint32
      |                [01;36m[K^~~~~~~~~[m[K
[01m[K/home/robofei/ROS2/robotis_ws/src/DynamixelSDK/dynamixel_sdk_examples/src/read_write_node.cpp:130:47:[m[K [01;31m[Kerror: [m[Kâ€˜[01m[Kusing element_type = struct dynamixel_sdk_custom_interfaces::msg::SetPosition_<std::allocator<void> >[m[Kâ€™ {aka â€˜[01m[Kstruct dynamixel_sdk_custom_interfaces::msg::SetPosition_<std::allocator<void> >[m[Kâ€™} has no member named â€˜[01m[Kposition1[m[Kâ€™; did you mean â€˜[01m[Kposition[m[Kâ€™?
  130 |       uint32_t position1 = (unsigned int)msg->[01;31m[Kposition1[m[K; // Convert int32 -> uint32
      |                                               [01;31m[K^~~~~~~~~[m[K
      |                                               [32m[Kposition[m[K
make[2]: *** [CMakeFiles/read_write_node.dir/build.make:63: CMakeFiles/read_write_node.dir/src/read_write_node.cpp.o] Error 1
make[1]: *** [CMakeFiles/Makefile2:107: CMakeFiles/read_write_node.dir/all] Error 2
make: *** [Makefile:141: all] Error 2
