[0.014s] Invoking command in '/home/robofei/ROS2/robotis_ws/build/dynamixel_sdk_examples': AMENT_PREFIX_PATH=/home/robofei/ROS2/robotis_ws/install/dynamixel_sdk_custom_interfaces:/home/robofei/ROS2/robotis_ws/install/dynamixel_sdk:${AMENT_PREFIX_PATH} CMAKE_PREFIX_PATH=/home/robofei/ROS2/robotis_ws/install/dynamixel_sdk_custom_interfaces:/home/robofei/ROS2/robotis_ws/install/dynamixel_sdk:/opt/ros/foxy LD_LIBRARY_PATH=/home/robofei/ROS2/robotis_ws/install/dynamixel_sdk_custom_interfaces/lib:/home/robofei/ROS2/robotis_ws/install/dynamixel_sdk/lib:${LD_LIBRARY_PATH} PYTHONPATH=/home/robofei/ROS2/robotis_ws/install/dynamixel_sdk_custom_interfaces/lib/python3.8/site-packages:${PYTHONPATH} /usr/bin/cmake --build /home/robofei/ROS2/robotis_ws/build/dynamixel_sdk_examples -- -j4 -l4
[0.063s] [35m[1mScanning dependencies of target read_write_node[0m
[0.083s] [ 50%] Built target minimal_pub
[0.093s] [ 75%] [32mBuilding CXX object CMakeFiles/read_write_node.dir/src/read_write_node.cpp.o[0m
[1.434s] [01m[K/home/robofei/ROS2/robotis_ws/src/DynamixelSDK/dynamixel_sdk_examples/src/read_write_node.cpp:[m[K In lambda function:
[1.434s] [01m[K/home/robofei/ROS2/robotis_ws/src/DynamixelSDK/dynamixel_sdk_examples/src/read_write_node.cpp:115:62:[m[K [01;31m[Kerror: [m[Kexpected primary-expression before â€˜[01m[K)[m[Kâ€™ token
[1.434s]   115 |       dxl_addparam_result = group_sync_write.addParam(uint8_t[01;31m[K)[m[Kmsg->id[0], param_goal_position0);
[1.434s]       |                                                              [01;31m[K^[m[K
[1.436s] [01m[K/home/robofei/ROS2/robotis_ws/src/DynamixelSDK/dynamixel_sdk_examples/src/read_write_node.cpp:130:16:[m[K [01;31m[Kerror: [m[Kredeclaration of â€˜[01m[Kuint32_t position1[m[Kâ€™
[1.436s]   130 |       uint32_t [01;31m[Kposition1[m[K = (unsigned int)msg->position1; // Convert int32 -> uint32
[1.436s]       |                [01;31m[K^~~~~~~~~[m[K
[1.436s] [01m[K/home/robofei/ROS2/robotis_ws/src/DynamixelSDK/dynamixel_sdk_examples/src/read_write_node.cpp:103:16:[m[K [01;36m[Knote: [m[Kâ€˜[01m[Kuint32_t position1[m[Kâ€™ previously declared here
[1.436s]   103 |       uint32_t [01;36m[Kposition1[m[K = goal_position[1]; // Convert int32 -> uint32
[1.436s]       |                [01;36m[K^~~~~~~~~[m[K
[1.437s] [01m[K/home/robofei/ROS2/robotis_ws/src/DynamixelSDK/dynamixel_sdk_examples/src/read_write_node.cpp:130:47:[m[K [01;31m[Kerror: [m[Kâ€˜[01m[Kusing element_type = struct dynamixel_sdk_custom_interfaces::msg::SetPosition_<std::allocator<void> >[m[Kâ€™ {aka â€˜[01m[Kstruct dynamixel_sdk_custom_interfaces::msg::SetPosition_<std::allocator<void> >[m[Kâ€™} has no member named â€˜[01m[Kposition1[m[Kâ€™; did you mean â€˜[01m[Kposition[m[Kâ€™?
[1.437s]   130 |       uint32_t position1 = (unsigned int)msg->[01;31m[Kposition1[m[K; // Convert int32 -> uint32
[1.437s]       |                                               [01;31m[K^~~~~~~~~[m[K
[1.437s]       |                                               [32m[Kposition[m[K
[2.907s] make[2]: *** [CMakeFiles/read_write_node.dir/build.make:63: CMakeFiles/read_write_node.dir/src/read_write_node.cpp.o] Error 1
[2.907s] make[1]: *** [CMakeFiles/Makefile2:107: CMakeFiles/read_write_node.dir/all] Error 2
[2.907s] make: *** [Makefile:141: all] Error 2
[2.909s] Invoked command in '/home/robofei/ROS2/robotis_ws/build/dynamixel_sdk_examples' returned '2': AMENT_PREFIX_PATH=/home/robofei/ROS2/robotis_ws/install/dynamixel_sdk_custom_interfaces:/home/robofei/ROS2/robotis_ws/install/dynamixel_sdk:${AMENT_PREFIX_PATH} CMAKE_PREFIX_PATH=/home/robofei/ROS2/robotis_ws/install/dynamixel_sdk_custom_interfaces:/home/robofei/ROS2/robotis_ws/install/dynamixel_sdk:/opt/ros/foxy LD_LIBRARY_PATH=/home/robofei/ROS2/robotis_ws/install/dynamixel_sdk_custom_interfaces/lib:/home/robofei/ROS2/robotis_ws/install/dynamixel_sdk/lib:${LD_LIBRARY_PATH} PYTHONPATH=/home/robofei/ROS2/robotis_ws/install/dynamixel_sdk_custom_interfaces/lib/python3.8/site-packages:${PYTHONPATH} /usr/bin/cmake --build /home/robofei/ROS2/robotis_ws/build/dynamixel_sdk_examples -- -j4 -l4
