[0.012s] Invoking command in '/home/robo/ROS2/walk_test/build/control': CMAKE_PREFIX_PATH=/home/robo/ROS2/walk_test/install/dynamixel_sdk_custom_interfaces:/home/robo/ROS2/walk_test/install/control:/opt/ros/foxy LD_LIBRARY_PATH=/home/robo/ROS2/walk_test/install/dynamixel_sdk_custom_interfaces/lib:/home/robo/ROS2/walk_test/install/control/lib:/opt/ros/foxy/opt/yaml_cpp_vendor/lib:/opt/ros/foxy/opt/rviz_ogre_vendor/lib:/opt/ros/foxy/lib/x86_64-linux-gnu:/opt/ros/foxy/lib /usr/bin/cmake --build /home/robo/ROS2/walk_test/build/control -- -j12 -l12
[0.035s] -- Found ament_cmake: 0.9.9 (/opt/ros/foxy/share/ament_cmake/cmake)
[0.053s] -- Using PYTHON_EXECUTABLE: /usr/bin/python3
[0.187s] -- Override CMake install command with custom implementation using symlinks instead of copying resources
[0.193s] -- Found dynamixel_sdk_custom_interfaces: 3.7.40 (/home/robo/ROS2/walk_test/install/dynamixel_sdk_custom_interfaces/share/dynamixel_sdk_custom_interfaces/cmake)
[0.209s] -- Using all available rosidl_typesupport_c: rosidl_typesupport_fastrtps_c;rosidl_typesupport_introspection_c
[0.212s] -- Found rosidl_adapter: 1.2.1 (/opt/ros/foxy/share/rosidl_adapter/cmake)
[0.302s] -- Using all available rosidl_typesupport_cpp: rosidl_typesupport_fastrtps_cpp;rosidl_typesupport_introspection_cpp
[0.336s] -- Found rclcpp: 2.4.1 (/opt/ros/foxy/share/rclcpp/cmake)
[0.364s] -- Found rmw_implementation_cmake: 1.0.3 (/opt/ros/foxy/share/rmw_implementation_cmake/cmake)
[0.365s] -- Using RMW implementation 'rmw_fastrtps_cpp' as default
[0.477s] -- Found sensor_msgs: 2.0.5 (/opt/ros/foxy/share/sensor_msgs/cmake)
[0.567s] -- Found rclcpp_components: 2.4.1 (/opt/ros/foxy/share/rclcpp_components/cmake)
[0.610s] -- Found rosidl_default_generators: 1.0.1 (/opt/ros/foxy/share/rosidl_default_generators/cmake)
[0.623s] -- Found ament_lint_auto: 0.9.6 (/opt/ros/foxy/share/ament_lint_auto/cmake)
[0.671s] -- Added test 'copyright' to check source files copyright and LICENSE
[0.676s] -- Added test 'cppcheck' to perform static code analysis on C / C++ code
[0.676s] -- Configured cppcheck include dirs: /home/robo/ROS2/walk_test/src/control/include;/home/robo/ROS2/walk_test/src/control/src/minIni
[0.676s] -- Configured cppcheck exclude dirs and/or files: 
[0.681s] -- Added test 'cpplint' to check C / C++ code against the Google style
[0.681s] -- Configured cpplint exclude dirs and/or files: 
[0.682s] -- Added test 'flake8' to check Python code syntax and style conventions
[0.683s] -- Added test 'lint_cmake' to check CMake code style
[0.684s] -- Added test 'pep257' to check Python code against some of the style conventions in PEP 257
[0.688s] -- Added test 'uncrustify' to check C / C++ code style
[0.688s] -- Configured uncrustify additional arguments: 
[0.689s] -- Added test 'xmllint' to check XML markup files
[0.692s] -- Configuring done
[0.712s] -- Generating done
[0.713s] -- Build files have been written to: /home/robo/ROS2/walk_test/build/control
[0.734s] [35m[1mScanning dependencies of target action[0m
[0.734s] [35m[1mScanning dependencies of target control[0m
[0.736s] [35m[1mScanning dependencies of target motion[0m
[0.747s] [ 14%] Built target decision
[0.747s] [ 14%] Built target gait_publisher
[0.757s] [ 18%] [32mBuilding CXX object CMakeFiles/control.dir/src/control.cpp.o[0m
[0.759s] [ 25%] [32mBuilding CXX object CMakeFiles/action.dir/src/action_editor/main.cpp.o[0m
[0.759s] [ 25%] [32mBuilding CXX object CMakeFiles/action.dir/src/minIni/minIni.cpp.o[0m
[0.761s] [ 29%] [32mBuilding CXX object CMakeFiles/action.dir/src/action_editor/cmd_process.cpp.o[0m
[0.769s] [ 40%] [32mBuilding CXX object CMakeFiles/motion.dir/src/motion/AngleEstimator.cpp.o[0m
[0.769s] [ 40%] [32mBuilding CXX object CMakeFiles/motion.dir/src/motion/MotionManager.cpp.o[0m
[0.769s] [ 40%] [32mBuilding CXX object CMakeFiles/motion.dir/src/motion/modules/Walking.cpp.o[0m
[0.769s] [ 44%] [32mBuilding CXX object CMakeFiles/motion.dir/src/motion/JointData.cpp.o[0m
[0.769s] [ 48%] [32mBuilding CXX object CMakeFiles/motion.dir/src/minIni/minIni.cpp.o[0m
[0.770s] [ 51%] [32mBuilding CXX object CMakeFiles/motion.dir/src/ReadConfig.cpp.o[0m
[0.770s] [ 55%] [32mBuilding CXX object CMakeFiles/motion.dir/src/GaitMove.cpp.o[0m
[0.960s] [01m[K/home/robo/ROS2/walk_test/src/control/src/motion/AngleEstimator.cpp:[m[K In member function â€˜[01m[Kvoid AngleEstimator::predict(double, double, double)[m[Kâ€™:
[0.960s] [01m[K/home/robo/ROS2/walk_test/src/control/src/motion/AngleEstimator.cpp:19:76:[m[K [01;35m[Kwarning: [m[Kunused parameter â€˜[01m[Kgyro_dyaw[m[Kâ€™ [[01;35m[K-Wunused-parameter[m[K]
[0.960s]    19 | void AngleEstimator::predict(double gyro_dpitch, double gyro_droll, [01;35m[Kdouble gyro_dyaw[m[K)
[0.960s]       |                                                                     [01;35m[K~~~~~~~^~~~~~~~~[m[K
[1.321s] In file included from [01m[K/home/robo/ROS2/walk_test/src/control/src/action_editor/cmd_process.cpp:5[m[K:
[1.321s] [01m[K/opt/ros/foxy/include/rcutils/types/char_array.h:41:10:[m[K [01;31m[Kerror: [m[Kexpected â€˜[01m[K)[m[Kâ€™ before â€˜[01m[K*[m[Kâ€™ token
[1.321s]    41 |   size_t [01;31m[Kbuffer_capacity[m[K;
[1.321s]       |          [01;31m[K^~~~~~~~~~~~~~~[m[K
[1.321s] [01m[K/opt/ros/foxy/include/rcutils/types/char_array.h:41:10:[m[K [01;31m[Kerror: [m[Kexpected â€˜[01m[K)[m[Kâ€™ before â€˜[01m[K*[m[Kâ€™ token
[1.321s] [01m[K/opt/ros/foxy/include/rcutils/types/char_array.h:74:10:[m[K [01;31m[Kerror: [m[Kexpected â€˜[01m[K)[m[Kâ€™ before â€˜[01m[K([m[Kâ€™ token
[1.322s]    74 |   size_t [01;31m[Kbuffer_capacity[m[K,
[1.322s]       |          [01;31m[K^~~~~~~~~~~~~~~[m[K
[1.322s] [01m[K/opt/ros/foxy/include/rcutils/types/char_array.h:74:10:[m[K [01;31m[Kerror: [m[Kexpected â€˜[01m[K)[m[Kâ€™ before â€˜[01m[K([m[Kâ€™ token
[1.322s] In file included from [01m[K/opt/ros/foxy/include/rcutils/types.h:24[m[K,
[1.322s]                  from [01m[K/opt/ros/foxy/include/rcutils/time.h:26[m[K,
[1.322s]                  from [01m[K/opt/ros/foxy/include/rcutils/logging.h:25[m[K,
[1.322s]                  from [01m[K/opt/ros/foxy/include/rmw/types.h:28[m[K,
[1.322s]                  from [01m[K/opt/ros/foxy/include/rcl/types.h:18[m[K,
[1.322s]                  from [01m[K/opt/ros/foxy/include/rcl/arguments.h:20[m[K,
[1.322s]                  from [01m[K/opt/ros/foxy/include/rcl/context.h:26[m[K,
[1.322s]                  from [01m[K/opt/ros/foxy/include/rcl/guard_condition.h:24[m[K,
[1.323s]                  from [01m[K/opt/ros/foxy/include/rclcpp/executor.hpp:29[m[K,
[1.323s]                  from [01m[K/opt/ros/foxy/include/rclcpp/executors/multi_threaded_executor.hpp:26[m[K,
[1.323s]                  from [01m[K/opt/ros/foxy/include/rclcpp/executors.hpp:21[m[K,
[1.323s]                  from [01m[K/opt/ros/foxy/include/rclcpp/rclcpp.hpp:146[m[K,
[1.323s]                  from [01m[K/home/robo/ROS2/walk_test/src/control/include/cmd_process.h:5[m[K,
[1.323s]                  from [01m[K/home/robo/ROS2/walk_test/src/control/src/action_editor/cmd_process.cpp:8[m[K:
[1.323s] [01m[K/opt/ros/foxy/include/rcutils/types/char_array.h:72:24:[m[K [01;36m[Knote: [m[Kto match this â€˜[01m[K([m[Kâ€™
[1.323s]    72 | rcutils_char_array_init[01;36m[K([m[K
[1.323s]       |                        [01;36m[K^[m[K
[1.323s] In file included from [01m[K/home/robo/ROS2/walk_test/src/control/src/action_editor/cmd_process.cpp:5[m[K:
[1.323s] [01m[K/opt/ros/foxy/include/rcutils/types/char_array.h:74:10:[m[K [01;31m[Kerror: [m[Kinitializer provided for function
[1.324s]    74 |   size_t [01;31m[Kbuffer_capacity[m[K,
[1.324s]       |          [01;31m[K^~~~~~~~~~~~~~~[m[K
[1.324s] [01m[K/opt/ros/foxy/include/rcutils/types/char_array.h:74:10:[m[K [01;31m[Kerror: [m[Kexpected â€˜[01m[K,[m[Kâ€™ or â€˜[01m[K;[m[Kâ€™ before â€˜[01m[K->[m[Kâ€™ token
[1.324s]    74 |   size_t [01;31m[Kbuffer_capacity[m[K,
[1.324s]       |          [01;31m[K^~~~~~~~~~~~~~~[m[K
[1.324s] [01m[K/opt/ros/foxy/include/rcutils/types/uint8_array.h:33:10:[m[K [01;31m[Kerror: [m[Kexpected â€˜[01m[K)[m[Kâ€™ before â€˜[01m[K*[m[Kâ€™ token
[1.324s]    33 |   size_t [01;31m[Kbuffer_capacity[m[K;
[1.324s]       |          [01;31m[K^~~~~~~~~~~~~~~[m[K
[1.324s] [01m[K/opt/ros/foxy/include/rcutils/types/uint8_array.h:33:10:[m[K [01;31m[Kerror: [m[Kexpected â€˜[01m[K)[m[Kâ€™ before â€˜[01m[K*[m[Kâ€™ token
[1.324s] [01m[K/opt/ros/foxy/include/rcutils/types/uint8_array.h:65:10:[m[K [01;31m[Kerror: [m[Kexpected â€˜[01m[K)[m[Kâ€™ before â€˜[01m[K([m[Kâ€™ token
[1.324s]    65 |   size_t [01;31m[Kbuffer_capacity[m[K,
[1.325s]       |          [01;31m[K^~~~~~~~~~~~~~~[m[K
[1.325s] [01m[K/opt/ros/foxy/include/rcutils/types/uint8_array.h:65:10:[m[K [01;31m[Kerror: [m[Kexpected â€˜[01m[K)[m[Kâ€™ before â€˜[01m[K([m[Kâ€™ token
[1.325s] In file included from [01m[K/opt/ros/foxy/include/rcutils/types.h:29[m[K,
[1.325s]                  from [01m[K/opt/ros/foxy/include/rcutils/time.h:26[m[K,
[1.325s]                  from [01m[K/opt/ros/foxy/include/rcutils/logging.h:25[m[K,
[1.325s]                  from [01m[K/opt/ros/foxy/include/rmw/types.h:28[m[K,
[1.325s]                  from [01m[K/opt/ros/foxy/include/rcl/types.h:18[m[K,
[1.325s]                  from [01m[K/opt/ros/foxy/include/rcl/arguments.h:20[m[K,
[1.325s]                  from [01m[K/opt/ros/foxy/include/rcl/context.h:26[m[K,
[1.325s]                  from [01m[K/opt/ros/foxy/include/rcl/guard_condition.h:24[m[K,
[1.325s]                  from [01m[K/opt/ros/foxy/include/rclcpp/executor.hpp:29[m[K,
[1.326s]                  from [01m[K/opt/ros/foxy/include/rclcpp/executors/multi_threaded_executor.hpp:26[m[K,
[1.326s]                  from [01m[K/opt/ros/foxy/include/rclcpp/executors.hpp:21[m[K,
[1.326s]                  from [01m[K/opt/ros/foxy/include/rclcpp/rclcpp.hpp:146[m[K,
[1.326s]                  from [01m[K/home/robo/ROS2/walk_test/src/control/include/cmd_process.h:5[m[K,
[1.326s]                  from [01m[K/home/robo/ROS2/walk_test/src/control/src/action_editor/cmd_process.cpp:8[m[K:
[1.326s] [01m[K/opt/ros/foxy/include/rcutils/types/uint8_array.h:63:25:[m[K [01;36m[Knote: [m[Kto match this â€˜[01m[K([m[Kâ€™
[1.326s]    63 | rcutils_uint8_array_init[01;36m[K([m[K
[1.326s]       |                         [01;36m[K^[m[K
[1.326s] In file included from [01m[K/home/robo/ROS2/walk_test/src/control/src/action_editor/cmd_process.cpp:5[m[K:
[1.326s] [01m[K/opt/ros/foxy/include/rcutils/types/uint8_array.h:65:10:[m[K [01;31m[Kerror: [m[Kinitializer provided for function
[1.326s]    65 |   size_t [01;31m[Kbuffer_capacity[m[K,
[1.326s]       |          [01;31m[K^~~~~~~~~~~~~~~[m[K
[1.327s] [01m[K/opt/ros/foxy/include/rcutils/types/uint8_array.h:65:10:[m[K [01;31m[Kerror: [m[Kexpected â€˜[01m[K,[m[Kâ€™ or â€˜[01m[K;[m[Kâ€™ before â€˜[01m[K->[m[Kâ€™ token
[1.327s]    65 |   size_t [01;31m[Kbuffer_capacity[m[K,
[1.327s]       |          [01;31m[K^~~~~~~~~~~~~~~[m[K
[1.877s] [01m[K/home/robo/ROS2/walk_test/src/control/src/action_editor/main.cpp:[m[K In function â€˜[01m[Kvoid sighandler(int)[m[Kâ€™:
[1.877s] [01m[K/home/robo/ROS2/walk_test/src/control/src/action_editor/main.cpp:318:21:[m[K [01;35m[Kwarning: [m[Kunused parameter â€˜[01m[Ksig[m[Kâ€™ [[01;35m[K-Wunused-parameter[m[K]
[1.878s]   318 | void sighandler([01;35m[Kint sig[m[K)
[1.878s]       |                 [01;35m[K~~~~^~~[m[K
[1.881s] [01m[K/home/robo/ROS2/walk_test/src/control/src/action_editor/main.cpp:[m[K In function â€˜[01m[Kint main(int, char**)[m[Kâ€™:
[1.881s] [01m[K/home/robo/ROS2/walk_test/src/control/src/action_editor/main.cpp:383:13:[m[K [01;35m[Kwarning: [m[Kvariable â€˜[01m[Kini[m[Kâ€™ set but not used [[01;35m[K-Wunused-but-set-variable[m[K]
[1.881s]   383 |     minIni* [01;35m[Kini[m[K;
[1.881s]       |             [01;35m[K^~~[m[K
[1.900s] [01m[K/home/robo/ROS2/walk_test/src/control/src/GaitMove.cpp:[m[K In member function â€˜[01m[Kvoid GaitMove::walk_foward_slow(bool&, bool, bool)[m[Kâ€™:
[1.901s] [01m[K/home/robo/ROS2/walk_test/src/control/src/GaitMove.cpp:101:55:[m[K [01;35m[Kwarning: [m[Kunused parameter â€˜[01m[Kmax_speed[m[Kâ€™ [[01;35m[K-Wunused-parameter[m[K]
[1.901s]   101 | void GaitMove::walk_foward_slow(bool &stop_gait, [01;35m[Kbool max_speed[m[K, bool same_moviment)
[1.901s]       |                                                  [01;35m[K~~~~~^~~~~~~~~[m[K
[1.902s] [01m[K/home/robo/ROS2/walk_test/src/control/src/GaitMove.cpp:[m[K In member function â€˜[01m[Kvoid GaitMove::turn_right(bool&, bool, bool)[m[Kâ€™:
[1.902s] [01m[K/home/robo/ROS2/walk_test/src/control/src/GaitMove.cpp:157:49:[m[K [01;35m[Kwarning: [m[Kunused parameter â€˜[01m[Kmax_angle[m[Kâ€™ [[01;35m[K-Wunused-parameter[m[K]
[1.902s]   157 | void GaitMove::turn_right(bool &stop_gait, [01;35m[Kbool max_angle[m[K, bool same_moviment)
[1.902s]       |                                            [01;35m[K~~~~~^~~~~~~~~[m[K
[1.902s] [01m[K/home/robo/ROS2/walk_test/src/control/src/GaitMove.cpp:[m[K In member function â€˜[01m[Kvoid GaitMove::turn_left(bool&, bool, bool)[m[Kâ€™:
[1.902s] [01m[K/home/robo/ROS2/walk_test/src/control/src/GaitMove.cpp:169:48:[m[K [01;35m[Kwarning: [m[Kunused parameter â€˜[01m[Kmax_angle[m[Kâ€™ [[01;35m[K-Wunused-parameter[m[K]
[1.902s]   169 | void GaitMove::turn_left(bool &stop_gait, [01;35m[Kbool max_angle[m[K, bool same_moviment)
[1.902s]       |                                           [01;35m[K~~~~~^~~~~~~~~[m[K
[1.903s] [01m[K/home/robo/ROS2/walk_test/src/control/src/GaitMove.cpp:[m[K In member function â€˜[01m[Kvoid GaitMove::walk_backward_slow(bool&, bool, bool)[m[Kâ€™:
[1.903s] [01m[K/home/robo/ROS2/walk_test/src/control/src/GaitMove.cpp:225:57:[m[K [01;35m[Kwarning: [m[Kunused parameter â€˜[01m[Kmax_speed[m[Kâ€™ [[01;35m[K-Wunused-parameter[m[K]
[1.903s]   225 | void GaitMove::walk_backward_slow(bool &stop_gait, [01;35m[Kbool max_speed[m[K, bool same_moviment)
[1.904s]       |                                                    [01;35m[K~~~~~^~~~~~~~~[m[K
[1.973s] [01m[K/home/robo/ROS2/walk_test/src/control/src/action_editor/cmd_process.cpp:24:26:[m[K [01;35m[Kwarning: [m[Knon-ISO-standard escape sequence, '\e'
[1.973s]    24 | const std::string azul = [01;35m[K"\e[0;36m"[m[K;
[1.973s]       |                          [01;35m[K^~~~~~~~~~[m[K
[1.973s] [01m[K/home/robo/ROS2/walk_test/src/control/src/action_editor/cmd_process.cpp:25:27:[m[K [01;35m[Kwarning: [m[Knon-ISO-standard escape sequence, '\e'
[1.974s]    25 | const std::string azulE = [01;35m[K"\e[0;34m"[m[K;
[1.974s]       |                           [01;35m[K^~~~~~~~~~[m[K
[1.974s] [01m[K/home/robo/ROS2/walk_test/src/control/src/action_editor/cmd_process.cpp:26:27:[m[K [01;35m[Kwarning: [m[Knon-ISO-standard escape sequence, '\e'
[1.974s]    26 | const std::string amare = [01;35m[K"\e[0;33m"[m[K;
[1.974s]       |                           [01;35m[K^~~~~~~~~~[m[K
[1.974s] [01m[K/home/robo/ROS2/walk_test/src/control/src/action_editor/cmd_process.cpp:27:27:[m[K [01;35m[Kwarning: [m[Knon-ISO-standard escape sequence, '\e'
[1.974s]    27 | const std::string verde = [01;35m[K"\e[0;32m"[m[K;
[1.974s]       |                           [01;35m[K^~~~~~~~~~[m[K
[1.974s] [01m[K/home/robo/ROS2/walk_test/src/control/src/action_editor/cmd_process.cpp:28:25:[m[K [01;35m[Kwarning: [m[Knon-ISO-standard escape sequence, '\e'
[1.974s]    28 | const std::string red = [01;35m[K"\e[0;31m"[m[K;
[1.975s]       |                         [01;35m[K^~~~~~~~~~[m[K
[1.975s] [01m[K/home/robo/ROS2/walk_test/src/control/src/action_editor/cmd_process.cpp:29:26:[m[K [01;35m[Kwarning: [m[Knon-ISO-standard escape sequence, '\e'
[1.975s]    29 | const std::string gray = [01;35m[K"\e[0;37m"[m[K;
[1.975s]       |                          [01;35m[K^~~~~~~~~~[m[K
[1.975s] [01m[K/home/robo/ROS2/walk_test/src/control/src/action_editor/cmd_process.cpp:30:26:[m[K [01;35m[Kwarning: [m[Knon-ISO-standard escape sequence, '\e'
[1.975s]    30 | const std::string nulo = [01;35m[K"\e[0m"[m[K;
[1.975s]       |                          [01;35m[K^~~~~~~[m[K
[1.975s] [01m[K/home/robo/ROS2/walk_test/src/control/src/action_editor/cmd_process.cpp:32:27:[m[K [01;35m[Kwarning: [m[Knon-ISO-standard escape sequence, '\e'
[1.975s]    32 | const std::string Lazul = [01;35m[K"\e[96m"[m[K;
[1.976s]       |                           [01;35m[K^~~~~~~~[m[K
[1.976s] [01m[K/home/robo/ROS2/walk_test/src/control/src/action_editor/cmd_process.cpp:33:28:[m[K [01;35m[Kwarning: [m[Knon-ISO-standard escape sequence, '\e'
[1.976s]    33 | const std::string LazulE = [01;35m[K"\e[94m"[m[K;
[1.976s]       |                            [01;35m[K^~~~~~~~[m[K
[1.976s] [01m[K/home/robo/ROS2/walk_test/src/control/src/action_editor/cmd_process.cpp:34:28:[m[K [01;35m[Kwarning: [m[Knon-ISO-standard escape sequence, '\e'
[1.976s]    34 | const std::string Lamare = [01;35m[K"\e[93m"[m[K;
[1.976s]       |                            [01;35m[K^~~~~~~~[m[K
[1.976s] [01m[K/home/robo/ROS2/walk_test/src/control/src/action_editor/cmd_process.cpp:35:28:[m[K [01;35m[Kwarning: [m[Knon-ISO-standard escape sequence, '\e'
[1.976s]    35 | const std::string Lverde = [01;35m[K"\e[92m"[m[K;
[1.976s]       |                            [01;35m[K^~~~~~~~[m[K
[1.977s] [01m[K/home/robo/ROS2/walk_test/src/control/src/action_editor/cmd_process.cpp:36:26:[m[K [01;35m[Kwarning: [m[Knon-ISO-standard escape sequence, '\e'
[1.977s]    36 | const std::string Lred = [01;35m[K"\e[91m"[m[K;
[1.977s]       |                          [01;35m[K^~~~~~~~[m[K
[1.977s] [01m[K/home/robo/ROS2/walk_test/src/control/src/action_editor/cmd_process.cpp:37:27:[m[K [01;35m[Kwarning: [m[Knon-ISO-standard escape sequence, '\e'
[1.977s]    37 | const std::string Lgray = [01;35m[K"\e[97m"[m[K;
[1.977s]       |                           [01;35m[K^~~~~~~~[m[K
[1.977s] [01m[K/home/robo/ROS2/walk_test/src/control/src/action_editor/cmd_process.cpp:47:1:[m[K [01;31m[Kerror: [m[Kâ€˜[01m[KAction[m[Kâ€™ does not name a type
[1.977s]    47 | [01;31m[KAction[m[K::PAGE Page;
[1.977s]       | [01;31m[K^~~~~~[m[K
[1.977s] [01m[K/home/robo/ROS2/walk_test/src/control/src/action_editor/cmd_process.cpp:48:1:[m[K [01;31m[Kerror: [m[Kâ€˜[01m[KAction[m[Kâ€™ does not name a type
[1.978s]    48 | [01;31m[KAction[m[K::STEP Step;
[1.978s]       | [01;31m[K^~~~~~[m[K
[1.978s] [01m[K/home/robo/ROS2/walk_test/src/control/src/action_editor/cmd_process.cpp:[m[K In function â€˜[01m[Kvoid cmd_process()[m[Kâ€™:
[1.978s] [01m[K/home/robo/ROS2/walk_test/src/control/src/action_editor/cmd_process.cpp:57:15:[m[K [01;31m[Kerror: [m[Kinvalid use of â€˜[01m[Kthis[m[Kâ€™ in non-member function
[1.978s]    57 |  publisher_ = [01;31m[Kthis[m[K->create_publisher<dynamixel_sdk_custom_interfaces::msg::SetPosition>("set_position", 10);
[1.978s]       |               [01;31m[K^~~~[m[K
[1.978s] [01m[K/home/robo/ROS2/walk_test/src/control/src/action_editor/cmd_process.cpp:57:87:[m[K [01;31m[Kerror: [m[Kexpected primary-expression before â€˜[01m[K>[m[Kâ€™ token
[1.978s]    57 |  publisher_ = this->create_publisher<dynamixel_sdk_custom_interfaces::msg::SetPosition[01;31m[K>[m[K("set_position", 10);
[1.978s]       |                                                                                       [01;31m[K^[m[K
[1.978s] [01m[K/home/robo/ROS2/walk_test/src/control/src/action_editor/cmd_process.cpp:57:89:[m[K [01;35m[Kwarning: [m[Kleft operand of comma operator has no effect [[01;35m[K-Wunused-value[m[K]
[1.978s]    57 |  publisher_ = this->create_publisher<dynamixel_sdk_custom_interfaces::msg::SetPosition>([01;35m[K"set_position"[m[K, 10);
[1.979s]       |                                                                                         [01;35m[K^~~~~~~~~~~~~~[m[K
[1.979s] [01m[K/home/robo/ROS2/walk_test/src/control/src/action_editor/cmd_process.cpp:58:24:[m[K [01;31m[Kerror: [m[Kinvalid use of â€˜[01m[Kthis[m[Kâ€™ in non-member function
[1.979s]    58 |     publisher_single = [01;31m[Kthis[m[K->create_publisher<dynamixel_sdk_custom_interfaces::msg::SetPositionOriginal>("set_position_single", 10);
[1.979s]       |                        [01;31m[K^~~~[m[K
[1.979s] [01m[K/home/robo/ROS2/walk_test/src/control/src/action_editor/cmd_process.cpp:58:104:[m[K [01;31m[Kerror: [m[Kexpected primary-expression before â€˜[01m[K>[m[Kâ€™ token
[1.979s]    58 |     publisher_single = this->create_publisher<dynamixel_sdk_custom_interfaces::msg::SetPositionOriginal[01;31m[K>[m[K("set_position_single", 10);
[1.979s]       |                                                                                                        [01;31m[K^[m[K
[1.979s] [01m[K/home/robo/ROS2/walk_test/src/control/src/action_editor/cmd_process.cpp:58:106:[m[K [01;35m[Kwarning: [m[Kleft operand of comma operator has no effect [[01;35m[K-Wunused-value[m[K]
[1.979s]    58 |     publisher_single = this->create_publisher<dynamixel_sdk_custom_interfaces::msg::SetPositionOriginal>([01;35m[K"set_position_single"[m[K, 10);
[1.979s]       |                                                                                                          [01;35m[K^~~~~~~~~~~~~~~~~~~~~[m[K
[1.979s] [01m[K/home/robo/ROS2/walk_test/src/control/src/action_editor/cmd_process.cpp:[m[K In function â€˜[01m[Kvoid ReadStep()[m[Kâ€™:
[1.980s] [01m[K/home/robo/ROS2/walk_test/src/control/src/action_editor/cmd_process.cpp:121:10:[m[K [01;35m[Kwarning: [m[Kunused variable â€˜[01m[Kvalue8[m[Kâ€™ [[01;35m[K-Wunused-variable[m[K]
[1.980s]   121 |  uint8_t [01;35m[Kvalue8[m[K;
[1.980s]       |          [01;35m[K^~~~~~[m[K
[1.980s] [01m[K/home/robo/ROS2/walk_test/src/control/src/action_editor/cmd_process.cpp:122:11:[m[K [01;35m[Kwarning: [m[Kunused variable â€˜[01m[Kvalue32[m[Kâ€™ [[01;35m[K-Wunused-variable[m[K]
[1.980s]   122 |  uint32_t [01;35m[Kvalue32[m[K;
[1.980s]       |           [01;35m[K^~~~~~~[m[K
[1.980s] [01m[K/home/robo/ROS2/walk_test/src/control/src/action_editor/cmd_process.cpp:[m[K In function â€˜[01m[Kvoid DrawIntro()[m[Kâ€™:
[1.980s] [01m[K/home/robo/ROS2/walk_test/src/control/src/action_editor/cmd_process.cpp:325:9:[m[K [01;35m[Kwarning: [m[Knon-ISO-standard escape sequence, '\e'
[1.980s]   325 |  system([01;35m[K"printf '\e[8;27;80t'"[m[K);
[1.980s]       |         [01;35m[K^~~~~~~~~~~~~~~~~~~~~~[m[K
[1.981s] [01m[K/home/robo/ROS2/walk_test/src/control/src/action_editor/cmd_process.cpp:327:2:[m[K [01;31m[Kerror: [m[Kâ€˜[01m[KAction[m[Kâ€™ has not been declared
[1.981s]   327 |  [01;31m[KAction[m[K::GetInstance()->LoadPage(indexPage, &Page);
[1.981s]       |  [01;31m[K^~~~~~[m[K
[1.981s] [01m[K/home/robo/ROS2/walk_test/src/control/src/action_editor/cmd_process.cpp:327:46:[m[K [01;31m[Kerror: [m[Kâ€˜[01m[KPage[m[Kâ€™ was not declared in this scope
[1.981s]   327 |  Action::GetInstance()->LoadPage(indexPage, &[01;31m[KPage[m[K);
[1.981s]       |                                              [01;31m[K^~~~[m[K
[1.981s] [01m[K/home/robo/ROS2/walk_test/src/control/src/action_editor/cmd_process.cpp:330:2:[m[K [01;31m[Kerror: [m[Kâ€˜[01m[KStep[m[Kâ€™ was not declared in this scope
[1.981s]   330 |  [01;31m[KStep[m[K.pause = 0;
[1.981s]       |  [01;31m[K^~~~[m[K
[1.982s] [01m[K/home/robo/ROS2/walk_test/src/control/src/action_editor/cmd_process.cpp:[m[K In function â€˜[01m[Kvoid DrawPage()[m[Kâ€™:
[1.982s] [01m[K/home/robo/ROS2/walk_test/src/control/src/action_editor/cmd_process.cpp:375:6:[m[K [01;31m[Kerror: [m[Kâ€˜[01m[KPage[m[Kâ€™ was not declared in this scope
[1.982s]   375 |  if( [01;31m[KPage[m[K.header.schedule == Action::SPEED_BASE_SCHEDULE )
[1.982s]       |      [01;31m[K^~~~[m[K
[1.982s] [01m[K/home/robo/ROS2/walk_test/src/control/src/action_editor/cmd_process.cpp:375:30:[m[K [01;31m[Kerror: [m[Kâ€˜[01m[KAction[m[Kâ€™ has not been declared
[1.982s]   375 |  if( Page.header.schedule == [01;31m[KAction[m[K::SPEED_BASE_SCHEDULE )
[1.982s]       |                              [01;31m[K^~~~~~[m[K
[1.982s] [01m[K/home/robo/ROS2/walk_test/src/control/src/action_editor/cmd_process.cpp:377:35:[m[K [01;31m[Kerror: [m[Kâ€˜[01m[KAction[m[Kâ€™ has not been declared
[1.982s]   377 |  else if( Page.header.schedule == [01;31m[KAction[m[K::TIME_BASE_SCHEDULE )
[1.982s]       |                                   [01;31m[K^~~~~~[m[K
[1.983s] [01m[K/home/robo/ROS2/walk_test/src/control/src/action_editor/cmd_process.cpp:383:18:[m[K [01;31m[Kerror: [m[Kâ€˜[01m[KAction[m[Kâ€™ has not been declared
[1.983s]   383 |  for(int i=0; i<=[01;31m[KAction[m[K::MAXNUM_STEP; i++ )
[1.983s]       |                  [01;31m[K^~~~~~[m[K
[1.983s] [01m[K/home/robo/ROS2/walk_test/src/control/src/action_editor/cmd_process.cpp:387:14:[m[K [01;31m[Kerror: [m[Kâ€˜[01m[KJointData[m[Kâ€™ has not been declared
[1.983s]   387 |  for( int id=[01;31m[KJointData[m[K::ID_R_SHOULDER_PITCH; id<JointData::NUMBER_OF_JOINTS; id++ )
[1.983s]       |              [01;31m[K^~~~~~~~~[m[K
[1.983s] [01m[K/home/robo/ROS2/walk_test/src/control/src/action_editor/cmd_process.cpp:387:49:[m[K [01;31m[Kerror: [m[Kâ€˜[01m[KJointData[m[Kâ€™ has not been declared
[1.983s]   387 |  for( int id=JointData::ID_R_SHOULDER_PITCH; id<[01;31m[KJointData[m[K::NUMBER_OF_JOINTS; id++ )
[1.983s]       |                                                 [01;31m[K^~~~~~~~~[m[K
[1.983s] [01m[K/home/robo/ROS2/walk_test/src/control/src/action_editor/cmd_process.cpp:390:23:[m[K [01;31m[Kerror: [m[Kâ€˜[01m[KPage[m[Kâ€™ was not declared in this scope
[1.984s]   390 |   printf( "%.1d%.1d", [01;31m[KPage[m[K.header.slope[id]>>4, Page.header.slope[id]&0x0f );
[1.984s]       |                       [01;31m[K^~~~[m[K
[1.984s] [01m[K/home/robo/ROS2/walk_test/src/control/src/action_editor/cmd_process.cpp:395:18:[m[K [01;31m[Kerror: [m[Kâ€˜[01m[KPage[m[Kâ€™ was not declared in this scope
[1.984s]   395 |  printf( "%.3d", [01;31m[KPage[m[K.header.repeat );
[1.984s]       |                  [01;31m[K^~~~[m[K
[1.984s] [01m[K/home/robo/ROS2/walk_test/src/control/src/action_editor/cmd_process.cpp:421:43:[m[K [01;31m[Kerror: [m[Kâ€˜[01m[KAction[m[Kâ€™ has not been declared
[1.984s]   421 |  printf( "0x%.5X", (int)(indexPage*sizeof([01;31m[KAction[m[K::PAGE)) );
[1.984s]       |                                           [01;31m[K^~~~~~[m[K
[1.984s] [01m[K/home/robo/ROS2/walk_test/src/control/src/action_editor/cmd_process.cpp:[m[K In function â€˜[01m[Kvoid DrawStep(int)[m[Kâ€™:
[1.984s] [01m[K/home/robo/ROS2/walk_test/src/control/src/action_editor/cmd_process.cpp:432:2:[m[K [01;31m[Kerror: [m[Kâ€˜[01m[KAction[m[Kâ€™ has not been declared
[1.985s]   432 |  [01;31m[KAction[m[K::STEP *step;
[1.985s]       |  [01;31m[K^~~~~~[m[K
[1.985s] [01m[K/home/robo/ROS2/walk_test/src/control/src/action_editor/cmd_process.cpp:432:16:[m[K [01;31m[Kerror: [m[Kâ€˜[01m[Kstep[m[Kâ€™ was not declared in this scope
[1.985s]   432 |  Action::STEP *[01;31m[Kstep[m[K;
[1.985s]       |                [01;31m[K^~~~[m[K
[1.986s] [01m[K/home/robo/ROS2/walk_test/src/control/src/action_editor/cmd_process.cpp:439:11:[m[K [01;31m[Kerror: [m[Kâ€˜[01m[KPage[m[Kâ€™ was not declared in this scope
[1.986s]   439 |   step = &[01;31m[KPage[m[K.step[0];
[1.986s]       |           [01;31m[K^~~~[m[K
[1.987s] [01m[K/home/robo/ROS2/walk_test/src/control/src/action_editor/cmd_process.cpp:474:11:[m[K [01;31m[Kerror: [m[Kâ€˜[01m[KStep[m[Kâ€™ was not declared in this scope
[1.987s]   474 |   step = &[01;31m[KStep[m[K;
[1.987s]       |           [01;31m[K^~~~[m[K
[1.988s] [01m[K/home/robo/ROS2/walk_test/src/control/src/action_editor/cmd_process.cpp:481:14:[m[K [01;31m[Kerror: [m[Kâ€˜[01m[KJointData[m[Kâ€™ has not been declared
[1.988s]   481 |  for( int id=[01;31m[KJointData[m[K::ID_R_SHOULDER_PITCH; id<JointData::NUMBER_OF_JOINTS; id++ )
[1.988s]       |              [01;31m[K^~~~~~~~~[m[K
[1.988s] [01m[K/home/robo/ROS2/walk_test/src/control/src/action_editor/cmd_process.cpp:481:49:[m[K [01;31m[Kerror: [m[Kâ€˜[01m[KJointData[m[Kâ€™ has not been declared
[1.988s]   481 |  for( int id=JointData::ID_R_SHOULDER_PITCH; id<[01;31m[KJointData[m[K::NUMBER_OF_JOINTS; id++ )
[1.988s]       |                                                 [01;31m[K^~~~~~~~~[m[K
[1.988s] [01m[K/home/robo/ROS2/walk_test/src/control/src/action_editor/cmd_process.cpp:484:28:[m[K [01;31m[Kerror: [m[Kâ€˜[01m[KMotionManager[m[Kâ€™ has not been declared
[1.988s]   484 |   if((step->position[id] + [01;31m[KMotionManager[m[K::GetInstance()->m_Offset[id]) & Action::INVALID_BIT_MASK)
[1.988s]       |                            [01;31m[K^~~~~~~~~~~~~[m[K
[1.988s] [01m[K/home/robo/ROS2/walk_test/src/control/src/action_editor/cmd_process.cpp:484:74:[m[K [01;31m[Kerror: [m[Kâ€˜[01m[KAction[m[Kâ€™ has not been declared
[1.989s]   484 |   if((step->position[id] + MotionManager::GetInstance()->m_Offset[id]) & [01;31m[KAction[m[K::INVALID_BIT_MASK)
[1.989s]       |                                                                          [01;31m[K^~~~~~[m[K
[1.989s] [01m[K/home/robo/ROS2/walk_test/src/control/src/action_editor/cmd_process.cpp:486:33:[m[K [01;31m[Kerror: [m[Kâ€˜[01m[KMotionManager[m[Kâ€™ has not been declared
[1.989s]   486 |   else if((step->position[id] + [01;31m[KMotionManager[m[K::GetInstance()->m_Offset[id]) & Action::TORQUE_OFF_BIT_MASK)
[1.989s]       |                                 [01;31m[K^~~~~~~~~~~~~[m[K
[1.989s] [01m[K/home/robo/ROS2/walk_test/src/control/src/action_editor/cmd_process.cpp:486:79:[m[K [01;31m[Kerror: [m[Kâ€˜[01m[KAction[m[Kâ€™ has not been declared
[1.989s]   486 |   else if((step->position[id] + MotionManager::GetInstance()->m_Offset[id]) & [01;31m[KAction[m[K::TORQUE_OFF_BIT_MASK)
[1.989s]       |                                                                               [01;31m[K^~~~~~[m[K
[1.989s] [01m[K/home/robo/ROS2/walk_test/src/control/src/action_editor/cmd_process.cpp:[m[K In function â€˜[01m[Kvoid DrawStepLine(bool)[m[Kâ€™:
[1.989s] [01m[K/home/robo/ROS2/walk_test/src/control/src/action_editor/cmd_process.cpp:509:9:[m[K [01;31m[Kerror: [m[Kâ€˜[01m[KPage[m[Kâ€™ was not declared in this scope
[1.990s]   509 |  switch([01;31m[KPage[m[K.header.stepnum)
[1.990s]       |         [01;31m[K^~~~[m[K
[1.990s] [01m[K/home/robo/ROS2/walk_test/src/control/src/action_editor/cmd_process.cpp:548:14:[m[K [01;31m[Kerror: [m[Kâ€˜[01m[KJointData[m[Kâ€™ has not been declared
[1.990s]   548 |  for( int id=[01;31m[KJointData[m[K::ID_R_SHOULDER_PITCH; id<(JointData::NUMBER_OF_JOINTS + 2); id++ )
[1.990s]       |              [01;31m[K^~~~~~~~~[m[K
[1.990s] [01m[K/home/robo/ROS2/walk_test/src/control/src/action_editor/cmd_process.cpp:548:50:[m[K [01;31m[Kerror: [m[Kâ€˜[01m[KJointData[m[Kâ€™ has not been declared
[1.990s]   548 |  for( int id=JointData::ID_R_SHOULDER_PITCH; id<([01;31m[KJointData[m[K::NUMBER_OF_JOINTS + 2); id++ )
[1.990s]       |                                                  [01;31m[K^~~~~~~~~[m[K
[1.990s] [01m[K/home/robo/ROS2/walk_test/src/control/src/action_editor/cmd_process.cpp:[m[K In function â€˜[01m[Kvoid DrawName()[m[Kâ€™:
[1.990s] [01m[K/home/robo/ROS2/walk_test/src/control/src/action_editor/cmd_process.cpp:569:17:[m[K [01;31m[Kerror: [m[Kâ€˜[01m[KAction[m[Kâ€™ has not been declared
[1.990s]   569 |  for(int i=0; i<[01;31m[KAction[m[K::MAXNUM_NAME; i++)
[1.991s]       |                 [01;31m[K^~~~~~[m[K
[1.991s] [01m[K/home/robo/ROS2/walk_test/src/control/src/action_editor/cmd_process.cpp:570:22:[m[K [01;31m[Kerror: [m[Kâ€˜[01m[KPage[m[Kâ€™ was not declared in this scope
[1.991s]   570 |   printf("%c", (char)[01;31m[KPage[m[K.header.name[i]);
[1.991s]       |                      [01;31m[K^~~~[m[K
[1.991s] [01m[K/home/robo/ROS2/walk_test/src/control/src/action_editor/cmd_process.cpp:[m[K In function â€˜[01m[Kint GetValue()[m[Kâ€™:
[1.991s] [01m[K/home/robo/ROS2/walk_test/src/control/src/action_editor/cmd_process.cpp:617:11:[m[K [01;31m[Kerror: [m[Kâ€˜[01m[KStep[m[Kâ€™ was not declared in this scope
[1.991s]   617 |    return [01;31m[KStep[m[K.pause;
[1.992s]       |           [01;31m[K^~~~[m[K
[1.992s] [01m[K/home/robo/ROS2/walk_test/src/control/src/action_editor/cmd_process.cpp:619:11:[m[K [01;31m[Kerror: [m[Kâ€˜[01m[KStep[m[Kâ€™ was not declared in this scope
[1.992s]   619 |    return [01;31m[KStep[m[K.time;
[1.992s]       |           [01;31m[K^~~~[m[K
[1.993s] [01m[K/home/robo/ROS2/walk_test/src/control/src/action_editor/cmd_process.cpp:621:11:[m[K [01;31m[Kerror: [m[Kâ€˜[01m[KStep[m[Kâ€™ was not declared in this scope
[1.993s]   621 |    return [01;31m[KStep[m[K.position[row + 1];
[1.993s]       |           [01;31m[K^~~~[m[K
[1.994s] [01m[K/home/robo/ROS2/walk_test/src/control/src/action_editor/cmd_process.cpp:658:11:[m[K [01;31m[Kerror: [m[Kâ€˜[01m[KPage[m[Kâ€™ was not declared in this scope
[1.994s]   658 |    return [01;31m[KPage[m[K.step[i].pause;
[1.994s]       |           [01;31m[K^~~~[m[K
[1.995s] [01m[K/home/robo/ROS2/walk_test/src/control/src/action_editor/cmd_process.cpp:660:11:[m[K [01;31m[Kerror: [m[Kâ€˜[01m[KPage[m[Kâ€™ was not declared in this scope
[1.995s]   660 |    return [01;31m[KPage[m[K.step[i].time;
[1.995s]       |           [01;31m[K^~~~[m[K
[1.996s] [01m[K/home/robo/ROS2/walk_test/src/control/src/action_editor/cmd_process.cpp:662:11:[m[K [01;31m[Kerror: [m[Kâ€˜[01m[KPage[m[Kâ€™ was not declared in this scope
[1.996s]   662 |    return [01;31m[KPage[m[K.step[i].position[row + 1];
[1.996s]       |           [01;31m[K^~~~[m[K
[1.997s] [01m[K/home/robo/ROS2/walk_test/src/control/src/action_editor/cmd_process.cpp:665:11:[m[K [01;31m[Kerror: [m[Kâ€˜[01m[KPage[m[Kâ€™ was not declared in this scope
[1.997s]   665 |   return ([01;31m[KPage[m[K.header.slope[row + 1] >> 4);
[1.997s]       |           [01;31m[K^~~~[m[K
[1.998s] [01m[K/home/robo/ROS2/walk_test/src/control/src/action_editor/cmd_process.cpp:667:11:[m[K [01;31m[Kerror: [m[Kâ€˜[01m[KPage[m[Kâ€™ was not declared in this scope
[1.998s]   667 |   return ([01;31m[KPage[m[K.header.slope[row + 1] & 0x0f);
[1.998s]       |           [01;31m[K^~~~[m[K
[1.999s] [01m[K/home/robo/ROS2/walk_test/src/control/src/action_editor/cmd_process.cpp:671:11:[m[K [01;31m[Kerror: [m[Kâ€˜[01m[KPage[m[Kâ€™ was not declared in this scope
[1.999s]   671 |    return [01;31m[KPage[m[K.header.repeat;
[1.999s]       |           [01;31m[K^~~~[m[K
[2.000s] [01m[K/home/robo/ROS2/walk_test/src/control/src/action_editor/cmd_process.cpp:673:11:[m[K [01;31m[Kerror: [m[Kâ€˜[01m[KPage[m[Kâ€™ was not declared in this scope
[2.000s]   673 |    return [01;31m[KPage[m[K.header.stepnum;
[2.000s]       |           [01;31m[K^~~~[m[K
[2.001s] [01m[K/home/robo/ROS2/walk_test/src/control/src/action_editor/cmd_process.cpp:675:11:[m[K [01;31m[Kerror: [m[Kâ€˜[01m[KPage[m[Kâ€™ was not declared in this scope
[2.001s]   675 |    return [01;31m[KPage[m[K.header.speed;
[2.001s]       |           [01;31m[K^~~~[m[K
[2.004s] [01m[K/home/robo/ROS2/walk_test/src/control/src/action_editor/cmd_process.cpp:677:11:[m[K [01;31m[Kerror: [m[Kâ€˜[01m[KPage[m[Kâ€™ was not declared in this scope
[2.004s]   677 |    return [01;31m[KPage[m[K.header.accel;
[2.004s]       |           [01;31m[K^~~~[m[K
[2.005s] [01m[K/home/robo/ROS2/walk_test/src/control/src/action_editor/cmd_process.cpp:679:11:[m[K [01;31m[Kerror: [m[Kâ€˜[01m[KPage[m[Kâ€™ was not declared in this scope
[2.005s]   679 |    return [01;31m[KPage[m[K.header.next;
[2.005s]       |           [01;31m[K^~~~[m[K
[2.006s] [01m[K/home/robo/ROS2/walk_test/src/control/src/action_editor/cmd_process.cpp:681:11:[m[K [01;31m[Kerror: [m[Kâ€˜[01m[KPage[m[Kâ€™ was not declared in this scope
[2.006s]   681 |    return [01;31m[KPage[m[K.header.exit;
[2.006s]       |           [01;31m[K^~~~[m[K
[2.006s] [01m[K/home/robo/ROS2/walk_test/src/control/src/action_editor/cmd_process.cpp:[m[K In function â€˜[01m[Kvoid SetValue(uint32_t)[m[Kâ€™:
[2.006s] [01m[K/home/robo/ROS2/walk_test/src/control/src/action_editor/cmd_process.cpp:710:13:[m[K [01;35m[Kwarning: [m[Kcomparison of unsigned expression >= 0 is always true [[01;35m[K-Wtype-limits[m[K]
[2.006s]   710 |    if([01;35m[Kvalue >= 0[m[K && value <= 255)
[2.006s]       |       [01;35m[K~~~~~~^~~~[m[K
[2.007s] [01m[K/home/robo/ROS2/walk_test/src/control/src/action_editor/cmd_process.cpp:712:5:[m[K [01;31m[Kerror: [m[Kâ€˜[01m[KStep[m[Kâ€™ was not declared in this scope
[2.007s]   712 |     [01;31m[KStep[m[K.pause = value;
[2.007s]       |     [01;31m[K^~~~[m[K
[2.007s] [01m[K/home/robo/ROS2/walk_test/src/control/src/action_editor/cmd_process.cpp:719:13:[m[K [01;35m[Kwarning: [m[Kcomparison of unsigned expression >= 0 is always true [[01;35m[K-Wtype-limits[m[K]
[2.007s]   719 |    if([01;35m[Kvalue >= 0[m[K && value <= 255)
[2.007s]       |       [01;35m[K~~~~~~^~~~[m[K
[2.008s] [01m[K/home/robo/ROS2/walk_test/src/control/src/action_editor/cmd_process.cpp:721:5:[m[K [01;31m[Kerror: [m[Kâ€˜[01m[KStep[m[Kâ€™ was not declared in this scope
[2.008s]   721 |     [01;31m[KStep[m[K.time = value;
[2.008s]       |     [01;31m[K^~~~[m[K
[2.008s] [01m[K/home/robo/ROS2/walk_test/src/control/src/action_editor/cmd_process.cpp:728:16:[m[K [01;31m[Kerror: [m[Kâ€˜[01m[KMotionManager[m[Kâ€™ has not been declared
[2.008s]   728 |    if(value  + [01;31m[KMotionManager[m[K::GetInstance()->m_Offset[row + 1] >= 0 && value  + MotionManager::GetInstance()->m_Offset[row + 1] <= MX28::MAX_VALUE)
[2.008s]       |                [01;31m[K^~~~~~~~~~~~~[m[K
[2.008s] [01m[K/home/robo/ROS2/walk_test/src/control/src/action_editor/cmd_process.cpp:728:81:[m[K [01;31m[Kerror: [m[Kâ€˜[01m[KMotionManager[m[Kâ€™ has not been declared
[2.008s]   728 |    if(value  + MotionManager::GetInstance()->m_Offset[row + 1] >= 0 && value  + [01;31m[KMotionManager[m[K::GetInstance()->m_Offset[row + 1] <= MX28::MAX_VALUE)
[2.009s]       |                                                                                 [01;31m[K^~~~~~~~~~~~~[m[K
[2.009s] [01m[K/home/robo/ROS2/walk_test/src/control/src/action_editor/cmd_process.cpp:728:132:[m[K [01;31m[Kerror: [m[Kâ€˜[01m[KMX28[m[Kâ€™ has not been declared
[2.009s]   728 |    if(value  + MotionManager::GetInstance()->m_Offset[row + 1] >= 0 && value  + MotionManager::GetInstance()->m_Offset[row + 1] <= [01;31m[KMX28[m[K::MAX_VALUE)
[2.009s]       |                                                                                                                                    [01;31m[K^~~~[m[K
[2.009s] [01m[K/home/robo/ROS2/walk_test/src/control/src/action_editor/cmd_process.cpp:730:11:[m[K [01;31m[Kerror: [m[Kâ€˜[01m[KStep[m[Kâ€™ was not declared in this scope
[2.009s]   730 |     if(!(([01;31m[KStep[m[K.position[row + 1] + MotionManager::GetInstance()->m_Offset[row + 1]) & Action::INVALID_BIT_MASK) && !((Step.position[row + 1] + MotionManager::GetInstance()->m_Offset[row + 1])  & Action::TORQUE_OFF_BIT_MASK))
[2.009s]       |           [01;31m[K^~~~[m[K
[2.009s] [01m[K/home/robo/ROS2/walk_test/src/control/src/action_editor/cmd_process.cpp:730:36:[m[K [01;31m[Kerror: [m[Kâ€˜[01m[KMotionManager[m[Kâ€™ has not been declared
[2.010s]   730 |     if(!((Step.position[row + 1] + [01;31m[KMotionManager[m[K::GetInstance()->m_Offset[row + 1]) & Action::INVALID_BIT_MASK) && !((Step.position[row + 1] + MotionManager::GetInstance()->m_Offset[row + 1])  & Action::TORQUE_OFF_BIT_MASK))
[2.010s]       |                                    [01;31m[K^~~~~~~~~~~~~[m[K
[2.010s] [01m[K/home/robo/ROS2/walk_test/src/control/src/action_editor/cmd_process.cpp:730:87:[m[K [01;31m[Kerror: [m[Kâ€˜[01m[KAction[m[Kâ€™ has not been declared
[2.010s]   730 |     if(!((Step.position[row + 1] + MotionManager::GetInstance()->m_Offset[row + 1]) & [01;31m[KAction[m[K::INVALID_BIT_MASK) && !((Step.position[row + 1] + MotionManager::GetInstance()->m_Offset[row + 1])  & Action::TORQUE_OFF_BIT_MASK))
[2.010s]       |                                                                                       [01;31m[K^~~~~~[m[K
[2.010s] [01m[K/home/robo/ROS2/walk_test/src/control/src/action_editor/cmd_process.cpp:730:144:[m[K [01;31m[Kerror: [m[Kâ€˜[01m[KMotionManager[m[Kâ€™ has not been declared
[2.010s]   730 |     if(!((Step.position[row + 1] + MotionManager::GetInstance()->m_Offset[row + 1]) & Action::INVALID_BIT_MASK) && !((Step.position[row + 1] + [01;31m[KMotionManager[m[K::GetInstance()->m_Offset[row + 1])  & Action::TORQUE_OFF_BIT_MASK))
[2.010s]       |                                                                                                                                                [01;31m[K^~~~~~~~~~~~~[m[K
[2.010s] [01m[K/home/robo/ROS2/walk_test/src/control/src/action_editor/cmd_process.cpp:730:196:[m[K [01;31m[Kerror: [m[Kâ€˜[01m[KAction[m[Kâ€™ has not been declared
[2.010s]   730 |     if(!((Step.position[row + 1] + MotionManager::GetInstance()->m_Offset[row + 1]) & Action::INVALID_BIT_MASK) && !((Step.position[row + 1] + MotionManager::GetInstance()->m_Offset[row + 1])  & [01;31m[KAction[m[K::TORQUE_OFF_BIT_MASK))
[2.010s]       |                                                                                                                                                                                                    [01;31m[K^~~~~~[m[K
[2.011s] [01m[K/home/robo/ROS2/walk_test/src/control/src/action_editor/cmd_process.cpp:736:46:[m[K [01;31m[Kerror: [m[Kâ€˜[01m[KMX28[m[Kâ€™ has not been declared
[2.011s]   736 |                     message_single.address = [01;31m[KMX28[m[K::P_GOAL_POSITION;
[2.011s]       |                                              [01;31m[K^~~~[m[K
[2.011s] [01m[K/home/robo/ROS2/walk_test/src/control/src/action_editor/cmd_process.cpp:737:56:[m[K [01;31m[Kerror: [m[Kâ€˜[01m[KMotionManager[m[Kâ€™ has not been declared
[2.011s]   737 |                     message_single.position = value  + [01;31m[KMotionManager[m[K::GetInstance()->m_Offset[row + 1];
[2.011s]       |                                                        [01;31m[K^~~~~~~~~~~~~[m[K
[2.014s] [01m[K/home/robo/ROS2/walk_test/src/control/src/action_editor/cmd_process.cpp:732:10:[m[K [01;35m[Kwarning: [m[Kunused variable â€˜[01m[Kerror[m[Kâ€™ [[01;35m[K-Wunused-variable[m[K]
[2.014s]   732 |      int [01;35m[Kerror[m[K;
[2.014s]       |          [01;35m[K^~~~~[m[K
[2.015s] [01m[K/home/robo/ROS2/walk_test/src/control/src/action_editor/cmd_process.cpp:796:13:[m[K [01;35m[Kwarning: [m[Kcomparison of unsigned expression >= 0 is always true [[01;35m[K-Wtype-limits[m[K]
[2.015s]   796 |    if([01;35m[Kvalue >= 0[m[K && value <= 255)
[2.015s]       |       [01;35m[K~~~~~~^~~~[m[K
[2.016s] [01m[K/home/robo/ROS2/walk_test/src/control/src/action_editor/cmd_process.cpp:798:5:[m[K [01;31m[Kerror: [m[Kâ€˜[01m[KPage[m[Kâ€™ was not declared in this scope
[2.016s]   798 |     [01;31m[KPage[m[K.step[i].pause = value;
[2.016s]       |     [01;31m[K^~~~[m[K
[2.016s] [01m[K/home/robo/ROS2/walk_test/src/control/src/action_editor/cmd_process.cpp:805:13:[m[K [01;35m[Kwarning: [m[Kcomparison of unsigned expression >= 0 is always true [[01;35m[K-Wtype-limits[m[K]
[2.016s]   805 |    if([01;35m[Kvalue >= 0[m[K && value <= 255)
[2.016s]       |       [01;35m[K~~~~~~^~~~[m[K
[2.017s] [01m[K/home/robo/ROS2/walk_test/src/control/src/action_editor/cmd_process.cpp:807:5:[m[K [01;31m[Kerror: [m[Kâ€˜[01m[KPage[m[Kâ€™ was not declared in this scope
[2.017s]   807 |     [01;31m[KPage[m[K.step[i].time = value;
[2.017s]       |     [01;31m[K^~~~[m[K
[2.017s] [01m[K/home/robo/ROS2/walk_test/src/control/src/action_editor/cmd_process.cpp:814:16:[m[K [01;31m[Kerror: [m[Kâ€˜[01m[KMotionManager[m[Kâ€™ has not been declared
[2.017s]   814 |    if(value  + [01;31m[KMotionManager[m[K::GetInstance()->m_Offset[row + 1] >= 0 && value  + MotionManager::GetInstance()->m_Offset[row + 1] <= MX28::MAX_VALUE) //Aumentando o valor da entrada
[2.017s]       |                [01;31m[K^~~~~~~~~~~~~[m[K
[2.017s] [01m[K/home/robo/ROS2/walk_test/src/control/src/action_editor/cmd_process.cpp:814:81:[m[K [01;31m[Kerror: [m[Kâ€˜[01m[KMotionManager[m[Kâ€™ has not been declared
[2.017s]   814 |    if(value  + MotionManager::GetInstance()->m_Offset[row + 1] >= 0 && value  + [01;31m[KMotionManager[m[K::GetInstance()->m_Offset[row + 1] <= MX28::MAX_VALUE) //Aumentando o valor da entrada
[2.018s]       |                                                                                 [01;31m[K^~~~~~~~~~~~~[m[K
[2.018s] [01m[K/home/robo/ROS2/walk_test/src/control/src/action_editor/cmd_process.cpp:814:132:[m[K [01;31m[Kerror: [m[Kâ€˜[01m[KMX28[m[Kâ€™ has not been declared
[2.018s]   814 |    if(value  + MotionManager::GetInstance()->m_Offset[row + 1] >= 0 && value  + MotionManager::GetInstance()->m_Offset[row + 1] <= [01;31m[KMX28[m[K::MAX_VALUE) //Aumentando o valor da entrada
[2.018s]       |                                                                                                                                    [01;31m[K^~~~[m[K
[2.018s] In file included from [01m[K/home/robo/ROS2/walk_test/src/control/src/motion/MotionManager.cpp:25[m[K:
[2.018s] [01m[K/home/robo/ROS2/walk_test/src/control/include/MotionManager.h:[m[K In constructor â€˜[01m[KRobot::MotionManager::MotionManager(const rclcpp::NodeOptions&)[m[Kâ€™:
[2.018s] [01m[K/home/robo/ROS2/walk_test/src/control/include/MotionManager.h:86:8:[m[K [01;35m[Kwarning: [m[Kâ€˜[01m[KRobot::MotionManager::DEBUG_PRINT[m[Kâ€™ will be initialized after [[01;35m[K-Wreorder[m[K]
[2.018s]    86 |   bool [01;35m[KDEBUG_PRINT[m[K;
[2.018s]       |        [01;35m[K^~~~~~~~~~~[m[K
[2.018s] [01m[K/home/robo/ROS2/walk_test/src/control/src/motion/MotionManager.cpp:68:41:[m[K [01;35m[Kwarning: [m[K  base â€˜[01m[Krclcpp::Node[m[Kâ€™ [[01;35m[K-Wreorder[m[K]
[2.019s]    68 |   rclcpp::Node("gait_publisher", options[01;35m[K)[m[K
[2.019s]       |                                         [01;35m[K^[m[K
[2.019s] [01m[K/home/robo/ROS2/walk_test/src/control/src/motion/MotionManager.cpp:60:1:[m[K [01;35m[Kwarning: [m[K  when initialized here [[01;35m[K-Wreorder[m[K]
[2.019s]    60 | [01;35m[KMotionManager[m[K::MotionManager(const rclcpp::NodeOptions & options) :
[2.019s]       | [01;35m[K^~~~~~~~~~~~~[m[K
[2.019s] [01m[K/home/robo/ROS2/walk_test/src/control/src/action_editor/cmd_process.cpp:816:11:[m[K [01;31m[Kerror: [m[Kâ€˜[01m[KPage[m[Kâ€™ was not declared in this scope
[2.019s]   816 |     if(!(([01;31m[KPage[m[K.step[i].position[row + 1] + MotionManager::GetInstance()->m_Offset[row + 1]) & Action::INVALID_BIT_MASK))
[2.019s]       |           [01;31m[K^~~~[m[K
[2.019s] [01m[K/home/robo/ROS2/walk_test/src/control/src/action_editor/cmd_process.cpp:816:44:[m[K [01;31m[Kerror: [m[Kâ€˜[01m[KMotionManager[m[Kâ€™ has not been declared
[2.019s]   816 |     if(!((Page.step[i].position[row + 1] + [01;31m[KMotionManager[m[K::GetInstance()->m_Offset[row + 1]) & Action::INVALID_BIT_MASK))
[2.019s]       |                                            [01;31m[K^~~~~~~~~~~~~[m[K
[2.020s] [01m[K/home/robo/ROS2/walk_test/src/control/src/action_editor/cmd_process.cpp:816:95:[m[K [01;31m[Kerror: [m[Kâ€˜[01m[KAction[m[Kâ€™ has not been declared
[2.020s]   816 |     if(!((Page.step[i].position[row + 1] + MotionManager::GetInstance()->m_Offset[row + 1]) & [01;31m[KAction[m[K::INVALID_BIT_MASK))
[2.020s]       |                                                                                               [01;31m[K^~~~~~[m[K
[2.020s] [01m[K/home/robo/ROS2/walk_test/src/control/src/action_editor/cmd_process.cpp:832:4:[m[K [01;31m[Kerror: [m[Kâ€˜[01m[KPage[m[Kâ€™ was not declared in this scope
[2.020s]   832 |    [01;31m[KPage[m[K.header.slope[row + 1] = (value << 4) + (Page.header.slope[row + 1] & 0x0f);
[2.020s]       |    [01;31m[K^~~~[m[K
[2.020s] [01m[K/home/robo/ROS2/walk_test/src/control/src/action_editor/cmd_process.cpp:841:4:[m[K [01;31m[Kerror: [m[Kâ€˜[01m[KPage[m[Kâ€™ was not declared in this scope
[2.020s]   841 |    [01;31m[KPage[m[K.header.slope[row + 1] = (Page.header.slope[row + 1] & 0xf0) + (value & 0x0f);
[2.020s]       |    [01;31m[K^~~~[m[K
[2.020s] [01m[K/home/robo/ROS2/walk_test/src/control/src/action_editor/cmd_process.cpp:850:13:[m[K [01;35m[Kwarning: [m[Kcomparison of unsigned expression >= 0 is always true [[01;35m[K-Wtype-limits[m[K]
[2.021s]   850 |    if([01;35m[Kvalue >= 0[m[K && value <= 255)
[2.021s]       |       [01;35m[K~~~~~~^~~~[m[K
[2.021s] [01m[K/home/robo/ROS2/walk_test/src/control/src/action_editor/cmd_process.cpp:852:5:[m[K [01;31m[Kerror: [m[Kâ€˜[01m[KPage[m[Kâ€™ was not declared in this scope
[2.021s]   852 |     [01;31m[KPage[m[K.header.repeat = value;
[2.021s]       |     [01;31m[K^~~~[m[K
[2.022s] [01m[K/home/robo/ROS2/walk_test/src/control/src/action_editor/cmd_process.cpp:859:13:[m[K [01;35m[Kwarning: [m[Kcomparison of unsigned expression >= 0 is always true [[01;35m[K-Wtype-limits[m[K]
[2.022s]   859 |    if([01;35m[Kvalue >= 0[m[K && value <= Action::MAXNUM_STEP)
[2.022s]       |       [01;35m[K~~~~~~^~~~[m[K
[2.022s] [01m[K/home/robo/ROS2/walk_test/src/control/src/action_editor/cmd_process.cpp:859:30:[m[K [01;31m[Kerror: [m[Kâ€˜[01m[KAction[m[Kâ€™ has not been declared
[2.022s]   859 |    if(value >= 0 && value <= [01;31m[KAction[m[K::MAXNUM_STEP)
[2.022s]       |                              [01;31m[K^~~~~~[m[K
[2.022s] [01m[K/home/robo/ROS2/walk_test/src/control/src/action_editor/cmd_process.cpp:862:8:[m[K [01;31m[Kerror: [m[Kâ€˜[01m[KPage[m[Kâ€™ was not declared in this scope
[2.023s]   862 |     if([01;31m[KPage[m[K.header.stepnum != value)
[2.023s]       |        [01;31m[K^~~~[m[K
[2.023s] [01m[K/home/robo/ROS2/walk_test/src/control/src/action_editor/cmd_process.cpp:875:13:[m[K [01;35m[Kwarning: [m[Kcomparison of unsigned expression >= 0 is always true [[01;35m[K-Wtype-limits[m[K]
[2.023s]   875 |    if([01;35m[Kvalue >= 0[m[K && value <= 255)
[2.023s]       |       [01;35m[K~~~~~~^~~~[m[K
[2.024s] [01m[K/home/robo/ROS2/walk_test/src/control/src/action_editor/cmd_process.cpp:877:5:[m[K [01;31m[Kerror: [m[Kâ€˜[01m[KPage[m[Kâ€™ was not declared in this scope
[2.024s]   877 |     [01;31m[KPage[m[K.header.speed = value;
[2.024s]       |     [01;31m[K^~~~[m[K
[2.024s] [01m[K/home/robo/ROS2/walk_test/src/control/src/action_editor/cmd_process.cpp:884:13:[m[K [01;35m[Kwarning: [m[Kcomparison of unsigned expression >= 0 is always true [[01;35m[K-Wtype-limits[m[K]
[2.024s]   884 |    if([01;35m[Kvalue >= 0[m[K && value <= 255)
[2.024s]       |       [01;35m[K~~~~~~^~~~[m[K
[2.025s] [01m[K/home/robo/ROS2/walk_test/src/control/src/action_editor/cmd_process.cpp:886:5:[m[K [01;31m[Kerror: [m[Kâ€˜[01m[KPage[m[Kâ€™ was not declared in this scope
[2.025s]   886 |     [01;31m[KPage[m[K.header.accel = value;
[2.025s]       |     [01;31m[K^~~~[m[K
[2.025s] [01m[K/home/robo/ROS2/walk_test/src/control/src/action_editor/cmd_process.cpp:893:13:[m[K [01;35m[Kwarning: [m[Kcomparison of unsigned expression >= 0 is always true [[01;35m[K-Wtype-limits[m[K]
[2.025s]   893 |    if([01;35m[Kvalue >= 0[m[K && value <= 255)
[2.025s]       |       [01;35m[K~~~~~~^~~~[m[K
[2.026s] [01m[K/home/robo/ROS2/walk_test/src/control/src/action_editor/cmd_process.cpp:895:5:[m[K [01;31m[Kerror: [m[Kâ€˜[01m[KPage[m[Kâ€™ was not declared in this scope
[2.026s]   895 |     [01;31m[KPage[m[K.header.next = value;
[2.026s]       |     [01;31m[K^~~~[m[K
[2.026s] [01m[K/home/robo/ROS2/walk_test/src/control/src/action_editor/cmd_process.cpp:902:13:[m[K [01;35m[Kwarning: [m[Kcomparison of unsigned expression >= 0 is always true [[01;35m[K-Wtype-limits[m[K]
[2.026s]   902 |    if([01;35m[Kvalue >= 0[m[K && value <= 255)
[2.026s]       |       [01;35m[K~~~~~~^~~~[m[K
[2.027s] [01m[K/home/robo/ROS2/walk_test/src/control/src/action_editor/cmd_process.cpp:904:5:[m[K [01;31m[Kerror: [m[Kâ€˜[01m[KPage[m[Kâ€™ was not declared in this scope
[2.027s]   904 |     [01;31m[KPage[m[K.header.exit = value;
[2.027s]       |     [01;31m[K^~~~[m[K
[2.028s] [01m[K/home/robo/ROS2/walk_test/src/control/src/action_editor/cmd_process.cpp:[m[K In function â€˜[01m[Kvoid ToggleTorque()[m[Kâ€™:
[2.028s] [01m[K/home/robo/ROS2/walk_test/src/control/src/action_editor/cmd_process.cpp:921:6:[m[K [01;31m[Kerror: [m[Kâ€˜[01m[KStep[m[Kâ€™ was not declared in this scope
[2.028s]   921 |  if(([01;31m[KStep[m[K.position[id] + MotionManager::GetInstance()->m_Offset[id]) & Action::TORQUE_OFF_BIT_MASK)
[2.028s]       |      [01;31m[K^~~~[m[K
[2.028s] [01m[K/home/robo/ROS2/walk_test/src/control/src/action_editor/cmd_process.cpp:921:26:[m[K [01;31m[Kerror: [m[Kâ€˜[01m[KMotionManager[m[Kâ€™ has not been declared
[2.029s]   921 |  if((Step.position[id] + [01;31m[KMotionManager[m[K::GetInstance()->m_Offset[id]) & Action::TORQUE_OFF_BIT_MASK)
[2.029s]       |                          [01;31m[K^~~~~~~~~~~~~[m[K
[2.029s] [01m[K/home/robo/ROS2/walk_test/src/control/src/action_editor/cmd_process.cpp:921:72:[m[K [01;31m[Kerror: [m[Kâ€˜[01m[KAction[m[Kâ€™ has not been declared
[2.029s]   921 |  if((Step.position[id] + MotionManager::GetInstance()->m_Offset[id]) & [01;31m[KAction[m[K::TORQUE_OFF_BIT_MASK)
[2.029s]       |                                                                        [01;31m[K^~~~~~[m[K
[2.029s] [01m[K/home/robo/ROS2/walk_test/src/control/src/action_editor/cmd_process.cpp:941:23:[m[K [01;31m[Kerror: [m[Kâ€˜[01m[KAction[m[Kâ€™ has not been declared
[2.029s]   941 |   Step.position[id] = [01;31m[KAction[m[K::TORQUE_OFF_BIT_MASK;
[2.029s]       |                       [01;31m[K^~~~~~[m[K
[2.029s] [01m[K/home/robo/ROS2/walk_test/src/control/src/action_editor/cmd_process.cpp:[m[K In function â€˜[01m[Kvoid PageCmd(int)[m[Kâ€™:
[2.029s] [01m[K/home/robo/ROS2/walk_test/src/control/src/action_editor/cmd_process.cpp:1020:26:[m[K [01;31m[Kerror: [m[Kâ€˜[01m[KAction[m[Kâ€™ has not been declared
[2.030s]  1020 |  if(index > 0 && index < [01;31m[KAction[m[K::MAXNUM_PAGE)
[2.030s]       |                          [01;31m[K^~~~~~[m[K
[2.030s] [01m[K/home/robo/ROS2/walk_test/src/control/src/action_editor/cmd_process.cpp:1023:3:[m[K [01;31m[Kerror: [m[Kâ€˜[01m[KAction[m[Kâ€™ has not been declared
[2.030s]  1023 |   [01;31m[KAction[m[K::GetInstance()->LoadPage(indexPage, &Page);
[2.030s]       |   [01;31m[K^~~~~~[m[K
[2.030s] [01m[K/home/robo/ROS2/walk_test/src/control/src/action_editor/cmd_process.cpp:1023:47:[m[K [01;31m[Kerror: [m[Kâ€˜[01m[KPage[m[Kâ€™ was not declared in this scope
[2.030s]  1023 |   Action::GetInstance()->LoadPage(indexPage, &[01;31m[KPage[m[K);
[2.030s]       |                                               [01;31m[K^~~~[m[K
[2.031s] [01m[K/home/robo/ROS2/walk_test/src/control/src/action_editor/cmd_process.cpp:[m[K In function â€˜[01m[Kvoid TimeCmd()[m[Kâ€™:
[2.031s] [01m[K/home/robo/ROS2/walk_test/src/control/src/action_editor/cmd_process.cpp:1037:2:[m[K [01;31m[Kerror: [m[Kâ€˜[01m[KPage[m[Kâ€™ was not declared in this scope
[2.031s]  1037 |  [01;31m[KPage[m[K.header.schedule = Action::TIME_BASE_SCHEDULE;
[2.031s]       |  [01;31m[K^~~~[m[K
[2.031s] [01m[K/home/robo/ROS2/walk_test/src/control/src/action_editor/cmd_process.cpp:1037:25:[m[K [01;31m[Kerror: [m[Kâ€˜[01m[KAction[m[Kâ€™ has not been declared
[2.031s]  1037 |  Page.header.schedule = [01;31m[KAction[m[K::TIME_BASE_SCHEDULE;
[2.032s]       |                         [01;31m[K^~~~~~[m[K
[2.032s] [01m[K/home/robo/ROS2/walk_test/src/control/src/action_editor/cmd_process.cpp:[m[K In function â€˜[01m[Kvoid SpeedCmd()[m[Kâ€™:
[2.032s] [01m[K/home/robo/ROS2/walk_test/src/control/src/action_editor/cmd_process.cpp:1044:2:[m[K [01;31m[Kerror: [m[Kâ€˜[01m[KPage[m[Kâ€™ was not declared in this scope
[2.032s]  1044 |  [01;31m[KPage[m[K.header.schedule = Action::SPEED_BASE_SCHEDULE;
[2.032s]       |  [01;31m[K^~~~[m[K
[2.032s] [01m[K/home/robo/ROS2/walk_test/src/control/src/action_editor/cmd_process.cpp:1044:25:[m[K [01;31m[Kerror: [m[Kâ€˜[01m[KAction[m[Kâ€™ has not been declared
[2.033s]  1044 |  Page.header.schedule = [01;31m[KAction[m[K::SPEED_BASE_SCHEDULE;
[2.033s]       |                         [01;31m[K^~~~~~[m[K
[2.033s] [01m[K/home/robo/ROS2/walk_test/src/control/src/action_editor/cmd_process.cpp:[m[K In function â€˜[01m[Kvoid ListCmd()[m[Kâ€™:
[2.033s] [01m[K/home/robo/ROS2/walk_test/src/control/src/action_editor/cmd_process.cpp:1126:5:[m[K [01;31m[Kerror: [m[Kâ€˜[01m[KAction[m[Kâ€™ has not been declared
[2.033s]  1126 |     [01;31m[KAction[m[K::PAGE page;
[2.033s]       |     [01;31m[K^~~~~~[m[K
[2.033s] [01m[K/home/robo/ROS2/walk_test/src/control/src/action_editor/cmd_process.cpp:1127:8:[m[K [01;31m[Kerror: [m[Kâ€˜[01m[KAction[m[Kâ€™ has not been declared
[2.033s]  1127 |     if([01;31m[KAction[m[K::GetInstance()->LoadPage(k, &page) == true)
[2.033s]       |        [01;31m[K^~~~~~[m[K
[2.034s] [01m[K/home/robo/ROS2/walk_test/src/control/src/action_editor/cmd_process.cpp:1127:44:[m[K [01;31m[Kerror: [m[Kâ€˜[01m[Kpage[m[Kâ€™ was not declared in this scope
[2.034s]  1127 |     if(Action::GetInstance()->LoadPage(k, &[01;31m[Kpage[m[K) == true)
[2.034s]       |                                            [01;31m[K^~~~[m[K
[2.034s] [01m[K/home/robo/ROS2/walk_test/src/control/src/action_editor/cmd_process.cpp:1130:21:[m[K [01;31m[Kerror: [m[Kâ€˜[01m[KAction[m[Kâ€™ has not been declared
[2.034s]  1130 |      for(int n=0; n<[01;31m[KAction[m[K::MAXNUM_NAME; n++)
[2.034s]       |                     [01;31m[K^~~~~~[m[K
[2.034s] [01m[K/home/robo/ROS2/walk_test/src/control/src/action_editor/cmd_process.cpp:[m[K In function â€˜[01m[Kvoid OnOffCmd(bool, int, int*)[m[Kâ€™:
[2.034s] [01m[K/home/robo/ROS2/walk_test/src/control/src/action_editor/cmd_process.cpp:1177:20:[m[K [01;35m[Kwarning: [m[Kunused parameter â€˜[01m[Kon[m[Kâ€™ [[01;35m[K-Wunused-parameter[m[K]
[2.034s]  1177 | void OnOffCmd([01;35m[Kbool on[m[K, int num_param, int *list)
[2.034s]       |               [01;35m[K~~~~~^~[m[K
[2.035s] [01m[K/home/robo/ROS2/walk_test/src/control/src/action_editor/cmd_process.cpp:1177:28:[m[K [01;35m[Kwarning: [m[Kunused parameter â€˜[01m[Knum_param[m[Kâ€™ [[01;35m[K-Wunused-parameter[m[K]
[2.035s]  1177 | void OnOffCmd(bool on, [01;35m[Kint num_param[m[K, int *list)
[2.035s]       |                        [01;35m[K~~~~^~~~~~~~~[m[K
[2.035s] [01m[K/home/robo/ROS2/walk_test/src/control/src/action_editor/cmd_process.cpp:1177:44:[m[K [01;35m[Kwarning: [m[Kunused parameter â€˜[01m[Klist[m[Kâ€™ [[01;35m[K-Wunused-parameter[m[K]
[2.035s]  1177 | void OnOffCmd(bool on, int num_param, [01;35m[Kint *list[m[K)
[2.035s]       |                                       [01;35m[K~~~~~^~~~[m[K
[2.035s] [01m[K/home/robo/ROS2/walk_test/src/control/src/action_editor/cmd_process.cpp:[m[K In function â€˜[01m[Kvoid WriteStepCmd(int)[m[Kâ€™:
[2.035s] [01m[K/home/robo/ROS2/walk_test/src/control/src/action_editor/cmd_process.cpp:1201:13:[m[K [01;31m[Kerror: [m[Kâ€˜[01m[KJointData[m[Kâ€™ has not been declared
[2.035s]  1201 |  for(int id=[01;31m[KJointData[m[K::ID_R_SHOULDER_PITCH; id<JointData::NUMBER_OF_JOINTS; id++)
[2.035s]       |             [01;31m[K^~~~~~~~~[m[K
[2.036s] [01m[K/home/robo/ROS2/walk_test/src/control/src/action_editor/cmd_process.cpp:1201:48:[m[K [01;31m[Kerror: [m[Kâ€˜[01m[KJointData[m[Kâ€™ has not been declared
[2.036s]  1201 |  for(int id=JointData::ID_R_SHOULDER_PITCH; id<[01;31m[KJointData[m[K::NUMBER_OF_JOINTS; id++)
[2.036s]       |                                                [01;31m[K^~~~~~~~~[m[K
[2.036s] [01m[K/home/robo/ROS2/walk_test/src/control/src/action_editor/cmd_process.cpp:1203:7:[m[K [01;31m[Kerror: [m[Kâ€˜[01m[KStep[m[Kâ€™ was not declared in this scope
[2.036s]  1203 |   if(([01;31m[KStep[m[K.position[id] + MotionManager::GetInstance()->m_Offset[id]) & Action::TORQUE_OFF_BIT_MASK)
[2.036s]       |       [01;31m[K^~~~[m[K
[2.036s] [01m[K/home/robo/ROS2/walk_test/src/control/src/action_editor/cmd_process.cpp:1203:27:[m[K [01;31m[Kerror: [m[Kâ€˜[01m[KMotionManager[m[Kâ€™ has not been declared
[2.036s]  1203 |   if((Step.position[id] + [01;31m[KMotionManager[m[K::GetInstance()->m_Offset[id]) & Action::TORQUE_OFF_BIT_MASK)
[2.036s]       |                           [01;31m[K^~~~~~~~~~~~~[m[K
[2.036s] [01m[K/home/robo/ROS2/walk_test/src/control/src/action_editor/cmd_process.cpp:1203:73:[m[K [01;31m[Kerror: [m[Kâ€˜[01m[KAction[m[Kâ€™ has not been declared
[2.037s]  1203 |   if((Step.position[id] + MotionManager::GetInstance()->m_Offset[id]) & [01;31m[KAction[m[K::TORQUE_OFF_BIT_MASK)
[2.037s]       |                                                                         [01;31m[K^~~~~~[m[K
[2.037s] [01m[K/home/robo/ROS2/walk_test/src/control/src/action_editor/cmd_process.cpp:1207:27:[m[K [01;31m[Kerror: [m[Kâ€˜[01m[KAction[m[Kâ€™ has not been declared
[2.037s]  1207 |  if(index >= 0 && index < [01;31m[KAction[m[K::MAXNUM_STEP)
[2.037s]       |                           [01;31m[K^~~~~~[m[K
[2.037s] [01m[K/home/robo/ROS2/walk_test/src/control/src/action_editor/cmd_process.cpp:1209:3:[m[K [01;31m[Kerror: [m[Kâ€˜[01m[KPage[m[Kâ€™ was not declared in this scope
[2.037s]  1209 |   [01;31m[KPage[m[K.step[index] = Step;
[2.037s]       |   [01;31m[K^~~~[m[K
[2.037s] [01m[K/home/robo/ROS2/walk_test/src/control/src/action_editor/cmd_process.cpp:1209:22:[m[K [01;31m[Kerror: [m[Kâ€˜[01m[KStep[m[Kâ€™ was not declared in this scope
[2.037s]  1209 |   Page.step[index] = [01;31m[KStep[m[K;
[2.038s]       |                      [01;31m[K^~~~[m[K
[2.038s] [01m[K/home/robo/ROS2/walk_test/src/control/src/action_editor/cmd_process.cpp:[m[K In function â€˜[01m[Kvoid DeleteStepCmd(int)[m[Kâ€™:
[2.038s] [01m[K/home/robo/ROS2/walk_test/src/control/src/action_editor/cmd_process.cpp:1219:27:[m[K [01;31m[Kerror: [m[Kâ€˜[01m[KAction[m[Kâ€™ has not been declared
[2.038s]  1219 |  if(index >= 0 && index < [01;31m[KAction[m[K::MAXNUM_STEP)
[2.038s]       |                           [01;31m[K^~~~~~[m[K
[2.038s] [01m[K/home/robo/ROS2/walk_test/src/control/src/action_editor/cmd_process.cpp:1221:22:[m[K [01;31m[Kerror: [m[Kâ€˜[01m[KAction[m[Kâ€™ has not been declared
[2.038s]  1221 |   for(int i=index; i<[01;31m[KAction[m[K::MAXNUM_STEP; i++)
[2.038s]       |                      [01;31m[K^~~~~~[m[K
[2.038s] [01m[K/home/robo/ROS2/walk_test/src/control/src/action_editor/cmd_process.cpp:1223:13:[m[K [01;31m[Kerror: [m[Kâ€˜[01m[KAction[m[Kâ€™ has not been declared
[2.038s]  1223 |    if(i == ([01;31m[KAction[m[K::MAXNUM_STEP - 1))
[2.038s]       |             [01;31m[K^~~~~~[m[K
[2.039s] [01m[K/home/robo/ROS2/walk_test/src/control/src/action_editor/cmd_process.cpp:1225:16:[m[K [01;31m[Kerror: [m[Kâ€˜[01m[KJointData[m[Kâ€™ has not been declared
[2.039s]  1225 |     for(int id=[01;31m[KJointData[m[K::ID_R_SHOULDER_PITCH; id<JointData::NUMBER_OF_JOINTS; id++)
[2.039s]       |                [01;31m[K^~~~~~~~~[m[K
[2.039s] [01m[K/home/robo/ROS2/walk_test/src/control/src/action_editor/cmd_process.cpp:1225:51:[m[K [01;31m[Kerror: [m[Kâ€˜[01m[KJointData[m[Kâ€™ has not been declared
[2.039s]  1225 |     for(int id=JointData::ID_R_SHOULDER_PITCH; id<[01;31m[KJointData[m[K::NUMBER_OF_JOINTS; id++)
[2.039s]       |                                                   [01;31m[K^~~~~~~~~[m[K
[2.039s] [01m[K/home/robo/ROS2/walk_test/src/control/src/action_editor/cmd_process.cpp:1226:6:[m[K [01;31m[Kerror: [m[Kâ€˜[01m[KPage[m[Kâ€™ was not declared in this scope
[2.039s]  1226 |      [01;31m[KPage[m[K.step[i].position[id] = Action::INVALID_BIT_MASK;
[2.039s]       |      [01;31m[K^~~~[m[K
[2.039s] [01m[K/home/robo/ROS2/walk_test/src/control/src/action_editor/cmd_process.cpp:1226:34:[m[K [01;31m[Kerror: [m[Kâ€˜[01m[KAction[m[Kâ€™ has not been declared
[2.039s]  1226 |      Page.step[i].position[id] = [01;31m[KAction[m[K::INVALID_BIT_MASK;
[2.040s]       |                                  [01;31m[K^~~~~~[m[K
[2.040s] [01m[K/home/robo/ROS2/walk_test/src/control/src/action_editor/cmd_process.cpp:1228:5:[m[K [01;31m[Kerror: [m[Kâ€˜[01m[KPage[m[Kâ€™ was not declared in this scope
[2.040s]  1228 |     [01;31m[KPage[m[K.step[i].pause = 0;
[2.040s]       |     [01;31m[K^~~~[m[K
[2.040s] [01m[K/home/robo/ROS2/walk_test/src/control/src/action_editor/cmd_process.cpp:1232:5:[m[K [01;31m[Kerror: [m[Kâ€˜[01m[KPage[m[Kâ€™ was not declared in this scope
[2.040s]  1232 |     [01;31m[KPage[m[K.step[i] = Page.step[i + 1];
[2.040s]       |     [01;31m[K^~~~[m[K
[2.040s] [01m[K/home/robo/ROS2/walk_test/src/control/src/action_editor/cmd_process.cpp:1237:14:[m[K [01;31m[Kerror: [m[Kâ€˜[01m[KPage[m[Kâ€™ was not declared in this scope
[2.040s]  1237 |   if(index < [01;31m[KPage[m[K.header.stepnum)
[2.041s]       |              [01;31m[K^~~~[m[K
[2.041s] [01m[K/home/robo/ROS2/walk_test/src/control/src/action_editor/cmd_process.cpp:[m[K In function â€˜[01m[Kvoid InsertStepCmd(int)[m[Kâ€™:
[2.041s] [01m[K/home/robo/ROS2/walk_test/src/control/src/action_editor/cmd_process.cpp:1258:13:[m[K [01;31m[Kerror: [m[Kâ€˜[01m[KJointData[m[Kâ€™ has not been declared
[2.041s]  1258 |  for(int id=[01;31m[KJointData[m[K::ID_R_SHOULDER_PITCH; id<JointData::NUMBER_OF_JOINTS; id++)
[2.041s]       |             [01;31m[K^~~~~~~~~[m[K
[2.041s] [01m[K/home/robo/ROS2/walk_test/src/control/src/action_editor/cmd_process.cpp:1258:48:[m[K [01;31m[Kerror: [m[Kâ€˜[01m[KJointData[m[Kâ€™ has not been declared
[2.041s]  1258 |  for(int id=JointData::ID_R_SHOULDER_PITCH; id<[01;31m[KJointData[m[K::NUMBER_OF_JOINTS; id++)
[2.041s]       |                                                [01;31m[K^~~~~~~~~[m[K
[2.041s] [01m[K/home/robo/ROS2/walk_test/src/control/src/motion/MotionManager.cpp:[m[K In member function â€˜[01m[Kvoid Robot::MotionManager::topic_callback(std::shared_ptr<sensor_msgs::msg::Imu_<std::allocator<void> > >) const[m[Kâ€™:
[2.042s] [01m[K/home/robo/ROS2/walk_test/src/control/src/motion/MotionManager.cpp:100:15:[m[K [01;35m[Kwarning: [m[Kunused variable â€˜[01m[KIMU_GYRO_X[m[Kâ€™ [[01;35m[K-Wunused-variable[m[K]
[2.042s]   100 |         float [01;35m[KIMU_GYRO_X[m[K = -imu_msg_->angular_velocity.x/10;
[2.042s]       |               [01;35m[K^~~~~~~~~~[m[K
[2.042s] [01m[K/home/robo/ROS2/walk_test/src/control/src/motion/MotionManager.cpp:101:15:[m[K [01;35m[Kwarning: [m[Kunused variable â€˜[01m[KIMU_GYRO_Y[m[Kâ€™ [[01;35m[K-Wunused-variable[m[K]
[2.042s]   101 |         float [01;35m[KIMU_GYRO_Y[m[K  = -imu_msg_->angular_velocity.y/10;
[2.042s]       |               [01;35m[K^~~~~~~~~~[m[K
[2.042s] [01m[K/home/robo/ROS2/walk_test/src/control/src/action_editor/cmd_process.cpp:1260:7:[m[K [01;31m[Kerror: [m[Kâ€˜[01m[KStep[m[Kâ€™ was not declared in this scope
[2.042s]  1260 |   if(([01;31m[KStep[m[K.position[id] + MotionManager::GetInstance()->m_Offset[id]) & Action::TORQUE_OFF_BIT_MASK)
[2.042s]       |       [01;31m[K^~~~[m[K
[2.042s] [01m[K/home/robo/ROS2/walk_test/src/control/src/action_editor/cmd_process.cpp:1260:27:[m[K [01;31m[Kerror: [m[Kâ€˜[01m[KMotionManager[m[Kâ€™ has not been declared
[2.042s]  1260 |   if((Step.position[id] + [01;31m[KMotionManager[m[K::GetInstance()->m_Offset[id]) & Action::TORQUE_OFF_BIT_MASK)
[2.043s]       |                           [01;31m[K^~~~~~~~~~~~~[m[K
[2.043s] [01m[K/home/robo/ROS2/walk_test/src/control/src/action_editor/cmd_process.cpp:1260:73:[m[K [01;31m[Kerror: [m[Kâ€˜[01m[KAction[m[Kâ€™ has not been declared
[2.043s]  1260 |   if((Step.position[id] + MotionManager::GetInstance()->m_Offset[id]) & [01;31m[KAction[m[K::TORQUE_OFF_BIT_MASK)
[2.043s]       |                                                                         [01;31m[K^~~~~~[m[K
[2.043s] [01m[K/home/robo/ROS2/walk_test/src/control/src/action_editor/cmd_process.cpp:1267:27:[m[K [01;31m[Kerror: [m[Kâ€˜[01m[KAction[m[Kâ€™ has not been declared
[2.043s]  1267 |  if(index >= 0 && index < [01;31m[KAction[m[K::MAXNUM_STEP)
[2.043s]       |                           [01;31m[K^~~~~~[m[K
[2.043s] [01m[K/home/robo/ROS2/walk_test/src/control/src/action_editor/cmd_process.cpp:1269:13:[m[K [01;31m[Kerror: [m[Kâ€˜[01m[KAction[m[Kâ€™ has not been declared
[2.043s]  1269 |   for(int i=[01;31m[KAction[m[K::MAXNUM_STEP-1; i>index; i-- )
[2.043s]       |             [01;31m[K^~~~~~[m[K
[2.044s] [01m[K/home/robo/ROS2/walk_test/src/control/src/action_editor/cmd_process.cpp:1271:4:[m[K [01;31m[Kerror: [m[Kâ€˜[01m[KPage[m[Kâ€™ was not declared in this scope
[2.044s]  1271 |    [01;31m[KPage[m[K.step[i] = Page.step[i-1];
[2.044s]       |    [01;31m[K^~~~[m[K
[2.044s] [01m[K/home/robo/ROS2/walk_test/src/control/src/motion/MotionManager.cpp:[m[K In member function â€˜[01m[Kvoid Robot::MotionManager::topic_callback_walk(std::shared_ptr<dynamixel_sdk_custom_interfaces::msg::Walk_<std::allocator<void> > >) const[m[Kâ€™:
[2.044s] [01m[K/home/robo/ROS2/walk_test/src/control/src/motion/MotionManager.cpp:42:29:[m[K [01;35m[Kwarning: [m[KISO C++ forbids converting a string constant to â€˜[01m[Kchar*[m[Kâ€™ [[01;35m[K-Wwrite-strings[m[K]
[2.044s]    42 | #define MOTION_FILE_PATH    [01;35m[K"/home/robo/ROS2/walk_test/src/control/Data/motion_4096.bin"[m[K
[2.044s]       |                             [01;35m[K^~~~~~~~~~~~~~~~~~~~~~~~~~~~~~~~~~~~~~~~~~~~~~~~~~~~~~~~~~~~[m[K
[2.044s] [01m[K/home/robo/ROS2/walk_test/src/control/src/motion/MotionManager.cpp:42:29:[m[K [01;36m[Knote: [m[Kin definition of macro â€˜[01m[KMOTION_FILE_PATH[m[Kâ€™
[2.044s]    42 | #define MOTION_FILE_PATH    [01;36m[K"/home/robo/ROS2/walk_test/src/control/Data/motion_4096.bin"[m[K
[2.045s]       |                             [01;36m[K^~~~~~~~~~~~~~~~~~~~~~~~~~~~~~~~~~~~~~~~~~~~~~~~~~~~~~~~~~~~[m[K
[2.045s] [01m[K/home/robo/ROS2/walk_test/src/control/src/action_editor/cmd_process.cpp:1275:3:[m[K [01;31m[Kerror: [m[Kâ€˜[01m[KPage[m[Kâ€™ was not declared in this scope
[2.045s]  1275 |   [01;31m[KPage[m[K.step[index] = Step;
[2.045s]       |   [01;31m[K^~~~[m[K
[2.045s] [01m[K/home/robo/ROS2/walk_test/src/control/src/motion/MotionManager.cpp:[m[K In member function â€˜[01m[Kbool Robot::MotionManager::Initialize(bool)[m[Kâ€™:
[2.045s] [01m[K/home/robo/ROS2/walk_test/src/control/src/motion/MotionManager.cpp:178:6:[m[K [01;35m[Kwarning: [m[Kunused variable â€˜[01m[Kvalue[m[Kâ€™ [[01;35m[K-Wunused-variable[m[K]
[2.045s]   178 |  int [01;35m[Kvalue[m[K, error;
[2.045s]       |      [01;35m[K^~~~~[m[K
[2.045s] [01m[K/home/robo/ROS2/walk_test/src/control/src/motion/MotionManager.cpp:178:13:[m[K [01;35m[Kwarning: [m[Kunused variable â€˜[01m[Kerror[m[Kâ€™ [[01;35m[K-Wunused-variable[m[K]
[2.045s]   178 |  int value, [01;35m[Kerror[m[K;
[2.046s]       |             [01;35m[K^~~~~[m[K
[2.046s] [01m[K/home/robo/ROS2/walk_test/src/control/src/motion/MotionManager.cpp:[m[K In member function â€˜[01m[Kbool Robot::MotionManager::Reinitialize()[m[Kâ€™:
[2.046s] [01m[K/home/robo/ROS2/walk_test/src/control/src/motion/MotionManager.cpp:264:6:[m[K [01;35m[Kwarning: [m[Kunused variable â€˜[01m[Kvalue[m[Kâ€™ [[01;35m[K-Wunused-variable[m[K]
[2.046s]   264 |  int [01;35m[Kvalue[m[K, error;
[2.046s]       |      [01;35m[K^~~~~[m[K
[2.046s] [01m[K/home/robo/ROS2/walk_test/src/control/src/motion/MotionManager.cpp:264:13:[m[K [01;35m[Kwarning: [m[Kunused variable â€˜[01m[Kerror[m[Kâ€™ [[01;35m[K-Wunused-variable[m[K]
[2.046s]   264 |  int value, [01;35m[Kerror[m[K;
[2.046s]       |             [01;35m[K^~~~~[m[K
[2.046s] [01m[K/home/robo/ROS2/walk_test/src/control/src/action_editor/cmd_process.cpp:1275:22:[m[K [01;31m[Kerror: [m[Kâ€˜[01m[KStep[m[Kâ€™ was not declared in this scope
[2.046s]  1275 |   Page.step[index] = [01;31m[KStep[m[K;
[2.046s]       |                      [01;31m[K^~~~[m[K
[2.047s] [01m[K/home/robo/ROS2/walk_test/src/control/src/action_editor/cmd_process.cpp:1280:30:[m[K [01;31m[Kerror: [m[Kâ€˜[01m[KAction[m[Kâ€™ has not been declared
[2.047s]  1280 |    if(Page.header.stepnum != [01;31m[KAction[m[K::MAXNUM_STEP)
[2.047s]       |                              [01;31m[K^~~~~~[m[K
[2.047s] [01m[K/home/robo/ROS2/walk_test/src/control/src/action_editor/cmd_process.cpp:[m[K In function â€˜[01m[Kvoid MoveStepCmd(int, int)[m[Kâ€™:
[2.047s] [01m[K/home/robo/ROS2/walk_test/src/control/src/action_editor/cmd_process.cpp:1299:23:[m[K [01;31m[Kerror: [m[Kâ€˜[01m[KAction[m[Kâ€™ has not been declared
[2.047s]  1299 |  if(src < 0 || src >= [01;31m[KAction[m[K::MAXNUM_STEP)
[2.047s]       |                       [01;31m[K^~~~~~[m[K
[2.047s] [01m[K/home/robo/ROS2/walk_test/src/control/src/action_editor/cmd_process.cpp:1305:23:[m[K [01;31m[Kerror: [m[Kâ€˜[01m[KAction[m[Kâ€™ has not been declared
[2.047s]  1305 |  if(dst < 0 || dst >= [01;31m[KAction[m[K::MAXNUM_STEP)
[2.047s]       |                       [01;31m[K^~~~~~[m[K
[2.047s] [01m[K/home/robo/ROS2/walk_test/src/control/src/action_editor/cmd_process.cpp:1314:2:[m[K [01;31m[Kerror: [m[Kâ€˜[01m[KAction[m[Kâ€™ has not been declared
[2.048s]  1314 |  [01;31m[KAction[m[K::STEP step = Page.step[src];
[2.048s]       |  [01;31m[K^~~~~~[m[K
[2.048s] [01m[K/home/robo/ROS2/walk_test/src/control/src/action_editor/cmd_process.cpp:1319:4:[m[K [01;31m[Kerror: [m[Kâ€˜[01m[KPage[m[Kâ€™ was not declared in this scope
[2.048s]  1319 |    [01;31m[KPage[m[K.step[i] = Page.step[i + 1];
[2.048s]       |    [01;31m[K^~~~[m[K
[2.048s] [01m[K/home/robo/ROS2/walk_test/src/control/src/action_editor/cmd_process.cpp:1327:4:[m[K [01;31m[Kerror: [m[Kâ€˜[01m[KPage[m[Kâ€™ was not declared in this scope
[2.048s]  1327 |    [01;31m[KPage[m[K.step[i] = Page.step[i - 1];
[2.048s]       |    [01;31m[K^~~~[m[K
[2.048s] [01m[K/home/robo/ROS2/walk_test/src/control/src/action_editor/cmd_process.cpp:1332:2:[m[K [01;31m[Kerror: [m[Kâ€˜[01m[KPage[m[Kâ€™ was not declared in this scope
[2.048s]  1332 |  [01;31m[KPage[m[K.step[dst] = step;
[2.049s]       |  [01;31m[K^~~~[m[K
[2.049s] [01m[K/home/robo/ROS2/walk_test/src/control/src/action_editor/cmd_process.cpp:1332:19:[m[K [01;31m[Kerror: [m[Kâ€˜[01m[Kstep[m[Kâ€™ was not declared in this scope
[2.049s]  1332 |  Page.step[dst] = [01;31m[Kstep[m[K;
[2.049s]       |                   [01;31m[K^~~~[m[K
[2.049s] [01m[K/home/robo/ROS2/walk_test/src/control/src/action_editor/cmd_process.cpp:[m[K In function â€˜[01m[Kvoid CopyCmd(int)[m[Kâ€™:
[2.049s] [01m[K/home/robo/ROS2/walk_test/src/control/src/action_editor/cmd_process.cpp:1342:5:[m[K [01;31m[Kerror: [m[Kâ€˜[01m[KAction[m[Kâ€™ has not been declared
[2.049s]  1342 |  if([01;31m[KAction[m[K::GetInstance()->LoadPage(index, &Page) == true)
[2.049s]       |     [01;31m[K^~~~~~[m[K
[2.050s] [01m[K/home/robo/ROS2/walk_test/src/control/src/action_editor/cmd_process.cpp:1342:45:[m[K [01;31m[Kerror: [m[Kâ€˜[01m[KPage[m[Kâ€™ was not declared in this scope
[2.050s]  1342 |  if(Action::GetInstance()->LoadPage(index, &[01;31m[KPage[m[K) == true)
[2.050s]       |                                             [01;31m[K^~~~[m[K
[2.050s] [01m[K/home/robo/ROS2/walk_test/src/control/src/action_editor/cmd_process.cpp:[m[K In function â€˜[01m[Kvoid NewCmd()[m[Kâ€™:
[2.050s] [01m[K/home/robo/ROS2/walk_test/src/control/src/action_editor/cmd_process.cpp:1353:2:[m[K [01;31m[Kerror: [m[Kâ€˜[01m[KAction[m[Kâ€™ has not been declared
[2.050s]  1353 |  [01;31m[KAction[m[K::GetInstance()->ResetPage(&Page);
[2.050s]       |  [01;31m[K^~~~~~[m[K
[2.051s] [01m[K/home/robo/ROS2/walk_test/src/control/src/action_editor/cmd_process.cpp:1353:36:[m[K [01;31m[Kerror: [m[Kâ€˜[01m[KPage[m[Kâ€™ was not declared in this scope
[2.051s]  1353 |  Action::GetInstance()->ResetPage(&[01;31m[KPage[m[K);
[2.051s]       |                                    [01;31m[K^~~~[m[K
[2.051s] [01m[K/home/robo/ROS2/walk_test/src/control/src/action_editor/cmd_process.cpp:[m[K In function â€˜[01m[Kvoid GoCmd(int)[m[Kâ€™:
[2.051s] [01m[K/home/robo/ROS2/walk_test/src/control/src/action_editor/cmd_process.cpp:1360:27:[m[K [01;31m[Kerror: [m[Kâ€˜[01m[KAction[m[Kâ€™ has not been declared
[2.051s]  1360 |  if(index < 0 || index >= [01;31m[KAction[m[K::MAXNUM_STEP)
[2.051s]       |                           [01;31m[K^~~~~~[m[K
[2.052s] [01m[K/home/robo/ROS2/walk_test/src/control/src/action_editor/cmd_process.cpp:1366:13:[m[K [01;31m[Kerror: [m[Kâ€˜[01m[KPage[m[Kâ€™ was not declared in this scope
[2.052s]  1366 |  if(index > [01;31m[KPage[m[K.header.stepnum)
[2.052s]       |             [01;31m[K^~~~[m[K
[2.052s] [01m[K/home/robo/ROS2/walk_test/src/control/src/action_editor/cmd_process.cpp:1378:16:[m[K [01;31m[Kerror: [m[Kâ€˜[01m[KJointData[m[Kâ€™ has not been declared
[2.052s]  1378 |  uint8_t param[[01;31m[KJointData[m[K::NUMBER_OF_JOINTS * (1 + MX28::PARAM_BYTES)];
[2.052s]       |                [01;31m[K^~~~~~~~~[m[K
[2.052s] [01m[K/home/robo/ROS2/walk_test/src/control/src/action_editor/cmd_process.cpp:1378:51:[m[K [01;31m[Kerror: [m[Kâ€˜[01m[KMX28[m[Kâ€™ has not been declared
[2.052s]  1378 |  uint8_t param[JointData::NUMBER_OF_JOINTS * (1 + [01;31m[KMX28[m[K::PARAM_BYTES)];
[2.052s]       |                                                   [01;31m[K^~~~[m[K
[2.053s] [01m[K/home/robo/ROS2/walk_test/src/control/src/action_editor/cmd_process.cpp:1381:9:[m[K [01;31m[Kerror: [m[Kâ€˜[01m[KJointData[m[Kâ€™ has not been declared
[2.053s]  1381 |  for(id=[01;31m[KJointData[m[K::ID_R_SHOULDER_PITCH; id<JointData::NUMBER_OF_JOINTS-1; id++)
[2.053s]       |         [01;31m[K^~~~~~~~~[m[K
[2.053s] [01m[K/home/robo/ROS2/walk_test/src/control/src/action_editor/cmd_process.cpp:1381:44:[m[K [01;31m[Kerror: [m[Kâ€˜[01m[KJointData[m[Kâ€™ has not been declared
[2.053s]  1381 |  for(id=JointData::ID_R_SHOULDER_PITCH; id<[01;31m[KJointData[m[K::NUMBER_OF_JOINTS-1; id++)
[2.053s]       |                                            [01;31m[K^~~~~~~~~[m[K
[2.053s] [01m[K/home/robo/ROS2/walk_test/src/control/src/action_editor/cmd_process.cpp:1386:7:[m[K [01;31m[Kerror: [m[Kâ€˜[01m[KPage[m[Kâ€™ was not declared in this scope
[2.053s]  1386 |   if(([01;31m[KPage[m[K.step[index].position[id] + MotionManager::GetInstance()->m_Offset[id]) & Action::INVALID_BIT_MASK)
[2.053s]       |       [01;31m[K^~~~[m[K
[2.053s] [01m[K/home/robo/ROS2/walk_test/src/control/src/action_editor/cmd_process.cpp:1386:39:[m[K [01;31m[Kerror: [m[Kâ€˜[01m[KMotionManager[m[Kâ€™ has not been declared
[2.054s]  1386 |   if((Page.step[index].position[id] + [01;31m[KMotionManager[m[K::GetInstance()->m_Offset[id]) & Action::INVALID_BIT_MASK)
[2.054s]       |                                       [01;31m[K^~~~~~~~~~~~~[m[K
[2.054s] [01m[K/home/robo/ROS2/walk_test/src/control/src/action_editor/cmd_process.cpp:1386:85:[m[K [01;31m[Kerror: [m[Kâ€˜[01m[KAction[m[Kâ€™ has not been declared
[2.054s]  1386 |   if((Page.step[index].position[id] + MotionManager::GetInstance()->m_Offset[id]) & [01;31m[KAction[m[K::INVALID_BIT_MASK)
[2.054s]       |                                                                                     [01;31m[K^~~~~~[m[K
[2.054s] [01m[K/home/robo/ROS2/walk_test/src/control/src/action_editor/cmd_process.cpp:1388:67:[m[K [01;31m[Kerror: [m[Kâ€˜[01m[KMotionManager[m[Kâ€™ has not been declared
[2.054s]  1388 |    printf("conta id %d =%d", id, (Page.step[index].position[id] + [01;31m[KMotionManager[m[K::GetInstance()->m_Offset[id]));
[2.054s]       |                                                                   [01;31m[K^~~~~~~~~~~~~[m[K
[2.054s] [01m[K/home/robo/ROS2/walk_test/src/control/src/action_editor/cmd_process.cpp:1404:20:[m[K [01;31m[Kerror: [m[Kâ€˜[01m[KPage[m[Kâ€™ was not declared in this scope
[2.054s]  1404 |   wGoalPosition = ([01;31m[KPage[m[K.step[index].position[id] + MotionManager::GetInstance()->m_Offset[id]);
[2.055s]       |                    [01;31m[K^~~~[m[K
[2.055s] [01m[K/home/robo/ROS2/walk_test/src/control/src/action_editor/cmd_process.cpp:1404:52:[m[K [01;31m[Kerror: [m[Kâ€˜[01m[KMotionManager[m[Kâ€™ has not been declared
[2.055s]  1404 |   wGoalPosition = (Page.step[index].position[id] + [01;31m[KMotionManager[m[K::GetInstance()->m_Offset[id]);
[2.055s]       |                                                    [01;31m[K^~~~~~~~~~~~~[m[K
[2.055s] [01m[K/home/robo/ROS2/walk_test/src/control/src/motion/MotionManager.cpp:[m[K In member function â€˜[01m[Kvoid Robot::MotionManager::Process()[m[Kâ€™:
[2.055s] [01m[K/home/robo/ROS2/walk_test/src/control/src/motion/MotionManager.cpp:430:5:[m[K [01;35m[Kwarning: [m[Kthis â€˜[01m[Kif[m[Kâ€™ clause does not guard... [[01;35m[K-Wmisleading-indentation[m[K]
[2.055s]   430 |     [01;35m[Kif[m[K(MotionManager::GetInstance()->m_ProcessEnable == false || MotionManager::GetInstance()->m_IsRunning == true)
[2.055s]       |     [01;35m[K^~[m[K
[2.055s] [01m[K/home/robo/ROS2/walk_test/src/control/src/motion/MotionManager.cpp:433:2:[m[K [01;36m[Knote: [m[K...this statement, but the latter is misleadingly indented as if it were guarded by the â€˜[01m[Kif[m[Kâ€™
[2.055s]   433 |  [01;36m[KMotionManager[m[K::GetInstance()->m_IsRunning = true;
[2.055s]       |  [01;36m[K^~~~~~~~~~~~~[m[K
[2.056s] [01m[K/home/robo/ROS2/walk_test/src/control/src/action_editor/cmd_process.cpp:1418:3:[m[K [01;31m[Kerror: [m[Kâ€˜[01m[Kparam[m[Kâ€™ was not declared in this scope
[2.056s]  1418 |   [01;31m[Kparam[m[K[n++] = id;
[2.056s]       |   [01;31m[K^~~~~[m[K
[2.056s] [01m[K/home/robo/ROS2/walk_test/src/control/src/action_editor/cmd_process.cpp:1430:5:[m[K [01;31m[Kerror: [m[Kâ€˜[01m[Kmessage[m[Kâ€™ was not declared in this scope
[2.056s]  1430 |     [01;31m[Kmessage[m[K.id = {1, 2, 3, 4, 5, 6, 7, 8, 9, 10, 11, 12, 13, 14, 15, 16, 17, 18, 19};
[2.056s]       |     [01;31m[K^~~~~~~[m[K
[2.057s] [01m[K/home/robo/ROS2/walk_test/src/control/src/action_editor/cmd_process.cpp:1431:25:[m[K [01;31m[Kerror: [m[Kâ€˜[01m[Kpos[m[Kâ€™ was not declared in this scope; did you mean â€˜[01m[Kpow[m[Kâ€™?
[2.057s]  1431 |     message.position = {[01;31m[Kpos[m[K[1], pos[2], pos[3], pos[4], pos[5], pos[6], pos[7], pos[8], pos[9], pos[10], pos[11], pos[12], pos[13], pos[14], pos[15], pos[16], pos[17], pos[18], pos[19]};
[2.057s]       |                         [01;31m[K^~~[m[K
[2.057s]       |                         [32m[Kpow[m[K
[2.058s] [01m[K/home/robo/ROS2/walk_test/src/control/src/action_editor/cmd_process.cpp:1436:2:[m[K [01;31m[Kerror: [m[Kâ€˜[01m[KStep[m[Kâ€™ was not declared in this scope
[2.058s]  1436 |  [01;31m[KStep[m[K = Page.step[index];
[2.058s]       |  [01;31m[K^~~~[m[K
[2.059s] [01m[K/home/robo/ROS2/walk_test/src/control/src/action_editor/cmd_process.cpp:1436:9:[m[K [01;31m[Kerror: [m[Kâ€˜[01m[KPage[m[Kâ€™ was not declared in this scope
[2.059s]  1436 |  Step = [01;31m[KPage[m[K.step[index];
[2.059s]       |         [01;31m[K^~~~[m[K
[2.059s] [01m[K/home/robo/ROS2/walk_test/src/control/src/action_editor/cmd_process.cpp:[m[K In function â€˜[01m[Kvoid goInitPage()[m[Kâ€™:
[2.059s] [01m[K/home/robo/ROS2/walk_test/src/control/src/action_editor/cmd_process.cpp:1443:2:[m[K [01;31m[Kerror: [m[Kâ€˜[01m[KAction[m[Kâ€™ has not been declared
[2.059s]  1443 |  [01;31m[KAction[m[K::GetInstance()->LoadPage(1, &Page);
[2.059s]       |  [01;31m[K^~~~~~[m[K
[2.060s] [01m[K/home/robo/ROS2/walk_test/src/control/src/action_editor/cmd_process.cpp:1443:38:[m[K [01;31m[Kerror: [m[Kâ€˜[01m[KPage[m[Kâ€™ was not declared in this scope
[2.060s]  1443 |  Action::GetInstance()->LoadPage(1, &[01;31m[KPage[m[K);
[2.060s]       |                                      [01;31m[K^~~~[m[K
[2.060s] [01m[K/home/robo/ROS2/walk_test/src/control/src/action_editor/cmd_process.cpp:[m[K In function â€˜[01m[Kvoid backToPage()[m[Kâ€™:
[2.060s] [01m[K/home/robo/ROS2/walk_test/src/control/src/action_editor/cmd_process.cpp:1448:2:[m[K [01;31m[Kerror: [m[Kâ€˜[01m[KAction[m[Kâ€™ has not been declared
[2.060s]  1448 |  [01;31m[KAction[m[K::GetInstance()->LoadPage(indexPageBuffer, &Page);
[2.060s]       |  [01;31m[K^~~~~~[m[K
[2.061s] [01m[K/home/robo/ROS2/walk_test/src/control/src/action_editor/cmd_process.cpp:1448:52:[m[K [01;31m[Kerror: [m[Kâ€˜[01m[KPage[m[Kâ€™ was not declared in this scope
[2.061s]  1448 |  Action::GetInstance()->LoadPage(indexPageBuffer, &[01;31m[KPage[m[K);
[2.061s]       |                                                    [01;31m[K^~~~[m[K
[2.061s] [01m[K/home/robo/ROS2/walk_test/src/control/src/action_editor/cmd_process.cpp:[m[K In function â€˜[01m[Kvoid SaveCmd()[m[Kâ€™:
[2.061s] [01m[K/home/robo/ROS2/walk_test/src/control/src/action_editor/cmd_process.cpp:1457:5:[m[K [01;31m[Kerror: [m[Kâ€˜[01m[KAction[m[Kâ€™ has not been declared
[2.061s]  1457 |  if([01;31m[KAction[m[K::GetInstance()->SavePage(indexPage, &Page) == true)
[2.061s]       |     [01;31m[K^~~~~~[m[K
[2.061s] [01m[K/home/robo/ROS2/walk_test/src/control/src/motion/MotionManager.cpp:490:7:[m[K [01;35m[Kwarning: [m[Kvariable â€˜[01m[Kparam[m[Kâ€™ set but not used [[01;35m[K-Wunused-but-set-variable[m[K]
[2.061s]   490 |   int [01;35m[Kparam[m[K[JointData::NUMBER_OF_JOINTS * MX28::PARAM_BYTES];
[2.062s]       |       [01;35m[K^~~~~[m[K
[2.062s] [01m[K/home/robo/ROS2/walk_test/src/control/src/motion/MotionManager.cpp:491:7:[m[K [01;35m[Kwarning: [m[Kunused variable â€˜[01m[Kjoint_num[m[Kâ€™ [[01;35m[K-Wunused-variable[m[K]
[2.062s]   491 |   int [01;35m[Kjoint_num[m[K = 0;
[2.062s]       |       [01;35m[K^~~~~~~~~[m[K
[2.062s] [01m[K/home/robo/ROS2/walk_test/src/control/src/action_editor/cmd_process.cpp:1457:49:[m[K [01;31m[Kerror: [m[Kâ€˜[01m[KPage[m[Kâ€™ was not declared in this scope
[2.062s]  1457 |  if(Action::GetInstance()->SavePage(indexPage, &[01;31m[KPage[m[K) == true)
[2.062s]       |                                                 [01;31m[K^~~~[m[K
[2.062s] [01m[K/home/robo/ROS2/walk_test/src/control/src/action_editor/cmd_process.cpp:[m[K In function â€˜[01m[Kvoid readServo()[m[Kâ€™:
[2.062s] [01m[K/home/robo/ROS2/walk_test/src/control/src/action_editor/cmd_process.cpp:1463:11:[m[K [01;35m[Kwarning: [m[Kunused variable â€˜[01m[Kvalue[m[Kâ€™ [[01;35m[K-Wunused-variable[m[K]
[2.063s]  1463 |  uint32_t [01;35m[Kvalue[m[K;
[2.063s]       |           [01;35m[K^~~~~[m[K
[2.063s] [01m[K/home/robo/ROS2/walk_test/src/control/src/action_editor/cmd_process.cpp:[m[K In function â€˜[01m[Kvoid NameCmd()[m[Kâ€™:
[2.063s] [01m[K/home/robo/ROS2/walk_test/src/control/src/action_editor/cmd_process.cpp:1479:2:[m[K [01;31m[Kerror: [m[Kâ€˜[01m[Kgets[m[Kâ€™ was not declared in this scope; did you mean â€˜[01m[Kfgets[m[Kâ€™?
[2.063s]  1479 |  [01;31m[Kgets[m[K(name);
[2.063s]       |  [01;31m[K^~~~[m[K
[2.063s]       |  [32m[Kfgets[m[K
[2.063s] [01m[K/home/robo/ROS2/walk_test/src/control/src/action_editor/cmd_process.cpp:1481:18:[m[K [01;31m[Kerror: [m[Kâ€˜[01m[KAction[m[Kâ€™ has not been declared
[2.063s]  1481 |  for(int i=0; i<=[01;31m[KAction[m[K::MAXNUM_NAME; i++)
[2.063s]       |                  [01;31m[K^~~~~~[m[K
[2.063s] [01m[K/home/robo/ROS2/walk_test/src/control/src/action_editor/cmd_process.cpp:1482:3:[m[K [01;31m[Kerror: [m[Kâ€˜[01m[KPage[m[Kâ€™ was not declared in this scope
[2.064s]  1482 |   [01;31m[KPage[m[K.header.name[i] = name[i];
[2.064s]       |   [01;31m[K^~~~[m[K
[2.416s] make[2]: *** [CMakeFiles/action.dir/build.make:89: CMakeFiles/action.dir/src/action_editor/cmd_process.cpp.o] Error 1
[2.416s] make[1]: *** [CMakeFiles/Makefile2:221: CMakeFiles/action.dir/all] Error 2
[2.416s] make[1]: *** Waiting for unfinished jobs....
[6.445s] [ 59%] [32m[1mLinking CXX executable control[0m
[6.695s] [ 59%] Built target control
[6.965s] [ 62%] [32m[1mLinking CXX shared library libmotion.so[0m
[7.244s] [ 96%] Built target motion
[7.245s] make: *** [Makefile:141: all] Error 2
[7.246s] Invoked command in '/home/robo/ROS2/walk_test/build/control' returned '2': CMAKE_PREFIX_PATH=/home/robo/ROS2/walk_test/install/dynamixel_sdk_custom_interfaces:/home/robo/ROS2/walk_test/install/control:/opt/ros/foxy LD_LIBRARY_PATH=/home/robo/ROS2/walk_test/install/dynamixel_sdk_custom_interfaces/lib:/home/robo/ROS2/walk_test/install/control/lib:/opt/ros/foxy/opt/yaml_cpp_vendor/lib:/opt/ros/foxy/opt/rviz_ogre_vendor/lib:/opt/ros/foxy/lib/x86_64-linux-gnu:/opt/ros/foxy/lib /usr/bin/cmake --build /home/robo/ROS2/walk_test/build/control -- -j12 -l12
