[0.009s] Invoking command in '/home/robo/ROS2/walk_test/build/control': CMAKE_PREFIX_PATH=/home/robo/ROS2/walk_test/install/dynamixel_sdk_custom_interfaces:/home/robo/ROS2/walk_test/install/control:/opt/ros/foxy LD_LIBRARY_PATH=/home/robo/ROS2/walk_test/install/dynamixel_sdk_custom_interfaces/lib:/home/robo/ROS2/walk_test/install/control/lib:/opt/ros/foxy/opt/yaml_cpp_vendor/lib:/opt/ros/foxy/opt/rviz_ogre_vendor/lib:/opt/ros/foxy/lib/x86_64-linux-gnu:/opt/ros/foxy/lib /usr/bin/cmake --build /home/robo/ROS2/walk_test/build/control -- -j12 -l12
[0.041s] [35m[1mScanning dependencies of target action[0m
[0.054s] [  7%] Built target decision
[0.054s] [ 14%] Built target gait_publisher
[0.054s] [ 22%] Built target control
[0.058s] [ 85%] Built target motion
[0.065s] [ 88%] [32mBuilding CXX object CMakeFiles/action.dir/src/action_editor/cmd_process.cpp.o[0m
[1.031s] [01m[K/home/robo/ROS2/walk_test/src/control/src/action_editor/cmd_process.cpp:28:26:[m[K [01;35m[Kwarning: [m[Knon-ISO-standard escape sequence, '\e'
[1.032s]    28 | const std::string azul = [01;35m[K"\e[0;36m"[m[K;
[1.032s]       |                          [01;35m[K^~~~~~~~~~[m[K
[1.032s] [01m[K/home/robo/ROS2/walk_test/src/control/src/action_editor/cmd_process.cpp:29:27:[m[K [01;35m[Kwarning: [m[Knon-ISO-standard escape sequence, '\e'
[1.032s]    29 | const std::string azulE = [01;35m[K"\e[0;34m"[m[K;
[1.032s]       |                           [01;35m[K^~~~~~~~~~[m[K
[1.032s] [01m[K/home/robo/ROS2/walk_test/src/control/src/action_editor/cmd_process.cpp:30:27:[m[K [01;35m[Kwarning: [m[Knon-ISO-standard escape sequence, '\e'
[1.032s]    30 | const std::string amare = [01;35m[K"\e[0;33m"[m[K;
[1.032s]       |                           [01;35m[K^~~~~~~~~~[m[K
[1.032s] [01m[K/home/robo/ROS2/walk_test/src/control/src/action_editor/cmd_process.cpp:31:27:[m[K [01;35m[Kwarning: [m[Knon-ISO-standard escape sequence, '\e'
[1.032s]    31 | const std::string verde = [01;35m[K"\e[0;32m"[m[K;
[1.032s]       |                           [01;35m[K^~~~~~~~~~[m[K
[1.032s] [01m[K/home/robo/ROS2/walk_test/src/control/src/action_editor/cmd_process.cpp:32:25:[m[K [01;35m[Kwarning: [m[Knon-ISO-standard escape sequence, '\e'
[1.032s]    32 | const std::string red = [01;35m[K"\e[0;31m"[m[K;
[1.032s]       |                         [01;35m[K^~~~~~~~~~[m[K
[1.033s] [01m[K/home/robo/ROS2/walk_test/src/control/src/action_editor/cmd_process.cpp:33:26:[m[K [01;35m[Kwarning: [m[Knon-ISO-standard escape sequence, '\e'
[1.033s]    33 | const std::string gray = [01;35m[K"\e[0;37m"[m[K;
[1.033s]       |                          [01;35m[K^~~~~~~~~~[m[K
[1.033s] [01m[K/home/robo/ROS2/walk_test/src/control/src/action_editor/cmd_process.cpp:34:26:[m[K [01;35m[Kwarning: [m[Knon-ISO-standard escape sequence, '\e'
[1.033s]    34 | const std::string nulo = [01;35m[K"\e[0m"[m[K;
[1.033s]       |                          [01;35m[K^~~~~~~[m[K
[1.033s] [01m[K/home/robo/ROS2/walk_test/src/control/src/action_editor/cmd_process.cpp:36:27:[m[K [01;35m[Kwarning: [m[Knon-ISO-standard escape sequence, '\e'
[1.033s]    36 | const std::string Lazul = [01;35m[K"\e[96m"[m[K;
[1.033s]       |                           [01;35m[K^~~~~~~~[m[K
[1.033s] [01m[K/home/robo/ROS2/walk_test/src/control/src/action_editor/cmd_process.cpp:37:28:[m[K [01;35m[Kwarning: [m[Knon-ISO-standard escape sequence, '\e'
[1.033s]    37 | const std::string LazulE = [01;35m[K"\e[94m"[m[K;
[1.033s]       |                            [01;35m[K^~~~~~~~[m[K
[1.033s] [01m[K/home/robo/ROS2/walk_test/src/control/src/action_editor/cmd_process.cpp:38:28:[m[K [01;35m[Kwarning: [m[Knon-ISO-standard escape sequence, '\e'
[1.033s]    38 | const std::string Lamare = [01;35m[K"\e[93m"[m[K;
[1.033s]       |                            [01;35m[K^~~~~~~~[m[K
[1.033s] [01m[K/home/robo/ROS2/walk_test/src/control/src/action_editor/cmd_process.cpp:39:28:[m[K [01;35m[Kwarning: [m[Knon-ISO-standard escape sequence, '\e'
[1.033s]    39 | const std::string Lverde = [01;35m[K"\e[92m"[m[K;
[1.033s]       |                            [01;35m[K^~~~~~~~[m[K
[1.033s] [01m[K/home/robo/ROS2/walk_test/src/control/src/action_editor/cmd_process.cpp:40:26:[m[K [01;35m[Kwarning: [m[Knon-ISO-standard escape sequence, '\e'
[1.034s]    40 | const std::string Lred = [01;35m[K"\e[91m"[m[K;
[1.034s]       |                          [01;35m[K^~~~~~~~[m[K
[1.034s] [01m[K/home/robo/ROS2/walk_test/src/control/src/action_editor/cmd_process.cpp:41:27:[m[K [01;35m[Kwarning: [m[Knon-ISO-standard escape sequence, '\e'
[1.034s]    41 | const std::string Lgray = [01;35m[K"\e[97m"[m[K;
[1.034s]       |                           [01;35m[K^~~~~~~~[m[K
[1.034s] [01m[K/home/robo/ROS2/walk_test/src/control/src/action_editor/cmd_process.cpp:[m[K In function â€˜[01m[Kvoid ReadStep()[m[Kâ€™:
[1.034s] [01m[K/home/robo/ROS2/walk_test/src/control/src/action_editor/cmd_process.cpp:120:10:[m[K [01;35m[Kwarning: [m[Kunused variable â€˜[01m[Kvalue8[m[Kâ€™ [[01;35m[K-Wunused-variable[m[K]
[1.034s]   120 |  uint8_t [01;35m[Kvalue8[m[K;
[1.034s]       |          [01;35m[K^~~~~~[m[K
[1.034s] [01m[K/home/robo/ROS2/walk_test/src/control/src/action_editor/cmd_process.cpp:121:11:[m[K [01;35m[Kwarning: [m[Kunused variable â€˜[01m[Kvalue32[m[Kâ€™ [[01;35m[K-Wunused-variable[m[K]
[1.034s]   121 |  uint32_t [01;35m[Kvalue32[m[K;
[1.034s]       |           [01;35m[K^~~~~~~[m[K
[1.034s] [01m[K/home/robo/ROS2/walk_test/src/control/src/action_editor/cmd_process.cpp:[m[K In function â€˜[01m[Kvoid DrawIntro()[m[Kâ€™:
[1.034s] [01m[K/home/robo/ROS2/walk_test/src/control/src/action_editor/cmd_process.cpp:324:9:[m[K [01;35m[Kwarning: [m[Knon-ISO-standard escape sequence, '\e'
[1.034s]   324 |  system([01;35m[K"printf '\e[8;27;80t'"[m[K);
[1.034s]       |         [01;35m[K^~~~~~~~~~~~~~~~~~~~~~[m[K
[1.037s] [01m[K/home/robo/ROS2/walk_test/src/control/src/action_editor/cmd_process.cpp:[m[K In function â€˜[01m[Kvoid SetValue(uint32_t)[m[Kâ€™:
[1.038s] [01m[K/home/robo/ROS2/walk_test/src/control/src/action_editor/cmd_process.cpp:708:13:[m[K [01;35m[Kwarning: [m[Kcomparison of unsigned expression >= 0 is always true [[01;35m[K-Wtype-limits[m[K]
[1.038s]   708 |    if([01;35m[Kvalue >= 0[m[K && value <= 255)
[1.038s]       |       [01;35m[K~~~~~~^~~~[m[K
[1.038s] [01m[K/home/robo/ROS2/walk_test/src/control/src/action_editor/cmd_process.cpp:717:13:[m[K [01;35m[Kwarning: [m[Kcomparison of unsigned expression >= 0 is always true [[01;35m[K-Wtype-limits[m[K]
[1.038s]   717 |    if([01;35m[Kvalue >= 0[m[K && value <= 255)
[1.038s]       |       [01;35m[K~~~~~~^~~~[m[K
[1.041s] [01m[K/home/robo/ROS2/walk_test/src/control/src/action_editor/cmd_process.cpp:738:21:[m[K [01;31m[Kerror: [m[Kâ€˜[01m[Kpublisher_single[m[Kâ€™ was not declared in this scope; did you mean â€˜[01m[Kpublisher_[m[Kâ€™?
[1.041s]   738 |                     [01;31m[Kpublisher_single[m[K->publish(message_single);
[1.041s]       |                     [01;31m[K^~~~~~~~~~~~~~~~[m[K
[1.041s]       |                     [32m[Kpublisher_[m[K
[1.041s] [01m[K/home/robo/ROS2/walk_test/src/control/src/action_editor/cmd_process.cpp:796:13:[m[K [01;35m[Kwarning: [m[Kcomparison of unsigned expression >= 0 is always true [[01;35m[K-Wtype-limits[m[K]
[1.041s]   796 |    if([01;35m[Kvalue >= 0[m[K && value <= 255)
[1.041s]       |       [01;35m[K~~~~~~^~~~[m[K
[1.041s] [01m[K/home/robo/ROS2/walk_test/src/control/src/action_editor/cmd_process.cpp:805:13:[m[K [01;35m[Kwarning: [m[Kcomparison of unsigned expression >= 0 is always true [[01;35m[K-Wtype-limits[m[K]
[1.042s]   805 |    if([01;35m[Kvalue >= 0[m[K && value <= 255)
[1.042s]       |       [01;35m[K~~~~~~^~~~[m[K
[1.042s] [01m[K/home/robo/ROS2/walk_test/src/control/src/action_editor/cmd_process.cpp:850:13:[m[K [01;35m[Kwarning: [m[Kcomparison of unsigned expression >= 0 is always true [[01;35m[K-Wtype-limits[m[K]
[1.042s]   850 |    if([01;35m[Kvalue >= 0[m[K && value <= 255)
[1.042s]       |       [01;35m[K~~~~~~^~~~[m[K
[1.042s] [01m[K/home/robo/ROS2/walk_test/src/control/src/action_editor/cmd_process.cpp:859:13:[m[K [01;35m[Kwarning: [m[Kcomparison of unsigned expression >= 0 is always true [[01;35m[K-Wtype-limits[m[K]
[1.042s]   859 |    if([01;35m[Kvalue >= 0[m[K && value <= Action::MAXNUM_STEP)
[1.042s]       |       [01;35m[K~~~~~~^~~~[m[K
[1.042s] [01m[K/home/robo/ROS2/walk_test/src/control/src/action_editor/cmd_process.cpp:875:13:[m[K [01;35m[Kwarning: [m[Kcomparison of unsigned expression >= 0 is always true [[01;35m[K-Wtype-limits[m[K]
[1.042s]   875 |    if([01;35m[Kvalue >= 0[m[K && value <= 255)
[1.042s]       |       [01;35m[K~~~~~~^~~~[m[K
[1.042s] [01m[K/home/robo/ROS2/walk_test/src/control/src/action_editor/cmd_process.cpp:884:13:[m[K [01;35m[Kwarning: [m[Kcomparison of unsigned expression >= 0 is always true [[01;35m[K-Wtype-limits[m[K]
[1.042s]   884 |    if([01;35m[Kvalue >= 0[m[K && value <= 255)
[1.042s]       |       [01;35m[K~~~~~~^~~~[m[K
[1.042s] [01m[K/home/robo/ROS2/walk_test/src/control/src/action_editor/cmd_process.cpp:893:13:[m[K [01;35m[Kwarning: [m[Kcomparison of unsigned expression >= 0 is always true [[01;35m[K-Wtype-limits[m[K]
[1.042s]   893 |    if([01;35m[Kvalue >= 0[m[K && value <= 255)
[1.042s]       |       [01;35m[K~~~~~~^~~~[m[K
[1.042s] [01m[K/home/robo/ROS2/walk_test/src/control/src/action_editor/cmd_process.cpp:902:13:[m[K [01;35m[Kwarning: [m[Kcomparison of unsigned expression >= 0 is always true [[01;35m[K-Wtype-limits[m[K]
[1.042s]   902 |    if([01;35m[Kvalue >= 0[m[K && value <= 255)
[1.043s]       |       [01;35m[K~~~~~~^~~~[m[K
[1.043s] [01m[K/home/robo/ROS2/walk_test/src/control/src/action_editor/cmd_process.cpp:[m[K In function â€˜[01m[Kvoid PlayCmd()[m[Kâ€™:
[1.043s] [01m[K/home/robo/ROS2/walk_test/src/control/src/action_editor/cmd_process.cpp:1050:6:[m[K [01;35m[Kwarning: [m[Kunused variable â€˜[01m[Kvalue[m[Kâ€™ [[01;35m[K-Wunused-variable[m[K]
[1.043s]  1050 |  int [01;35m[Kvalue[m[K;
[1.043s]       |      [01;35m[K^~~~~[m[K
[1.043s] [01m[K/home/robo/ROS2/walk_test/src/control/src/action_editor/cmd_process.cpp:[m[K In function â€˜[01m[Kvoid OnOffCmd(bool, int, int*)[m[Kâ€™:
[1.043s] [01m[K/home/robo/ROS2/walk_test/src/control/src/action_editor/cmd_process.cpp:1176:20:[m[K [01;35m[Kwarning: [m[Kunused parameter â€˜[01m[Kon[m[Kâ€™ [[01;35m[K-Wunused-parameter[m[K]
[1.043s]  1176 | void OnOffCmd([01;35m[Kbool on[m[K, int num_param, int *list)
[1.043s]       |               [01;35m[K~~~~~^~[m[K
[1.043s] [01m[K/home/robo/ROS2/walk_test/src/control/src/action_editor/cmd_process.cpp:1176:28:[m[K [01;35m[Kwarning: [m[Kunused parameter â€˜[01m[Knum_param[m[Kâ€™ [[01;35m[K-Wunused-parameter[m[K]
[1.043s]  1176 | void OnOffCmd(bool on, [01;35m[Kint num_param[m[K, int *list)
[1.043s]       |                        [01;35m[K~~~~^~~~~~~~~[m[K
[1.043s] [01m[K/home/robo/ROS2/walk_test/src/control/src/action_editor/cmd_process.cpp:1176:44:[m[K [01;35m[Kwarning: [m[Kunused parameter â€˜[01m[Klist[m[Kâ€™ [[01;35m[K-Wunused-parameter[m[K]
[1.043s]  1176 | void OnOffCmd(bool on, int num_param, [01;35m[Kint *list[m[K)
[1.044s]       |                                       [01;35m[K~~~~~^~~~[m[K
[1.044s] [01m[K/home/robo/ROS2/walk_test/src/control/src/action_editor/cmd_process.cpp:[m[K In function â€˜[01m[Kvoid GoCmd(int)[m[Kâ€™:
[1.044s] [01m[K/home/robo/ROS2/walk_test/src/control/src/action_editor/cmd_process.cpp:1376:6:[m[K [01;35m[Kwarning: [m[Kunused variable â€˜[01m[Kn[m[Kâ€™ [[01;35m[K-Wunused-variable[m[K]
[1.044s]  1376 |  int [01;35m[Kn[m[K = 0;
[1.044s]       |      [01;35m[K^[m[K
[1.044s] [01m[K/home/robo/ROS2/walk_test/src/control/src/action_editor/cmd_process.cpp:1377:10:[m[K [01;35m[Kwarning: [m[Kunused variable â€˜[01m[Kparam[m[Kâ€™ [[01;35m[K-Wunused-variable[m[K]
[1.044s]  1377 |  uint8_t [01;35m[Kparam[m[K[JointData::NUMBER_OF_JOINTS * (1 + MX28::PARAM_BYTES)];
[1.045s]       |          [01;35m[K^~~~~[m[K
[1.045s] [01m[K/home/robo/ROS2/walk_test/src/control/src/action_editor/cmd_process.cpp:1378:11:[m[K [01;35m[Kwarning: [m[Kunused variable â€˜[01m[KwGoalPosition[m[Kâ€™ [[01;35m[K-Wunused-variable[m[K]
[1.045s]  1378 |  uint32_t [01;35m[KwGoalPosition[m[K, wStartPosition, wDistance;
[1.045s]       |           [01;35m[K^~~~~~~~~~~~~[m[K
[1.045s] [01m[K/home/robo/ROS2/walk_test/src/control/src/action_editor/cmd_process.cpp:1378:26:[m[K [01;35m[Kwarning: [m[Kunused variable â€˜[01m[KwStartPosition[m[Kâ€™ [[01;35m[K-Wunused-variable[m[K]
[1.045s]  1378 |  uint32_t wGoalPosition, [01;35m[KwStartPosition[m[K, wDistance;
[1.045s]       |                          [01;35m[K^~~~~~~~~~~~~~[m[K
[1.045s] [01m[K/home/robo/ROS2/walk_test/src/control/src/action_editor/cmd_process.cpp:1378:42:[m[K [01;35m[Kwarning: [m[Kunused variable â€˜[01m[KwDistance[m[Kâ€™ [[01;35m[K-Wunused-variable[m[K]
[1.045s]  1378 |  uint32_t wGoalPosition, wStartPosition, [01;35m[KwDistance[m[K;
[1.045s]       |                                          [01;35m[K^~~~~~~~~[m[K
[1.045s] [01m[K/home/robo/ROS2/walk_test/src/control/src/action_editor/cmd_process.cpp:[m[K In function â€˜[01m[Kvoid readServo()[m[Kâ€™:
[1.045s] [01m[K/home/robo/ROS2/walk_test/src/control/src/action_editor/cmd_process.cpp:1462:11:[m[K [01;35m[Kwarning: [m[Kunused variable â€˜[01m[Kvalue[m[Kâ€™ [[01;35m[K-Wunused-variable[m[K]
[1.045s]  1462 |  uint32_t [01;35m[Kvalue[m[K;
[1.045s]       |           [01;35m[K^~~~~[m[K
[1.650s] make[2]: *** [CMakeFiles/action.dir/build.make:89: CMakeFiles/action.dir/src/action_editor/cmd_process.cpp.o] Error 1
[1.650s] make[1]: *** [CMakeFiles/Makefile2:221: CMakeFiles/action.dir/all] Error 2
[1.650s] make: *** [Makefile:141: all] Error 2
[1.653s] Invoked command in '/home/robo/ROS2/walk_test/build/control' returned '2': CMAKE_PREFIX_PATH=/home/robo/ROS2/walk_test/install/dynamixel_sdk_custom_interfaces:/home/robo/ROS2/walk_test/install/control:/opt/ros/foxy LD_LIBRARY_PATH=/home/robo/ROS2/walk_test/install/dynamixel_sdk_custom_interfaces/lib:/home/robo/ROS2/walk_test/install/control/lib:/opt/ros/foxy/opt/yaml_cpp_vendor/lib:/opt/ros/foxy/opt/rviz_ogre_vendor/lib:/opt/ros/foxy/lib/x86_64-linux-gnu:/opt/ros/foxy/lib /usr/bin/cmake --build /home/robo/ROS2/walk_test/build/control -- -j12 -l12
