[35m[1mScanning dependencies of target read_write_node[0m
[ 50%] Built target minimal_pub
[ 75%] [32mBuilding CXX object CMakeFiles/read_write_node.dir/src/read_write_node.cpp.o[0m
In file included from [01m[K/home/robofei/ROS2/robotis_ws/install/dynamixel_sdk/include/dynamixel_sdk/group_bulk_read.h:29[m[K,
                 from [01m[K/home/robofei/ROS2/robotis_ws/install/dynamixel_sdk/include/dynamixel_sdk/dynamixel_sdk.h:26[m[K,
                 from [01m[K/home/robofei/ROS2/robotis_ws/src/DynamixelSDK/dynamixel_sdk_examples/src/read_write_node.cpp:36[m[K:
[01m[K/home/robofei/ROS2/robotis_ws/src/DynamixelSDK/dynamixel_sdk_examples/src/read_write_node.cpp:[m[K In lambda function:
[01m[K/home/robofei/ROS2/robotis_ws/src/DynamixelSDK/dynamixel_sdk_examples/src/read_write_node.cpp:99:55:[m[K [01;31m[Kerror: [m[Kâ€˜[01m[Kposition1[m[Kâ€™ was not declared in this scope; did you mean â€˜[01m[Kposition0[m[Kâ€™?
   99 |       param_goal_position0[0] = DXL_LOBYTE(DXL_LOWORD([01;31m[Kposition1[m[K));
      |                                                       [01;31m[K^~~~~~~~~[m[K
[01m[K/home/robofei/ROS2/robotis_ws/install/dynamixel_sdk/include/dynamixel_sdk/packet_handler.h:46:52:[m[K [01;36m[Knote: [m[Kin definition of macro â€˜[01m[KDXL_LOBYTE[m[Kâ€™
   46 | #define DXL_LOBYTE(w)       ((uint8_t)(((uint64_t)([01;36m[Kw[m[K)) & 0xff))
      |                                                    [01;36m[K^[m[K
[01m[K/home/robofei/ROS2/robotis_ws/src/DynamixelSDK/dynamixel_sdk_examples/src/read_write_node.cpp:99:44:[m[K [01;36m[Knote: [m[Kin expansion of macro â€˜[01m[KDXL_LOWORD[m[Kâ€™
   99 |       param_goal_position0[0] = DXL_LOBYTE([01;36m[KDXL_LOWORD[m[K(position1));
      |                                            [01;36m[K^~~~~~~~~~[m[K
[01m[K/home/robofei/ROS2/robotis_ws/src/DynamixelSDK/dynamixel_sdk_examples/src/read_write_node.cpp:104:55:[m[K [01;31m[Kerror: [m[Kâ€˜[01m[Kposition2[m[Kâ€™ was not declared in this scope; did you mean â€˜[01m[Kposition0[m[Kâ€™?
  104 |       param_goal_position1[0] = DXL_LOBYTE(DXL_LOWORD([01;31m[Kposition2[m[K));
      |                                                       [01;31m[K^~~~~~~~~[m[K
[01m[K/home/robofei/ROS2/robotis_ws/install/dynamixel_sdk/include/dynamixel_sdk/packet_handler.h:46:52:[m[K [01;36m[Knote: [m[Kin definition of macro â€˜[01m[KDXL_LOBYTE[m[Kâ€™
   46 | #define DXL_LOBYTE(w)       ((uint8_t)(((uint64_t)([01;36m[Kw[m[K)) & 0xff))
      |                                                    [01;36m[K^[m[K
[01m[K/home/robofei/ROS2/robotis_ws/src/DynamixelSDK/dynamixel_sdk_examples/src/read_write_node.cpp:104:44:[m[K [01;36m[Knote: [m[Kin expansion of macro â€˜[01m[KDXL_LOWORD[m[Kâ€™
  104 |       param_goal_position1[0] = DXL_LOBYTE([01;36m[KDXL_LOWORD[m[K(position2));
      |                                            [01;36m[K^~~~~~~~~~[m[K
[01m[K/home/robofei/ROS2/robotis_ws/src/DynamixelSDK/dynamixel_sdk_examples/src/read_write_node.cpp:115:62:[m[K [01;31m[Kerror: [m[Kexpected primary-expression before â€˜[01m[K)[m[Kâ€™ token
  115 |       dxl_addparam_result = group_sync_write.addParam(uint8_t[01;31m[K)[m[Kmsg->id[0], param_goal_position0);
      |                                                              [01;31m[K^[m[K
[01m[K/home/robofei/ROS2/robotis_ws/src/DynamixelSDK/dynamixel_sdk_examples/src/read_write_node.cpp:130:47:[m[K [01;31m[Kerror: [m[Kâ€˜[01m[Kusing element_type = struct dynamixel_sdk_custom_interfaces::msg::SetPosition_<std::allocator<void> >[m[Kâ€™ {aka â€˜[01m[Kstruct dynamixel_sdk_custom_interfaces::msg::SetPosition_<std::allocator<void> >[m[Kâ€™} has no member named â€˜[01m[Kposition1[m[Kâ€™; did you mean â€˜[01m[Kposition[m[Kâ€™?
  130 |       uint32_t position1 = (unsigned int)msg->[01;31m[Kposition1[m[K; // Convert int32 -> uint32
      |                                               [01;31m[K^~~~~~~~~[m[K
      |                                               [32m[Kposition[m[K
[01m[K/home/robofei/ROS2/robotis_ws/src/DynamixelSDK/dynamixel_sdk_examples/src/read_write_node.cpp:98:16:[m[K [01;35m[Kwarning: [m[Kunused variable â€˜[01m[Kposition0[m[Kâ€™ [[01;35m[K-Wunused-variable[m[K]
   98 |       uint32_t [01;35m[Kposition0[m[K = (unsigned int)msg->position[0]; // Convert int32 -> uint32
      |                [01;35m[K^~~~~~~~~[m[K
make[2]: *** [CMakeFiles/read_write_node.dir/build.make:63: CMakeFiles/read_write_node.dir/src/read_write_node.cpp.o] Error 1
make[1]: *** [CMakeFiles/Makefile2:107: CMakeFiles/read_write_node.dir/all] Error 2
make: *** [Makefile:141: all] Error 2
