[0.009s] Invoking command in '/home/robo/ROS2/walk_test/build/control': CMAKE_PREFIX_PATH=/home/robo/ROS2/walk_test/install/dynamixel_sdk_custom_interfaces:/home/robo/ROS2/walk_test/install/control:/opt/ros/foxy LD_LIBRARY_PATH=/home/robo/ROS2/walk_test/install/dynamixel_sdk_custom_interfaces/lib:/home/robo/ROS2/walk_test/install/control/lib:/opt/ros/foxy/opt/yaml_cpp_vendor/lib:/opt/ros/foxy/opt/rviz_ogre_vendor/lib:/opt/ros/foxy/lib/x86_64-linux-gnu:/opt/ros/foxy/lib /usr/bin/cmake --build /home/robo/ROS2/walk_test/build/control -- -j12 -l12
[0.040s] [35m[1mScanning dependencies of target action[0m
[0.054s] [ 16%] Built target decision
[0.054s] [ 16%] Built target gait_publisher
[0.055s] [ 24%] Built target control
[0.058s] [ 92%] Built target motion
[0.060s] [ 96%] [32mBuilding CXX object CMakeFiles/action.dir/src/action_editor/main.cpp.o[0m
[0.452s] In file included from [01m[K/home/robo/ROS2/walk_test/src/control/src/action_editor/main.cpp:22[m[K:
[0.452s] [01m[K/opt/ros/foxy/include/rcutils/types/char_array.h:41:10:[m[K [01;31m[Kerror: [m[Kexpected â€˜[01m[K)[m[Kâ€™ before â€˜[01m[K*[m[Kâ€™ token
[0.452s]    41 |   size_t [01;31m[Kbuffer_capacity[m[K;
[0.452s]       |          [01;31m[K^~~~~~~~~~~~~~~[m[K
[0.452s] [01m[K/opt/ros/foxy/include/rcutils/types/char_array.h:41:10:[m[K [01;31m[Kerror: [m[Kexpected â€˜[01m[K)[m[Kâ€™ before â€˜[01m[K*[m[Kâ€™ token
[0.452s] [01m[K/opt/ros/foxy/include/rcutils/types/char_array.h:74:10:[m[K [01;31m[Kerror: [m[Kexpected â€˜[01m[K)[m[Kâ€™ before â€˜[01m[K([m[Kâ€™ token
[0.452s]    74 |   size_t [01;31m[Kbuffer_capacity[m[K,
[0.452s]       |          [01;31m[K^~~~~~~~~~~~~~~[m[K
[0.452s] [01m[K/opt/ros/foxy/include/rcutils/types/char_array.h:74:10:[m[K [01;31m[Kerror: [m[Kexpected â€˜[01m[K)[m[Kâ€™ before â€˜[01m[K([m[Kâ€™ token
[0.452s] In file included from [01m[K/opt/ros/foxy/include/rcutils/types.h:24[m[K,
[0.453s]                  from [01m[K/opt/ros/foxy/include/rcutils/time.h:26[m[K,
[0.453s]                  from [01m[K/opt/ros/foxy/include/rcutils/logging.h:25[m[K,
[0.453s]                  from [01m[K/opt/ros/foxy/include/rmw/types.h:28[m[K,
[0.453s]                  from [01m[K/opt/ros/foxy/include/rcl/types.h:18[m[K,
[0.453s]                  from [01m[K/opt/ros/foxy/include/rcl/arguments.h:20[m[K,
[0.453s]                  from [01m[K/opt/ros/foxy/include/rcl/context.h:26[m[K,
[0.453s]                  from [01m[K/opt/ros/foxy/include/rcl/guard_condition.h:24[m[K,
[0.453s]                  from [01m[K/opt/ros/foxy/include/rclcpp/executor.hpp:29[m[K,
[0.453s]                  from [01m[K/opt/ros/foxy/include/rclcpp/executors/multi_threaded_executor.hpp:26[m[K,
[0.453s]                  from [01m[K/opt/ros/foxy/include/rclcpp/executors.hpp:21[m[K,
[0.453s]                  from [01m[K/opt/ros/foxy/include/rclcpp/rclcpp.hpp:146[m[K,
[0.453s]                  from [01m[K/home/robo/ROS2/walk_test/src/control/include/cmd_process.h:5[m[K,
[0.453s]                  from [01m[K/home/robo/ROS2/walk_test/src/control/src/action_editor/main.cpp:26[m[K:
[0.453s] [01m[K/opt/ros/foxy/include/rcutils/types/char_array.h:72:24:[m[K [01;36m[Knote: [m[Kto match this â€˜[01m[K([m[Kâ€™
[0.453s]    72 | rcutils_char_array_init[01;36m[K([m[K
[0.453s]       |                        [01;36m[K^[m[K
[0.453s] In file included from [01m[K/home/robo/ROS2/walk_test/src/control/src/action_editor/main.cpp:22[m[K:
[0.453s] [01m[K/opt/ros/foxy/include/rcutils/types/char_array.h:74:10:[m[K [01;31m[Kerror: [m[Kinitializer provided for function
[0.453s]    74 |   size_t [01;31m[Kbuffer_capacity[m[K,
[0.453s]       |          [01;31m[K^~~~~~~~~~~~~~~[m[K
[0.454s] [01m[K/opt/ros/foxy/include/rcutils/types/char_array.h:74:10:[m[K [01;31m[Kerror: [m[Kexpected â€˜[01m[K,[m[Kâ€™ or â€˜[01m[K;[m[Kâ€™ before â€˜[01m[K->[m[Kâ€™ token
[0.454s]    74 |   size_t [01;31m[Kbuffer_capacity[m[K,
[0.454s]       |          [01;31m[K^~~~~~~~~~~~~~~[m[K
[0.454s] [01m[K/opt/ros/foxy/include/rcutils/types/uint8_array.h:33:10:[m[K [01;31m[Kerror: [m[Kexpected â€˜[01m[K)[m[Kâ€™ before â€˜[01m[K*[m[Kâ€™ token
[0.454s]    33 |   size_t [01;31m[Kbuffer_capacity[m[K;
[0.454s]       |          [01;31m[K^~~~~~~~~~~~~~~[m[K
[0.454s] [01m[K/opt/ros/foxy/include/rcutils/types/uint8_array.h:33:10:[m[K [01;31m[Kerror: [m[Kexpected â€˜[01m[K)[m[Kâ€™ before â€˜[01m[K*[m[Kâ€™ token
[0.454s] [01m[K/opt/ros/foxy/include/rcutils/types/uint8_array.h:65:10:[m[K [01;31m[Kerror: [m[Kexpected â€˜[01m[K)[m[Kâ€™ before â€˜[01m[K([m[Kâ€™ token
[0.454s]    65 |   size_t [01;31m[Kbuffer_capacity[m[K,
[0.454s]       |          [01;31m[K^~~~~~~~~~~~~~~[m[K
[0.454s] [01m[K/opt/ros/foxy/include/rcutils/types/uint8_array.h:65:10:[m[K [01;31m[Kerror: [m[Kexpected â€˜[01m[K)[m[Kâ€™ before â€˜[01m[K([m[Kâ€™ token
[0.454s] In file included from [01m[K/opt/ros/foxy/include/rcutils/types.h:29[m[K,
[0.454s]                  from [01m[K/opt/ros/foxy/include/rcutils/time.h:26[m[K,
[0.454s]                  from [01m[K/opt/ros/foxy/include/rcutils/logging.h:25[m[K,
[0.454s]                  from [01m[K/opt/ros/foxy/include/rmw/types.h:28[m[K,
[0.454s]                  from [01m[K/opt/ros/foxy/include/rcl/types.h:18[m[K,
[0.454s]                  from [01m[K/opt/ros/foxy/include/rcl/arguments.h:20[m[K,
[0.454s]                  from [01m[K/opt/ros/foxy/include/rcl/context.h:26[m[K,
[0.454s]                  from [01m[K/opt/ros/foxy/include/rcl/guard_condition.h:24[m[K,
[0.455s]                  from [01m[K/opt/ros/foxy/include/rclcpp/executor.hpp:29[m[K,
[0.455s]                  from [01m[K/opt/ros/foxy/include/rclcpp/executors/multi_threaded_executor.hpp:26[m[K,
[0.455s]                  from [01m[K/opt/ros/foxy/include/rclcpp/executors.hpp:21[m[K,
[0.455s]                  from [01m[K/opt/ros/foxy/include/rclcpp/rclcpp.hpp:146[m[K,
[0.455s]                  from [01m[K/home/robo/ROS2/walk_test/src/control/include/cmd_process.h:5[m[K,
[0.455s]                  from [01m[K/home/robo/ROS2/walk_test/src/control/src/action_editor/main.cpp:26[m[K:
[0.455s] [01m[K/opt/ros/foxy/include/rcutils/types/uint8_array.h:63:25:[m[K [01;36m[Knote: [m[Kto match this â€˜[01m[K([m[Kâ€™
[0.455s]    63 | rcutils_uint8_array_init[01;36m[K([m[K
[0.455s]       |                         [01;36m[K^[m[K
[0.455s] In file included from [01m[K/home/robo/ROS2/walk_test/src/control/src/action_editor/main.cpp:22[m[K:
[0.455s] [01m[K/opt/ros/foxy/include/rcutils/types/uint8_array.h:65:10:[m[K [01;31m[Kerror: [m[Kinitializer provided for function
[0.455s]    65 |   size_t [01;31m[Kbuffer_capacity[m[K,
[0.455s]       |          [01;31m[K^~~~~~~~~~~~~~~[m[K
[0.455s] [01m[K/opt/ros/foxy/include/rcutils/types/uint8_array.h:65:10:[m[K [01;31m[Kerror: [m[Kexpected â€˜[01m[K,[m[Kâ€™ or â€˜[01m[K;[m[Kâ€™ before â€˜[01m[K->[m[Kâ€™ token
[0.455s]    65 |   size_t [01;31m[Kbuffer_capacity[m[K,
[0.455s]       |          [01;31m[K^~~~~~~~~~~~~~~[m[K
[1.287s] make[2]: *** [CMakeFiles/action.dir/build.make:63: CMakeFiles/action.dir/src/action_editor/main.cpp.o] Error 1
[1.287s] make[1]: *** [CMakeFiles/Makefile2:248: CMakeFiles/action.dir/all] Error 2
[1.287s] make: *** [Makefile:141: all] Error 2
[1.289s] Invoked command in '/home/robo/ROS2/walk_test/build/control' returned '2': CMAKE_PREFIX_PATH=/home/robo/ROS2/walk_test/install/dynamixel_sdk_custom_interfaces:/home/robo/ROS2/walk_test/install/control:/opt/ros/foxy LD_LIBRARY_PATH=/home/robo/ROS2/walk_test/install/dynamixel_sdk_custom_interfaces/lib:/home/robo/ROS2/walk_test/install/control/lib:/opt/ros/foxy/opt/yaml_cpp_vendor/lib:/opt/ros/foxy/opt/rviz_ogre_vendor/lib:/opt/ros/foxy/lib/x86_64-linux-gnu:/opt/ros/foxy/lib /usr/bin/cmake --build /home/robo/ROS2/walk_test/build/control -- -j12 -l12
