[35m[1mScanning dependencies of target action[0m
[35m[1mScanning dependencies of target control[0m
[35m[1mScanning dependencies of target motion[0m
[ 16%] Built target decision
[ 16%] Built target gait_publisher
[ 20%] [32mBuilding CXX object CMakeFiles/action.dir/src/action_editor/main.cpp.o[0m
[ 24%] [32mBuilding CXX object CMakeFiles/control.dir/src/control.cpp.o[0m
[ 36%] [32mBuilding CXX object CMakeFiles/motion.dir/src/motion/AngleEstimator.cpp.o[0m
[ 36%] [32mBuilding CXX object CMakeFiles/motion.dir/src/motion/modules/Walking.cpp.o[0m
[ 36%] [32mBuilding CXX object CMakeFiles/motion.dir/src/motion/MotionManager.cpp.o[0m
[ 40%] [32mBuilding CXX object CMakeFiles/motion.dir/src/motion/JointData.cpp.o[0m
[ 48%] [32mBuilding CXX object CMakeFiles/motion.dir/src/motion/MotionStatus.cpp.o[0m
[ 48%] [32mBuilding CXX object CMakeFiles/motion.dir/src/motion/modules/Action.cpp.o[0m
[ 52%] [32mBuilding CXX object CMakeFiles/motion.dir/src/minIni/minIni.cpp.o[0m
[ 56%] [32mBuilding CXX object CMakeFiles/motion.dir/src/motion/Kinematics.cpp.o[0m
[ 60%] [32mBuilding CXX object CMakeFiles/motion.dir/src/GaitMove.cpp.o[0m
In file included from [01m[K/home/robo/ROS2/walk_test/src/control/src/minIni/minIni.cpp:33[m[K:
[01m[K/home/robo/ROS2/walk_test/src/control/include/minIni.h:22:10:[m[K [01;31m[Kfatal error: [m[KminGlue.h: No such file or directory
   22 | #include [01;31m[K"minGlue.h"[m[K
      |          [01;31m[K^~~~~~~~~~~[m[K
compilation terminated.
make[2]: *** [CMakeFiles/motion.dir/build.make:232: CMakeFiles/motion.dir/src/minIni/minIni.cpp.o] Error 1
make[2]: *** Waiting for unfinished jobs....
[ 64%] [32mBuilding CXX object CMakeFiles/motion.dir/src/ReadConfig.cpp.o[0m
[01m[K/home/robo/ROS2/walk_test/src/control/src/motion/modules/Action.cpp:[m[K In member function â€˜[01m[Kbool Robot::Action::SavePage(int, Robot::Action::PAGE*)[m[Kâ€™:
[01m[K/home/robo/ROS2/walk_test/src/control/src/motion/modules/Action.cpp:261:5:[m[K [01;35m[Kwarning: [m[Kthis â€˜[01m[Kif[m[Kâ€™ clause does not guard... [[01;35m[K-Wmisleading-indentation[m[K]
  261 |     [01;35m[Kif[m[K( fwrite( pPage, 1, sizeof(PAGE), m_ActionFile ) != sizeof(PAGE) )
      |     [01;35m[K^~[m[K
[01m[K/home/robo/ROS2/walk_test/src/control/src/motion/modules/Action.cpp:264:2:[m[K [01;36m[Knote: [m[K...this statement, but the latter is misleadingly indented as if it were guarded by the â€˜[01m[Kif[m[Kâ€™
  264 |  [01;36m[Kreturn[m[K true;
      |  [01;36m[K^~~~~~[m[K
In file included from [01m[K/home/robo/ROS2/walk_test/src/control/include/Walking.h:13[m[K,
                 from [01m[K/home/robo/ROS2/walk_test/src/control/src/motion/modules/Walking.cpp:14[m[K:
[01m[K/home/robo/ROS2/walk_test/src/control/include/minIni.h:22:10:[m[K [01;31m[Kfatal error: [m[KminGlue.h: No such file or directory
   22 | #include [01;31m[K"minGlue.h"[m[K
      |          [01;31m[K^~~~~~~~~~~[m[K
compilation terminated.
make[2]: *** [CMakeFiles/motion.dir/build.make:76: CMakeFiles/motion.dir/src/motion/modules/Walking.cpp.o] Error 1
In file included from [01m[K/home/robo/ROS2/walk_test/src/control/src/motion/AngleEstimator.cpp:5[m[K:
[01m[K/home/robo/ROS2/walk_test/src/control/include/minIni.h:22:10:[m[K [01;31m[Kfatal error: [m[KminGlue.h: No such file or directory
   22 | #include [01;31m[K"minGlue.h"[m[K
      |          [01;31m[K^~~~~~~~~~~[m[K
compilation terminated.
make[2]: *** [CMakeFiles/motion.dir/build.make:89: CMakeFiles/motion.dir/src/motion/AngleEstimator.cpp.o] Error 1
In file included from [01m[K/home/robo/ROS2/walk_test/src/control/include/ReadConfig.hpp:22[m[K,
                 from [01m[K/home/robo/ROS2/walk_test/src/control/src/ReadConfig.cpp:3[m[K:
[01m[K/home/robo/ROS2/walk_test/src/control/include/minIni.h:22:10:[m[K [01;31m[Kfatal error: [m[KminGlue.h: No such file or directory
   22 | #include [01;31m[K"minGlue.h"[m[K
      |          [01;31m[K^~~~~~~~~~~[m[K
compilation terminated.
In file included from [01m[K/home/robo/ROS2/walk_test/src/control/include/MotionManager.h:17[m[K,
                 from [01m[K/home/robo/ROS2/walk_test/src/control/src/control.cpp:19[m[K:
[01m[K/home/robo/ROS2/walk_test/src/control/include/minIni.h:22:10:[m[K [01;31m[Kfatal error: [m[KminGlue.h: No such file or directory
   22 | #include [01;31m[K"minGlue.h"[m[K
      |          [01;31m[K^~~~~~~~~~~[m[K
compilation terminated.
make[2]: *** [CMakeFiles/motion.dir/build.make:258: CMakeFiles/motion.dir/src/ReadConfig.cpp.o] Error 1
make[2]: *** [CMakeFiles/control.dir/build.make:63: CMakeFiles/control.dir/src/control.cpp.o] Error 1
make[1]: *** [CMakeFiles/Makefile2:140: CMakeFiles/control.dir/all] Error 2
make[1]: *** Waiting for unfinished jobs....
In file included from [01m[K/home/robo/ROS2/walk_test/src/control/include/MotionManager.h:17[m[K,
                 from [01m[K/home/robo/ROS2/walk_test/src/control/src/GaitMove.cpp:21[m[K:
[01m[K/home/robo/ROS2/walk_test/src/control/include/minIni.h:22:10:[m[K [01;31m[Kfatal error: [m[KminGlue.h: No such file or directory
   22 | #include [01;31m[K"minGlue.h"[m[K
      |          [01;31m[K^~~~~~~~~~~[m[K
compilation terminated.
make[2]: *** [CMakeFiles/motion.dir/build.make:245: CMakeFiles/motion.dir/src/GaitMove.cpp.o] Error 1
In file included from [01m[K/home/robo/ROS2/walk_test/src/control/include/MotionManager.h:17[m[K,
                 from [01m[K/home/robo/ROS2/walk_test/src/control/src/motion/MotionManager.cpp:25[m[K:
[01m[K/home/robo/ROS2/walk_test/src/control/include/minIni.h:22:10:[m[K [01;31m[Kfatal error: [m[KminGlue.h: No such file or directory
   22 | #include [01;31m[K"minGlue.h"[m[K
      |          [01;31m[K^~~~~~~~~~~[m[K
compilation terminated.
make[2]: *** [CMakeFiles/motion.dir/build.make:63: CMakeFiles/motion.dir/src/motion/MotionManager.cpp.o] Error 1
In file included from [01m[K/home/robo/ROS2/walk_test/src/control/include/MotionManager.h:17[m[K,
                 from [01m[K/home/robo/ROS2/walk_test/src/control/src/motion/JointData.cpp:10[m[K:
[01m[K/home/robo/ROS2/walk_test/src/control/include/minIni.h:22:10:[m[K [01;31m[Kfatal error: [m[KminGlue.h: No such file or directory
   22 | #include [01;31m[K"minGlue.h"[m[K
      |          [01;31m[K^~~~~~~~~~~[m[K
compilation terminated.
make[2]: *** [CMakeFiles/motion.dir/build.make:180: CMakeFiles/motion.dir/src/motion/JointData.cpp.o] Error 1
make[1]: *** [CMakeFiles/Makefile2:194: CMakeFiles/motion.dir/all] Error 2
In file included from [01m[K/home/robo/ROS2/walk_test/src/control/src/action_editor/main.cpp:30[m[K:
[01m[K/home/robo/ROS2/walk_test/src/control/include/minIni.h:22:10:[m[K [01;31m[Kfatal error: [m[KminGlue.h: No such file or directory
   22 | #include [01;31m[K"minGlue.h"[m[K
      |          [01;31m[K^~~~~~~~~~~[m[K
compilation terminated.
make[2]: *** [CMakeFiles/action.dir/build.make:63: CMakeFiles/action.dir/src/action_editor/main.cpp.o] Error 1
make[1]: *** [CMakeFiles/Makefile2:248: CMakeFiles/action.dir/all] Error 2
make: *** [Makefile:141: all] Error 2
