[0.009s] Invoking command in '/home/robo/ROS2/walk_test/build/control': CMAKE_PREFIX_PATH=/home/robo/ROS2/walk_test/install/dynamixel_sdk_custom_interfaces:/home/robo/ROS2/walk_test/install/control:/opt/ros/foxy LD_LIBRARY_PATH=/home/robo/ROS2/walk_test/install/dynamixel_sdk_custom_interfaces/lib:/home/robo/ROS2/walk_test/install/control/lib:/opt/ros/foxy/opt/yaml_cpp_vendor/lib:/opt/ros/foxy/opt/rviz_ogre_vendor/lib:/opt/ros/foxy/lib/x86_64-linux-gnu:/opt/ros/foxy/lib /usr/bin/cmake --build /home/robo/ROS2/walk_test/build/control -- -j12 -l12
[0.042s] [35m[1mScanning dependencies of target action[0m
[0.042s] [35m[1mScanning dependencies of target control[0m
[0.044s] [35m[1mScanning dependencies of target motion[0m
[0.056s] [ 16%] Built target decision
[0.056s] [ 16%] Built target gait_publisher
[0.070s] [ 20%] [32mBuilding CXX object CMakeFiles/action.dir/src/action_editor/main.cpp.o[0m
[0.071s] [ 24%] [32mBuilding CXX object CMakeFiles/control.dir/src/control.cpp.o[0m
[0.085s] [ 36%] [32mBuilding CXX object CMakeFiles/motion.dir/src/motion/AngleEstimator.cpp.o[0m
[0.086s] [ 36%] [32mBuilding CXX object CMakeFiles/motion.dir/src/motion/modules/Walking.cpp.o[0m
[0.086s] [ 36%] [32mBuilding CXX object CMakeFiles/motion.dir/src/motion/MotionManager.cpp.o[0m
[0.086s] [ 40%] [32mBuilding CXX object CMakeFiles/motion.dir/src/motion/JointData.cpp.o[0m
[0.086s] [ 48%] [32mBuilding CXX object CMakeFiles/motion.dir/src/motion/MotionStatus.cpp.o[0m
[0.086s] [ 48%] [32mBuilding CXX object CMakeFiles/motion.dir/src/motion/modules/Action.cpp.o[0m
[0.086s] [ 52%] [32mBuilding CXX object CMakeFiles/motion.dir/src/minIni/minIni.cpp.o[0m
[0.086s] [ 56%] [32mBuilding CXX object CMakeFiles/motion.dir/src/motion/Kinematics.cpp.o[0m
[0.086s] [ 60%] [32mBuilding CXX object CMakeFiles/motion.dir/src/GaitMove.cpp.o[0m
[0.094s] In file included from [01m[K/home/robo/ROS2/walk_test/src/control/src/minIni/minIni.cpp:33[m[K:
[0.094s] [01m[K/home/robo/ROS2/walk_test/src/control/include/minIni.h:22:10:[m[K [01;31m[Kfatal error: [m[KminGlue.h: No such file or directory
[0.094s]    22 | #include [01;31m[K"minGlue.h"[m[K
[0.094s]       |          [01;31m[K^~~~~~~~~~~[m[K
[0.094s] compilation terminated.
[0.095s] make[2]: *** [CMakeFiles/motion.dir/build.make:232: CMakeFiles/motion.dir/src/minIni/minIni.cpp.o] Error 1
[0.095s] make[2]: *** Waiting for unfinished jobs....
[0.096s] [ 64%] [32mBuilding CXX object CMakeFiles/motion.dir/src/ReadConfig.cpp.o[0m
[0.109s] [01m[K/home/robo/ROS2/walk_test/src/control/src/motion/modules/Action.cpp:[m[K In member function â€˜[01m[Kbool Robot::Action::SavePage(int, Robot::Action::PAGE*)[m[Kâ€™:
[0.109s] [01m[K/home/robo/ROS2/walk_test/src/control/src/motion/modules/Action.cpp:261:5:[m[K [01;35m[Kwarning: [m[Kthis â€˜[01m[Kif[m[Kâ€™ clause does not guard... [[01;35m[K-Wmisleading-indentation[m[K]
[0.109s]   261 |     [01;35m[Kif[m[K( fwrite( pPage, 1, sizeof(PAGE), m_ActionFile ) != sizeof(PAGE) )
[0.110s]       |     [01;35m[K^~[m[K
[0.110s] [01m[K/home/robo/ROS2/walk_test/src/control/src/motion/modules/Action.cpp:264:2:[m[K [01;36m[Knote: [m[K...this statement, but the latter is misleadingly indented as if it were guarded by the â€˜[01m[Kif[m[Kâ€™
[0.110s]   264 |  [01;36m[Kreturn[m[K true;
[0.110s]       |  [01;36m[K^~~~~~[m[K
[0.121s] In file included from [01m[K/home/robo/ROS2/walk_test/src/control/include/Walking.h:13[m[K,
[0.121s]                  from [01m[K/home/robo/ROS2/walk_test/src/control/src/motion/modules/Walking.cpp:14[m[K:
[0.122s] [01m[K/home/robo/ROS2/walk_test/src/control/include/minIni.h:22:10:[m[K [01;31m[Kfatal error: [m[KminGlue.h: No such file or directory
[0.122s]    22 | #include [01;31m[K"minGlue.h"[m[K
[0.122s]       |          [01;31m[K^~~~~~~~~~~[m[K
[0.122s] compilation terminated.
[0.122s] make[2]: *** [CMakeFiles/motion.dir/build.make:76: CMakeFiles/motion.dir/src/motion/modules/Walking.cpp.o] Error 1
[0.128s] In file included from [01m[K/home/robo/ROS2/walk_test/src/control/src/motion/AngleEstimator.cpp:5[m[K:
[0.128s] [01m[K/home/robo/ROS2/walk_test/src/control/include/minIni.h:22:10:[m[K [01;31m[Kfatal error: [m[KminGlue.h: No such file or directory
[0.128s]    22 | #include [01;31m[K"minGlue.h"[m[K
[0.128s]       |          [01;31m[K^~~~~~~~~~~[m[K
[0.128s] compilation terminated.
[0.128s] make[2]: *** [CMakeFiles/motion.dir/build.make:89: CMakeFiles/motion.dir/src/motion/AngleEstimator.cpp.o] Error 1
[0.133s] In file included from [01m[K/home/robo/ROS2/walk_test/src/control/include/ReadConfig.hpp:22[m[K,
[0.133s]                  from [01m[K/home/robo/ROS2/walk_test/src/control/src/ReadConfig.cpp:3[m[K:
[0.133s] [01m[K/home/robo/ROS2/walk_test/src/control/include/minIni.h:22:10:[m[K [01;31m[Kfatal error: [m[KminGlue.h: No such file or directory
[0.134s]    22 | #include [01;31m[K"minGlue.h"[m[K
[0.134s]       |          [01;31m[K^~~~~~~~~~~[m[K
[0.134s] compilation terminated.
[0.134s] In file included from [01m[K/home/robo/ROS2/walk_test/src/control/include/MotionManager.h:17[m[K,
[0.134s]                  from [01m[K/home/robo/ROS2/walk_test/src/control/src/control.cpp:19[m[K:
[0.134s] [01m[K/home/robo/ROS2/walk_test/src/control/include/minIni.h:22:10:[m[K [01;31m[Kfatal error: [m[KminGlue.h: No such file or directory
[0.134s]    22 | #include [01;31m[K"minGlue.h"[m[K
[0.134s]       |          [01;31m[K^~~~~~~~~~~[m[K
[0.134s] compilation terminated.
[0.134s] make[2]: *** [CMakeFiles/motion.dir/build.make:258: CMakeFiles/motion.dir/src/ReadConfig.cpp.o] Error 1
[0.135s] make[2]: *** [CMakeFiles/control.dir/build.make:63: CMakeFiles/control.dir/src/control.cpp.o] Error 1
[0.135s] make[1]: *** [CMakeFiles/Makefile2:140: CMakeFiles/control.dir/all] Error 2
[0.135s] make[1]: *** Waiting for unfinished jobs....
[0.143s] In file included from [01m[K/home/robo/ROS2/walk_test/src/control/include/MotionManager.h:17[m[K,
[0.143s]                  from [01m[K/home/robo/ROS2/walk_test/src/control/src/GaitMove.cpp:21[m[K:
[0.143s] [01m[K/home/robo/ROS2/walk_test/src/control/include/minIni.h:22:10:[m[K [01;31m[Kfatal error: [m[KminGlue.h: No such file or directory
[0.143s]    22 | #include [01;31m[K"minGlue.h"[m[K
[0.143s]       |          [01;31m[K^~~~~~~~~~~[m[K
[0.143s] compilation terminated.
[0.144s] make[2]: *** [CMakeFiles/motion.dir/build.make:245: CMakeFiles/motion.dir/src/GaitMove.cpp.o] Error 1
[0.148s] In file included from [01m[K/home/robo/ROS2/walk_test/src/control/include/MotionManager.h:17[m[K,
[0.148s]                  from [01m[K/home/robo/ROS2/walk_test/src/control/src/motion/MotionManager.cpp:25[m[K:
[0.148s] [01m[K/home/robo/ROS2/walk_test/src/control/include/minIni.h:22:10:[m[K [01;31m[Kfatal error: [m[KminGlue.h: No such file or directory
[0.148s]    22 | #include [01;31m[K"minGlue.h"[m[K
[0.148s]       |          [01;31m[K^~~~~~~~~~~[m[K
[0.148s] compilation terminated.
[0.149s] make[2]: *** [CMakeFiles/motion.dir/build.make:63: CMakeFiles/motion.dir/src/motion/MotionManager.cpp.o] Error 1
[0.149s] In file included from [01m[K/home/robo/ROS2/walk_test/src/control/include/MotionManager.h:17[m[K,
[0.149s]                  from [01m[K/home/robo/ROS2/walk_test/src/control/src/motion/JointData.cpp:10[m[K:
[0.149s] [01m[K/home/robo/ROS2/walk_test/src/control/include/minIni.h:22:10:[m[K [01;31m[Kfatal error: [m[KminGlue.h: No such file or directory
[0.149s]    22 | #include [01;31m[K"minGlue.h"[m[K
[0.149s]       |          [01;31m[K^~~~~~~~~~~[m[K
[0.149s] compilation terminated.
[0.150s] make[2]: *** [CMakeFiles/motion.dir/build.make:180: CMakeFiles/motion.dir/src/motion/JointData.cpp.o] Error 1
[0.155s] make[1]: *** [CMakeFiles/Makefile2:194: CMakeFiles/motion.dir/all] Error 2
[0.190s] In file included from [01m[K/home/robo/ROS2/walk_test/src/control/src/action_editor/main.cpp:30[m[K:
[0.190s] [01m[K/home/robo/ROS2/walk_test/src/control/include/minIni.h:22:10:[m[K [01;31m[Kfatal error: [m[KminGlue.h: No such file or directory
[0.190s]    22 | #include [01;31m[K"minGlue.h"[m[K
[0.190s]       |          [01;31m[K^~~~~~~~~~~[m[K
[0.190s] compilation terminated.
[0.191s] make[2]: *** [CMakeFiles/action.dir/build.make:63: CMakeFiles/action.dir/src/action_editor/main.cpp.o] Error 1
[0.191s] make[1]: *** [CMakeFiles/Makefile2:248: CMakeFiles/action.dir/all] Error 2
[0.191s] make: *** [Makefile:141: all] Error 2
[0.193s] Invoked command in '/home/robo/ROS2/walk_test/build/control' returned '2': CMAKE_PREFIX_PATH=/home/robo/ROS2/walk_test/install/dynamixel_sdk_custom_interfaces:/home/robo/ROS2/walk_test/install/control:/opt/ros/foxy LD_LIBRARY_PATH=/home/robo/ROS2/walk_test/install/dynamixel_sdk_custom_interfaces/lib:/home/robo/ROS2/walk_test/install/control/lib:/opt/ros/foxy/opt/yaml_cpp_vendor/lib:/opt/ros/foxy/opt/rviz_ogre_vendor/lib:/opt/ros/foxy/lib/x86_64-linux-gnu:/opt/ros/foxy/lib /usr/bin/cmake --build /home/robo/ROS2/walk_test/build/control -- -j12 -l12
