[0.013s] Invoking command in '/home/robofei/ROS2/action/build/control': AMENT_PREFIX_PATH=/home/robofei/ROS2/action/install/custom_interfaces:${AMENT_PREFIX_PATH} CMAKE_PREFIX_PATH=/home/robofei/ROS2/action/install/custom_interfaces:/opt/ros/foxy LD_LIBRARY_PATH=/home/robofei/ROS2/action/install/custom_interfaces/lib:${LD_LIBRARY_PATH} PYTHONPATH=/home/robofei/ROS2/action/install/custom_interfaces/lib/python3.8/site-packages:${PYTHONPATH} /usr/bin/cmake --build /home/robofei/ROS2/action/build/control -- -j4 -l4
[0.075s] [ 50%] [32mBuilding CXX object CMakeFiles/action_node.dir/src/main.cpp.o[0m
[0.699s] [01m[K/home/robofei/ROS2/action/src/control/src/main.cpp:335:35:[m[K [01;35m[Kwarning: [m[Kcharacter constant too long for its type
[0.699s]   335 |             if(read_int(movement==[01;35m[K'goodbye'[m[K) == 20)
[0.700s]       |                                   [01;35m[K^~~~~~~~~[m[K
[0.700s] [01m[K/home/robofei/ROS2/action/src/control/src/main.cpp:500:21:[m[K [01;35m[Kwarning: [m[Kcharacter constant too long for its type
[0.700s]   500 |     last_movement = [01;35m[K'pose_stand_up'[m[K;
[0.700s]       |                     [01;35m[K^~~~~~~~~~~~~~~[m[K
[0.700s] [01m[K/home/robofei/ROS2/action/src/control/src/main.cpp:501:16:[m[K [01;35m[Kwarning: [m[Kcharacter constant too long for its type
[0.700s]   501 |     movement = [01;35m[K'pose_stand_up'[m[K;
[0.700s]       |                [01;35m[K^~~~~~~~~~~~~~~[m[K
[2.378s] [01m[K/home/robofei/ROS2/action/src/control/src/main.cpp:366:5:[m[K [01;31m[Kerror: [m[Kexpected unqualified-id before â€˜[01m[Kreturn[m[Kâ€™
[2.378s]   366 |     [01;31m[Kreturn[m[K 0;
[2.378s]       |     [01;31m[K^~~~~~[m[K
[2.379s] [01m[K/home/robofei/ROS2/action/src/control/src/main.cpp:367:2:[m[K [01;31m[Kerror: [m[Kexpected â€˜[01m[K;[m[Kâ€™ after class definition
[2.379s]   367 | }
[2.379s]       |  [01;31m[K^[m[K
[2.379s]       |  [32m[K;[m[K
[2.380s] [01m[K/home/robofei/ROS2/action/src/control/src/main.cpp:[m[K In constructor â€˜[01m[KActionNode::ActionNode()[m[Kâ€™:
[2.380s] [01m[K/home/robofei/ROS2/action/src/control/src/main.cpp:68:69:[m[K [01;31m[Kerror: [m[Kâ€˜[01m[K_1[m[Kâ€™ was not declared in this scope
[2.380s]    68 |       "/decision", 10, std::bind(&ActionNode::topic_callback, this, [01;31m[K_1[m[K));
[2.380s]       |                                                                     [01;31m[K^~[m[K
[2.380s] [01m[K/home/robofei/ROS2/action/src/control/src/main.cpp:68:69:[m[K [01;36m[Knote: [m[Ksuggested alternatives:
[2.380s] In file included from [01m[K/usr/include/boost/mpl/aux_/include_preprocessed.hpp:37[m[K,
[2.381s]                  from [01m[K/usr/include/boost/mpl/placeholders.hpp:43[m[K,
[2.381s]                  from [01m[K/usr/include/boost/iterator/iterator_categories.hpp:16[m[K,
[2.381s]                  from [01m[K/usr/include/boost/iterator/iterator_facade.hpp:13[m[K,
[2.381s]                  from [01m[K/usr/include/boost/range/iterator_range_core.hpp:27[m[K,
[2.381s]                  from [01m[K/usr/include/boost/lexical_cast.hpp:30[m[K,
[2.381s]                  from [01m[K/usr/include/boost/program_options/value_semantic.hpp:14[m[K,
[2.381s]                  from [01m[K/usr/include/boost/program_options/options_description.hpp:13[m[K,
[2.381s]                  from [01m[K/usr/include/boost/program_options.hpp:15[m[K,
[2.381s]                  from [01m[K/home/robofei/ROS2/action/src/control/src/main.cpp:41[m[K:
[2.381s] [01m[K/usr/include/boost/mpl/aux_/preprocessed/gcc/placeholders.hpp:29:16:[m[K [01;36m[Knote: [m[K  â€˜[01m[Kmpl_::_1[m[Kâ€™
[2.382s]    29 | typedef arg<1> [01;36m[K_1[m[K;
[2.382s]       |                [01;36m[K^~[m[K
[2.382s] In file included from [01m[K/opt/ros/foxy/include/rclcpp/context.hpp:19[m[K,
[2.382s]                  from [01m[K/opt/ros/foxy/include/rclcpp/contexts/default_context.hpp:18[m[K,
[2.382s]                  from [01m[K/opt/ros/foxy/include/rclcpp/executor.hpp:32[m[K,
[2.382s]                  from [01m[K/opt/ros/foxy/include/rclcpp/executors/multi_threaded_executor.hpp:26[m[K,
[2.382s]                  from [01m[K/opt/ros/foxy/include/rclcpp/executors.hpp:21[m[K,
[2.382s]                  from [01m[K/opt/ros/foxy/include/rclcpp/rclcpp.hpp:146[m[K,
[2.382s]                  from [01m[K/home/robofei/ROS2/action/src/control/src/main.cpp:32[m[K:
[2.382s] [01m[K/usr/include/c++/9/functional:211:34:[m[K [01;36m[Knote: [m[K  â€˜[01m[Kstd::placeholders::_1[m[Kâ€™
[2.383s]   211 |     extern const _Placeholder<1> [01;36m[K_1[m[K;
[2.383s]       |                                  [01;36m[K^~[m[K
[2.383s] In file included from [01m[K/usr/include/boost/mpl/aux_/include_preprocessed.hpp:37[m[K,
[2.383s]                  from [01m[K/usr/include/boost/mpl/placeholders.hpp:43[m[K,
[2.383s]                  from [01m[K/usr/include/boost/iterator/iterator_categories.hpp:16[m[K,
[2.383s]                  from [01m[K/usr/include/boost/iterator/iterator_facade.hpp:13[m[K,
[2.383s]                  from [01m[K/usr/include/boost/range/iterator_range_core.hpp:27[m[K,
[2.383s]                  from [01m[K/usr/include/boost/lexical_cast.hpp:30[m[K,
[2.383s]                  from [01m[K/usr/include/boost/program_options/value_semantic.hpp:14[m[K,
[2.383s]                  from [01m[K/usr/include/boost/program_options/options_description.hpp:13[m[K,
[2.384s]                  from [01m[K/usr/include/boost/program_options.hpp:15[m[K,
[2.384s]                  from [01m[K/home/robofei/ROS2/action/src/control/src/main.cpp:41[m[K:
[2.384s] [01m[K/usr/include/boost/mpl/aux_/preprocessed/gcc/placeholders.hpp:29:16:[m[K [01;36m[Knote: [m[K  â€˜[01m[Kmpl_::_1[m[Kâ€™
[2.384s]    29 | typedef arg<1> [01;36m[K_1[m[K;
[2.384s]       |                [01;36m[K^~[m[K
[2.384s] [01m[K/usr/include/boost/mpl/aux_/preprocessed/gcc/placeholders.hpp:29:16:[m[K [01;36m[Knote: [m[K  â€˜[01m[Kmpl_::_1[m[Kâ€™
[2.385s] [01m[K/home/robofei/ROS2/action/src/control/src/main.cpp:69:7:[m[K [01;31m[Kerror: [m[Kâ€˜[01m[Kpublisher_[m[Kâ€™ was not declared in this scope; did you mean â€˜[01m[Krcl_publisher_t[m[Kâ€™?
[2.385s]    69 |       [01;31m[Kpublisher_[m[K = this->create_publisher<dynamixel_sdk_custom_interfaces::msg::SetPosition>("set_position", 10);
[2.386s]       |       [01;31m[K^~~~~~~~~~[m[K
[2.386s]       |       [32m[Krcl_publisher_t[m[K
[2.412s] [01m[K/home/robofei/ROS2/action/src/control/src/main.cpp:69:43:[m[K [01;31m[Kerror: [m[Kâ€˜[01m[Kdynamixel_sdk_custom_interfaces[m[Kâ€™ was not declared in this scope
[2.413s]    69 |       publisher_ = this->create_publisher<[01;31m[Kdynamixel_sdk_custom_interfaces[m[K::msg::SetPosition>("set_position", 10);
[2.413s]       |                                           [01;31m[K^~~~~~~~~~~~~~~~~~~~~~~~~~~~~~~[m[K
[2.413s] [01m[K/home/robofei/ROS2/action/src/control/src/main.cpp:69:26:[m[K [01;31m[Kerror: [m[Kparse error in template argument list
[2.413s]    69 |       publisher_ = this->[01;31m[Kcreate_publisher<dynamixel_sdk_custom_interfaces::msg::SetPosition>[m[K("set_position", 10);
[2.413s]       |                          [01;31m[K^~~~~~~~~~~~~~~~~~~~~~~~~~~~~~~~~~~~~~~~~~~~~~~~~~~~~~~~~~~~~~~~~~~[m[K
[2.413s] [01m[K/home/robofei/ROS2/action/src/control/src/main.cpp:69:112:[m[K [01;31m[Kerror: [m[Kno matching function for call to â€˜[01m[KActionNode::create_publisher<<expression error> >(const char [13], int)[m[Kâ€™
[2.414s]    69 | l_sdk_custom_interfaces::msg::SetPosition>("set_position", 10[01;31m[K)[m[K;
[2.414s]       |                                                              [01;31m[K^[m[K
[2.414s] 
[2.414s] In file included from [01m[K/opt/ros/foxy/include/rclcpp/executors/single_threaded_executor.hpp:28[m[K,
[2.414s]                  from [01m[K/opt/ros/foxy/include/rclcpp/executors.hpp:22[m[K,
[2.414s]                  from [01m[K/opt/ros/foxy/include/rclcpp/rclcpp.hpp:146[m[K,
[2.414s]                  from [01m[K/home/robofei/ROS2/action/src/control/src/main.cpp:32[m[K:
[2.414s] [01m[K/opt/ros/foxy/include/rclcpp/node.hpp:184:3:[m[K [01;36m[Knote: [m[Kcandidate: â€˜[01m[Ktemplate<class MessageT, class AllocatorT, class PublisherT> std::shared_ptr<PublisherT> rclcpp::Node::create_publisher(const string&, const rclcpp::QoS&, const rclcpp::PublisherOptionsWithAllocator<AllocatorT>&)[m[Kâ€™
[2.415s]   184 |   [01;36m[Kcreate_publisher[m[K(
[2.415s]       |   [01;36m[K^~~~~~~~~~~~~~~~[m[K
[2.415s] [01m[K/opt/ros/foxy/include/rclcpp/node.hpp:184:3:[m[K [01;36m[Knote: [m[K  template argument deduction/substitution failed:
[2.415s] [01m[K/home/robofei/ROS2/action/src/control/src/main.cpp:69:112:[m[K [01;31m[Kerror: [m[Ktemplate argument 1 is invalid
[2.415s]    69 | l_sdk_custom_interfaces::msg::SetPosition>("set_position", 10[01;31m[K)[m[K;
[2.415s]       |                                                              [01;31m[K^[m[K
[2.415s] 
[2.416s] [01m[K/home/robofei/ROS2/action/src/control/src/main.cpp:[m[K In member function â€˜[01m[Kvoid ActionNode::topic_callback(std_msgs::msg::String_<std::allocator<void> >::SharedPtr) const[m[Kâ€™:
[2.417s] [01m[K/home/robofei/ROS2/action/src/control/src/main.cpp:74:34:[m[K [01;31m[Kerror: [m[Kincompatible types in assignment of â€˜[01m[Kconst char*[m[Kâ€™ to â€˜[01m[Kchar [20][m[Kâ€™
[2.417s]    74 |       movement = msg->data.c_str([01;31m[K)[m[K);
[2.417s]       |                                  [01;31m[K^[m[K
[2.420s] [01m[K/home/robofei/ROS2/action/src/control/src/main.cpp:79:8:[m[K [01;31m[Kerror: [m[Kâ€˜[01m[Kvariables[m[Kâ€™ was not declared in this scope
[2.420s]    79 |     if([01;31m[Kvariables[m[K.count("k")) //verifica se foi chamado o argumento de controle pelo teclado
[2.420s]       |        [01;31m[K^~~~~~~~~[m[K
[2.423s] [01m[K/home/robofei/ROS2/action/src/control/src/main.cpp:82:9:[m[K [01;31m[Kerror: [m[Kâ€˜[01m[Kbuffer[m[Kâ€™ was not declared in this scope; did you mean â€˜[01m[Ksetbuffer[m[Kâ€™?
[2.423s]    82 |         [01;31m[Kbuffer[m[K=0;
[2.423s]       |         [01;31m[K^~~~~~[m[K
[2.423s]       |         [32m[Ksetbuffer[m[K
[2.426s] [01m[K/home/robofei/ROS2/action/src/control/src/main.cpp:85:23:[m[K [01;31m[Kerror: [m[Kâ€˜[01m[Kkbhit[m[Kâ€™ was not declared in this scope
[2.426s]    85 |             int key = [01;31m[Kkbhit[m[K();
[2.426s]       |                       [01;31m[K^~~~~[m[K
[2.431s] [01m[K/home/robofei/ROS2/action/src/control/src/main.cpp:95:3:[m[K [01;31m[Kerror: [m[Kâ€˜[01m[Ksame_moviment[m[Kâ€™ was not declared in this scope
[2.432s]    95 |   [01;31m[Ksame_moviment[m[K=false;
[2.432s]       |   [01;31m[K^~~~~~~~~~~~~[m[K
[2.437s] [01m[K/home/robofei/ROS2/action/src/control/src/main.cpp:100:3:[m[K [01;31m[Kerror: [m[Kâ€˜[01m[Ksame_moviment[m[Kâ€™ was not declared in this scope
[2.437s]   100 |   [01;31m[Ksame_moviment[m[K=true;
[2.437s]       |   [01;31m[K^~~~~~~~~~~~~[m[K
[2.439s] [01m[K/home/robofei/ROS2/action/src/control/src/main.cpp:109:21:[m[K [01;31m[Kerror: [m[Kâ€˜[01m[KactionMove[m[Kâ€™ was not declared in this scope; did you mean â€˜[01m[KActionMove[m[Kâ€™?
[2.440s]   109 |                     [01;31m[KactionMove[m[K.standupFront(stop_gait);
[2.440s]       |                     [01;31m[K^~~~~~~~~~[m[K
[2.440s]       |                     [32m[KActionMove[m[K
[2.443s] [01m[K/home/robofei/ROS2/action/src/control/src/main.cpp:109:45:[m[K [01;31m[Kerror: [m[Kâ€˜[01m[Kstop_gait[m[Kâ€™ was not declared in this scope
[2.443s]   109 |                     actionMove.standupFront([01;31m[Kstop_gait[m[K);
[2.443s]       |                                             [01;31m[K^~~~~~~~~[m[K
[2.445s] [01m[K/home/robofei/ROS2/action/src/control/src/main.cpp:117:51:[m[K [01;31m[Kerror: [m[Kâ€˜[01m[Kcm730[m[Kâ€™ was not declared in this scope
[2.446s]   117 |                     actionMove.kick_right_strong(&[01;31m[Kcm730[m[K, stop_gait);
[2.446s]       |                                                   [01;31m[K^~~~~[m[K
[2.448s] [01m[K/home/robofei/ROS2/action/src/control/src/main.cpp:133:21:[m[K [01;31m[Kerror: [m[Kâ€˜[01m[KgaitMove[m[Kâ€™ was not declared in this scope; did you mean â€˜[01m[KGaitMove[m[Kâ€™?
[2.448s]   133 |                     [01;31m[KgaitMove[m[K.walk_foward_fast(stop_gait, same_moviment);
[2.448s]       |                     [01;31m[K^~~~~~~~[m[K
[2.448s]       |                     [32m[KGaitMove[m[K
[2.454s] [01m[K/home/robofei/ROS2/action/src/control/src/main.cpp:133:58:[m[K [01;31m[Kerror: [m[Kâ€˜[01m[Ksame_moviment[m[Kâ€™ was not declared in this scope
[2.454s]   133 |                     gaitMove.walk_foward_fast(stop_gait, [01;31m[Ksame_moviment[m[K);
[2.454s]       |                                                          [01;31m[K^~~~~~~~~~~~~[m[K
[2.455s] [01m[K/home/robofei/ROS2/action/src/control/src/main.cpp:210:28:[m[K [01;31m[Kerror: [m[Kreturn-statement with a value, in function returning â€˜[01m[Kvoid[m[Kâ€™ [[01;31m[K-fpermissive[m[K]
[2.455s]   210 |                     return [01;31m[K0[m[K;
[2.455s]       |                            [01;31m[K^[m[K
[2.455s] [01m[K/home/robofei/ROS2/action/src/control/src/main.cpp:215:32:[m[K [01;35m[Kwarning: [m[Knon-ISO-standard escape sequence, '\e'
[2.455s]   215 |                         cout<< [01;35m[K" | \e[1;31mTecla incorreta - verifique quais teclas controlam o robo\e[0m"[m[K<<endl;
[2.455s]       |                                [01;35m[K^~~~~~~~~~~~~~~~~~~~~~~~~~~~~~~~~~~~~~~~~~~~~~~~~~~~~~~~~~~~~~~~~~~~~~~~~~~[m[K
[2.455s] [01m[K/home/robofei/ROS2/action/src/control/src/main.cpp:215:32:[m[K [01;35m[Kwarning: [m[Knon-ISO-standard escape sequence, '\e'
[2.458s] [01m[K/home/robofei/ROS2/action/src/control/src/main.cpp:220:113:[m[K [01;31m[Kerror: [m[Kâ€˜[01m[Kcm730[m[Kâ€™ was not declared in this scope
[2.458s]   220 | =0 && Walking::GetInstance()->IsRunning()==0 && check_servo(&[01;31m[Kcm730[m[K, idServo, stop_gait)!=0)
[2.458s]       |                                                              [01;31m[K^~~~~[m[K
[2.458s] 
[2.461s] [01m[K/home/robofei/ROS2/action/src/control/src/main.cpp:220:120:[m[K [01;31m[Kerror: [m[Kâ€˜[01m[KidServo[m[Kâ€™ was not declared in this scope
[2.461s]   220 | alking::GetInstance()->IsRunning()==0 && check_servo(&cm730, [01;31m[KidServo[m[K, stop_gait)!=0)
[2.461s]       |                                                              [01;31m[K^~~~~~~[m[K
[2.461s] 
[2.464s] [01m[K/home/robofei/ROS2/action/src/control/src/main.cpp:220:129:[m[K [01;31m[Kerror: [m[Kâ€˜[01m[Kstop_gait[m[Kâ€™ was not declared in this scope
[2.464s]   220 | g::GetInstance()->IsRunning()==0 && check_servo(&cm730, idServo, [01;31m[Kstop_gait[m[K)!=0)
[2.465s]       |                                                                  [01;31m[K^~~~~~~~~[m[K
[2.465s] 
[2.469s] [01m[K/home/robofei/ROS2/action/src/control/src/main.cpp:220:100:[m[K [01;31m[Kerror: [m[Kâ€˜[01m[Kcheck_servo[m[Kâ€™ was not declared in this scope
[2.469s]   220 | >IsRunning()==0 && Walking::GetInstance()->IsRunning()==0 && [01;31m[Kcheck_servo[m[K(&cm730, idServo, stop_gait)!=0)
[2.469s]       |                                                              [01;31m[K^~~~~~~~~~~[m[K
[2.469s] 
[2.469s] [01m[K/home/robofei/ROS2/action/src/control/src/main.cpp:221:24:[m[K [01;31m[Kerror: [m[Kreturn-statement with a value, in function returning â€˜[01m[Kvoid[m[Kâ€™ [[01;31m[K-fpermissive[m[K]
[2.470s]   221 |                 return [01;31m[K0[m[K;
[2.470s]       |                        [01;31m[K^[m[K
[2.472s] [01m[K/home/robofei/ROS2/action/src/control/src/main.cpp:230:5:[m[K [01;31m[Kerror: [m[Kâ€˜[01m[KlogInit[m[Kâ€™ was not declared in this scope
[2.472s]   230 |     [01;31m[KlogInit[m[K(); // save the time when start the control process
[2.472s]       |     [01;31m[K^~~~~~~[m[K
[2.477s] [01m[K/home/robofei/ROS2/action/src/control/src/main.cpp:234:28:[m[K [01;31m[Kerror: [m[Kâ€˜[01m[Klast_movement[m[Kâ€™ was not declared in this scope; did you mean â€˜[01m[Kmovement[m[Kâ€™?
[2.478s]   234 |             if(movement == [01;31m[Klast_movement[m[K)
[2.478s]       |                            [01;31m[K^~~~~~~~~~~~~[m[K
[2.478s]       |                            [32m[Kmovement[m[K
[2.484s] [01m[K/home/robofei/ROS2/action/src/control/src/main.cpp:235:17:[m[K [01;31m[Kerror: [m[Kâ€˜[01m[Ksame_moviment[m[Kâ€™ was not declared in this scope
[2.484s]   235 |                 [01;31m[Ksame_moviment[m[K = true;
[2.484s]       |                 [01;31m[K^~~~~~~~~~~~~[m[K
[2.490s] [01m[K/home/robofei/ROS2/action/src/control/src/main.cpp:238:17:[m[K [01;31m[Kerror: [m[Kâ€˜[01m[Ksame_moviment[m[Kâ€™ was not declared in this scope
[2.490s]   238 |                 [01;31m[Ksame_moviment[m[K = false;
[2.490s]       |                 [01;31m[K^~~~~~~~~~~~~[m[K
[2.495s] [01m[K/home/robofei/ROS2/action/src/control/src/main.cpp:240:17:[m[K [01;31m[Kerror: [m[Kâ€˜[01m[Kcount_read[m[Kâ€™ was not declared in this scope; did you mean â€˜[01m[Kini_read[m[Kâ€™?
[2.495s]   240 |                 [01;31m[Kcount_read[m[K=0;
[2.495s]       |                 [01;31m[K^~~~~~~~~~[m[K
[2.495s]       |                 [32m[Kini_read[m[K
[2.498s] [01m[K/home/robofei/ROS2/action/src/control/src/main.cpp:242:13:[m[K [01;31m[Kerror: [m[Kâ€˜[01m[Kbuffer[m[Kâ€™ was not declared in this scope; did you mean â€˜[01m[Ksetbuffer[m[Kâ€™?
[2.498s]   242 |             [01;31m[Kbuffer[m[K = movement;
[2.498s]       |             [01;31m[K^~~~~~[m[K
[2.498s]       |             [32m[Ksetbuffer[m[K
[2.498s] [01m[K/home/robofei/ROS2/action/src/control/src/main.cpp:335:35:[m[K [01;31m[Kerror: [m[KISO C++ forbids comparison between pointer and integer [[01;31m[K-fpermissive[m[K]
[2.498s]   335 |             if(read_int(movement==[01;31m[K'goodbye'[m[K) == 20)
[2.498s]       |                                   [01;31m[K^~~~~~~~~[m[K
[2.499s] [01m[K/home/robofei/ROS2/action/src/control/src/main.cpp:335:33:[m[K [01;31m[Kerror: [m[Kcannot convert â€˜[01m[Kbool[m[Kâ€™ to â€˜[01m[Kint*[m[Kâ€™
[2.499s]   335 |             if(read_int([01;31m[Kmovement=='goodbye'[m[K) == 20)
[2.499s]       |                         [01;31m[K~~~~~~~~^~~~~~~~~~~[m[K
[2.499s]       |                                 [01;31m[K|[m[K
[2.499s]       |                                 [01;31m[Kbool[m[K
[2.499s] In file included from [01m[K/home/robofei/ROS2/action/src/control/include/ActionMove.hpp:24[m[K,
[2.499s]                  from [01m[K/home/robofei/ROS2/action/src/control/src/main.cpp:42[m[K:
[2.499s] [01m[K/home/robofei/ROS2/action/src/control/include/blackboard.h:238:14:[m[K [01;36m[Knote: [m[K  initializing argument 1 of â€˜[01m[Kint read_int(int*, int)[m[Kâ€™
[2.499s]   238 | int read_int([01;36m[Kint*[m[K, int);
[2.499s]       |              [01;36m[K^~~~[m[K
[2.501s] [01m[K/home/robofei/ROS2/action/src/control/src/main.cpp:336:17:[m[K [01;31m[Kerror: [m[Kâ€˜[01m[KgoodBye[m[Kâ€™ was not declared in this scope
[2.502s]   336 |                 [01;31m[KgoodBye[m[K();
[2.502s]       |                 [01;31m[K^~~~~~~[m[K
[2.505s] [01m[K/home/robofei/ROS2/action/src/control/src/main.cpp:348:13:[m[K [01;31m[Kerror: [m[Kâ€˜[01m[Kcount_read[m[Kâ€™ was not declared in this scope; did you mean â€˜[01m[Kini_read[m[Kâ€™?
[2.506s]   348 |             [01;31m[Kcount_read[m[K++;
[2.506s]       |             [01;31m[K^~~~~~~~~~[m[K
[2.506s]       |             [32m[Kini_read[m[K
[2.506s] [01m[K/home/robofei/ROS2/action/src/control/src/main.cpp:349:51:[m[K [01;35m[Kwarning: [m[Knon-ISO-standard escape sequence, '\e'
[2.506s]   349 |             std::cout << "\rReading BlackBoard" <<[01;35m[K"[\e[38;5;82m"[m[K<< count_read<<"\e[0m] | Tempo ocioso"<<"[\e[38;5;82m"<< count_read*step_time/1000<<"s\e[0m]";
[2.506s]       |                                                   [01;35m[K^~~~~~~~~~~~~~[m[K
[2.506s] [01m[K/home/robofei/ROS2/action/src/control/src/main.cpp:349:80:[m[K [01;35m[Kwarning: [m[Knon-ISO-standard escape sequence, '\e'
[2.506s]   349 | out << "\rReading BlackBoard" <<"[\e[38;5;82m"<< count_read<<[01;35m[K"\e[0m] | Tempo ocioso"[m[K<<"[\e[38;5;82m"<< count_read*step_time/1000<<"s\e[0m]";
[2.507s]       |                                                              [01;35m[K^~~~~~~~~~~~~~~~~~~~~~~[m[K
[2.507s] 
[2.507s] [01m[K/home/robofei/ROS2/action/src/control/src/main.cpp:349:105:[m[K [01;35m[Kwarning: [m[Knon-ISO-standard escape sequence, '\e'
[2.507s]   349 | ard" <<"[\e[38;5;82m"<< count_read<<"\e[0m] | Tempo ocioso"<<[01;35m[K"[\e[38;5;82m"[m[K<< count_read*step_time/1000<<"s\e[0m]";
[2.507s]       |                                                              [01;35m[K^~~~~~~~~~~~~~[m[K
[2.507s] 
[2.509s] [01m[K/home/robofei/ROS2/action/src/control/src/main.cpp:349:133:[m[K [01;31m[Kerror: [m[Kâ€˜[01m[Kstep_time[m[Kâ€™ was not declared in this scope; did you mean â€˜[01m[Kstrptime[m[Kâ€™?
[2.509s]   349 | t_read<<"\e[0m] | Tempo ocioso"<<"[\e[38;5;82m"<< count_read*[01;31m[Kstep_time[m[K/1000<<"s\e[0m]";
[2.510s]       |                                                              [01;31m[K^~~~~~~~~[m[K
[2.510s]       |                                                              [32m[Kstrptime[m[K
[2.510s] [01m[K/home/robofei/ROS2/action/src/control/src/main.cpp:349:149:[m[K [01;35m[Kwarning: [m[Knon-ISO-standard escape sequence, '\e'
[2.510s]   349 | "\e[0m] | Tempo ocioso"<<"[\e[38;5;82m"<< count_read*step_time/1000<<[01;35m[K"s\e[0m]"[m[K;
[2.510s]       |                                                                      [01;35m[K^~~~~~~~~[m[K
[2.510s] 
[2.511s] [01m[K/home/robofei/ROS2/action/src/control/src/main.cpp:[m[K At global scope:
[2.511s] [01m[K/home/robofei/ROS2/action/src/control/src/main.cpp:384:2:[m[K [01;35m[Kwarning: [m[Kextra â€˜[01m[K;[m[Kâ€™ [[01;35m[K-Wpedantic[m[K]
[2.512s]   384 | }[01;35m[K;[m[K
[2.512s]       |  [01;35m[K^[m[K
[2.512s] [01m[K/home/robofei/ROS2/action/src/control/src/main.cpp:[m[K In function â€˜[01m[Kvoid sighandler(int)[m[Kâ€™:
[2.512s] [01m[K/home/robofei/ROS2/action/src/control/src/main.cpp:397:21:[m[K [01;35m[Kwarning: [m[Kunused parameter â€˜[01m[Ksig[m[Kâ€™ [[01;35m[K-Wunused-parameter[m[K]
[2.512s]   397 | void sighandler([01;35m[Kint sig[m[K)
[2.512s]       |                 [01;35m[K~~~~^~~[m[K
[2.514s] [01m[K/home/robofei/ROS2/action/src/control/src/main.cpp:[m[K In function â€˜[01m[Kvoid goodbye()[m[Kâ€™:
[2.514s] [01m[K/home/robofei/ROS2/action/src/control/src/main.cpp:404:5:[m[K [01;31m[Kerror: [m[Kâ€˜[01m[Ktimer_[m[Kâ€™ was not declared in this scope; did you mean â€˜[01m[Ktimer_t[m[Kâ€™?
[2.515s]   404 |     [01;31m[Ktimer_[m[K = this->create_wall_timer(
[2.515s]       |     [01;31m[K^~~~~~[m[K
[2.515s]       |     [32m[Ktimer_t[m[K
[2.515s] [01m[K/home/robofei/ROS2/action/src/control/src/main.cpp:404:14:[m[K [01;31m[Kerror: [m[Kinvalid use of â€˜[01m[Kthis[m[Kâ€™ in non-member function
[2.515s]   404 |     timer_ = [01;31m[Kthis[m[K->create_wall_timer(
[2.515s]       |              [01;31m[K^~~~[m[K
[2.515s] [01m[K/home/robofei/ROS2/action/src/control/src/main.cpp:405:25:[m[K [01;31m[Kerror: [m[Kâ€˜[01m[KMinimalPublisher[m[Kâ€™ has not been declared
[2.515s]   405 |       500ms, std::bind(&[01;31m[KMinimalPublisher[m[K::timer_callback, this));
[2.515s]       |                         [01;31m[K^~~~~~~~~~~~~~~~[m[K
[2.515s] [01m[K/home/robofei/ROS2/action/src/control/src/main.cpp:405:59:[m[K [01;31m[Kerror: [m[Kinvalid use of â€˜[01m[Kthis[m[Kâ€™ in non-member function
[2.516s]   405 |       500ms, std::bind(&MinimalPublisher::timer_callback, [01;31m[Kthis[m[K));
[2.516s]       |                                                           [01;31m[K^~~~[m[K
[2.516s] [01m[K/home/robofei/ROS2/action/src/control/src/main.cpp:[m[K In function â€˜[01m[Kvoid timer_callback()[m[Kâ€™:
[2.516s] [01m[K/home/robofei/ROS2/action/src/control/src/main.cpp:411:20:[m[K [01;31m[Kerror: [m[Kâ€˜[01m[Kdynamixel_sdk_custom_interfaces[m[Kâ€™ has not been declared
[2.516s]   411 |     auto message = [01;31m[Kdynamixel_sdk_custom_interfaces[m[K::msg::SetPosition();
[2.516s]       |                    [01;31m[K^~~~~~~~~~~~~~~~~~~~~~~~~~~~~~~[m[K
[2.518s] [01m[K/home/robofei/ROS2/action/src/control/src/main.cpp:415:9:[m[K [01;31m[Kerror: [m[Kâ€˜[01m[Kpublisher_[m[Kâ€™ was not declared in this scope; did you mean â€˜[01m[Krcl_publisher_t[m[Kâ€™?
[2.518s]   415 |         [01;31m[Kpublisher_[m[K->publish(message);
[2.518s]       |         [01;31m[K^~~~~~~~~~[m[K
[2.518s]       |         [32m[Krcl_publisher_t[m[K
[2.544s] [01m[K/home/robofei/ROS2/action/src/control/src/main.cpp:430:21:[m[K [01;31m[Kerror: [m[Kâ€˜[01m[Kdynamixel_sdk_custom_interfaces[m[Kâ€™ was not declared in this scope
[2.544s]   430 |   rclcpp::Publisher<[01;31m[Kdynamixel_sdk_custom_interfaces[m[K::msg::SetPosition>::SharedPtr publisher_;         // CHANGE
[2.544s]       |                     [01;31m[K^~~~~~~~~~~~~~~~~~~~~~~~~~~~~~~[m[K
[2.544s] [01m[K/home/robofei/ROS2/action/src/control/src/main.cpp:430:70:[m[K [01;31m[Kerror: [m[Ktemplate argument 1 is invalid
[2.544s]   430 | ::Publisher<dynamixel_sdk_custom_interfaces::msg::SetPosition[01;31m[K>[m[K::SharedPtr publisher_;         // CHANGE
[2.544s]       |                                                              [01;31m[K^[m[K
[2.544s] 
[2.544s] [01m[K/home/robofei/ROS2/action/src/control/src/main.cpp:430:83:[m[K [01;31m[Kerror: [m[Kqualified-id in declaration before â€˜[01m[Kpublisher_[m[Kâ€™
[2.545s]   430 | ynamixel_sdk_custom_interfaces::msg::SetPosition>::SharedPtr [01;31m[Kpublisher_[m[K;         // CHANGE
[2.545s]       |                                                              [01;31m[K^~~~~~~~~~[m[K
[2.545s] 
[2.545s] [01m[K/home/robofei/ROS2/action/src/control/src/main.cpp:431:10:[m[K [01;35m[Kwarning: [m[Kunused variable â€˜[01m[Kcount_[m[Kâ€™ [[01;35m[K-Wunused-variable[m[K]
[2.545s]   431 |   size_t [01;35m[Kcount_[m[K;
[2.545s]       |          [01;35m[K^~~~~~[m[K
[2.546s] [01m[K/home/robofei/ROS2/action/src/control/src/main.cpp:[m[K In function â€˜[01m[Kint main(int, char**)[m[Kâ€™:
[2.546s] [01m[K/home/robofei/ROS2/action/src/control/src/main.cpp:487:26:[m[K [01;31m[Kerror: [m[Kno matching function for call to â€˜[01m[KGaitMove::GaitMove(minIni*&)[m[Kâ€™
[2.546s]   487 |     GaitMove gaitMove(ini[01;31m[K)[m[K;
[2.546s]       |                          [01;31m[K^[m[K
[2.546s] In file included from [01m[K/home/robofei/ROS2/action/src/control/src/main.cpp:43[m[K:
[2.546s] [01m[K/home/robofei/ROS2/action/src/control/include/GaitMove.hpp:36:9:[m[K [01;36m[Knote: [m[Kcandidate: â€˜[01m[KGaitMove::GaitMove(int*, minIni*)[m[Kâ€™
[2.547s]    36 |         [01;36m[KGaitMove[m[K(int *mem_t, minIni* ini);
[2.547s]       |         [01;36m[K^~~~~~~~[m[K
[2.547s] [01m[K/home/robofei/ROS2/action/src/control/include/GaitMove.hpp:36:9:[m[K [01;36m[Knote: [m[K  candidate expects 2 arguments, 1 provided
[2.547s] [01m[K/home/robofei/ROS2/action/src/control/include/GaitMove.hpp:31:7:[m[K [01;36m[Knote: [m[Kcandidate: â€˜[01m[Kconstexpr GaitMove::GaitMove(const GaitMove&)[m[Kâ€™
[2.547s]    31 | class [01;36m[KGaitMove[m[K
[2.547s]       |       [01;36m[K^~~~~~~~[m[K
[2.547s] [01m[K/home/robofei/ROS2/action/src/control/include/GaitMove.hpp:31:7:[m[K [01;36m[Knote: [m[K  no known conversion for argument 1 from â€˜[01m[KminIni*[m[Kâ€™ to â€˜[01m[Kconst GaitMove&[m[Kâ€™
[2.547s] [01m[K/home/robofei/ROS2/action/src/control/src/main.cpp:500:21:[m[K [01;31m[Kerror: [m[Kincompatible types in assignment of â€˜[01m[Kint[m[Kâ€™ to â€˜[01m[Kchar [20][m[Kâ€™
[2.547s]   500 |     last_movement = [01;31m[K'pose_stand_up'[m[K;
[2.548s]       |                     [01;31m[K^~~~~~~~~~~~~~~[m[K
[2.548s] [01m[K/home/robofei/ROS2/action/src/control/src/main.cpp:501:16:[m[K [01;31m[Kerror: [m[Kincompatible types in assignment of â€˜[01m[Kint[m[Kâ€™ to â€˜[01m[Kchar [20][m[Kâ€™
[2.548s]   501 |     movement = [01;31m[K'pose_stand_up'[m[K;
[2.548s]       |                [01;31m[K^~~~~~~~~~~~~~~[m[K
[2.551s] [01m[K/home/robofei/ROS2/action/src/control/src/main.cpp:449:10:[m[K [01;35m[Kwarning: [m[Kunused variable â€˜[01m[Kstop_gait[m[Kâ€™ [[01;35m[K-Wunused-variable[m[K]
[2.551s]   449 |     bool [01;35m[Kstop_gait[m[K = true;
[2.552s]       |          [01;35m[K^~~~~~~~~[m[K
[2.552s] [01m[K/home/robofei/ROS2/action/src/control/src/main.cpp:450:11:[m[K [01;35m[Kwarning: [m[Kunused variable â€˜[01m[KServoport[m[Kâ€™ [[01;35m[K-Wunused-variable[m[K]
[2.552s]   450 |     char *[01;35m[KServoport[m[K;
[2.552s]       |           [01;35m[K^~~~~~~~~[m[K
[2.552s] [01m[K/home/robofei/ROS2/action/src/control/src/main.cpp:451:9:[m[K [01;35m[Kwarning: [m[Kunused variable â€˜[01m[Kvalue[m[Kâ€™ [[01;35m[K-Wunused-variable[m[K]
[2.552s]   451 |     int [01;35m[Kvalue[m[K;
[2.552s]       |         [01;35m[K^~~~~[m[K
[2.552s] [01m[K/home/robofei/ROS2/action/src/control/src/main.cpp:452:9:[m[K [01;35m[Kwarning: [m[Kunused variable â€˜[01m[KidServo[m[Kâ€™ [[01;35m[K-Wunused-variable[m[K]
[2.552s]   452 |     int [01;35m[KidServo[m[K;
[2.552s]       |         [01;35m[K^~~~~~~[m[K
[2.552s] [01m[K/home/robofei/ROS2/action/src/control/src/main.cpp:453:10:[m[K [01;35m[Kwarning: [m[Kunused variable â€˜[01m[Kflag_stop[m[Kâ€™ [[01;35m[K-Wunused-variable[m[K]
[2.552s]   453 |     bool [01;35m[Kflag_stop[m[K = 0;
[2.552s]       |          [01;35m[K^~~~~~~~~[m[K
[2.552s] [01m[K/home/robofei/ROS2/action/src/control/src/main.cpp:456:10:[m[K [01;35m[Kwarning: [m[Kunused variable â€˜[01m[Ksame_moviment[m[Kâ€™ [[01;35m[K-Wunused-variable[m[K]
[2.552s]   456 |     bool [01;35m[Ksame_moviment[m[K = false;
[2.553s]       |          [01;35m[K^~~~~~~~~~~~~[m[K
[2.553s] [01m[K/home/robofei/ROS2/action/src/control/src/main.cpp:457:18:[m[K [01;35m[Kwarning: [m[Kunused variable â€˜[01m[Kbuffer[m[Kâ€™ [[01;35m[K-Wunused-variable[m[K]
[2.553s]   457 |     unsigned int [01;35m[Kbuffer[m[K = 10000;
[2.553s]       |                  [01;35m[K^~~~~~[m[K
[2.553s] [01m[K/home/robofei/ROS2/action/src/control/src/main.cpp:458:18:[m[K [01;35m[Kwarning: [m[Kunused variable â€˜[01m[Kcount_read[m[Kâ€™ [[01;35m[K-Wunused-variable[m[K]
[2.553s]   458 |     unsigned int [01;35m[Kcount_read[m[K=0;
[2.553s]       |                  [01;35m[K^~~~~~~~~~[m[K
[2.553s] [01m[K/home/robofei/ROS2/action/src/control/src/main.cpp:459:18:[m[K [01;35m[Kwarning: [m[Kunused variable â€˜[01m[Kstep_time[m[Kâ€™ [[01;35m[K-Wunused-variable[m[K]
[2.553s]   459 |     unsigned int [01;35m[Kstep_time[m[K=20; // Determina a frequencia de leitura do blackboard
[2.553s]       |                  [01;35m[K^~~~~~~~~[m[K
[3.066s] make[2]: *** [CMakeFiles/action_node.dir/build.make:63: CMakeFiles/action_node.dir/src/main.cpp.o] Error 1
[3.066s] make[1]: *** [CMakeFiles/Makefile2:78: CMakeFiles/action_node.dir/all] Error 2
[3.066s] make: *** [Makefile:141: all] Error 2
[3.070s] Invoked command in '/home/robofei/ROS2/action/build/control' returned '2': AMENT_PREFIX_PATH=/home/robofei/ROS2/action/install/custom_interfaces:${AMENT_PREFIX_PATH} CMAKE_PREFIX_PATH=/home/robofei/ROS2/action/install/custom_interfaces:/opt/ros/foxy LD_LIBRARY_PATH=/home/robofei/ROS2/action/install/custom_interfaces/lib:${LD_LIBRARY_PATH} PYTHONPATH=/home/robofei/ROS2/action/install/custom_interfaces/lib/python3.8/site-packages:${PYTHONPATH} /usr/bin/cmake --build /home/robofei/ROS2/action/build/control -- -j4 -l4
