[0.014s] Invoking command in '/home/robofei/ROS2/action/build/control': AMENT_PREFIX_PATH=/home/robofei/ROS2/action/install/custom_interfaces:${AMENT_PREFIX_PATH} CMAKE_PREFIX_PATH=/home/robofei/ROS2/action/install/custom_interfaces:/opt/ros/foxy LD_LIBRARY_PATH=/home/robofei/ROS2/action/install/custom_interfaces/lib:${LD_LIBRARY_PATH} PYTHONPATH=/home/robofei/ROS2/action/install/custom_interfaces/lib/python3.8/site-packages:${PYTHONPATH} /usr/bin/cmake --build /home/robofei/ROS2/action/build/control -- -j4 -l4
[0.061s] [35m[1mScanning dependencies of target action_node[0m
[0.093s] [ 50%] [32mBuilding CXX object CMakeFiles/action_node.dir/src/main.cpp.o[0m
[0.715s] [01m[K/home/robofei/ROS2/action/src/control/src/main.cpp:346:26:[m[K [01;35m[Kwarning: [m[Kcharacter constant too long for its type
[0.715s]   346 |             if(movement==[01;35m[K'goodbye'[m[K)
[0.715s]       |                          [01;35m[K^~~~~~~~~[m[K
[2.362s] [01m[K/home/robofei/ROS2/action/src/control/src/main.cpp:[m[K In constructor â€˜[01m[KActionNode::ActionNode()[m[Kâ€™:
[2.362s] [01m[K/home/robofei/ROS2/action/src/control/src/main.cpp:81:7:[m[K [01;31m[Kerror: [m[Kâ€˜[01m[Kpublisher_[m[Kâ€™ was not declared in this scope; did you mean â€˜[01m[Krcl_publisher_t[m[Kâ€™?
[2.362s]    81 |       [01;31m[Kpublisher_[m[K = this->create_publisher<custom_interfaces::msg::SetPosition>("set_position", 10);
[2.362s]       |       [01;31m[K^~~~~~~~~~[m[K
[2.362s]       |       [32m[Krcl_publisher_t[m[K
[2.368s] [01m[K/home/robofei/ROS2/action/src/control/src/main.cpp:[m[K In member function â€˜[01m[Kvoid ActionNode::topic_callback(std_msgs::msg::String_<std::allocator<void> >::SharedPtr) const[m[Kâ€™:
[2.368s] [01m[K/home/robofei/ROS2/action/src/control/src/main.cpp:242:13:[m[K [01;31m[Kerror: [m[Kpassing â€˜[01m[Kconst ActionNode[m[Kâ€™ as â€˜[01m[Kthis[m[Kâ€™ argument discards qualifiers [[01;31m[K-fpermissive[m[K]
[2.368s]   242 |     logInit([01;31m[K)[m[K; // save the time when start the control process
[2.368s]       |             [01;31m[K^[m[K
[2.368s] [01m[K/home/robofei/ROS2/action/src/control/src/main.cpp:379:6:[m[K [01;36m[Knote: [m[K  in call to â€˜[01m[Kvoid ActionNode::logInit()[m[Kâ€™
[2.368s]   379 | void [01;36m[KlogInit[m[K()
[2.368s]       |      [01;36m[K^~~~~~~[m[K
[2.368s] [01m[K/home/robofei/ROS2/action/src/control/src/main.cpp:346:26:[m[K [01;31m[Kerror: [m[KISO C++ forbids comparison between pointer and integer [[01;31m[K-fpermissive[m[K]
[2.368s]   346 |             if(movement==[01;31m[K'goodbye'[m[K)
[2.369s]       |                          [01;31m[K^~~~~~~~~[m[K
[2.371s] [01m[K/home/robofei/ROS2/action/src/control/src/main.cpp:347:17:[m[K [01;31m[Kerror: [m[Kâ€˜[01m[KgoodBye[m[Kâ€™ was not declared in this scope; did you mean â€˜[01m[Kgoodbye[m[Kâ€™?
[2.371s]   347 |                 [01;31m[KgoodBye[m[K();
[2.371s]       |                 [01;31m[K^~~~~~~[m[K
[2.371s]       |                 [32m[Kgoodbye[m[K
[2.371s] [01m[K/home/robofei/ROS2/action/src/control/src/main.cpp:360:51:[m[K [01;35m[Kwarning: [m[Knon-ISO-standard escape sequence, '\e'
[2.371s]   360 |             std::cout << "\rReading BlackBoard" <<[01;35m[K"[\e[38;5;82m"[m[K<< count_read<<"\e[0m] | Tempo ocioso"<<"[\e[38;5;82m"<< count_read*step_time/1000<<"s\e[0m]";
[2.371s]       |                                                   [01;35m[K^~~~~~~~~~~~~~[m[K
[2.371s] [01m[K/home/robofei/ROS2/action/src/control/src/main.cpp:360:80:[m[K [01;35m[Kwarning: [m[Knon-ISO-standard escape sequence, '\e'
[2.372s]   360 | out << "\rReading BlackBoard" <<"[\e[38;5;82m"<< count_read<<[01;35m[K"\e[0m] | Tempo ocioso"[m[K<<"[\e[38;5;82m"<< count_read*step_time/1000<<"s\e[0m]";
[2.372s]       |                                                              [01;35m[K^~~~~~~~~~~~~~~~~~~~~~~[m[K
[2.372s] 
[2.372s] [01m[K/home/robofei/ROS2/action/src/control/src/main.cpp:360:105:[m[K [01;35m[Kwarning: [m[Knon-ISO-standard escape sequence, '\e'
[2.372s]   360 | ard" <<"[\e[38;5;82m"<< count_read<<"\e[0m] | Tempo ocioso"<<[01;35m[K"[\e[38;5;82m"[m[K<< count_read*step_time/1000<<"s\e[0m]";
[2.372s]       |                                                              [01;35m[K^~~~~~~~~~~~~~[m[K
[2.372s] 
[2.372s] [01m[K/home/robofei/ROS2/action/src/control/src/main.cpp:360:149:[m[K [01;35m[Kwarning: [m[Knon-ISO-standard escape sequence, '\e'
[2.372s]   360 | "\e[0m] | Tempo ocioso"<<"[\e[38;5;82m"<< count_read*step_time/1000<<[01;35m[K"s\e[0m]"[m[K;
[2.372s]       |                                                                      [01;35m[K^~~~~~~~~[m[K
[2.372s] 
[2.373s] [01m[K/home/robofei/ROS2/action/src/control/src/main.cpp:[m[K In member function â€˜[01m[Kvoid ActionNode::sighandler(int)[m[Kâ€™:
[2.373s] [01m[K/home/robofei/ROS2/action/src/control/src/main.cpp:398:21:[m[K [01;35m[Kwarning: [m[Kunused parameter â€˜[01m[Ksig[m[Kâ€™ [[01;35m[K-Wunused-parameter[m[K]
[2.374s]   398 | void sighandler([01;35m[Kint sig[m[K)
[2.374s]       |                 [01;35m[K~~~~^~~[m[K
[2.376s] [01m[K/home/robofei/ROS2/action/src/control/src/main.cpp:[m[K In member function â€˜[01m[Kvoid ActionNode::goodbye()[m[Kâ€™:
[2.376s] [01m[K/home/robofei/ROS2/action/src/control/src/main.cpp:405:5:[m[K [01;31m[Kerror: [m[Kâ€˜[01m[Ktimer_[m[Kâ€™ was not declared in this scope; did you mean â€˜[01m[Ktimer_t[m[Kâ€™?
[2.376s]   405 |     [01;31m[Ktimer_[m[K = this->create_wall_timer(
[2.376s]       |     [01;31m[K^~~~~~[m[K
[2.376s]       |     [32m[Ktimer_t[m[K
[2.377s] [01m[K/home/robofei/ROS2/action/src/control/src/main.cpp:406:25:[m[K [01;31m[Kerror: [m[Kâ€˜[01m[KMinimalPublisher[m[Kâ€™ has not been declared
[2.377s]   406 |       500ms, std::bind(&[01;31m[KMinimalPublisher[m[K::timer_callback, this));
[2.377s]       |                         [01;31m[K^~~~~~~~~~~~~~~~[m[K
[2.377s] [01m[K/home/robofei/ROS2/action/src/control/src/main.cpp:[m[K In member function â€˜[01m[Kvoid ActionNode::timer_callback()[m[Kâ€™:
[2.377s] [01m[K/home/robofei/ROS2/action/src/control/src/main.cpp:412:20:[m[K [01;31m[Kerror: [m[Kâ€˜[01m[Kdynamixel_sdk_custom_interfaces[m[Kâ€™ has not been declared
[2.377s]   412 |     auto message = [01;31m[Kdynamixel_sdk_custom_interfaces[m[K::msg::SetPosition();
[2.377s]       |                    [01;31m[K^~~~~~~~~~~~~~~~~~~~~~~~~~~~~~~[m[K
[2.380s] [01m[K/home/robofei/ROS2/action/src/control/src/main.cpp:416:9:[m[K [01;31m[Kerror: [m[Kâ€˜[01m[Kpublisher_[m[Kâ€™ was not declared in this scope; did you mean â€˜[01m[Krcl_publisher_t[m[Kâ€™?
[2.380s]   416 |         [01;31m[Kpublisher_[m[K->publish(message);
[2.380s]       |         [01;31m[K^~~~~~~~~~[m[K
[2.381s]       |         [32m[Krcl_publisher_t[m[K
[2.408s] [01m[K/home/robofei/ROS2/action/src/control/src/main.cpp:431:21:[m[K [01;31m[Kerror: [m[Kâ€˜[01m[Kdynamixel_sdk_custom_interfaces[m[Kâ€™ was not declared in this scope
[2.408s]   431 |   rclcpp::Publisher<[01;31m[Kdynamixel_sdk_custom_interfaces[m[K::msg::SetPosition>::SharedPtr publisher_;         // CHANGE
[2.408s]       |                     [01;31m[K^~~~~~~~~~~~~~~~~~~~~~~~~~~~~~~[m[K
[2.408s] [01m[K/home/robofei/ROS2/action/src/control/src/main.cpp:431:70:[m[K [01;31m[Kerror: [m[Ktemplate argument 1 is invalid
[2.408s]   431 | ::Publisher<dynamixel_sdk_custom_interfaces::msg::SetPosition[01;31m[K>[m[K::SharedPtr publisher_;         // CHANGE
[2.408s]       |                                                              [01;31m[K^[m[K
[2.409s] 
[2.409s] [01m[K/home/robofei/ROS2/action/src/control/src/main.cpp:431:83:[m[K [01;31m[Kerror: [m[Kqualified-id in declaration before â€˜[01m[Kpublisher_[m[Kâ€™
[2.409s]   431 | ynamixel_sdk_custom_interfaces::msg::SetPosition>::SharedPtr [01;31m[Kpublisher_[m[K;         // CHANGE
[2.409s]       |                                                              [01;31m[K^~~~~~~~~~[m[K
[2.409s] 
[2.409s] [01m[K/home/robofei/ROS2/action/src/control/src/main.cpp:432:10:[m[K [01;35m[Kwarning: [m[Kunused variable â€˜[01m[Kcount_[m[Kâ€™ [[01;35m[K-Wunused-variable[m[K]
[2.409s]   432 |   size_t [01;35m[Kcount_[m[K;
[2.409s]       |          [01;35m[K^~~~~~[m[K
[2.411s] [01m[K/home/robofei/ROS2/action/src/control/src/main.cpp:[m[K In function â€˜[01m[Kint main(int, char**)[m[Kâ€™:
[2.411s] [01m[K/home/robofei/ROS2/action/src/control/src/main.cpp:451:22:[m[K [01;31m[Kerror: [m[Kâ€˜[01m[Ksighandler[m[Kâ€™ was not declared in this scope; did you mean â€˜[01m[Ksighandler_t[m[Kâ€™?
[2.411s]   451 |     signal(SIGABRT, &[01;31m[Ksighandler[m[K);
[2.411s]       |                      [01;31m[K^~~~~~~~~~[m[K
[2.411s]       |                      [32m[Ksighandler_t[m[K
[2.412s] [01m[K/home/robofei/ROS2/action/src/control/src/main.cpp:482:26:[m[K [01;31m[Kerror: [m[Kno matching function for call to â€˜[01m[KGaitMove::GaitMove(minIni*&)[m[Kâ€™
[2.412s]   482 |     GaitMove gaitMove(ini[01;31m[K)[m[K;
[2.413s]       |                          [01;31m[K^[m[K
[2.413s] In file included from [01m[K/home/robofei/ROS2/action/src/control/src/main.cpp:43[m[K:
[2.413s] [01m[K/home/robofei/ROS2/action/src/control/include/GaitMove.hpp:36:9:[m[K [01;36m[Knote: [m[Kcandidate: â€˜[01m[KGaitMove::GaitMove(int*, minIni*)[m[Kâ€™
[2.413s]    36 |         [01;36m[KGaitMove[m[K(int *mem_t, minIni* ini);
[2.413s]       |         [01;36m[K^~~~~~~~[m[K
[2.413s] [01m[K/home/robofei/ROS2/action/src/control/include/GaitMove.hpp:36:9:[m[K [01;36m[Knote: [m[K  candidate expects 2 arguments, 1 provided
[2.413s] [01m[K/home/robofei/ROS2/action/src/control/include/GaitMove.hpp:31:7:[m[K [01;36m[Knote: [m[Kcandidate: â€˜[01m[Kconstexpr GaitMove::GaitMove(const GaitMove&)[m[Kâ€™
[2.413s]    31 | class [01;36m[KGaitMove[m[K
[2.413s]       |       [01;36m[K^~~~~~~~[m[K
[2.413s] [01m[K/home/robofei/ROS2/action/src/control/include/GaitMove.hpp:31:7:[m[K [01;36m[Knote: [m[K  no known conversion for argument 1 from â€˜[01m[KminIni*[m[Kâ€™ to â€˜[01m[Kconst GaitMove&[m[Kâ€™
[4.268s] make[2]: *** [CMakeFiles/action_node.dir/build.make:63: CMakeFiles/action_node.dir/src/main.cpp.o] Error 1
[4.268s] make[1]: *** [CMakeFiles/Makefile2:78: CMakeFiles/action_node.dir/all] Error 2
[4.269s] make: *** [Makefile:141: all] Error 2
[4.271s] Invoked command in '/home/robofei/ROS2/action/build/control' returned '2': AMENT_PREFIX_PATH=/home/robofei/ROS2/action/install/custom_interfaces:${AMENT_PREFIX_PATH} CMAKE_PREFIX_PATH=/home/robofei/ROS2/action/install/custom_interfaces:/opt/ros/foxy LD_LIBRARY_PATH=/home/robofei/ROS2/action/install/custom_interfaces/lib:${LD_LIBRARY_PATH} PYTHONPATH=/home/robofei/ROS2/action/install/custom_interfaces/lib/python3.8/site-packages:${PYTHONPATH} /usr/bin/cmake --build /home/robofei/ROS2/action/build/control -- -j4 -l4
