[0.007s] Invoking command in '/home/robo/ROS2/walk_test/build/control': AMENT_PREFIX_PATH=/home/robo/ROS2/walk_test/install/dynamixel_sdk_custom_interfaces:${AMENT_PREFIX_PATH} CMAKE_PREFIX_PATH=/home/robo/ROS2/walk_test/install/dynamixel_sdk_custom_interfaces:/opt/ros/foxy LD_LIBRARY_PATH=/home/robo/ROS2/walk_test/install/dynamixel_sdk_custom_interfaces/lib:${LD_LIBRARY_PATH} PYTHONPATH=/home/robo/ROS2/walk_test/install/dynamixel_sdk_custom_interfaces/lib/python3.8/site-packages:${PYTHONPATH} /usr/bin/cmake --build /home/robo/ROS2/walk_test/build/control -- -j12 -l12
[0.038s] [35m[1mScanning dependencies of target motion[0m
[0.051s] [ 21%] Built target gait_publisher
[0.051s] [ 21%] Built target decision
[0.062s] [ 26%] [32mBuilding CXX object CMakeFiles/motion.dir/src/motion/MotionManager.cpp.o[0m
[0.982s] [01m[K/home/robo/ROS2/walk_test/src/control/src/motion/MotionManager.cpp:43:68:[m[K [01;31m[Kerror: [m[Kâ€˜[01m[Koptions[m[Kâ€™ was not declared in this scope; did you mean â€˜[01m[Koptind[m[Kâ€™?
[0.983s]    43 | MotionManager* MotionManager::m_UniqueInstance = new MotionManager([01;31m[Koptions[m[K);
[0.983s]       |                                                                    [01;31m[K^~~~~~~[m[K
[0.983s]       |                                                                    [32m[Koptind[m[K
[0.983s] In file included from [01m[K/home/robo/ROS2/walk_test/src/control/src/motion/MotionManager.cpp:23[m[K:
[0.983s] [01m[K/home/robo/ROS2/walk_test/src/control/include/MotionManager.h:[m[K In constructor â€˜[01m[KRobot::MotionManager::MotionManager(const rclcpp::NodeOptions&)[m[Kâ€™:
[0.983s] [01m[K/home/robo/ROS2/walk_test/src/control/include/MotionManager.h:75:8:[m[K [01;35m[Kwarning: [m[Kâ€˜[01m[KRobot::MotionManager::DEBUG_PRINT[m[Kâ€™ will be initialized after [[01;35m[K-Wreorder[m[K]
[0.983s]    75 |   bool [01;35m[KDEBUG_PRINT[m[K;
[0.983s]       |        [01;35m[K^~~~~~~~~~~[m[K
[0.983s] [01m[K/home/robo/ROS2/walk_test/src/control/src/motion/MotionManager.cpp:54:41:[m[K [01;35m[Kwarning: [m[K  base â€˜[01m[Krclcpp::Node[m[Kâ€™ [[01;35m[K-Wreorder[m[K]
[0.983s]    54 |   rclcpp::Node("gait_publisher", options[01;35m[K)[m[K
[0.983s]       |                                         [01;35m[K^[m[K
[0.983s] [01m[K/home/robo/ROS2/walk_test/src/control/src/motion/MotionManager.cpp:45:1:[m[K [01;35m[Kwarning: [m[K  when initialized here [[01;35m[K-Wreorder[m[K]
[0.983s]    45 | [01;35m[KMotionManager[m[K::MotionManager(const rclcpp::NodeOptions & options) :
[0.983s]       | [01;35m[K^~~~~~~~~~~~~[m[K
[0.996s] [01m[K/home/robo/ROS2/walk_test/src/control/src/motion/MotionManager.cpp:[m[K In member function â€˜[01m[Kvoid Robot::MotionManager::topic_callback(std::shared_ptr<sensor_msgs::msg::Imu_<std::allocator<void> > >) const[m[Kâ€™:
[0.996s] [01m[K/home/robo/ROS2/walk_test/src/control/src/motion/MotionManager.cpp:82:15:[m[K [01;35m[Kwarning: [m[Kunused variable â€˜[01m[KIMU_GYRO_X[m[Kâ€™ [[01;35m[K-Wunused-variable[m[K]
[0.996s]    82 |         float [01;35m[KIMU_GYRO_X[m[K = -imu_msg_->angular_velocity.x/10;
[0.996s]       |               [01;35m[K^~~~~~~~~~[m[K
[0.997s] [01m[K/home/robo/ROS2/walk_test/src/control/src/motion/MotionManager.cpp:83:15:[m[K [01;35m[Kwarning: [m[Kunused variable â€˜[01m[KIMU_GYRO_Y[m[Kâ€™ [[01;35m[K-Wunused-variable[m[K]
[0.997s]    83 |         float [01;35m[KIMU_GYRO_Y[m[K  = -imu_msg_->angular_velocity.y/10;
[0.997s]       |               [01;35m[K^~~~~~~~~~[m[K
[0.997s] [01m[K/home/robo/ROS2/walk_test/src/control/src/motion/MotionManager.cpp:[m[K In member function â€˜[01m[Kbool Robot::MotionManager::Initialize(bool)[m[Kâ€™:
[0.997s] [01m[K/home/robo/ROS2/walk_test/src/control/src/motion/MotionManager.cpp:89:6:[m[K [01;35m[Kwarning: [m[Kunused variable â€˜[01m[Kvalue[m[Kâ€™ [[01;35m[K-Wunused-variable[m[K]
[0.997s]    89 |  int [01;35m[Kvalue[m[K, error;
[0.997s]       |      [01;35m[K^~~~~[m[K
[0.997s] [01m[K/home/robo/ROS2/walk_test/src/control/src/motion/MotionManager.cpp:89:13:[m[K [01;35m[Kwarning: [m[Kunused variable â€˜[01m[Kerror[m[Kâ€™ [[01;35m[K-Wunused-variable[m[K]
[0.997s]    89 |  int value, [01;35m[Kerror[m[K;
[0.997s]       |             [01;35m[K^~~~~[m[K
[0.997s] [01m[K/home/robo/ROS2/walk_test/src/control/src/motion/MotionManager.cpp:[m[K In member function â€˜[01m[Kbool Robot::MotionManager::Reinitialize()[m[Kâ€™:
[0.997s] [01m[K/home/robo/ROS2/walk_test/src/control/src/motion/MotionManager.cpp:148:6:[m[K [01;35m[Kwarning: [m[Kunused variable â€˜[01m[Kvalue[m[Kâ€™ [[01;35m[K-Wunused-variable[m[K]
[0.997s]   148 |  int [01;35m[Kvalue[m[K, error;
[0.997s]       |      [01;35m[K^~~~~[m[K
[0.997s] [01m[K/home/robo/ROS2/walk_test/src/control/src/motion/MotionManager.cpp:148:13:[m[K [01;35m[Kwarning: [m[Kunused variable â€˜[01m[Kerror[m[Kâ€™ [[01;35m[K-Wunused-variable[m[K]
[0.997s]   148 |  int value, [01;35m[Kerror[m[K;
[0.998s]       |             [01;35m[K^~~~~[m[K
[1.004s] [01m[K/home/robo/ROS2/walk_test/src/control/src/motion/MotionManager.cpp:[m[K In member function â€˜[01m[Kvoid Robot::MotionManager::Process()[m[Kâ€™:
[1.004s] [01m[K/home/robo/ROS2/walk_test/src/control/src/motion/MotionManager.cpp:287:6:[m[K [01;35m[Kwarning: [m[Kunused variable â€˜[01m[Kjoint_num[m[Kâ€™ [[01;35m[K-Wunused-variable[m[K]
[1.004s]   287 |  int [01;35m[Kjoint_num[m[K = 0;
[1.004s]       |      [01;35m[K^~~~~~~~~[m[K
[1.004s] [01m[K/home/robo/ROS2/walk_test/src/control/src/motion/MotionManager.cpp:[m[K In member function â€˜[01m[Kvoid Robot::MotionManager::SetEnable(bool)[m[Kâ€™:
[1.004s] [01m[K/home/robo/ROS2/walk_test/src/control/src/motion/MotionManager.cpp:314:36:[m[K [01;35m[Kwarning: [m[Kunused parameter â€˜[01m[Kenable[m[Kâ€™ [[01;35m[K-Wunused-parameter[m[K]
[1.004s]   314 | void MotionManager::SetEnable([01;35m[Kbool enable[m[K)
[1.004s]       |                               [01;35m[K~~~~~^~~~~~[m[K
[2.162s] make[2]: *** [CMakeFiles/motion.dir/build.make:63: CMakeFiles/motion.dir/src/motion/MotionManager.cpp.o] Error 1
[2.163s] make[1]: *** [CMakeFiles/Makefile2:136: CMakeFiles/motion.dir/all] Error 2
[2.163s] make: *** [Makefile:141: all] Error 2
[2.164s] Invoked command in '/home/robo/ROS2/walk_test/build/control' returned '2': AMENT_PREFIX_PATH=/home/robo/ROS2/walk_test/install/dynamixel_sdk_custom_interfaces:${AMENT_PREFIX_PATH} CMAKE_PREFIX_PATH=/home/robo/ROS2/walk_test/install/dynamixel_sdk_custom_interfaces:/opt/ros/foxy LD_LIBRARY_PATH=/home/robo/ROS2/walk_test/install/dynamixel_sdk_custom_interfaces/lib:${LD_LIBRARY_PATH} PYTHONPATH=/home/robo/ROS2/walk_test/install/dynamixel_sdk_custom_interfaces/lib/python3.8/site-packages:${PYTHONPATH} /usr/bin/cmake --build /home/robo/ROS2/walk_test/build/control -- -j12 -l12
