[35m[1mScanning dependencies of target minimal_publisher[0m
[ 50%] [32mBuilding CXX object CMakeFiles/minimal_publisher.dir/src/minimal_pub.cpp.o[0m
In file included from [01m[K/opt/ros/foxy/include/rclcpp/service.hpp:34[m[K,
                 from [01m[K/opt/ros/foxy/include/rclcpp/callback_group.hpp:25[m[K,
                 from [01m[K/opt/ros/foxy/include/rclcpp/any_executable.hpp:20[m[K,
                 from [01m[K/opt/ros/foxy/include/rclcpp/memory_strategy.hpp:24[m[K,
                 from [01m[K/opt/ros/foxy/include/rclcpp/memory_strategies.hpp:18[m[K,
                 from [01m[K/opt/ros/foxy/include/rclcpp/executor_options.hpp:20[m[K,
                 from [01m[K/opt/ros/foxy/include/rclcpp/executor.hpp:33[m[K,
                 from [01m[K/opt/ros/foxy/include/rclcpp/executors/multi_threaded_executor.hpp:26[m[K,
                 from [01m[K/opt/ros/foxy/include/rclcpp/executors.hpp:21[m[K,
                 from [01m[K/opt/ros/foxy/include/rclcpp/rclcpp.hpp:146[m[K,
                 from [01m[K/home/robofei/ROS2/action/src/control/src/minimal_pub.cpp:7[m[K:
[01m[K/home/robofei/ROS2/action/src/control/src/minimal_pub.cpp:[m[K In function â€˜[01m[Kint main(int, char**)[m[Kâ€™:
[01m[K/home/robofei/ROS2/action/src/control/src/minimal_pub.cpp:66:15:[m[K [01;31m[Kerror: [m[Kinvalid use of â€˜[01m[Kthis[m[Kâ€™ in non-member function
   66 |   RCLCPP_INFO([01;31m[Kthis[m[K->get_logger(), "Initializing");
      |               [01;31m[K^~~~[m[K
[01m[K/home/robofei/ROS2/action/src/control/src/minimal_pub.cpp:66:15:[m[K [01;31m[Kerror: [m[Kinvalid use of â€˜[01m[Kthis[m[Kâ€™ in non-member function
[01m[K/home/robofei/ROS2/action/src/control/src/minimal_pub.cpp:66:3:[m[K [01;31m[Kerror: [m[Ktemplate argument 1 is invalid
   66 |   [01;31m[KRCLCPP_INFO[m[K(this->get_logger(), "Initializing");
      |   [01;31m[K^~~~~~~~~~~[m[K
[01m[K/home/robofei/ROS2/action/src/control/src/minimal_pub.cpp:66:3:[m[K [01;31m[Kerror: [m[Ktemplate argument 1 is invalid
   66 |   [01;31m[KRCLCPP_INFO[m[K(this->get_logger(), "Initializing");
      |   [01;31m[K^~~~~~~~~~~[m[K
[01m[K/home/robofei/ROS2/action/src/control/src/minimal_pub.cpp:66:3:[m[K [01;31m[Kerror: [m[Ktemplate argument 1 is invalid
   66 |   [01;31m[KRCLCPP_INFO[m[K(this->get_logger(), "Initializing");
      |   [01;31m[K^~~~~~~~~~~[m[K
In file included from [01m[K/opt/ros/foxy/include/rclcpp/client.hpp:40[m[K,
                 from [01m[K/opt/ros/foxy/include/rclcpp/callback_group.hpp:23[m[K,
                 from [01m[K/opt/ros/foxy/include/rclcpp/any_executable.hpp:20[m[K,
                 from [01m[K/opt/ros/foxy/include/rclcpp/memory_strategy.hpp:24[m[K,
                 from [01m[K/opt/ros/foxy/include/rclcpp/memory_strategies.hpp:18[m[K,
                 from [01m[K/opt/ros/foxy/include/rclcpp/executor_options.hpp:20[m[K,
                 from [01m[K/opt/ros/foxy/include/rclcpp/executor.hpp:33[m[K,
                 from [01m[K/opt/ros/foxy/include/rclcpp/executors/multi_threaded_executor.hpp:26[m[K,
                 from [01m[K/opt/ros/foxy/include/rclcpp/executors.hpp:21[m[K,
                 from [01m[K/opt/ros/foxy/include/rclcpp/rclcpp.hpp:146[m[K,
                 from [01m[K/home/robofei/ROS2/action/src/control/src/minimal_pub.cpp:7[m[K:
[01m[K/home/robofei/ROS2/action/src/control/src/minimal_pub.cpp:66:15:[m[K [01;31m[Kerror: [m[Kinvalid use of â€˜[01m[Kthis[m[Kâ€™ in non-member function
   66 |   RCLCPP_INFO([01;31m[Kthis[m[K->get_logger(), "Initializing");
      |               [01;31m[K^~~~[m[K
[01m[K/home/robofei/ROS2/action/src/control/src/minimal_pub.cpp:66:15:[m[K [01;31m[Kerror: [m[Kinvalid use of â€˜[01m[Kthis[m[Kâ€™ in non-member function
   66 |   RCLCPP_INFO([01;31m[Kthis[m[K->get_logger(), "Initializing");
      |               [01;31m[K^~~~[m[K
make[2]: *** [CMakeFiles/minimal_publisher.dir/build.make:63: CMakeFiles/minimal_publisher.dir/src/minimal_pub.cpp.o] Error 1
make[1]: *** [CMakeFiles/Makefile2:105: CMakeFiles/minimal_publisher.dir/all] Error 2
make: *** [Makefile:141: all] Error 2
