[0.014s] Invoking command in '/home/robofei/ROS2/action/build/control': AMENT_PREFIX_PATH=/home/robofei/ROS2/action/install/custom_interfaces:${AMENT_PREFIX_PATH} CMAKE_PREFIX_PATH=/home/robofei/ROS2/action/install/custom_interfaces:/opt/ros/foxy LD_LIBRARY_PATH=/home/robofei/ROS2/action/install/custom_interfaces/lib:${LD_LIBRARY_PATH} PYTHONPATH=/home/robofei/ROS2/action/install/custom_interfaces/lib/python3.8/site-packages:${PYTHONPATH} /usr/bin/cmake --build /home/robofei/ROS2/action/build/control -- -j4 -l4
[0.060s] [35m[1mScanning dependencies of target action_node[0m
[0.092s] [ 50%] [32mBuilding CXX object CMakeFiles/action_node.dir/src/main.cpp.o[0m
[2.479s] [01m[K/home/robofei/ROS2/action/src/control/src/main.cpp:[m[K In member function â€˜[01m[Kvoid ActionNode::topic_callback(std_msgs::msg::String_<std::allocator<void> >::SharedPtr) const[m[Kâ€™:
[2.479s] [01m[K/home/robofei/ROS2/action/src/control/src/main.cpp:91:17:[m[K [01;31m[Kerror: [m[Kpassing â€˜[01m[Kconst ActionNode[m[Kâ€™ as â€˜[01m[Kthis[m[Kâ€™ argument discards qualifiers [[01;31m[K-fpermissive[m[K]
[2.479s]    91 |         logInit([01;31m[K)[m[K; // save the time when start the control process
[2.479s]       |                 [01;31m[K^[m[K
[2.479s] [01m[K/home/robofei/ROS2/action/src/control/src/main.cpp:252:10:[m[K [01;36m[Knote: [m[K  in call to â€˜[01m[Kvoid ActionNode::logInit()[m[Kâ€™
[2.479s]   252 |     void [01;36m[KlogInit[m[K()
[2.479s]       |          [01;36m[K^~~~~~~[m[K
[2.479s] [01m[K/home/robofei/ROS2/action/src/control/src/main.cpp:195:26:[m[K [01;35m[Kwarning: [m[Kcomparison with string literal results in unspecified behavior [[01;35m[K-Waddress[m[K]
[2.480s]   195 |             if(movement==[01;35m[K"goodbye"[m[K)
[2.480s]       |                          [01;35m[K^~~~~~~~~[m[K
[2.480s] [01m[K/home/robofei/ROS2/action/src/control/src/main.cpp:196:25:[m[K [01;31m[Kerror: [m[Kpassing â€˜[01m[Kconst ActionNode[m[Kâ€™ as â€˜[01m[Kthis[m[Kâ€™ argument discards qualifiers [[01;31m[K-fpermissive[m[K]
[2.480s]   196 |                 goodBye([01;31m[K)[m[K;
[2.480s]       |                         [01;31m[K^[m[K
[2.480s] [01m[K/home/robofei/ROS2/action/src/control/src/main.cpp:226:10:[m[K [01;36m[Knote: [m[K  in call to â€˜[01m[Kvoid ActionNode::goodBye()[m[Kâ€™
[2.480s]   226 |     void [01;36m[KgoodBye[m[K(){
[2.480s]       |          [01;36m[K^~~~~~~[m[K
[2.480s] [01m[K/home/robofei/ROS2/action/src/control/src/main.cpp:209:51:[m[K [01;35m[Kwarning: [m[Knon-ISO-standard escape sequence, '\e'
[2.480s]   209 |             std::cout << "\rReading BlackBoard" <<[01;35m[K"[\e[38;5;82m"[m[K<< count_read<<"\e[0m] | Tempo ocioso"<<"[\e[38;5;82m"<< count_read*step_time/1000<<"s\e[0m]";
[2.480s]       |                                                   [01;35m[K^~~~~~~~~~~~~~[m[K
[2.481s] [01m[K/home/robofei/ROS2/action/src/control/src/main.cpp:209:80:[m[K [01;35m[Kwarning: [m[Knon-ISO-standard escape sequence, '\e'
[2.481s]   209 | out << "\rReading BlackBoard" <<"[\e[38;5;82m"<< count_read<<[01;35m[K"\e[0m] | Tempo ocioso"[m[K<<"[\e[38;5;82m"<< count_read*step_time/1000<<"s\e[0m]";
[2.481s]       |                                                              [01;35m[K^~~~~~~~~~~~~~~~~~~~~~~[m[K
[2.481s] 
[2.481s] [01m[K/home/robofei/ROS2/action/src/control/src/main.cpp:209:105:[m[K [01;35m[Kwarning: [m[Knon-ISO-standard escape sequence, '\e'
[2.481s]   209 | ard" <<"[\e[38;5;82m"<< count_read<<"\e[0m] | Tempo ocioso"<<[01;35m[K"[\e[38;5;82m"[m[K<< count_read*step_time/1000<<"s\e[0m]";
[2.481s]       |                                                              [01;35m[K^~~~~~~~~~~~~~[m[K
[2.481s] 
[2.481s] [01m[K/home/robofei/ROS2/action/src/control/src/main.cpp:209:149:[m[K [01;35m[Kwarning: [m[Knon-ISO-standard escape sequence, '\e'
[2.481s]   209 | "\e[0m] | Tempo ocioso"<<"[\e[38;5;82m"<< count_read*step_time/1000<<[01;35m[K"s\e[0m]"[m[K;
[2.481s]       |                                                                      [01;35m[K^~~~~~~~~[m[K
[2.481s] 
[2.499s] [01m[K/home/robofei/ROS2/action/src/control/src/main.cpp:[m[K In member function â€˜[01m[Kvoid ActionNode::timer_callback()[m[Kâ€™:
[2.499s] [01m[K/home/robofei/ROS2/action/src/control/src/main.cpp:249:12:[m[K [01;35m[Kwarning: [m[Kunused variable â€˜[01m[Kcount_[m[Kâ€™ [[01;35m[K-Wunused-variable[m[K]
[2.499s]   249 |     size_t [01;35m[Kcount_[m[K;
[2.499s]       |            [01;35m[K^~~~~~[m[K
[2.500s] [01m[K/home/robofei/ROS2/action/src/control/src/main.cpp:[m[K In function â€˜[01m[Kvoid sighandler(int)[m[Kâ€™:
[2.500s] [01m[K/home/robofei/ROS2/action/src/control/src/main.cpp:276:21:[m[K [01;35m[Kwarning: [m[Kunused parameter â€˜[01m[Ksig[m[Kâ€™ [[01;35m[K-Wunused-parameter[m[K]
[2.500s]   276 | void sighandler([01;35m[Kint sig[m[K)
[2.500s]       |                 [01;35m[K~~~~^~~[m[K
[4.418s] make[2]: *** [CMakeFiles/action_node.dir/build.make:63: CMakeFiles/action_node.dir/src/main.cpp.o] Error 1
[4.418s] make[1]: *** [CMakeFiles/Makefile2:78: CMakeFiles/action_node.dir/all] Error 2
[4.419s] make: *** [Makefile:141: all] Error 2
[4.421s] Invoked command in '/home/robofei/ROS2/action/build/control' returned '2': AMENT_PREFIX_PATH=/home/robofei/ROS2/action/install/custom_interfaces:${AMENT_PREFIX_PATH} CMAKE_PREFIX_PATH=/home/robofei/ROS2/action/install/custom_interfaces:/opt/ros/foxy LD_LIBRARY_PATH=/home/robofei/ROS2/action/install/custom_interfaces/lib:${LD_LIBRARY_PATH} PYTHONPATH=/home/robofei/ROS2/action/install/custom_interfaces/lib/python3.8/site-packages:${PYTHONPATH} /usr/bin/cmake --build /home/robofei/ROS2/action/build/control -- -j4 -l4
