[0.009s] Invoking command in '/home/robo/ROS2/walk_test/build/control': CMAKE_PREFIX_PATH=/home/robo/ROS2/walk_test/install/dynamixel_sdk_custom_interfaces:/home/robo/ROS2/walk_test/install/control:/opt/ros/foxy LD_LIBRARY_PATH=/home/robo/ROS2/walk_test/install/dynamixel_sdk_custom_interfaces/lib:/home/robo/ROS2/walk_test/install/control/lib:/opt/ros/foxy/opt/yaml_cpp_vendor/lib:/opt/ros/foxy/opt/rviz_ogre_vendor/lib:/opt/ros/foxy/lib/x86_64-linux-gnu:/opt/ros/foxy/lib /usr/bin/cmake --build /home/robo/ROS2/walk_test/build/control -- -j12 -l12
[0.042s] [35m[1mScanning dependencies of target action[0m
[0.054s] [ 14%] Built target gait_publisher
[0.054s] [ 14%] Built target decision
[0.054s] [ 22%] Built target control
[0.058s] [ 85%] Built target motion
[0.064s] [ 88%] [32mBuilding CXX object CMakeFiles/action.dir/src/action_editor/main.cpp.o[0m
[0.065s] [ 92%] [32mBuilding CXX object CMakeFiles/action.dir/src/action_editor/cmd_process.cpp.o[0m
[0.154s] [01m[K/home/robo/ROS2/walk_test/src/control/src/action_editor/main.cpp:32:10:[m[K [01;31m[Kfatal error: [m[Kmain.h: No such file or directory
[0.154s]    32 | #include [01;31m[K"main.h"[m[K
[0.154s]       |          [01;31m[K^~~~~~~~[m[K
[0.154s] compilation terminated.
[0.155s] make[2]: *** [CMakeFiles/action.dir/build.make:63: CMakeFiles/action.dir/src/action_editor/main.cpp.o] Error 1
[0.155s] make[2]: *** Waiting for unfinished jobs....
[1.040s] [01m[K/home/robo/ROS2/walk_test/src/control/src/action_editor/cmd_process.cpp:29:26:[m[K [01;35m[Kwarning: [m[Knon-ISO-standard escape sequence, '\e'
[1.041s]    29 | const std::string azul = [01;35m[K"\e[0;36m"[m[K;
[1.041s]       |                          [01;35m[K^~~~~~~~~~[m[K
[1.041s] [01m[K/home/robo/ROS2/walk_test/src/control/src/action_editor/cmd_process.cpp:30:27:[m[K [01;35m[Kwarning: [m[Knon-ISO-standard escape sequence, '\e'
[1.041s]    30 | const std::string azulE = [01;35m[K"\e[0;34m"[m[K;
[1.041s]       |                           [01;35m[K^~~~~~~~~~[m[K
[1.041s] [01m[K/home/robo/ROS2/walk_test/src/control/src/action_editor/cmd_process.cpp:31:27:[m[K [01;35m[Kwarning: [m[Knon-ISO-standard escape sequence, '\e'
[1.041s]    31 | const std::string amare = [01;35m[K"\e[0;33m"[m[K;
[1.041s]       |                           [01;35m[K^~~~~~~~~~[m[K
[1.041s] [01m[K/home/robo/ROS2/walk_test/src/control/src/action_editor/cmd_process.cpp:32:27:[m[K [01;35m[Kwarning: [m[Knon-ISO-standard escape sequence, '\e'
[1.041s]    32 | const std::string verde = [01;35m[K"\e[0;32m"[m[K;
[1.041s]       |                           [01;35m[K^~~~~~~~~~[m[K
[1.041s] [01m[K/home/robo/ROS2/walk_test/src/control/src/action_editor/cmd_process.cpp:33:25:[m[K [01;35m[Kwarning: [m[Knon-ISO-standard escape sequence, '\e'
[1.041s]    33 | const std::string red = [01;35m[K"\e[0;31m"[m[K;
[1.041s]       |                         [01;35m[K^~~~~~~~~~[m[K
[1.041s] [01m[K/home/robo/ROS2/walk_test/src/control/src/action_editor/cmd_process.cpp:34:26:[m[K [01;35m[Kwarning: [m[Knon-ISO-standard escape sequence, '\e'
[1.041s]    34 | const std::string gray = [01;35m[K"\e[0;37m"[m[K;
[1.042s]       |                          [01;35m[K^~~~~~~~~~[m[K
[1.042s] [01m[K/home/robo/ROS2/walk_test/src/control/src/action_editor/cmd_process.cpp:35:26:[m[K [01;35m[Kwarning: [m[Knon-ISO-standard escape sequence, '\e'
[1.042s]    35 | const std::string nulo = [01;35m[K"\e[0m"[m[K;
[1.042s]       |                          [01;35m[K^~~~~~~[m[K
[1.042s] [01m[K/home/robo/ROS2/walk_test/src/control/src/action_editor/cmd_process.cpp:37:27:[m[K [01;35m[Kwarning: [m[Knon-ISO-standard escape sequence, '\e'
[1.042s]    37 | const std::string Lazul = [01;35m[K"\e[96m"[m[K;
[1.042s]       |                           [01;35m[K^~~~~~~~[m[K
[1.042s] [01m[K/home/robo/ROS2/walk_test/src/control/src/action_editor/cmd_process.cpp:38:28:[m[K [01;35m[Kwarning: [m[Knon-ISO-standard escape sequence, '\e'
[1.042s]    38 | const std::string LazulE = [01;35m[K"\e[94m"[m[K;
[1.042s]       |                            [01;35m[K^~~~~~~~[m[K
[1.042s] [01m[K/home/robo/ROS2/walk_test/src/control/src/action_editor/cmd_process.cpp:39:28:[m[K [01;35m[Kwarning: [m[Knon-ISO-standard escape sequence, '\e'
[1.042s]    39 | const std::string Lamare = [01;35m[K"\e[93m"[m[K;
[1.042s]       |                            [01;35m[K^~~~~~~~[m[K
[1.042s] [01m[K/home/robo/ROS2/walk_test/src/control/src/action_editor/cmd_process.cpp:40:28:[m[K [01;35m[Kwarning: [m[Knon-ISO-standard escape sequence, '\e'
[1.042s]    40 | const std::string Lverde = [01;35m[K"\e[92m"[m[K;
[1.042s]       |                            [01;35m[K^~~~~~~~[m[K
[1.042s] [01m[K/home/robo/ROS2/walk_test/src/control/src/action_editor/cmd_process.cpp:41:26:[m[K [01;35m[Kwarning: [m[Knon-ISO-standard escape sequence, '\e'
[1.043s]    41 | const std::string Lred = [01;35m[K"\e[91m"[m[K;
[1.043s]       |                          [01;35m[K^~~~~~~~[m[K
[1.043s] [01m[K/home/robo/ROS2/walk_test/src/control/src/action_editor/cmd_process.cpp:42:27:[m[K [01;35m[Kwarning: [m[Knon-ISO-standard escape sequence, '\e'
[1.043s]    42 | const std::string Lgray = [01;35m[K"\e[97m"[m[K;
[1.043s]       |                           [01;35m[K^~~~~~~~[m[K
[1.053s] [01m[K/home/robo/ROS2/walk_test/src/control/src/action_editor/cmd_process.cpp:[m[K In function â€˜[01m[Kvoid ReadStep()[m[Kâ€™:
[1.053s] [01m[K/home/robo/ROS2/walk_test/src/control/src/action_editor/cmd_process.cpp:329:10:[m[K [01;35m[Kwarning: [m[Kunused variable â€˜[01m[Kvalue8[m[Kâ€™ [[01;35m[K-Wunused-variable[m[K]
[1.053s]   329 |  uint8_t [01;35m[Kvalue8[m[K;
[1.053s]       |          [01;35m[K^~~~~~[m[K
[1.053s] [01m[K/home/robo/ROS2/walk_test/src/control/src/action_editor/cmd_process.cpp:330:11:[m[K [01;35m[Kwarning: [m[Kunused variable â€˜[01m[Kvalue32[m[Kâ€™ [[01;35m[K-Wunused-variable[m[K]
[1.053s]   330 |  uint32_t [01;35m[Kvalue32[m[K;
[1.053s]       |           [01;35m[K^~~~~~~[m[K
[1.054s] [01m[K/home/robo/ROS2/walk_test/src/control/src/action_editor/cmd_process.cpp:[m[K In function â€˜[01m[Kvoid DrawIntro()[m[Kâ€™:
[1.054s] [01m[K/home/robo/ROS2/walk_test/src/control/src/action_editor/cmd_process.cpp:533:9:[m[K [01;35m[Kwarning: [m[Knon-ISO-standard escape sequence, '\e'
[1.054s]   533 |  system([01;35m[K"printf '\e[8;27;80t'"[m[K);
[1.054s]       |         [01;35m[K^~~~~~~~~~~~~~~~~~~~~~[m[K
[1.058s] [01m[K/home/robo/ROS2/walk_test/src/control/src/action_editor/cmd_process.cpp:[m[K In function â€˜[01m[Kvoid SetValue(uint32_t)[m[Kâ€™:
[1.058s] [01m[K/home/robo/ROS2/walk_test/src/control/src/action_editor/cmd_process.cpp:917:13:[m[K [01;35m[Kwarning: [m[Kcomparison of unsigned expression >= 0 is always true [[01;35m[K-Wtype-limits[m[K]
[1.058s]   917 |    if([01;35m[Kvalue >= 0[m[K && value <= 255)
[1.058s]       |       [01;35m[K~~~~~~^~~~[m[K
[1.058s] [01m[K/home/robo/ROS2/walk_test/src/control/src/action_editor/cmd_process.cpp:926:13:[m[K [01;35m[Kwarning: [m[Kcomparison of unsigned expression >= 0 is always true [[01;35m[K-Wtype-limits[m[K]
[1.058s]   926 |    if([01;35m[Kvalue >= 0[m[K && value <= 255)
[1.058s]       |       [01;35m[K~~~~~~^~~~[m[K
[1.058s] [01m[K/home/robo/ROS2/walk_test/src/control/src/action_editor/cmd_process.cpp:1004:13:[m[K [01;35m[Kwarning: [m[Kcomparison of unsigned expression >= 0 is always true [[01;35m[K-Wtype-limits[m[K]
[1.058s]  1004 |    if([01;35m[Kvalue >= 0[m[K && value <= 255)
[1.058s]       |       [01;35m[K~~~~~~^~~~[m[K
[1.058s] [01m[K/home/robo/ROS2/walk_test/src/control/src/action_editor/cmd_process.cpp:1013:13:[m[K [01;35m[Kwarning: [m[Kcomparison of unsigned expression >= 0 is always true [[01;35m[K-Wtype-limits[m[K]
[1.058s]  1013 |    if([01;35m[Kvalue >= 0[m[K && value <= 255)
[1.058s]       |       [01;35m[K~~~~~~^~~~[m[K
[1.058s] [01m[K/home/robo/ROS2/walk_test/src/control/src/action_editor/cmd_process.cpp:1058:13:[m[K [01;35m[Kwarning: [m[Kcomparison of unsigned expression >= 0 is always true [[01;35m[K-Wtype-limits[m[K]
[1.059s]  1058 |    if([01;35m[Kvalue >= 0[m[K && value <= 255)
[1.059s]       |       [01;35m[K~~~~~~^~~~[m[K
[1.059s] [01m[K/home/robo/ROS2/walk_test/src/control/src/action_editor/cmd_process.cpp:1067:13:[m[K [01;35m[Kwarning: [m[Kcomparison of unsigned expression >= 0 is always true [[01;35m[K-Wtype-limits[m[K]
[1.059s]  1067 |    if([01;35m[Kvalue >= 0[m[K && value <= Action::MAXNUM_STEP)
[1.059s]       |       [01;35m[K~~~~~~^~~~[m[K
[1.059s] [01m[K/home/robo/ROS2/walk_test/src/control/src/action_editor/cmd_process.cpp:1083:13:[m[K [01;35m[Kwarning: [m[Kcomparison of unsigned expression >= 0 is always true [[01;35m[K-Wtype-limits[m[K]
[1.059s]  1083 |    if([01;35m[Kvalue >= 0[m[K && value <= 255)
[1.059s]       |       [01;35m[K~~~~~~^~~~[m[K
[1.059s] [01m[K/home/robo/ROS2/walk_test/src/control/src/action_editor/cmd_process.cpp:1092:13:[m[K [01;35m[Kwarning: [m[Kcomparison of unsigned expression >= 0 is always true [[01;35m[K-Wtype-limits[m[K]
[1.059s]  1092 |    if([01;35m[Kvalue >= 0[m[K && value <= 255)
[1.059s]       |       [01;35m[K~~~~~~^~~~[m[K
[1.059s] [01m[K/home/robo/ROS2/walk_test/src/control/src/action_editor/cmd_process.cpp:1101:13:[m[K [01;35m[Kwarning: [m[Kcomparison of unsigned expression >= 0 is always true [[01;35m[K-Wtype-limits[m[K]
[1.059s]  1101 |    if([01;35m[Kvalue >= 0[m[K && value <= 255)
[1.059s]       |       [01;35m[K~~~~~~^~~~[m[K
[1.059s] [01m[K/home/robo/ROS2/walk_test/src/control/src/action_editor/cmd_process.cpp:1110:13:[m[K [01;35m[Kwarning: [m[Kcomparison of unsigned expression >= 0 is always true [[01;35m[K-Wtype-limits[m[K]
[1.059s]  1110 |    if([01;35m[Kvalue >= 0[m[K && value <= 255)
[1.059s]       |       [01;35m[K~~~~~~^~~~[m[K
[1.059s] [01m[K/home/robo/ROS2/walk_test/src/control/src/action_editor/cmd_process.cpp:[m[K In function â€˜[01m[Kvoid PlayCmd()[m[Kâ€™:
[1.059s] [01m[K/home/robo/ROS2/walk_test/src/control/src/action_editor/cmd_process.cpp:1258:6:[m[K [01;35m[Kwarning: [m[Kunused variable â€˜[01m[Kvalue[m[Kâ€™ [[01;35m[K-Wunused-variable[m[K]
[1.060s]  1258 |  int [01;35m[Kvalue[m[K;
[1.060s]       |      [01;35m[K^~~~~[m[K
[1.060s] [01m[K/home/robo/ROS2/walk_test/src/control/src/action_editor/cmd_process.cpp:[m[K In function â€˜[01m[Kvoid OnOffCmd(bool, int, int*)[m[Kâ€™:
[1.060s] [01m[K/home/robo/ROS2/walk_test/src/control/src/action_editor/cmd_process.cpp:1384:20:[m[K [01;35m[Kwarning: [m[Kunused parameter â€˜[01m[Kon[m[Kâ€™ [[01;35m[K-Wunused-parameter[m[K]
[1.060s]  1384 | void OnOffCmd([01;35m[Kbool on[m[K, int num_param, int *list)
[1.060s]       |               [01;35m[K~~~~~^~[m[K
[1.060s] [01m[K/home/robo/ROS2/walk_test/src/control/src/action_editor/cmd_process.cpp:1384:28:[m[K [01;35m[Kwarning: [m[Kunused parameter â€˜[01m[Knum_param[m[Kâ€™ [[01;35m[K-Wunused-parameter[m[K]
[1.060s]  1384 | void OnOffCmd(bool on, [01;35m[Kint num_param[m[K, int *list)
[1.060s]       |                        [01;35m[K~~~~^~~~~~~~~[m[K
[1.060s] [01m[K/home/robo/ROS2/walk_test/src/control/src/action_editor/cmd_process.cpp:1384:44:[m[K [01;35m[Kwarning: [m[Kunused parameter â€˜[01m[Klist[m[Kâ€™ [[01;35m[K-Wunused-parameter[m[K]
[1.060s]  1384 | void OnOffCmd(bool on, int num_param, [01;35m[Kint *list[m[K)
[1.060s]       |                                       [01;35m[K~~~~~^~~~[m[K
[1.061s] [01m[K/home/robo/ROS2/walk_test/src/control/src/action_editor/cmd_process.cpp:[m[K In function â€˜[01m[Kvoid GoCmd(int)[m[Kâ€™:
[1.061s] [01m[K/home/robo/ROS2/walk_test/src/control/src/action_editor/cmd_process.cpp:1584:6:[m[K [01;35m[Kwarning: [m[Kunused variable â€˜[01m[Kn[m[Kâ€™ [[01;35m[K-Wunused-variable[m[K]
[1.061s]  1584 |  int [01;35m[Kn[m[K = 0;
[1.061s]       |      [01;35m[K^[m[K
[1.061s] [01m[K/home/robo/ROS2/walk_test/src/control/src/action_editor/cmd_process.cpp:1585:10:[m[K [01;35m[Kwarning: [m[Kunused variable â€˜[01m[Kparam[m[Kâ€™ [[01;35m[K-Wunused-variable[m[K]
[1.061s]  1585 |  uint8_t [01;35m[Kparam[m[K[JointData::NUMBER_OF_JOINTS * (1 + MX28::PARAM_BYTES)];
[1.061s]       |          [01;35m[K^~~~~[m[K
[1.061s] [01m[K/home/robo/ROS2/walk_test/src/control/src/action_editor/cmd_process.cpp:1586:11:[m[K [01;35m[Kwarning: [m[Kunused variable â€˜[01m[KwGoalPosition[m[Kâ€™ [[01;35m[K-Wunused-variable[m[K]
[1.061s]  1586 |  uint32_t [01;35m[KwGoalPosition[m[K, wStartPosition, wDistance;
[1.061s]       |           [01;35m[K^~~~~~~~~~~~~[m[K
[1.061s] [01m[K/home/robo/ROS2/walk_test/src/control/src/action_editor/cmd_process.cpp:1586:26:[m[K [01;35m[Kwarning: [m[Kunused variable â€˜[01m[KwStartPosition[m[Kâ€™ [[01;35m[K-Wunused-variable[m[K]
[1.061s]  1586 |  uint32_t wGoalPosition, [01;35m[KwStartPosition[m[K, wDistance;
[1.061s]       |                          [01;35m[K^~~~~~~~~~~~~~[m[K
[1.061s] [01m[K/home/robo/ROS2/walk_test/src/control/src/action_editor/cmd_process.cpp:1586:42:[m[K [01;35m[Kwarning: [m[Kunused variable â€˜[01m[KwDistance[m[Kâ€™ [[01;35m[K-Wunused-variable[m[K]
[1.062s]  1586 |  uint32_t wGoalPosition, wStartPosition, [01;35m[KwDistance[m[K;
[1.062s]       |                                          [01;35m[K^~~~~~~~~[m[K
[1.062s] [01m[K/home/robo/ROS2/walk_test/src/control/src/action_editor/cmd_process.cpp:[m[K In function â€˜[01m[Kvoid readServo()[m[Kâ€™:
[1.062s] [01m[K/home/robo/ROS2/walk_test/src/control/src/action_editor/cmd_process.cpp:1670:11:[m[K [01;35m[Kwarning: [m[Kunused variable â€˜[01m[Kvalue[m[Kâ€™ [[01;35m[K-Wunused-variable[m[K]
[1.062s]  1670 |  uint32_t [01;35m[Kvalue[m[K;
[1.062s]       |           [01;35m[K^~~~~[m[K
[1.063s] [01m[K/home/robo/ROS2/walk_test/src/control/src/action_editor/cmd_process.cpp:[m[K In function â€˜[01m[Kint main(int, char**)[m[Kâ€™:
[1.063s] [01m[K/home/robo/ROS2/walk_test/src/control/src/action_editor/cmd_process.cpp:1700:22:[m[K [01;31m[Kerror: [m[Kâ€˜[01m[Ksighandler[m[Kâ€™ was not declared in this scope; did you mean â€˜[01m[Ksighandler_t[m[Kâ€™?
[1.063s]  1700 |     signal(SIGABRT, &[01;31m[Ksighandler[m[K);
[1.063s]       |                      [01;31m[K^~~~~~~~~~[m[K
[1.063s]       |                      [32m[Ksighandler_t[m[K
[1.065s] [01m[K/home/robo/ROS2/walk_test/src/control/src/action_editor/cmd_process.cpp:1705:5:[m[K [01;31m[Kerror: [m[Kâ€˜[01m[Kchange_current_dir[m[Kâ€™ was not declared in this scope
[1.065s]  1705 |     [01;31m[Kchange_current_dir[m[K();
[1.065s]       |     [01;31m[K^~~~~~~~~~~~~~~~~~[m[K
[1.067s] [01m[K/home/robo/ROS2/walk_test/src/control/src/action_editor/cmd_process.cpp:1714:22:[m[K [01;31m[Kerror: [m[Kâ€˜[01m[KMOTION_FILE_PATH[m[Kâ€™ was not declared in this scope; did you mean â€˜[01m[KINI_FILE_PATH[m[Kâ€™?
[1.067s]  1714 |     strcpy(filename, [01;31m[KMOTION_FILE_PATH[m[K); // Set default motion file path
[1.067s]       |                      [01;31m[K^~~~~~~~~~~~~~~~[m[K
[1.067s]       |                      [32m[KINI_FILE_PATH[m[K
[1.799s] make[2]: *** [CMakeFiles/action.dir/build.make:89: CMakeFiles/action.dir/src/action_editor/cmd_process.cpp.o] Error 1
[1.799s] make[1]: *** [CMakeFiles/Makefile2:221: CMakeFiles/action.dir/all] Error 2
[1.800s] make: *** [Makefile:141: all] Error 2
[1.801s] Invoked command in '/home/robo/ROS2/walk_test/build/control' returned '2': CMAKE_PREFIX_PATH=/home/robo/ROS2/walk_test/install/dynamixel_sdk_custom_interfaces:/home/robo/ROS2/walk_test/install/control:/opt/ros/foxy LD_LIBRARY_PATH=/home/robo/ROS2/walk_test/install/dynamixel_sdk_custom_interfaces/lib:/home/robo/ROS2/walk_test/install/control/lib:/opt/ros/foxy/opt/yaml_cpp_vendor/lib:/opt/ros/foxy/opt/rviz_ogre_vendor/lib:/opt/ros/foxy/lib/x86_64-linux-gnu:/opt/ros/foxy/lib /usr/bin/cmake --build /home/robo/ROS2/walk_test/build/control -- -j12 -l12
