[0.009s] Invoking command in '/home/robo/ROS2/walk_test/build/control': CMAKE_PREFIX_PATH=/home/robo/ROS2/walk_test/install/dynamixel_sdk_custom_interfaces:/home/robo/ROS2/walk_test/install/control:/opt/ros/foxy LD_LIBRARY_PATH=/home/robo/ROS2/walk_test/install/dynamixel_sdk_custom_interfaces/lib:/home/robo/ROS2/walk_test/install/control/lib:/opt/ros/foxy/opt/yaml_cpp_vendor/lib:/opt/ros/foxy/opt/rviz_ogre_vendor/lib:/opt/ros/foxy/lib/x86_64-linux-gnu:/opt/ros/foxy/lib /usr/bin/cmake --build /home/robo/ROS2/walk_test/build/control -- -j12 -l12
[0.041s] [35m[1mScanning dependencies of target action[0m
[0.054s] [ 14%] Built target gait_publisher
[0.054s] [ 14%] Built target decision
[0.054s] [ 22%] Built target control
[0.058s] [ 85%] Built target motion
[0.065s] [ 88%] [32mBuilding CXX object CMakeFiles/action.dir/src/action_editor/main.cpp.o[0m
[0.066s] [ 92%] [32mBuilding CXX object CMakeFiles/action.dir/src/action_editor/cmd_process.cpp.o[0m
[1.001s] [01m[K/home/robo/ROS2/walk_test/src/control/src/action_editor/main.cpp:[m[K In function â€˜[01m[Kvoid sighandler(int)[m[Kâ€™:
[1.001s] [01m[K/home/robo/ROS2/walk_test/src/control/src/action_editor/main.cpp:323:21:[m[K [01;35m[Kwarning: [m[Kunused parameter â€˜[01m[Ksig[m[Kâ€™ [[01;35m[K-Wunused-parameter[m[K]
[1.001s]   323 | void sighandler([01;35m[Kint sig[m[K)
[1.002s]       |                 [01;35m[K~~~~^~~[m[K
[1.004s] [01m[K/home/robo/ROS2/walk_test/src/control/src/action_editor/main.cpp:[m[K In function â€˜[01m[Kint main(int, char**)[m[Kâ€™:
[1.004s] [01m[K/home/robo/ROS2/walk_test/src/control/src/action_editor/main.cpp:388:13:[m[K [01;35m[Kwarning: [m[Kvariable â€˜[01m[Kini[m[Kâ€™ set but not used [[01;35m[K-Wunused-but-set-variable[m[K]
[1.004s]   388 |     minIni* [01;35m[Kini[m[K;
[1.004s]       |             [01;35m[K^~~[m[K
[1.053s] [01m[K/home/robo/ROS2/walk_test/src/control/src/action_editor/cmd_process.cpp:28:26:[m[K [01;35m[Kwarning: [m[Knon-ISO-standard escape sequence, '\e'
[1.053s]    28 | const std::string azul = [01;35m[K"\e[0;36m"[m[K;
[1.053s]       |                          [01;35m[K^~~~~~~~~~[m[K
[1.053s] [01m[K/home/robo/ROS2/walk_test/src/control/src/action_editor/cmd_process.cpp:29:27:[m[K [01;35m[Kwarning: [m[Knon-ISO-standard escape sequence, '\e'
[1.053s]    29 | const std::string azulE = [01;35m[K"\e[0;34m"[m[K;
[1.053s]       |                           [01;35m[K^~~~~~~~~~[m[K
[1.053s] [01m[K/home/robo/ROS2/walk_test/src/control/src/action_editor/cmd_process.cpp:30:27:[m[K [01;35m[Kwarning: [m[Knon-ISO-standard escape sequence, '\e'
[1.053s]    30 | const std::string amare = [01;35m[K"\e[0;33m"[m[K;
[1.053s]       |                           [01;35m[K^~~~~~~~~~[m[K
[1.054s] [01m[K/home/robo/ROS2/walk_test/src/control/src/action_editor/cmd_process.cpp:31:27:[m[K [01;35m[Kwarning: [m[Knon-ISO-standard escape sequence, '\e'
[1.054s]    31 | const std::string verde = [01;35m[K"\e[0;32m"[m[K;
[1.054s]       |                           [01;35m[K^~~~~~~~~~[m[K
[1.054s] [01m[K/home/robo/ROS2/walk_test/src/control/src/action_editor/cmd_process.cpp:32:25:[m[K [01;35m[Kwarning: [m[Knon-ISO-standard escape sequence, '\e'
[1.054s]    32 | const std::string red = [01;35m[K"\e[0;31m"[m[K;
[1.054s]       |                         [01;35m[K^~~~~~~~~~[m[K
[1.054s] [01m[K/home/robo/ROS2/walk_test/src/control/src/action_editor/cmd_process.cpp:33:26:[m[K [01;35m[Kwarning: [m[Knon-ISO-standard escape sequence, '\e'
[1.054s]    33 | const std::string gray = [01;35m[K"\e[0;37m"[m[K;
[1.054s]       |                          [01;35m[K^~~~~~~~~~[m[K
[1.054s] [01m[K/home/robo/ROS2/walk_test/src/control/src/action_editor/cmd_process.cpp:34:26:[m[K [01;35m[Kwarning: [m[Knon-ISO-standard escape sequence, '\e'
[1.054s]    34 | const std::string nulo = [01;35m[K"\e[0m"[m[K;
[1.054s]       |                          [01;35m[K^~~~~~~[m[K
[1.054s] [01m[K/home/robo/ROS2/walk_test/src/control/src/action_editor/cmd_process.cpp:36:27:[m[K [01;35m[Kwarning: [m[Knon-ISO-standard escape sequence, '\e'
[1.054s]    36 | const std::string Lazul = [01;35m[K"\e[96m"[m[K;
[1.054s]       |                           [01;35m[K^~~~~~~~[m[K
[1.054s] [01m[K/home/robo/ROS2/walk_test/src/control/src/action_editor/cmd_process.cpp:37:28:[m[K [01;35m[Kwarning: [m[Knon-ISO-standard escape sequence, '\e'
[1.054s]    37 | const std::string LazulE = [01;35m[K"\e[94m"[m[K;
[1.054s]       |                            [01;35m[K^~~~~~~~[m[K
[1.054s] [01m[K/home/robo/ROS2/walk_test/src/control/src/action_editor/cmd_process.cpp:38:28:[m[K [01;35m[Kwarning: [m[Knon-ISO-standard escape sequence, '\e'
[1.054s]    38 | const std::string Lamare = [01;35m[K"\e[93m"[m[K;
[1.055s]       |                            [01;35m[K^~~~~~~~[m[K
[1.055s] [01m[K/home/robo/ROS2/walk_test/src/control/src/action_editor/cmd_process.cpp:39:28:[m[K [01;35m[Kwarning: [m[Knon-ISO-standard escape sequence, '\e'
[1.055s]    39 | const std::string Lverde = [01;35m[K"\e[92m"[m[K;
[1.055s]       |                            [01;35m[K^~~~~~~~[m[K
[1.055s] [01m[K/home/robo/ROS2/walk_test/src/control/src/action_editor/cmd_process.cpp:40:26:[m[K [01;35m[Kwarning: [m[Knon-ISO-standard escape sequence, '\e'
[1.055s]    40 | const std::string Lred = [01;35m[K"\e[91m"[m[K;
[1.055s]       |                          [01;35m[K^~~~~~~~[m[K
[1.055s] [01m[K/home/robo/ROS2/walk_test/src/control/src/action_editor/cmd_process.cpp:41:27:[m[K [01;35m[Kwarning: [m[Knon-ISO-standard escape sequence, '\e'
[1.055s]    41 | const std::string Lgray = [01;35m[K"\e[97m"[m[K;
[1.055s]       |                           [01;35m[K^~~~~~~~[m[K
[1.055s] [01m[K/home/robo/ROS2/walk_test/src/control/src/action_editor/cmd_process.cpp:[m[K In function â€˜[01m[Kvoid ReadStep()[m[Kâ€™:
[1.055s] [01m[K/home/robo/ROS2/walk_test/src/control/src/action_editor/cmd_process.cpp:120:10:[m[K [01;35m[Kwarning: [m[Kunused variable â€˜[01m[Kvalue8[m[Kâ€™ [[01;35m[K-Wunused-variable[m[K]
[1.055s]   120 |  uint8_t [01;35m[Kvalue8[m[K;
[1.055s]       |          [01;35m[K^~~~~~[m[K
[1.055s] [01m[K/home/robo/ROS2/walk_test/src/control/src/action_editor/cmd_process.cpp:121:11:[m[K [01;35m[Kwarning: [m[Kunused variable â€˜[01m[Kvalue32[m[Kâ€™ [[01;35m[K-Wunused-variable[m[K]
[1.055s]   121 |  uint32_t [01;35m[Kvalue32[m[K;
[1.055s]       |           [01;35m[K^~~~~~~[m[K
[1.055s] [01m[K/home/robo/ROS2/walk_test/src/control/src/action_editor/cmd_process.cpp:[m[K In function â€˜[01m[Kvoid DrawIntro()[m[Kâ€™:
[1.055s] [01m[K/home/robo/ROS2/walk_test/src/control/src/action_editor/cmd_process.cpp:324:9:[m[K [01;35m[Kwarning: [m[Knon-ISO-standard escape sequence, '\e'
[1.055s]   324 |  system([01;35m[K"printf '\e[8;27;80t'"[m[K);
[1.056s]       |         [01;35m[K^~~~~~~~~~~~~~~~~~~~~~[m[K
[1.059s] [01m[K/home/robo/ROS2/walk_test/src/control/src/action_editor/cmd_process.cpp:[m[K In function â€˜[01m[Kvoid SetValue(uint32_t)[m[Kâ€™:
[1.059s] [01m[K/home/robo/ROS2/walk_test/src/control/src/action_editor/cmd_process.cpp:708:13:[m[K [01;35m[Kwarning: [m[Kcomparison of unsigned expression >= 0 is always true [[01;35m[K-Wtype-limits[m[K]
[1.059s]   708 |    if([01;35m[Kvalue >= 0[m[K && value <= 255)
[1.059s]       |       [01;35m[K~~~~~~^~~~[m[K
[1.059s] [01m[K/home/robo/ROS2/walk_test/src/control/src/action_editor/cmd_process.cpp:717:13:[m[K [01;35m[Kwarning: [m[Kcomparison of unsigned expression >= 0 is always true [[01;35m[K-Wtype-limits[m[K]
[1.059s]   717 |    if([01;35m[Kvalue >= 0[m[K && value <= 255)
[1.059s]       |       [01;35m[K~~~~~~^~~~[m[K
[1.060s] [01m[K/home/robo/ROS2/walk_test/src/control/src/action_editor/cmd_process.cpp:731:19:[m[K [01;31m[Kerror: [m[Kâ€˜[01m[Kcreate_publisher[m[Kâ€™ was not declared in this scope; did you mean â€˜[01m[Krclcpp::create_publisher[m[Kâ€™?
[1.060s]   731 |      publisher_ = [01;31m[Kcreate_publisher[m[K<dynamixel_sdk_custom_interfaces::msg::SetPosition>("set_position", 10);
[1.060s]       |                   [01;31m[K^~~~~~~~~~~~~~~~[m[K
[1.060s]       |                   [32m[Krclcpp::create_publisher[m[K
[1.060s] In file included from [01m[K/opt/ros/foxy/include/rclcpp/node_impl.hpp:39[m[K,
[1.060s]                  from [01m[K/opt/ros/foxy/include/rclcpp/node.hpp:1224[m[K,
[1.060s]                  from [01m[K/opt/ros/foxy/include/rclcpp/executors/single_threaded_executor.hpp:28[m[K,
[1.060s]                  from [01m[K/opt/ros/foxy/include/rclcpp/executors.hpp:22[m[K,
[1.060s]                  from [01m[K/opt/ros/foxy/include/rclcpp/rclcpp.hpp:146[m[K,
[1.060s]                  from [01m[K/home/robo/ROS2/walk_test/src/control/include/MotionManager.h:20[m[K,
[1.060s]                  from [01m[K/home/robo/ROS2/walk_test/src/control/src/action_editor/cmd_process.cpp:7[m[K:
[1.060s] [01m[K/opt/ros/foxy/include/rclcpp/create_publisher.hpp:43:1:[m[K [01;36m[Knote: [m[Kâ€˜[01m[Krclcpp::create_publisher[m[Kâ€™ declared here
[1.061s]    43 | [01;36m[Kcreate_publisher[m[K(
[1.061s]       | [01;36m[K^~~~~~~~~~~~~~~~[m[K
[1.061s] [01m[K/home/robo/ROS2/walk_test/src/control/src/action_editor/cmd_process.cpp:731:85:[m[K [01;31m[Kerror: [m[Kexpected primary-expression before â€˜[01m[K>[m[Kâ€™ token
[1.061s]   731 |      publisher_ = create_publisher<dynamixel_sdk_custom_interfaces::msg::SetPosition[01;31m[K>[m[K("set_position", 10);
[1.061s]       |                                                                                     [01;31m[K^[m[K
[1.061s] [01m[K/home/robo/ROS2/walk_test/src/control/src/action_editor/cmd_process.cpp:731:87:[m[K [01;35m[Kwarning: [m[Kleft operand of comma operator has no effect [[01;35m[K-Wunused-value[m[K]
[1.061s]   731 |      publisher_ = create_publisher<dynamixel_sdk_custom_interfaces::msg::SetPosition>([01;35m[K"set_position"[m[K, 10);
[1.061s]       |                                                                                       [01;35m[K^~~~~~~~~~~~~~[m[K
[1.061s] [01m[K/home/robo/ROS2/walk_test/src/control/src/action_editor/cmd_process.cpp:795:13:[m[K [01;35m[Kwarning: [m[Kcomparison of unsigned expression >= 0 is always true [[01;35m[K-Wtype-limits[m[K]
[1.061s]   795 |    if([01;35m[Kvalue >= 0[m[K && value <= 255)
[1.061s]       |       [01;35m[K~~~~~~^~~~[m[K
[1.061s] [01m[K/home/robo/ROS2/walk_test/src/control/src/action_editor/cmd_process.cpp:804:13:[m[K [01;35m[Kwarning: [m[Kcomparison of unsigned expression >= 0 is always true [[01;35m[K-Wtype-limits[m[K]
[1.061s]   804 |    if([01;35m[Kvalue >= 0[m[K && value <= 255)
[1.061s]       |       [01;35m[K~~~~~~^~~~[m[K
[1.061s] [01m[K/home/robo/ROS2/walk_test/src/control/src/action_editor/cmd_process.cpp:849:13:[m[K [01;35m[Kwarning: [m[Kcomparison of unsigned expression >= 0 is always true [[01;35m[K-Wtype-limits[m[K]
[1.061s]   849 |    if([01;35m[Kvalue >= 0[m[K && value <= 255)
[1.061s]       |       [01;35m[K~~~~~~^~~~[m[K
[1.061s] [01m[K/home/robo/ROS2/walk_test/src/control/src/action_editor/cmd_process.cpp:858:13:[m[K [01;35m[Kwarning: [m[Kcomparison of unsigned expression >= 0 is always true [[01;35m[K-Wtype-limits[m[K]
[1.061s]   858 |    if([01;35m[Kvalue >= 0[m[K && value <= Action::MAXNUM_STEP)
[1.061s]       |       [01;35m[K~~~~~~^~~~[m[K
[1.061s] [01m[K/home/robo/ROS2/walk_test/src/control/src/action_editor/cmd_process.cpp:874:13:[m[K [01;35m[Kwarning: [m[Kcomparison of unsigned expression >= 0 is always true [[01;35m[K-Wtype-limits[m[K]
[1.062s]   874 |    if([01;35m[Kvalue >= 0[m[K && value <= 255)
[1.062s]       |       [01;35m[K~~~~~~^~~~[m[K
[1.062s] [01m[K/home/robo/ROS2/walk_test/src/control/src/action_editor/cmd_process.cpp:883:13:[m[K [01;35m[Kwarning: [m[Kcomparison of unsigned expression >= 0 is always true [[01;35m[K-Wtype-limits[m[K]
[1.062s]   883 |    if([01;35m[Kvalue >= 0[m[K && value <= 255)
[1.062s]       |       [01;35m[K~~~~~~^~~~[m[K
[1.062s] [01m[K/home/robo/ROS2/walk_test/src/control/src/action_editor/cmd_process.cpp:892:13:[m[K [01;35m[Kwarning: [m[Kcomparison of unsigned expression >= 0 is always true [[01;35m[K-Wtype-limits[m[K]
[1.062s]   892 |    if([01;35m[Kvalue >= 0[m[K && value <= 255)
[1.062s]       |       [01;35m[K~~~~~~^~~~[m[K
[1.062s] [01m[K/home/robo/ROS2/walk_test/src/control/src/action_editor/cmd_process.cpp:901:13:[m[K [01;35m[Kwarning: [m[Kcomparison of unsigned expression >= 0 is always true [[01;35m[K-Wtype-limits[m[K]
[1.062s]   901 |    if([01;35m[Kvalue >= 0[m[K && value <= 255)
[1.062s]       |       [01;35m[K~~~~~~^~~~[m[K
[1.062s] [01m[K/home/robo/ROS2/walk_test/src/control/src/action_editor/cmd_process.cpp:[m[K In function â€˜[01m[Kvoid PlayCmd()[m[Kâ€™:
[1.062s] [01m[K/home/robo/ROS2/walk_test/src/control/src/action_editor/cmd_process.cpp:1049:6:[m[K [01;35m[Kwarning: [m[Kunused variable â€˜[01m[Kvalue[m[Kâ€™ [[01;35m[K-Wunused-variable[m[K]
[1.062s]  1049 |  int [01;35m[Kvalue[m[K;
[1.062s]       |      [01;35m[K^~~~~[m[K
[1.062s] [01m[K/home/robo/ROS2/walk_test/src/control/src/action_editor/cmd_process.cpp:[m[K In function â€˜[01m[Kvoid OnOffCmd(bool, int, int*)[m[Kâ€™:
[1.062s] [01m[K/home/robo/ROS2/walk_test/src/control/src/action_editor/cmd_process.cpp:1175:20:[m[K [01;35m[Kwarning: [m[Kunused parameter â€˜[01m[Kon[m[Kâ€™ [[01;35m[K-Wunused-parameter[m[K]
[1.062s]  1175 | void OnOffCmd([01;35m[Kbool on[m[K, int num_param, int *list)
[1.062s]       |               [01;35m[K~~~~~^~[m[K
[1.063s] [01m[K/home/robo/ROS2/walk_test/src/control/src/action_editor/cmd_process.cpp:1175:28:[m[K [01;35m[Kwarning: [m[Kunused parameter â€˜[01m[Knum_param[m[Kâ€™ [[01;35m[K-Wunused-parameter[m[K]
[1.063s]  1175 | void OnOffCmd(bool on, [01;35m[Kint num_param[m[K, int *list)
[1.063s]       |                        [01;35m[K~~~~^~~~~~~~~[m[K
[1.063s] [01m[K/home/robo/ROS2/walk_test/src/control/src/action_editor/cmd_process.cpp:1175:44:[m[K [01;35m[Kwarning: [m[Kunused parameter â€˜[01m[Klist[m[Kâ€™ [[01;35m[K-Wunused-parameter[m[K]
[1.063s]  1175 | void OnOffCmd(bool on, int num_param, [01;35m[Kint *list[m[K)
[1.063s]       |                                       [01;35m[K~~~~~^~~~[m[K
[1.063s] [01m[K/home/robo/ROS2/walk_test/src/control/src/action_editor/cmd_process.cpp:[m[K In function â€˜[01m[Kvoid GoCmd(int)[m[Kâ€™:
[1.063s] [01m[K/home/robo/ROS2/walk_test/src/control/src/action_editor/cmd_process.cpp:1375:6:[m[K [01;35m[Kwarning: [m[Kunused variable â€˜[01m[Kn[m[Kâ€™ [[01;35m[K-Wunused-variable[m[K]
[1.063s]  1375 |  int [01;35m[Kn[m[K = 0;
[1.063s]       |      [01;35m[K^[m[K
[1.063s] [01m[K/home/robo/ROS2/walk_test/src/control/src/action_editor/cmd_process.cpp:1376:10:[m[K [01;35m[Kwarning: [m[Kunused variable â€˜[01m[Kparam[m[Kâ€™ [[01;35m[K-Wunused-variable[m[K]
[1.063s]  1376 |  uint8_t [01;35m[Kparam[m[K[JointData::NUMBER_OF_JOINTS * (1 + MX28::PARAM_BYTES)];
[1.063s]       |          [01;35m[K^~~~~[m[K
[1.063s] [01m[K/home/robo/ROS2/walk_test/src/control/src/action_editor/cmd_process.cpp:1377:11:[m[K [01;35m[Kwarning: [m[Kunused variable â€˜[01m[KwGoalPosition[m[Kâ€™ [[01;35m[K-Wunused-variable[m[K]
[1.063s]  1377 |  uint32_t [01;35m[KwGoalPosition[m[K, wStartPosition, wDistance;
[1.063s]       |           [01;35m[K^~~~~~~~~~~~~[m[K
[1.064s] [01m[K/home/robo/ROS2/walk_test/src/control/src/action_editor/cmd_process.cpp:1377:26:[m[K [01;35m[Kwarning: [m[Kunused variable â€˜[01m[KwStartPosition[m[Kâ€™ [[01;35m[K-Wunused-variable[m[K]
[1.064s]  1377 |  uint32_t wGoalPosition, [01;35m[KwStartPosition[m[K, wDistance;
[1.064s]       |                          [01;35m[K^~~~~~~~~~~~~~[m[K
[1.064s] [01m[K/home/robo/ROS2/walk_test/src/control/src/action_editor/cmd_process.cpp:1377:42:[m[K [01;35m[Kwarning: [m[Kunused variable â€˜[01m[KwDistance[m[Kâ€™ [[01;35m[K-Wunused-variable[m[K]
[1.064s]  1377 |  uint32_t wGoalPosition, wStartPosition, [01;35m[KwDistance[m[K;
[1.064s]       |                                          [01;35m[K^~~~~~~~~[m[K
[1.064s] [01m[K/home/robo/ROS2/walk_test/src/control/src/action_editor/cmd_process.cpp:[m[K In function â€˜[01m[Kvoid readServo()[m[Kâ€™:
[1.064s] [01m[K/home/robo/ROS2/walk_test/src/control/src/action_editor/cmd_process.cpp:1461:11:[m[K [01;35m[Kwarning: [m[Kunused variable â€˜[01m[Kvalue[m[Kâ€™ [[01;35m[K-Wunused-variable[m[K]
[1.064s]  1461 |  uint32_t [01;35m[Kvalue[m[K;
[1.064s]       |           [01;35m[K^~~~~[m[K
[1.336s] make[2]: *** [CMakeFiles/action.dir/build.make:89: CMakeFiles/action.dir/src/action_editor/cmd_process.cpp.o] Error 1
[1.336s] make[2]: *** Waiting for unfinished jobs....
[2.486s] make[1]: *** [CMakeFiles/Makefile2:221: CMakeFiles/action.dir/all] Error 2
[2.486s] make: *** [Makefile:141: all] Error 2
[2.488s] Invoked command in '/home/robo/ROS2/walk_test/build/control' returned '2': CMAKE_PREFIX_PATH=/home/robo/ROS2/walk_test/install/dynamixel_sdk_custom_interfaces:/home/robo/ROS2/walk_test/install/control:/opt/ros/foxy LD_LIBRARY_PATH=/home/robo/ROS2/walk_test/install/dynamixel_sdk_custom_interfaces/lib:/home/robo/ROS2/walk_test/install/control/lib:/opt/ros/foxy/opt/yaml_cpp_vendor/lib:/opt/ros/foxy/opt/rviz_ogre_vendor/lib:/opt/ros/foxy/lib/x86_64-linux-gnu:/opt/ros/foxy/lib /usr/bin/cmake --build /home/robo/ROS2/walk_test/build/control -- -j12 -l12
