[0.012s] Invoking command in '/home/robofei/ROS2/action/build/control': CMAKE_PREFIX_PATH=/home/robofei/ROS2/action/install/custom_interfaces:/home/robofei/ROS2/action/install/control:/opt/ros/foxy /usr/bin/cmake --build /home/robofei/ROS2/action/build/control -- -j4 -l4
[0.061s] [35m[1mScanning dependencies of target minimal_publisher[0m
[0.091s] [ 50%] [32mBuilding CXX object CMakeFiles/minimal_publisher.dir/src/minimal_pub.cpp.o[0m
[1.438s] [01m[K/home/robofei/ROS2/action/src/control/src/minimal_pub.cpp:[m[K In member function â€˜[01m[Kvoid MinimalPublisher::topic_callback(std::shared_ptr<custom_interfaces::msg::Decision_<std::allocator<void> > >) const[m[Kâ€™:
[1.438s] [01m[K/home/robofei/ROS2/action/src/control/src/minimal_pub.cpp:35:47:[m[K [01;31m[Kerror: [m[Kpassing â€˜[01m[Kconst MinimalPublisher[m[Kâ€™ as â€˜[01m[Kthis[m[Kâ€™ argument discards qualifiers [[01;31m[K-fpermissive[m[K]
[1.438s]    35 |       500ms, std::bind(timer_callback_goodbye([01;31m[K)[m[K));
[1.438s]       |                                               [01;31m[K^[m[K
[1.438s] [01m[K/home/robofei/ROS2/action/src/control/src/minimal_pub.cpp:44:8:[m[K [01;36m[Knote: [m[K  in call to â€˜[01m[Kvoid MinimalPublisher::timer_callback_goodbye()[m[Kâ€™
[1.438s]    44 |   void [01;36m[Ktimer_callback_goodbye[m[K()
[1.438s]       |        [01;36m[K^~~~~~~~~~~~~~~~~~~~~~[m[K
[1.438s] [01m[K/home/robofei/ROS2/action/src/control/src/minimal_pub.cpp:35:48:[m[K [01;31m[Kerror: [m[Kinvalid use of void expression
[1.438s]    35 |       500ms, std::bind(timer_callback_goodbye()[01;31m[K)[m[K);
[1.438s]       |                                                [01;31m[K^[m[K
[1.438s] [01m[K/home/robofei/ROS2/action/src/control/src/minimal_pub.cpp:39:44:[m[K [01;31m[Kerror: [m[Kpassing â€˜[01m[Kconst MinimalPublisher[m[Kâ€™ as â€˜[01m[Kthis[m[Kâ€™ argument discards qualifiers [[01;31m[K-fpermissive[m[K]
[1.439s]    39 |       500ms, std::bind(timer_callback_stop([01;31m[K)[m[K));
[1.439s]       |                                            [01;31m[K^[m[K
[1.439s] [01m[K/home/robofei/ROS2/action/src/control/src/minimal_pub.cpp:67:8:[m[K [01;36m[Knote: [m[K  in call to â€˜[01m[Kvoid MinimalPublisher::timer_callback_stop()[m[Kâ€™
[1.439s]    67 |   void [01;36m[Ktimer_callback_stop[m[K()
[1.439s]       |        [01;36m[K^~~~~~~~~~~~~~~~~~~[m[K
[1.439s] [01m[K/home/robofei/ROS2/action/src/control/src/minimal_pub.cpp:39:45:[m[K [01;31m[Kerror: [m[Kinvalid use of void expression
[1.439s]    39 |       500ms, std::bind(timer_callback_stop()[01;31m[K)[m[K);
[1.439s]       |                                             [01;31m[K^[m[K
[3.067s] make[2]: *** [CMakeFiles/minimal_publisher.dir/build.make:63: CMakeFiles/minimal_publisher.dir/src/minimal_pub.cpp.o] Error 1
[3.068s] make[1]: *** [CMakeFiles/Makefile2:105: CMakeFiles/minimal_publisher.dir/all] Error 2
[3.068s] make: *** [Makefile:141: all] Error 2
[3.070s] Invoked command in '/home/robofei/ROS2/action/build/control' returned '2': CMAKE_PREFIX_PATH=/home/robofei/ROS2/action/install/custom_interfaces:/home/robofei/ROS2/action/install/control:/opt/ros/foxy /usr/bin/cmake --build /home/robofei/ROS2/action/build/control -- -j4 -l4
