[0.009s] Invoking command in '/home/robo/ROS2/walk_test/build/control': CMAKE_PREFIX_PATH=/home/robo/ROS2/walk_test/install/dynamixel_sdk_custom_interfaces:/home/robo/ROS2/walk_test/install/control:/opt/ros/foxy LD_LIBRARY_PATH=/home/robo/ROS2/walk_test/install/dynamixel_sdk_custom_interfaces/lib:/home/robo/ROS2/walk_test/install/control/lib:/opt/ros/foxy/opt/yaml_cpp_vendor/lib:/opt/ros/foxy/opt/rviz_ogre_vendor/lib:/opt/ros/foxy/lib/x86_64-linux-gnu:/opt/ros/foxy/lib /usr/bin/cmake --build /home/robo/ROS2/walk_test/build/control -- -j12 -l12
[0.040s] [35m[1mScanning dependencies of target cmd[0m
[0.041s] [35m[1mScanning dependencies of target action[0m
[0.054s] [ 13%] Built target gait_publisher
[0.054s] [ 13%] Built target decision
[0.055s] [ 20%] Built target control
[0.059s] [ 79%] Built target motion
[0.063s] [ 82%] [32mBuilding CXX object CMakeFiles/cmd.dir/src/action_editor/cmd_process.cpp.o[0m
[0.064s] [ 86%] [32mBuilding CXX object CMakeFiles/action.dir/src/action_editor/main.cpp.o[0m
[0.065s] [ 89%] [32mBuilding CXX object CMakeFiles/action.dir/src/action_editor/cmd_process.cpp.o[0m
[1.022s] [01m[K/home/robo/ROS2/walk_test/src/control/src/action_editor/main.cpp:[m[K In member function â€˜[01m[Kint MinimalPublisher::process()[m[Kâ€™:
[1.022s] [01m[K/home/robo/ROS2/walk_test/src/control/src/action_editor/main.cpp:115:14:[m[K [01;31m[Kerror: [m[Kâ€˜[01m[K_getch[m[Kâ€™ was not declared in this scope; did you mean â€˜[01m[Kwgetch[m[Kâ€™?
[1.022s]   115 |         ch = [01;31m[K_getch[m[K();
[1.022s]       |              [01;31m[K^~~~~~[m[K
[1.022s]       |              [32m[Kwgetch[m[K
[1.024s] [01m[K/home/robo/ROS2/walk_test/src/control/src/action_editor/main.cpp:124:21:[m[K [01;31m[Kerror: [m[Kâ€˜[01m[KMoveUpCursor[m[Kâ€™ was not declared in this scope
[1.024s]   124 |                     [01;31m[KMoveUpCursor[m[K();
[1.024s]       |                     [01;31m[K^~~~~~~~~~~~[m[K
[1.027s] [01m[K/home/robo/ROS2/walk_test/src/control/src/action_editor/main.cpp:126:21:[m[K [01;31m[Kerror: [m[Kâ€˜[01m[KMoveDownCursor[m[Kâ€™ was not declared in this scope
[1.027s]   126 |                     [01;31m[KMoveDownCursor[m[K();
[1.027s]       |                     [01;31m[K^~~~~~~~~~~~~~[m[K
[1.030s] [01m[K/home/robo/ROS2/walk_test/src/control/src/action_editor/main.cpp:128:21:[m[K [01;31m[Kerror: [m[Kâ€˜[01m[KMoveLeftCursor[m[Kâ€™ was not declared in this scope
[1.030s]   128 |                     [01;31m[KMoveLeftCursor[m[K();
[1.030s]       |                     [01;31m[K^~~~~~~~~~~~~~[m[K
[1.033s] [01m[K/home/robo/ROS2/walk_test/src/control/src/action_editor/main.cpp:130:21:[m[K [01;31m[Kerror: [m[Kâ€˜[01m[KMoveRightCursor[m[Kâ€™ was not declared in this scope
[1.033s]   130 |                     [01;31m[KMoveRightCursor[m[K();
[1.033s]       |                     [01;31m[K^~~~~~~~~~~~~~~[m[K
[1.035s] [01m[K/home/robo/ROS2/walk_test/src/control/src/action_editor/main.cpp:134:13:[m[K [01;31m[Kerror: [m[Kâ€˜[01m[KUpDownValue[m[Kâ€™ was not declared in this scope
[1.036s]   134 |             [01;31m[KUpDownValue[m[K(-1);
[1.036s]       |             [01;31m[K^~~~~~~~~~~[m[K
[1.038s] [01m[K/home/robo/ROS2/walk_test/src/control/src/action_editor/main.cpp:136:13:[m[K [01;31m[Kerror: [m[Kâ€˜[01m[KUpDownValue[m[Kâ€™ was not declared in this scope
[1.038s]   136 |             [01;31m[KUpDownValue[m[K(1);
[1.038s]       |             [01;31m[K^~~~~~~~~~~[m[K
[1.041s] [01m[K/home/robo/ROS2/walk_test/src/control/src/action_editor/main.cpp:138:13:[m[K [01;31m[Kerror: [m[Kâ€˜[01m[KUpDownValue[m[Kâ€™ was not declared in this scope
[1.041s]   138 |             [01;31m[KUpDownValue[m[K(-10);
[1.041s]       |             [01;31m[K^~~~~~~~~~~[m[K
[1.043s] [01m[K/home/robo/ROS2/walk_test/src/control/src/action_editor/main.cpp:140:13:[m[K [01;31m[Kerror: [m[Kâ€˜[01m[KUpDownValue[m[Kâ€™ was not declared in this scope
[1.043s]   140 |             [01;31m[KUpDownValue[m[K(10);
[1.043s]       |             [01;31m[K^~~~~~~~~~~[m[K
[1.046s] [01m[K/home/robo/ROS2/walk_test/src/control/src/action_editor/main.cpp:142:13:[m[K [01;31m[Kerror: [m[Kâ€˜[01m[KToggleTorque[m[Kâ€™ was not declared in this scope
[1.046s]   142 |             [01;31m[KToggleTorque[m[K();
[1.046s]       |             [01;31m[K^~~~~~~~~~~~[m[K
[1.049s] [01m[K/home/robo/ROS2/walk_test/src/control/src/action_editor/main.cpp:154:13:[m[K [01;31m[Kerror: [m[Kâ€˜[01m[KBeginCommandMode[m[Kâ€™ was not declared in this scope
[1.049s]   154 |             [01;31m[KBeginCommandMode[m[K();
[1.049s]       |             [01;31m[K^~~~~~~~~~~~~~~~[m[K
[1.051s] [01m[K/home/robo/ROS2/walk_test/src/control/src/action_editor/main.cpp:205:28:[m[K [01;31m[Kerror: [m[Kâ€˜[01m[KAskSave[m[Kâ€™ was not declared in this scope
[1.052s]   205 |                         if([01;31m[KAskSave[m[K() == false)
[1.052s]       |                            [01;31m[K^~~~~~~[m[K
[1.054s] [01m[K/home/robo/ROS2/walk_test/src/control/src/action_editor/main.cpp:209:25:[m[K [01;31m[Kerror: [m[Kâ€˜[01m[KDrawPage[m[Kâ€™ was not declared in this scope
[1.054s]   209 |                         [01;31m[KDrawPage[m[K();
[1.054s]       |                         [01;31m[K^~~~~~~~[m[K
[1.055s] [01m[K/home/robo/ROS2/walk_test/src/control/src/action_editor/main.cpp:212:25:[m[K [01;31m[Kerror: [m[Kâ€˜[01m[KHelpCmd[m[Kâ€™ was not declared in this scope
[1.055s]   212 |                         [01;31m[KHelpCmd[m[K();
[1.056s]       |                         [01;31m[K^~~~~~~[m[K
[1.057s] [01m[K/home/robo/ROS2/walk_test/src/control/src/action_editor/main.cpp:214:25:[m[K [01;31m[Kerror: [m[Kâ€˜[01m[KNextCmd[m[Kâ€™ was not declared in this scope
[1.057s]   214 |                         [01;31m[KNextCmd[m[K();
[1.057s]       |                         [01;31m[K^~~~~~~[m[K
[1.059s] [01m[K/home/robo/ROS2/walk_test/src/control/src/action_editor/main.cpp:216:25:[m[K [01;31m[Kerror: [m[Kâ€˜[01m[KPrevCmd[m[Kâ€™ was not declared in this scope
[1.059s]   216 |                         [01;31m[KPrevCmd[m[K();
[1.059s]       |                         [01;31m[K^~~~~~~[m[K
[1.061s] [01m[K/home/robo/ROS2/walk_test/src/control/src/action_editor/main.cpp:218:25:[m[K [01;31m[Kerror: [m[Kâ€˜[01m[KTimeCmd[m[Kâ€™ was not declared in this scope
[1.061s]   218 |                         [01;31m[KTimeCmd[m[K();
[1.061s]       |                         [01;31m[K^~~~~~~[m[K
[1.063s] [01m[K/home/robo/ROS2/walk_test/src/control/src/action_editor/main.cpp:220:25:[m[K [01;31m[Kerror: [m[Kâ€˜[01m[KSpeedCmd[m[Kâ€™ was not declared in this scope
[1.063s]   220 |                         [01;31m[KSpeedCmd[m[K();
[1.063s]       |                         [01;31m[K^~~~~~~~[m[K
[1.064s] [01m[K/home/robo/ROS2/walk_test/src/control/src/action_editor/main.cpp:224:29:[m[K [01;31m[Kerror: [m[Kâ€˜[01m[KPageCmd[m[Kâ€™ was not declared in this scope
[1.064s]   224 |                             [01;31m[KPageCmd[m[K(iparam[0]);
[1.064s]       |                             [01;31m[K^~~~~~~[m[K
[1.066s] [01m[K/home/robo/ROS2/walk_test/src/control/src/action_editor/main.cpp:226:29:[m[K [01;31m[Kerror: [m[Kâ€˜[01m[KPrintCmd[m[Kâ€™ was not declared in this scope
[1.066s]   226 |                             [01;31m[KPrintCmd[m[K("Need parameter");
[1.066s]       |                             [01;31m[K^~~~~~~~[m[K
[1.068s] [01m[K/home/robo/ROS2/walk_test/src/control/src/action_editor/main.cpp:230:25:[m[K [01;31m[Kerror: [m[Kâ€˜[01m[KPlayCmd[m[Kâ€™ was not declared in this scope
[1.068s]   230 |                         [01;31m[KPlayCmd[m[K();
[1.068s]       |                         [01;31m[K^~~~~~~[m[K
[1.070s] [01m[K/home/robo/ROS2/walk_test/src/control/src/action_editor/main.cpp:235:29:[m[K [01;31m[Kerror: [m[Kâ€˜[01m[KSetValue[m[Kâ€™ was not declared in this scope
[1.070s]   235 |                             [01;31m[KSetValue[m[K(iparam[0]);
[1.070s]       |                             [01;31m[K^~~~~~~~[m[K
[1.072s] [01m[K/home/robo/ROS2/walk_test/src/control/src/action_editor/main.cpp:237:29:[m[K [01;31m[Kerror: [m[Kâ€˜[01m[KPrintCmd[m[Kâ€™ was not declared in this scope
[1.072s]   237 |                             [01;31m[KPrintCmd[m[K("Need parameter");
[1.072s]       |                             [01;31m[K^~~~~~~~[m[K
[1.074s] [01m[K/home/robo/ROS2/walk_test/src/control/src/action_editor/main.cpp:240:25:[m[K [01;31m[Kerror: [m[Kâ€˜[01m[KListCmd[m[Kâ€™ was not declared in this scope
[1.074s]   240 |                         [01;31m[KListCmd[m[K();
[1.074s]       |                         [01;31m[K^~~~~~~[m[K
[1.075s] [01m[K/home/robo/ROS2/walk_test/src/control/src/action_editor/cmd_process.cpp:28:26:[m[K [01;35m[Kwarning: [m[Knon-ISO-standard escape sequence, '\e'
[1.075s]    28 | const std::string azul = [01;35m[K"\e[0;36m"[m[K;
[1.075s]       |                          [01;35m[K^~~~~~~~~~[m[K
[1.075s] [01m[K/home/robo/ROS2/walk_test/src/control/src/action_editor/cmd_process.cpp:29:27:[m[K [01;35m[Kwarning: [m[Knon-ISO-standard escape sequence, '\e'
[1.075s]    29 | const std::string azulE = [01;35m[K"\e[0;34m"[m[K;
[1.075s]       |                           [01;35m[K^~~~~~~~~~[m[K
[1.075s] [01m[K/home/robo/ROS2/walk_test/src/control/src/action_editor/cmd_process.cpp:30:27:[m[K [01;35m[Kwarning: [m[Knon-ISO-standard escape sequence, '\e'
[1.075s]    30 | const std::string amare = [01;35m[K"\e[0;33m"[m[K;
[1.075s]       |                           [01;35m[K^~~~~~~~~~[m[K
[1.076s] [01m[K/home/robo/ROS2/walk_test/src/control/src/action_editor/cmd_process.cpp:31:27:[m[K [01;35m[Kwarning: [m[Knon-ISO-standard escape sequence, '\e'
[1.076s]    31 | const std::string verde = [01;35m[K"\e[0;32m"[m[K;
[1.076s]       |                           [01;35m[K^~~~~~~~~~[m[K
[1.076s] [01m[K/home/robo/ROS2/walk_test/src/control/src/action_editor/cmd_process.cpp:32:25:[m[K [01;35m[Kwarning: [m[Knon-ISO-standard escape sequence, '\e'
[1.076s]    32 | const std::string red = [01;35m[K"\e[0;31m"[m[K;
[1.076s]       |                         [01;35m[K^~~~~~~~~~[m[K
[1.076s] [01m[K/home/robo/ROS2/walk_test/src/control/src/action_editor/cmd_process.cpp:28:26:[m[K [01;35m[Kwarning: [m[Knon-ISO-standard escape sequence, '\e'
[1.076s]    28 | const std::string azul = [01;35m[K"\e[0;36m"[m[K;
[1.076s]       |                          [01;35m[K^~~~~~~~~~[m[K
[1.076s] [01m[K/home/robo/ROS2/walk_test/src/control/src/action_editor/cmd_process.cpp:33:26:[m[K [01;35m[Kwarning: [m[Knon-ISO-standard escape sequence, '\e'
[1.076s]    33 | const std::string gray = [01;35m[K"\e[0;37m"[m[K;
[1.076s]       |                          [01;35m[K^~~~~~~~~~[m[K
[1.076s] [01m[K/home/robo/ROS2/walk_test/src/control/src/action_editor/cmd_process.cpp:34:26:[m[K [01;35m[Kwarning: [m[Knon-ISO-standard escape sequence, '\e'
[1.076s]    34 | const std::string nulo = [01;35m[K"\e[0m"[m[K;
[1.076s]       |                          [01;35m[K^~~~~~~[m[K
[1.076s] [01m[K/home/robo/ROS2/walk_test/src/control/src/action_editor/cmd_process.cpp:29:27:[m[K [01;35m[Kwarning: [m[Knon-ISO-standard escape sequence, '\e'
[1.076s]    29 | const std::string azulE = [01;35m[K"\e[0;34m"[m[K;
[1.076s]       |                           [01;35m[K^~~~~~~~~~[m[K
[1.076s] [01m[K/home/robo/ROS2/walk_test/src/control/src/action_editor/cmd_process.cpp:36:27:[m[K [01;35m[Kwarning: [m[Knon-ISO-standard escape sequence, '\e'
[1.077s]    36 | const std::string Lazul = [01;35m[K"\e[96m"[m[K;
[1.077s]       |                           [01;35m[K^~~~~~~~[m[K
[1.077s] [01m[K/home/robo/ROS2/walk_test/src/control/src/action_editor/cmd_process.cpp:30:27:[m[K [01;35m[Kwarning: [m[Knon-ISO-standard escape sequence, '\e'
[1.077s]    30 | const std::string amare = [01;35m[K"\e[0;33m"[m[K;
[1.077s]       |                           [01;35m[K^~~~~~~~~~[m[K
[1.077s] [01m[K/home/robo/ROS2/walk_test/src/control/src/action_editor/cmd_process.cpp:37:28:[m[K [01;35m[Kwarning: [m[Knon-ISO-standard escape sequence, '\e'
[1.077s]    37 | const std::string LazulE = [01;35m[K"\e[94m"[m[K;
[1.077s]       |                            [01;35m[K^~~~~~~~[m[K
[1.077s] [01m[K/home/robo/ROS2/walk_test/src/control/src/action_editor/cmd_process.cpp:38:28:[m[K [01;35m[Kwarning: [m[Knon-ISO-standard escape sequence, '\e'
[1.077s]    38 | const std::string Lamare = [01;35m[K"\e[93m"[m[K;
[1.077s]       |                            [01;35m[K^~~~~~~~[m[K
[1.077s] [01m[K/home/robo/ROS2/walk_test/src/control/src/action_editor/cmd_process.cpp:31:27:[m[K [01;35m[Kwarning: [m[Knon-ISO-standard escape sequence, '\e'
[1.077s]    31 | const std::string verde = [01;35m[K"\e[0;32m"[m[K;
[1.077s]       |                           [01;35m[K^~~~~~~~~~[m[K
[1.077s] [01m[K/home/robo/ROS2/walk_test/src/control/src/action_editor/cmd_process.cpp:39:28:[m[K [01;35m[Kwarning: [m[Knon-ISO-standard escape sequence, '\e'
[1.077s]    39 | const std::string Lverde = [01;35m[K"\e[92m"[m[K;
[1.077s]       |                            [01;35m[K^~~~~~~~[m[K
[1.077s] [01m[K/home/robo/ROS2/walk_test/src/control/src/action_editor/cmd_process.cpp:32:25:[m[K [01;35m[Kwarning: [m[Knon-ISO-standard escape sequence, '\e'
[1.077s]    32 | const std::string red = [01;35m[K"\e[0;31m"[m[K;
[1.077s]       |                         [01;35m[K^~~~~~~~~~[m[K
[1.077s] [01m[K/home/robo/ROS2/walk_test/src/control/src/action_editor/cmd_process.cpp:40:26:[m[K [01;35m[Kwarning: [m[Knon-ISO-standard escape sequence, '\e'
[1.078s]    40 | const std::string Lred = [01;35m[K"\e[91m"[m[K;
[1.078s]       |                          [01;35m[K^~~~~~~~[m[K
[1.078s] [01m[K/home/robo/ROS2/walk_test/src/control/src/action_editor/cmd_process.cpp:41:27:[m[K [01;35m[Kwarning: [m[Knon-ISO-standard escape sequence, '\e'
[1.078s]    41 | const std::string Lgray = [01;35m[K"\e[97m"[m[K;
[1.078s]       |                           [01;35m[K^~~~~~~~[m[K
[1.078s] [01m[K/home/robo/ROS2/walk_test/src/control/src/action_editor/cmd_process.cpp:33:26:[m[K [01;35m[Kwarning: [m[Knon-ISO-standard escape sequence, '\e'
[1.078s]    33 | const std::string gray = [01;35m[K"\e[0;37m"[m[K;
[1.078s]       |                          [01;35m[K^~~~~~~~~~[m[K
[1.078s] [01m[K/home/robo/ROS2/walk_test/src/control/src/action_editor/cmd_process.cpp:34:26:[m[K [01;35m[Kwarning: [m[Knon-ISO-standard escape sequence, '\e'
[1.078s]    34 | const std::string nulo = [01;35m[K"\e[0m"[m[K;
[1.078s]       |                          [01;35m[K^~~~~~~[m[K
[1.078s] [01m[K/home/robo/ROS2/walk_test/src/control/src/action_editor/cmd_process.cpp:36:27:[m[K [01;35m[Kwarning: [m[Knon-ISO-standard escape sequence, '\e'
[1.078s]    36 | const std::string Lazul = [01;35m[K"\e[96m"[m[K;
[1.078s]       |                           [01;35m[K^~~~~~~~[m[K
[1.078s] [01m[K/home/robo/ROS2/walk_test/src/control/src/action_editor/cmd_process.cpp:37:28:[m[K [01;35m[Kwarning: [m[Knon-ISO-standard escape sequence, '\e'
[1.078s]    37 | const std::string LazulE = [01;35m[K"\e[94m"[m[K;
[1.078s]       |                            [01;35m[K^~~~~~~~[m[K
[1.078s] [01m[K/home/robo/ROS2/walk_test/src/control/src/action_editor/cmd_process.cpp:38:28:[m[K [01;35m[Kwarning: [m[Knon-ISO-standard escape sequence, '\e'
[1.078s]    38 | const std::string Lamare = [01;35m[K"\e[93m"[m[K;
[1.078s]       |                            [01;35m[K^~~~~~~~[m[K
[1.078s] [01m[K/home/robo/ROS2/walk_test/src/control/src/action_editor/cmd_process.cpp:39:28:[m[K [01;35m[Kwarning: [m[Knon-ISO-standard escape sequence, '\e'
[1.078s]    39 | const std::string Lverde = [01;35m[K"\e[92m"[m[K;
[1.079s]       |                            [01;35m[K^~~~~~~~[m[K
[1.079s] [01m[K/home/robo/ROS2/walk_test/src/control/src/action_editor/cmd_process.cpp:40:26:[m[K [01;35m[Kwarning: [m[Knon-ISO-standard escape sequence, '\e'
[1.079s]    40 | const std::string Lred = [01;35m[K"\e[91m"[m[K;
[1.079s]       |                          [01;35m[K^~~~~~~~[m[K
[1.079s] [01m[K/home/robo/ROS2/walk_test/src/control/src/action_editor/cmd_process.cpp:41:27:[m[K [01;35m[Kwarning: [m[Knon-ISO-standard escape sequence, '\e'
[1.079s]    41 | const std::string Lgray = [01;35m[K"\e[97m"[m[K;
[1.079s]       |                           [01;35m[K^~~~~~~~[m[K
[1.079s] [01m[K/home/robo/ROS2/walk_test/src/control/src/action_editor/main.cpp:242:25:[m[K [01;31m[Kerror: [m[Kâ€˜[01m[KOnOffCmd[m[Kâ€™ was not declared in this scope
[1.079s]   242 |                         [01;31m[KOnOffCmd[m[K(true, num_param, iparam);
[1.079s]       |                         [01;31m[K^~~~~~~~[m[K
[1.079s] [01m[K/home/robo/ROS2/walk_test/src/control/src/action_editor/main.cpp:244:25:[m[K [01;31m[Kerror: [m[Kâ€˜[01m[KOnOffCmd[m[Kâ€™ was not declared in this scope
[1.079s]   244 |                         [01;31m[KOnOffCmd[m[K(false, num_param, iparam);
[1.079s]       |                         [01;31m[K^~~~~~~~[m[K
[1.079s] [01m[K/home/robo/ROS2/walk_test/src/control/src/action_editor/cmd_process.cpp:[m[K In function â€˜[01m[Kvoid ReadStep()[m[Kâ€™:
[1.079s] [01m[K/home/robo/ROS2/walk_test/src/control/src/action_editor/cmd_process.cpp:126:10:[m[K [01;35m[Kwarning: [m[Kunused variable â€˜[01m[Kvalue8[m[Kâ€™ [[01;35m[K-Wunused-variable[m[K]
[1.079s]   126 |  uint8_t [01;35m[Kvalue8[m[K;
[1.079s]       |          [01;35m[K^~~~~~[m[K
[1.079s] [01m[K/home/robo/ROS2/walk_test/src/control/src/action_editor/cmd_process.cpp:127:11:[m[K [01;35m[Kwarning: [m[Kunused variable â€˜[01m[Kvalue32[m[Kâ€™ [[01;35m[K-Wunused-variable[m[K]
[1.079s]   127 |  uint32_t [01;35m[Kvalue32[m[K;
[1.080s]       |           [01;35m[K^~~~~~~[m[K
[1.080s] [01m[K/home/robo/ROS2/walk_test/src/control/src/action_editor/cmd_process.cpp:[m[K In function â€˜[01m[Kvoid ReadStep()[m[Kâ€™:
[1.080s] [01m[K/home/robo/ROS2/walk_test/src/control/src/action_editor/cmd_process.cpp:126:10:[m[K [01;35m[Kwarning: [m[Kunused variable â€˜[01m[Kvalue8[m[Kâ€™ [[01;35m[K-Wunused-variable[m[K]
[1.080s]   126 |  uint8_t [01;35m[Kvalue8[m[K;
[1.080s]       |          [01;35m[K^~~~~~[m[K
[1.080s] [01m[K/home/robo/ROS2/walk_test/src/control/src/action_editor/cmd_process.cpp:127:11:[m[K [01;35m[Kwarning: [m[Kunused variable â€˜[01m[Kvalue32[m[Kâ€™ [[01;35m[K-Wunused-variable[m[K]
[1.080s]   127 |  uint32_t [01;35m[Kvalue32[m[K;
[1.080s]       |           [01;35m[K^~~~~~~[m[K
[1.080s] [01m[K/home/robo/ROS2/walk_test/src/control/src/action_editor/main.cpp:248:29:[m[K [01;31m[Kerror: [m[Kâ€˜[01m[KWriteStepCmd[m[Kâ€™ was not declared in this scope
[1.080s]   248 |                             [01;31m[KWriteStepCmd[m[K(iparam[0]);
[1.080s]       |                             [01;31m[K^~~~~~~~~~~~[m[K
[1.081s] [01m[K/home/robo/ROS2/walk_test/src/control/src/action_editor/cmd_process.cpp:[m[K In function â€˜[01m[Kbool AskSave()[m[Kâ€™:
[1.081s] [01m[K/home/robo/ROS2/walk_test/src/control/src/action_editor/cmd_process.cpp:161:3:[m[K [01;31m[Kerror: [m[Kâ€˜[01m[KPrintCmd[m[Kâ€™ was not declared in this scope
[1.081s]   161 |   [01;31m[KPrintCmd[m[K("Are you sure? (y/n)");
[1.081s]       |   [01;31m[K^~~~~~~~[m[K
[1.081s] [01m[K/home/robo/ROS2/walk_test/src/control/src/action_editor/cmd_process.cpp:[m[K In function â€˜[01m[Kbool AskSave()[m[Kâ€™:
[1.081s] [01m[K/home/robo/ROS2/walk_test/src/control/src/action_editor/cmd_process.cpp:161:3:[m[K [01;31m[Kerror: [m[Kâ€˜[01m[KPrintCmd[m[Kâ€™ was not declared in this scope
[1.081s]   161 |   [01;31m[KPrintCmd[m[K("Are you sure? (y/n)");
[1.082s]       |   [01;31m[K^~~~~~~~[m[K
[1.082s] [01m[K/home/robo/ROS2/walk_test/src/control/src/action_editor/main.cpp:250:29:[m[K [01;31m[Kerror: [m[Kâ€˜[01m[KPrintCmd[m[Kâ€™ was not declared in this scope
[1.083s]   250 |                             [01;31m[KPrintCmd[m[K("Need parameter");
[1.083s]       |                             [01;31m[K^~~~~~~~[m[K
[1.083s] [01m[K/home/robo/ROS2/walk_test/src/control/src/action_editor/cmd_process.cpp:164:4:[m[K [01;31m[Kerror: [m[Kâ€˜[01m[KClearCmd[m[Kâ€™ was not declared in this scope
[1.083s]   164 |    [01;31m[KClearCmd[m[K();
[1.083s]       |    [01;31m[K^~~~~~~~[m[K
[1.083s] [01m[K/home/robo/ROS2/walk_test/src/control/src/action_editor/cmd_process.cpp:164:4:[m[K [01;31m[Kerror: [m[Kâ€˜[01m[KClearCmd[m[Kâ€™ was not declared in this scope
[1.083s]   164 |    [01;31m[KClearCmd[m[K();
[1.083s]       |    [01;31m[K^~~~~~~~[m[K
[1.084s] [01m[K/home/robo/ROS2/walk_test/src/control/src/action_editor/cmd_process.cpp:[m[K In function â€˜[01m[Kvoid DrawIntro()[m[Kâ€™:
[1.084s] [01m[K/home/robo/ROS2/walk_test/src/control/src/action_editor/cmd_process.cpp:330:9:[m[K [01;35m[Kwarning: [m[Knon-ISO-standard escape sequence, '\e'
[1.084s]   330 |  system([01;35m[K"printf '\e[8;27;80t'"[m[K);
[1.084s]       |         [01;35m[K^~~~~~~~~~~~~~~~~~~~~~[m[K
[1.085s] [01m[K/home/robo/ROS2/walk_test/src/control/src/action_editor/cmd_process.cpp:[m[K In function â€˜[01m[Kvoid DrawIntro()[m[Kâ€™:
[1.085s] [01m[K/home/robo/ROS2/walk_test/src/control/src/action_editor/cmd_process.cpp:330:9:[m[K [01;35m[Kwarning: [m[Knon-ISO-standard escape sequence, '\e'
[1.085s]   330 |  system([01;35m[K"printf '\e[8;27;80t'"[m[K);
[1.085s]       |         [01;35m[K^~~~~~~~~~~~~~~~~~~~~~[m[K
[1.086s] [01m[K/home/robo/ROS2/walk_test/src/control/src/action_editor/main.cpp:255:29:[m[K [01;31m[Kerror: [m[Kâ€˜[01m[KDeleteStepCmd[m[Kâ€™ was not declared in this scope
[1.086s]   255 |                             [01;31m[KDeleteStepCmd[m[K(iparam[0]);
[1.086s]       |                             [01;31m[K^~~~~~~~~~~~~[m[K
[1.086s] [01m[K/home/robo/ROS2/walk_test/src/control/src/action_editor/cmd_process.cpp:338:2:[m[K [01;31m[Kerror: [m[Kâ€˜[01m[KDrawPage[m[Kâ€™ was not declared in this scope
[1.086s]   338 |  [01;31m[KDrawPage[m[K();
[1.086s]       |  [01;31m[K^~~~~~~~[m[K
[1.087s] [01m[K/home/robo/ROS2/walk_test/src/control/src/action_editor/cmd_process.cpp:338:2:[m[K [01;31m[Kerror: [m[Kâ€˜[01m[KDrawPage[m[Kâ€™ was not declared in this scope
[1.087s]   338 |  [01;31m[KDrawPage[m[K();
[1.087s]       |  [01;31m[K^~~~~~~~[m[K
[1.088s] [01m[K/home/robo/ROS2/walk_test/src/control/src/action_editor/main.cpp:257:29:[m[K [01;31m[Kerror: [m[Kâ€˜[01m[KPrintCmd[m[Kâ€™ was not declared in this scope
[1.088s]   257 |                             [01;31m[KPrintCmd[m[K("Need parameter");
[1.088s]       |                             [01;31m[K^~~~~~~~[m[K
[1.088s] [01m[K/home/robo/ROS2/walk_test/src/control/src/action_editor/cmd_process.cpp:[m[K In function â€˜[01m[Kvoid DrawPage()[m[Kâ€™:
[1.088s] [01m[K/home/robo/ROS2/walk_test/src/control/src/action_editor/cmd_process.cpp:389:3:[m[K [01;31m[Kerror: [m[Kâ€˜[01m[KDrawStep[m[Kâ€™ was not declared in this scope
[1.088s]   389 |   [01;31m[KDrawStep[m[K(i);
[1.088s]       |   [01;31m[K^~~~~~~~[m[K
[1.089s] [01m[K/home/robo/ROS2/walk_test/src/control/src/action_editor/cmd_process.cpp:[m[K In function â€˜[01m[Kvoid DrawPage()[m[Kâ€™:
[1.089s] [01m[K/home/robo/ROS2/walk_test/src/control/src/action_editor/cmd_process.cpp:389:3:[m[K [01;31m[Kerror: [m[Kâ€˜[01m[KDrawStep[m[Kâ€™ was not declared in this scope
[1.089s]   389 |   [01;31m[KDrawStep[m[K(i);
[1.089s]       |   [01;31m[K^~~~~~~~[m[K
[1.090s] [01m[K/home/robo/ROS2/walk_test/src/control/src/action_editor/cmd_process.cpp:418:2:[m[K [01;31m[Kerror: [m[Kâ€˜[01m[KDrawName[m[Kâ€™ was not declared in this scope; did you mean â€˜[01m[KDrawPage[m[Kâ€™?
[1.090s]   418 |  [01;31m[KDrawName[m[K();
[1.090s]       |  [01;31m[K^~~~~~~~[m[K
[1.090s]       |  [32m[KDrawPage[m[K
[1.090s] [01m[K/home/robo/ROS2/walk_test/src/control/src/action_editor/cmd_process.cpp:418:2:[m[K [01;31m[Kerror: [m[Kâ€˜[01m[KDrawName[m[Kâ€™ was not declared in this scope; did you mean â€˜[01m[KDrawPage[m[Kâ€™?
[1.091s]   418 |  [01;31m[KDrawName[m[K();
[1.091s]       |  [01;31m[K^~~~~~~~[m[K
[1.091s]       |  [32m[KDrawPage[m[K
[1.091s] [01m[K/home/robo/ROS2/walk_test/src/control/src/action_editor/main.cpp:262:29:[m[K [01;31m[Kerror: [m[Kâ€˜[01m[KInsertStepCmd[m[Kâ€™ was not declared in this scope
[1.091s]   262 |                             [01;31m[KInsertStepCmd[m[K(0);
[1.091s]       |                             [01;31m[K^~~~~~~~~~~~~[m[K
[1.092s] [01m[K/home/robo/ROS2/walk_test/src/control/src/action_editor/cmd_process.cpp:428:2:[m[K [01;31m[Kerror: [m[Kâ€˜[01m[KDrawStepLine[m[Kâ€™ was not declared in this scope
[1.092s]   428 |  [01;31m[KDrawStepLine[m[K(false);
[1.092s]       |  [01;31m[K^~~~~~~~~~~~[m[K
[1.093s] [01m[K/home/robo/ROS2/walk_test/src/control/src/action_editor/cmd_process.cpp:428:2:[m[K [01;31m[Kerror: [m[Kâ€˜[01m[KDrawStepLine[m[Kâ€™ was not declared in this scope
[1.093s]   428 |  [01;31m[KDrawStepLine[m[K(false);
[1.093s]       |  [01;31m[K^~~~~~~~~~~~[m[K
[1.094s] [01m[K/home/robo/ROS2/walk_test/src/control/src/action_editor/main.cpp:264:29:[m[K [01;31m[Kerror: [m[Kâ€˜[01m[KInsertStepCmd[m[Kâ€™ was not declared in this scope
[1.094s]   264 |                             [01;31m[KInsertStepCmd[m[K(iparam[0]);
[1.094s]       |                             [01;31m[K^~~~~~~~~~~~~[m[K
[1.095s] [01m[K/home/robo/ROS2/walk_test/src/control/src/action_editor/cmd_process.cpp:[m[K In function â€˜[01m[Kvoid ClearCmd()[m[Kâ€™:
[1.095s] [01m[K/home/robo/ROS2/walk_test/src/control/src/action_editor/cmd_process.cpp:582:2:[m[K [01;31m[Kerror: [m[Kâ€˜[01m[KPrintCmd[m[Kâ€™ was not declared in this scope
[1.095s]   582 |  [01;31m[KPrintCmd[m[K("");
[1.095s]       |  [01;31m[K^~~~~~~~[m[K
[1.096s] [01m[K/home/robo/ROS2/walk_test/src/control/src/action_editor/cmd_process.cpp:[m[K In function â€˜[01m[Kvoid ClearCmd()[m[Kâ€™:
[1.096s] [01m[K/home/robo/ROS2/walk_test/src/control/src/action_editor/cmd_process.cpp:582:2:[m[K [01;31m[Kerror: [m[Kâ€˜[01m[KPrintCmd[m[Kâ€™ was not declared in this scope
[1.096s]   582 |  [01;31m[KPrintCmd[m[K("");
[1.096s]       |  [01;31m[K^~~~~~~~[m[K
[1.097s] [01m[K/home/robo/ROS2/walk_test/src/control/src/action_editor/cmd_process.cpp:[m[K In function â€˜[01m[Kvoid UpDownValue(int)[m[Kâ€™:
[1.097s] [01m[K/home/robo/ROS2/walk_test/src/control/src/action_editor/cmd_process.cpp:601:11:[m[K [01;31m[Kerror: [m[Kâ€˜[01m[KGetValue[m[Kâ€™ was not declared in this scope
[1.097s]   601 |  SetValue([01;31m[KGetValue[m[K() + offset);
[1.097s]       |           [01;31m[K^~~~~~~~[m[K
[1.097s] [01m[K/home/robo/ROS2/walk_test/src/control/src/action_editor/main.cpp:269:29:[m[K [01;31m[Kerror: [m[Kâ€˜[01m[KMoveStepCmd[m[Kâ€™ was not declared in this scope
[1.097s]   269 |                             [01;31m[KMoveStepCmd[m[K(iparam[0], iparam[1]);
[1.097s]       |                             [01;31m[K^~~~~~~~~~~[m[K
[1.098s] [01m[K/home/robo/ROS2/walk_test/src/control/src/action_editor/cmd_process.cpp:[m[K In function â€˜[01m[Kvoid UpDownValue(int)[m[Kâ€™:
[1.098s] [01m[K/home/robo/ROS2/walk_test/src/control/src/action_editor/cmd_process.cpp:601:11:[m[K [01;31m[Kerror: [m[Kâ€˜[01m[KGetValue[m[Kâ€™ was not declared in this scope
[1.098s]   601 |  SetValue([01;31m[KGetValue[m[K() + offset);
[1.098s]       |           [01;31m[K^~~~~~~~[m[K
[1.099s] [01m[K/home/robo/ROS2/walk_test/src/control/src/action_editor/cmd_process.cpp:601:2:[m[K [01;31m[Kerror: [m[Kâ€˜[01m[KSetValue[m[Kâ€™ was not declared in this scope
[1.099s]   601 |  [01;31m[KSetValue[m[K(GetValue() + offset);
[1.099s]       |  [01;31m[K^~~~~~~~[m[K
[1.100s] [01m[K/home/robo/ROS2/walk_test/src/control/src/action_editor/cmd_process.cpp:601:2:[m[K [01;31m[Kerror: [m[Kâ€˜[01m[KSetValue[m[Kâ€™ was not declared in this scope
[1.100s]   601 |  [01;31m[KSetValue[m[K(GetValue() + offset);
[1.100s]       |  [01;31m[K^~~~~~~~[m[K
[1.100s] [01m[K/home/robo/ROS2/walk_test/src/control/src/action_editor/main.cpp:271:29:[m[K [01;31m[Kerror: [m[Kâ€˜[01m[KPrintCmd[m[Kâ€™ was not declared in this scope
[1.100s]   271 |                             [01;31m[KPrintCmd[m[K("Need parameter");
[1.100s]       |                             [01;31m[K^~~~~~~~[m[K
[1.101s] [01m[K/home/robo/ROS2/walk_test/src/control/src/action_editor/cmd_process.cpp:[m[K In function â€˜[01m[Kvoid SetValue(uint32_t)[m[Kâ€™:
[1.101s] [01m[K/home/robo/ROS2/walk_test/src/control/src/action_editor/cmd_process.cpp:714:13:[m[K [01;35m[Kwarning: [m[Kcomparison of unsigned expression >= 0 is always true [[01;35m[K-Wtype-limits[m[K]
[1.101s]   714 |    if([01;35m[Kvalue >= 0[m[K && value <= 255)
[1.101s]       |       [01;35m[K~~~~~~^~~~[m[K
[1.101s] [01m[K/home/robo/ROS2/walk_test/src/control/src/action_editor/cmd_process.cpp:723:13:[m[K [01;35m[Kwarning: [m[Kcomparison of unsigned expression >= 0 is always true [[01;35m[K-Wtype-limits[m[K]
[1.101s]   723 |    if([01;35m[Kvalue >= 0[m[K && value <= 255)
[1.101s]       |       [01;35m[K~~~~~~^~~~[m[K
[1.101s] [01m[K/home/robo/ROS2/walk_test/src/control/src/action_editor/cmd_process.cpp:802:13:[m[K [01;35m[Kwarning: [m[Kcomparison of unsigned expression >= 0 is always true [[01;35m[K-Wtype-limits[m[K]
[1.101s]   802 |    if([01;35m[Kvalue >= 0[m[K && value <= 255)
[1.101s]       |       [01;35m[K~~~~~~^~~~[m[K
[1.101s] [01m[K/home/robo/ROS2/walk_test/src/control/src/action_editor/cmd_process.cpp:811:13:[m[K [01;35m[Kwarning: [m[Kcomparison of unsigned expression >= 0 is always true [[01;35m[K-Wtype-limits[m[K]
[1.102s]   811 |    if([01;35m[Kvalue >= 0[m[K && value <= 255)
[1.102s]       |       [01;35m[K~~~~~~^~~~[m[K
[1.102s] [01m[K/home/robo/ROS2/walk_test/src/control/src/action_editor/cmd_process.cpp:856:13:[m[K [01;35m[Kwarning: [m[Kcomparison of unsigned expression >= 0 is always true [[01;35m[K-Wtype-limits[m[K]
[1.102s]   856 |    if([01;35m[Kvalue >= 0[m[K && value <= 255)
[1.102s]       |       [01;35m[K~~~~~~^~~~[m[K
[1.102s] [01m[K/home/robo/ROS2/walk_test/src/control/src/action_editor/cmd_process.cpp:865:13:[m[K [01;35m[Kwarning: [m[Kcomparison of unsigned expression >= 0 is always true [[01;35m[K-Wtype-limits[m[K]
[1.102s]   865 |    if([01;35m[Kvalue >= 0[m[K && value <= Action::MAXNUM_STEP)
[1.102s]       |       [01;35m[K~~~~~~^~~~[m[K
[1.102s] [01m[K/home/robo/ROS2/walk_test/src/control/src/action_editor/cmd_process.cpp:881:13:[m[K [01;35m[Kwarning: [m[Kcomparison of unsigned expression >= 0 is always true [[01;35m[K-Wtype-limits[m[K]
[1.102s]   881 |    if([01;35m[Kvalue >= 0[m[K && value <= 255)
[1.102s]       |       [01;35m[K~~~~~~^~~~[m[K
[1.102s] [01m[K/home/robo/ROS2/walk_test/src/control/src/action_editor/cmd_process.cpp:890:13:[m[K [01;35m[Kwarning: [m[Kcomparison of unsigned expression >= 0 is always true [[01;35m[K-Wtype-limits[m[K]
[1.102s]   890 |    if([01;35m[Kvalue >= 0[m[K && value <= 255)
[1.102s]       |       [01;35m[K~~~~~~^~~~[m[K
[1.102s] [01m[K/home/robo/ROS2/walk_test/src/control/src/action_editor/cmd_process.cpp:899:13:[m[K [01;35m[Kwarning: [m[Kcomparison of unsigned expression >= 0 is always true [[01;35m[K-Wtype-limits[m[K]
[1.102s]   899 |    if([01;35m[Kvalue >= 0[m[K && value <= 255)
[1.102s]       |       [01;35m[K~~~~~~^~~~[m[K
[1.102s] [01m[K/home/robo/ROS2/walk_test/src/control/src/action_editor/cmd_process.cpp:908:13:[m[K [01;35m[Kwarning: [m[Kcomparison of unsigned expression >= 0 is always true [[01;35m[K-Wtype-limits[m[K]
[1.103s]   908 |    if([01;35m[Kvalue >= 0[m[K && value <= 255)
[1.103s]       |       [01;35m[K~~~~~~^~~~[m[K
[1.103s] [01m[K/home/robo/ROS2/walk_test/src/control/src/action_editor/cmd_process.cpp:[m[K In function â€˜[01m[Kvoid SetValue(uint32_t)[m[Kâ€™:
[1.103s] [01m[K/home/robo/ROS2/walk_test/src/control/src/action_editor/cmd_process.cpp:714:13:[m[K [01;35m[Kwarning: [m[Kcomparison of unsigned expression >= 0 is always true [[01;35m[K-Wtype-limits[m[K]
[1.103s]   714 |    if([01;35m[Kvalue >= 0[m[K && value <= 255)
[1.103s]       |       [01;35m[K~~~~~~^~~~[m[K
[1.103s] [01m[K/home/robo/ROS2/walk_test/src/control/src/action_editor/main.cpp:276:29:[m[K [01;31m[Kerror: [m[Kâ€˜[01m[KCopyCmd[m[Kâ€™ was not declared in this scope
[1.103s]   276 |                             [01;31m[KCopyCmd[m[K(iparam[0]);
[1.103s]       |                             [01;31m[K^~~~~~~[m[K
[1.103s] [01m[K/home/robo/ROS2/walk_test/src/control/src/action_editor/cmd_process.cpp:723:13:[m[K [01;35m[Kwarning: [m[Kcomparison of unsigned expression >= 0 is always true [[01;35m[K-Wtype-limits[m[K]
[1.103s]   723 |    if([01;35m[Kvalue >= 0[m[K && value <= 255)
[1.103s]       |       [01;35m[K~~~~~~^~~~[m[K
[1.103s] [01m[K/home/robo/ROS2/walk_test/src/control/src/action_editor/cmd_process.cpp:802:13:[m[K [01;35m[Kwarning: [m[Kcomparison of unsigned expression >= 0 is always true [[01;35m[K-Wtype-limits[m[K]
[1.103s]   802 |    if([01;35m[Kvalue >= 0[m[K && value <= 255)
[1.103s]       |       [01;35m[K~~~~~~^~~~[m[K
[1.103s] [01m[K/home/robo/ROS2/walk_test/src/control/src/action_editor/cmd_process.cpp:811:13:[m[K [01;35m[Kwarning: [m[Kcomparison of unsigned expression >= 0 is always true [[01;35m[K-Wtype-limits[m[K]
[1.103s]   811 |    if([01;35m[Kvalue >= 0[m[K && value <= 255)
[1.103s]       |       [01;35m[K~~~~~~^~~~[m[K
[1.103s] [01m[K/home/robo/ROS2/walk_test/src/control/src/action_editor/cmd_process.cpp:856:13:[m[K [01;35m[Kwarning: [m[Kcomparison of unsigned expression >= 0 is always true [[01;35m[K-Wtype-limits[m[K]
[1.103s]   856 |    if([01;35m[Kvalue >= 0[m[K && value <= 255)
[1.104s]       |       [01;35m[K~~~~~~^~~~[m[K
[1.104s] [01m[K/home/robo/ROS2/walk_test/src/control/src/action_editor/cmd_process.cpp:865:13:[m[K [01;35m[Kwarning: [m[Kcomparison of unsigned expression >= 0 is always true [[01;35m[K-Wtype-limits[m[K]
[1.104s]   865 |    if([01;35m[Kvalue >= 0[m[K && value <= Action::MAXNUM_STEP)
[1.104s]       |       [01;35m[K~~~~~~^~~~[m[K
[1.104s] [01m[K/home/robo/ROS2/walk_test/src/control/src/action_editor/cmd_process.cpp:881:13:[m[K [01;35m[Kwarning: [m[Kcomparison of unsigned expression >= 0 is always true [[01;35m[K-Wtype-limits[m[K]
[1.104s]   881 |    if([01;35m[Kvalue >= 0[m[K && value <= 255)
[1.104s]       |       [01;35m[K~~~~~~^~~~[m[K
[1.104s] [01m[K/home/robo/ROS2/walk_test/src/control/src/action_editor/cmd_process.cpp:890:13:[m[K [01;35m[Kwarning: [m[Kcomparison of unsigned expression >= 0 is always true [[01;35m[K-Wtype-limits[m[K]
[1.104s]   890 |    if([01;35m[Kvalue >= 0[m[K && value <= 255)
[1.104s]       |       [01;35m[K~~~~~~^~~~[m[K
[1.104s] [01m[K/home/robo/ROS2/walk_test/src/control/src/action_editor/cmd_process.cpp:899:13:[m[K [01;35m[Kwarning: [m[Kcomparison of unsigned expression >= 0 is always true [[01;35m[K-Wtype-limits[m[K]
[1.104s]   899 |    if([01;35m[Kvalue >= 0[m[K && value <= 255)
[1.104s]       |       [01;35m[K~~~~~~^~~~[m[K
[1.104s] [01m[K/home/robo/ROS2/walk_test/src/control/src/action_editor/cmd_process.cpp:908:13:[m[K [01;35m[Kwarning: [m[Kcomparison of unsigned expression >= 0 is always true [[01;35m[K-Wtype-limits[m[K]
[1.104s]   908 |    if([01;35m[Kvalue >= 0[m[K && value <= 255)
[1.104s]       |       [01;35m[K~~~~~~^~~~[m[K
[1.104s] [01m[K/home/robo/ROS2/walk_test/src/control/src/action_editor/main.cpp:278:29:[m[K [01;31m[Kerror: [m[Kâ€˜[01m[KPrintCmd[m[Kâ€™ was not declared in this scope
[1.104s]   278 |                             [01;31m[KPrintCmd[m[K("Need parameter");
[1.104s]       |                             [01;31m[K^~~~~~~~[m[K
[1.104s] [01m[K/home/robo/ROS2/walk_test/src/control/src/action_editor/cmd_process.cpp:[m[K In function â€˜[01m[Kvoid NextCmd()[m[Kâ€™:
[1.104s] [01m[K/home/robo/ROS2/walk_test/src/control/src/action_editor/cmd_process.cpp:1012:2:[m[K [01;31m[Kerror: [m[Kâ€˜[01m[KPageCmd[m[Kâ€™ was not declared in this scope; did you mean â€˜[01m[KPage[m[Kâ€™?
[1.105s]  1012 |  [01;31m[KPageCmd[m[K(indexPage + 1);
[1.105s]       |  [01;31m[K^~~~~~~[m[K
[1.105s]       |  [32m[KPage[m[K
[1.105s] [01m[K/home/robo/ROS2/walk_test/src/control/src/action_editor/cmd_process.cpp:[m[K In function â€˜[01m[Kvoid NextCmd()[m[Kâ€™:
[1.105s] [01m[K/home/robo/ROS2/walk_test/src/control/src/action_editor/cmd_process.cpp:1012:2:[m[K [01;31m[Kerror: [m[Kâ€˜[01m[KPageCmd[m[Kâ€™ was not declared in this scope; did you mean â€˜[01m[KPage[m[Kâ€™?
[1.105s]  1012 |  [01;31m[KPageCmd[m[K(indexPage + 1);
[1.105s]       |  [01;31m[K^~~~~~~[m[K
[1.105s]       |  [32m[KPage[m[K
[1.105s] [01m[K/home/robo/ROS2/walk_test/src/control/src/action_editor/main.cpp:281:25:[m[K [01;31m[Kerror: [m[Kâ€˜[01m[KNewCmd[m[Kâ€™ was not declared in this scope
[1.105s]   281 |                         [01;31m[KNewCmd[m[K();
[1.105s]       |                         [01;31m[K^~~~~~[m[K
[1.105s] [01m[K/home/robo/ROS2/walk_test/src/control/src/action_editor/cmd_process.cpp:[m[K In function â€˜[01m[Kvoid PrevCmd()[m[Kâ€™:
[1.105s] [01m[K/home/robo/ROS2/walk_test/src/control/src/action_editor/cmd_process.cpp:1017:2:[m[K [01;31m[Kerror: [m[Kâ€˜[01m[KPageCmd[m[Kâ€™ was not declared in this scope
[1.105s]  1017 |  [01;31m[KPageCmd[m[K(indexPage - 1);
[1.105s]       |  [01;31m[K^~~~~~~[m[K
[1.105s] [01m[K/home/robo/ROS2/walk_test/src/control/src/action_editor/cmd_process.cpp:[m[K In function â€˜[01m[Kvoid PlayCmd()[m[Kâ€™:
[1.105s] [01m[K/home/robo/ROS2/walk_test/src/control/src/action_editor/cmd_process.cpp:1056:6:[m[K [01;35m[Kwarning: [m[Kunused variable â€˜[01m[Kvalue[m[Kâ€™ [[01;35m[K-Wunused-variable[m[K]
[1.106s]  1056 |  int [01;35m[Kvalue[m[K;
[1.106s]       |      [01;35m[K^~~~~[m[K
[1.106s] [01m[K/home/robo/ROS2/walk_test/src/control/src/action_editor/cmd_process.cpp:[m[K In function â€˜[01m[Kvoid OnOffCmd(bool, int, int*)[m[Kâ€™:
[1.106s] [01m[K/home/robo/ROS2/walk_test/src/control/src/action_editor/cmd_process.cpp:1182:20:[m[K [01;35m[Kwarning: [m[Kunused parameter â€˜[01m[Kon[m[Kâ€™ [[01;35m[K-Wunused-parameter[m[K]
[1.106s]  1182 | void OnOffCmd([01;35m[Kbool on[m[K, int num_param, int *list)
[1.106s]       |               [01;35m[K~~~~~^~[m[K
[1.106s] [01m[K/home/robo/ROS2/walk_test/src/control/src/action_editor/cmd_process.cpp:1182:28:[m[K [01;35m[Kwarning: [m[Kunused parameter â€˜[01m[Knum_param[m[Kâ€™ [[01;35m[K-Wunused-parameter[m[K]
[1.106s]  1182 | void OnOffCmd(bool on, [01;35m[Kint num_param[m[K, int *list)
[1.106s]       |                        [01;35m[K~~~~^~~~~~~~~[m[K
[1.106s] [01m[K/home/robo/ROS2/walk_test/src/control/src/action_editor/cmd_process.cpp:1182:44:[m[K [01;35m[Kwarning: [m[Kunused parameter â€˜[01m[Klist[m[Kâ€™ [[01;35m[K-Wunused-parameter[m[K]
[1.106s]  1182 | void OnOffCmd(bool on, int num_param, [01;35m[Kint *list[m[K)
[1.106s]       |                                       [01;35m[K~~~~~^~~~[m[K
[1.106s] [01m[K/home/robo/ROS2/walk_test/src/control/src/action_editor/cmd_process.cpp:[m[K In function â€˜[01m[Kvoid PrevCmd()[m[Kâ€™:
[1.106s] [01m[K/home/robo/ROS2/walk_test/src/control/src/action_editor/cmd_process.cpp:1017:2:[m[K [01;31m[Kerror: [m[Kâ€˜[01m[KPageCmd[m[Kâ€™ was not declared in this scope
[1.107s]  1017 |  [01;31m[KPageCmd[m[K(indexPage - 1);
[1.107s]       |  [01;31m[K^~~~~~~[m[K
[1.107s] [01m[K/home/robo/ROS2/walk_test/src/control/src/action_editor/cmd_process.cpp:[m[K In function â€˜[01m[Kvoid PlayCmd()[m[Kâ€™:
[1.107s] [01m[K/home/robo/ROS2/walk_test/src/control/src/action_editor/cmd_process.cpp:1056:6:[m[K [01;35m[Kwarning: [m[Kunused variable â€˜[01m[Kvalue[m[Kâ€™ [[01;35m[K-Wunused-variable[m[K]
[1.107s]  1056 |  int [01;35m[Kvalue[m[K;
[1.107s]       |      [01;35m[K^~~~~[m[K
[1.107s] [01m[K/home/robo/ROS2/walk_test/src/control/src/action_editor/main.cpp:285:29:[m[K [01;31m[Kerror: [m[Kâ€˜[01m[KGoCmd[m[Kâ€™ was not declared in this scope
[1.107s]   285 |                             [01;31m[KGoCmd[m[K(iparam[0]);
[1.107s]       |                             [01;31m[K^~~~~[m[K
[1.107s] [01m[K/home/robo/ROS2/walk_test/src/control/src/action_editor/cmd_process.cpp:[m[K In function â€˜[01m[Kvoid OnOffCmd(bool, int, int*)[m[Kâ€™:
[1.107s] [01m[K/home/robo/ROS2/walk_test/src/control/src/action_editor/cmd_process.cpp:1182:20:[m[K [01;35m[Kwarning: [m[Kunused parameter â€˜[01m[Kon[m[Kâ€™ [[01;35m[K-Wunused-parameter[m[K]
[1.107s]  1182 | void OnOffCmd([01;35m[Kbool on[m[K, int num_param, int *list)
[1.107s]       |               [01;35m[K~~~~~^~[m[K
[1.107s] [01m[K/home/robo/ROS2/walk_test/src/control/src/action_editor/cmd_process.cpp:1182:28:[m[K [01;35m[Kwarning: [m[Kunused parameter â€˜[01m[Knum_param[m[Kâ€™ [[01;35m[K-Wunused-parameter[m[K]
[1.107s]  1182 | void OnOffCmd(bool on, [01;35m[Kint num_param[m[K, int *list)
[1.107s]       |                        [01;35m[K~~~~^~~~~~~~~[m[K
[1.107s] [01m[K/home/robo/ROS2/walk_test/src/control/src/action_editor/cmd_process.cpp:1182:44:[m[K [01;35m[Kwarning: [m[Kunused parameter â€˜[01m[Klist[m[Kâ€™ [[01;35m[K-Wunused-parameter[m[K]
[1.107s]  1182 | void OnOffCmd(bool on, int num_param, [01;35m[Kint *list[m[K)
[1.107s]       |                                       [01;35m[K~~~~~^~~~[m[K
[1.108s] [01m[K/home/robo/ROS2/walk_test/src/control/src/action_editor/cmd_process.cpp:[m[K In function â€˜[01m[Kvoid GoCmd(int)[m[Kâ€™:
[1.108s] [01m[K/home/robo/ROS2/walk_test/src/control/src/action_editor/cmd_process.cpp:1382:6:[m[K [01;35m[Kwarning: [m[Kunused variable â€˜[01m[Kn[m[Kâ€™ [[01;35m[K-Wunused-variable[m[K]
[1.108s]  1382 |  int [01;35m[Kn[m[K = 0;
[1.108s]       |      [01;35m[K^[m[K
[1.108s] [01m[K/home/robo/ROS2/walk_test/src/control/src/action_editor/cmd_process.cpp:1383:10:[m[K [01;35m[Kwarning: [m[Kunused variable â€˜[01m[Kparam[m[Kâ€™ [[01;35m[K-Wunused-variable[m[K]
[1.108s]  1383 |  uint8_t [01;35m[Kparam[m[K[JointData::NUMBER_OF_JOINTS * (1 + MX28::PARAM_BYTES)];
[1.108s]       |          [01;35m[K^~~~~[m[K
[1.108s] [01m[K/home/robo/ROS2/walk_test/src/control/src/action_editor/cmd_process.cpp:1384:11:[m[K [01;35m[Kwarning: [m[Kunused variable â€˜[01m[KwGoalPosition[m[Kâ€™ [[01;35m[K-Wunused-variable[m[K]
[1.108s]  1384 |  uint32_t [01;35m[KwGoalPosition[m[K, wStartPosition, wDistance;
[1.108s]       |           [01;35m[K^~~~~~~~~~~~~[m[K
[1.108s] [01m[K/home/robo/ROS2/walk_test/src/control/src/action_editor/cmd_process.cpp:1384:26:[m[K [01;35m[Kwarning: [m[Kunused variable â€˜[01m[KwStartPosition[m[Kâ€™ [[01;35m[K-Wunused-variable[m[K]
[1.108s]  1384 |  uint32_t wGoalPosition, [01;35m[KwStartPosition[m[K, wDistance;
[1.108s]       |                          [01;35m[K^~~~~~~~~~~~~~[m[K
[1.108s] [01m[K/home/robo/ROS2/walk_test/src/control/src/action_editor/cmd_process.cpp:1384:42:[m[K [01;35m[Kwarning: [m[Kunused variable â€˜[01m[KwDistance[m[Kâ€™ [[01;35m[K-Wunused-variable[m[K]
[1.108s]  1384 |  uint32_t wGoalPosition, wStartPosition, [01;35m[KwDistance[m[K;
[1.108s]       |                                          [01;35m[K^~~~~~~~~[m[K
[1.108s] [01m[K/home/robo/ROS2/walk_test/src/control/src/action_editor/cmd_process.cpp:[m[K In function â€˜[01m[Kvoid readServo()[m[Kâ€™:
[1.108s] [01m[K/home/robo/ROS2/walk_test/src/control/src/action_editor/cmd_process.cpp:1468:11:[m[K [01;35m[Kwarning: [m[Kunused variable â€˜[01m[Kvalue[m[Kâ€™ [[01;35m[K-Wunused-variable[m[K]
[1.108s]  1468 |  uint32_t [01;35m[Kvalue[m[K;
[1.108s]       |           [01;35m[K^~~~~[m[K
[1.109s] [01m[K/home/robo/ROS2/walk_test/src/control/src/action_editor/cmd_process.cpp:[m[K In function â€˜[01m[Kvoid GoCmd(int)[m[Kâ€™:
[1.109s] [01m[K/home/robo/ROS2/walk_test/src/control/src/action_editor/cmd_process.cpp:1382:6:[m[K [01;35m[Kwarning: [m[Kunused variable â€˜[01m[Kn[m[Kâ€™ [[01;35m[K-Wunused-variable[m[K]
[1.109s]  1382 |  int [01;35m[Kn[m[K = 0;
[1.109s]       |      [01;35m[K^[m[K
[1.109s] [01m[K/home/robo/ROS2/walk_test/src/control/src/action_editor/cmd_process.cpp:1383:10:[m[K [01;35m[Kwarning: [m[Kunused variable â€˜[01m[Kparam[m[Kâ€™ [[01;35m[K-Wunused-variable[m[K]
[1.109s]  1383 |  uint8_t [01;35m[Kparam[m[K[JointData::NUMBER_OF_JOINTS * (1 + MX28::PARAM_BYTES)];
[1.109s]       |          [01;35m[K^~~~~[m[K
[1.109s] [01m[K/home/robo/ROS2/walk_test/src/control/src/action_editor/cmd_process.cpp:1384:11:[m[K [01;35m[Kwarning: [m[Kunused variable â€˜[01m[KwGoalPosition[m[Kâ€™ [[01;35m[K-Wunused-variable[m[K]
[1.109s]  1384 |  uint32_t [01;35m[KwGoalPosition[m[K, wStartPosition, wDistance;
[1.109s]       |           [01;35m[K^~~~~~~~~~~~~[m[K
[1.109s] [01m[K/home/robo/ROS2/walk_test/src/control/src/action_editor/cmd_process.cpp:1384:26:[m[K [01;35m[Kwarning: [m[Kunused variable â€˜[01m[KwStartPosition[m[Kâ€™ [[01;35m[K-Wunused-variable[m[K]
[1.109s]  1384 |  uint32_t wGoalPosition, [01;35m[KwStartPosition[m[K, wDistance;
[1.109s]       |                          [01;35m[K^~~~~~~~~~~~~~[m[K
[1.109s] [01m[K/home/robo/ROS2/walk_test/src/control/src/action_editor/cmd_process.cpp:1384:42:[m[K [01;35m[Kwarning: [m[Kunused variable â€˜[01m[KwDistance[m[Kâ€™ [[01;35m[K-Wunused-variable[m[K]
[1.109s]  1384 |  uint32_t wGoalPosition, wStartPosition, [01;35m[KwDistance[m[K;
[1.109s]       |                                          [01;35m[K^~~~~~~~~[m[K
[1.109s] [01m[K/home/robo/ROS2/walk_test/src/control/src/action_editor/cmd_process.cpp:[m[K In function â€˜[01m[Kvoid readServo()[m[Kâ€™:
[1.109s] [01m[K/home/robo/ROS2/walk_test/src/control/src/action_editor/cmd_process.cpp:1468:11:[m[K [01;35m[Kwarning: [m[Kunused variable â€˜[01m[Kvalue[m[Kâ€™ [[01;35m[K-Wunused-variable[m[K]
[1.109s]  1468 |  uint32_t [01;35m[Kvalue[m[K;
[1.109s]       |           [01;35m[K^~~~~[m[K
[1.109s] [01m[K/home/robo/ROS2/walk_test/src/control/src/action_editor/main.cpp:287:29:[m[K [01;31m[Kerror: [m[Kâ€˜[01m[KPrintCmd[m[Kâ€™ was not declared in this scope
[1.110s]   287 |                             [01;31m[KPrintCmd[m[K("Need parameter");
[1.110s]       |                             [01;31m[K^~~~~~~~[m[K
[1.110s] [01m[K/home/robo/ROS2/walk_test/src/control/src/action_editor/main.cpp:290:25:[m[K [01;31m[Kerror: [m[Kâ€˜[01m[KSaveCmd[m[Kâ€™ was not declared in this scope
[1.110s]   290 |                         [01;31m[KSaveCmd[m[K();
[1.110s]       |                         [01;31m[K^~~~~~~[m[K
[1.111s] [01m[K/home/robo/ROS2/walk_test/src/control/src/action_editor/main.cpp:292:25:[m[K [01;31m[Kerror: [m[Kâ€˜[01m[KNameCmd[m[Kâ€™ was not declared in this scope
[1.111s]   292 |                         [01;31m[KNameCmd[m[K();
[1.111s]       |                         [01;31m[K^~~~~~~[m[K
[1.114s] [01m[K/home/robo/ROS2/walk_test/src/control/src/action_editor/main.cpp:295:7:[m[K [01;31m[Kerror: [m[Kâ€˜[01m[KgoInitPage[m[Kâ€™ was not declared in this scope
[1.114s]   295 |       [01;31m[KgoInitPage[m[K();
[1.114s]       |       [01;31m[K^~~~~~~~~~[m[K
[1.115s] [01m[K/home/robo/ROS2/walk_test/src/control/src/action_editor/main.cpp:296:7:[m[K [01;31m[Kerror: [m[Kâ€˜[01m[KPlayCmd[m[Kâ€™ was not declared in this scope
[1.115s]   296 |       [01;31m[KPlayCmd[m[K();
[1.115s]       |       [01;31m[K^~~~~~~[m[K
[1.117s] [01m[K/home/robo/ROS2/walk_test/src/control/src/action_editor/main.cpp:297:7:[m[K [01;31m[Kerror: [m[Kâ€˜[01m[KbackToPage[m[Kâ€™ was not declared in this scope
[1.118s]   297 |       [01;31m[KbackToPage[m[K();
[1.118s]       |       [01;31m[K^~~~~~~~~~[m[K
[1.120s] [01m[K/home/robo/ROS2/walk_test/src/control/src/action_editor/main.cpp:300:7:[m[K [01;31m[Kerror: [m[Kâ€˜[01m[KreadServo[m[Kâ€™ was not declared in this scope
[1.120s]   300 |       [01;31m[KreadServo[m[K();
[1.120s]       |       [01;31m[K^~~~~~~~~[m[K
[1.121s] [01m[K/home/robo/ROS2/walk_test/src/control/src/action_editor/main.cpp:302:25:[m[K [01;31m[Kerror: [m[Kâ€˜[01m[KPrintCmd[m[Kâ€™ was not declared in this scope
[1.121s]   302 |                         [01;31m[KPrintCmd[m[K("Bad command! please input 'help'");
[1.122s]       |                         [01;31m[K^~~~~~~~[m[K
[1.124s] [01m[K/home/robo/ROS2/walk_test/src/control/src/action_editor/main.cpp:306:13:[m[K [01;31m[Kerror: [m[Kâ€˜[01m[KEndCommandMode[m[Kâ€™ was not declared in this scope
[1.124s]   306 |             [01;31m[KEndCommandMode[m[K();
[1.124s]       |             [01;31m[K^~~~~~~~~~~~~~[m[K
[1.125s] [01m[K/home/robo/ROS2/walk_test/src/control/src/action_editor/main.cpp:[m[K In function â€˜[01m[Kvoid sighandler(int)[m[Kâ€™:
[1.125s] [01m[K/home/robo/ROS2/walk_test/src/control/src/action_editor/main.cpp:323:21:[m[K [01;35m[Kwarning: [m[Kunused parameter â€˜[01m[Ksig[m[Kâ€™ [[01;35m[K-Wunused-parameter[m[K]
[1.125s]   323 | void sighandler([01;35m[Kint sig[m[K)
[1.125s]       |                 [01;35m[K~~~~^~~[m[K
[1.127s] [01m[K/home/robo/ROS2/walk_test/src/control/src/action_editor/main.cpp:[m[K In function â€˜[01m[Kint main(int, char**)[m[Kâ€™:
[1.127s] [01m[K/home/robo/ROS2/walk_test/src/control/src/action_editor/main.cpp:402:3:[m[K [01;31m[Kerror: [m[Kâ€˜[01m[KDrawIntro[m[Kâ€™ was not declared in this scope
[1.127s]   402 |   [01;31m[KDrawIntro[m[K();
[1.127s]       |   [01;31m[K^~~~~~~~~[m[K
[1.131s] [01m[K/home/robo/ROS2/walk_test/src/control/src/action_editor/main.cpp:404:3:[m[K [01;31m[Kerror: [m[Kâ€˜[01m[KDrawEnding[m[Kâ€™ was not declared in this scope
[1.132s]   404 |   [01;31m[KDrawEnding[m[K();
[1.132s]       |   [01;31m[K^~~~~~~~~~[m[K
[1.349s] In file included from [01m[K/usr/include/x86_64-linux-gnu/c++/9/bits/c++allocator.h:33[m[K,
[1.349s]                  from [01m[K/usr/include/c++/9/bits/allocator.h:46[m[K,
[1.349s]                  from [01m[K/usr/include/c++/9/list:61[m[K,
[1.349s]                  from [01m[K/home/robo/ROS2/walk_test/src/control/include/MotionManager.h:11[m[K,
[1.349s]                  from [01m[K/home/robo/ROS2/walk_test/src/control/src/action_editor/cmd_process.cpp:7[m[K:
[1.349s] /usr/include/c++/9/ext/new_allocator.h: In instantiation of â€˜[01m[Kvoid __gnu_cxx::new_allocator<_Tp>::construct(_Up*, _Args&& ...) [with _Up = CmdPublisher; _Args = {}; _Tp = CmdPublisher][m[Kâ€™:
[1.349s] [01m[K/usr/include/c++/9/bits/alloc_traits.h:483:4:[m[K   required from â€˜[01m[Kstatic void std::allocator_traits<std::allocator<_Tp1> >::construct(std::allocator_traits<std::allocator<_Tp1> >::allocator_type&, _Up*, _Args&& ...) [with _Up = CmdPublisher; _Args = {}; _Tp = CmdPublisher; std::allocator_traits<std::allocator<_Tp1> >::allocator_type = std::allocator<CmdPublisher>][m[Kâ€™
[1.349s] [01m[K/usr/include/c++/9/bits/shared_ptr_base.h:548:39:[m[K   required from â€˜[01m[Kstd::_Sp_counted_ptr_inplace<_Tp, _Alloc, _Lp>::_Sp_counted_ptr_inplace(_Alloc, _Args&& ...) [with _Args = {}; _Tp = CmdPublisher; _Alloc = std::allocator<CmdPublisher>; __gnu_cxx::_Lock_policy _Lp = __gnu_cxx::_S_atomic][m[Kâ€™
[1.349s] [01m[K/usr/include/c++/9/bits/shared_ptr_base.h:679:16:[m[K   required from â€˜[01m[Kstd::__shared_count<_Lp>::__shared_count(_Tp*&, std::_Sp_alloc_shared_tag<_Alloc>, _Args&& ...) [with _Tp = CmdPublisher; _Alloc = std::allocator<CmdPublisher>; _Args = {}; __gnu_cxx::_Lock_policy _Lp = __gnu_cxx::_S_atomic][m[Kâ€™
[1.349s] [01m[K/usr/include/c++/9/bits/shared_ptr_base.h:1344:71:[m[K   required from â€˜[01m[Kstd::__shared_ptr<_Tp, _Lp>::__shared_ptr(std::_Sp_alloc_shared_tag<_Tp>, _Args&& ...) [with _Alloc = std::allocator<CmdPublisher>; _Args = {}; _Tp = CmdPublisher; __gnu_cxx::_Lock_policy _Lp = __gnu_cxx::_S_atomic][m[Kâ€™
[1.349s] [01m[K/usr/include/c++/9/bits/shared_ptr.h:359:59:[m[K   required from â€˜[01m[Kstd::shared_ptr<_Tp>::shared_ptr(std::_Sp_alloc_shared_tag<_Tp>, _Args&& ...) [with _Alloc = std::allocator<CmdPublisher>; _Args = {}; _Tp = CmdPublisher][m[Kâ€™
[1.349s] [01m[K/usr/include/c++/9/bits/shared_ptr.h:701:14:[m[K   required from â€˜[01m[Kstd::shared_ptr<_Tp> std::allocate_shared(const _Alloc&, _Args&& ...) [with _Tp = CmdPublisher; _Alloc = std::allocator<CmdPublisher>; _Args = {}][m[Kâ€™
[1.349s] [01m[K/usr/include/c++/9/bits/shared_ptr.h:717:39:[m[K   required from â€˜[01m[Kstd::shared_ptr<_Tp> std::make_shared(_Args&& ...) [with _Tp = CmdPublisher; _Args = {}][m[Kâ€™
[1.349s] [01m[K/home/robo/ROS2/walk_test/src/control/src/action_editor/cmd_process.cpp:63:46:[m[K   required from here
[1.349s] [01m[K/usr/include/c++/9/ext/new_allocator.h:146:4:[m[K [01;31m[Kerror: [m[Kuse of deleted function â€˜[01m[KCmdPublisher::CmdPublisher()[m[Kâ€™
[1.350s]   146 |  { [01;31m[K::new((void *)__p) _Up(std::forward<_Args>(__args)...)[m[K; }
[1.350s]       |    [01;31m[K^~~~~~~~~~~~~~~~~~~~~~~~~~~~~~~~~~~~~~~~~~~~~~~~~~~~~~[m[K
[1.350s] In file included from [01m[K/home/robo/ROS2/walk_test/src/control/src/action_editor/cmd_process.cpp:15[m[K:
[1.350s] [01m[K/home/robo/ROS2/walk_test/src/control/include/cmd_process.h:72:7:[m[K [01;36m[Knote: [m[Kâ€˜[01m[KCmdPublisher::CmdPublisher()[m[Kâ€™ is implicitly deleted because the default definition would be ill-formed:
[1.350s]    72 | class [01;36m[KCmdPublisher[m[K : public rclcpp::Node
[1.350s]       |       [01;36m[K^~~~~~~~~~~~[m[K
[1.350s] [01m[K/home/robo/ROS2/walk_test/src/control/include/cmd_process.h:72:7:[m[K [01;31m[Kerror: [m[Kno matching function for call to â€˜[01m[Krclcpp::Node::Node()[m[Kâ€™
[1.350s] In file included from [01m[K/opt/ros/foxy/include/rclcpp/executors/single_threaded_executor.hpp:28[m[K,
[1.350s]                  from [01m[K/opt/ros/foxy/include/rclcpp/executors.hpp:22[m[K,
[1.350s]                  from [01m[K/opt/ros/foxy/include/rclcpp/rclcpp.hpp:146[m[K,
[1.350s]                  from [01m[K/home/robo/ROS2/walk_test/src/control/include/MotionManager.h:20[m[K,
[1.350s]                  from [01m[K/home/robo/ROS2/walk_test/src/control/src/action_editor/cmd_process.cpp:7[m[K:
[1.350s] [01m[K/opt/ros/foxy/include/rclcpp/node.hpp:1193:3:[m[K [01;36m[Knote: [m[Kcandidate: â€˜[01m[Krclcpp::Node::Node(const rclcpp::Node&, const string&)[m[Kâ€™
[1.350s]  1193 |   [01;36m[KNode[m[K(
[1.350s]       |   [01;36m[K^~~~[m[K
[1.350s] [01m[K/opt/ros/foxy/include/rclcpp/node.hpp:1193:3:[m[K [01;36m[Knote: [m[K  candidate expects 2 arguments, 0 provided
[1.350s] [01m[K/opt/ros/foxy/include/rclcpp/node.hpp:98:12:[m[K [01;36m[Knote: [m[Kcandidate: â€˜[01m[Krclcpp::Node::Node(const string&, const string&, const rclcpp::NodeOptions&)[m[Kâ€™
[1.350s]    98 |   explicit [01;36m[KNode[m[K(
[1.350s]       |            [01;36m[K^~~~[m[K
[1.350s] [01m[K/opt/ros/foxy/include/rclcpp/node.hpp:98:12:[m[K [01;36m[Knote: [m[K  candidate expects 3 arguments, 0 provided
[1.350s] [01m[K/opt/ros/foxy/include/rclcpp/node.hpp:86:12:[m[K [01;36m[Knote: [m[Kcandidate: â€˜[01m[Krclcpp::Node::Node(const string&, const rclcpp::NodeOptions&)[m[Kâ€™
[1.351s]    86 |   explicit [01;36m[KNode[m[K(
[1.351s]       |            [01;36m[K^~~~[m[K
[1.351s] [01m[K/opt/ros/foxy/include/rclcpp/node.hpp:86:12:[m[K [01;36m[Knote: [m[K  candidate expects 2 arguments, 0 provided
[1.351s] In file included from [01m[K/usr/include/x86_64-linux-gnu/c++/9/bits/c++allocator.h:33[m[K,
[1.351s]                  from [01m[K/usr/include/c++/9/bits/allocator.h:46[m[K,
[1.351s]                  from [01m[K/usr/include/c++/9/list:61[m[K,
[1.351s]                  from [01m[K/home/robo/ROS2/walk_test/src/control/include/MotionManager.h:11[m[K,
[1.351s]                  from [01m[K/home/robo/ROS2/walk_test/src/control/src/action_editor/cmd_process.cpp:7[m[K:
[1.351s] /usr/include/c++/9/ext/new_allocator.h: In instantiation of â€˜[01m[Kvoid __gnu_cxx::new_allocator<_Tp>::construct(_Up*, _Args&& ...) [with _Up = CmdPublisher; _Args = {}; _Tp = CmdPublisher][m[Kâ€™:
[1.351s] [01m[K/usr/include/c++/9/bits/alloc_traits.h:483:4:[m[K   required from â€˜[01m[Kstatic void std::allocator_traits<std::allocator<_Tp1> >::construct(std::allocator_traits<std::allocator<_Tp1> >::allocator_type&, _Up*, _Args&& ...) [with _Up = CmdPublisher; _Args = {}; _Tp = CmdPublisher; std::allocator_traits<std::allocator<_Tp1> >::allocator_type = std::allocator<CmdPublisher>][m[Kâ€™
[1.351s] [01m[K/usr/include/c++/9/bits/shared_ptr_base.h:548:39:[m[K   required from â€˜[01m[Kstd::_Sp_counted_ptr_inplace<_Tp, _Alloc, _Lp>::_Sp_counted_ptr_inplace(_Alloc, _Args&& ...) [with _Args = {}; _Tp = CmdPublisher; _Alloc = std::allocator<CmdPublisher>; __gnu_cxx::_Lock_policy _Lp = __gnu_cxx::_S_atomic][m[Kâ€™
[1.351s] [01m[K/usr/include/c++/9/bits/shared_ptr_base.h:679:16:[m[K   required from â€˜[01m[Kstd::__shared_count<_Lp>::__shared_count(_Tp*&, std::_Sp_alloc_shared_tag<_Alloc>, _Args&& ...) [with _Tp = CmdPublisher; _Alloc = std::allocator<CmdPublisher>; _Args = {}; __gnu_cxx::_Lock_policy _Lp = __gnu_cxx::_S_atomic][m[Kâ€™
[1.351s] [01m[K/usr/include/c++/9/bits/shared_ptr_base.h:1344:71:[m[K   required from â€˜[01m[Kstd::__shared_ptr<_Tp, _Lp>::__shared_ptr(std::_Sp_alloc_shared_tag<_Tp>, _Args&& ...) [with _Alloc = std::allocator<CmdPublisher>; _Args = {}; _Tp = CmdPublisher; __gnu_cxx::_Lock_policy _Lp = __gnu_cxx::_S_atomic][m[Kâ€™
[1.351s] [01m[K/usr/include/c++/9/bits/shared_ptr.h:359:59:[m[K   required from â€˜[01m[Kstd::shared_ptr<_Tp>::shared_ptr(std::_Sp_alloc_shared_tag<_Tp>, _Args&& ...) [with _Alloc = std::allocator<CmdPublisher>; _Args = {}; _Tp = CmdPublisher][m[Kâ€™
[1.351s] [01m[K/usr/include/c++/9/bits/shared_ptr.h:701:14:[m[K   required from â€˜[01m[Kstd::shared_ptr<_Tp> std::allocate_shared(const _Alloc&, _Args&& ...) [with _Tp = CmdPublisher; _Alloc = std::allocator<CmdPublisher>; _Args = {}][m[Kâ€™
[1.351s] [01m[K/usr/include/c++/9/bits/shared_ptr.h:717:39:[m[K   required from â€˜[01m[Kstd::shared_ptr<_Tp> std::make_shared(_Args&& ...) [with _Tp = CmdPublisher; _Args = {}][m[Kâ€™
[1.351s] [01m[K/home/robo/ROS2/walk_test/src/control/src/action_editor/cmd_process.cpp:63:46:[m[K   required from here
[1.351s] [01m[K/usr/include/c++/9/ext/new_allocator.h:146:4:[m[K [01;31m[Kerror: [m[Kuse of deleted function â€˜[01m[KCmdPublisher::CmdPublisher()[m[Kâ€™
[1.351s]   146 |  { [01;31m[K::new((void *)__p) _Up(std::forward<_Args>(__args)...)[m[K; }
[1.351s]       |    [01;31m[K^~~~~~~~~~~~~~~~~~~~~~~~~~~~~~~~~~~~~~~~~~~~~~~~~~~~~~[m[K
[1.351s] In file included from [01m[K/home/robo/ROS2/walk_test/src/control/src/action_editor/cmd_process.cpp:15[m[K:
[1.352s] [01m[K/home/robo/ROS2/walk_test/src/control/include/cmd_process.h:72:7:[m[K [01;36m[Knote: [m[Kâ€˜[01m[KCmdPublisher::CmdPublisher()[m[Kâ€™ is implicitly deleted because the default definition would be ill-formed:
[1.352s]    72 | class [01;36m[KCmdPublisher[m[K : public rclcpp::Node
[1.352s]       |       [01;36m[K^~~~~~~~~~~~[m[K
[1.352s] [01m[K/home/robo/ROS2/walk_test/src/control/include/cmd_process.h:72:7:[m[K [01;31m[Kerror: [m[Kno matching function for call to â€˜[01m[Krclcpp::Node::Node()[m[Kâ€™
[1.352s] In file included from [01m[K/opt/ros/foxy/include/rclcpp/executors/single_threaded_executor.hpp:28[m[K,
[1.352s]                  from [01m[K/opt/ros/foxy/include/rclcpp/executors.hpp:22[m[K,
[1.352s]                  from [01m[K/opt/ros/foxy/include/rclcpp/rclcpp.hpp:146[m[K,
[1.352s]                  from [01m[K/home/robo/ROS2/walk_test/src/control/include/MotionManager.h:20[m[K,
[1.352s]                  from [01m[K/home/robo/ROS2/walk_test/src/control/src/action_editor/cmd_process.cpp:7[m[K:
[1.352s] [01m[K/opt/ros/foxy/include/rclcpp/node.hpp:1193:3:[m[K [01;36m[Knote: [m[Kcandidate: â€˜[01m[Krclcpp::Node::Node(const rclcpp::Node&, const string&)[m[Kâ€™
[1.352s]  1193 |   [01;36m[KNode[m[K(
[1.352s]       |   [01;36m[K^~~~[m[K
[1.352s] [01m[K/opt/ros/foxy/include/rclcpp/node.hpp:1193:3:[m[K [01;36m[Knote: [m[K  candidate expects 2 arguments, 0 provided
[1.352s] [01m[K/opt/ros/foxy/include/rclcpp/node.hpp:98:12:[m[K [01;36m[Knote: [m[Kcandidate: â€˜[01m[Krclcpp::Node::Node(const string&, const string&, const rclcpp::NodeOptions&)[m[Kâ€™
[1.352s]    98 |   explicit [01;36m[KNode[m[K(
[1.352s]       |            [01;36m[K^~~~[m[K
[1.352s] [01m[K/opt/ros/foxy/include/rclcpp/node.hpp:98:12:[m[K [01;36m[Knote: [m[K  candidate expects 3 arguments, 0 provided
[1.352s] [01m[K/opt/ros/foxy/include/rclcpp/node.hpp:86:12:[m[K [01;36m[Knote: [m[Kcandidate: â€˜[01m[Krclcpp::Node::Node(const string&, const rclcpp::NodeOptions&)[m[Kâ€™
[1.352s]    86 |   explicit [01;36m[KNode[m[K(
[1.352s]       |            [01;36m[K^~~~[m[K
[1.352s] [01m[K/opt/ros/foxy/include/rclcpp/node.hpp:86:12:[m[K [01;36m[Knote: [m[K  candidate expects 2 arguments, 0 provided
[1.394s] make[2]: *** [CMakeFiles/cmd.dir/build.make:63: CMakeFiles/cmd.dir/src/action_editor/cmd_process.cpp.o] Error 1
[1.394s] make[1]: *** [CMakeFiles/Makefile2:142: CMakeFiles/cmd.dir/all] Error 2
[1.394s] make[1]: *** Waiting for unfinished jobs....
[1.394s] make[2]: *** [CMakeFiles/action.dir/build.make:89: CMakeFiles/action.dir/src/action_editor/cmd_process.cpp.o] Error 1
[1.394s] make[2]: *** Waiting for unfinished jobs....
[1.846s] make[2]: *** [CMakeFiles/action.dir/build.make:63: CMakeFiles/action.dir/src/action_editor/main.cpp.o] Error 1
[1.846s] make[1]: *** [CMakeFiles/Makefile2:250: CMakeFiles/action.dir/all] Error 2
[1.846s] make: *** [Makefile:141: all] Error 2
[1.848s] Invoked command in '/home/robo/ROS2/walk_test/build/control' returned '2': CMAKE_PREFIX_PATH=/home/robo/ROS2/walk_test/install/dynamixel_sdk_custom_interfaces:/home/robo/ROS2/walk_test/install/control:/opt/ros/foxy LD_LIBRARY_PATH=/home/robo/ROS2/walk_test/install/dynamixel_sdk_custom_interfaces/lib:/home/robo/ROS2/walk_test/install/control/lib:/opt/ros/foxy/opt/yaml_cpp_vendor/lib:/opt/ros/foxy/opt/rviz_ogre_vendor/lib:/opt/ros/foxy/lib/x86_64-linux-gnu:/opt/ros/foxy/lib /usr/bin/cmake --build /home/robo/ROS2/walk_test/build/control -- -j12 -l12
