[0.009s] Invoking command in '/home/robo/ROS2/walk_test/build/control': AMENT_PREFIX_PATH=/home/robo/ROS2/walk_test/install/dynamixel_sdk_custom_interfaces:${AMENT_PREFIX_PATH} CMAKE_PREFIX_PATH=/home/robo/ROS2/walk_test/install/dynamixel_sdk_custom_interfaces:/opt/ros/foxy LD_LIBRARY_PATH=/home/robo/ROS2/walk_test/install/dynamixel_sdk_custom_interfaces/lib:${LD_LIBRARY_PATH} PYTHONPATH=/home/robo/ROS2/walk_test/install/dynamixel_sdk_custom_interfaces/lib/python3.8/site-packages:${PYTHONPATH} /usr/bin/cmake --build /home/robo/ROS2/walk_test/build/control -- -j12 -l12
[0.041s] [35m[1mScanning dependencies of target motion[0m
[0.054s] [  9%] Built target decision
[0.057s] [ 19%] Built target gait_publisher
[0.057s] [ 28%] Built target control
[0.066s] [ 33%] [32mBuilding CXX object CMakeFiles/motion.dir/src/motion/MotionManager.cpp.o[0m
[1.087s] In file included from [01m[K/home/robo/ROS2/walk_test/src/control/src/motion/MotionManager.cpp:25[m[K:
[1.088s] [01m[K/home/robo/ROS2/walk_test/src/control/include/MotionManager.h:[m[K In constructor â€˜[01m[KRobot::MotionManager::MotionManager(const rclcpp::NodeOptions&)[m[Kâ€™:
[1.088s] [01m[K/home/robo/ROS2/walk_test/src/control/include/MotionManager.h:80:8:[m[K [01;35m[Kwarning: [m[Kâ€˜[01m[KRobot::MotionManager::DEBUG_PRINT[m[Kâ€™ will be initialized after [[01;35m[K-Wreorder[m[K]
[1.088s]    80 |   bool [01;35m[KDEBUG_PRINT[m[K;
[1.088s]       |        [01;35m[K^~~~~~~~~~~[m[K
[1.088s] [01m[K/home/robo/ROS2/walk_test/src/control/src/motion/MotionManager.cpp:63:41:[m[K [01;35m[Kwarning: [m[K  base â€˜[01m[Krclcpp::Node[m[Kâ€™ [[01;35m[K-Wreorder[m[K]
[1.088s]    63 |   rclcpp::Node("gait_publisher", options[01;35m[K)[m[K
[1.088s]       |                                         [01;35m[K^[m[K
[1.088s] [01m[K/home/robo/ROS2/walk_test/src/control/src/motion/MotionManager.cpp:54:1:[m[K [01;35m[Kwarning: [m[K  when initialized here [[01;35m[K-Wreorder[m[K]
[1.088s]    54 | [01;35m[KMotionManager[m[K::MotionManager(const rclcpp::NodeOptions & options) :
[1.088s]       | [01;35m[K^~~~~~~~~~~~~[m[K
[1.103s] [01m[K/home/robo/ROS2/walk_test/src/control/src/motion/MotionManager.cpp:[m[K In member function â€˜[01m[Kvoid Robot::MotionManager::topic_callback(std::shared_ptr<sensor_msgs::msg::Imu_<std::allocator<void> > >) const[m[Kâ€™:
[1.103s] [01m[K/home/robo/ROS2/walk_test/src/control/src/motion/MotionManager.cpp:93:15:[m[K [01;35m[Kwarning: [m[Kunused variable â€˜[01m[KIMU_GYRO_X[m[Kâ€™ [[01;35m[K-Wunused-variable[m[K]
[1.103s]    93 |         float [01;35m[KIMU_GYRO_X[m[K = -imu_msg_->angular_velocity.x/10;
[1.103s]       |               [01;35m[K^~~~~~~~~~[m[K
[1.103s] [01m[K/home/robo/ROS2/walk_test/src/control/src/motion/MotionManager.cpp:94:15:[m[K [01;35m[Kwarning: [m[Kunused variable â€˜[01m[KIMU_GYRO_Y[m[Kâ€™ [[01;35m[K-Wunused-variable[m[K]
[1.103s]    94 |         float [01;35m[KIMU_GYRO_Y[m[K  = -imu_msg_->angular_velocity.y/10;
[1.103s]       |               [01;35m[K^~~~~~~~~~[m[K
[1.103s] [01m[K/home/robo/ROS2/walk_test/src/control/src/motion/MotionManager.cpp:[m[K In member function â€˜[01m[Kbool Robot::MotionManager::Initialize(bool)[m[Kâ€™:
[1.103s] [01m[K/home/robo/ROS2/walk_test/src/control/src/motion/MotionManager.cpp:122:11:[m[K [01;31m[Kerror: [m[Kâ€˜[01m[Kstruct dynamixel_sdk_custom_interfaces::srv::GetPosition[m[Kâ€™ has no member named â€˜[01m[Kid[m[Kâ€™
[1.104s]   122 |   request.[01;31m[Kid[m[K = uid;
[1.104s]       |           [01;31m[K^~[m[K
[1.106s] [01m[K/home/robo/ROS2/walk_test/src/control/src/motion/MotionManager.cpp:132:51:[m[K [01;31m[Kerror: [m[Kno matching function for call to â€˜[01m[Krclcpp::Client<dynamixel_sdk_custom_interfaces::srv::GetPosition>::async_send_request(dynamixel_sdk_custom_interfaces::srv::GetPosition&)[m[Kâ€™
[1.106s]   132 |   auto result = client->async_send_request(request[01;31m[K)[m[K;
[1.106s]       |                                                   [01;31m[K^[m[K
[1.106s] In file included from [01m[K/opt/ros/foxy/include/rclcpp/callback_group.hpp:23[m[K,
[1.106s]                  from [01m[K/opt/ros/foxy/include/rclcpp/any_executable.hpp:20[m[K,
[1.106s]                  from [01m[K/opt/ros/foxy/include/rclcpp/memory_strategy.hpp:24[m[K,
[1.106s]                  from [01m[K/opt/ros/foxy/include/rclcpp/memory_strategies.hpp:18[m[K,
[1.106s]                  from [01m[K/opt/ros/foxy/include/rclcpp/executor_options.hpp:20[m[K,
[1.107s]                  from [01m[K/opt/ros/foxy/include/rclcpp/executor.hpp:33[m[K,
[1.107s]                  from [01m[K/opt/ros/foxy/include/rclcpp/executors/multi_threaded_executor.hpp:26[m[K,
[1.107s]                  from [01m[K/opt/ros/foxy/include/rclcpp/executors.hpp:21[m[K,
[1.107s]                  from [01m[K/opt/ros/foxy/include/rclcpp/rclcpp.hpp:146[m[K,
[1.107s]                  from [01m[K/home/robo/ROS2/walk_test/src/control/include/MotionManager.h:20[m[K,
[1.107s]                  from [01m[K/home/robo/ROS2/walk_test/src/control/src/motion/MotionManager.cpp:25[m[K:
[1.107s] [01m[K/opt/ros/foxy/include/rclcpp/client.hpp:318:3:[m[K [01;36m[Knote: [m[Kcandidate: â€˜[01m[Krclcpp::Client<ServiceT>::SharedFuture rclcpp::Client<ServiceT>::async_send_request(rclcpp::Client<ServiceT>::SharedRequest) [with ServiceT = dynamixel_sdk_custom_interfaces::srv::GetPosition; rclcpp::Client<ServiceT>::SharedFuture = std::shared_future<std::shared_ptr<dynamixel_sdk_custom_interfaces::srv::GetPosition_Response_<std::allocator<void> > > >; typename ServiceT::Response::SharedPtr = std::shared_ptr<dynamixel_sdk_custom_interfaces::srv::GetPosition_Response_<std::allocator<void> > >; rclcpp::Client<ServiceT>::SharedRequest = std::shared_ptr<dynamixel_sdk_custom_interfaces::srv::GetPosition_Request_<std::allocator<void> > >][m[Kâ€™
[1.107s]   318 |   [01;36m[Kasync_send_request[m[K(SharedRequest request)
[1.107s]       |   [01;36m[K^~~~~~~~~~~~~~~~~~[m[K
[1.107s] [01m[K/opt/ros/foxy/include/rclcpp/client.hpp:318:36:[m[K [01;36m[Knote: [m[K  no known conversion for argument 1 from â€˜[01m[Kdynamixel_sdk_custom_interfaces::srv::GetPosition[m[Kâ€™ to â€˜[01m[Krclcpp::Client<dynamixel_sdk_custom_interfaces::srv::GetPosition>::SharedRequest[m[Kâ€™ {aka â€˜[01m[Kstd::shared_ptr<dynamixel_sdk_custom_interfaces::srv::GetPosition_Request_<std::allocator<void> > >[m[Kâ€™}
[1.107s]   318 |   async_send_request([01;36m[KSharedRequest request[m[K)
[1.107s]       |                      [01;36m[K~~~~~~~~~~~~~~^~~~~~~[m[K
[1.107s] [01m[K/opt/ros/foxy/include/rclcpp/client.hpp:333:3:[m[K [01;36m[Knote: [m[Kcandidate: â€˜[01m[Ktemplate<class CallbackT, typename std::enable_if<rclcpp::function_traits::same_arguments<CallbackT, std::function<void(std::shared_future<std::shared_ptr<dynamixel_sdk_custom_interfaces::srv::GetPosition_Response_<std::allocator<void> > > >)> >::value, void>::type* <anonymous> > rclcpp::Client<ServiceT>::SharedFuture rclcpp::Client<ServiceT>::async_send_request(rclcpp::Client<ServiceT>::SharedRequest, CallbackT&&) [with CallbackT = CallbackT; typename std::enable_if<rclcpp::function_traits::same_arguments<CallbackT, std::function<void(std::shared_future<typename ServiceT::Response::SharedPtr>)> >::value>::type* <anonymous> = <enumerator>; ServiceT = dynamixel_sdk_custom_interfaces::srv::GetPosition][m[Kâ€™
[1.107s]   333 |   [01;36m[Kasync_send_request[m[K(SharedRequest request, CallbackT && cb)
[1.107s]       |   [01;36m[K^~~~~~~~~~~~~~~~~~[m[K
[1.107s] [01m[K/opt/ros/foxy/include/rclcpp/client.hpp:333:3:[m[K [01;36m[Knote: [m[K  template argument deduction/substitution failed:
[1.107s] [01m[K/home/robo/ROS2/walk_test/src/control/src/motion/MotionManager.cpp:132:51:[m[K [01;36m[Knote: [m[K  candidate expects 2 arguments, 1 provided
[1.107s]   132 |   auto result = client->async_send_request(request[01;36m[K)[m[K;
[1.108s]       |                                                   [01;36m[K^[m[K
[1.108s] In file included from [01m[K/opt/ros/foxy/include/rclcpp/callback_group.hpp:23[m[K,
[1.108s]                  from [01m[K/opt/ros/foxy/include/rclcpp/any_executable.hpp:20[m[K,
[1.108s]                  from [01m[K/opt/ros/foxy/include/rclcpp/memory_strategy.hpp:24[m[K,
[1.108s]                  from [01m[K/opt/ros/foxy/include/rclcpp/memory_strategies.hpp:18[m[K,
[1.108s]                  from [01m[K/opt/ros/foxy/include/rclcpp/executor_options.hpp:20[m[K,
[1.108s]                  from [01m[K/opt/ros/foxy/include/rclcpp/executor.hpp:33[m[K,
[1.108s]                  from [01m[K/opt/ros/foxy/include/rclcpp/executors/multi_threaded_executor.hpp:26[m[K,
[1.108s]                  from [01m[K/opt/ros/foxy/include/rclcpp/executors.hpp:21[m[K,
[1.108s]                  from [01m[K/opt/ros/foxy/include/rclcpp/rclcpp.hpp:146[m[K,
[1.108s]                  from [01m[K/home/robo/ROS2/walk_test/src/control/include/MotionManager.h:20[m[K,
[1.108s]                  from [01m[K/home/robo/ROS2/walk_test/src/control/src/motion/MotionManager.cpp:25[m[K:
[1.108s] [01m[K/opt/ros/foxy/include/rclcpp/client.hpp:359:3:[m[K [01;36m[Knote: [m[Kcandidate: â€˜[01m[Ktemplate<class CallbackT, typename std::enable_if<rclcpp::function_traits::same_arguments<CallbackT, std::function<void(std::shared_future<std::pair<std::shared_ptr<dynamixel_sdk_custom_interfaces::srv::GetPosition_Request_<std::allocator<void> > >, std::shared_ptr<dynamixel_sdk_custom_interfaces::srv::GetPosition_Response_<std::allocator<void> > > > >)> >::value, void>::type* <anonymous> > rclcpp::Client<ServiceT>::SharedFutureWithRequest rclcpp::Client<ServiceT>::async_send_request(rclcpp::Client<ServiceT>::SharedRequest, CallbackT&&) [with CallbackT = CallbackT; typename std::enable_if<rclcpp::function_traits::same_arguments<CallbackT, std::function<void(std::shared_future<std::pair<typename ServiceT::Request::SharedPtr, typename ServiceT::Response::SharedPtr> >)> >::value>::type* <anonymous> = <enumerator>; ServiceT = dynamixel_sdk_custom_interfaces::srv::GetPosition][m[Kâ€™
[1.108s]   359 |   [01;36m[Kasync_send_request[m[K(SharedRequest request, CallbackT && cb)
[1.108s]       |   [01;36m[K^~~~~~~~~~~~~~~~~~[m[K
[1.108s] [01m[K/opt/ros/foxy/include/rclcpp/client.hpp:359:3:[m[K [01;36m[Knote: [m[K  template argument deduction/substitution failed:
[1.108s] [01m[K/home/robo/ROS2/walk_test/src/control/src/motion/MotionManager.cpp:132:51:[m[K [01;36m[Knote: [m[K  candidate expects 2 arguments, 1 provided
[1.109s]   132 |   auto result = client->async_send_request(request[01;36m[K)[m[K;
[1.109s]       |                                                   [01;36m[K^[m[K
[1.109s] [01m[K/home/robo/ROS2/walk_test/src/control/src/motion/MotionManager.cpp:134:42:[m[K [01;31m[Kerror: [m[Kâ€˜[01m[Knode[m[Kâ€™ was not declared in this scope; did you mean â€˜[01m[KNode[m[Kâ€™?
[1.109s]   134 |   if (rclcpp::spin_until_future_complete([01;31m[Knode[m[K, result) ==
[1.109s]       |                                          [01;31m[K^~~~[m[K
[1.109s]       |                                          [32m[KNode[m[K
[1.109s] [01m[K/home/robo/ROS2/walk_test/src/control/src/motion/MotionManager.cpp:150:3:[m[K [01;31m[Kerror: [m[Kâ€˜[01m[Kelse[m[Kâ€™ without a previous â€˜[01m[Kif[m[Kâ€™
[1.109s]   150 |   [01;31m[Kelse[m[K
[1.109s]       |   [01;31m[K^~~~[m[K
[1.109s] [01m[K/home/robo/ROS2/walk_test/src/control/src/motion/MotionManager.cpp:100:6:[m[K [01;35m[Kwarning: [m[Kunused variable â€˜[01m[Kvalue[m[Kâ€™ [[01;35m[K-Wunused-variable[m[K]
[1.109s]   100 |  int [01;35m[Kvalue[m[K, error;
[1.109s]       |      [01;35m[K^~~~~[m[K
[1.109s] [01m[K/home/robo/ROS2/walk_test/src/control/src/motion/MotionManager.cpp:100:13:[m[K [01;35m[Kwarning: [m[Kunused variable â€˜[01m[Kerror[m[Kâ€™ [[01;35m[K-Wunused-variable[m[K]
[1.109s]   100 |  int value, [01;35m[Kerror[m[K;
[1.109s]       |             [01;35m[K^~~~~[m[K
[1.109s] [01m[K/home/robo/ROS2/walk_test/src/control/src/motion/MotionManager.cpp:[m[K In member function â€˜[01m[Kbool Robot::MotionManager::Reinitialize()[m[Kâ€™:
[1.109s] [01m[K/home/robo/ROS2/walk_test/src/control/src/motion/MotionManager.cpp:182:6:[m[K [01;35m[Kwarning: [m[Kunused variable â€˜[01m[Kvalue[m[Kâ€™ [[01;35m[K-Wunused-variable[m[K]
[1.109s]   182 |  int [01;35m[Kvalue[m[K, error;
[1.109s]       |      [01;35m[K^~~~~[m[K
[1.109s] [01m[K/home/robo/ROS2/walk_test/src/control/src/motion/MotionManager.cpp:182:13:[m[K [01;35m[Kwarning: [m[Kunused variable â€˜[01m[Kerror[m[Kâ€™ [[01;35m[K-Wunused-variable[m[K]
[1.110s]   182 |  int value, [01;35m[Kerror[m[K;
[1.110s]       |             [01;35m[K^~~~~[m[K
[1.123s] [01m[K/home/robo/ROS2/walk_test/src/control/src/motion/MotionManager.cpp:[m[K In member function â€˜[01m[Kvoid Robot::MotionManager::Process()[m[Kâ€™:
[1.123s] [01m[K/home/robo/ROS2/walk_test/src/control/src/motion/MotionManager.cpp:366:6:[m[K [01;35m[Kwarning: [m[Kunused variable â€˜[01m[Kjoint_num[m[Kâ€™ [[01;35m[K-Wunused-variable[m[K]
[1.123s]   366 |  int [01;35m[Kjoint_num[m[K = 0;
[1.123s]       |      [01;35m[K^~~~~~~~~[m[K
[2.609s] make[2]: *** [CMakeFiles/motion.dir/build.make:63: CMakeFiles/motion.dir/src/motion/MotionManager.cpp.o] Error 1
[2.609s] make[1]: *** [CMakeFiles/Makefile2:165: CMakeFiles/motion.dir/all] Error 2
[2.609s] make: *** [Makefile:141: all] Error 2
[2.610s] Invoked command in '/home/robo/ROS2/walk_test/build/control' returned '2': AMENT_PREFIX_PATH=/home/robo/ROS2/walk_test/install/dynamixel_sdk_custom_interfaces:${AMENT_PREFIX_PATH} CMAKE_PREFIX_PATH=/home/robo/ROS2/walk_test/install/dynamixel_sdk_custom_interfaces:/opt/ros/foxy LD_LIBRARY_PATH=/home/robo/ROS2/walk_test/install/dynamixel_sdk_custom_interfaces/lib:${LD_LIBRARY_PATH} PYTHONPATH=/home/robo/ROS2/walk_test/install/dynamixel_sdk_custom_interfaces/lib/python3.8/site-packages:${PYTHONPATH} /usr/bin/cmake --build /home/robo/ROS2/walk_test/build/control -- -j12 -l12
