[0.014s] Invoking command in '/home/robofei/ROS2/action/build/control': CMAKE_PREFIX_PATH=/home/robofei/ROS2/action/install/custom_interfaces:/home/robofei/ROS2/action/install/control:/opt/ros/foxy /usr/bin/cmake --build /home/robofei/ROS2/action/build/control -- -j4 -l4
[0.058s] [35m[1mScanning dependencies of target minimal_publisher[0m
[0.090s] [ 50%] [32mBuilding CXX object CMakeFiles/minimal_publisher.dir/src/minimal_pub.cpp.o[0m
[1.374s] [01m[K/home/robofei/ROS2/action/src/control/src/minimal_pub.cpp:16:7:[m[K [01;31m[Kerror: [m[Kâ€˜[01m[KMinimalPublisher[m[Kâ€™ has not been declared
[1.374s]    16 | class [01;31m[KMinimalPublisher[m[K::MinimalPublisher()
[1.374s]       |       [01;31m[K^~~~~~~~~~~~~~~~[m[K
[1.375s] [01m[K/home/robofei/ROS2/action/src/control/src/minimal_pub.cpp:16:42:[m[K [01;31m[Kerror: [m[Kexpected unqualified-id before â€˜[01m[K)[m[Kâ€™ token
[1.375s]    16 | class MinimalPublisher::MinimalPublisher([01;31m[K)[m[K
[1.375s]       |                                          [01;31m[K^[m[K
[1.375s] [01m[K/home/robofei/ROS2/action/src/control/src/minimal_pub.cpp:65:1:[m[K [01;31m[Kerror: [m[Kexpected declaration before â€˜[01m[K}[m[Kâ€™ token
[1.375s]    65 | [01;31m[K}[m[K;
[1.375s]       | [01;31m[K^[m[K
[1.377s] [01m[K/home/robofei/ROS2/action/src/control/src/minimal_pub.cpp:[m[K In function â€˜[01m[Kint main(int, char**)[m[Kâ€™:
[1.377s] [01m[K/home/robofei/ROS2/action/src/control/src/minimal_pub.cpp:70:33:[m[K [01;31m[Kerror: [m[Kâ€˜[01m[KMinimalPublisher[m[Kâ€™ was not declared in this scope
[1.378s]    70 |   rclcpp::spin(std::make_shared<[01;31m[KMinimalPublisher[m[K>());
[1.378s]       |                                 [01;31m[K^~~~~~~~~~~~~~~~[m[K
[1.378s] [01m[K/home/robofei/ROS2/action/src/control/src/minimal_pub.cpp:70:51:[m[K [01;31m[Kerror: [m[Kno matching function for call to â€˜[01m[Kmake_shared<<expression error> >()[m[Kâ€™
[1.378s]    70 |   rclcpp::spin(std::make_shared<MinimalPublisher>([01;31m[K)[m[K);
[1.378s]       |                                                   [01;31m[K^[m[K
[1.378s] In file included from [01m[K/usr/include/c++/9/memory:81[m[K,
[1.378s]                  from [01m[K/home/robofei/ROS2/action/src/control/src/minimal_pub.cpp:4[m[K:
[1.378s] [01m[K/usr/include/c++/9/bits/shared_ptr.h:714:5:[m[K [01;36m[Knote: [m[Kcandidate: â€˜[01m[Ktemplate<class _Tp, class ... _Args> std::shared_ptr<_Tp> std::make_shared(_Args&& ...)[m[Kâ€™
[1.378s]   714 |     [01;36m[Kmake_shared[m[K(_Args&&... __args)
[1.378s]       |     [01;36m[K^~~~~~~~~~~[m[K
[1.378s] [01m[K/usr/include/c++/9/bits/shared_ptr.h:714:5:[m[K [01;36m[Knote: [m[K  template argument deduction/substitution failed:
[1.378s] [01m[K/home/robofei/ROS2/action/src/control/src/minimal_pub.cpp:70:51:[m[K [01;31m[Kerror: [m[Ktemplate argument 1 is invalid
[1.378s]    70 |   rclcpp::spin(std::make_shared<MinimalPublisher>([01;31m[K)[m[K);
[1.378s]       |                                                   [01;31m[K^[m[K
[1.746s] make[2]: *** [CMakeFiles/minimal_publisher.dir/build.make:63: CMakeFiles/minimal_publisher.dir/src/minimal_pub.cpp.o] Error 1
[1.746s] make[1]: *** [CMakeFiles/Makefile2:105: CMakeFiles/minimal_publisher.dir/all] Error 2
[1.746s] make: *** [Makefile:141: all] Error 2
[1.748s] Invoked command in '/home/robofei/ROS2/action/build/control' returned '2': CMAKE_PREFIX_PATH=/home/robofei/ROS2/action/install/custom_interfaces:/home/robofei/ROS2/action/install/control:/opt/ros/foxy /usr/bin/cmake --build /home/robofei/ROS2/action/build/control -- -j4 -l4
