[01m[K/home/robofei/ROS2/action/src/control/src/control.cpp:[m[K In constructor â€˜[01m[KControl::Control()[m[Kâ€™:
[01m[K/home/robofei/ROS2/action/src/control/src/control.cpp:28:23:[m[K [01;31m[Kerror: [m[Kâ€˜[01m[Kini[m[Kâ€™ was not declared in this scope; did you mean â€˜[01m[Kint[m[Kâ€™?
   28 |     GaitMove gaitMove([01;31m[Kini[m[K);
      |                       [01;31m[K^~~[m[K
      |                       [32m[Kint[m[K
[01m[K/home/robofei/ROS2/action/src/control/src/MotionManager.cpp:36:43:[m[K [01;31m[Kerror: [m[Kâ€˜[01m[KMotionModule[m[Kâ€™ has not been declared
   36 | const int TORQUE_ADAPTION_CYCLES = 1000 / [01;31m[KMotionModule[m[K::TIME_UNIT;
      |                                           [01;31m[K^~~~~~~~~~~~[m[K
[01m[K/home/robofei/ROS2/action/src/control/src/MotionManager.cpp:45:1:[m[K [01;31m[Kerror: [m[Kâ€˜[01m[KMotionManager[m[Kâ€™ does not name a type
   45 | [01;31m[KMotionManager[m[K::MotionManager()
      | [01;31m[K^~~~~~~~~~~~~[m[K
[01m[K/home/robofei/ROS2/action/src/control/src/MotionManager.cpp:173:1:[m[K [01;31m[Kerror: [m[Kâ€˜[01m[KMotionManager[m[Kâ€™ does not name a type
  173 | [01;31m[KMotionManager[m[K::~MotionManager()
      | [01;31m[K^~~~~~~~~~~~~[m[K
[01m[K/home/robofei/ROS2/action/src/control/src/MotionManager.cpp:177:15:[m[K [01;31m[Kerror: [m[KISO C++ forbids declaration of â€˜[01m[KMotionManager[m[Kâ€™ with no type [[01;31m[K-fpermissive[m[K]
  177 | MotionManager([01;31m[K)[m[K :
      |               [01;31m[K^[m[K
[01m[K/home/robofei/ROS2/action/src/control/src/MotionManager.cpp:[m[K In function â€˜[01m[Kint MotionManager()[m[Kâ€™:
[01m[K/home/robofei/ROS2/action/src/control/src/MotionManager.cpp:178:9:[m[K [01;31m[Kerror: [m[Konly constructors take member initializers
  178 |         [01;31m[Km_ProcessEnable[m[K(false),
      |         [01;31m[K^~~~~~~~~~~~~~~[m[K
[01m[K/home/robofei/ROS2/action/src/control/src/MotionManager.cpp:187:24:[m[K [01;31m[Kerror: [m[Kâ€˜[01m[KJointData[m[Kâ€™ has not been declared
  187 |     for(int i = 0; i < [01;31m[KJointData[m[K::NUMBER_OF_JOINTS; i++)
      |                        [01;31m[K^~~~~~~~~[m[K
[01m[K/home/robofei/ROS2/action/src/control/src/control.cpp:[m[K In member function â€˜[01m[Kvoid Control::timer_callback_goodbye()[m[Kâ€™:
[01m[K/home/robofei/ROS2/action/src/control/src/control.cpp:71:12:[m[K [01;35m[Kwarning: [m[Kunused variable â€˜[01m[Kcount_[m[Kâ€™ [[01;35m[K-Wunused-variable[m[K]
   71 |     size_t [01;35m[Kcount_[m[K;
      |            [01;35m[K^~~~~~[m[K
[01m[K/home/robofei/ROS2/action/src/control/src/MotionManager.cpp:188:9:[m[K [01;31m[Kerror: [m[Kâ€˜[01m[Km_Offset[m[Kâ€™ was not declared in this scope
  188 |         [01;31m[Km_Offset[m[K[i] = 0;
      |         [01;31m[K^~~~~~~~[m[K
[01m[K/home/robofei/ROS2/action/src/control/src/MotionManager.cpp:194:1:[m[K [01;35m[Kwarning: [m[Kno return statement in function returning non-void [[01;35m[K-Wreturn-type[m[K]
  194 | [01;35m[K}[m[K
      | [01;35m[K^[m[K
[01m[K/home/robofei/ROS2/action/src/control/src/MotionManager.cpp:[m[K In function â€˜[01m[Kbool Initialize(bool)[m[Kâ€™:
[01m[K/home/robofei/ROS2/action/src/control/src/MotionManager.cpp:202:5:[m[K [01;31m[Kerror: [m[Kâ€˜[01m[Km_Enabled[m[Kâ€™ was not declared in this scope
  202 |     [01;31m[Km_Enabled[m[K = false;
      |     [01;31m[K^~~~~~~~~[m[K
[01m[K/home/robofei/ROS2/action/src/control/src/MotionManager.cpp:203:5:[m[K [01;31m[Kerror: [m[Kâ€˜[01m[Km_ProcessEnable[m[Kâ€™ was not declared in this scope
  203 |     [01;31m[Km_ProcessEnable[m[K = true;
      |     [01;31m[K^~~~~~~~~~~~~~~[m[K
[01m[K/home/robofei/ROS2/action/src/control/src/MotionManager.cpp:240:5:[m[K [01;31m[Kerror: [m[Kâ€˜[01m[Km_fadeIn[m[Kâ€™ was not declared in this scope; did you mean â€˜[01m[KfadeIn[m[Kâ€™?
  240 |     [01;31m[Km_fadeIn[m[K = fadeIn;
      |     [01;31m[K^~~~~~~~[m[K
      |     [32m[KfadeIn[m[K
[01m[K/home/robofei/ROS2/action/src/control/src/MotionManager.cpp:241:5:[m[K [01;31m[Kerror: [m[Kâ€˜[01m[Km_torque_count[m[Kâ€™ was not declared in this scope
  241 |     [01;31m[Km_torque_count[m[K = 0;
      |     [01;31m[K^~~~~~~~~~~~~~[m[K
[01m[K/home/robofei/ROS2/action/src/control/src/MotionManager.cpp:243:5:[m[K [01;31m[Kerror: [m[Kâ€˜[01m[Km_CalibrationStatus[m[Kâ€™ was not declared in this scope
  243 |     [01;31m[Km_CalibrationStatus[m[K = 0;
      |     [01;31m[K^~~~~~~~~~~~~~~~~~~[m[K
[01m[K/home/robofei/ROS2/action/src/control/src/MotionManager.cpp:244:5:[m[K [01;31m[Kerror: [m[Kâ€˜[01m[Km_FBGyroCenter[m[Kâ€™ was not declared in this scope
  244 |     [01;31m[Km_FBGyroCenter[m[K = 512;
      |     [01;31m[K^~~~~~~~~~~~~~[m[K
[01m[K/home/robofei/ROS2/action/src/control/src/MotionManager.cpp:245:5:[m[K [01;31m[Kerror: [m[Kâ€˜[01m[Km_RLGyroCenter[m[Kâ€™ was not declared in this scope
  245 |     [01;31m[Km_RLGyroCenter[m[K = 512;
      |     [01;31m[K^~~~~~~~~~~~~~[m[K
[01m[K/home/robofei/ROS2/action/src/control/src/MotionManager.cpp:198:9:[m[K [01;35m[Kwarning: [m[Kunused variable â€˜[01m[Kvalue[m[Kâ€™ [[01;35m[K-Wunused-variable[m[K]
  198 |     int [01;35m[Kvalue[m[K, error;
      |         [01;35m[K^~~~~[m[K
[01m[K/home/robofei/ROS2/action/src/control/src/MotionManager.cpp:198:16:[m[K [01;35m[Kwarning: [m[Kunused variable â€˜[01m[Kerror[m[Kâ€™ [[01;35m[K-Wunused-variable[m[K]
  198 |     int value, [01;35m[Kerror[m[K;
      |                [01;35m[K^~~~~[m[K
[01m[K/home/robofei/ROS2/action/src/control/src/MotionManager.cpp:[m[K In function â€˜[01m[Kbool Reinitialize()[m[Kâ€™:
[01m[K/home/robofei/ROS2/action/src/control/src/MotionManager.cpp:252:5:[m[K [01;31m[Kerror: [m[Kâ€˜[01m[Km_ProcessEnable[m[Kâ€™ was not declared in this scope
  252 |     [01;31m[Km_ProcessEnable[m[K = false;
      |     [01;31m[K^~~~~~~~~~~~~~~[m[K
[01m[K/home/robofei/ROS2/action/src/control/src/MotionManager.cpp:256:9:[m[K [01;35m[Kwarning: [m[Kunused variable â€˜[01m[Kvalue[m[Kâ€™ [[01;35m[K-Wunused-variable[m[K]
  256 |     int [01;35m[Kvalue[m[K, error;
      |         [01;35m[K^~~~~[m[K
[01m[K/home/robofei/ROS2/action/src/control/src/MotionManager.cpp:256:16:[m[K [01;35m[Kwarning: [m[Kunused variable â€˜[01m[Kerror[m[Kâ€™ [[01;35m[K-Wunused-variable[m[K]
  256 |     int value, [01;35m[Kerror[m[K;
      |                [01;35m[K^~~~~[m[K
[01m[K/home/robofei/ROS2/action/src/control/src/MotionManager.cpp:[m[K In function â€˜[01m[Kvoid Restartrobot()[m[Kâ€™:
[01m[K/home/robofei/ROS2/action/src/control/src/MotionManager.cpp:285:5:[m[K [01;31m[Kerror: [m[Kâ€˜[01m[Km_torque_count[m[Kâ€™ was not declared in this scope
  285 |     [01;31m[Km_torque_count[m[K=0;
      |     [01;31m[K^~~~~~~~~~~~~~[m[K
[01m[K/home/robofei/ROS2/action/src/control/src/MotionManager.cpp:[m[K In function â€˜[01m[Kvoid StartLogging()[m[Kâ€™:
[01m[K/home/robofei/ROS2/action/src/control/src/MotionManager.cpp:301:9:[m[K [01;31m[Kerror: [m[Kâ€˜[01m[Km_LogFileStream[m[Kâ€™ was not declared in this scope
  301 |         [01;31m[Km_LogFileStream[m[K.open(szFile, std::ios::out);
      |         [01;31m[K^~~~~~~~~~~~~~~[m[K
[01m[K/home/robofei/ROS2/action/src/control/src/MotionManager.cpp:302:18:[m[K [01;31m[Kerror: [m[Kâ€˜[01m[KJointData[m[Kâ€™ has not been declared
  302 |     for(int id = [01;31m[KJointData[m[K::ID_MIN; id <= JointData::ID_MAX-2; id++)//tirando a cabeÃ§a
      |                  [01;31m[K^~~~~~~~~[m[K
[01m[K/home/robofei/ROS2/action/src/control/src/MotionManager.cpp:302:43:[m[K [01;31m[Kerror: [m[Kâ€˜[01m[KJointData[m[Kâ€™ has not been declared
  302 |     for(int id = JointData::ID_MIN; id <= [01;31m[KJointData[m[K::ID_MAX-2; id++)//tirando a cabeÃ§a
      |                                           [01;31m[K^~~~~~~~~[m[K
[01m[K/home/robofei/ROS2/action/src/control/src/MotionManager.cpp:306:5:[m[K [01;31m[Kerror: [m[Kâ€˜[01m[Km_IsLogging[m[Kâ€™ was not declared in this scope
  306 |     [01;31m[Km_IsLogging[m[K = true;
      |     [01;31m[K^~~~~~~~~~~[m[K
[01m[K/home/robofei/ROS2/action/src/control/src/MotionManager.cpp:[m[K In function â€˜[01m[Kvoid StopLogging()[m[Kâ€™:
[01m[K/home/robofei/ROS2/action/src/control/src/MotionManager.cpp:311:5:[m[K [01;31m[Kerror: [m[Kâ€˜[01m[Km_IsLogging[m[Kâ€™ was not declared in this scope
  311 |     [01;31m[Km_IsLogging[m[K = false;
      |     [01;31m[K^~~~~~~~~~~[m[K
[01m[K/home/robofei/ROS2/action/src/control/src/MotionManager.cpp:312:5:[m[K [01;31m[Kerror: [m[Kâ€˜[01m[Km_LogFileStream[m[Kâ€™ was not declared in this scope
  312 |     [01;31m[Km_LogFileStream[m[K.close();
      |     [01;31m[K^~~~~~~~~~~~~~~[m[K
[01m[K/home/robofei/ROS2/action/src/control/src/MotionManager.cpp:[m[K In function â€˜[01m[Kvoid LoadINISettings(minIni*)[m[Kâ€™:
[01m[K/home/robofei/ROS2/action/src/control/src/MotionManager.cpp:317:40:[m[K [01;31m[Kerror: [m[Ktoo many arguments to function â€˜[01m[Kvoid LoadINISettings(minIni*)[m[Kâ€™
  317 |     LoadINISettings(ini, OFFSET_SECTION[01;31m[K)[m[K;
      |                                        [01;31m[K^[m[K
[01m[K/home/robofei/ROS2/action/src/control/src/MotionManager.cpp:315:6:[m[K [01;36m[Knote: [m[Kdeclared here
  315 | void [01;36m[KLoadINISettings[m[K(minIni* ini)
      |      [01;36m[K^~~~~~~~~~~~~~~[m[K
[01m[K/home/robofei/ROS2/action/src/control/src/MotionManager.cpp:[m[K In function â€˜[01m[Kvoid LoadINISettings(minIni*, const string&)[m[Kâ€™:
[01m[K/home/robofei/ROS2/action/src/control/src/MotionManager.cpp:323:17:[m[K [01;31m[Kerror: [m[Kâ€˜[01m[KJointData[m[Kâ€™ has not been declared
  323 |     for(int i = [01;31m[KJointData[m[K::ID_MIN; i <= JointData::ID_MAX-2; i++)//tirando a cabeÃ§a
      |                 [01;31m[K^~~~~~~~~[m[K
[01m[K/home/robofei/ROS2/action/src/control/src/MotionManager.cpp:323:41:[m[K [01;31m[Kerror: [m[Kâ€˜[01m[KJointData[m[Kâ€™ has not been declared
  323 |     for(int i = JointData::ID_MIN; i <= [01;31m[KJointData[m[K::ID_MAX-2; i++)//tirando a cabeÃ§a
      |                                         [01;31m[K^~~~~~~~~[m[K
[01m[K/home/robofei/ROS2/action/src/control/src/MotionManager.cpp:327:81:[m[K [01;31m[Kerror: [m[Kâ€˜[01m[Km_Offset[m[Kâ€™ was not declared in this scope
  327 | = ini->geti(section, key, INVALID_VALUE)) != INVALID_VALUE)  [01;31m[Km_Offset[m[K[i] = ivalue;
      |                                                              [01;31m[K^~~~~~~~[m[K

[01m[K/home/robofei/ROS2/action/src/control/src/MotionManager.cpp:329:9:[m[K [01;31m[Kerror: [m[Kâ€˜[01m[Km_angleEstimator[m[Kâ€™ was not declared in this scope; did you mean â€˜[01m[KAngleEstimator[m[Kâ€™?
  329 |         [01;31m[Km_angleEstimator[m[K.LoadINISettings(ini, section + "_angle");
      |         [01;31m[K^~~~~~~~~~~~~~~~[m[K
      |         [32m[KAngleEstimator[m[K
[01m[K/home/robofei/ROS2/action/src/control/src/MotionManager.cpp:[m[K In function â€˜[01m[Kvoid SaveINISettings(minIni*)[m[Kâ€™:
[01m[K/home/robofei/ROS2/action/src/control/src/MotionManager.cpp:333:40:[m[K [01;31m[Kerror: [m[Ktoo many arguments to function â€˜[01m[Kvoid SaveINISettings(minIni*)[m[Kâ€™
  333 |     SaveINISettings(ini, OFFSET_SECTION[01;31m[K)[m[K;
      |                                        [01;31m[K^[m[K
[01m[K/home/robofei/ROS2/action/src/control/src/MotionManager.cpp:331:6:[m[K [01;36m[Knote: [m[Kdeclared here
  331 | void [01;36m[KSaveINISettings[m[K(minIni* ini)
      |      [01;36m[K^~~~~~~~~~~~~~~[m[K
[01m[K/home/robofei/ROS2/action/src/control/src/MotionManager.cpp:[m[K In function â€˜[01m[Kvoid SaveINISettings(minIni*, const string&)[m[Kâ€™:
[01m[K/home/robofei/ROS2/action/src/control/src/MotionManager.cpp:337:17:[m[K [01;31m[Kerror: [m[Kâ€˜[01m[KJointData[m[Kâ€™ has not been declared
  337 |     for(int i = [01;31m[KJointData[m[K::ID_MIN; i <= JointData::ID_MAX-2; i++)//tirando a cabeÃ§a
      |                 [01;31m[K^~~~~~~~~[m[K
[01m[K/home/robofei/ROS2/action/src/control/src/MotionManager.cpp:337:41:[m[K [01;31m[Kerror: [m[Kâ€˜[01m[KJointData[m[Kâ€™ has not been declared
  337 |     for(int i = JointData::ID_MIN; i <= [01;31m[KJointData[m[K::ID_MAX-2; i++)//tirando a cabeÃ§a
      |                                         [01;31m[K^~~~~~~~~[m[K
[01m[K/home/robofei/ROS2/action/src/control/src/MotionManager.cpp:341:32:[m[K [01;31m[Kerror: [m[Kâ€˜[01m[Km_Offset[m[Kâ€™ was not declared in this scope
  341 |         ini->put(section, key, [01;31m[Km_Offset[m[K[i]);
      |                                [01;31m[K^~~~~~~~[m[K
[01m[K/home/robofei/ROS2/action/src/control/src/MotionManager.cpp:343:9:[m[K [01;31m[Kerror: [m[Kâ€˜[01m[Km_angleEstimator[m[Kâ€™ was not declared in this scope; did you mean â€˜[01m[KAngleEstimator[m[Kâ€™?
  343 |         [01;31m[Km_angleEstimator[m[K.SaveINISettings(ini, section + "_angle");
      |         [01;31m[K^~~~~~~~~~~~~~~~[m[K
      |         [32m[KAngleEstimator[m[K
[01m[K/home/robofei/ROS2/action/src/control/src/MotionManager.cpp:[m[K At global scope:
[01m[K/home/robofei/ROS2/action/src/control/src/MotionManager.cpp:355:16:[m[K [01;31m[Kerror: [m[Kvariable or field â€˜[01m[KAddModule[m[Kâ€™ declared void
  355 | void AddModule([01;31m[KMotionModule[m[K *module)
      |                [01;31m[K^~~~~~~~~~~~[m[K
[01m[K/home/robofei/ROS2/action/src/control/src/MotionManager.cpp:355:16:[m[K [01;31m[Kerror: [m[Kâ€˜[01m[KMotionModule[m[Kâ€™ was not declared in this scope; did you mean â€˜[01m[KRobot::MotionModule[m[Kâ€™?
  355 | void AddModule([01;31m[KMotionModule[m[K *module)
      |                [01;31m[K^~~~~~~~~~~~[m[K
      |                [32m[KRobot::MotionModule[m[K
In file included from [01m[K/home/robofei/ROS2/action/src/control/include/MotionManager.h:15[m[K,
                 from [01m[K/home/robofei/ROS2/action/src/control/src/MotionManager.cpp:27[m[K:
[01m[K/home/robofei/ROS2/action/src/control/include/MotionModule.h:15:8:[m[K [01;36m[Knote: [m[Kâ€˜[01m[KRobot::MotionModule[m[Kâ€™ declared here
   15 |  class [01;36m[KMotionModule[m[K
      |        [01;36m[K^~~~~~~~~~~~[m[K
[01m[K/home/robofei/ROS2/action/src/control/src/MotionManager.cpp:355:30:[m[K [01;31m[Kerror: [m[Kâ€˜[01m[Kmodule[m[Kâ€™ was not declared in this scope; did you mean â€˜[01m[Kmodfl[m[Kâ€™?
  355 | void AddModule(MotionModule *[01;31m[Kmodule[m[K)
      |                              [01;31m[K^~~~~~[m[K
      |                              [32m[Kmodfl[m[K
[01m[K/home/robofei/ROS2/action/src/control/src/MotionManager.cpp:363:19:[m[K [01;31m[Kerror: [m[Kvariable or field â€˜[01m[KRemoveModule[m[Kâ€™ declared void
  363 | void RemoveModule([01;31m[KMotionModule[m[K *module)
      |                   [01;31m[K^~~~~~~~~~~~[m[K
[01m[K/home/robofei/ROS2/action/src/control/src/MotionManager.cpp:363:19:[m[K [01;31m[Kerror: [m[Kâ€˜[01m[KMotionModule[m[Kâ€™ was not declared in this scope; did you mean â€˜[01m[KRobot::MotionModule[m[Kâ€™?
  363 | void RemoveModule([01;31m[KMotionModule[m[K *module)
      |                   [01;31m[K^~~~~~~~~~~~[m[K
      |                   [32m[KRobot::MotionModule[m[K
In file included from [01m[K/home/robofei/ROS2/action/src/control/include/MotionManager.h:15[m[K,
                 from [01m[K/home/robofei/ROS2/action/src/control/src/MotionManager.cpp:27[m[K:
[01m[K/home/robofei/ROS2/action/src/control/include/MotionModule.h:15:8:[m[K [01;36m[Knote: [m[Kâ€˜[01m[KRobot::MotionModule[m[Kâ€™ declared here
   15 |  class [01;36m[KMotionModule[m[K
      |        [01;36m[K^~~~~~~~~~~~[m[K
[01m[K/home/robofei/ROS2/action/src/control/src/MotionManager.cpp:363:33:[m[K [01;31m[Kerror: [m[Kâ€˜[01m[Kmodule[m[Kâ€™ was not declared in this scope; did you mean â€˜[01m[Kmodfl[m[Kâ€™?
  363 | void RemoveModule(MotionModule *[01;31m[Kmodule[m[K)
      |                                 [01;31m[K^~~~~~[m[K
      |                                 [32m[Kmodfl[m[K
[01m[K/home/robofei/ROS2/action/src/control/src/MotionManager.cpp:[m[K In function â€˜[01m[Kvoid SetJointDisable(int)[m[Kâ€™:
[01m[K/home/robofei/ROS2/action/src/control/src/MotionManager.cpp:370:8:[m[K [01;31m[Kerror: [m[Kâ€˜[01m[Km_Modules[m[Kâ€™ was not declared in this scope
  370 |     if([01;31m[Km_Modules[m[K.size() != 0)
      |        [01;31m[K^~~~~~~~~[m[K
[01m[K/home/robofei/ROS2/action/src/control/src/MotionManager.cpp:372:23:[m[K [01;31m[Kerror: [m[Kâ€˜[01m[KMotionModule[m[Kâ€™ was not declared in this scope; did you mean â€˜[01m[KRobot::MotionModule[m[Kâ€™?
  372 |         for(std::list<[01;31m[KMotionModule[m[K*>::iterator i = m_Modules.begin(); i != m_Modules.end(); i++)
      |                       [01;31m[K^~~~~~~~~~~~[m[K
      |                       [32m[KRobot::MotionModule[m[K
In file included from [01m[K/home/robofei/ROS2/action/src/control/include/MotionManager.h:15[m[K,
                 from [01m[K/home/robofei/ROS2/action/src/control/src/MotionManager.cpp:27[m[K:
[01m[K/home/robofei/ROS2/action/src/control/include/MotionModule.h:15:8:[m[K [01;36m[Knote: [m[Kâ€˜[01m[KRobot::MotionModule[m[Kâ€™ declared here
   15 |  class [01;36m[KMotionModule[m[K
      |        [01;36m[K^~~~~~~~~~~~[m[K
[01m[K/home/robofei/ROS2/action/src/control/src/MotionManager.cpp:372:36:[m[K [01;31m[Kerror: [m[Ktemplate argument 1 is invalid
  372 |         for(std::list<MotionModule*[01;31m[K>[m[K::iterator i = m_Modules.begin(); i != m_Modules.end(); i++)
      |                                    [01;31m[K^[m[K
[01m[K/home/robofei/ROS2/action/src/control/src/MotionManager.cpp:372:36:[m[K [01;31m[Kerror: [m[Ktemplate argument 2 is invalid
[01m[K/home/robofei/ROS2/action/src/control/src/MotionManager.cpp:372:48:[m[K [01;31m[Kerror: [m[Kqualified-id in declaration before â€˜[01m[Ki[m[Kâ€™
  372 |         for(std::list<MotionModule*>::iterator [01;31m[Ki[m[K = m_Modules.begin(); i != m_Modules.end(); i++)
      |                                                [01;31m[K^[m[K
[01m[K/home/robofei/ROS2/action/src/control/src/MotionManager.cpp:372:47:[m[K [01;31m[Kerror: [m[Kexpected â€˜[01m[K;[m[Kâ€™ before â€˜[01m[Ki[m[Kâ€™
  372 |         for(std::list<MotionModule*>::iterator[01;31m[K [m[K[32m[Ki[m[K = m_Modules.begin(); i != m_Modules.end(); i++)
      |                                               [01;31m[K^[m[K[32m[K~[m[K
      |                                               [32m[K;[m[K
[01m[K/home/robofei/ROS2/action/src/control/src/MotionManager.cpp:372:48:[m[K [01;31m[Kerror: [m[Kâ€˜[01m[Ki[m[Kâ€™ was not declared in this scope
  372 |         for(std::list<MotionModule*>::iterator [01;31m[Ki[m[K = m_Modules.begin(); i != m_Modules.end(); i++)
      |                                                [01;31m[K^[m[K
[01m[K/home/robofei/ROS2/action/src/control/src/MotionManager.cpp:372:91:[m[K [01;31m[Kerror: [m[Kexpected â€˜[01m[K)[m[Kâ€™ before â€˜[01m[K;[m[Kâ€™ token
  372 | odule*>::iterator i = m_Modules.begin(); i != m_Modules.end()[01;31m[K;[m[K i++)
      |                                                              [01;31m[K^[m[K
      |                                                              [32m[K)[m[K
[01m[K/home/robofei/ROS2/action/src/control/src/MotionManager.cpp:372:9:[m[K [01;35m[Kwarning: [m[Kthis â€˜[01m[Kfor[m[Kâ€™ clause does not guard... [[01;35m[K-Wmisleading-indentation[m[K]
  372 |         [01;35m[Kfor[m[K(std::list<MotionModule*>::iterator i = m_Modules.begin(); i != m_Modules.end(); i++)
      |         [01;35m[K^~~[m[K
[01m[K/home/robofei/ROS2/action/src/control/src/MotionManager.cpp:372:93:[m[K [01;36m[Knote: [m[K...this statement, but the latter is misleadingly indented as if it were guarded by the â€˜[01m[Kfor[m[Kâ€™
  372 | ule*>::iterator i = m_Modules.begin(); i != m_Modules.end(); [01;36m[Ki[m[K++)
      |                                                              [01;36m[K^[m[K

[01m[K/home/robofei/ROS2/action/src/control/src/MotionManager.cpp:372:93:[m[K [01;31m[Kerror: [m[Kâ€˜[01m[Ki[m[Kâ€™ was not declared in this scope
[01m[K/home/robofei/ROS2/action/src/control/src/MotionManager.cpp:368:26:[m[K [01;35m[Kwarning: [m[Kunused parameter â€˜[01m[Kindex[m[Kâ€™ [[01;35m[K-Wunused-parameter[m[K]
  368 | void SetJointDisable([01;35m[Kint index[m[K)
      |                      [01;35m[K~~~~^~~~~[m[K
[01m[K/home/robofei/ROS2/action/src/control/src/MotionManager.cpp:[m[K In function â€˜[01m[Kint main(int, char**)[m[Kâ€™:
[01m[K/home/robofei/ROS2/action/src/control/src/MotionManager.cpp:467:57:[m[K [01;31m[Kerror: [m[Kno matching function for call to â€˜[01m[Kmake_shared<MotionManager>()[m[Kâ€™
  467 |   auto motion_manager = std::make_shared<MotionManager>([01;31m[K)[m[K;
      |                                                         [01;31m[K^[m[K
In file included from [01m[K/usr/include/c++/9/memory:81[m[K,
                 from [01m[K/home/robofei/ROS2/action/src/control/src/MotionManager.cpp:15[m[K:
[01m[K/usr/include/c++/9/bits/shared_ptr.h:714:5:[m[K [01;36m[Knote: [m[Kcandidate: â€˜[01m[Ktemplate<class _Tp, class ... _Args> std::shared_ptr<_Tp> std::make_shared(_Args&& ...)[m[Kâ€™
  714 |     [01;36m[Kmake_shared[m[K(_Args&&... __args)
      |     [01;36m[K^~~~~~~~~~~[m[K
[01m[K/usr/include/c++/9/bits/shared_ptr.h:714:5:[m[K [01;36m[Knote: [m[K  template argument deduction/substitution failed:
make[2]: *** [CMakeFiles/motion.dir/build.make:63: CMakeFiles/motion.dir/src/MotionManager.cpp.o] Error 1
make[1]: *** [CMakeFiles/Makefile2:80: CMakeFiles/motion.dir/all] Error 2
make[1]: *** Waiting for unfinished jobs....
make[2]: *** [CMakeFiles/control.dir/build.make:63: CMakeFiles/control.dir/src/control.cpp.o] Error 1
make[1]: *** [CMakeFiles/Makefile2:107: CMakeFiles/control.dir/all] Error 2
make: *** [Makefile:141: all] Error 2
