[01m[K/home/robofei/ROS2/action/src/control/src/dec.cpp:34:59:[m[K [01;31m[Kerror: [m[Kâ€˜[01m[KDecision[m[Kâ€™ is not a member of â€˜[01m[Kdynamixel_sdk_custom_interfaces::msg[m[Kâ€™; did you mean â€˜[01m[KDecision[m[Kâ€™?
   34 |   rclcpp::Publisher<dynamixel_sdk_custom_interfaces::msg::[01;31m[KDecision[m[K>::SharedPtr publisher_;
      |                                                           [01;31m[K^~~~~~~~[m[K
[01m[K/home/robofei/ROS2/action/src/control/src/dec.cpp:13:7:[m[K [01;36m[Knote: [m[Kâ€˜[01m[KDecision[m[Kâ€™ declared here
   13 | class [01;36m[KDecision[m[K : public rclcpp::Node
      |       [01;36m[K^~~~~~~~[m[K
[01m[K/home/robofei/ROS2/action/src/control/src/dec.cpp:34:59:[m[K [01;31m[Kerror: [m[Kâ€˜[01m[KDecision[m[Kâ€™ is not a member of â€˜[01m[Kdynamixel_sdk_custom_interfaces::msg[m[Kâ€™; did you mean â€˜[01m[KDecision[m[Kâ€™?
   34 |   rclcpp::Publisher<dynamixel_sdk_custom_interfaces::msg::[01;31m[KDecision[m[K>::SharedPtr publisher_;
      |                                                           [01;31m[K^~~~~~~~[m[K
[01m[K/home/robofei/ROS2/action/src/control/src/dec.cpp:13:7:[m[K [01;36m[Knote: [m[Kâ€˜[01m[KDecision[m[Kâ€™ declared here
   13 | class [01;36m[KDecision[m[K : public rclcpp::Node
      |       [01;36m[K^~~~~~~~[m[K
[01m[K/home/robofei/ROS2/action/src/control/src/dec.cpp:34:67:[m[K [01;31m[Kerror: [m[Ktemplate argument 1 is invalid
   34 | cpp::Publisher<dynamixel_sdk_custom_interfaces::msg::Decision[01;31m[K>[m[K::SharedPtr publisher_;
      |                                                              [01;31m[K^[m[K

[01m[K/home/robofei/ROS2/action/src/control/src/dec.cpp:34:70:[m[K [01;31m[Kerror: [m[Kexpected â€˜[01m[K;[m[Kâ€™ at end of member declaration
   34 | ::Publisher<dynamixel_sdk_custom_interfaces::msg::Decision>::[01;31m[KSharedPtr[m[K publisher_;
      |                                                              [01;31m[K^~~~~~~~~[m[K
      |                                                                       [32m[K;[m[K
[01m[K/home/robofei/ROS2/action/src/control/src/dec.cpp:34:80:[m[K [01;31m[Kerror: [m[Kâ€˜[01m[Kpublisher_[m[Kâ€™ does not name a type; did you mean â€˜[01m[Krcl_publisher_t[m[Kâ€™?
   34 | her<dynamixel_sdk_custom_interfaces::msg::Decision>::SharedPtr [01;31m[Kpublisher_[m[K;
      |                                                                [01;31m[K^~~~~~~~~~[m[K
      |                                                                [32m[Krcl_publisher_t[m[K
[01m[K/home/robofei/ROS2/action/src/control/src/dec.cpp:[m[K In constructor â€˜[01m[KDecision::Decision()[m[Kâ€™:
[01m[K/home/robofei/ROS2/action/src/control/src/dec.cpp:20:5:[m[K [01;31m[Kerror: [m[Kâ€˜[01m[Kpublisher_[m[Kâ€™ was not declared in this scope; did you mean â€˜[01m[Krcl_publisher_t[m[Kâ€™?
   20 |     [01;31m[Kpublisher_[m[K = this->create_publisher<dynamixel_sdk_custom_interfaces::msg::Decision>("/decision", 10);
      |     [01;31m[K^~~~~~~~~~[m[K
      |     [32m[Krcl_publisher_t[m[K
[01m[K/home/robofei/ROS2/action/src/control/src/dec.cpp:20:79:[m[K [01;31m[Kerror: [m[Kâ€˜[01m[KDecision[m[Kâ€™ is not a member of â€˜[01m[Kdynamixel_sdk_custom_interfaces::msg[m[Kâ€™; did you mean â€˜[01m[KDecision[m[Kâ€™?
   20 | this->create_publisher<dynamixel_sdk_custom_interfaces::msg::[01;31m[KDecision[m[K>("/decision", 10);
      |                                                              [01;31m[K^~~~~~~~[m[K

[01m[K/home/robofei/ROS2/action/src/control/src/dec.cpp:13:7:[m[K [01;36m[Knote: [m[Kâ€˜[01m[KDecision[m[Kâ€™ declared here
   13 | class [01;36m[KDecision[m[K : public rclcpp::Node
      |       [01;36m[K^~~~~~~~[m[K
[01m[K/home/robofei/ROS2/action/src/control/src/dec.cpp:20:79:[m[K [01;31m[Kerror: [m[Kâ€˜[01m[KDecision[m[Kâ€™ is not a member of â€˜[01m[Kdynamixel_sdk_custom_interfaces::msg[m[Kâ€™; did you mean â€˜[01m[KDecision[m[Kâ€™?
   20 | this->create_publisher<dynamixel_sdk_custom_interfaces::msg::[01;31m[KDecision[m[K>("/decision", 10);
      |                                                              [01;31m[K^~~~~~~~[m[K

[01m[K/home/robofei/ROS2/action/src/control/src/dec.cpp:13:7:[m[K [01;36m[Knote: [m[Kâ€˜[01m[KDecision[m[Kâ€™ declared here
   13 | class [01;36m[KDecision[m[K : public rclcpp::Node
      |       [01;36m[K^~~~~~~~[m[K
[01m[K/home/robofei/ROS2/action/src/control/src/dec.cpp:20:104:[m[K [01;31m[Kerror: [m[Kno matching function for call to â€˜[01m[KDecision::create_publisher<<expression error> >(const char [10], int)[m[Kâ€™
   20 | namixel_sdk_custom_interfaces::msg::Decision>("/decision", 10[01;31m[K)[m[K;
      |                                                              [01;31m[K^[m[K

In file included from [01m[K/opt/ros/foxy/include/rclcpp/executors/single_threaded_executor.hpp:28[m[K,
                 from [01m[K/opt/ros/foxy/include/rclcpp/executors.hpp:22[m[K,
                 from [01m[K/opt/ros/foxy/include/rclcpp/rclcpp.hpp:146[m[K,
                 from [01m[K/home/robofei/ROS2/action/src/control/src/dec.cpp:8[m[K:
[01m[K/opt/ros/foxy/include/rclcpp/node.hpp:184:3:[m[K [01;36m[Knote: [m[Kcandidate: â€˜[01m[Ktemplate<class MessageT, class AllocatorT, class PublisherT> std::shared_ptr<PublisherT> rclcpp::Node::create_publisher(const string&, const rclcpp::QoS&, const rclcpp::PublisherOptionsWithAllocator<AllocatorT>&)[m[Kâ€™
  184 |   [01;36m[Kcreate_publisher[m[K(
      |   [01;36m[K^~~~~~~~~~~~~~~~[m[K
[01m[K/opt/ros/foxy/include/rclcpp/node.hpp:184:3:[m[K [01;36m[Knote: [m[K  template argument deduction/substitution failed:
[01m[K/home/robofei/ROS2/action/src/control/src/dec.cpp:20:104:[m[K [01;31m[Kerror: [m[Ktemplate argument 1 is invalid
   20 | namixel_sdk_custom_interfaces::msg::Decision>("/decision", 10[01;31m[K)[m[K;
      |                                                              [01;31m[K^[m[K

[01m[K/home/robofei/ROS2/action/src/control/src/dec.cpp:22:25:[m[K [01;31m[Kerror: [m[Kâ€˜[01m[KMinimalPublisher[m[Kâ€™ has not been declared
   22 |       500ms, std::bind(&[01;31m[KMinimalPublisher[m[K::timer_callback, this));
      |                         [01;31m[K^~~~~~~~~~~~~~~~[m[K
[01m[K/home/robofei/ROS2/action/src/control/src/dec.cpp:[m[K In member function â€˜[01m[Kvoid Decision::timer_callback()[m[Kâ€™:
[01m[K/home/robofei/ROS2/action/src/control/src/dec.cpp:28:58:[m[K [01;31m[Kerror: [m[Kâ€˜[01m[KDecision[m[Kâ€™ is not a member of â€˜[01m[Kdynamixel_sdk_custom_interfaces::msg[m[Kâ€™; did you mean â€˜[01m[KDecision[m[Kâ€™?
   28 |     auto message = dynamixel_sdk_custom_interfaces::msg::[01;31m[KDecision[m[K();
      |                                                          [01;31m[K^~~~~~~~[m[K
[01m[K/home/robofei/ROS2/action/src/control/src/dec.cpp:13:7:[m[K [01;36m[Knote: [m[Kâ€˜[01m[KDecision[m[Kâ€™ declared here
   13 | class [01;36m[KDecision[m[K : public rclcpp::Node
      |       [01;36m[K^~~~~~~~[m[K
[01m[K/home/robofei/ROS2/action/src/control/src/dec.cpp:30:7:[m[K [01;31m[Kerror: [m[Kâ€˜[01m[Kpublisher_[m[Kâ€™ was not declared in this scope; did you mean â€˜[01m[Krcl_publisher_t[m[Kâ€™?
   30 |       [01;31m[Kpublisher_[m[K->publish(message);
      |       [01;31m[K^~~~~~~~~~[m[K
      |       [32m[Krcl_publisher_t[m[K
make[2]: *** [CMakeFiles/decision.dir/build.make:63: CMakeFiles/decision.dir/src/dec.cpp.o] Error 1
make[1]: *** [CMakeFiles/Makefile2:80: CMakeFiles/decision.dir/all] Error 2
make: *** [Makefile:141: all] Error 2
