[0.008s] Invoking command in '/home/robo/ROS2/walk_test/build/control': CMAKE_PREFIX_PATH=/home/robo/ROS2/walk_test/install/dynamixel_sdk_custom_interfaces:/home/robo/ROS2/walk_test/install/control:/opt/ros/foxy LD_LIBRARY_PATH=/home/robo/ROS2/walk_test/install/dynamixel_sdk_custom_interfaces/lib:/home/robo/ROS2/walk_test/install/control/lib:/opt/ros/foxy/opt/yaml_cpp_vendor/lib:/opt/ros/foxy/opt/rviz_ogre_vendor/lib:/opt/ros/foxy/lib/x86_64-linux-gnu:/opt/ros/foxy/lib /usr/bin/cmake --build /home/robo/ROS2/walk_test/build/control -- -j12 -l12
[0.041s] [35m[1mScanning dependencies of target motion[0m
[0.053s] [ 19%] Built target decision
[0.053s] [ 19%] Built target gait_publisher
[0.054s] [ 28%] Built target control
[0.066s] [ 33%] [32mBuilding CXX object CMakeFiles/motion.dir/src/motion/MotionManager.cpp.o[0m
[1.008s] In file included from [01m[K/home/robo/ROS2/walk_test/src/control/src/motion/MotionManager.cpp:25[m[K:
[1.008s] [01m[K/home/robo/ROS2/walk_test/src/control/include/MotionManager.h:[m[K In constructor â€˜[01m[KRobot::MotionManager::MotionManager(const rclcpp::NodeOptions&)[m[Kâ€™:
[1.008s] [01m[K/home/robo/ROS2/walk_test/src/control/include/MotionManager.h:86:8:[m[K [01;35m[Kwarning: [m[Kâ€˜[01m[KRobot::MotionManager::DEBUG_PRINT[m[Kâ€™ will be initialized after [[01;35m[K-Wreorder[m[K]
[1.008s]    86 |   bool [01;35m[KDEBUG_PRINT[m[K;
[1.008s]       |        [01;35m[K^~~~~~~~~~~[m[K
[1.008s] [01m[K/home/robo/ROS2/walk_test/src/control/src/motion/MotionManager.cpp:64:41:[m[K [01;35m[Kwarning: [m[K  base â€˜[01m[Krclcpp::Node[m[Kâ€™ [[01;35m[K-Wreorder[m[K]
[1.008s]    64 |   rclcpp::Node("gait_publisher", options[01;35m[K)[m[K
[1.009s]       |                                         [01;35m[K^[m[K
[1.009s] [01m[K/home/robo/ROS2/walk_test/src/control/src/motion/MotionManager.cpp:56:1:[m[K [01;35m[Kwarning: [m[K  when initialized here [[01;35m[K-Wreorder[m[K]
[1.009s]    56 | [01;35m[KMotionManager[m[K::MotionManager(const rclcpp::NodeOptions & options) :
[1.009s]       | [01;35m[K^~~~~~~~~~~~~[m[K
[1.029s] [01m[K/home/robo/ROS2/walk_test/src/control/src/motion/MotionManager.cpp:[m[K In member function â€˜[01m[Kvoid Robot::MotionManager::topic_callback(std::shared_ptr<sensor_msgs::msg::Imu_<std::allocator<void> > >) const[m[Kâ€™:
[1.029s] [01m[K/home/robo/ROS2/walk_test/src/control/src/motion/MotionManager.cpp:94:15:[m[K [01;35m[Kwarning: [m[Kunused variable â€˜[01m[KIMU_GYRO_X[m[Kâ€™ [[01;35m[K-Wunused-variable[m[K]
[1.029s]    94 |         float [01;35m[KIMU_GYRO_X[m[K = -imu_msg_->angular_velocity.x/10;
[1.029s]       |               [01;35m[K^~~~~~~~~~[m[K
[1.029s] [01m[K/home/robo/ROS2/walk_test/src/control/src/motion/MotionManager.cpp:95:15:[m[K [01;35m[Kwarning: [m[Kunused variable â€˜[01m[KIMU_GYRO_Y[m[Kâ€™ [[01;35m[K-Wunused-variable[m[K]
[1.029s]    95 |         float [01;35m[KIMU_GYRO_Y[m[K  = -imu_msg_->angular_velocity.y/10;
[1.030s]       |               [01;35m[K^~~~~~~~~~[m[K
[1.031s] [01m[K/home/robo/ROS2/walk_test/src/control/src/motion/MotionManager.cpp:[m[K In member function â€˜[01m[Kvoid Robot::MotionManager::topic_callback_walk(std::shared_ptr<dynamixel_sdk_custom_interfaces::msg::Walk_<std::allocator<void> > >) const[m[Kâ€™:
[1.031s] [01m[K/home/robo/ROS2/walk_test/src/control/src/motion/MotionManager.cpp:111:17:[m[K [01;35m[Kwarning: [m[Kstatement has no effect [[01;35m[K-Wunused-value[m[K]
[1.031s]   111 |     [01;35m[Kkeep_walking==true[m[K;
[1.031s]       |     [01;35m[K~~~~~~~~~~~~^~~~~~[m[K
[1.031s] [01m[K/home/robo/ROS2/walk_test/src/control/src/motion/MotionManager.cpp:119:17:[m[K [01;35m[Kwarning: [m[Kstatement has no effect [[01;35m[K-Wunused-value[m[K]
[1.031s]   119 |     [01;35m[Kkeep_walking==false[m[K;
[1.031s]       |     [01;35m[K~~~~~~~~~~~~^~~~~~~[m[K
[1.038s] [01m[K/home/robo/ROS2/walk_test/src/control/src/motion/MotionManager.cpp:[m[K In lambda function:
[1.038s] [01m[K/home/robo/ROS2/walk_test/src/control/src/motion/MotionManager.cpp:162:3:[m[K [01;31m[Kerror: [m[Kâ€˜[01m[Kposition[m[Kâ€™ was not declared in this scope
[1.038s]   162 |   [01;31m[Kposition[m[K = result->position;
[1.038s]       |   [01;31m[K^~~~~~~~[m[K
[1.041s] [01m[K/home/robo/ROS2/walk_test/src/control/src/motion/MotionManager.cpp:[m[K In member function â€˜[01m[Kbool Robot::MotionManager::Initialize(bool)[m[Kâ€™:
[1.041s] [01m[K/home/robo/ROS2/walk_test/src/control/src/motion/MotionManager.cpp:169:46:[m[K [01;31m[Kerror: [m[Kâ€˜[01m[Kresult[m[Kâ€™ was not declared in this scope
[1.041s]   169 |   MotionStatus::m_CurrentJoints.SetValue(id, [01;31m[Kresult[m[K.get()->position);
[1.041s]       |                                              [01;31m[K^~~~~~[m[K
[1.041s] [01m[K/home/robo/ROS2/walk_test/src/control/src/motion/MotionManager.cpp:127:6:[m[K [01;35m[Kwarning: [m[Kunused variable â€˜[01m[Kvalue[m[Kâ€™ [[01;35m[K-Wunused-variable[m[K]
[1.041s]   127 |  int [01;35m[Kvalue[m[K, error;
[1.041s]       |      [01;35m[K^~~~~[m[K
[1.041s] [01m[K/home/robo/ROS2/walk_test/src/control/src/motion/MotionManager.cpp:127:13:[m[K [01;35m[Kwarning: [m[Kunused variable â€˜[01m[Kerror[m[Kâ€™ [[01;35m[K-Wunused-variable[m[K]
[1.041s]   127 |  int value, [01;35m[Kerror[m[K;
[1.041s]       |             [01;35m[K^~~~~[m[K
[1.041s] [01m[K/home/robo/ROS2/walk_test/src/control/src/motion/MotionManager.cpp:[m[K In member function â€˜[01m[Kbool Robot::MotionManager::Reinitialize()[m[Kâ€™:
[1.041s] [01m[K/home/robo/ROS2/walk_test/src/control/src/motion/MotionManager.cpp:212:6:[m[K [01;35m[Kwarning: [m[Kunused variable â€˜[01m[Kvalue[m[Kâ€™ [[01;35m[K-Wunused-variable[m[K]
[1.041s]   212 |  int [01;35m[Kvalue[m[K, error;
[1.041s]       |      [01;35m[K^~~~~[m[K
[1.041s] [01m[K/home/robo/ROS2/walk_test/src/control/src/motion/MotionManager.cpp:212:13:[m[K [01;35m[Kwarning: [m[Kunused variable â€˜[01m[Kerror[m[Kâ€™ [[01;35m[K-Wunused-variable[m[K]
[1.042s]   212 |  int value, [01;35m[Kerror[m[K;
[1.042s]       |             [01;35m[K^~~~~[m[K
[1.051s] [01m[K/home/robo/ROS2/walk_test/src/control/src/motion/MotionManager.cpp:[m[K In member function â€˜[01m[Kvoid Robot::MotionManager::Process()[m[Kâ€™:
[1.051s] [01m[K/home/robo/ROS2/walk_test/src/control/src/motion/MotionManager.cpp:367:18:[m[K [01;35m[Kwarning: [m[Kstatement has no effect [[01;35m[K-Wunused-value[m[K]
[1.051s]   367 |  [01;35m[Km_ProcessEnable == true[m[K; // TIRAR DEPOIS
[1.051s]       |  [01;35m[K~~~~~~~~~~~~~~~~^~~~~~~[m[K
[1.051s] [01m[K/home/robo/ROS2/walk_test/src/control/src/motion/MotionManager.cpp:368:14:[m[K [01;35m[Kwarning: [m[Kstatement has no effect [[01;35m[K-Wunused-value[m[K]
[1.051s]   368 |  [01;35m[Km_IsRunning == false[m[K; // TIRAR DEPOIS
[1.051s]       |  [01;35m[K~~~~~~~~~~~~^~~~~~~~[m[K
[1.058s] [01m[K/home/robo/ROS2/walk_test/src/control/src/motion/MotionManager.cpp:410:7:[m[K [01;35m[Kwarning: [m[Kunused variable â€˜[01m[Kjoint_num[m[Kâ€™ [[01;35m[K-Wunused-variable[m[K]
[1.058s]   410 |   int [01;35m[Kjoint_num[m[K = 0;
[1.058s]       |       [01;35m[K^~~~~~~~~[m[K
[2.996s] make[2]: *** [CMakeFiles/motion.dir/build.make:63: CMakeFiles/motion.dir/src/motion/MotionManager.cpp.o] Error 1
[2.996s] make[1]: *** [CMakeFiles/Makefile2:165: CMakeFiles/motion.dir/all] Error 2
[2.997s] make: *** [Makefile:141: all] Error 2
[2.998s] Invoked command in '/home/robo/ROS2/walk_test/build/control' returned '2': CMAKE_PREFIX_PATH=/home/robo/ROS2/walk_test/install/dynamixel_sdk_custom_interfaces:/home/robo/ROS2/walk_test/install/control:/opt/ros/foxy LD_LIBRARY_PATH=/home/robo/ROS2/walk_test/install/dynamixel_sdk_custom_interfaces/lib:/home/robo/ROS2/walk_test/install/control/lib:/opt/ros/foxy/opt/yaml_cpp_vendor/lib:/opt/ros/foxy/opt/rviz_ogre_vendor/lib:/opt/ros/foxy/lib/x86_64-linux-gnu:/opt/ros/foxy/lib /usr/bin/cmake --build /home/robo/ROS2/walk_test/build/control -- -j12 -l12
