In file included from [01m[K/home/robofei/ROS2/action/src/dynamixel_sdk_examples/include/cmd_process.h:5[m[K,
                 from [01m[K/home/robofei/ROS2/action/src/dynamixel_sdk_examples/src/cmd_process.cpp:14[m[K:
[01m[K/home/robofei/ROS2/action/src/dynamixel_sdk_examples/include/LinuxDARwIn.h:11:10:[m[K [01;31m[Kfatal error: [m[KDARwIn.h: No such file or directory
   11 | #include [01;31m[K"DARwIn.h"[m[K
      |          [01;31m[K^~~~~~~~~~[m[K
compilation terminated.
make[2]: *** [CMakeFiles/cmd_node.dir/build.make:63: CMakeFiles/cmd_node.dir/src/cmd_process.cpp.o] Error 1
make[1]: *** [CMakeFiles/Makefile2:78: CMakeFiles/cmd_node.dir/all] Error 2
make: *** [Makefile:141: all] Error 2
