[0.008s] Invoking command in '/home/robofei/ROS2/action/build/control': AMENT_PREFIX_PATH=/home/robofei/ROS2/action/install/dynamixel_sdk_custom_interfaces:${AMENT_PREFIX_PATH} CMAKE_PREFIX_PATH=/home/robofei/ROS2/action/install/dynamixel_sdk_custom_interfaces:/opt/ros/galactic LD_LIBRARY_PATH=/home/robofei/ROS2/action/install/dynamixel_sdk_custom_interfaces/lib:${LD_LIBRARY_PATH} LESS= -R -X -F PYTHONPATH=/home/robofei/ROS2/action/install/dynamixel_sdk_custom_interfaces/lib/python3.8/site-packages:${PYTHONPATH} /usr/bin/cmake --build /home/robofei/ROS2/action/build/control -- -j12 -l12
[0.038s] [35m[1mScanning dependencies of target control[0m
[0.049s] [ 50%] Built target decision
[0.062s] [ 75%] [32mBuilding CXX object CMakeFiles/control.dir/src/control.cpp.o[0m
[0.109s] In file included from [01m[K/home/robofei/ROS2/action/src/control/src/control.cpp:16[m[K:
[0.110s] [01m[K/home/robofei/ROS2/action/src/control/include/MotionManager.h:16:10:[m[K [01;31m[Kfatal error: [m[KCM730.h: No such file or directory
[0.110s]    16 | #include [01;31m[K"CM730.h"[m[K
[0.110s]       |          [01;31m[K^~~~~~~~~[m[K
[0.110s] compilation terminated.
[0.113s] make[2]: *** [CMakeFiles/control.dir/build.make:63: CMakeFiles/control.dir/src/control.cpp.o] Error 1
[0.113s] make[1]: *** [CMakeFiles/Makefile2:107: CMakeFiles/control.dir/all] Error 2
[0.113s] make: *** [Makefile:141: all] Error 2
[0.117s] Invoked command in '/home/robofei/ROS2/action/build/control' returned '2': AMENT_PREFIX_PATH=/home/robofei/ROS2/action/install/dynamixel_sdk_custom_interfaces:${AMENT_PREFIX_PATH} CMAKE_PREFIX_PATH=/home/robofei/ROS2/action/install/dynamixel_sdk_custom_interfaces:/opt/ros/galactic LD_LIBRARY_PATH=/home/robofei/ROS2/action/install/dynamixel_sdk_custom_interfaces/lib:${LD_LIBRARY_PATH} LESS= -R -X -F PYTHONPATH=/home/robofei/ROS2/action/install/dynamixel_sdk_custom_interfaces/lib/python3.8/site-packages:${PYTHONPATH} /usr/bin/cmake --build /home/robofei/ROS2/action/build/control -- -j12 -l12
