[01m[K/home/robofei/ROS2/action/src/control/src/control.cpp:[m[K In constructor â€˜[01m[KControl::Control()[m[Kâ€™:
[01m[K/home/robofei/ROS2/action/src/control/src/control.cpp:24:35:[m[K [01;31m[Kerror: [m[Kâ€˜[01m[KMinimalPublisher[m[Kâ€™ has not been declared
   24 |       "/decision", 10, std::bind(&[01;31m[KMinimalPublisher[m[K::topic_callback, this, _1));
      |                                   [01;31m[K^~~~~~~~~~~~~~~~[m[K
[01m[K/home/robofei/ROS2/action/src/control/src/control.cpp:28:25:[m[K [01;31m[Kerror: [m[Kâ€˜[01m[KMinimalPublisher[m[Kâ€™ has not been declared
   28 |       500ms, std::bind(&[01;31m[KMinimalPublisher[m[K::timer_callback_goodbye, this));
      |                         [01;31m[K^~~~~~~~~~~~~~~~[m[K
[01m[K/home/robofei/ROS2/action/src/control/src/control.cpp:32:25:[m[K [01;31m[Kerror: [m[Kâ€˜[01m[KMinimalPublisher[m[Kâ€™ has not been declared
   32 |       500ms, std::bind(&[01;31m[KMinimalPublisher[m[K::timer_callback_stop, this));
      |                         [01;31m[K^~~~~~~~~~~~~~~~[m[K
[01m[K/home/robofei/ROS2/action/src/control/src/control.cpp:[m[K In member function â€˜[01m[Kvoid Control::timer_callback_goodbye()[m[Kâ€™:
[01m[K/home/robofei/ROS2/action/src/control/src/control.cpp:67:12:[m[K [01;35m[Kwarning: [m[Kunused variable â€˜[01m[Kcount_[m[Kâ€™ [[01;35m[K-Wunused-variable[m[K]
   67 |     size_t [01;35m[Kcount_[m[K;
      |            [01;35m[K^~~~~~[m[K
make[2]: *** [CMakeFiles/control.dir/build.make:63: CMakeFiles/control.dir/src/control.cpp.o] Error 1
make[1]: *** [CMakeFiles/Makefile2:78: CMakeFiles/control.dir/all] Error 2
make: *** [Makefile:141: all] Error 2
