[01m[K/home/robofei/Desktop/ROS2/walk_test/src/control/src/motion/modules/Walking.cpp:[m[K In member function â€˜[01m[Kvoid Robot::Walking::Start()[m[Kâ€™:
[01m[K/home/robofei/Desktop/ROS2/walk_test/src/control/src/motion/modules/Walking.cpp:369:31:[m[K [01;31m[Kerror: [m[Kexpected â€˜[01m[K;[m[Kâ€™ before â€˜[01m[K}[m[Kâ€™ token
  369 |     printf("WALKING START \n")
      |                               [01;31m[K^[m[K
      |                               [32m[K;[m[K
  370 | [32m[K}[m[K
      | [32m[K~[m[K                              
make[2]: *** [CMakeFiles/motion.dir/build.make:76: CMakeFiles/motion.dir/src/motion/modules/Walking.cpp.o] Error 1
make[1]: *** [CMakeFiles/Makefile2:165: CMakeFiles/motion.dir/all] Error 2
make: *** [Makefile:141: all] Error 2
