[01m[K/home/robofei/ROS2/robotis_ws/src/dynamixel_sdk_examples/src/read_write_node.cpp:[m[K In function â€˜[01m[Kvoid setupDynamixel(uint8_t)[m[Kâ€™:
[01m[K/home/robofei/ROS2/robotis_ws/src/dynamixel_sdk_examples/src/read_write_node.cpp:163:3:[m[K [01;31m[Kerror: [m[Kâ€˜[01m[Kdxl_comm_result[m[Kâ€™ was not declared in this scope
  163 |   [01;31m[Kdxl_comm_result[m[K = packetHandler->write1ByteTxRx(
      |   [01;31m[K^~~~~~~~~~~~~~~[m[K
[01m[K/home/robofei/ROS2/robotis_ws/src/dynamixel_sdk_examples/src/read_write_node.cpp:[m[K In function â€˜[01m[Kint main(int, char**)[m[Kâ€™:
[01m[K/home/robofei/ROS2/robotis_ws/src/dynamixel_sdk_examples/src/read_write_node.cpp:199:3:[m[K [01;31m[Kerror: [m[Kâ€˜[01m[Kdxl_comm_result[m[Kâ€™ was not declared in this scope
  199 |   [01;31m[Kdxl_comm_result[m[K = portHandler->openPort();
      |   [01;31m[K^~~~~~~~~~~~~~~[m[K
make[2]: *** [CMakeFiles/read_write_node.dir/build.make:63: CMakeFiles/read_write_node.dir/src/read_write_node.cpp.o] Error 1
make[1]: *** [CMakeFiles/Makefile2:107: CMakeFiles/read_write_node.dir/all] Error 2
make: *** [Makefile:141: all] Error 2
