[0.014s] Invoking command in '/home/robofei/ROS2/action/build/control': AMENT_PREFIX_PATH=/home/robofei/ROS2/action/install/custom_interfaces:${AMENT_PREFIX_PATH} CMAKE_PREFIX_PATH=/home/robofei/ROS2/action/install/custom_interfaces:/opt/ros/foxy LD_LIBRARY_PATH=/home/robofei/ROS2/action/install/custom_interfaces/lib:${LD_LIBRARY_PATH} PYTHONPATH=/home/robofei/ROS2/action/install/custom_interfaces/lib/python3.8/site-packages:${PYTHONPATH} /usr/bin/cmake --build /home/robofei/ROS2/action/build/control -- -j4 -l4
[0.059s] [35m[1mScanning dependencies of target action_node[0m
[0.091s] [ 50%] [32mBuilding CXX object CMakeFiles/action_node.dir/src/main.cpp.o[0m
[2.347s] [01m[K/home/robofei/ROS2/action/src/control/src/main.cpp:[m[K In constructor â€˜[01m[KActionNode::ActionNode()[m[Kâ€™:
[2.347s] [01m[K/home/robofei/ROS2/action/src/control/src/main.cpp:80:9:[m[K [01;31m[Kerror: [m[Kâ€˜[01m[Kpublisher_[m[Kâ€™ was not declared in this scope; did you mean â€˜[01m[Krcl_publisher_t[m[Kâ€™?
[2.347s]    80 |         [01;31m[Kpublisher_[m[K = this->create_publisher<custom_interfaces::msg::SetPosition>("set_position", 10);
[2.347s]       |         [01;31m[K^~~~~~~~~~[m[K
[2.347s]       |         [32m[Krcl_publisher_t[m[K
[2.356s] [01m[K/home/robofei/ROS2/action/src/control/src/main.cpp:81:9:[m[K [01;31m[Kerror: [m[Kâ€˜[01m[Ksubscription_[m[Kâ€™ was not declared in this scope; did you mean â€˜[01m[Krcl_subscription_t[m[Kâ€™?
[2.356s]    81 |         [01;31m[Ksubscription_[m[K = this->create_subscription<std_msgs::msg::String>(
[2.356s]       |         [01;31m[K^~~~~~~~~~~~~[m[K
[2.356s]       |         [32m[Krcl_subscription_t[m[K
[2.375s] [01m[K/home/robofei/ROS2/action/src/control/src/main.cpp:[m[K In member function â€˜[01m[Kvoid ActionNode::topic_callback(std_msgs::msg::String_<std::allocator<void> >::SharedPtr) const[m[Kâ€™:
[2.375s] [01m[K/home/robofei/ROS2/action/src/control/src/main.cpp:243:13:[m[K [01;31m[Kerror: [m[Kpassing â€˜[01m[Kconst ActionNode[m[Kâ€™ as â€˜[01m[Kthis[m[Kâ€™ argument discards qualifiers [[01;31m[K-fpermissive[m[K]
[2.375s]   243 |     logInit([01;31m[K)[m[K; // save the time when start the control process
[2.375s]       |             [01;31m[K^[m[K
[2.375s] [01m[K/home/robofei/ROS2/action/src/control/src/main.cpp:379:6:[m[K [01;36m[Knote: [m[K  in call to â€˜[01m[Kvoid ActionNode::logInit()[m[Kâ€™
[2.376s]   379 | void [01;36m[KlogInit[m[K()
[2.376s]       |      [01;36m[K^~~~~~~[m[K
[2.376s] [01m[K/home/robofei/ROS2/action/src/control/src/main.cpp:347:26:[m[K [01;35m[Kwarning: [m[Kcomparison with string literal results in unspecified behavior [[01;35m[K-Waddress[m[K]
[2.376s]   347 |             if(movement==[01;35m[K"goodbye"[m[K)
[2.376s]       |                          [01;35m[K^~~~~~~~~[m[K
[2.378s] [01m[K/home/robofei/ROS2/action/src/control/src/main.cpp:348:17:[m[K [01;31m[Kerror: [m[Kâ€˜[01m[KgoodBye[m[Kâ€™ was not declared in this scope; did you mean â€˜[01m[Kgoodbye[m[Kâ€™?
[2.378s]   348 |                 [01;31m[KgoodBye[m[K();
[2.378s]       |                 [01;31m[K^~~~~~~[m[K
[2.378s]       |                 [32m[Kgoodbye[m[K
[2.378s] [01m[K/home/robofei/ROS2/action/src/control/src/main.cpp:361:51:[m[K [01;35m[Kwarning: [m[Knon-ISO-standard escape sequence, '\e'
[2.379s]   361 |             std::cout << "\rReading BlackBoard" <<[01;35m[K"[\e[38;5;82m"[m[K<< count_read<<"\e[0m] | Tempo ocioso"<<"[\e[38;5;82m"<< count_read*step_time/1000<<"s\e[0m]";
[2.379s]       |                                                   [01;35m[K^~~~~~~~~~~~~~[m[K
[2.379s] [01m[K/home/robofei/ROS2/action/src/control/src/main.cpp:361:80:[m[K [01;35m[Kwarning: [m[Knon-ISO-standard escape sequence, '\e'
[2.379s]   361 | out << "\rReading BlackBoard" <<"[\e[38;5;82m"<< count_read<<[01;35m[K"\e[0m] | Tempo ocioso"[m[K<<"[\e[38;5;82m"<< count_read*step_time/1000<<"s\e[0m]";
[2.379s]       |                                                              [01;35m[K^~~~~~~~~~~~~~~~~~~~~~~[m[K
[2.379s] 
[2.379s] [01m[K/home/robofei/ROS2/action/src/control/src/main.cpp:361:105:[m[K [01;35m[Kwarning: [m[Knon-ISO-standard escape sequence, '\e'
[2.379s]   361 | ard" <<"[\e[38;5;82m"<< count_read<<"\e[0m] | Tempo ocioso"<<[01;35m[K"[\e[38;5;82m"[m[K<< count_read*step_time/1000<<"s\e[0m]";
[2.379s]       |                                                              [01;35m[K^~~~~~~~~~~~~~[m[K
[2.379s] 
[2.379s] [01m[K/home/robofei/ROS2/action/src/control/src/main.cpp:361:149:[m[K [01;35m[Kwarning: [m[Knon-ISO-standard escape sequence, '\e'
[2.380s]   361 | "\e[0m] | Tempo ocioso"<<"[\e[38;5;82m"<< count_read*step_time/1000<<[01;35m[K"s\e[0m]"[m[K;
[2.380s]       |                                                                      [01;35m[K^~~~~~~~~[m[K
[2.380s] 
[2.384s] [01m[K/home/robofei/ROS2/action/src/control/src/main.cpp:[m[K In member function â€˜[01m[Kvoid ActionNode::goodbye()[m[Kâ€™:
[2.384s] [01m[K/home/robofei/ROS2/action/src/control/src/main.cpp:397:9:[m[K [01;31m[Kerror: [m[Kâ€˜[01m[Ktimer_[m[Kâ€™ was not declared in this scope; did you mean â€˜[01m[Ktimer_t[m[Kâ€™?
[2.384s]   397 |         [01;31m[Ktimer_[m[K = this->create_wall_timer(
[2.384s]       |         [01;31m[K^~~~~~[m[K
[2.384s]       |         [32m[Ktimer_t[m[K
[2.398s] [01m[K/home/robofei/ROS2/action/src/control/src/main.cpp:[m[K In member function â€˜[01m[Kvoid ActionNode::timer_callback()[m[Kâ€™:
[2.398s] [01m[K/home/robofei/ROS2/action/src/control/src/main.cpp:408:13:[m[K [01;31m[Kerror: [m[Kâ€˜[01m[Kpublisher_[m[Kâ€™ was not declared in this scope; did you mean â€˜[01m[Krcl_publisher_t[m[Kâ€™?
[2.398s]   408 |             [01;31m[Kpublisher_[m[K->publish(message);
[2.398s]       |             [01;31m[K^~~~~~~~~~[m[K
[2.398s]       |             [32m[Krcl_publisher_t[m[K
[2.408s] [01m[K/home/robofei/ROS2/action/src/control/src/main.cpp:425:12:[m[K [01;35m[Kwarning: [m[Kunused variable â€˜[01m[Kcount_[m[Kâ€™ [[01;35m[K-Wunused-variable[m[K]
[2.408s]   425 |     size_t [01;35m[Kcount_[m[K;
[2.408s]       |            [01;35m[K^~~~~~[m[K
[2.408s] [01m[K/home/robofei/ROS2/action/src/control/src/main.cpp:[m[K In function â€˜[01m[Kvoid sighandler(int)[m[Kâ€™:
[2.408s] [01m[K/home/robofei/ROS2/action/src/control/src/main.cpp:431:21:[m[K [01;35m[Kwarning: [m[Kunused parameter â€˜[01m[Ksig[m[Kâ€™ [[01;35m[K-Wunused-parameter[m[K]
[2.409s]   431 | void sighandler([01;35m[Kint sig[m[K)
[2.409s]       |                 [01;35m[K~~~~^~~[m[K
[2.410s] [01m[K/home/robofei/ROS2/action/src/control/src/main.cpp:[m[K In function â€˜[01m[Kint main(int, char**)[m[Kâ€™:
[2.410s] [01m[K/home/robofei/ROS2/action/src/control/src/main.cpp:485:26:[m[K [01;31m[Kerror: [m[Kno matching function for call to â€˜[01m[KGaitMove::GaitMove(minIni*&)[m[Kâ€™
[2.410s]   485 |     GaitMove gaitMove(ini[01;31m[K)[m[K;
[2.410s]       |                          [01;31m[K^[m[K
[2.410s] In file included from [01m[K/home/robofei/ROS2/action/src/control/src/main.cpp:43[m[K:
[2.410s] [01m[K/home/robofei/ROS2/action/src/control/include/GaitMove.hpp:36:9:[m[K [01;36m[Knote: [m[Kcandidate: â€˜[01m[KGaitMove::GaitMove(int*, minIni*)[m[Kâ€™
[2.410s]    36 |         [01;36m[KGaitMove[m[K(int *mem_t, minIni* ini);
[2.410s]       |         [01;36m[K^~~~~~~~[m[K
[2.410s] [01m[K/home/robofei/ROS2/action/src/control/include/GaitMove.hpp:36:9:[m[K [01;36m[Knote: [m[K  candidate expects 2 arguments, 1 provided
[2.410s] [01m[K/home/robofei/ROS2/action/src/control/include/GaitMove.hpp:31:7:[m[K [01;36m[Knote: [m[Kcandidate: â€˜[01m[Kconstexpr GaitMove::GaitMove(const GaitMove&)[m[Kâ€™
[2.410s]    31 | class [01;36m[KGaitMove[m[K
[2.410s]       |       [01;36m[K^~~~~~~~[m[K
[2.411s] [01m[K/home/robofei/ROS2/action/src/control/include/GaitMove.hpp:31:7:[m[K [01;36m[Knote: [m[K  no known conversion for argument 1 from â€˜[01m[KminIni*[m[Kâ€™ to â€˜[01m[Kconst GaitMove&[m[Kâ€™
[3.859s] make[2]: *** [CMakeFiles/action_node.dir/build.make:63: CMakeFiles/action_node.dir/src/main.cpp.o] Error 1
[3.859s] make[1]: *** [CMakeFiles/Makefile2:78: CMakeFiles/action_node.dir/all] Error 2
[3.859s] make: *** [Makefile:141: all] Error 2
[3.861s] Invoked command in '/home/robofei/ROS2/action/build/control' returned '2': AMENT_PREFIX_PATH=/home/robofei/ROS2/action/install/custom_interfaces:${AMENT_PREFIX_PATH} CMAKE_PREFIX_PATH=/home/robofei/ROS2/action/install/custom_interfaces:/opt/ros/foxy LD_LIBRARY_PATH=/home/robofei/ROS2/action/install/custom_interfaces/lib:${LD_LIBRARY_PATH} PYTHONPATH=/home/robofei/ROS2/action/install/custom_interfaces/lib/python3.8/site-packages:${PYTHONPATH} /usr/bin/cmake --build /home/robofei/ROS2/action/build/control -- -j4 -l4
