[0.009s] Invoking command in '/home/robo/ROS2/walk_test/build/control': CMAKE_PREFIX_PATH=/home/robo/ROS2/walk_test/install/dynamixel_sdk_custom_interfaces:/home/robo/ROS2/walk_test/install/control:/opt/ros/foxy LD_LIBRARY_PATH=/home/robo/ROS2/walk_test/install/dynamixel_sdk_custom_interfaces/lib:/home/robo/ROS2/walk_test/install/control/lib:/opt/ros/foxy/opt/yaml_cpp_vendor/lib:/opt/ros/foxy/opt/rviz_ogre_vendor/lib:/opt/ros/foxy/lib/x86_64-linux-gnu:/opt/ros/foxy/lib /usr/bin/cmake --build /home/robo/ROS2/walk_test/build/control -- -j12 -l12
[0.040s] [35m[1mScanning dependencies of target action[0m
[0.040s] [35m[1mScanning dependencies of target cmd[0m
[0.054s] [  7%] Built target gait_publisher
[0.054s] [ 14%] Built target control
[0.056s] [ 21%] Built target decision
[0.058s] [ 82%] Built target motion
[0.061s] [ 85%] [32mBuilding CXX object CMakeFiles/action.dir/src/action_editor/main.cpp.o[0m
[0.062s] [ 89%] [32mBuilding CXX object CMakeFiles/cmd.dir/src/action_editor/cmd_process.cpp.o[0m
[1.006s] [01m[K/home/robo/ROS2/walk_test/src/control/src/action_editor/main.cpp:[m[K In function â€˜[01m[Kvoid sighandler(int)[m[Kâ€™:
[1.006s] [01m[K/home/robo/ROS2/walk_test/src/control/src/action_editor/main.cpp:323:21:[m[K [01;35m[Kwarning: [m[Kunused parameter â€˜[01m[Ksig[m[Kâ€™ [[01;35m[K-Wunused-parameter[m[K]
[1.006s]   323 | void sighandler([01;35m[Kint sig[m[K)
[1.006s]       |                 [01;35m[K~~~~^~~[m[K
[1.008s] [01m[K/home/robo/ROS2/walk_test/src/control/src/action_editor/main.cpp:[m[K In function â€˜[01m[Kint main(int, char**)[m[Kâ€™:
[1.009s] [01m[K/home/robo/ROS2/walk_test/src/control/src/action_editor/main.cpp:388:13:[m[K [01;35m[Kwarning: [m[Kvariable â€˜[01m[Kini[m[Kâ€™ set but not used [[01;35m[K-Wunused-but-set-variable[m[K]
[1.009s]   388 |     minIni* [01;35m[Kini[m[K;
[1.009s]       |             [01;35m[K^~~[m[K
[1.037s] [01m[K/home/robo/ROS2/walk_test/src/control/src/action_editor/cmd_process.cpp:28:26:[m[K [01;35m[Kwarning: [m[Knon-ISO-standard escape sequence, '\e'
[1.037s]    28 | const std::string azul = [01;35m[K"\e[0;36m"[m[K;
[1.037s]       |                          [01;35m[K^~~~~~~~~~[m[K
[1.037s] [01m[K/home/robo/ROS2/walk_test/src/control/src/action_editor/cmd_process.cpp:29:27:[m[K [01;35m[Kwarning: [m[Knon-ISO-standard escape sequence, '\e'
[1.037s]    29 | const std::string azulE = [01;35m[K"\e[0;34m"[m[K;
[1.037s]       |                           [01;35m[K^~~~~~~~~~[m[K
[1.037s] [01m[K/home/robo/ROS2/walk_test/src/control/src/action_editor/cmd_process.cpp:30:27:[m[K [01;35m[Kwarning: [m[Knon-ISO-standard escape sequence, '\e'
[1.037s]    30 | const std::string amare = [01;35m[K"\e[0;33m"[m[K;
[1.037s]       |                           [01;35m[K^~~~~~~~~~[m[K
[1.037s] [01m[K/home/robo/ROS2/walk_test/src/control/src/action_editor/cmd_process.cpp:31:27:[m[K [01;35m[Kwarning: [m[Knon-ISO-standard escape sequence, '\e'
[1.037s]    31 | const std::string verde = [01;35m[K"\e[0;32m"[m[K;
[1.037s]       |                           [01;35m[K^~~~~~~~~~[m[K
[1.037s] [01m[K/home/robo/ROS2/walk_test/src/control/src/action_editor/cmd_process.cpp:32:25:[m[K [01;35m[Kwarning: [m[Knon-ISO-standard escape sequence, '\e'
[1.038s]    32 | const std::string red = [01;35m[K"\e[0;31m"[m[K;
[1.038s]       |                         [01;35m[K^~~~~~~~~~[m[K
[1.038s] [01m[K/home/robo/ROS2/walk_test/src/control/src/action_editor/cmd_process.cpp:33:26:[m[K [01;35m[Kwarning: [m[Knon-ISO-standard escape sequence, '\e'
[1.038s]    33 | const std::string gray = [01;35m[K"\e[0;37m"[m[K;
[1.038s]       |                          [01;35m[K^~~~~~~~~~[m[K
[1.038s] [01m[K/home/robo/ROS2/walk_test/src/control/src/action_editor/cmd_process.cpp:34:26:[m[K [01;35m[Kwarning: [m[Knon-ISO-standard escape sequence, '\e'
[1.038s]    34 | const std::string nulo = [01;35m[K"\e[0m"[m[K;
[1.038s]       |                          [01;35m[K^~~~~~~[m[K
[1.038s] [01m[K/home/robo/ROS2/walk_test/src/control/src/action_editor/cmd_process.cpp:36:27:[m[K [01;35m[Kwarning: [m[Knon-ISO-standard escape sequence, '\e'
[1.038s]    36 | const std::string Lazul = [01;35m[K"\e[96m"[m[K;
[1.038s]       |                           [01;35m[K^~~~~~~~[m[K
[1.038s] [01m[K/home/robo/ROS2/walk_test/src/control/src/action_editor/cmd_process.cpp:37:28:[m[K [01;35m[Kwarning: [m[Knon-ISO-standard escape sequence, '\e'
[1.038s]    37 | const std::string LazulE = [01;35m[K"\e[94m"[m[K;
[1.038s]       |                            [01;35m[K^~~~~~~~[m[K
[1.038s] [01m[K/home/robo/ROS2/walk_test/src/control/src/action_editor/cmd_process.cpp:38:28:[m[K [01;35m[Kwarning: [m[Knon-ISO-standard escape sequence, '\e'
[1.038s]    38 | const std::string Lamare = [01;35m[K"\e[93m"[m[K;
[1.038s]       |                            [01;35m[K^~~~~~~~[m[K
[1.038s] [01m[K/home/robo/ROS2/walk_test/src/control/src/action_editor/cmd_process.cpp:39:28:[m[K [01;35m[Kwarning: [m[Knon-ISO-standard escape sequence, '\e'
[1.038s]    39 | const std::string Lverde = [01;35m[K"\e[92m"[m[K;
[1.038s]       |                            [01;35m[K^~~~~~~~[m[K
[1.038s] [01m[K/home/robo/ROS2/walk_test/src/control/src/action_editor/cmd_process.cpp:40:26:[m[K [01;35m[Kwarning: [m[Knon-ISO-standard escape sequence, '\e'
[1.039s]    40 | const std::string Lred = [01;35m[K"\e[91m"[m[K;
[1.039s]       |                          [01;35m[K^~~~~~~~[m[K
[1.039s] [01m[K/home/robo/ROS2/walk_test/src/control/src/action_editor/cmd_process.cpp:41:27:[m[K [01;35m[Kwarning: [m[Knon-ISO-standard escape sequence, '\e'
[1.039s]    41 | const std::string Lgray = [01;35m[K"\e[97m"[m[K;
[1.039s]       |                           [01;35m[K^~~~~~~~[m[K
[1.039s] [01m[K/home/robo/ROS2/walk_test/src/control/src/action_editor/cmd_process.cpp:[m[K In function â€˜[01m[Kvoid ReadStep()[m[Kâ€™:
[1.039s] [01m[K/home/robo/ROS2/walk_test/src/control/src/action_editor/cmd_process.cpp:126:10:[m[K [01;35m[Kwarning: [m[Kunused variable â€˜[01m[Kvalue8[m[Kâ€™ [[01;35m[K-Wunused-variable[m[K]
[1.039s]   126 |  uint8_t [01;35m[Kvalue8[m[K;
[1.039s]       |          [01;35m[K^~~~~~[m[K
[1.039s] [01m[K/home/robo/ROS2/walk_test/src/control/src/action_editor/cmd_process.cpp:127:11:[m[K [01;35m[Kwarning: [m[Kunused variable â€˜[01m[Kvalue32[m[Kâ€™ [[01;35m[K-Wunused-variable[m[K]
[1.039s]   127 |  uint32_t [01;35m[Kvalue32[m[K;
[1.039s]       |           [01;35m[K^~~~~~~[m[K
[1.040s] [01m[K/home/robo/ROS2/walk_test/src/control/src/action_editor/cmd_process.cpp:[m[K In function â€˜[01m[Kvoid DrawIntro()[m[Kâ€™:
[1.040s] [01m[K/home/robo/ROS2/walk_test/src/control/src/action_editor/cmd_process.cpp:330:9:[m[K [01;35m[Kwarning: [m[Knon-ISO-standard escape sequence, '\e'
[1.040s]   330 |  system([01;35m[K"printf '\e[8;27;80t'"[m[K);
[1.040s]       |         [01;35m[K^~~~~~~~~~~~~~~~~~~~~~[m[K
[1.044s] [01m[K/home/robo/ROS2/walk_test/src/control/src/action_editor/cmd_process.cpp:[m[K In function â€˜[01m[Kvoid SetValue(uint32_t)[m[Kâ€™:
[1.044s] [01m[K/home/robo/ROS2/walk_test/src/control/src/action_editor/cmd_process.cpp:714:13:[m[K [01;35m[Kwarning: [m[Kcomparison of unsigned expression >= 0 is always true [[01;35m[K-Wtype-limits[m[K]
[1.044s]   714 |    if([01;35m[Kvalue >= 0[m[K && value <= 255)
[1.044s]       |       [01;35m[K~~~~~~^~~~[m[K
[1.044s] [01m[K/home/robo/ROS2/walk_test/src/control/src/action_editor/cmd_process.cpp:723:13:[m[K [01;35m[Kwarning: [m[Kcomparison of unsigned expression >= 0 is always true [[01;35m[K-Wtype-limits[m[K]
[1.044s]   723 |    if([01;35m[Kvalue >= 0[m[K && value <= 255)
[1.044s]       |       [01;35m[K~~~~~~^~~~[m[K
[1.044s] [01m[K/home/robo/ROS2/walk_test/src/control/src/action_editor/cmd_process.cpp:802:13:[m[K [01;35m[Kwarning: [m[Kcomparison of unsigned expression >= 0 is always true [[01;35m[K-Wtype-limits[m[K]
[1.044s]   802 |    if([01;35m[Kvalue >= 0[m[K && value <= 255)
[1.044s]       |       [01;35m[K~~~~~~^~~~[m[K
[1.044s] [01m[K/home/robo/ROS2/walk_test/src/control/src/action_editor/cmd_process.cpp:811:13:[m[K [01;35m[Kwarning: [m[Kcomparison of unsigned expression >= 0 is always true [[01;35m[K-Wtype-limits[m[K]
[1.044s]   811 |    if([01;35m[Kvalue >= 0[m[K && value <= 255)
[1.044s]       |       [01;35m[K~~~~~~^~~~[m[K
[1.044s] [01m[K/home/robo/ROS2/walk_test/src/control/src/action_editor/cmd_process.cpp:856:13:[m[K [01;35m[Kwarning: [m[Kcomparison of unsigned expression >= 0 is always true [[01;35m[K-Wtype-limits[m[K]
[1.045s]   856 |    if([01;35m[Kvalue >= 0[m[K && value <= 255)
[1.045s]       |       [01;35m[K~~~~~~^~~~[m[K
[1.045s] [01m[K/home/robo/ROS2/walk_test/src/control/src/action_editor/cmd_process.cpp:865:13:[m[K [01;35m[Kwarning: [m[Kcomparison of unsigned expression >= 0 is always true [[01;35m[K-Wtype-limits[m[K]
[1.045s]   865 |    if([01;35m[Kvalue >= 0[m[K && value <= Action::MAXNUM_STEP)
[1.045s]       |       [01;35m[K~~~~~~^~~~[m[K
[1.045s] [01m[K/home/robo/ROS2/walk_test/src/control/src/action_editor/cmd_process.cpp:881:13:[m[K [01;35m[Kwarning: [m[Kcomparison of unsigned expression >= 0 is always true [[01;35m[K-Wtype-limits[m[K]
[1.045s]   881 |    if([01;35m[Kvalue >= 0[m[K && value <= 255)
[1.045s]       |       [01;35m[K~~~~~~^~~~[m[K
[1.045s] [01m[K/home/robo/ROS2/walk_test/src/control/src/action_editor/cmd_process.cpp:890:13:[m[K [01;35m[Kwarning: [m[Kcomparison of unsigned expression >= 0 is always true [[01;35m[K-Wtype-limits[m[K]
[1.045s]   890 |    if([01;35m[Kvalue >= 0[m[K && value <= 255)
[1.045s]       |       [01;35m[K~~~~~~^~~~[m[K
[1.045s] [01m[K/home/robo/ROS2/walk_test/src/control/src/action_editor/cmd_process.cpp:899:13:[m[K [01;35m[Kwarning: [m[Kcomparison of unsigned expression >= 0 is always true [[01;35m[K-Wtype-limits[m[K]
[1.045s]   899 |    if([01;35m[Kvalue >= 0[m[K && value <= 255)
[1.045s]       |       [01;35m[K~~~~~~^~~~[m[K
[1.045s] [01m[K/home/robo/ROS2/walk_test/src/control/src/action_editor/cmd_process.cpp:908:13:[m[K [01;35m[Kwarning: [m[Kcomparison of unsigned expression >= 0 is always true [[01;35m[K-Wtype-limits[m[K]
[1.045s]   908 |    if([01;35m[Kvalue >= 0[m[K && value <= 255)
[1.045s]       |       [01;35m[K~~~~~~^~~~[m[K
[1.045s] [01m[K/home/robo/ROS2/walk_test/src/control/src/action_editor/cmd_process.cpp:[m[K In function â€˜[01m[Kvoid PlayCmd()[m[Kâ€™:
[1.045s] [01m[K/home/robo/ROS2/walk_test/src/control/src/action_editor/cmd_process.cpp:1056:6:[m[K [01;35m[Kwarning: [m[Kunused variable â€˜[01m[Kvalue[m[Kâ€™ [[01;35m[K-Wunused-variable[m[K]
[1.046s]  1056 |  int [01;35m[Kvalue[m[K;
[1.046s]       |      [01;35m[K^~~~~[m[K
[1.046s] [01m[K/home/robo/ROS2/walk_test/src/control/src/action_editor/cmd_process.cpp:[m[K In function â€˜[01m[Kvoid OnOffCmd(bool, int, int*)[m[Kâ€™:
[1.046s] [01m[K/home/robo/ROS2/walk_test/src/control/src/action_editor/cmd_process.cpp:1182:20:[m[K [01;35m[Kwarning: [m[Kunused parameter â€˜[01m[Kon[m[Kâ€™ [[01;35m[K-Wunused-parameter[m[K]
[1.046s]  1182 | void OnOffCmd([01;35m[Kbool on[m[K, int num_param, int *list)
[1.046s]       |               [01;35m[K~~~~~^~[m[K
[1.046s] [01m[K/home/robo/ROS2/walk_test/src/control/src/action_editor/cmd_process.cpp:1182:28:[m[K [01;35m[Kwarning: [m[Kunused parameter â€˜[01m[Knum_param[m[Kâ€™ [[01;35m[K-Wunused-parameter[m[K]
[1.046s]  1182 | void OnOffCmd(bool on, [01;35m[Kint num_param[m[K, int *list)
[1.046s]       |                        [01;35m[K~~~~^~~~~~~~~[m[K
[1.046s] [01m[K/home/robo/ROS2/walk_test/src/control/src/action_editor/cmd_process.cpp:1182:44:[m[K [01;35m[Kwarning: [m[Kunused parameter â€˜[01m[Klist[m[Kâ€™ [[01;35m[K-Wunused-parameter[m[K]
[1.046s]  1182 | void OnOffCmd(bool on, int num_param, [01;35m[Kint *list[m[K)
[1.046s]       |                                       [01;35m[K~~~~~^~~~[m[K
[1.047s] [01m[K/home/robo/ROS2/walk_test/src/control/src/action_editor/cmd_process.cpp:[m[K In function â€˜[01m[Kvoid GoCmd(int)[m[Kâ€™:
[1.047s] [01m[K/home/robo/ROS2/walk_test/src/control/src/action_editor/cmd_process.cpp:1382:6:[m[K [01;35m[Kwarning: [m[Kunused variable â€˜[01m[Kn[m[Kâ€™ [[01;35m[K-Wunused-variable[m[K]
[1.047s]  1382 |  int [01;35m[Kn[m[K = 0;
[1.047s]       |      [01;35m[K^[m[K
[1.047s] [01m[K/home/robo/ROS2/walk_test/src/control/src/action_editor/cmd_process.cpp:1383:10:[m[K [01;35m[Kwarning: [m[Kunused variable â€˜[01m[Kparam[m[Kâ€™ [[01;35m[K-Wunused-variable[m[K]
[1.047s]  1383 |  uint8_t [01;35m[Kparam[m[K[JointData::NUMBER_OF_JOINTS * (1 + MX28::PARAM_BYTES)];
[1.047s]       |          [01;35m[K^~~~~[m[K
[1.047s] [01m[K/home/robo/ROS2/walk_test/src/control/src/action_editor/cmd_process.cpp:1384:11:[m[K [01;35m[Kwarning: [m[Kunused variable â€˜[01m[KwGoalPosition[m[Kâ€™ [[01;35m[K-Wunused-variable[m[K]
[1.047s]  1384 |  uint32_t [01;35m[KwGoalPosition[m[K, wStartPosition, wDistance;
[1.047s]       |           [01;35m[K^~~~~~~~~~~~~[m[K
[1.047s] [01m[K/home/robo/ROS2/walk_test/src/control/src/action_editor/cmd_process.cpp:1384:26:[m[K [01;35m[Kwarning: [m[Kunused variable â€˜[01m[KwStartPosition[m[Kâ€™ [[01;35m[K-Wunused-variable[m[K]
[1.047s]  1384 |  uint32_t wGoalPosition, [01;35m[KwStartPosition[m[K, wDistance;
[1.047s]       |                          [01;35m[K^~~~~~~~~~~~~~[m[K
[1.047s] [01m[K/home/robo/ROS2/walk_test/src/control/src/action_editor/cmd_process.cpp:1384:42:[m[K [01;35m[Kwarning: [m[Kunused variable â€˜[01m[KwDistance[m[Kâ€™ [[01;35m[K-Wunused-variable[m[K]
[1.047s]  1384 |  uint32_t wGoalPosition, wStartPosition, [01;35m[KwDistance[m[K;
[1.048s]       |                                          [01;35m[K^~~~~~~~~[m[K
[1.048s] [01m[K/home/robo/ROS2/walk_test/src/control/src/action_editor/cmd_process.cpp:[m[K In function â€˜[01m[Kvoid readServo()[m[Kâ€™:
[1.048s] [01m[K/home/robo/ROS2/walk_test/src/control/src/action_editor/cmd_process.cpp:1468:11:[m[K [01;35m[Kwarning: [m[Kunused variable â€˜[01m[Kvalue[m[Kâ€™ [[01;35m[K-Wunused-variable[m[K]
[1.048s]  1468 |  uint32_t [01;35m[Kvalue[m[K;
[1.048s]       |           [01;35m[K^~~~~[m[K
[1.317s] [01m[K/home/robo/ROS2/walk_test/src/control/src/action_editor/cmd_process.cpp:[m[K In function â€˜[01m[Kvoid ToggleTorque()[m[Kâ€™:
[1.317s] [01m[K/home/robo/ROS2/walk_test/src/control/src/action_editor/cmd_process.cpp:937:21:[m[K [01;35m[Kwarning: [m[Kâ€˜[01m[Kvalue[m[Kâ€™ may be used uninitialized in this function [[01;35m[K-Wmaybe-uninitialized[m[K]
[1.317s]   937 |   [01;35m[KStep.position[id] = value[m[K;
[1.317s]       |   [01;35m[K~~~~~~~~~~~~~~~~~~^~~~~~~[m[K
[1.428s] [ 92%] [32m[1mLinking CXX executable cmd[0m
[1.502s] /usr/bin/ld: CMakeFiles/cmd.dir/src/action_editor/cmd_process.cpp.o: in function `GoToCursor(int, int)':
[1.503s] cmd_process.cpp:(.text+0x6b4): undefined reference to `tigetstr'
[1.503s] /usr/bin/ld: cmd_process.cpp:(.text+0x6d1): undefined reference to `tparm'
[1.503s] /usr/bin/ld: cmd_process.cpp:(.text+0x6e1): undefined reference to `putp'
[1.503s] /usr/bin/ld: CMakeFiles/cmd.dir/src/action_editor/cmd_process.cpp.o: in function `DrawIntro()':
[1.503s] cmd_process.cpp:(.text+0xa60): undefined reference to `setupterm'
[1.503s] /usr/bin/ld: cmd_process.cpp:(.text+0xa6c): undefined reference to `tigetnum'
[1.503s] /usr/bin/ld: cmd_process.cpp:(.text+0xa7b): undefined reference to `tigetnum'
[1.503s] collect2: error: ld returned 1 exit status
[1.504s] make[2]: *** [CMakeFiles/cmd.dir/build.make:136: cmd] Error 1
[1.504s] make[1]: *** [CMakeFiles/Makefile2:142: CMakeFiles/cmd.dir/all] Error 2
[1.504s] make[1]: *** Waiting for unfinished jobs....
[2.520s] [ 96%] [32m[1mLinking CXX executable action[0m
[2.642s] /usr/bin/ld: CMakeFiles/action.dir/src/action_editor/main.cpp.o: in function `main':
[2.643s] main.cpp:(.text+0x415): undefined reference to `DrawIntro()'
[2.643s] /usr/bin/ld: main.cpp:(.text+0x46f): undefined reference to `DrawEnding()'
[2.643s] /usr/bin/ld: CMakeFiles/action.dir/src/action_editor/main.cpp.o: in function `MinimalPublisher::process()':
[2.643s] main.cpp:(.text._ZN16MinimalPublisher7processEv[_ZN16MinimalPublisher7processEv]+0x27): undefined reference to `_getch()'
[2.643s] /usr/bin/ld: main.cpp:(.text._ZN16MinimalPublisher7processEv[_ZN16MinimalPublisher7processEv]+0x3d): undefined reference to `_getch()'
[2.643s] /usr/bin/ld: main.cpp:(.text._ZN16MinimalPublisher7processEv[_ZN16MinimalPublisher7processEv]+0x57): undefined reference to `_getch()'
[2.643s] /usr/bin/ld: main.cpp:(.text._ZN16MinimalPublisher7processEv[_ZN16MinimalPublisher7processEv]+0x6d): undefined reference to `MoveUpCursor()'
[2.644s] /usr/bin/ld: main.cpp:(.text._ZN16MinimalPublisher7processEv[_ZN16MinimalPublisher7processEv]+0x82): undefined reference to `MoveDownCursor()'
[2.644s] /usr/bin/ld: main.cpp:(.text._ZN16MinimalPublisher7processEv[_ZN16MinimalPublisher7processEv]+0x97): undefined reference to `MoveLeftCursor()'
[2.644s] /usr/bin/ld: main.cpp:(.text._ZN16MinimalPublisher7processEv[_ZN16MinimalPublisher7processEv]+0xb0): undefined reference to `MoveRightCursor()'
[2.644s] /usr/bin/ld: main.cpp:(.text._ZN16MinimalPublisher7processEv[_ZN16MinimalPublisher7processEv]+0xca): undefined reference to `UpDownValue(int)'
[2.644s] /usr/bin/ld: main.cpp:(.text._ZN16MinimalPublisher7processEv[_ZN16MinimalPublisher7processEv]+0xe4): undefined reference to `UpDownValue(int)'
[2.644s] /usr/bin/ld: main.cpp:(.text._ZN16MinimalPublisher7processEv[_ZN16MinimalPublisher7processEv]+0xfe): undefined reference to `UpDownValue(int)'
[2.644s] /usr/bin/ld: main.cpp:(.text._ZN16MinimalPublisher7processEv[_ZN16MinimalPublisher7processEv]+0x118): undefined reference to `UpDownValue(int)'
[2.644s] /usr/bin/ld: main.cpp:(.text._ZN16MinimalPublisher7processEv[_ZN16MinimalPublisher7processEv]+0x12d): undefined reference to `ToggleTorque()'
[2.644s] /usr/bin/ld: main.cpp:(.text._ZN16MinimalPublisher7processEv[_ZN16MinimalPublisher7processEv]+0x1eb): undefined reference to `BeginCommandMode()'
[2.644s] /usr/bin/ld: main.cpp:(.text._ZN16MinimalPublisher7processEv[_ZN16MinimalPublisher7processEv]+0x21d): undefined reference to `_getch()'
[2.644s] /usr/bin/ld: main.cpp:(.text._ZN16MinimalPublisher7processEv[_ZN16MinimalPublisher7processEv]+0x437): undefined reference to `AskSave()'
[2.644s] /usr/bin/ld: main.cpp:(.text._ZN16MinimalPublisher7processEv[_ZN16MinimalPublisher7processEv]+0x4f1): undefined reference to `DrawPage()'
[2.644s] /usr/bin/ld: main.cpp:(.text._ZN16MinimalPublisher7processEv[_ZN16MinimalPublisher7processEv]+0x515): undefined reference to `HelpCmd()'
[2.644s] /usr/bin/ld: main.cpp:(.text._ZN16MinimalPublisher7processEv[_ZN16MinimalPublisher7processEv]+0x539): undefined reference to `NextCmd()'
[2.644s] /usr/bin/ld: main.cpp:(.text._ZN16MinimalPublisher7processEv[_ZN16MinimalPublisher7processEv]+0x55d): undefined reference to `PrevCmd()'
[2.645s] /usr/bin/ld: main.cpp:(.text._ZN16MinimalPublisher7processEv[_ZN16MinimalPublisher7processEv]+0x581): undefined reference to `TimeCmd()'
[2.645s] /usr/bin/ld: main.cpp:(.text._ZN16MinimalPublisher7processEv[_ZN16MinimalPublisher7processEv]+0x5a5): undefined reference to `SpeedCmd()'
[2.645s] /usr/bin/ld: main.cpp:(.text._ZN16MinimalPublisher7processEv[_ZN16MinimalPublisher7processEv]+0x5da): undefined reference to `PageCmd(int)'
[2.645s] /usr/bin/ld: main.cpp:(.text._ZN16MinimalPublisher7processEv[_ZN16MinimalPublisher7processEv]+0x5eb): undefined reference to `PrintCmd(char const*)'
[2.645s] /usr/bin/ld: main.cpp:(.text._ZN16MinimalPublisher7processEv[_ZN16MinimalPublisher7processEv]+0x60f): undefined reference to `PlayCmd()'
[2.645s] /usr/bin/ld: main.cpp:(.text._ZN16MinimalPublisher7processEv[_ZN16MinimalPublisher7processEv]+0x647): undefined reference to `SetValue(unsigned int)'
[2.645s] /usr/bin/ld: main.cpp:(.text._ZN16MinimalPublisher7processEv[_ZN16MinimalPublisher7processEv]+0x658): undefined reference to `PrintCmd(char const*)'
[2.645s] /usr/bin/ld: main.cpp:(.text._ZN16MinimalPublisher7processEv[_ZN16MinimalPublisher7processEv]+0x67c): undefined reference to `ListCmd()'
[2.645s] /usr/bin/ld: main.cpp:(.text._ZN16MinimalPublisher7processEv[_ZN16MinimalPublisher7processEv]+0x6b4): undefined reference to `OnOffCmd(bool, int, int*)'
[2.645s] /usr/bin/ld: main.cpp:(.text._ZN16MinimalPublisher7processEv[_ZN16MinimalPublisher7processEv]+0x6ec): undefined reference to `OnOffCmd(bool, int, int*)'
[2.645s] /usr/bin/ld: main.cpp:(.text._ZN16MinimalPublisher7processEv[_ZN16MinimalPublisher7processEv]+0x721): undefined reference to `WriteStepCmd(int)'
[2.645s] /usr/bin/ld: main.cpp:(.text._ZN16MinimalPublisher7processEv[_ZN16MinimalPublisher7processEv]+0x732): undefined reference to `PrintCmd(char const*)'
[2.645s] /usr/bin/ld: main.cpp:(.text._ZN16MinimalPublisher7processEv[_ZN16MinimalPublisher7processEv]+0x767): undefined reference to `DeleteStepCmd(int)'
[2.645s] /usr/bin/ld: main.cpp:(.text._ZN16MinimalPublisher7processEv[_ZN16MinimalPublisher7processEv]+0x778): undefined reference to `PrintCmd(char const*)'
[2.645s] /usr/bin/ld: main.cpp:(.text._ZN16MinimalPublisher7processEv[_ZN16MinimalPublisher7processEv]+0x7aa): undefined reference to `InsertStepCmd(int)'
[2.645s] /usr/bin/ld: main.cpp:(.text._ZN16MinimalPublisher7processEv[_ZN16MinimalPublisher7processEv]+0x7bc): undefined reference to `InsertStepCmd(int)'
[2.645s] /usr/bin/ld: main.cpp:(.text._ZN16MinimalPublisher7processEv[_ZN16MinimalPublisher7processEv]+0x7f9): undefined reference to `MoveStepCmd(int, int)'
[2.645s] /usr/bin/ld: main.cpp:(.text._ZN16MinimalPublisher7processEv[_ZN16MinimalPublisher7processEv]+0x80a): undefined reference to `PrintCmd(char const*)'
[2.645s] /usr/bin/ld: main.cpp:(.text._ZN16MinimalPublisher7processEv[_ZN16MinimalPublisher7processEv]+0x83f): undefined reference to `CopyCmd(int)'
[2.646s] /usr/bin/ld: main.cpp:(.text._ZN16MinimalPublisher7processEv[_ZN16MinimalPublisher7processEv]+0x850): undefined reference to `PrintCmd(char const*)'
[2.646s] /usr/bin/ld: main.cpp:(.text._ZN16MinimalPublisher7processEv[_ZN16MinimalPublisher7processEv]+0x874): undefined reference to `NewCmd()'
[2.646s] /usr/bin/ld: main.cpp:(.text._ZN16MinimalPublisher7processEv[_ZN16MinimalPublisher7processEv]+0x8a9): undefined reference to `GoCmd(int)'
[2.646s] /usr/bin/ld: main.cpp:(.text._ZN16MinimalPublisher7processEv[_ZN16MinimalPublisher7processEv]+0x8ba): undefined reference to `PrintCmd(char const*)'
[2.646s] /usr/bin/ld: main.cpp:(.text._ZN16MinimalPublisher7processEv[_ZN16MinimalPublisher7processEv]+0x8de): undefined reference to `SaveCmd()'
[2.646s] /usr/bin/ld: main.cpp:(.text._ZN16MinimalPublisher7processEv[_ZN16MinimalPublisher7processEv]+0x8ff): undefined reference to `NameCmd()'
[2.646s] /usr/bin/ld: main.cpp:(.text._ZN16MinimalPublisher7processEv[_ZN16MinimalPublisher7processEv]+0x920): undefined reference to `goInitPage()'
[2.646s] /usr/bin/ld: main.cpp:(.text._ZN16MinimalPublisher7processEv[_ZN16MinimalPublisher7processEv]+0x925): undefined reference to `PlayCmd()'
[2.646s] /usr/bin/ld: main.cpp:(.text._ZN16MinimalPublisher7processEv[_ZN16MinimalPublisher7processEv]+0x92a): undefined reference to `backToPage()'
[2.646s] /usr/bin/ld: main.cpp:(.text._ZN16MinimalPublisher7processEv[_ZN16MinimalPublisher7processEv]+0x94b): undefined reference to `readServo()'
[2.646s] /usr/bin/ld: main.cpp:(.text._ZN16MinimalPublisher7processEv[_ZN16MinimalPublisher7processEv]+0x959): undefined reference to `PrintCmd(char const*)'
[2.646s] /usr/bin/ld: main.cpp:(.text._ZN16MinimalPublisher7processEv[_ZN16MinimalPublisher7processEv]+0x95e): undefined reference to `EndCommandMode()'
[2.646s] collect2: error: ld returned 1 exit status
[2.646s] make[2]: *** [CMakeFiles/action.dir/build.make:152: action] Error 1
[2.646s] make[1]: *** [CMakeFiles/Makefile2:250: CMakeFiles/action.dir/all] Error 2
[2.646s] make: *** [Makefile:141: all] Error 2
[2.648s] Invoked command in '/home/robo/ROS2/walk_test/build/control' returned '2': CMAKE_PREFIX_PATH=/home/robo/ROS2/walk_test/install/dynamixel_sdk_custom_interfaces:/home/robo/ROS2/walk_test/install/control:/opt/ros/foxy LD_LIBRARY_PATH=/home/robo/ROS2/walk_test/install/dynamixel_sdk_custom_interfaces/lib:/home/robo/ROS2/walk_test/install/control/lib:/opt/ros/foxy/opt/yaml_cpp_vendor/lib:/opt/ros/foxy/opt/rviz_ogre_vendor/lib:/opt/ros/foxy/lib/x86_64-linux-gnu:/opt/ros/foxy/lib /usr/bin/cmake --build /home/robo/ROS2/walk_test/build/control -- -j12 -l12
