[0.008s] Invoking command in '/home/robofei/ROS2/action/build/control': AMENT_PREFIX_PATH=/home/robofei/ROS2/action/install/dynamixel_sdk_custom_interfaces:${AMENT_PREFIX_PATH} CMAKE_PREFIX_PATH=/home/robofei/ROS2/action/install/dynamixel_sdk_custom_interfaces:/opt/ros/galactic LD_LIBRARY_PATH=/home/robofei/ROS2/action/install/dynamixel_sdk_custom_interfaces/lib:${LD_LIBRARY_PATH} LESS= -R -X -F PYTHONPATH=/home/robofei/ROS2/action/install/dynamixel_sdk_custom_interfaces/lib/python3.8/site-packages:${PYTHONPATH} /usr/bin/cmake --build /home/robofei/ROS2/action/build/control -- -j12 -l12
[0.040s] [35m[1mScanning dependencies of target control[0m
[0.049s] [ 33%] Built target decision
[0.067s] [ 66%] [32mBuilding CXX object CMakeFiles/control.dir/src/motion/MotionManager.cpp.o[0m
[0.067s] [ 66%] [32mBuilding CXX object CMakeFiles/control.dir/src/control.cpp.o[0m
[1.346s] [01m[K/home/robofei/ROS2/action/src/control/src/motion/MotionManager.cpp:[m[K In member function â€˜[01m[Kvoid Robot::MotionManager::GaitPublisher()[m[Kâ€™:
[1.346s] [01m[K/home/robofei/ROS2/action/src/control/src/motion/MotionManager.cpp:65:7:[m[K [01;31m[Kerror: [m[Konly constructors take member initializers
[1.346s]    65 |     : [01;31m[KNode[m[K("gait_publisher")
[1.346s]       |       [01;31m[K^~~~[m[K
[1.346s] [01m[K/home/robofei/ROS2/action/src/control/src/motion/MotionManager.cpp:65:7:[m[K [01;31m[Kerror: [m[Kclass â€˜[01m[KRobot::MotionManager[m[Kâ€™ does not have any field named â€˜[01m[KNode[m[Kâ€™
[1.349s] [01m[K/home/robofei/ROS2/action/src/control/src/motion/MotionManager.cpp:67:9:[m[K [01;31m[Kerror: [m[Kâ€˜[01m[Ksubscription_imu[m[Kâ€™ was not declared in this scope; did you mean â€˜[01m[Krcl_subscription_fini[m[Kâ€™?
[1.349s]    67 |         [01;31m[Ksubscription_imu[m[K = this->create_subscription<sensor_msgs::msg::Imu>(
[1.349s]       |         [01;31m[K^~~~~~~~~~~~~~~~[m[K
[1.349s]       |         [32m[Krcl_subscription_fini[m[K
[1.349s] [01m[K/home/robofei/ROS2/action/src/control/src/motion/MotionManager.cpp:67:34:[m[K [01;31m[Kerror: [m[Kâ€˜[01m[Kclass Robot::MotionManager[m[Kâ€™ has no member named â€˜[01m[Kcreate_subscription[m[Kâ€™
[1.349s]    67 |         subscription_imu = this->[01;31m[Kcreate_subscription[m[K<sensor_msgs::msg::Imu>(
[1.349s]       |                                  [01;31m[K^~~~~~~~~~~~~~~~~~~[m[K
[1.349s] [01m[K/home/robofei/ROS2/action/src/control/src/motion/MotionManager.cpp:67:75:[m[K [01;31m[Kerror: [m[Kexpected primary-expression before â€˜[01m[K>[m[Kâ€™ token
[1.349s]    67 |         subscription_imu = this->create_subscription<sensor_msgs::msg::Imu[01;31m[K>[m[K(
[1.349s]       |                                                                           [01;31m[K^[m[K
[1.349s] [01m[K/home/robofei/ROS2/action/src/control/src/motion/MotionManager.cpp:68:9:[m[K [01;35m[Kwarning: [m[Kleft operand of comma operator has no effect [[01;35m[K-Wunused-value[m[K]
[1.349s]    68 |         [01;35m[K"imu/data"[m[K, 10, std::bind(&MotionManager::topic_callback, this, _1));
[1.349s]       |         [01;35m[K^~~~~~~~~~[m[K
[1.356s] [01m[K/home/robofei/ROS2/action/src/control/src/motion/MotionManager.cpp:68:75:[m[K [01;35m[Kwarning: [m[Kright operand of comma operator has no effect [[01;35m[K-Wunused-value[m[K]
[1.356s]    68 |         "imu/data", 10, std::bind(&MotionManager::topic_callback, this, _1[01;35m[K)[m[K);
[1.356s]       |                                                                           [01;35m[K^[m[K
[1.358s] [01m[K/home/robofei/ROS2/action/src/control/src/motion/MotionManager.cpp:69:9:[m[K [01;31m[Kerror: [m[Kâ€˜[01m[Kpublisher_[m[Kâ€™ was not declared in this scope; did you mean â€˜[01m[Krcl_publisher_t[m[Kâ€™?
[1.358s]    69 |         [01;31m[Kpublisher_[m[K = this->create_publisher<dynamixel_sdk_custom_interfaces::msg::SetPosition>("set_position", 10);
[1.358s]       |         [01;31m[K^~~~~~~~~~[m[K
[1.358s]       |         [32m[Krcl_publisher_t[m[K
[1.358s] [01m[K/home/robofei/ROS2/action/src/control/src/motion/MotionManager.cpp:69:28:[m[K [01;31m[Kerror: [m[Kâ€˜[01m[Kclass Robot::MotionManager[m[Kâ€™ has no member named â€˜[01m[Kcreate_publisher[m[Kâ€™
[1.358s]    69 |         publisher_ = this->[01;31m[Kcreate_publisher[m[K<dynamixel_sdk_custom_interfaces::msg::SetPosition>("set_position", 10);
[1.359s]       |                            [01;31m[K^~~~~~~~~~~~~~~~[m[K
[1.359s] [01m[K/home/robofei/ROS2/action/src/control/src/motion/MotionManager.cpp:69:94:[m[K [01;31m[Kerror: [m[Kexpected primary-expression before â€˜[01m[K>[m[Kâ€™ token
[1.359s]    69 |         publisher_ = this->create_publisher<dynamixel_sdk_custom_interfaces::msg::SetPosition[01;31m[K>[m[K("set_position", 10);
[1.359s]       |                                                                                              [01;31m[K^[m[K
[1.359s] [01m[K/home/robofei/ROS2/action/src/control/src/motion/MotionManager.cpp:69:96:[m[K [01;35m[Kwarning: [m[Kleft operand of comma operator has no effect [[01;35m[K-Wunused-value[m[K]
[1.359s]    69 |         publisher_ = this->create_publisher<dynamixel_sdk_custom_interfaces::msg::SetPosition>([01;35m[K"set_position"[m[K, 10);
[1.359s]       |                                                                                                [01;35m[K^~~~~~~~~~~~~~[m[K
[1.487s] [01m[K/home/robofei/ROS2/action/src/control/src/motion/MotionManager.cpp:[m[K In member function â€˜[01m[Kvoid Robot::MotionManager::topic_callback(std::shared_ptr<sensor_msgs::msg::Imu_<std::allocator<void> > >) const[m[Kâ€™:
[1.487s] [01m[K/home/robofei/ROS2/action/src/control/src/motion/MotionManager.cpp:75:20:[m[K [01;31m[Kerror: [m[Kassignment of member â€˜[01m[KRobot::MotionManager::IMU_GYRO_X[m[Kâ€™ in read-only object
[1.487s]    75 |         [01;31m[KIMU_GYRO_X = -imu_msg_->angular_velocity.x/10[m[K;
[1.487s]       |         [01;31m[K~~~~~~~~~~~^~~~~~~~~~~~~~~~~~~~~~~~~~~~~~~~~~[m[K
[1.487s] [01m[K/home/robofei/ROS2/action/src/control/src/motion/MotionManager.cpp:76:21:[m[K [01;31m[Kerror: [m[Kassignment of member â€˜[01m[KRobot::MotionManager::IMU_GYRO_Y[m[Kâ€™ in read-only object
[1.487s]    76 |         [01;31m[KIMU_GYRO_Y  = -imu_msg_->angular_velocity.y/10[m[K;
[1.487s]       |         [01;31m[K~~~~~~~~~~~~^~~~~~~~~~~~~~~~~~~~~~~~~~~~~~~~~~[m[K
[1.534s] [01m[K/home/robofei/ROS2/action/src/control/src/motion/MotionManager.cpp:[m[K In member function â€˜[01m[Kbool Robot::MotionManager::Initialize(bool)[m[Kâ€™:
[1.534s] [01m[K/home/robofei/ROS2/action/src/control/src/motion/MotionManager.cpp:84:15:[m[K [01;31m[Kerror: [m[Kâ€˜[01m[Kargc[m[Kâ€™ was not declared in this scope
[1.534s]    84 |  rclcpp::init([01;31m[Kargc[m[K, argv);
[1.534s]       |               [01;31m[K^~~~[m[K
[1.535s] [01m[K/home/robofei/ROS2/action/src/control/src/motion/MotionManager.cpp:84:21:[m[K [01;31m[Kerror: [m[Kâ€˜[01m[Kargv[m[Kâ€™ was not declared in this scope
[1.535s]    84 |  rclcpp::init(argc, [01;31m[Kargv[m[K);
[1.535s]       |                     [01;31m[K^~~~[m[K
[1.536s] [01m[K/home/robofei/ROS2/action/src/control/src/motion/MotionManager.cpp:85:10:[m[K [01;31m[Kerror: [m[Kâ€˜[01m[Kspin_once[m[Kâ€™ is not a member of â€˜[01m[Krclcpp[m[Kâ€™; did you mean â€˜[01m[Kspin_some[m[Kâ€™?
[1.536s]    85 |  rclcpp::[01;31m[Kspin_once[m[K(std::make_shared<GaitPublisher>());
[1.536s]       |          [01;31m[K^~~~~~~~~[m[K
[1.536s]       |          [32m[Kspin_some[m[K
[1.536s] [01m[K/home/robofei/ROS2/action/src/control/src/motion/MotionManager.cpp:85:52:[m[K [01;31m[Kerror: [m[Kno matching function for call to â€˜[01m[Kmake_shared<((Robot::MotionManager*)this)->Robot::MotionManager::GaitPublisher>()[m[Kâ€™
[1.536s]    85 |  rclcpp::spin_once(std::make_shared<GaitPublisher>([01;31m[K)[m[K);
[1.536s]       |                                                    [01;31m[K^[m[K
[1.536s] In file included from [01m[K/usr/include/c++/9/memory:81[m[K,
[1.536s]                  from [01m[K/opt/ros/galactic/include/rosidl_runtime_cpp/bounded_vector.hpp:19[m[K,
[1.536s]                  from [01m[K/opt/ros/galactic/include/sensor_msgs/msg/detail/imu__struct.hpp:8[m[K,
[1.536s]                  from [01m[K/opt/ros/galactic/include/sensor_msgs/msg/imu.hpp:7[m[K,
[1.536s]                  from [01m[K/home/robofei/ROS2/action/src/control/include/MotionManager.h:18[m[K,
[1.536s]                  from [01m[K/home/robofei/ROS2/action/src/control/src/motion/MotionManager.cpp:19[m[K:
[1.536s] [01m[K/usr/include/c++/9/bits/shared_ptr.h:714:5:[m[K [01;36m[Knote: [m[Kcandidate: â€˜[01m[Ktemplate<class _Tp, class ... _Args> std::shared_ptr<_Tp> std::make_shared(_Args&& ...)[m[Kâ€™
[1.536s]   714 |     [01;36m[Kmake_shared[m[K(_Args&&... __args)
[1.536s]       |     [01;36m[K^~~~~~~~~~~[m[K
[1.536s] [01m[K/usr/include/c++/9/bits/shared_ptr.h:714:5:[m[K [01;36m[Knote: [m[K  template argument deduction/substitution failed:
[1.537s] [01m[K/home/robofei/ROS2/action/src/control/src/motion/MotionManager.cpp:86:6:[m[K [01;35m[Kwarning: [m[Kunused variable â€˜[01m[Kvalue[m[Kâ€™ [[01;35m[K-Wunused-variable[m[K]
[1.537s]    86 |  int [01;35m[Kvalue[m[K, error;
[1.537s]       |      [01;35m[K^~~~~[m[K
[1.537s] [01m[K/home/robofei/ROS2/action/src/control/src/motion/MotionManager.cpp:86:13:[m[K [01;35m[Kwarning: [m[Kunused variable â€˜[01m[Kerror[m[Kâ€™ [[01;35m[K-Wunused-variable[m[K]
[1.537s]    86 |  int value, [01;35m[Kerror[m[K;
[1.537s]       |             [01;35m[K^~~~~[m[K
[1.537s] [01m[K/home/robofei/ROS2/action/src/control/src/motion/MotionManager.cpp:[m[K In member function â€˜[01m[Kbool Robot::MotionManager::Reinitialize()[m[Kâ€™:
[1.537s] [01m[K/home/robofei/ROS2/action/src/control/src/motion/MotionManager.cpp:145:6:[m[K [01;35m[Kwarning: [m[Kunused variable â€˜[01m[Kvalue[m[Kâ€™ [[01;35m[K-Wunused-variable[m[K]
[1.537s]   145 |  int [01;35m[Kvalue[m[K, error;
[1.537s]       |      [01;35m[K^~~~~[m[K
[1.537s] [01m[K/home/robofei/ROS2/action/src/control/src/motion/MotionManager.cpp:145:13:[m[K [01;35m[Kwarning: [m[Kunused variable â€˜[01m[Kerror[m[Kâ€™ [[01;35m[K-Wunused-variable[m[K]
[1.537s]   145 |  int value, [01;35m[Kerror[m[K;
[1.537s]       |             [01;35m[K^~~~~[m[K
[1.539s] [01m[K/home/robofei/ROS2/action/src/control/src/motion/MotionManager.cpp:[m[K In member function â€˜[01m[Kvoid Robot::MotionManager::Process()[m[Kâ€™:
[1.539s] [01m[K/home/robofei/ROS2/action/src/control/src/motion/MotionManager.cpp:288:15:[m[K [01;31m[Kerror: [m[Kâ€˜[01m[Kpos[m[Kâ€™ was not declared in this scope; did you mean â€˜[01m[Kpow[m[Kâ€™?
[1.539s]   288 |               [01;31m[Kpos[m[K[id] = MotionStatus::m_CurrentJoints.GetValue(id);
[1.539s]       |               [01;31m[K^~~[m[K
[1.539s]       |               [32m[Kpow[m[K
[1.540s] [01m[K/home/robofei/ROS2/action/src/control/src/motion/MotionManager.cpp:294:33:[m[K [01;31m[Kerror: [m[Kâ€˜[01m[Kpos[m[Kâ€™ was not declared in this scope; did you mean â€˜[01m[Kpow[m[Kâ€™?
[1.540s]   294 |             message.position = {[01;31m[Kpos[m[K[1], pos[2], pos[3], pos[4], pos[5], pos[6], pos[7], pos[8], pos[9], pos[10], pos[11], pos[12], pos[13], pos[14], pos[15], pos[16], pos[17], pos[18], 2048};
[1.540s]       |                                 [01;31m[K^~~[m[K
[1.541s]       |                                 [32m[Kpow[m[K
[1.541s] [01m[K/home/robofei/ROS2/action/src/control/src/motion/MotionManager.cpp:294:190:[m[K [01;31m[Kerror: [m[Kno match for â€˜[01m[Koperator=[m[Kâ€™ (operand types are â€˜[01m[Kdynamixel_sdk_custom_interfaces::msg::SetPosition_<std::allocator<void> >::_position_type[m[Kâ€™ {aka â€˜[01m[Kstd::vector<int>[m[Kâ€™} and â€˜[01m[K<brace-enclosed initializer list>[m[Kâ€™)
[1.541s]   294 |             message.position = {pos[1], pos[2], pos[3], pos[4], pos[5], pos[6], pos[7], pos[8], pos[9], pos[10], pos[11], pos[12], pos[13], pos[14], pos[15], pos[16], pos[17], pos[18], 2048[01;31m[K}[m[K;
[1.541s]       |                                                                                                                                                                                              [01;31m[K^[m[K
[1.541s] In file included from [01m[K/usr/include/c++/9/vector:72[m[K,
[1.541s]                  from [01m[K/usr/include/c++/9/functional:62[m[K,
[1.541s]                  from [01m[K/usr/include/c++/9/pstl/glue_algorithm_defs.h:13[m[K,
[1.541s]                  from [01m[K/usr/include/c++/9/algorithm:71[m[K,
[1.541s]                  from [01m[K/opt/ros/galactic/include/rosidl_runtime_cpp/bounded_vector.hpp:18[m[K,
[1.541s]                  from [01m[K/opt/ros/galactic/include/sensor_msgs/msg/detail/imu__struct.hpp:8[m[K,
[1.541s]                  from [01m[K/opt/ros/galactic/include/sensor_msgs/msg/imu.hpp:7[m[K,
[1.541s]                  from [01m[K/home/robofei/ROS2/action/src/control/include/MotionManager.h:18[m[K,
[1.541s]                  from [01m[K/home/robofei/ROS2/action/src/control/src/motion/MotionManager.cpp:19[m[K:
[1.541s] [01m[K/usr/include/c++/9/bits/vector.tcc:198:5:[m[K [01;36m[Knote: [m[Kcandidate: â€˜[01m[Kstd::vector<_Tp, _Alloc>& std::vector<_Tp, _Alloc>::operator=(const std::vector<_Tp, _Alloc>&) [with _Tp = int; _Alloc = std::allocator<int>][m[Kâ€™
[1.541s]   198 |     [01;36m[Kvector<_Tp, _Alloc>[m[K::
[1.541s]       |     [01;36m[K^~~~~~~~~~~~~~~~~~~[m[K
[1.541s] [01m[K/usr/include/c++/9/bits/vector.tcc:199:42:[m[K [01;36m[Knote: [m[K  no known conversion for argument 1 from â€˜[01m[K<brace-enclosed initializer list>[m[Kâ€™ to â€˜[01m[Kconst std::vector<int>&[m[Kâ€™
[1.541s]   199 |     operator=([01;36m[Kconst vector<_Tp, _Alloc>& __x[m[K)
[1.541s]       |               [01;36m[K~~~~~~~~~~~~~~~~~~~~~~~~~~~^~~[m[K
[1.541s] In file included from [01m[K/usr/include/c++/9/vector:67[m[K,
[1.541s]                  from [01m[K/usr/include/c++/9/functional:62[m[K,
[1.542s]                  from [01m[K/usr/include/c++/9/pstl/glue_algorithm_defs.h:13[m[K,
[1.542s]                  from [01m[K/usr/include/c++/9/algorithm:71[m[K,
[1.542s]                  from [01m[K/opt/ros/galactic/include/rosidl_runtime_cpp/bounded_vector.hpp:18[m[K,
[1.542s]                  from [01m[K/opt/ros/galactic/include/sensor_msgs/msg/detail/imu__struct.hpp:8[m[K,
[1.542s]                  from [01m[K/opt/ros/galactic/include/sensor_msgs/msg/imu.hpp:7[m[K,
[1.542s]                  from [01m[K/home/robofei/ROS2/action/src/control/include/MotionManager.h:18[m[K,
[1.542s]                  from [01m[K/home/robofei/ROS2/action/src/control/src/motion/MotionManager.cpp:19[m[K:
[1.542s] [01m[K/usr/include/c++/9/bits/stl_vector.h:706:7:[m[K [01;36m[Knote: [m[Kcandidate: â€˜[01m[Kstd::vector<_Tp, _Alloc>& std::vector<_Tp, _Alloc>::operator=(std::vector<_Tp, _Alloc>&&) [with _Tp = int; _Alloc = std::allocator<int>][m[Kâ€™
[1.542s]   706 |       [01;36m[Koperator[m[K=(vector&& __x) noexcept(_Alloc_traits::_S_nothrow_move())
[1.542s]       |       [01;36m[K^~~~~~~~[m[K
[1.542s] [01m[K/usr/include/c++/9/bits/stl_vector.h:706:26:[m[K [01;36m[Knote: [m[K  no known conversion for argument 1 from â€˜[01m[K<brace-enclosed initializer list>[m[Kâ€™ to â€˜[01m[Kstd::vector<int>&&[m[Kâ€™
[1.542s]   706 |       operator=([01;36m[Kvector&& __x[m[K) noexcept(_Alloc_traits::_S_nothrow_move())
[1.542s]       |                 [01;36m[K~~~~~~~~~^~~[m[K
[1.542s] [01m[K/usr/include/c++/9/bits/stl_vector.h:727:7:[m[K [01;36m[Knote: [m[Kcandidate: â€˜[01m[Kstd::vector<_Tp, _Alloc>& std::vector<_Tp, _Alloc>::operator=(std::initializer_list<_Tp>) [with _Tp = int; _Alloc = std::allocator<int>][m[Kâ€™
[1.542s]   727 |       [01;36m[Koperator[m[K=(initializer_list<value_type> __l)
[1.542s]       |       [01;36m[K^~~~~~~~[m[K
[1.542s] [01m[K/usr/include/c++/9/bits/stl_vector.h:727:46:[m[K [01;36m[Knote: [m[K  no known conversion for argument 1 from â€˜[01m[K<brace-enclosed initializer list>[m[Kâ€™ to â€˜[01m[Kstd::initializer_list<int>[m[Kâ€™
[1.542s]   727 |       operator=([01;36m[Kinitializer_list<value_type> __l[m[K)
[1.542s]       |                 [01;36m[K~~~~~~~~~~~~~~~~~~~~~~~~~~~~~^~~[m[K
[1.545s] [01m[K/home/robofei/ROS2/action/src/control/src/motion/MotionManager.cpp:284:6:[m[K [01;35m[Kwarning: [m[Kunused variable â€˜[01m[Kjoint_num[m[Kâ€™ [[01;35m[K-Wunused-variable[m[K]
[1.545s]   284 |  int [01;35m[Kjoint_num[m[K = 0;
[1.545s]       |      [01;35m[K^~~~~~~~~[m[K
[1.546s] [01m[K/home/robofei/ROS2/action/src/control/src/motion/MotionManager.cpp:308:10:[m[K [01;31m[Kerror: [m[Kâ€˜[01m[Kspin_once[m[Kâ€™ is not a member of â€˜[01m[Krclcpp[m[Kâ€™; did you mean â€˜[01m[Kspin_some[m[Kâ€™?
[1.546s]   308 |  rclcpp::[01;31m[Kspin_once[m[K(std::make_shared<GaitPublisher>());
[1.546s]       |          [01;31m[K^~~~~~~~~[m[K
[1.546s]       |          [32m[Kspin_some[m[K
[1.546s] [01m[K/home/robofei/ROS2/action/src/control/src/motion/MotionManager.cpp:308:52:[m[K [01;31m[Kerror: [m[Kno matching function for call to â€˜[01m[Kmake_shared<((Robot::MotionManager*)this)->Robot::MotionManager::GaitPublisher>()[m[Kâ€™
[1.546s]   308 |  rclcpp::spin_once(std::make_shared<GaitPublisher>([01;31m[K)[m[K);
[1.546s]       |                                                    [01;31m[K^[m[K
[1.546s] In file included from [01m[K/usr/include/c++/9/memory:81[m[K,
[1.546s]                  from [01m[K/opt/ros/galactic/include/rosidl_runtime_cpp/bounded_vector.hpp:19[m[K,
[1.546s]                  from [01m[K/opt/ros/galactic/include/sensor_msgs/msg/detail/imu__struct.hpp:8[m[K,
[1.546s]                  from [01m[K/opt/ros/galactic/include/sensor_msgs/msg/imu.hpp:7[m[K,
[1.546s]                  from [01m[K/home/robofei/ROS2/action/src/control/include/MotionManager.h:18[m[K,
[1.546s]                  from [01m[K/home/robofei/ROS2/action/src/control/src/motion/MotionManager.cpp:19[m[K:
[1.546s] [01m[K/usr/include/c++/9/bits/shared_ptr.h:714:5:[m[K [01;36m[Knote: [m[Kcandidate: â€˜[01m[Ktemplate<class _Tp, class ... _Args> std::shared_ptr<_Tp> std::make_shared(_Args&& ...)[m[Kâ€™
[1.546s]   714 |     [01;36m[Kmake_shared[m[K(_Args&&... __args)
[1.546s]       |     [01;36m[K^~~~~~~~~~~[m[K
[1.546s] [01m[K/usr/include/c++/9/bits/shared_ptr.h:714:5:[m[K [01;36m[Knote: [m[K  template argument deduction/substitution failed:
[1.546s] [01m[K/home/robofei/ROS2/action/src/control/src/motion/MotionManager.cpp:[m[K In member function â€˜[01m[Kvoid Robot::MotionManager::SetEnable(bool)[m[Kâ€™:
[1.546s] [01m[K/home/robofei/ROS2/action/src/control/src/motion/MotionManager.cpp:311:36:[m[K [01;35m[Kwarning: [m[Kunused parameter â€˜[01m[Kenable[m[Kâ€™ [[01;35m[K-Wunused-parameter[m[K]
[1.546s]   311 | void MotionManager::SetEnable([01;35m[Kbool enable[m[K)
[1.546s]       |                               [01;35m[K~~~~~^~~~~~[m[K
[1.938s] make[2]: *** [CMakeFiles/control.dir/build.make:89: CMakeFiles/control.dir/src/motion/MotionManager.cpp.o] Error 1
[1.938s] make[2]: *** Waiting for unfinished jobs....
[7.041s] make[1]: *** [CMakeFiles/Makefile2:107: CMakeFiles/control.dir/all] Error 2
[7.041s] make: *** [Makefile:141: all] Error 2
[7.043s] Invoked command in '/home/robofei/ROS2/action/build/control' returned '2': AMENT_PREFIX_PATH=/home/robofei/ROS2/action/install/dynamixel_sdk_custom_interfaces:${AMENT_PREFIX_PATH} CMAKE_PREFIX_PATH=/home/robofei/ROS2/action/install/dynamixel_sdk_custom_interfaces:/opt/ros/galactic LD_LIBRARY_PATH=/home/robofei/ROS2/action/install/dynamixel_sdk_custom_interfaces/lib:${LD_LIBRARY_PATH} LESS= -R -X -F PYTHONPATH=/home/robofei/ROS2/action/install/dynamixel_sdk_custom_interfaces/lib/python3.8/site-packages:${PYTHONPATH} /usr/bin/cmake --build /home/robofei/ROS2/action/build/control -- -j12 -l12
