[35m[1mScanning dependencies of target control[0m
[35m[1mScanning dependencies of target motion[0m
[ 19%] Built target gait_publisher
[ 19%] Built target decision
[ 23%] [32mBuilding CXX object CMakeFiles/control.dir/src/control.cpp.o[0m
[ 28%] [32mBuilding CXX object CMakeFiles/motion.dir/src/motion/MotionManager.cpp.o[0m
[ 33%] [32mBuilding CXX object CMakeFiles/motion.dir/src/motion/JointData.cpp.o[0m
In file included from [01m[K/home/robo/ROS2/walk_test/src/control/src/motion/JointData.cpp:10[m[K:
[01m[K/home/robo/ROS2/walk_test/src/control/include/MotionManager.h:30:1:[m[K [01;31m[Kerror: [m[Kexpected initializer before â€˜[01m[Knamespace[m[Kâ€™
   30 | [01;31m[Knamespace[m[K Robot
      | [01;31m[K^~~~~~~~~[m[K
[01m[K/home/robo/ROS2/walk_test/src/control/src/motion/JointData.cpp:[m[K In member function â€˜[01m[Kvoid Robot::JointData::SetEnable(int, bool, bool)[m[Kâ€™:
[01m[K/home/robo/ROS2/walk_test/src/control/src/motion/JointData.cpp:41:29:[m[K [01;31m[Kerror: [m[Kâ€˜[01m[KMotionManager[m[Kâ€™ has not been declared
   41 |     if(enable && exclusive) [01;31m[KMotionManager[m[K::GetInstance()->SetJointDisable(id);
      |                             [01;31m[K^~~~~~~~~~~~~[m[K
In file included from [01m[K/home/robo/ROS2/walk_test/src/control/src/control.cpp:18[m[K:
[01m[K/home/robo/ROS2/walk_test/src/control/include/MotionManager.h:30:1:[m[K [01;31m[Kerror: [m[Kexpected initializer before â€˜[01m[Knamespace[m[Kâ€™
   30 | [01;31m[Knamespace[m[K Robot
      | [01;31m[K^~~~~~~~~[m[K
In file included from [01m[K/home/robo/ROS2/walk_test/src/control/src/motion/MotionManager.cpp:25[m[K:
[01m[K/home/robo/ROS2/walk_test/src/control/include/MotionManager.h:30:1:[m[K [01;31m[Kerror: [m[Kexpected initializer before â€˜[01m[Knamespace[m[Kâ€™
   30 | [01;31m[Knamespace[m[K Robot
      | [01;31m[K^~~~~~~~~[m[K
[01m[K/home/robo/ROS2/walk_test/src/control/src/motion/MotionManager.cpp:54:1:[m[K [01;31m[Kerror: [m[Kâ€˜[01m[KMotionManager[m[Kâ€™ does not name a type
   54 | [01;31m[KMotionManager[m[K* MotionManager::m_UniqueInstance = new MotionManager(options);
      | [01;31m[K^~~~~~~~~~~~~[m[K
[01m[K/home/robo/ROS2/walk_test/src/control/src/motion/MotionManager.cpp:56:1:[m[K [01;31m[Kerror: [m[Kâ€˜[01m[KMotionManager[m[Kâ€™ does not name a type
   56 | [01;31m[KMotionManager[m[K::MotionManager(const rclcpp::NodeOptions & options) :
      | [01;31m[K^~~~~~~~~~~~~[m[K
[01m[K/home/robo/ROS2/walk_test/src/control/src/motion/MotionManager.cpp:79:6:[m[K [01;31m[Kerror: [m[Kâ€˜[01m[KMotionManager[m[Kâ€™ has not been declared
   79 | void [01;31m[KMotionManager[m[K::update_loop(void)
      |      [01;31m[K^~~~~~~~~~~~~[m[K
In file included from [01m[K/opt/ros/foxy/include/rclcpp/service.hpp:34[m[K,
                 from [01m[K/opt/ros/foxy/include/rclcpp/callback_group.hpp:25[m[K,
                 from [01m[K/opt/ros/foxy/include/rclcpp/any_executable.hpp:20[m[K,
                 from [01m[K/opt/ros/foxy/include/rclcpp/memory_strategy.hpp:24[m[K,
                 from [01m[K/opt/ros/foxy/include/rclcpp/memory_strategies.hpp:18[m[K,
                 from [01m[K/opt/ros/foxy/include/rclcpp/executor_options.hpp:20[m[K,
                 from [01m[K/opt/ros/foxy/include/rclcpp/executor.hpp:33[m[K,
                 from [01m[K/opt/ros/foxy/include/rclcpp/executors/multi_threaded_executor.hpp:26[m[K,
                 from [01m[K/opt/ros/foxy/include/rclcpp/executors.hpp:21[m[K,
                 from [01m[K/opt/ros/foxy/include/rclcpp/rclcpp.hpp:146[m[K,
                 from [01m[K/home/robo/ROS2/walk_test/src/control/include/MotionManager.h:20[m[K,
                 from [01m[K/home/robo/ROS2/walk_test/src/control/src/motion/MotionManager.cpp:25[m[K:
[01m[K/home/robo/ROS2/walk_test/src/control/src/motion/MotionManager.cpp:[m[K In function â€˜[01m[Kvoid update_loop()[m[Kâ€™:
[01m[K/home/robo/ROS2/walk_test/src/control/src/motion/MotionManager.cpp:84:16:[m[K [01;31m[Kerror: [m[Kinvalid use of â€˜[01m[Kthis[m[Kâ€™ in non-member function
   84 |    RCLCPP_INFO([01;31m[Kthis[m[K->get_logger(), "Running motion manager");
      |                [01;31m[K^~~~[m[K
[01m[K/home/robo/ROS2/walk_test/src/control/src/motion/MotionManager.cpp:84:16:[m[K [01;31m[Kerror: [m[Kinvalid use of â€˜[01m[Kthis[m[Kâ€™ in non-member function
[01m[K/home/robo/ROS2/walk_test/src/control/src/motion/MotionManager.cpp:84:4:[m[K [01;31m[Kerror: [m[Ktemplate argument 1 is invalid
   84 |    [01;31m[KRCLCPP_INFO[m[K(this->get_logger(), "Running motion manager");
      |    [01;31m[K^~~~~~~~~~~[m[K
[01m[K/home/robo/ROS2/walk_test/src/control/src/motion/MotionManager.cpp:84:4:[m[K [01;31m[Kerror: [m[Ktemplate argument 1 is invalid
   84 |    [01;31m[KRCLCPP_INFO[m[K(this->get_logger(), "Running motion manager");
      |    [01;31m[K^~~~~~~~~~~[m[K
[01m[K/home/robo/ROS2/walk_test/src/control/src/motion/MotionManager.cpp:84:4:[m[K [01;31m[Kerror: [m[Ktemplate argument 1 is invalid
   84 |    [01;31m[KRCLCPP_INFO[m[K(this->get_logger(), "Running motion manager");
      |    [01;31m[K^~~~~~~~~~~[m[K
In file included from [01m[K/opt/ros/foxy/include/rclcpp/client.hpp:40[m[K,
                 from [01m[K/opt/ros/foxy/include/rclcpp/callback_group.hpp:23[m[K,
                 from [01m[K/opt/ros/foxy/include/rclcpp/any_executable.hpp:20[m[K,
                 from [01m[K/opt/ros/foxy/include/rclcpp/memory_strategy.hpp:24[m[K,
                 from [01m[K/opt/ros/foxy/include/rclcpp/memory_strategies.hpp:18[m[K,
                 from [01m[K/opt/ros/foxy/include/rclcpp/executor_options.hpp:20[m[K,
                 from [01m[K/opt/ros/foxy/include/rclcpp/executor.hpp:33[m[K,
                 from [01m[K/opt/ros/foxy/include/rclcpp/executors/multi_threaded_executor.hpp:26[m[K,
                 from [01m[K/opt/ros/foxy/include/rclcpp/executors.hpp:21[m[K,
                 from [01m[K/opt/ros/foxy/include/rclcpp/rclcpp.hpp:146[m[K,
                 from [01m[K/home/robo/ROS2/walk_test/src/control/include/MotionManager.h:20[m[K,
                 from [01m[K/home/robo/ROS2/walk_test/src/control/src/motion/MotionManager.cpp:25[m[K:
[01m[K/home/robo/ROS2/walk_test/src/control/src/motion/MotionManager.cpp:84:16:[m[K [01;31m[Kerror: [m[Kinvalid use of â€˜[01m[Kthis[m[Kâ€™ in non-member function
   84 |    RCLCPP_INFO([01;31m[Kthis[m[K->get_logger(), "Running motion manager");
      |                [01;31m[K^~~~[m[K
[01m[K/home/robo/ROS2/walk_test/src/control/src/motion/MotionManager.cpp:84:16:[m[K [01;31m[Kerror: [m[Kinvalid use of â€˜[01m[Kthis[m[Kâ€™ in non-member function
   84 |    RCLCPP_INFO([01;31m[Kthis[m[K->get_logger(), "Running motion manager");
      |                [01;31m[K^~~~[m[K
[01m[K/home/robo/ROS2/walk_test/src/control/src/motion/MotionManager.cpp:85:4:[m[K [01;31m[Kerror: [m[Kinvalid use of â€˜[01m[Kthis[m[Kâ€™ in non-member function
   85 |    [01;31m[Kthis[m[K->Process();
      |    [01;31m[K^~~~[m[K
[01m[K/home/robo/ROS2/walk_test/src/control/src/motion/MotionManager.cpp:[m[K At global scope:
[01m[K/home/robo/ROS2/walk_test/src/control/src/motion/MotionManager.cpp:89:1:[m[K [01;31m[Kerror: [m[Kâ€˜[01m[KMotionManager[m[Kâ€™ does not name a type
   89 | [01;31m[KMotionManager[m[K::~MotionManager()
      | [01;31m[K^~~~~~~~~~~~~[m[K
[01m[K/home/robo/ROS2/walk_test/src/control/src/motion/MotionManager.cpp:93:6:[m[K [01;31m[Kerror: [m[Kâ€˜[01m[KMotionManager[m[Kâ€™ has not been declared
   93 | void [01;31m[KMotionManager[m[K::topic_callback(const std::shared_ptr<sensor_msgs::msg::Imu> imu_msg_) const
      |      [01;31m[K^~~~~~~~~~~~~[m[K
[01m[K/home/robo/ROS2/walk_test/src/control/src/motion/MotionManager.cpp:93:91:[m[K [01;31m[Kerror: [m[Knon-member function â€˜[01m[Kvoid topic_callback(std::shared_ptr<sensor_msgs::msg::Imu_<std::allocator<void> > >)[m[Kâ€™ cannot have cv-qualifier
   93 | void MotionManager::topic_callback(const std::shared_ptr<sensor_msgs::msg::Imu> imu_msg_) [01;31m[Kconst[m[K
      |                                                                                           [01;31m[K^~~~~[m[K
[01m[K/home/robo/ROS2/walk_test/src/control/src/motion/MotionManager.cpp:[m[K In function â€˜[01m[Kvoid topic_callback(std::shared_ptr<sensor_msgs::msg::Imu_<std::allocator<void> > >)[m[Kâ€™:
[01m[K/home/robo/ROS2/walk_test/src/control/src/motion/MotionManager.cpp:95:15:[m[K [01;35m[Kwarning: [m[Kunused variable â€˜[01m[KIMU_GYRO_X[m[Kâ€™ [[01;35m[K-Wunused-variable[m[K]
   95 |         float [01;35m[KIMU_GYRO_X[m[K = -imu_msg_->angular_velocity.x/10;
      |               [01;35m[K^~~~~~~~~~[m[K
[01m[K/home/robo/ROS2/walk_test/src/control/src/motion/MotionManager.cpp:96:15:[m[K [01;35m[Kwarning: [m[Kunused variable â€˜[01m[KIMU_GYRO_Y[m[Kâ€™ [[01;35m[K-Wunused-variable[m[K]
   96 |         float [01;35m[KIMU_GYRO_Y[m[K  = -imu_msg_->angular_velocity.y/10;
      |               [01;35m[K^~~~~~~~~~[m[K
[01m[K/home/robo/ROS2/walk_test/src/control/src/motion/MotionManager.cpp:[m[K At global scope:
[01m[K/home/robo/ROS2/walk_test/src/control/src/motion/MotionManager.cpp:99:6:[m[K [01;31m[Kerror: [m[Kâ€˜[01m[KMotionManager[m[Kâ€™ has not been declared
   99 | void [01;31m[KMotionManager[m[K::topic_callback_walk(const std::shared_ptr<dynamixel_sdk_custom_interfaces::msg::Walk> walk_msg_) const
      |      [01;31m[K^~~~~~~~~~~~~[m[K
[01m[K/home/robo/ROS2/walk_test/src/control/src/motion/MotionManager.cpp:99:118:[m[K [01;31m[Kerror: [m[Knon-member function â€˜[01m[Kvoid topic_callback_walk(std::shared_ptr<dynamixel_sdk_custom_interfaces::msg::Walk_<std::allocator<void> > >)[m[Kâ€™ cannot have cv-qualifier
   99 | allback_walk(const std::shared_ptr<dynamixel_sdk_custom_interfaces::msg::Walk> walk_msg_) [01;31m[Kconst[m[K
      |                                                                                           [01;31m[K^~~~~[m[K

[01m[K/home/robo/ROS2/walk_test/src/control/src/motion/MotionManager.cpp:[m[K In function â€˜[01m[Kvoid topic_callback_walk(std::shared_ptr<dynamixel_sdk_custom_interfaces::msg::Walk_<std::allocator<void> > >)[m[Kâ€™:
[01m[K/home/robo/ROS2/walk_test/src/control/src/motion/MotionManager.cpp:105:5:[m[K [01;31m[Kerror: [m[Kâ€˜[01m[KMotionManager[m[Kâ€™ has not been declared
  105 |     [01;31m[KMotionManager[m[K::GetInstance()->SetEnable(true);
      |     [01;31m[K^~~~~~~~~~~~~[m[K
[01m[K/home/robo/ROS2/walk_test/src/control/src/motion/MotionManager.cpp:106:23:[m[K [01;31m[Kerror: [m[Kexpected â€˜[01m[K;[m[Kâ€™ before â€˜[01m[K}[m[Kâ€™ token
  106 |     keep_walking==true
      |                       [01;31m[K^[m[K
      |                       [32m[K;[m[K
  107 |    [32m[K}[m[K
      |    [32m[K~[m[K                   
[01m[K/home/robo/ROS2/walk_test/src/control/src/motion/MotionManager.cpp:106:17:[m[K [01;35m[Kwarning: [m[Kstatement has no effect [[01;35m[K-Wunused-value[m[K]
  106 |     [01;35m[Kkeep_walking==true[m[K
      |     [01;35m[K~~~~~~~~~~~~^~~~~~[m[K
[01m[K/home/robo/ROS2/walk_test/src/control/src/motion/MotionManager.cpp:112:5:[m[K [01;31m[Kerror: [m[Kâ€˜[01m[KMotionManager[m[Kâ€™ has not been declared
  112 |     [01;31m[KMotionManager[m[K::GetInstance()->SetEnable(false);
      |     [01;31m[K^~~~~~~~~~~~~[m[K
[01m[K/home/robo/ROS2/walk_test/src/control/src/motion/MotionManager.cpp:113:24:[m[K [01;31m[Kerror: [m[Kexpected â€˜[01m[K;[m[Kâ€™ before â€˜[01m[K}[m[Kâ€™ token
  113 |     keep_walking==false
      |                        [01;31m[K^[m[K
      |                        [32m[K;[m[K
  114 |    [32m[K}[m[K
      |    [32m[K~[m[K                    
[01m[K/home/robo/ROS2/walk_test/src/control/src/motion/MotionManager.cpp:113:17:[m[K [01;35m[Kwarning: [m[Kstatement has no effect [[01;35m[K-Wunused-value[m[K]
  113 |     [01;35m[Kkeep_walking==false[m[K
      |     [01;35m[K~~~~~~~~~~~~^~~~~~~[m[K
[01m[K/home/robo/ROS2/walk_test/src/control/src/motion/MotionManager.cpp:[m[K At global scope:
[01m[K/home/robo/ROS2/walk_test/src/control/src/motion/MotionManager.cpp:118:6:[m[K [01;31m[Kerror: [m[Kâ€˜[01m[KMotionManager[m[Kâ€™ has not been declared
  118 | bool [01;31m[KMotionManager[m[K::Initialize(bool fadeIn)
      |      [01;31m[K^~~~~~~~~~~~~[m[K
[01m[K/home/robo/ROS2/walk_test/src/control/src/motion/MotionManager.cpp:[m[K In function â€˜[01m[Kbool Initialize(bool)[m[Kâ€™:
[01m[K/home/robo/ROS2/walk_test/src/control/src/motion/MotionManager.cpp:125:2:[m[K [01;31m[Kerror: [m[Kâ€˜[01m[Km_Enabled[m[Kâ€™ was not declared in this scope
  125 |  [01;31m[Km_Enabled[m[K = false;
      |  [01;31m[K^~~~~~~~~[m[K
[01m[K/home/robo/ROS2/walk_test/src/control/src/motion/MotionManager.cpp:126:2:[m[K [01;31m[Kerror: [m[Kâ€˜[01m[Km_ProcessEnable[m[Kâ€™ was not declared in this scope
  126 |  [01;31m[Km_ProcessEnable[m[K = true;
      |  [01;31m[K^~~~~~~~~~~~~~~[m[K
[01m[K/home/robo/ROS2/walk_test/src/control/src/motion/MotionManager.cpp:140:6:[m[K [01;31m[Kerror: [m[Kâ€˜[01m[KDEBUG_PRINT[m[Kâ€™ was not declared in this scope
  140 |   if([01;31m[KDEBUG_PRINT[m[K == true)
      |      [01;31m[K^~~~~~~~~~~[m[K
[01m[K/home/robo/ROS2/walk_test/src/control/src/motion/MotionManager.cpp:144:11:[m[K [01;31m[Kerror: [m[Kâ€˜[01m[Kclient[m[Kâ€™ was not declared in this scope
  144 |   while (![01;31m[Kclient[m[K->wait_for_service(1s)) {
      |           [01;31m[K^~~~~~[m[K
[01m[K/home/robo/ROS2/walk_test/src/control/src/motion/MotionManager.cpp:152:17:[m[K [01;31m[Kerror: [m[Kâ€˜[01m[Kclient[m[Kâ€™ was not declared in this scope
  152 |   auto result = [01;31m[Kclient[m[K->async_send_request(request);
      |                 [01;31m[K^~~~~~[m[K
[01m[K/home/robo/ROS2/walk_test/src/control/src/motion/MotionManager.cpp:154:42:[m[K [01;31m[Kerror: [m[Kinvalid use of â€˜[01m[Kthis[m[Kâ€™ in non-member function
  154 |   if (rclcpp::spin_until_future_complete([01;31m[Kthis[m[K->get_node_base_interface(), result) ==
      |                                          [01;31m[K^~~~[m[K
[01m[K/home/robo/ROS2/walk_test/src/control/src/motion/MotionManager.cpp:190:2:[m[K [01;31m[Kerror: [m[Kâ€˜[01m[Km_fadeIn[m[Kâ€™ was not declared in this scope; did you mean â€˜[01m[KfadeIn[m[Kâ€™?
  190 |  [01;31m[Km_fadeIn[m[K = fadeIn;
      |  [01;31m[K^~~~~~~~[m[K
      |  [32m[KfadeIn[m[K
[01m[K/home/robo/ROS2/walk_test/src/control/src/motion/MotionManager.cpp:191:2:[m[K [01;31m[Kerror: [m[Kâ€˜[01m[Km_torque_count[m[Kâ€™ was not declared in this scope
  191 |  [01;31m[Km_torque_count[m[K = 0;
      |  [01;31m[K^~~~~~~~~~~~~~[m[K
[01m[K/home/robo/ROS2/walk_test/src/control/src/motion/MotionManager.cpp:193:2:[m[K [01;31m[Kerror: [m[Kâ€˜[01m[Km_CalibrationStatus[m[Kâ€™ was not declared in this scope
  193 |  [01;31m[Km_CalibrationStatus[m[K = 0;
      |  [01;31m[K^~~~~~~~~~~~~~~~~~~[m[K
[01m[K/home/robo/ROS2/walk_test/src/control/src/motion/MotionManager.cpp:194:2:[m[K [01;31m[Kerror: [m[Kâ€˜[01m[Km_FBGyroCenter[m[Kâ€™ was not declared in this scope
  194 |  [01;31m[Km_FBGyroCenter[m[K = 512;
      |  [01;31m[K^~~~~~~~~~~~~~[m[K
[01m[K/home/robo/ROS2/walk_test/src/control/src/motion/MotionManager.cpp:195:2:[m[K [01;31m[Kerror: [m[Kâ€˜[01m[Km_RLGyroCenter[m[Kâ€™ was not declared in this scope
  195 |  [01;31m[Km_RLGyroCenter[m[K = 512;
      |  [01;31m[K^~~~~~~~~~~~~~[m[K
[01m[K/home/robo/ROS2/walk_test/src/control/src/motion/MotionManager.cpp:121:6:[m[K [01;35m[Kwarning: [m[Kunused variable â€˜[01m[Kvalue[m[Kâ€™ [[01;35m[K-Wunused-variable[m[K]
  121 |  int [01;35m[Kvalue[m[K, error;
      |      [01;35m[K^~~~~[m[K
[01m[K/home/robo/ROS2/walk_test/src/control/src/motion/MotionManager.cpp:121:13:[m[K [01;35m[Kwarning: [m[Kunused variable â€˜[01m[Kerror[m[Kâ€™ [[01;35m[K-Wunused-variable[m[K]
  121 |  int value, [01;35m[Kerror[m[K;
      |             [01;35m[K^~~~~[m[K
[01m[K/home/robo/ROS2/walk_test/src/control/src/motion/MotionManager.cpp:[m[K At global scope:
[01m[K/home/robo/ROS2/walk_test/src/control/src/motion/MotionManager.cpp:200:6:[m[K [01;31m[Kerror: [m[Kâ€˜[01m[KMotionManager[m[Kâ€™ has not been declared
  200 | bool [01;31m[KMotionManager[m[K::Reinitialize()
      |      [01;31m[K^~~~~~~~~~~~~[m[K
[01m[K/home/robo/ROS2/walk_test/src/control/src/motion/MotionManager.cpp:[m[K In function â€˜[01m[Kbool Reinitialize()[m[Kâ€™:
[01m[K/home/robo/ROS2/walk_test/src/control/src/motion/MotionManager.cpp:202:2:[m[K [01;31m[Kerror: [m[Kâ€˜[01m[Km_ProcessEnable[m[Kâ€™ was not declared in this scope
  202 |  [01;31m[Km_ProcessEnable[m[K = false;
      |  [01;31m[K^~~~~~~~~~~~~~~[m[K
[01m[K/home/robo/ROS2/walk_test/src/control/src/motion/MotionManager.cpp:209:6:[m[K [01;31m[Kerror: [m[Kâ€˜[01m[KDEBUG_PRINT[m[Kâ€™ was not declared in this scope
  209 |   if([01;31m[KDEBUG_PRINT[m[K == true)
      |      [01;31m[K^~~~~~~~~~~[m[K
[01m[K/home/robo/ROS2/walk_test/src/control/src/motion/MotionManager.cpp:206:6:[m[K [01;35m[Kwarning: [m[Kunused variable â€˜[01m[Kvalue[m[Kâ€™ [[01;35m[K-Wunused-variable[m[K]
  206 |  int [01;35m[Kvalue[m[K, error;
      |      [01;35m[K^~~~~[m[K
[01m[K/home/robo/ROS2/walk_test/src/control/src/motion/MotionManager.cpp:206:13:[m[K [01;35m[Kwarning: [m[Kunused variable â€˜[01m[Kerror[m[Kâ€™ [[01;35m[K-Wunused-variable[m[K]
  206 |  int value, [01;35m[Kerror[m[K;
      |             [01;35m[K^~~~~[m[K
[01m[K/home/robo/ROS2/walk_test/src/control/src/motion/MotionManager.cpp:[m[K At global scope:
[01m[K/home/robo/ROS2/walk_test/src/control/src/motion/MotionManager.cpp:233:6:[m[K [01;31m[Kerror: [m[Kâ€˜[01m[KMotionManager[m[Kâ€™ has not been declared
  233 | void [01;31m[KMotionManager[m[K::Restartrobot()
      |      [01;31m[K^~~~~~~~~~~~~[m[K
[01m[K/home/robo/ROS2/walk_test/src/control/src/motion/MotionManager.cpp:[m[K In function â€˜[01m[Kvoid Restartrobot()[m[Kâ€™:
[01m[K/home/robo/ROS2/walk_test/src/control/src/motion/MotionManager.cpp:235:2:[m[K [01;31m[Kerror: [m[Kâ€˜[01m[Km_torque_count[m[Kâ€™ was not declared in this scope
  235 |  [01;31m[Km_torque_count[m[K=0;
      |  [01;31m[K^~~~~~~~~~~~~~[m[K
[01m[K/home/robo/ROS2/walk_test/src/control/src/motion/MotionManager.cpp:[m[K At global scope:
[01m[K/home/robo/ROS2/walk_test/src/control/src/motion/MotionManager.cpp:238:6:[m[K [01;31m[Kerror: [m[Kâ€˜[01m[KMotionManager[m[Kâ€™ has not been declared
  238 | void [01;31m[KMotionManager[m[K::StartLogging()
      |      [01;31m[K^~~~~~~~~~~~~[m[K
[01m[K/home/robo/ROS2/walk_test/src/control/src/motion/MotionManager.cpp:[m[K In function â€˜[01m[Kvoid StartLogging()[m[Kâ€™:
[01m[K/home/robo/ROS2/walk_test/src/control/src/motion/MotionManager.cpp:251:3:[m[K [01;31m[Kerror: [m[Kâ€˜[01m[Km_LogFileStream[m[Kâ€™ was not declared in this scope
  251 |   [01;31m[Km_LogFileStream[m[K.open(szFile, std::ios::out);
      |   [01;31m[K^~~~~~~~~~~~~~~[m[K
[01m[K/home/robo/ROS2/walk_test/src/control/src/motion/MotionManager.cpp:256:5:[m[K [01;31m[Kerror: [m[Kâ€˜[01m[Km_IsLogging[m[Kâ€™ was not declared in this scope
  256 |     [01;31m[Km_IsLogging[m[K = true;
      |     [01;31m[K^~~~~~~~~~~[m[K
[01m[K/home/robo/ROS2/walk_test/src/control/src/motion/MotionManager.cpp:[m[K At global scope:
[01m[K/home/robo/ROS2/walk_test/src/control/src/motion/MotionManager.cpp:259:6:[m[K [01;31m[Kerror: [m[Kâ€˜[01m[KMotionManager[m[Kâ€™ has not been declared
  259 | void [01;31m[KMotionManager[m[K::StopLogging()
      |      [01;31m[K^~~~~~~~~~~~~[m[K
[01m[K/home/robo/ROS2/walk_test/src/control/src/motion/MotionManager.cpp:[m[K In function â€˜[01m[Kvoid StopLogging()[m[Kâ€™:
[01m[K/home/robo/ROS2/walk_test/src/control/src/motion/MotionManager.cpp:261:5:[m[K [01;31m[Kerror: [m[Kâ€˜[01m[Km_IsLogging[m[Kâ€™ was not declared in this scope
  261 |     [01;31m[Km_IsLogging[m[K = false;
      |     [01;31m[K^~~~~~~~~~~[m[K
[01m[K/home/robo/ROS2/walk_test/src/control/src/motion/MotionManager.cpp:262:5:[m[K [01;31m[Kerror: [m[Kâ€˜[01m[Km_LogFileStream[m[Kâ€™ was not declared in this scope
  262 |     [01;31m[Km_LogFileStream[m[K.close();
      |     [01;31m[K^~~~~~~~~~~~~~~[m[K
[01m[K/home/robo/ROS2/walk_test/src/control/src/motion/MotionManager.cpp:[m[K At global scope:
[01m[K/home/robo/ROS2/walk_test/src/control/src/motion/MotionManager.cpp:265:6:[m[K [01;31m[Kerror: [m[Kâ€˜[01m[KMotionManager[m[Kâ€™ has not been declared
  265 | void [01;31m[KMotionManager[m[K::LoadINISettings(minIni* ini)
      |      [01;31m[K^~~~~~~~~~~~~[m[K
[01m[K/home/robo/ROS2/walk_test/src/control/src/motion/MotionManager.cpp:[m[K In function â€˜[01m[Kvoid LoadINISettings(minIni*)[m[Kâ€™:
[01m[K/home/robo/ROS2/walk_test/src/control/src/motion/MotionManager.cpp:267:40:[m[K [01;31m[Kerror: [m[Ktoo many arguments to function â€˜[01m[Kvoid LoadINISettings(minIni*)[m[Kâ€™
  267 |     LoadINISettings(ini, OFFSET_SECTION[01;31m[K)[m[K;
      |                                        [01;31m[K^[m[K
[01m[K/home/robo/ROS2/walk_test/src/control/src/motion/MotionManager.cpp:265:6:[m[K [01;36m[Knote: [m[Kdeclared here
  265 | void [01;36m[KMotionManager[m[K::LoadINISettings(minIni* ini)
      |      [01;36m[K^~~~~~~~~~~~~[m[K
[01m[K/home/robo/ROS2/walk_test/src/control/src/motion/MotionManager.cpp:[m[K At global scope:
[01m[K/home/robo/ROS2/walk_test/src/control/src/motion/MotionManager.cpp:269:6:[m[K [01;31m[Kerror: [m[Kâ€˜[01m[KMotionManager[m[Kâ€™ has not been declared
  269 | void [01;31m[KMotionManager[m[K::LoadINISettings(minIni* ini, const std::string &section)
      |      [01;31m[K^~~~~~~~~~~~~[m[K
[01m[K/home/robo/ROS2/walk_test/src/control/src/motion/MotionManager.cpp:[m[K In function â€˜[01m[Kvoid LoadINISettings(minIni*, const string&)[m[Kâ€™:
[01m[K/home/robo/ROS2/walk_test/src/control/src/motion/MotionManager.cpp:277:81:[m[K [01;31m[Kerror: [m[Kâ€˜[01m[Km_Offset[m[Kâ€™ was not declared in this scope
  277 |         if((ivalue = ini->geti(section, key, INVALID_VALUE)) != INVALID_VALUE)  [01;31m[Km_Offset[m[K[i] = ivalue;
      |                                                                                 [01;31m[K^~~~~~~~[m[K
[01m[K/home/robo/ROS2/walk_test/src/control/src/motion/MotionManager.cpp:279:3:[m[K [01;31m[Kerror: [m[Kâ€˜[01m[Km_angleEstimator[m[Kâ€™ was not declared in this scope; did you mean â€˜[01m[KAngleEstimator[m[Kâ€™?
  279 |   [01;31m[Km_angleEstimator[m[K.LoadINISettings(ini, section + "_angle");
      |   [01;31m[K^~~~~~~~~~~~~~~~[m[K
      |   [32m[KAngleEstimator[m[K
[01m[K/home/robo/ROS2/walk_test/src/control/src/motion/MotionManager.cpp:[m[K At global scope:
[01m[K/home/robo/ROS2/walk_test/src/control/src/motion/MotionManager.cpp:281:6:[m[K [01;31m[Kerror: [m[Kâ€˜[01m[KMotionManager[m[Kâ€™ has not been declared
  281 | void [01;31m[KMotionManager[m[K::SaveINISettings(minIni* ini)
      |      [01;31m[K^~~~~~~~~~~~~[m[K
[01m[K/home/robo/ROS2/walk_test/src/control/src/motion/MotionManager.cpp:[m[K In function â€˜[01m[Kvoid SaveINISettings(minIni*)[m[Kâ€™:
[01m[K/home/robo/ROS2/walk_test/src/control/src/motion/MotionManager.cpp:283:40:[m[K [01;31m[Kerror: [m[Ktoo many arguments to function â€˜[01m[Kvoid SaveINISettings(minIni*)[m[Kâ€™
  283 |     SaveINISettings(ini, OFFSET_SECTION[01;31m[K)[m[K;
      |                                        [01;31m[K^[m[K
[01m[K/home/robo/ROS2/walk_test/src/control/src/motion/MotionManager.cpp:281:6:[m[K [01;36m[Knote: [m[Kdeclared here
  281 | void [01;36m[KMotionManager[m[K::SaveINISettings(minIni* ini)
      |      [01;36m[K^~~~~~~~~~~~~[m[K
[01m[K/home/robo/ROS2/walk_test/src/control/src/motion/MotionManager.cpp:[m[K At global scope:
[01m[K/home/robo/ROS2/walk_test/src/control/src/motion/MotionManager.cpp:285:6:[m[K [01;31m[Kerror: [m[Kâ€˜[01m[KMotionManager[m[Kâ€™ has not been declared
  285 | void [01;31m[KMotionManager[m[K::SaveINISettings(minIni* ini, const std::string &section)
      |      [01;31m[K^~~~~~~~~~~~~[m[K
[01m[K/home/robo/ROS2/walk_test/src/control/src/motion/MotionManager.cpp:[m[K In function â€˜[01m[Kvoid SaveINISettings(minIni*, const string&)[m[Kâ€™:
[01m[K/home/robo/ROS2/walk_test/src/control/src/motion/MotionManager.cpp:291:32:[m[K [01;31m[Kerror: [m[Kâ€˜[01m[Km_Offset[m[Kâ€™ was not declared in this scope
  291 |         ini->put(section, key, [01;31m[Km_Offset[m[K[i]);
      |                                [01;31m[K^~~~~~~~[m[K
[01m[K/home/robo/ROS2/walk_test/src/control/src/motion/MotionManager.cpp:293:3:[m[K [01;31m[Kerror: [m[Kâ€˜[01m[Km_angleEstimator[m[Kâ€™ was not declared in this scope; did you mean â€˜[01m[KAngleEstimator[m[Kâ€™?
  293 |   [01;31m[Km_angleEstimator[m[K.SaveINISettings(ini, section + "_angle");
      |   [01;31m[K^~~~~~~~~~~~~~~~[m[K
      |   [32m[KAngleEstimator[m[K
[01m[K/home/robo/ROS2/walk_test/src/control/src/motion/MotionManager.cpp:[m[K At global scope:
[01m[K/home/robo/ROS2/walk_test/src/control/src/motion/MotionManager.cpp:299:6:[m[K [01;31m[Kerror: [m[Kâ€˜[01m[KMotionManager[m[Kâ€™ has not been declared
  299 | void [01;31m[KMotionManager[m[K::Process()
      |      [01;31m[K^~~~~~~~~~~~~[m[K
[01m[K/home/robo/ROS2/walk_test/src/control/src/motion/MotionManager.cpp:[m[K In function â€˜[01m[Kvoid Process()[m[Kâ€™:
[01m[K/home/robo/ROS2/walk_test/src/control/src/motion/MotionManager.cpp:308:5:[m[K [01;31m[Kerror: [m[Kâ€˜[01m[Km_fadeIn[m[Kâ€™ was not declared in this scope
  308 |  if([01;31m[Km_fadeIn[m[K && m_torque_count < DEST_TORQUE) {
      |     [01;31m[K^~~~~~~~[m[K
[01m[K/home/robo/ROS2/walk_test/src/control/src/motion/MotionManager.cpp:308:17:[m[K [01;31m[Kerror: [m[Kâ€˜[01m[Km_torque_count[m[Kâ€™ was not declared in this scope
  308 |  if(m_fadeIn && [01;31m[Km_torque_count[m[K < DEST_TORQUE) {
      |                 [01;31m[K^~~~~~~~~~~~~~[m[K
[01m[K/home/robo/ROS2/walk_test/src/control/src/motion/MotionManager.cpp:322:3:[m[K [01;31m[Kerror: [m[Kâ€˜[01m[Kpublisher_single[m[Kâ€™ was not declared in this scope
  322 |   [01;31m[Kpublisher_single[m[K->publish(message_single);
      |   [01;31m[K^~~~~~~~~~~~~~~~[m[K
[01m[K/home/robo/ROS2/walk_test/src/control/src/motion/MotionManager.cpp:361:2:[m[K [01;31m[Kerror: [m[Kâ€˜[01m[Km_ProcessEnable[m[Kâ€™ was not declared in this scope
  361 |  [01;31m[Km_ProcessEnable[m[K == true; // TIRAR DEPOIS
      |  [01;31m[K^~~~~~~~~~~~~~~[m[K
[01m[K/home/robo/ROS2/walk_test/src/control/src/motion/MotionManager.cpp:362:2:[m[K [01;31m[Kerror: [m[Kâ€˜[01m[Km_IsRunning[m[Kâ€™ was not declared in this scope
  362 |  [01;31m[Km_IsRunning[m[K == false; // TIRAR DEPOIS
      |  [01;31m[K^~~~~~~~~~~[m[K
[01m[K/home/robo/ROS2/walk_test/src/control/src/motion/MotionManager.cpp:370:2:[m[K [01;31m[Kerror: [m[Kâ€˜[01m[Km_CalibrationStatus[m[Kâ€™ was not declared in this scope
  370 |  [01;31m[Km_CalibrationStatus[m[K = 1;
      |  [01;31m[K^~~~~~~~~~~~~~~~~~~[m[K
[01m[K/home/robo/ROS2/walk_test/src/control/src/motion/MotionManager.cpp:374:36:[m[K [01;31m[Kerror: [m[Kâ€˜[01m[Km_Enabled[m[Kâ€™ was not declared in this scope
  374 |     if(m_CalibrationStatus == 1 && [01;31m[Km_Enabled[m[K == true)
      |                                    [01;31m[K^~~~~~~~~[m[K
[01m[K/home/robo/ROS2/walk_test/src/control/src/motion/MotionManager.cpp:379:26:[m[K [01;31m[Kerror: [m[Kâ€˜[01m[KIMU_GYRO_Y[m[Kâ€™ was not declared in this scope
  379 |   int gyroValFB = (int) ([01;31m[KIMU_GYRO_Y[m[K*16);
      |                          [01;31m[K^~~~~~~~~~[m[K
[01m[K/home/robo/ROS2/walk_test/src/control/src/motion/MotionManager.cpp:380:26:[m[K [01;31m[Kerror: [m[Kâ€˜[01m[KIMU_GYRO_X[m[Kâ€™ was not declared in this scope
  380 |   int gyroValRL = (int) ([01;31m[KIMU_GYRO_X[m[K*16);
      |                          [01;31m[K^~~~~~~~~~[m[K
[01m[K/home/robo/ROS2/walk_test/src/control/src/motion/MotionManager.cpp:386:6:[m[K [01;31m[Kerror: [m[Kâ€˜[01m[Km_Modules[m[Kâ€™ was not declared in this scope
  386 |   if([01;31m[Km_Modules[m[K.size() != 0)
      |      [01;31m[K^~~~~~~~~[m[K
[01m[K/home/robo/ROS2/walk_test/src/control/src/motion/MotionManager.cpp:411:8:[m[K [01;31m[Kerror: [m[Kâ€˜[01m[KDEBUG_PRINT[m[Kâ€™ was not declared in this scope
  411 |     if([01;31m[KDEBUG_PRINT[m[K == true)
      |        [01;31m[K^~~~~~~~~~~[m[K
[01m[K/home/robo/ROS2/walk_test/src/control/src/motion/MotionManager.cpp:416:3:[m[K [01;31m[Kerror: [m[Kâ€˜[01m[Kpublisher_[m[Kâ€™ was not declared in this scope; did you mean â€˜[01m[Krcl_publisher_t[m[Kâ€™?
  416 |   [01;31m[Kpublisher_[m[K->publish(message);
      |   [01;31m[K^~~~~~~~~~[m[K
      |   [32m[Krcl_publisher_t[m[K
[01m[K/home/robo/ROS2/walk_test/src/control/src/motion/MotionManager.cpp:403:7:[m[K [01;35m[Kwarning: [m[Kunused variable â€˜[01m[Kjoint_num[m[Kâ€™ [[01;35m[K-Wunused-variable[m[K]
  403 |   int [01;35m[Kjoint_num[m[K = 0;
      |       [01;35m[K^~~~~~~~~[m[K
[01m[K/home/robo/ROS2/walk_test/src/control/src/motion/MotionManager.cpp:[m[K At global scope:
[01m[K/home/robo/ROS2/walk_test/src/control/src/motion/MotionManager.cpp:432:6:[m[K [01;31m[Kerror: [m[Kâ€˜[01m[KMotionManager[m[Kâ€™ has not been declared
  432 | void [01;31m[KMotionManager[m[K::SetEnable(bool enable)
      |      [01;31m[K^~~~~~~~~~~~~[m[K
[01m[K/home/robo/ROS2/walk_test/src/control/src/motion/MotionManager.cpp:[m[K In function â€˜[01m[Kvoid SetEnable(bool)[m[Kâ€™:
[01m[K/home/robo/ROS2/walk_test/src/control/src/motion/MotionManager.cpp:435:2:[m[K [01;31m[Kerror: [m[Kâ€˜[01m[Km_Enabled[m[Kâ€™ was not declared in this scope
  435 |  [01;31m[Km_Enabled[m[K = enable;
      |  [01;31m[K^~~~~~~~~[m[K
[01m[K/home/robo/ROS2/walk_test/src/control/src/motion/MotionManager.cpp:441:2:[m[K [01;31m[Kerror: [m[Kâ€˜[01m[Kpublisher_single[m[Kâ€™ was not declared in this scope
  441 |  [01;31m[Kpublisher_single[m[K->publish(message_single);
      |  [01;31m[K^~~~~~~~~~~~~~~~[m[K
[01m[K/home/robo/ROS2/walk_test/src/control/src/motion/MotionManager.cpp:[m[K At global scope:
[01m[K/home/robo/ROS2/walk_test/src/control/src/motion/MotionManager.cpp:448:6:[m[K [01;31m[Kerror: [m[Kâ€˜[01m[KMotionManager[m[Kâ€™ has not been declared
  448 | void [01;31m[KMotionManager[m[K::AddModule(MotionModule *module)
      |      [01;31m[K^~~~~~~~~~~~~[m[K
[01m[K/home/robo/ROS2/walk_test/src/control/src/motion/MotionManager.cpp:[m[K In function â€˜[01m[Kvoid AddModule(Robot::MotionModule*)[m[Kâ€™:
[01m[K/home/robo/ROS2/walk_test/src/control/src/motion/MotionManager.cpp:451:2:[m[K [01;31m[Kerror: [m[Kâ€˜[01m[Km_Modules[m[Kâ€™ was not declared in this scope; did you mean â€˜[01m[Kmodule[m[Kâ€™?
  451 |  [01;31m[Km_Modules[m[K.push_back(module);
      |  [01;31m[K^~~~~~~~~[m[K
      |  [32m[Kmodule[m[K
[01m[K/home/robo/ROS2/walk_test/src/control/src/motion/MotionManager.cpp:[m[K At global scope:
[01m[K/home/robo/ROS2/walk_test/src/control/src/motion/MotionManager.cpp:455:6:[m[K [01;31m[Kerror: [m[Kâ€˜[01m[KMotionManager[m[Kâ€™ has not been declared
  455 | void [01;31m[KMotionManager[m[K::RemoveModule(MotionModule *module)
      |      [01;31m[K^~~~~~~~~~~~~[m[K
[01m[K/home/robo/ROS2/walk_test/src/control/src/motion/MotionManager.cpp:[m[K In function â€˜[01m[Kvoid RemoveModule(Robot::MotionModule*)[m[Kâ€™:
[01m[K/home/robo/ROS2/walk_test/src/control/src/motion/MotionManager.cpp:457:2:[m[K [01;31m[Kerror: [m[Kâ€˜[01m[Km_Modules[m[Kâ€™ was not declared in this scope; did you mean â€˜[01m[Kmodule[m[Kâ€™?
  457 |  [01;31m[Km_Modules[m[K.remove(module);
      |  [01;31m[K^~~~~~~~~[m[K
      |  [32m[Kmodule[m[K
[01m[K/home/robo/ROS2/walk_test/src/control/src/motion/MotionManager.cpp:[m[K At global scope:
[01m[K/home/robo/ROS2/walk_test/src/control/src/motion/MotionManager.cpp:460:6:[m[K [01;31m[Kerror: [m[Kâ€˜[01m[KMotionManager[m[Kâ€™ has not been declared
  460 | void [01;31m[KMotionManager[m[K::SetJointDisable(int index)
      |      [01;31m[K^~~~~~~~~~~~~[m[K
[01m[K/home/robo/ROS2/walk_test/src/control/src/motion/MotionManager.cpp:[m[K In function â€˜[01m[Kvoid SetJointDisable(int)[m[Kâ€™:
[01m[K/home/robo/ROS2/walk_test/src/control/src/motion/MotionManager.cpp:462:8:[m[K [01;31m[Kerror: [m[Kâ€˜[01m[Km_Modules[m[Kâ€™ was not declared in this scope
  462 |     if([01;31m[Km_Modules[m[K.size() != 0)
      |        [01;31m[K^~~~~~~~~[m[K
In file included from [01m[K/opt/ros/foxy/include/class_loader/class_loader.hpp:56[m[K,
                 from [01m[K/opt/ros/foxy/include/rclcpp_components/register_node_macro.hpp:18[m[K,
                 from [01m[K/home/robo/ROS2/walk_test/src/control/src/motion/MotionManager.cpp:469[m[K:
[01m[K/home/robo/ROS2/walk_test/src/control/src/motion/MotionManager.cpp:[m[K At global scope:
[01m[K/home/robo/ROS2/walk_test/src/control/src/motion/MotionManager.cpp:470:40:[m[K [01;31m[Kerror: [m[Kâ€˜[01m[KMotionManager[m[Kâ€™ is not a member of â€˜[01m[KRobot[m[Kâ€™
  470 | RCLCPP_COMPONENTS_REGISTER_NODE(Robot::[01;31m[KMotionManager[m[K)
      |                                        [01;31m[K^~~~~~~~~~~~~[m[K
[01m[K/home/robo/ROS2/walk_test/src/control/src/motion/MotionManager.cpp:470:40:[m[K [01;31m[Kerror: [m[Kâ€˜[01m[KMotionManager[m[Kâ€™ is not a member of â€˜[01m[KRobot[m[Kâ€™
[01m[K/home/robo/ROS2/walk_test/src/control/src/motion/MotionManager.cpp:470:1:[m[K [01;31m[Kerror: [m[Ktemplate argument 1 is invalid
  470 | [01;31m[KRCLCPP_COMPONENTS_REGISTER_NODE[m[K(Robot::MotionManager)
      | [01;31m[K^~~~~~~~~~~~~~~~~~~~~~~~~~~~~~~[m[K
make[2]: *** [CMakeFiles/motion.dir/build.make:180: CMakeFiles/motion.dir/src/motion/JointData.cpp.o] Error 1
make[2]: *** Waiting for unfinished jobs....
In file included from [01m[K/opt/ros/foxy/include/class_loader/class_loader_core.hpp:57[m[K,
                 from [01m[K/opt/ros/foxy/include/class_loader/class_loader.hpp:55[m[K,
                 from [01m[K/opt/ros/foxy/include/rclcpp_components/register_node_macro.hpp:18[m[K,
                 from [01m[K/home/robo/ROS2/walk_test/src/control/src/motion/MotionManager.cpp:469[m[K:
/opt/ros/foxy/include/class_loader/meta_object.hpp: In instantiation of â€˜[01m[KB* class_loader::impl::MetaObject<C, B>::create() const [with C = int; B = rclcpp_components::NodeFactory][m[Kâ€™:
[01m[K/opt/ros/foxy/include/class_loader/meta_object.hpp:216:7:[m[K   required from here
[01m[K/opt/ros/foxy/include/class_loader/meta_object.hpp:218:12:[m[K [01;31m[Kerror: [m[Kcannot convert â€˜[01m[Kint*[m[Kâ€™ to â€˜[01m[Krclcpp_components::NodeFactory*[m[Kâ€™ in return
  218 |     return [01;31m[Knew C[m[K;
      |            [01;31m[K^~~~~[m[K
      |            [01;31m[K|[m[K
      |            [01;31m[Kint*[m[K
make[2]: *** [CMakeFiles/motion.dir/build.make:63: CMakeFiles/motion.dir/src/motion/MotionManager.cpp.o] Error 1
make[1]: *** [CMakeFiles/Makefile2:165: CMakeFiles/motion.dir/all] Error 2
make[1]: *** Waiting for unfinished jobs....
make[2]: *** [CMakeFiles/control.dir/build.make:63: CMakeFiles/control.dir/src/control.cpp.o] Error 1
make[1]: *** [CMakeFiles/Makefile2:111: CMakeFiles/control.dir/all] Error 2
make: *** [Makefile:141: all] Error 2
