[0.009s] Invoking command in '/home/robofei/ROS2/action/build/control': AMENT_PREFIX_PATH=/home/robofei/ROS2/action/install/dynamixel_sdk_custom_interfaces:${AMENT_PREFIX_PATH} CMAKE_PREFIX_PATH=/home/robofei/ROS2/action/install/dynamixel_sdk_custom_interfaces:/opt/ros/galactic LD_LIBRARY_PATH=/home/robofei/ROS2/action/install/dynamixel_sdk_custom_interfaces/lib:${LD_LIBRARY_PATH} LESS= -R -X -F PYTHONPATH=/home/robofei/ROS2/action/install/dynamixel_sdk_custom_interfaces/lib/python3.8/site-packages:${PYTHONPATH} /usr/bin/cmake --build /home/robofei/ROS2/action/build/control -- -j12 -l12
[0.040s] [35m[1mScanning dependencies of target control[0m
[0.050s] [ 33%] Built target decision
[0.065s] [ 50%] [32mBuilding CXX object CMakeFiles/control.dir/src/motion/MotionManager.cpp.o[0m
[1.339s] [01m[K/home/robofei/ROS2/action/src/control/src/motion/MotionManager.cpp:[m[K In member function â€˜[01m[Kvoid Robot::MotionManager::GaitPublisher()[m[Kâ€™:
[1.339s] [01m[K/home/robofei/ROS2/action/src/control/src/motion/MotionManager.cpp:65:7:[m[K [01;31m[Kerror: [m[Konly constructors take member initializers
[1.339s]    65 |     : [01;31m[KNode[m[K("gait_publisher")
[1.339s]       |       [01;31m[K^~~~[m[K
[1.339s] [01m[K/home/robofei/ROS2/action/src/control/src/motion/MotionManager.cpp:65:7:[m[K [01;31m[Kerror: [m[Kclass â€˜[01m[KRobot::MotionManager[m[Kâ€™ does not have any field named â€˜[01m[KNode[m[Kâ€™
[1.342s] [01m[K/home/robofei/ROS2/action/src/control/src/motion/MotionManager.cpp:67:9:[m[K [01;31m[Kerror: [m[Kâ€˜[01m[Ksubscription_imu[m[Kâ€™ was not declared in this scope; did you mean â€˜[01m[Krcl_subscription_fini[m[Kâ€™?
[1.342s]    67 |         [01;31m[Ksubscription_imu[m[K = this->create_subscription<sensor_msgs::msg::Imu>(
[1.342s]       |         [01;31m[K^~~~~~~~~~~~~~~~[m[K
[1.342s]       |         [32m[Krcl_subscription_fini[m[K
[1.342s] [01m[K/home/robofei/ROS2/action/src/control/src/motion/MotionManager.cpp:67:34:[m[K [01;31m[Kerror: [m[Kâ€˜[01m[Kclass Robot::MotionManager[m[Kâ€™ has no member named â€˜[01m[Kcreate_subscription[m[Kâ€™
[1.342s]    67 |         subscription_imu = this->[01;31m[Kcreate_subscription[m[K<sensor_msgs::msg::Imu>(
[1.343s]       |                                  [01;31m[K^~~~~~~~~~~~~~~~~~~[m[K
[1.343s] [01m[K/home/robofei/ROS2/action/src/control/src/motion/MotionManager.cpp:67:75:[m[K [01;31m[Kerror: [m[Kexpected primary-expression before â€˜[01m[K>[m[Kâ€™ token
[1.343s]    67 |         subscription_imu = this->create_subscription<sensor_msgs::msg::Imu[01;31m[K>[m[K(
[1.343s]       |                                                                           [01;31m[K^[m[K
[1.343s] [01m[K/home/robofei/ROS2/action/src/control/src/motion/MotionManager.cpp:68:9:[m[K [01;35m[Kwarning: [m[Kleft operand of comma operator has no effect [[01;35m[K-Wunused-value[m[K]
[1.343s]    68 |         [01;35m[K"imu/data"[m[K, 10, std::bind(&MotionManager::topic_callback, this, _1));
[1.343s]       |         [01;35m[K^~~~~~~~~~[m[K
[1.343s] [01m[K/home/robofei/ROS2/action/src/control/src/motion/MotionManager.cpp:68:51:[m[K [01;31m[Kerror: [m[Kâ€˜[01m[Ktopic_callback[m[Kâ€™ is not a member of â€˜[01m[KRobot::MotionManager[m[Kâ€™
[1.343s]    68 |         "imu/data", 10, std::bind(&MotionManager::[01;31m[Ktopic_callback[m[K, this, _1));
[1.343s]       |                                                   [01;31m[K^~~~~~~~~~~~~~[m[K
[1.344s] [01m[K/home/robofei/ROS2/action/src/control/src/motion/MotionManager.cpp:69:9:[m[K [01;31m[Kerror: [m[Kâ€˜[01m[Kpublisher_[m[Kâ€™ was not declared in this scope; did you mean â€˜[01m[Krcl_publisher_t[m[Kâ€™?
[1.344s]    69 |         [01;31m[Kpublisher_[m[K = this->create_publisher<dynamixel_sdk_custom_interfaces::msg::SetPosition>("set_position", 10);
[1.344s]       |         [01;31m[K^~~~~~~~~~[m[K
[1.344s]       |         [32m[Krcl_publisher_t[m[K
[1.344s] [01m[K/home/robofei/ROS2/action/src/control/src/motion/MotionManager.cpp:69:28:[m[K [01;31m[Kerror: [m[Kâ€˜[01m[Kclass Robot::MotionManager[m[Kâ€™ has no member named â€˜[01m[Kcreate_publisher[m[Kâ€™
[1.344s]    69 |         publisher_ = this->[01;31m[Kcreate_publisher[m[K<dynamixel_sdk_custom_interfaces::msg::SetPosition>("set_position", 10);
[1.344s]       |                            [01;31m[K^~~~~~~~~~~~~~~~[m[K
[1.344s] [01m[K/home/robofei/ROS2/action/src/control/src/motion/MotionManager.cpp:69:94:[m[K [01;31m[Kerror: [m[Kexpected primary-expression before â€˜[01m[K>[m[Kâ€™ token
[1.344s]    69 |         publisher_ = this->create_publisher<dynamixel_sdk_custom_interfaces::msg::SetPosition[01;31m[K>[m[K("set_position", 10);
[1.345s]       |                                                                                              [01;31m[K^[m[K
[1.345s] [01m[K/home/robofei/ROS2/action/src/control/src/motion/MotionManager.cpp:69:96:[m[K [01;35m[Kwarning: [m[Kleft operand of comma operator has no effect [[01;35m[K-Wunused-value[m[K]
[1.345s]    69 |         publisher_ = this->create_publisher<dynamixel_sdk_custom_interfaces::msg::SetPosition>([01;35m[K"set_position"[m[K, 10);
[1.345s]       |                                                                                                [01;35m[K^~~~~~~~~~~~~~[m[K
[1.518s] [01m[K/home/robofei/ROS2/action/src/control/src/motion/MotionManager.cpp:[m[K At global scope:
[1.518s] [01m[K/home/robofei/ROS2/action/src/control/src/motion/MotionManager.cpp:75:6:[m[K [01;31m[Kerror: [m[Kno declaration matches â€˜[01m[Kvoid Robot::MotionManager::topic_callback(std::shared_ptr<sensor_msgs::msg::Imu_<std::allocator<void> > >) const[m[Kâ€™
[1.518s]    75 | void [01;31m[KMotionManager[m[K::topic_callback(const std::shared_ptr<sensor_msgs::msg::Imu> imu_msg_) const
[1.518s]       |      [01;31m[K^~~~~~~~~~~~~[m[K
[1.518s] [01m[K/home/robofei/ROS2/action/src/control/src/motion/MotionManager.cpp:75:6:[m[K [01;36m[Knote: [m[Kno functions named â€˜[01m[Kvoid Robot::MotionManager::topic_callback(std::shared_ptr<sensor_msgs::msg::Imu_<std::allocator<void> > >) const[m[Kâ€™
[1.518s] In file included from [01m[K/home/robofei/ROS2/action/src/control/src/motion/MotionManager.cpp:19[m[K:
[1.518s] [01m[K/home/robofei/ROS2/action/src/control/include/MotionManager.h:24:8:[m[K [01;36m[Knote: [m[Kâ€˜[01m[Kclass Robot::MotionManager[m[Kâ€™ defined here
[1.518s]    24 |  class [01;36m[KMotionManager[m[K
[1.518s]       |        [01;36m[K^~~~~~~~~~~~~[m[K
[1.519s] [01m[K/home/robofei/ROS2/action/src/control/src/motion/MotionManager.cpp:[m[K In member function â€˜[01m[Kbool Robot::MotionManager::Initialize(bool)[m[Kâ€™:
[1.519s] [01m[K/home/robofei/ROS2/action/src/control/src/motion/MotionManager.cpp:83:15:[m[K [01;31m[Kerror: [m[Kâ€˜[01m[Kargc[m[Kâ€™ was not declared in this scope
[1.519s]    83 |  rclcpp::init([01;31m[Kargc[m[K, argv);
[1.519s]       |               [01;31m[K^~~~[m[K
[1.520s] [01m[K/home/robofei/ROS2/action/src/control/src/motion/MotionManager.cpp:83:21:[m[K [01;31m[Kerror: [m[Kâ€˜[01m[Kargv[m[Kâ€™ was not declared in this scope
[1.520s]    83 |  rclcpp::init(argc, [01;31m[Kargv[m[K);
[1.520s]       |                     [01;31m[K^~~~[m[K
[1.520s] [01m[K/home/robofei/ROS2/action/src/control/src/motion/MotionManager.cpp:84:10:[m[K [01;31m[Kerror: [m[Kâ€˜[01m[Kspin_once[m[Kâ€™ is not a member of â€˜[01m[Krclcpp[m[Kâ€™; did you mean â€˜[01m[Kspin_some[m[Kâ€™?
[1.520s]    84 |  rclcpp::[01;31m[Kspin_once[m[K(std::make_shared<GaitPublisher>());
[1.520s]       |          [01;31m[K^~~~~~~~~[m[K
[1.520s]       |          [32m[Kspin_some[m[K
[1.520s] [01m[K/home/robofei/ROS2/action/src/control/src/motion/MotionManager.cpp:84:52:[m[K [01;31m[Kerror: [m[Kno matching function for call to â€˜[01m[Kmake_shared<((Robot::MotionManager*)this)->Robot::MotionManager::GaitPublisher>()[m[Kâ€™
[1.520s]    84 |  rclcpp::spin_once(std::make_shared<GaitPublisher>([01;31m[K)[m[K);
[1.521s]       |                                                    [01;31m[K^[m[K
[1.521s] In file included from [01m[K/usr/include/c++/9/memory:81[m[K,
[1.521s]                  from [01m[K/opt/ros/galactic/include/rclcpp/rclcpp.hpp:154[m[K,
[1.521s]                  from [01m[K/home/robofei/ROS2/action/src/control/src/motion/MotionManager.cpp:26[m[K:
[1.521s] [01m[K/usr/include/c++/9/bits/shared_ptr.h:714:5:[m[K [01;36m[Knote: [m[Kcandidate: â€˜[01m[Ktemplate<class _Tp, class ... _Args> std::shared_ptr<_Tp> std::make_shared(_Args&& ...)[m[Kâ€™
[1.521s]   714 |     [01;36m[Kmake_shared[m[K(_Args&&... __args)
[1.521s]       |     [01;36m[K^~~~~~~~~~~[m[K
[1.521s] [01m[K/usr/include/c++/9/bits/shared_ptr.h:714:5:[m[K [01;36m[Knote: [m[K  template argument deduction/substitution failed:
[1.521s] [01m[K/home/robofei/ROS2/action/src/control/src/motion/MotionManager.cpp:85:6:[m[K [01;35m[Kwarning: [m[Kunused variable â€˜[01m[Kvalue[m[Kâ€™ [[01;35m[K-Wunused-variable[m[K]
[1.521s]    85 |  int [01;35m[Kvalue[m[K, error;
[1.521s]       |      [01;35m[K^~~~~[m[K
[1.521s] [01m[K/home/robofei/ROS2/action/src/control/src/motion/MotionManager.cpp:85:13:[m[K [01;35m[Kwarning: [m[Kunused variable â€˜[01m[Kerror[m[Kâ€™ [[01;35m[K-Wunused-variable[m[K]
[1.521s]    85 |  int value, [01;35m[Kerror[m[K;
[1.521s]       |             [01;35m[K^~~~~[m[K
[1.521s] [01m[K/home/robofei/ROS2/action/src/control/src/motion/MotionManager.cpp:[m[K In member function â€˜[01m[Kbool Robot::MotionManager::Reinitialize()[m[Kâ€™:
[1.521s] [01m[K/home/robofei/ROS2/action/src/control/src/motion/MotionManager.cpp:143:6:[m[K [01;35m[Kwarning: [m[Kunused variable â€˜[01m[Kvalue[m[Kâ€™ [[01;35m[K-Wunused-variable[m[K]
[1.521s]   143 |  int [01;35m[Kvalue[m[K, error;
[1.521s]       |      [01;35m[K^~~~~[m[K
[1.521s] [01m[K/home/robofei/ROS2/action/src/control/src/motion/MotionManager.cpp:143:13:[m[K [01;35m[Kwarning: [m[Kunused variable â€˜[01m[Kerror[m[Kâ€™ [[01;35m[K-Wunused-variable[m[K]
[1.521s]   143 |  int value, [01;35m[Kerror[m[K;
[1.521s]       |             [01;35m[K^~~~~[m[K
[1.523s] [01m[K/home/robofei/ROS2/action/src/control/src/motion/MotionManager.cpp:[m[K In member function â€˜[01m[Kvoid Robot::MotionManager::Process()[m[Kâ€™:
[1.523s] [01m[K/home/robofei/ROS2/action/src/control/src/motion/MotionManager.cpp:285:15:[m[K [01;31m[Kerror: [m[Kâ€˜[01m[Kpos[m[Kâ€™ was not declared in this scope; did you mean â€˜[01m[Kpow[m[Kâ€™?
[1.523s]   285 |               [01;31m[Kpos[m[K[id] = MotionStatus::m_CurrentJoints.GetValue(id);
[1.523s]       |               [01;31m[K^~~[m[K
[1.523s]       |               [32m[Kpow[m[K
[1.524s] [01m[K/home/robofei/ROS2/action/src/control/src/motion/MotionManager.cpp:290:13:[m[K [01;31m[Kerror: [m[Kâ€˜[01m[Kmessage[m[Kâ€™ was not declared in this scope
[1.524s]   290 |             [01;31m[Kmessage[m[K.id = {1, 2, 3, 4, 5, 6, 7, 8, 9, 10, 11, 12, 13, 14, 15, 16, 17, 18, 19};
[1.524s]       |             [01;31m[K^~~~~~~[m[K
[1.525s] [01m[K/home/robofei/ROS2/action/src/control/src/motion/MotionManager.cpp:291:33:[m[K [01;31m[Kerror: [m[Kâ€˜[01m[Kpos[m[Kâ€™ was not declared in this scope; did you mean â€˜[01m[Kpow[m[Kâ€™?
[1.525s]   291 |             message.position = {[01;31m[Kpos[m[K[1], pos[2], pos[3], pos[4], pos[5], pos[6], pos[7], pos[8], pos[9], pos[10], pos[11], pos[12], pos[13], pos[14], pos[15], pos[16], pos[17], pos[18], 2048};
[1.525s]       |                                 [01;31m[K^~~[m[K
[1.525s]       |                                 [32m[Kpow[m[K
[1.527s] [01m[K/home/robofei/ROS2/action/src/control/src/motion/MotionManager.cpp:292:13:[m[K [01;31m[Kerror: [m[Kâ€˜[01m[Kpublisher_[m[Kâ€™ was not declared in this scope; did you mean â€˜[01m[Krcl_publisher_t[m[Kâ€™?
[1.527s]   292 |             [01;31m[Kpublisher_[m[K->publish(message);
[1.527s]       |             [01;31m[K^~~~~~~~~~[m[K
[1.527s]       |             [32m[Krcl_publisher_t[m[K
[1.527s] [01m[K/home/robofei/ROS2/action/src/control/src/motion/MotionManager.cpp:281:6:[m[K [01;35m[Kwarning: [m[Kunused variable â€˜[01m[Kjoint_num[m[Kâ€™ [[01;35m[K-Wunused-variable[m[K]
[1.527s]   281 |  int [01;35m[Kjoint_num[m[K = 0;
[1.527s]       |      [01;35m[K^~~~~~~~~[m[K
[1.527s] [01m[K/home/robofei/ROS2/action/src/control/src/motion/MotionManager.cpp:305:10:[m[K [01;31m[Kerror: [m[Kâ€˜[01m[Kspin_once[m[Kâ€™ is not a member of â€˜[01m[Krclcpp[m[Kâ€™; did you mean â€˜[01m[Kspin_some[m[Kâ€™?
[1.527s]   305 |  rclcpp::[01;31m[Kspin_once[m[K(std::make_shared<GaitPublisher>());
[1.527s]       |          [01;31m[K^~~~~~~~~[m[K
[1.527s]       |          [32m[Kspin_some[m[K
[1.527s] [01m[K/home/robofei/ROS2/action/src/control/src/motion/MotionManager.cpp:305:52:[m[K [01;31m[Kerror: [m[Kno matching function for call to â€˜[01m[Kmake_shared<((Robot::MotionManager*)this)->Robot::MotionManager::GaitPublisher>()[m[Kâ€™
[1.527s]   305 |  rclcpp::spin_once(std::make_shared<GaitPublisher>([01;31m[K)[m[K);
[1.527s]       |                                                    [01;31m[K^[m[K
[1.527s] In file included from [01m[K/usr/include/c++/9/memory:81[m[K,
[1.527s]                  from [01m[K/opt/ros/galactic/include/rclcpp/rclcpp.hpp:154[m[K,
[1.527s]                  from [01m[K/home/robofei/ROS2/action/src/control/src/motion/MotionManager.cpp:26[m[K:
[1.528s] [01m[K/usr/include/c++/9/bits/shared_ptr.h:714:5:[m[K [01;36m[Knote: [m[Kcandidate: â€˜[01m[Ktemplate<class _Tp, class ... _Args> std::shared_ptr<_Tp> std::make_shared(_Args&& ...)[m[Kâ€™
[1.528s]   714 |     [01;36m[Kmake_shared[m[K(_Args&&... __args)
[1.528s]       |     [01;36m[K^~~~~~~~~~~[m[K
[1.528s] [01m[K/usr/include/c++/9/bits/shared_ptr.h:714:5:[m[K [01;36m[Knote: [m[K  template argument deduction/substitution failed:
[1.528s] [01m[K/home/robofei/ROS2/action/src/control/src/motion/MotionManager.cpp:[m[K In member function â€˜[01m[Kvoid Robot::MotionManager::SetEnable(bool)[m[Kâ€™:
[1.528s] [01m[K/home/robofei/ROS2/action/src/control/src/motion/MotionManager.cpp:308:36:[m[K [01;35m[Kwarning: [m[Kunused parameter â€˜[01m[Kenable[m[Kâ€™ [[01;35m[K-Wunused-parameter[m[K]
[1.528s]   308 | void MotionManager::SetEnable([01;35m[Kbool enable[m[K)
[1.528s]       |                               [01;35m[K~~~~~^~~~~~[m[K
[1.835s] make[2]: *** [CMakeFiles/control.dir/build.make:89: CMakeFiles/control.dir/src/motion/MotionManager.cpp.o] Error 1
[1.835s] make[1]: *** [CMakeFiles/Makefile2:107: CMakeFiles/control.dir/all] Error 2
[1.836s] make: *** [Makefile:141: all] Error 2
[1.837s] Invoked command in '/home/robofei/ROS2/action/build/control' returned '2': AMENT_PREFIX_PATH=/home/robofei/ROS2/action/install/dynamixel_sdk_custom_interfaces:${AMENT_PREFIX_PATH} CMAKE_PREFIX_PATH=/home/robofei/ROS2/action/install/dynamixel_sdk_custom_interfaces:/opt/ros/galactic LD_LIBRARY_PATH=/home/robofei/ROS2/action/install/dynamixel_sdk_custom_interfaces/lib:${LD_LIBRARY_PATH} LESS= -R -X -F PYTHONPATH=/home/robofei/ROS2/action/install/dynamixel_sdk_custom_interfaces/lib/python3.8/site-packages:${PYTHONPATH} /usr/bin/cmake --build /home/robofei/ROS2/action/build/control -- -j12 -l12
