[0.015s] Invoking command in '/home/robofei/ROS2/robotis_ws/build/dynamixel_sdk_examples': CMAKE_PREFIX_PATH=/home/robofei/ROS2/robotis_ws/install/dynamixel_sdk_custom_interfaces:/home/robofei/ROS2/robotis_ws/install/dynamixel_sdk:/home/robofei/ROS2/robotis_ws/install/dynamixel_sdk_examples:/opt/ros/foxy PYTHONPATH=/home/robofei/ROS2/robotis_ws/install/dynamixel_sdk_custom_interfaces/lib/python3.8/site-packages:/home/robofei/ROS2/robotis_ws/install/dynamixel_sdk_examples/lib/python3.8/site-packages:/opt/ros/foxy/lib/python3.8/site-packages /usr/bin/cmake --build /home/robofei/ROS2/robotis_ws/build/dynamixel_sdk_examples -- -j4 -l4
[0.069s] [35m[1mScanning dependencies of target read_write_node[0m
[0.089s] [ 50%] Built target minimal_pub
[0.100s] [ 75%] [32mBuilding CXX object CMakeFiles/read_write_node.dir/src/read_write_node.cpp.o[0m
[1.416s] [01m[K/home/robofei/ROS2/robotis_ws/src/DynamixelSDK/dynamixel_sdk_examples/src/read_write_node.cpp:[m[K In lambda function:
[1.416s] [01m[K/home/robofei/ROS2/robotis_ws/src/DynamixelSDK/dynamixel_sdk_examples/src/read_write_node.cpp:134:13:[m[K [01;31m[Kerror: [m[Kcannot convert â€˜[01m[Kuint32_t [3][m[Kâ€™ {aka â€˜[01m[Kunsigned int [3][m[Kâ€™} to â€˜[01m[Kuint8_t*[m[Kâ€™ {aka â€˜[01m[Kunsigned char*[m[Kâ€™}
[1.417s]   134 |             [01;31m[Kgoal_position[m[K,
[1.417s]       |             [01;31m[K^~~~~~~~~~~~~[m[K
[1.417s]       |             [01;31m[K|[m[K
[1.417s]       |             [01;31m[Kuint32_t [3] {aka unsigned int [3]}[m[K
[1.417s] In file included from [01m[K/home/robofei/ROS2/robotis_ws/install/dynamixel_sdk/include/dynamixel_sdk/group_bulk_read.h:29[m[K,
[1.417s]                  from [01m[K/home/robofei/ROS2/robotis_ws/install/dynamixel_sdk/include/dynamixel_sdk/dynamixel_sdk.h:26[m[K,
[1.417s]                  from [01m[K/home/robofei/ROS2/robotis_ws/src/DynamixelSDK/dynamixel_sdk_examples/src/read_write_node.cpp:36[m[K:
[1.417s] [01m[K/home/robofei/ROS2/robotis_ws/install/dynamixel_sdk/include/dynamixel_sdk/packet_handler.h:565:106:[m[K [01;36m[Knote: [m[K  initializing argument 4 of â€˜[01m[Kvirtual int dynamixel::PacketHandler::syncWriteTxOnly(dynamixel::PortHandler*, uint16_t, uint16_t, uint8_t*, uint16_t)[m[Kâ€™
[1.417s]   565 |   virtual int syncWriteTxOnly (PortHandler *port, uint16_t start_address, uint16_t data_length, [01;36m[Kuint8_t *param[m[K, uint16_t param_length) = 0;
[1.417s]       |                                                                                                 [01;36m[K~~~~~~~~~^~~~~[m[K
[2.860s] make[2]: *** [CMakeFiles/read_write_node.dir/build.make:63: CMakeFiles/read_write_node.dir/src/read_write_node.cpp.o] Error 1
[2.860s] make[1]: *** [CMakeFiles/Makefile2:107: CMakeFiles/read_write_node.dir/all] Error 2
[2.860s] make: *** [Makefile:141: all] Error 2
[2.862s] Invoked command in '/home/robofei/ROS2/robotis_ws/build/dynamixel_sdk_examples' returned '2': CMAKE_PREFIX_PATH=/home/robofei/ROS2/robotis_ws/install/dynamixel_sdk_custom_interfaces:/home/robofei/ROS2/robotis_ws/install/dynamixel_sdk:/home/robofei/ROS2/robotis_ws/install/dynamixel_sdk_examples:/opt/ros/foxy PYTHONPATH=/home/robofei/ROS2/robotis_ws/install/dynamixel_sdk_custom_interfaces/lib/python3.8/site-packages:/home/robofei/ROS2/robotis_ws/install/dynamixel_sdk_examples/lib/python3.8/site-packages:/opt/ros/foxy/lib/python3.8/site-packages /usr/bin/cmake --build /home/robofei/ROS2/robotis_ws/build/dynamixel_sdk_examples -- -j4 -l4
