[0.009s] Invoking command in '/home/robo/ROS2/walk_test/build/control': CMAKE_PREFIX_PATH=/home/robo/ROS2/walk_test/install/dynamixel_sdk_custom_interfaces:/home/robo/ROS2/walk_test/install/control:/opt/ros/foxy LD_LIBRARY_PATH=/home/robo/ROS2/walk_test/install/dynamixel_sdk_custom_interfaces/lib:/home/robo/ROS2/walk_test/install/control/lib:/opt/ros/foxy/opt/yaml_cpp_vendor/lib:/opt/ros/foxy/opt/rviz_ogre_vendor/lib:/opt/ros/foxy/lib/x86_64-linux-gnu:/opt/ros/foxy/lib /usr/bin/cmake --build /home/robo/ROS2/walk_test/build/control -- -j12 -l12
[0.041s] [35m[1mScanning dependencies of target control[0m
[0.042s] [35m[1mScanning dependencies of target motion[0m
[0.054s] [ 19%] Built target decision
[0.054s] [ 19%] Built target gait_publisher
[0.063s] [ 23%] [32mBuilding CXX object CMakeFiles/control.dir/src/control.cpp.o[0m
[0.068s] [ 28%] [32mBuilding CXX object CMakeFiles/motion.dir/src/motion/MotionManager.cpp.o[0m
[0.068s] [ 33%] [32mBuilding CXX object CMakeFiles/motion.dir/src/motion/JointData.cpp.o[0m
[1.079s] In file included from [01m[K/home/robo/ROS2/walk_test/src/control/src/motion/MotionManager.cpp:25[m[K:
[1.079s] [01m[K/home/robo/ROS2/walk_test/src/control/include/MotionManager.h:[m[K In constructor â€˜[01m[KRobot::MotionManager::MotionManager(const rclcpp::NodeOptions&)[m[Kâ€™:
[1.079s] [01m[K/home/robo/ROS2/walk_test/src/control/include/MotionManager.h:87:8:[m[K [01;35m[Kwarning: [m[Kâ€˜[01m[KRobot::MotionManager::DEBUG_PRINT[m[Kâ€™ will be initialized after [[01;35m[K-Wreorder[m[K]
[1.079s]    87 |   bool [01;35m[KDEBUG_PRINT[m[K;
[1.079s]       |        [01;35m[K^~~~~~~~~~~[m[K
[1.079s] [01m[K/home/robo/ROS2/walk_test/src/control/src/motion/MotionManager.cpp:66:41:[m[K [01;35m[Kwarning: [m[K  base â€˜[01m[Krclcpp::Node[m[Kâ€™ [[01;35m[K-Wreorder[m[K]
[1.079s]    66 |   rclcpp::Node("gait_publisher", options[01;35m[K)[m[K
[1.080s]       |                                         [01;35m[K^[m[K
[1.080s] [01m[K/home/robo/ROS2/walk_test/src/control/src/motion/MotionManager.cpp:58:1:[m[K [01;35m[Kwarning: [m[K  when initialized here [[01;35m[K-Wreorder[m[K]
[1.080s]    58 | [01;35m[KMotionManager[m[K::MotionManager(const rclcpp::NodeOptions & options) :
[1.080s]       | [01;35m[K^~~~~~~~~~~~~[m[K
[1.101s] [01m[K/home/robo/ROS2/walk_test/src/control/src/motion/MotionManager.cpp:78:27:[m[K [01;31m[Kerror: [m[Kâ€˜[01m[KINI_FILE_PATH[m[Kâ€™ was not declared in this scope
[1.101s]    78 |  ini = new minIni((char *)[01;31m[KINI_FILE_PATH[m[K);
[1.101s]       |                           [01;31m[K^~~~~~~~~~~~~[m[K
[1.104s] [01m[K/home/robo/ROS2/walk_test/src/control/src/motion/MotionManager.cpp:[m[K In member function â€˜[01m[Kvoid Robot::MotionManager::topic_callback(std::shared_ptr<sensor_msgs::msg::Imu_<std::allocator<void> > >) const[m[Kâ€™:
[1.104s] [01m[K/home/robo/ROS2/walk_test/src/control/src/motion/MotionManager.cpp:96:15:[m[K [01;35m[Kwarning: [m[Kunused variable â€˜[01m[KIMU_GYRO_X[m[Kâ€™ [[01;35m[K-Wunused-variable[m[K]
[1.104s]    96 |         float [01;35m[KIMU_GYRO_X[m[K = -imu_msg_->angular_velocity.x/10;
[1.104s]       |               [01;35m[K^~~~~~~~~~[m[K
[1.104s] [01m[K/home/robo/ROS2/walk_test/src/control/src/motion/MotionManager.cpp:97:15:[m[K [01;35m[Kwarning: [m[Kunused variable â€˜[01m[KIMU_GYRO_Y[m[Kâ€™ [[01;35m[K-Wunused-variable[m[K]
[1.104s]    97 |         float [01;35m[KIMU_GYRO_Y[m[K  = -imu_msg_->angular_velocity.y/10;
[1.104s]       |               [01;35m[K^~~~~~~~~~[m[K
[1.106s] [01m[K/home/robo/ROS2/walk_test/src/control/src/motion/MotionManager.cpp:[m[K In member function â€˜[01m[Kvoid Robot::MotionManager::topic_callback_walk(std::shared_ptr<dynamixel_sdk_custom_interfaces::msg::Walk_<std::allocator<void> > >) const[m[Kâ€™:
[1.106s] [01m[K/home/robo/ROS2/walk_test/src/control/src/motion/MotionManager.cpp:113:17:[m[K [01;35m[Kwarning: [m[Kstatement has no effect [[01;35m[K-Wunused-value[m[K]
[1.106s]   113 |     [01;35m[Kkeep_walking==true[m[K;
[1.106s]       |     [01;35m[K~~~~~~~~~~~~^~~~~~[m[K
[1.106s] [01m[K/home/robo/ROS2/walk_test/src/control/src/motion/MotionManager.cpp:121:17:[m[K [01;35m[Kwarning: [m[Kstatement has no effect [[01;35m[K-Wunused-value[m[K]
[1.106s]   121 |     [01;35m[Kkeep_walking==false[m[K;
[1.106s]       |     [01;35m[K~~~~~~~~~~~~^~~~~~~[m[K
[1.114s] [01m[K/home/robo/ROS2/walk_test/src/control/src/motion/MotionManager.cpp:[m[K In member function â€˜[01m[Kbool Robot::MotionManager::Initialize(bool)[m[Kâ€™:
[1.114s] [01m[K/home/robo/ROS2/walk_test/src/control/src/motion/MotionManager.cpp:129:6:[m[K [01;35m[Kwarning: [m[Kunused variable â€˜[01m[Kvalue[m[Kâ€™ [[01;35m[K-Wunused-variable[m[K]
[1.114s]   129 |  int [01;35m[Kvalue[m[K, error;
[1.114s]       |      [01;35m[K^~~~~[m[K
[1.114s] [01m[K/home/robo/ROS2/walk_test/src/control/src/motion/MotionManager.cpp:129:13:[m[K [01;35m[Kwarning: [m[Kunused variable â€˜[01m[Kerror[m[Kâ€™ [[01;35m[K-Wunused-variable[m[K]
[1.114s]   129 |  int value, [01;35m[Kerror[m[K;
[1.114s]       |             [01;35m[K^~~~~[m[K
[1.115s] [01m[K/home/robo/ROS2/walk_test/src/control/src/motion/MotionManager.cpp:[m[K In member function â€˜[01m[Kbool Robot::MotionManager::Reinitialize()[m[Kâ€™:
[1.115s] [01m[K/home/robo/ROS2/walk_test/src/control/src/motion/MotionManager.cpp:215:6:[m[K [01;35m[Kwarning: [m[Kunused variable â€˜[01m[Kvalue[m[Kâ€™ [[01;35m[K-Wunused-variable[m[K]
[1.115s]   215 |  int [01;35m[Kvalue[m[K, error;
[1.115s]       |      [01;35m[K^~~~~[m[K
[1.115s] [01m[K/home/robo/ROS2/walk_test/src/control/src/motion/MotionManager.cpp:215:13:[m[K [01;35m[Kwarning: [m[Kunused variable â€˜[01m[Kerror[m[Kâ€™ [[01;35m[K-Wunused-variable[m[K]
[1.115s]   215 |  int value, [01;35m[Kerror[m[K;
[1.115s]       |             [01;35m[K^~~~~[m[K
[1.125s] [01m[K/home/robo/ROS2/walk_test/src/control/src/motion/MotionManager.cpp:[m[K In member function â€˜[01m[Kvoid Robot::MotionManager::Process()[m[Kâ€™:
[1.125s] [01m[K/home/robo/ROS2/walk_test/src/control/src/motion/MotionManager.cpp:370:18:[m[K [01;35m[Kwarning: [m[Kstatement has no effect [[01;35m[K-Wunused-value[m[K]
[1.125s]   370 |  [01;35m[Km_ProcessEnable == true[m[K; // TIRAR DEPOIS
[1.125s]       |  [01;35m[K~~~~~~~~~~~~~~~~^~~~~~~[m[K
[1.125s] [01m[K/home/robo/ROS2/walk_test/src/control/src/motion/MotionManager.cpp:371:14:[m[K [01;35m[Kwarning: [m[Kstatement has no effect [[01;35m[K-Wunused-value[m[K]
[1.125s]   371 |  [01;35m[Km_IsRunning == false[m[K; // TIRAR DEPOIS
[1.125s]       |  [01;35m[K~~~~~~~~~~~~^~~~~~~~[m[K
[1.132s] [01m[K/home/robo/ROS2/walk_test/src/control/src/motion/MotionManager.cpp:413:7:[m[K [01;35m[Kwarning: [m[Kunused variable â€˜[01m[Kjoint_num[m[Kâ€™ [[01;35m[K-Wunused-variable[m[K]
[1.132s]   413 |   int [01;35m[Kjoint_num[m[K = 0;
[1.132s]       |       [01;35m[K^~~~~~~~~[m[K
[3.132s] make[2]: *** [CMakeFiles/motion.dir/build.make:63: CMakeFiles/motion.dir/src/motion/MotionManager.cpp.o] Error 1
[3.133s] make[1]: *** [CMakeFiles/Makefile2:165: CMakeFiles/motion.dir/all] Error 2
[3.133s] make[1]: *** Waiting for unfinished jobs....
[5.404s] [ 38%] [32m[1mLinking CXX executable control[0m
[5.645s] [ 38%] Built target control
[5.645s] make: *** [Makefile:141: all] Error 2
[5.647s] Invoked command in '/home/robo/ROS2/walk_test/build/control' returned '2': CMAKE_PREFIX_PATH=/home/robo/ROS2/walk_test/install/dynamixel_sdk_custom_interfaces:/home/robo/ROS2/walk_test/install/control:/opt/ros/foxy LD_LIBRARY_PATH=/home/robo/ROS2/walk_test/install/dynamixel_sdk_custom_interfaces/lib:/home/robo/ROS2/walk_test/install/control/lib:/opt/ros/foxy/opt/yaml_cpp_vendor/lib:/opt/ros/foxy/opt/rviz_ogre_vendor/lib:/opt/ros/foxy/lib/x86_64-linux-gnu:/opt/ros/foxy/lib /usr/bin/cmake --build /home/robo/ROS2/walk_test/build/control -- -j12 -l12
