In file included from [01m[K/home/robo/ROS2/walk_test/src/control/src/motion/modules/Walking.cpp:11[m[K:
[01m[K/home/robo/ROS2/walk_test/src/control/include/MX28.h:31:23:[m[K [01;31m[Kerror: [m[Kâ€˜[01m[Kconstexpr[m[Kâ€™ needed for in-class initialization of static data member â€˜[01m[Kconst double Robot::MX28::MIN_ANGLE[m[Kâ€™ of non-integral type [[01;31m[K-fpermissive[m[K]
   31 |   static const double [01;31m[KMIN_ANGLE[m[K = -180.0; // degree
      |                       [01;31m[K^~~~~~~~~[m[K
[01m[K/home/robo/ROS2/walk_test/src/control/include/MX28.h:32:23:[m[K [01;31m[Kerror: [m[Kâ€˜[01m[Kconstexpr[m[Kâ€™ needed for in-class initialization of static data member â€˜[01m[Kconst double Robot::MX28::MAX_ANGLE[m[Kâ€™ of non-integral type [[01;31m[K-fpermissive[m[K]
   32 |   static const double [01;31m[KMAX_ANGLE[m[K = 180.0; // degree
      |                       [01;31m[K^~~~~~~~~[m[K
[01m[K/home/robo/ROS2/walk_test/src/control/include/MX28.h:33:23:[m[K [01;31m[Kerror: [m[Kâ€˜[01m[Kconstexpr[m[Kâ€™ needed for in-class initialization of static data member â€˜[01m[Kconst double Robot::MX28::RATIO_VALUE2ANGLE[m[Kâ€™ of non-integral type [[01;31m[K-fpermissive[m[K]
   33 |   static const double [01;31m[KRATIO_VALUE2ANGLE[m[K = 0.088; // 360 / 4096
      |                       [01;31m[K^~~~~~~~~~~~~~~~~[m[K
[01m[K/home/robo/ROS2/walk_test/src/control/include/MX28.h:34:23:[m[K [01;31m[Kerror: [m[Kâ€˜[01m[Kconstexpr[m[Kâ€™ needed for in-class initialization of static data member â€˜[01m[Kconst double Robot::MX28::RATIO_ANGLE2VALUE[m[Kâ€™ of non-integral type [[01;31m[K-fpermissive[m[K]
   34 |   static const double [01;31m[KRATIO_ANGLE2VALUE[m[K = 11.378; // 4096 / 360
      |                       [01;31m[K^~~~~~~~~~~~~~~~~[m[K
In file included from [01m[K/home/robo/ROS2/walk_test/src/control/src/motion/JointData.cpp:8[m[K:
[01m[K/home/robo/ROS2/walk_test/src/control/include/MX28.h:31:23:[m[K [01;31m[Kerror: [m[Kâ€˜[01m[Kconstexpr[m[Kâ€™ needed for in-class initialization of static data member â€˜[01m[Kconst double Robot::MX28::MIN_ANGLE[m[Kâ€™ of non-integral type [[01;31m[K-fpermissive[m[K]
   31 |   static const double [01;31m[KMIN_ANGLE[m[K = -180.0; // degree
      |                       [01;31m[K^~~~~~~~~[m[K
[01m[K/home/robo/ROS2/walk_test/src/control/include/MX28.h:32:23:[m[K [01;31m[Kerror: [m[Kâ€˜[01m[Kconstexpr[m[Kâ€™ needed for in-class initialization of static data member â€˜[01m[Kconst double Robot::MX28::MAX_ANGLE[m[Kâ€™ of non-integral type [[01;31m[K-fpermissive[m[K]
   32 |   static const double [01;31m[KMAX_ANGLE[m[K = 180.0; // degree
      |                       [01;31m[K^~~~~~~~~[m[K
[01m[K/home/robo/ROS2/walk_test/src/control/include/MX28.h:33:23:[m[K [01;31m[Kerror: [m[Kâ€˜[01m[Kconstexpr[m[Kâ€™ needed for in-class initialization of static data member â€˜[01m[Kconst double Robot::MX28::RATIO_VALUE2ANGLE[m[Kâ€™ of non-integral type [[01;31m[K-fpermissive[m[K]
   33 |   static const double [01;31m[KRATIO_VALUE2ANGLE[m[K = 0.088; // 360 / 4096
      |                       [01;31m[K^~~~~~~~~~~~~~~~~[m[K
[01m[K/home/robo/ROS2/walk_test/src/control/include/MX28.h:34:23:[m[K [01;31m[Kerror: [m[Kâ€˜[01m[Kconstexpr[m[Kâ€™ needed for in-class initialization of static data member â€˜[01m[Kconst double Robot::MX28::RATIO_ANGLE2VALUE[m[Kâ€™ of non-integral type [[01;31m[K-fpermissive[m[K]
   34 |   static const double [01;31m[KRATIO_ANGLE2VALUE[m[K = 11.378; // 4096 / 360
      |                       [01;31m[K^~~~~~~~~~~~~~~~~[m[K
make[2]: *** [CMakeFiles/motion.dir/build.make:76: CMakeFiles/motion.dir/src/motion/modules/Walking.cpp.o] Error 1
make[2]: *** Waiting for unfinished jobs....
In file included from [01m[K/home/robo/ROS2/walk_test/src/control/src/motion/MotionManager.cpp:24[m[K:
[01m[K/home/robo/ROS2/walk_test/src/control/include/MX28.h:31:23:[m[K [01;31m[Kerror: [m[Kâ€˜[01m[Kconstexpr[m[Kâ€™ needed for in-class initialization of static data member â€˜[01m[Kconst double Robot::MX28::MIN_ANGLE[m[Kâ€™ of non-integral type [[01;31m[K-fpermissive[m[K]
   31 |   static const double [01;31m[KMIN_ANGLE[m[K = -180.0; // degree
      |                       [01;31m[K^~~~~~~~~[m[K
[01m[K/home/robo/ROS2/walk_test/src/control/include/MX28.h:32:23:[m[K [01;31m[Kerror: [m[Kâ€˜[01m[Kconstexpr[m[Kâ€™ needed for in-class initialization of static data member â€˜[01m[Kconst double Robot::MX28::MAX_ANGLE[m[Kâ€™ of non-integral type [[01;31m[K-fpermissive[m[K]
   32 |   static const double [01;31m[KMAX_ANGLE[m[K = 180.0; // degree
      |                       [01;31m[K^~~~~~~~~[m[K
[01m[K/home/robo/ROS2/walk_test/src/control/include/MX28.h:33:23:[m[K [01;31m[Kerror: [m[Kâ€˜[01m[Kconstexpr[m[Kâ€™ needed for in-class initialization of static data member â€˜[01m[Kconst double Robot::MX28::RATIO_VALUE2ANGLE[m[Kâ€™ of non-integral type [[01;31m[K-fpermissive[m[K]
   33 |   static const double [01;31m[KRATIO_VALUE2ANGLE[m[K = 0.088; // 360 / 4096
      |                       [01;31m[K^~~~~~~~~~~~~~~~~[m[K
[01m[K/home/robo/ROS2/walk_test/src/control/include/MX28.h:34:23:[m[K [01;31m[Kerror: [m[Kâ€˜[01m[Kconstexpr[m[Kâ€™ needed for in-class initialization of static data member â€˜[01m[Kconst double Robot::MX28::RATIO_ANGLE2VALUE[m[Kâ€™ of non-integral type [[01;31m[K-fpermissive[m[K]
   34 |   static const double [01;31m[KRATIO_ANGLE2VALUE[m[K = 11.378; // 4096 / 360
      |                       [01;31m[K^~~~~~~~~~~~~~~~~[m[K
In file included from [01m[K/home/robo/ROS2/walk_test/src/control/src/control.cpp:18[m[K:
[01m[K/home/robo/ROS2/walk_test/src/control/include/MotionManager.h:46:57:[m[K [01;31m[Kerror: [m[Kâ€˜[01m[KSetPositionOriginal[m[Kâ€™ is not a member of â€˜[01m[Kdynamixel_sdk_custom_interfaces::msg[m[Kâ€™
   46 | rclcpp::Publisher<dynamixel_sdk_custom_interfaces::msg::[01;31m[KSetPositionOriginal[m[K>::SharedPtr publisher_single;
      |                                                         [01;31m[K^~~~~~~~~~~~~~~~~~~[m[K
[01m[K/home/robo/ROS2/walk_test/src/control/include/MotionManager.h:46:57:[m[K [01;31m[Kerror: [m[Kâ€˜[01m[KSetPositionOriginal[m[Kâ€™ is not a member of â€˜[01m[Kdynamixel_sdk_custom_interfaces::msg[m[Kâ€™
[01m[K/home/robo/ROS2/walk_test/src/control/include/MotionManager.h:46:76:[m[K [01;31m[Kerror: [m[Ktemplate argument 1 is invalid
   46 | her<dynamixel_sdk_custom_interfaces::msg::SetPositionOriginal[01;31m[K>[m[K::SharedPtr publisher_single;
      |                                                              [01;31m[K^[m[K

[01m[K/home/robo/ROS2/walk_test/src/control/include/MotionManager.h:46:79:[m[K [01;31m[Kerror: [m[Kexpected â€˜[01m[K;[m[Kâ€™ at end of member declaration
   46 | <dynamixel_sdk_custom_interfaces::msg::SetPositionOriginal>::[01;31m[KSharedPtr[m[K publisher_single;
      |                                                              [01;31m[K^~~~~~~~~[m[K
      |                                                                       [32m[K;[m[K
[01m[K/home/robo/ROS2/walk_test/src/control/include/MotionManager.h:46:89:[m[K [01;31m[Kerror: [m[Kâ€˜[01m[Kpublisher_single[m[Kâ€™ does not name a type
   46 | _sdk_custom_interfaces::msg::SetPositionOriginal>::SharedPtr [01;31m[Kpublisher_single[m[K;
      |                                                              [01;31m[K^~~~~~~~~~~~~~~~[m[K

In file included from [01m[K/home/robo/ROS2/walk_test/src/control/src/motion/JointData.cpp:10[m[K:
[01m[K/home/robo/ROS2/walk_test/src/control/include/MotionManager.h:46:57:[m[K [01;31m[Kerror: [m[Kâ€˜[01m[KSetPositionOriginal[m[Kâ€™ is not a member of â€˜[01m[Kdynamixel_sdk_custom_interfaces::msg[m[Kâ€™
   46 | rclcpp::Publisher<dynamixel_sdk_custom_interfaces::msg::[01;31m[KSetPositionOriginal[m[K>::SharedPtr publisher_single;
      |                                                         [01;31m[K^~~~~~~~~~~~~~~~~~~[m[K
[01m[K/home/robo/ROS2/walk_test/src/control/include/MotionManager.h:46:57:[m[K [01;31m[Kerror: [m[Kâ€˜[01m[KSetPositionOriginal[m[Kâ€™ is not a member of â€˜[01m[Kdynamixel_sdk_custom_interfaces::msg[m[Kâ€™
[01m[K/home/robo/ROS2/walk_test/src/control/include/MotionManager.h:46:76:[m[K [01;31m[Kerror: [m[Ktemplate argument 1 is invalid
   46 | rclcpp::Publisher<dynamixel_sdk_custom_interfaces::msg::SetPositionOriginal[01;31m[K>[m[K::SharedPtr publisher_single;
      |                                                                            [01;31m[K^[m[K
[01m[K/home/robo/ROS2/walk_test/src/control/include/MotionManager.h:46:79:[m[K [01;31m[Kerror: [m[Kexpected â€˜[01m[K;[m[Kâ€™ at end of member declaration
   46 | rclcpp::Publisher<dynamixel_sdk_custom_interfaces::msg::SetPositionOriginal>::[01;31m[KSharedPtr[m[K publisher_single;
      |                                                                               [01;31m[K^~~~~~~~~[m[K
      |                                                                                        [32m[K;[m[K
[01m[K/home/robo/ROS2/walk_test/src/control/include/MotionManager.h:46:89:[m[K [01;31m[Kerror: [m[Kâ€˜[01m[Kpublisher_single[m[Kâ€™ does not name a type
   46 | rclcpp::Publisher<dynamixel_sdk_custom_interfaces::msg::SetPositionOriginal>::SharedPtr [01;31m[Kpublisher_single[m[K;
      |                                                                                         [01;31m[K^~~~~~~~~~~~~~~~[m[K
In file included from [01m[K/home/robo/ROS2/walk_test/src/control/src/motion/MotionManager.cpp:25[m[K:
[01m[K/home/robo/ROS2/walk_test/src/control/include/MotionManager.h:46:57:[m[K [01;31m[Kerror: [m[Kâ€˜[01m[KSetPositionOriginal[m[Kâ€™ is not a member of â€˜[01m[Kdynamixel_sdk_custom_interfaces::msg[m[Kâ€™
   46 | rclcpp::Publisher<dynamixel_sdk_custom_interfaces::msg::[01;31m[KSetPositionOriginal[m[K>::SharedPtr publisher_single;
      |                                                         [01;31m[K^~~~~~~~~~~~~~~~~~~[m[K
[01m[K/home/robo/ROS2/walk_test/src/control/include/MotionManager.h:46:57:[m[K [01;31m[Kerror: [m[Kâ€˜[01m[KSetPositionOriginal[m[Kâ€™ is not a member of â€˜[01m[Kdynamixel_sdk_custom_interfaces::msg[m[Kâ€™
[01m[K/home/robo/ROS2/walk_test/src/control/include/MotionManager.h:46:76:[m[K [01;31m[Kerror: [m[Ktemplate argument 1 is invalid
   46 | rclcpp::Publisher<dynamixel_sdk_custom_interfaces::msg::SetPositionOriginal[01;31m[K>[m[K::SharedPtr publisher_single;
      |                                                                            [01;31m[K^[m[K
[01m[K/home/robo/ROS2/walk_test/src/control/include/MotionManager.h:46:79:[m[K [01;31m[Kerror: [m[Kexpected â€˜[01m[K;[m[Kâ€™ at end of member declaration
   46 | rclcpp::Publisher<dynamixel_sdk_custom_interfaces::msg::SetPositionOriginal>::[01;31m[KSharedPtr[m[K publisher_single;
      |                                                                               [01;31m[K^~~~~~~~~[m[K
      |                                                                                        [32m[K;[m[K
[01m[K/home/robo/ROS2/walk_test/src/control/include/MotionManager.h:46:89:[m[K [01;31m[Kerror: [m[Kâ€˜[01m[Kpublisher_single[m[Kâ€™ does not name a type
   46 | rclcpp::Publisher<dynamixel_sdk_custom_interfaces::msg::SetPositionOriginal>::SharedPtr [01;31m[Kpublisher_single[m[K;
      |                                                                                         [01;31m[K^~~~~~~~~~~~~~~~[m[K
[01m[K/home/robo/ROS2/walk_test/src/control/include/MotionManager.h:[m[K In constructor â€˜[01m[KRobot::MotionManager::MotionManager(const rclcpp::NodeOptions&)[m[Kâ€™:
[01m[K/home/robo/ROS2/walk_test/src/control/include/MotionManager.h:76:8:[m[K [01;35m[Kwarning: [m[Kâ€˜[01m[KRobot::MotionManager::DEBUG_PRINT[m[Kâ€™ will be initialized after [[01;35m[K-Wreorder[m[K]
   76 |   bool [01;35m[KDEBUG_PRINT[m[K;
      |        [01;35m[K^~~~~~~~~~~[m[K
[01m[K/home/robo/ROS2/walk_test/src/control/src/motion/MotionManager.cpp:57:41:[m[K [01;35m[Kwarning: [m[K  base â€˜[01m[Krclcpp::Node[m[Kâ€™ [[01;35m[K-Wreorder[m[K]
   57 |   rclcpp::Node("gait_publisher", options[01;35m[K)[m[K
      |                                         [01;35m[K^[m[K
[01m[K/home/robo/ROS2/walk_test/src/control/src/motion/MotionManager.cpp:48:1:[m[K [01;35m[Kwarning: [m[K  when initialized here [[01;35m[K-Wreorder[m[K]
   48 | [01;35m[KMotionManager[m[K::MotionManager(const rclcpp::NodeOptions & options) :
      | [01;35m[K^~~~~~~~~~~~~[m[K
[01m[K/home/robo/ROS2/walk_test/src/control/src/motion/MotionManager.cpp:62:2:[m[K [01;31m[Kerror: [m[Kâ€˜[01m[Kpublisher_single[m[Kâ€™ was not declared in this scope; did you mean â€˜[01m[Kpublisher_[m[Kâ€™?
   62 |  [01;31m[Kpublisher_single[m[K = this->create_publisher<dynamixel_sdk_custom_interfaces::msg::SetPositionOriginal>("set_position_single", 10);
      |  [01;31m[K^~~~~~~~~~~~~~~~[m[K
      |  [32m[Kpublisher_[m[K
[01m[K/home/robo/ROS2/walk_test/src/control/src/motion/MotionManager.cpp:62:82:[m[K [01;31m[Kerror: [m[Kâ€˜[01m[KSetPositionOriginal[m[Kâ€™ is not a member of â€˜[01m[Kdynamixel_sdk_custom_interfaces::msg[m[Kâ€™
   62 |  publisher_single = this->create_publisher<dynamixel_sdk_custom_interfaces::msg::[01;31m[KSetPositionOriginal[m[K>("set_position_single", 10);
      |                                                                                  [01;31m[K^~~~~~~~~~~~~~~~~~~[m[K
[01m[K/home/robo/ROS2/walk_test/src/control/src/motion/MotionManager.cpp:62:82:[m[K [01;31m[Kerror: [m[Kâ€˜[01m[KSetPositionOriginal[m[Kâ€™ is not a member of â€˜[01m[Kdynamixel_sdk_custom_interfaces::msg[m[Kâ€™
[01m[K/home/robo/ROS2/walk_test/src/control/src/motion/MotionManager.cpp:62:128:[m[K [01;31m[Kerror: [m[Kno matching function for call to â€˜[01m[KRobot::MotionManager::create_publisher<<expression error> >(const char [20], int)[m[Kâ€™
   62 |  publisher_single = this->create_publisher<dynamixel_sdk_custom_interfaces::msg::SetPositionOriginal>("set_position_single", 10[01;31m[K)[m[K;
      |                                                                                                                                [01;31m[K^[m[K
In file included from [01m[K/opt/ros/foxy/include/rclcpp/node.hpp:1224[m[K,
                 from [01m[K/opt/ros/foxy/include/rclcpp/executors/single_threaded_executor.hpp:28[m[K,
                 from [01m[K/opt/ros/foxy/include/rclcpp/executors.hpp:22[m[K,
                 from [01m[K/opt/ros/foxy/include/rclcpp/rclcpp.hpp:146[m[K,
                 from [01m[K/home/robo/ROS2/walk_test/src/control/include/MotionManager.h:20[m[K,
                 from [01m[K/home/robo/ROS2/walk_test/src/control/src/motion/MotionManager.cpp:25[m[K:
[01m[K/opt/ros/foxy/include/rclcpp/node_impl.hpp:71:1:[m[K [01;36m[Knote: [m[Kcandidate: â€˜[01m[Ktemplate<class MessageT, class AllocatorT, class PublisherT> std::shared_ptr<PublisherT> rclcpp::Node::create_publisher(const string&, const rclcpp::QoS&, const rclcpp::PublisherOptionsWithAllocator<AllocatorT>&)[m[Kâ€™
   71 | [01;36m[KNode[m[K::create_publisher(
      | [01;36m[K^~~~[m[K
[01m[K/opt/ros/foxy/include/rclcpp/node_impl.hpp:71:1:[m[K [01;36m[Knote: [m[K  template argument deduction/substitution failed:
[01m[K/home/robo/ROS2/walk_test/src/control/src/motion/MotionManager.cpp:62:128:[m[K [01;31m[Kerror: [m[Ktemplate argument 1 is invalid
   62 |  publisher_single = this->create_publisher<dynamixel_sdk_custom_interfaces::msg::SetPositionOriginal>("set_position_single", 10[01;31m[K)[m[K;
      |                                                                                                                                [01;31m[K^[m[K
[01m[K/home/robo/ROS2/walk_test/src/control/src/motion/MotionManager.cpp:[m[K In member function â€˜[01m[Kvoid Robot::MotionManager::topic_callback(std::shared_ptr<sensor_msgs::msg::Imu_<std::allocator<void> > >) const[m[Kâ€™:
[01m[K/home/robo/ROS2/walk_test/src/control/src/motion/MotionManager.cpp:86:15:[m[K [01;35m[Kwarning: [m[Kunused variable â€˜[01m[KIMU_GYRO_X[m[Kâ€™ [[01;35m[K-Wunused-variable[m[K]
   86 |         float [01;35m[KIMU_GYRO_X[m[K = -imu_msg_->angular_velocity.x/10;
      |               [01;35m[K^~~~~~~~~~[m[K
[01m[K/home/robo/ROS2/walk_test/src/control/src/motion/MotionManager.cpp:87:15:[m[K [01;35m[Kwarning: [m[Kunused variable â€˜[01m[KIMU_GYRO_Y[m[Kâ€™ [[01;35m[K-Wunused-variable[m[K]
   87 |         float [01;35m[KIMU_GYRO_Y[m[K  = -imu_msg_->angular_velocity.y/10;
      |               [01;35m[K^~~~~~~~~~[m[K
[01m[K/home/robo/ROS2/walk_test/src/control/src/motion/MotionManager.cpp:[m[K In member function â€˜[01m[Kbool Robot::MotionManager::Initialize(bool)[m[Kâ€™:
[01m[K/home/robo/ROS2/walk_test/src/control/src/motion/MotionManager.cpp:93:6:[m[K [01;35m[Kwarning: [m[Kunused variable â€˜[01m[Kvalue[m[Kâ€™ [[01;35m[K-Wunused-variable[m[K]
   93 |  int [01;35m[Kvalue[m[K, error;
      |      [01;35m[K^~~~~[m[K
[01m[K/home/robo/ROS2/walk_test/src/control/src/motion/MotionManager.cpp:93:13:[m[K [01;35m[Kwarning: [m[Kunused variable â€˜[01m[Kerror[m[Kâ€™ [[01;35m[K-Wunused-variable[m[K]
   93 |  int value, [01;35m[Kerror[m[K;
      |             [01;35m[K^~~~~[m[K
[01m[K/home/robo/ROS2/walk_test/src/control/src/motion/MotionManager.cpp:[m[K In member function â€˜[01m[Kbool Robot::MotionManager::Reinitialize()[m[Kâ€™:
[01m[K/home/robo/ROS2/walk_test/src/control/src/motion/MotionManager.cpp:152:6:[m[K [01;35m[Kwarning: [m[Kunused variable â€˜[01m[Kvalue[m[Kâ€™ [[01;35m[K-Wunused-variable[m[K]
  152 |  int [01;35m[Kvalue[m[K, error;
      |      [01;35m[K^~~~~[m[K
[01m[K/home/robo/ROS2/walk_test/src/control/src/motion/MotionManager.cpp:152:13:[m[K [01;35m[Kwarning: [m[Kunused variable â€˜[01m[Kerror[m[Kâ€™ [[01;35m[K-Wunused-variable[m[K]
  152 |  int value, [01;35m[Kerror[m[K;
      |             [01;35m[K^~~~~[m[K
[01m[K/home/robo/ROS2/walk_test/src/control/src/motion/MotionManager.cpp:[m[K In member function â€˜[01m[Kvoid Robot::MotionManager::Process()[m[Kâ€™:
[01m[K/home/robo/ROS2/walk_test/src/control/src/motion/MotionManager.cpp:296:6:[m[K [01;35m[Kwarning: [m[Kunused variable â€˜[01m[Kjoint_num[m[Kâ€™ [[01;35m[K-Wunused-variable[m[K]
  296 |  int [01;35m[Kjoint_num[m[K = 0;
      |      [01;35m[K^~~~~~~~~[m[K
[01m[K/home/robo/ROS2/walk_test/src/control/src/motion/MotionManager.cpp:[m[K In member function â€˜[01m[Kvoid Robot::MotionManager::SetEnable(bool)[m[Kâ€™:
[01m[K/home/robo/ROS2/walk_test/src/control/src/motion/MotionManager.cpp:328:62:[m[K [01;31m[Kerror: [m[Kâ€˜[01m[KSetPositionOriginal[m[Kâ€™ is not a member of â€˜[01m[Kdynamixel_sdk_custom_interfaces::msg[m[Kâ€™
  328 |  auto message_single = dynamixel_sdk_custom_interfaces::msg::[01;31m[KSetPositionOriginal[m[K();
      |                                                              [01;31m[K^~~~~~~~~~~~~~~~~~~[m[K
[01m[K/home/robo/ROS2/walk_test/src/control/src/motion/MotionManager.cpp:329:22:[m[K [01;31m[Kerror: [m[Kâ€˜[01m[KBROADCAST_ID[m[Kâ€™ was not declared in this scope
  329 |  message_single.id = [01;31m[KBROADCAST_ID[m[K;
      |                      [01;31m[K^~~~~~~~~~~~[m[K
[01m[K/home/robo/ROS2/walk_test/src/control/src/motion/MotionManager.cpp:332:2:[m[K [01;31m[Kerror: [m[Kâ€˜[01m[Kpublisher_single[m[Kâ€™ was not declared in this scope; did you mean â€˜[01m[Kpublisher_[m[Kâ€™?
  332 |  [01;31m[Kpublisher_single[m[K->publish(message);
      |  [01;31m[K^~~~~~~~~~~~~~~~[m[K
      |  [32m[Kpublisher_[m[K
[01m[K/home/robo/ROS2/walk_test/src/control/src/motion/MotionManager.cpp:332:28:[m[K [01;31m[Kerror: [m[Kâ€˜[01m[Kmessage[m[Kâ€™ was not declared in this scope
  332 |  publisher_single->publish([01;31m[Kmessage[m[K);
      |                            [01;31m[K^~~~~~~[m[K
make[2]: *** [CMakeFiles/motion.dir/build.make:180: CMakeFiles/motion.dir/src/motion/JointData.cpp.o] Error 1
make[2]: *** [CMakeFiles/motion.dir/build.make:63: CMakeFiles/motion.dir/src/motion/MotionManager.cpp.o] Error 1
make[1]: *** [CMakeFiles/Makefile2:165: CMakeFiles/motion.dir/all] Error 2
make[1]: *** Waiting for unfinished jobs....
make[2]: *** [CMakeFiles/control.dir/build.make:63: CMakeFiles/control.dir/src/control.cpp.o] Error 1
make[1]: *** [CMakeFiles/Makefile2:111: CMakeFiles/control.dir/all] Error 2
make: *** [Makefile:141: all] Error 2
