[0.017s] Invoking command in '/home/robofei/ROS2/action/build/control': AMENT_PREFIX_PATH=/home/robofei/ROS2/action/install/custom_interfaces:${AMENT_PREFIX_PATH} CMAKE_PREFIX_PATH=/home/robofei/ROS2/action/install/custom_interfaces:/opt/ros/foxy LD_LIBRARY_PATH=/home/robofei/ROS2/action/install/custom_interfaces/lib:${LD_LIBRARY_PATH} PYTHONPATH=/home/robofei/ROS2/action/install/custom_interfaces/lib/python3.8/site-packages:${PYTHONPATH} /usr/bin/cmake --build /home/robofei/ROS2/action/build/control -- -j4 -l4
[0.059s] [35m[1mScanning dependencies of target action_node[0m
[0.091s] [ 50%] [32mBuilding CXX object CMakeFiles/action_node.dir/src/main.cpp.o[0m
[0.710s] [01m[K/home/robofei/ROS2/action/src/control/src/main.cpp:337:35:[m[K [01;35m[Kwarning: [m[Kcharacter constant too long for its type
[0.711s]   337 |             if(read_int(movement==[01;35m[K'goodbye'[m[K) == 20)
[0.711s]       |                                   [01;35m[K^~~~~~~~~[m[K
[2.359s] [01m[K/home/robofei/ROS2/action/src/control/src/main.cpp:[m[K In constructor â€˜[01m[KActionNode::ActionNode()[m[Kâ€™:
[2.359s] [01m[K/home/robofei/ROS2/action/src/control/src/main.cpp:71:7:[m[K [01;31m[Kerror: [m[Kâ€˜[01m[Kpublisher_[m[Kâ€™ was not declared in this scope; did you mean â€˜[01m[Krcl_publisher_t[m[Kâ€™?
[2.359s]    71 |       [01;31m[Kpublisher_[m[K = this->create_publisher<custom_interfaces::msg::SetPosition>("set_position", 10);
[2.359s]       |       [01;31m[K^~~~~~~~~~[m[K
[2.359s]       |       [32m[Krcl_publisher_t[m[K
[2.364s] [01m[K/home/robofei/ROS2/action/src/control/src/main.cpp:[m[K In member function â€˜[01m[Kvoid ActionNode::topic_callback(std_msgs::msg::String_<std::allocator<void> >::SharedPtr) const[m[Kâ€™:
[2.364s] [01m[K/home/robofei/ROS2/action/src/control/src/main.cpp:76:16:[m[K [01;31m[Kerror: [m[Kinvalid operands of types â€˜[01m[Kconst char*[m[Kâ€™ and â€˜[01m[Kconst char*[m[Kâ€™ to binary â€˜[01m[Koperator<<[m[Kâ€™
[2.364s]    76 |       [32m[Kmovement[m[K [01;31m[K<<[m[K [34m[Kmsg->data.c_str()[m[K);
[2.364s]       |       [32m[K~~~~~~~~[m[K [01;31m[K^~[m[K [34m[K~~~~~~~~~~~~~~~~~[m[K
[2.364s]       |       [32m[K|[m[K                          [34m[K|[m[K
[2.364s]       |       [32m[Kconst char*[m[K                [34m[Kconst char*[m[K
[2.367s] [01m[K/home/robofei/ROS2/action/src/control/src/main.cpp:232:5:[m[K [01;31m[Kerror: [m[Kâ€˜[01m[KlogInit[m[Kâ€™ was not declared in this scope
[2.367s]   232 |     [01;31m[KlogInit[m[K(); // save the time when start the control process
[2.367s]       |     [01;31m[K^~~~~~~[m[K
[2.371s] [01m[K/home/robofei/ROS2/action/src/control/src/main.cpp:237:17:[m[K [01;31m[Kerror: [m[Kâ€˜[01m[Ksame_moviment[m[Kâ€™ was not declared in this scope; did you mean â€˜[01m[Klast_movement[m[Kâ€™?
[2.371s]   237 |                 [01;31m[Ksame_moviment[m[K = true;
[2.372s]       |                 [01;31m[K^~~~~~~~~~~~~[m[K
[2.372s]       |                 [32m[Klast_movement[m[K
[2.376s] [01m[K/home/robofei/ROS2/action/src/control/src/main.cpp:240:17:[m[K [01;31m[Kerror: [m[Kâ€˜[01m[Ksame_moviment[m[Kâ€™ was not declared in this scope; did you mean â€˜[01m[Klast_movement[m[Kâ€™?
[2.376s]   240 |                 [01;31m[Ksame_moviment[m[K = false;
[2.376s]       |                 [01;31m[K^~~~~~~~~~~~~[m[K
[2.376s]       |                 [32m[Klast_movement[m[K
[2.380s] [01m[K/home/robofei/ROS2/action/src/control/src/main.cpp:242:17:[m[K [01;31m[Kerror: [m[Kâ€˜[01m[Kcount_read[m[Kâ€™ was not declared in this scope; did you mean â€˜[01m[Kini_read[m[Kâ€™?
[2.380s]   242 |                 [01;31m[Kcount_read[m[K=0;
[2.380s]       |                 [01;31m[K^~~~~~~~~~[m[K
[2.380s]       |                 [32m[Kini_read[m[K
[2.383s] [01m[K/home/robofei/ROS2/action/src/control/src/main.cpp:244:13:[m[K [01;31m[Kerror: [m[Kâ€˜[01m[Kbuffer[m[Kâ€™ was not declared in this scope; did you mean â€˜[01m[Ksetbuffer[m[Kâ€™?
[2.383s]   244 |             [01;31m[Kbuffer[m[K = movement;
[2.383s]       |             [01;31m[K^~~~~~[m[K
[2.383s]       |             [32m[Ksetbuffer[m[K
[2.383s] [01m[K/home/robofei/ROS2/action/src/control/src/main.cpp:337:35:[m[K [01;31m[Kerror: [m[KISO C++ forbids comparison between pointer and integer [[01;31m[K-fpermissive[m[K]
[2.383s]   337 |             if(read_int(movement==[01;31m[K'goodbye'[m[K) == 20)
[2.384s]       |                                   [01;31m[K^~~~~~~~~[m[K
[2.384s] [01m[K/home/robofei/ROS2/action/src/control/src/main.cpp:337:33:[m[K [01;31m[Kerror: [m[Kcannot convert â€˜[01m[Kbool[m[Kâ€™ to â€˜[01m[Kint*[m[Kâ€™
[2.384s]   337 |             if(read_int([01;31m[Kmovement=='goodbye'[m[K) == 20)
[2.384s]       |                         [01;31m[K~~~~~~~~^~~~~~~~~~~[m[K
[2.384s]       |                                 [01;31m[K|[m[K
[2.384s]       |                                 [01;31m[Kbool[m[K
[2.384s] In file included from [01m[K/home/robofei/ROS2/action/src/control/include/ActionMove.hpp:24[m[K,
[2.384s]                  from [01m[K/home/robofei/ROS2/action/src/control/src/main.cpp:42[m[K:
[2.384s] [01m[K/home/robofei/ROS2/action/src/control/include/blackboard.h:238:14:[m[K [01;36m[Knote: [m[K  initializing argument 1 of â€˜[01m[Kint read_int(int*, int)[m[Kâ€™
[2.384s]   238 | int read_int([01;36m[Kint*[m[K, int);
[2.384s]       |              [01;36m[K^~~~[m[K
[2.386s] [01m[K/home/robofei/ROS2/action/src/control/src/main.cpp:338:17:[m[K [01;31m[Kerror: [m[Kâ€˜[01m[KgoodBye[m[Kâ€™ was not declared in this scope
[2.386s]   338 |                 [01;31m[KgoodBye[m[K();
[2.386s]       |                 [01;31m[K^~~~~~~[m[K
[2.390s] [01m[K/home/robofei/ROS2/action/src/control/src/main.cpp:350:13:[m[K [01;31m[Kerror: [m[Kâ€˜[01m[Kcount_read[m[Kâ€™ was not declared in this scope; did you mean â€˜[01m[Kini_read[m[Kâ€™?
[2.390s]   350 |             [01;31m[Kcount_read[m[K++;
[2.390s]       |             [01;31m[K^~~~~~~~~~[m[K
[2.390s]       |             [32m[Kini_read[m[K
[2.391s] [01m[K/home/robofei/ROS2/action/src/control/src/main.cpp:351:51:[m[K [01;35m[Kwarning: [m[Knon-ISO-standard escape sequence, '\e'
[2.391s]   351 |             std::cout << "\rReading BlackBoard" <<[01;35m[K"[\e[38;5;82m"[m[K<< count_read<<"\e[0m] | Tempo ocioso"<<"[\e[38;5;82m"<< count_read*step_time/1000<<"s\e[0m]";
[2.391s]       |                                                   [01;35m[K^~~~~~~~~~~~~~[m[K
[2.391s] [01m[K/home/robofei/ROS2/action/src/control/src/main.cpp:351:80:[m[K [01;35m[Kwarning: [m[Knon-ISO-standard escape sequence, '\e'
[2.391s]   351 | out << "\rReading BlackBoard" <<"[\e[38;5;82m"<< count_read<<[01;35m[K"\e[0m] | Tempo ocioso"[m[K<<"[\e[38;5;82m"<< count_read*step_time/1000<<"s\e[0m]";
[2.391s]       |                                                              [01;35m[K^~~~~~~~~~~~~~~~~~~~~~~[m[K
[2.391s] 
[2.391s] [01m[K/home/robofei/ROS2/action/src/control/src/main.cpp:351:105:[m[K [01;35m[Kwarning: [m[Knon-ISO-standard escape sequence, '\e'
[2.391s]   351 | ard" <<"[\e[38;5;82m"<< count_read<<"\e[0m] | Tempo ocioso"<<[01;35m[K"[\e[38;5;82m"[m[K<< count_read*step_time/1000<<"s\e[0m]";
[2.391s]       |                                                              [01;35m[K^~~~~~~~~~~~~~[m[K
[2.391s] 
[2.394s] [01m[K/home/robofei/ROS2/action/src/control/src/main.cpp:351:133:[m[K [01;31m[Kerror: [m[Kâ€˜[01m[Kstep_time[m[Kâ€™ was not declared in this scope; did you mean â€˜[01m[Kstrptime[m[Kâ€™?
[2.394s]   351 | t_read<<"\e[0m] | Tempo ocioso"<<"[\e[38;5;82m"<< count_read*[01;31m[Kstep_time[m[K/1000<<"s\e[0m]";
[2.394s]       |                                                              [01;31m[K^~~~~~~~~[m[K
[2.394s]       |                                                              [32m[Kstrptime[m[K
[2.394s] [01m[K/home/robofei/ROS2/action/src/control/src/main.cpp:351:149:[m[K [01;35m[Kwarning: [m[Knon-ISO-standard escape sequence, '\e'
[2.394s]   351 | "\e[0m] | Tempo ocioso"<<"[\e[38;5;82m"<< count_read*step_time/1000<<[01;35m[K"s\e[0m]"[m[K;
[2.394s]       |                                                                      [01;35m[K^~~~~~~~~[m[K
[2.394s] 
[2.395s] [01m[K/home/robofei/ROS2/action/src/control/src/main.cpp:[m[K At global scope:
[2.395s] [01m[K/home/robofei/ROS2/action/src/control/src/main.cpp:385:2:[m[K [01;35m[Kwarning: [m[Kextra â€˜[01m[K;[m[Kâ€™ [[01;35m[K-Wpedantic[m[K]
[2.395s]   385 | }[01;35m[K;[m[K
[2.396s]       |  [01;35m[K^[m[K
[2.396s] [01m[K/home/robofei/ROS2/action/src/control/src/main.cpp:[m[K In function â€˜[01m[Kvoid sighandler(int)[m[Kâ€™:
[2.396s] [01m[K/home/robofei/ROS2/action/src/control/src/main.cpp:398:21:[m[K [01;35m[Kwarning: [m[Kunused parameter â€˜[01m[Ksig[m[Kâ€™ [[01;35m[K-Wunused-parameter[m[K]
[2.396s]   398 | void sighandler([01;35m[Kint sig[m[K)
[2.396s]       |                 [01;35m[K~~~~^~~[m[K
[2.398s] [01m[K/home/robofei/ROS2/action/src/control/src/main.cpp:[m[K In function â€˜[01m[Kvoid goodbye()[m[Kâ€™:
[2.398s] [01m[K/home/robofei/ROS2/action/src/control/src/main.cpp:405:5:[m[K [01;31m[Kerror: [m[Kâ€˜[01m[Ktimer_[m[Kâ€™ was not declared in this scope; did you mean â€˜[01m[Ktimer_t[m[Kâ€™?
[2.398s]   405 |     [01;31m[Ktimer_[m[K = this->create_wall_timer(
[2.398s]       |     [01;31m[K^~~~~~[m[K
[2.399s]       |     [32m[Ktimer_t[m[K
[2.399s] [01m[K/home/robofei/ROS2/action/src/control/src/main.cpp:405:14:[m[K [01;31m[Kerror: [m[Kinvalid use of â€˜[01m[Kthis[m[Kâ€™ in non-member function
[2.399s]   405 |     timer_ = [01;31m[Kthis[m[K->create_wall_timer(
[2.399s]       |              [01;31m[K^~~~[m[K
[2.399s] [01m[K/home/robofei/ROS2/action/src/control/src/main.cpp:406:25:[m[K [01;31m[Kerror: [m[Kâ€˜[01m[KMinimalPublisher[m[Kâ€™ has not been declared
[2.399s]   406 |       500ms, std::bind(&[01;31m[KMinimalPublisher[m[K::timer_callback, this));
[2.399s]       |                         [01;31m[K^~~~~~~~~~~~~~~~[m[K
[2.399s] [01m[K/home/robofei/ROS2/action/src/control/src/main.cpp:406:59:[m[K [01;31m[Kerror: [m[Kinvalid use of â€˜[01m[Kthis[m[Kâ€™ in non-member function
[2.399s]   406 |       500ms, std::bind(&MinimalPublisher::timer_callback, [01;31m[Kthis[m[K));
[2.399s]       |                                                           [01;31m[K^~~~[m[K
[2.399s] [01m[K/home/robofei/ROS2/action/src/control/src/main.cpp:[m[K In function â€˜[01m[Kvoid timer_callback()[m[Kâ€™:
[2.399s] [01m[K/home/robofei/ROS2/action/src/control/src/main.cpp:412:20:[m[K [01;31m[Kerror: [m[Kâ€˜[01m[Kdynamixel_sdk_custom_interfaces[m[Kâ€™ has not been declared
[2.399s]   412 |     auto message = [01;31m[Kdynamixel_sdk_custom_interfaces[m[K::msg::SetPosition();
[2.399s]       |                    [01;31m[K^~~~~~~~~~~~~~~~~~~~~~~~~~~~~~~[m[K
[2.401s] [01m[K/home/robofei/ROS2/action/src/control/src/main.cpp:416:9:[m[K [01;31m[Kerror: [m[Kâ€˜[01m[Kpublisher_[m[Kâ€™ was not declared in this scope; did you mean â€˜[01m[Krcl_publisher_t[m[Kâ€™?
[2.401s]   416 |         [01;31m[Kpublisher_[m[K->publish(message);
[2.402s]       |         [01;31m[K^~~~~~~~~~[m[K
[2.402s]       |         [32m[Krcl_publisher_t[m[K
[2.426s] [01m[K/home/robofei/ROS2/action/src/control/src/main.cpp:431:21:[m[K [01;31m[Kerror: [m[Kâ€˜[01m[Kdynamixel_sdk_custom_interfaces[m[Kâ€™ was not declared in this scope
[2.426s]   431 |   rclcpp::Publisher<[01;31m[Kdynamixel_sdk_custom_interfaces[m[K::msg::SetPosition>::SharedPtr publisher_;         // CHANGE
[2.426s]       |                     [01;31m[K^~~~~~~~~~~~~~~~~~~~~~~~~~~~~~~[m[K
[2.426s] [01m[K/home/robofei/ROS2/action/src/control/src/main.cpp:431:70:[m[K [01;31m[Kerror: [m[Ktemplate argument 1 is invalid
[2.426s]   431 | ::Publisher<dynamixel_sdk_custom_interfaces::msg::SetPosition[01;31m[K>[m[K::SharedPtr publisher_;         // CHANGE
[2.427s]       |                                                              [01;31m[K^[m[K
[2.427s] 
[2.427s] [01m[K/home/robofei/ROS2/action/src/control/src/main.cpp:431:83:[m[K [01;31m[Kerror: [m[Kqualified-id in declaration before â€˜[01m[Kpublisher_[m[Kâ€™
[2.427s]   431 | ynamixel_sdk_custom_interfaces::msg::SetPosition>::SharedPtr [01;31m[Kpublisher_[m[K;         // CHANGE
[2.427s]       |                                                              [01;31m[K^~~~~~~~~~[m[K
[2.427s] 
[2.427s] [01m[K/home/robofei/ROS2/action/src/control/src/main.cpp:432:10:[m[K [01;35m[Kwarning: [m[Kunused variable â€˜[01m[Kcount_[m[Kâ€™ [[01;35m[K-Wunused-variable[m[K]
[2.427s]   432 |   size_t [01;35m[Kcount_[m[K;
[2.427s]       |          [01;35m[K^~~~~~[m[K
[2.427s] [01m[K/home/robofei/ROS2/action/src/control/src/main.cpp:[m[K In function â€˜[01m[Kint main(int, char**)[m[Kâ€™:
[2.428s] [01m[K/home/robofei/ROS2/action/src/control/src/main.cpp:488:26:[m[K [01;31m[Kerror: [m[Kno matching function for call to â€˜[01m[KGaitMove::GaitMove(minIni*&)[m[Kâ€™
[2.428s]   488 |     GaitMove gaitMove(ini[01;31m[K)[m[K;
[2.428s]       |                          [01;31m[K^[m[K
[2.428s] In file included from [01m[K/home/robofei/ROS2/action/src/control/src/main.cpp:43[m[K:
[2.428s] [01m[K/home/robofei/ROS2/action/src/control/include/GaitMove.hpp:36:9:[m[K [01;36m[Knote: [m[Kcandidate: â€˜[01m[KGaitMove::GaitMove(int*, minIni*)[m[Kâ€™
[2.428s]    36 |         [01;36m[KGaitMove[m[K(int *mem_t, minIni* ini);
[2.428s]       |         [01;36m[K^~~~~~~~[m[K
[2.428s] [01m[K/home/robofei/ROS2/action/src/control/include/GaitMove.hpp:36:9:[m[K [01;36m[Knote: [m[K  candidate expects 2 arguments, 1 provided
[2.428s] [01m[K/home/robofei/ROS2/action/src/control/include/GaitMove.hpp:31:7:[m[K [01;36m[Knote: [m[Kcandidate: â€˜[01m[Kconstexpr GaitMove::GaitMove(const GaitMove&)[m[Kâ€™
[2.428s]    31 | class [01;36m[KGaitMove[m[K
[2.428s]       |       [01;36m[K^~~~~~~~[m[K
[2.428s] [01m[K/home/robofei/ROS2/action/src/control/include/GaitMove.hpp:31:7:[m[K [01;36m[Knote: [m[K  no known conversion for argument 1 from â€˜[01m[KminIni*[m[Kâ€™ to â€˜[01m[Kconst GaitMove&[m[Kâ€™
[2.432s] [01m[K/home/robofei/ROS2/action/src/control/src/main.cpp:450:10:[m[K [01;35m[Kwarning: [m[Kunused variable â€˜[01m[Kstop_gait[m[Kâ€™ [[01;35m[K-Wunused-variable[m[K]
[2.432s]   450 |     bool [01;35m[Kstop_gait[m[K = true;
[2.432s]       |          [01;35m[K^~~~~~~~~[m[K
[2.432s] [01m[K/home/robofei/ROS2/action/src/control/src/main.cpp:451:11:[m[K [01;35m[Kwarning: [m[Kunused variable â€˜[01m[KServoport[m[Kâ€™ [[01;35m[K-Wunused-variable[m[K]
[2.432s]   451 |     char *[01;35m[KServoport[m[K;
[2.432s]       |           [01;35m[K^~~~~~~~~[m[K
[2.432s] [01m[K/home/robofei/ROS2/action/src/control/src/main.cpp:452:9:[m[K [01;35m[Kwarning: [m[Kunused variable â€˜[01m[Kvalue[m[Kâ€™ [[01;35m[K-Wunused-variable[m[K]
[2.432s]   452 |     int [01;35m[Kvalue[m[K;
[2.432s]       |         [01;35m[K^~~~~[m[K
[2.432s] [01m[K/home/robofei/ROS2/action/src/control/src/main.cpp:453:9:[m[K [01;35m[Kwarning: [m[Kunused variable â€˜[01m[KidServo[m[Kâ€™ [[01;35m[K-Wunused-variable[m[K]
[2.432s]   453 |     int [01;35m[KidServo[m[K;
[2.432s]       |         [01;35m[K^~~~~~~[m[K
[2.433s] [01m[K/home/robofei/ROS2/action/src/control/src/main.cpp:454:10:[m[K [01;35m[Kwarning: [m[Kunused variable â€˜[01m[Kflag_stop[m[Kâ€™ [[01;35m[K-Wunused-variable[m[K]
[2.433s]   454 |     bool [01;35m[Kflag_stop[m[K = 0;
[2.433s]       |          [01;35m[K^~~~~~~~~[m[K
[2.433s] [01m[K/home/robofei/ROS2/action/src/control/src/main.cpp:455:10:[m[K [01;35m[Kwarning: [m[Kunused variable â€˜[01m[Kmovement[m[Kâ€™ [[01;35m[K-Wunused-variable[m[K]
[2.433s]   455 |     char [01;35m[Kmovement[m[K[20];
[2.433s]       |          [01;35m[K^~~~~~~~[m[K
[2.433s] [01m[K/home/robofei/ROS2/action/src/control/src/main.cpp:456:10:[m[K [01;35m[Kwarning: [m[Kunused variable â€˜[01m[Klast_movement[m[Kâ€™ [[01;35m[K-Wunused-variable[m[K]
[2.433s]   456 |     char [01;35m[Klast_movement[m[K[20];
[2.433s]       |          [01;35m[K^~~~~~~~~~~~~[m[K
[2.433s] [01m[K/home/robofei/ROS2/action/src/control/src/main.cpp:457:10:[m[K [01;35m[Kwarning: [m[Kunused variable â€˜[01m[Ksame_moviment[m[Kâ€™ [[01;35m[K-Wunused-variable[m[K]
[2.433s]   457 |     bool [01;35m[Ksame_moviment[m[K = false;
[2.433s]       |          [01;35m[K^~~~~~~~~~~~~[m[K
[2.433s] [01m[K/home/robofei/ROS2/action/src/control/src/main.cpp:458:18:[m[K [01;35m[Kwarning: [m[Kunused variable â€˜[01m[Kbuffer[m[Kâ€™ [[01;35m[K-Wunused-variable[m[K]
[2.433s]   458 |     unsigned int [01;35m[Kbuffer[m[K = 10000;
[2.433s]       |                  [01;35m[K^~~~~~[m[K
[2.434s] [01m[K/home/robofei/ROS2/action/src/control/src/main.cpp:459:18:[m[K [01;35m[Kwarning: [m[Kunused variable â€˜[01m[Kcount_read[m[Kâ€™ [[01;35m[K-Wunused-variable[m[K]
[2.434s]   459 |     unsigned int [01;35m[Kcount_read[m[K=0;
[2.434s]       |                  [01;35m[K^~~~~~~~~~[m[K
[2.434s] [01m[K/home/robofei/ROS2/action/src/control/src/main.cpp:460:18:[m[K [01;35m[Kwarning: [m[Kunused variable â€˜[01m[Kstep_time[m[Kâ€™ [[01;35m[K-Wunused-variable[m[K]
[2.434s]   460 |     unsigned int [01;35m[Kstep_time[m[K=20; // Determina a frequencia de leitura do blackboard
[2.434s]       |                  [01;35m[K^~~~~~~~~[m[K
[4.289s] make[2]: *** [CMakeFiles/action_node.dir/build.make:63: CMakeFiles/action_node.dir/src/main.cpp.o] Error 1
[4.289s] make[1]: *** [CMakeFiles/Makefile2:78: CMakeFiles/action_node.dir/all] Error 2
[4.290s] make: *** [Makefile:141: all] Error 2
[4.292s] Invoked command in '/home/robofei/ROS2/action/build/control' returned '2': AMENT_PREFIX_PATH=/home/robofei/ROS2/action/install/custom_interfaces:${AMENT_PREFIX_PATH} CMAKE_PREFIX_PATH=/home/robofei/ROS2/action/install/custom_interfaces:/opt/ros/foxy LD_LIBRARY_PATH=/home/robofei/ROS2/action/install/custom_interfaces/lib:${LD_LIBRARY_PATH} PYTHONPATH=/home/robofei/ROS2/action/install/custom_interfaces/lib/python3.8/site-packages:${PYTHONPATH} /usr/bin/cmake --build /home/robofei/ROS2/action/build/control -- -j4 -l4
