[35m[1mScanning dependencies of target action[0m
[ 16%] Built target gait_publisher
[ 16%] Built target decision
[ 24%] Built target control
[ 92%] Built target motion
[ 96%] [32mBuilding CXX object CMakeFiles/action.dir/src/action_editor/main.cpp.o[0m
[01m[K/home/robo/ROS2/walk_test/src/control/src/action_editor/main.cpp:[m[K In member function â€˜[01m[Kint MinimalPublisher::process()[m[Kâ€™:
[01m[K/home/robo/ROS2/walk_test/src/control/src/action_editor/main.cpp:64:5:[m[K [01;31m[Kerror: [m[Kâ€˜[01m[Kteste[m[Kâ€™ was not declared in this scope
   64 |     [01;31m[Kteste[m[K();
      |     [01;31m[K^~~~~[m[K
[01m[K/home/robo/ROS2/walk_test/src/control/src/action_editor/main.cpp:[m[K In function â€˜[01m[Kvoid sighandler(int)[m[Kâ€™:
[01m[K/home/robo/ROS2/walk_test/src/control/src/action_editor/main.cpp:318:21:[m[K [01;35m[Kwarning: [m[Kunused parameter â€˜[01m[Ksig[m[Kâ€™ [[01;35m[K-Wunused-parameter[m[K]
  318 | void sighandler([01;35m[Kint sig[m[K)
      |                 [01;35m[K~~~~^~~[m[K
make[2]: *** [CMakeFiles/action.dir/build.make:63: CMakeFiles/action.dir/src/action_editor/main.cpp.o] Error 1
make[1]: *** [CMakeFiles/Makefile2:248: CMakeFiles/action.dir/all] Error 2
make: *** [Makefile:141: all] Error 2
