[0.016s] Invoking command in '/home/robofei/robotis_ws/build/dynamixel_sdk_examples': CMAKE_PREFIX_PATH=/home/robofei/robotis_ws/install/dynamixel_sdk_custom_interfaces:/home/robofei/robotis_ws/install/dynamixel_sdk:/home/robofei/robotis_ws/install/dynamixel_sdk_examples:/opt/ros/foxy PYTHONPATH=/home/robofei/robotis_ws/install/dynamixel_sdk_custom_interfaces/lib/python3.8/site-packages:/home/robofei/robotis_ws/install/dynamixel_sdk_examples/lib/python3.8/site-packages:/opt/ros/foxy/lib/python3.8/site-packages /usr/bin/cmake --build /home/robofei/robotis_ws/build/dynamixel_sdk_examples -- -j4 -l4
[0.080s] [ 25%] [32mBuilding CXX object CMakeFiles/minimal_pub.dir/src/minimal_pub.cpp.o[0m
[0.086s] [ 75%] Built target read_write_node
[0.199s] [01m[K/home/robofei/robotis_ws/src/DynamixelSDK/dynamixel_sdk_examples/src/minimal_pub.cpp:29:19:[m[K [01;35m[Kwarning: [m[Kcharacter constant too long for its type
[0.199s]    29 |         message = [01;35m[K'{id: {2, 6}, position: {300, 500}}'[m[K;
[0.199s]       |                   [01;35m[K^~~~~~~~~~~~~~~~~~~~~~~~~~~~~~~~~~~~[m[K
[0.199s] [01m[K/home/robofei/robotis_ws/src/DynamixelSDK/dynamixel_sdk_examples/src/minimal_pub.cpp:31:19:[m[K [01;35m[Kwarning: [m[Kcharacter constant too long for its type
[0.199s]    31 |         message = [01;35m[K'{id: {2, 6}, position: {300, 2500}}'[m[K;
[0.199s]       |                   [01;35m[K^~~~~~~~~~~~~~~~~~~~~~~~~~~~~~~~~~~~~[m[K
[1.433s] [01m[K/home/robofei/robotis_ws/src/DynamixelSDK/dynamixel_sdk_examples/src/minimal_pub.cpp:[m[K In constructor â€˜[01m[KMinimalPublisher::MinimalPublisher()[m[Kâ€™:
[1.433s] [01m[K/home/robofei/robotis_ws/src/DynamixelSDK/dynamixel_sdk_examples/src/minimal_pub.cpp:19:7:[m[K [01;31m[Kerror: [m[Kâ€˜[01m[Kpublisher_[m[Kâ€™ was not declared in this scope; did you mean â€˜[01m[Krcl_publisher_t[m[Kâ€™?
[1.433s]    19 |       [01;31m[Kpublisher_[m[K = this->create_publisher<dynamixel_sdk_custom_interfaces::msg::SetPosition>("set_position", 10);
[1.433s]       |       [01;31m[K^~~~~~~~~~[m[K
[1.434s]       |       [32m[Krcl_publisher_t[m[K
[1.438s] [01m[K/home/robofei/robotis_ws/src/DynamixelSDK/dynamixel_sdk_examples/src/minimal_pub.cpp:20:7:[m[K [01;31m[Kerror: [m[Kâ€˜[01m[Ktimer_[m[Kâ€™ was not declared in this scope; did you mean â€˜[01m[Ktimer_t[m[Kâ€™?
[1.438s]    20 |       [01;31m[Ktimer_[m[K = this->create_wall_timer(
[1.439s]       |       [01;31m[K^~~~~~[m[K
[1.439s]       |       [32m[Ktimer_t[m[K
[1.439s] [01m[K/home/robofei/robotis_ws/src/DynamixelSDK/dynamixel_sdk_examples/src/minimal_pub.cpp:21:7:[m[K [01;31m[Kerror: [m[Kunable to find numeric literal operator â€˜[01m[Koperator""ms[m[Kâ€™
[1.439s]    21 |       [01;31m[K500ms[m[K, std::bind(&MinimalPublisher::timer_callback, this));
[1.439s]       |       [01;31m[K^~~~~[m[K
[1.445s] [01m[K/home/robofei/robotis_ws/src/DynamixelSDK/dynamixel_sdk_examples/src/minimal_pub.cpp:[m[K In member function â€˜[01m[Kvoid MinimalPublisher::timer_callback()[m[Kâ€™:
[1.445s] [01m[K/home/robofei/robotis_ws/src/DynamixelSDK/dynamixel_sdk_examples/src/minimal_pub.cpp:27:22:[m[K [01;31m[Kerror: [m[Kâ€˜[01m[KSetPosition[m[Kâ€™ was not declared in this scope; did you mean â€˜[01m[Kdynamixel_sdk_custom_interfaces::msg::SetPosition[m[Kâ€™?
[1.445s]    27 |       auto message = [01;31m[KSetPosition[m[K();
[1.445s]       |                      [01;31m[K^~~~~~~~~~~[m[K
[1.445s]       |                      [32m[Kdynamixel_sdk_custom_interfaces::msg::SetPosition[m[K
[1.445s] In file included from [01m[K/home/robofei/robotis_ws/install/dynamixel_sdk_custom_interfaces/include/dynamixel_sdk_custom_interfaces/msg/set_position.hpp:7[m[K,
[1.446s]                  from [01m[K/home/robofei/robotis_ws/src/DynamixelSDK/dynamixel_sdk_examples/src/minimal_pub.cpp:6[m[K:
[1.446s] [01m[K/home/robofei/robotis_ws/install/dynamixel_sdk_custom_interfaces/include/dynamixel_sdk_custom_interfaces/msg/detail/set_position__struct.hpp:125:7:[m[K [01;36m[Knote: [m[Kâ€˜[01m[Kdynamixel_sdk_custom_interfaces::msg::SetPosition[m[Kâ€™ declared here
[1.446s]   125 | using [01;36m[KSetPosition[m[K =
[1.446s]       |       [01;36m[K^~~~~~~~~~~[m[K
[1.448s] [01m[K/home/robofei/robotis_ws/src/DynamixelSDK/dynamixel_sdk_examples/src/minimal_pub.cpp:30:9:[m[K [01;31m[Kerror: [m[Kâ€˜[01m[Kpublisher_[m[Kâ€™ was not declared in this scope; did you mean â€˜[01m[Krcl_publisher_t[m[Kâ€™?
[1.448s]    30 |         [01;31m[Kpublisher_[m[K->publish(message);
[1.448s]       |         [01;31m[K^~~~~~~~~~[m[K
[1.448s]       |         [32m[Krcl_publisher_t[m[K
[2.255s] make[2]: *** [CMakeFiles/minimal_pub.dir/build.make:63: CMakeFiles/minimal_pub.dir/src/minimal_pub.cpp.o] Error 1
[2.255s] make[1]: *** [CMakeFiles/Makefile2:80: CMakeFiles/minimal_pub.dir/all] Error 2
[2.255s] make: *** [Makefile:141: all] Error 2
[2.258s] Invoked command in '/home/robofei/robotis_ws/build/dynamixel_sdk_examples' returned '2': CMAKE_PREFIX_PATH=/home/robofei/robotis_ws/install/dynamixel_sdk_custom_interfaces:/home/robofei/robotis_ws/install/dynamixel_sdk:/home/robofei/robotis_ws/install/dynamixel_sdk_examples:/opt/ros/foxy PYTHONPATH=/home/robofei/robotis_ws/install/dynamixel_sdk_custom_interfaces/lib/python3.8/site-packages:/home/robofei/robotis_ws/install/dynamixel_sdk_examples/lib/python3.8/site-packages:/opt/ros/foxy/lib/python3.8/site-packages /usr/bin/cmake --build /home/robofei/robotis_ws/build/dynamixel_sdk_examples -- -j4 -l4
