-- Found ament_cmake: 0.9.9 (/opt/ros/foxy/share/ament_cmake/cmake)
-- Using PYTHON_EXECUTABLE: /usr/bin/python3
-- Override CMake install command with custom implementation using symlinks instead of copying resources
-- Found dynamixel_sdk_custom_interfaces: 3.7.40 (/home/robo/ROS2/walk_test/install/dynamixel_sdk_custom_interfaces/share/dynamixel_sdk_custom_interfaces/cmake)
-- Using all available rosidl_typesupport_c: rosidl_typesupport_fastrtps_c;rosidl_typesupport_introspection_c
-- Found rosidl_adapter: 1.2.1 (/opt/ros/foxy/share/rosidl_adapter/cmake)
-- Using all available rosidl_typesupport_cpp: rosidl_typesupport_fastrtps_cpp;rosidl_typesupport_introspection_cpp
-- Found rclcpp: 2.4.1 (/opt/ros/foxy/share/rclcpp/cmake)
-- Found rmw_implementation_cmake: 1.0.3 (/opt/ros/foxy/share/rmw_implementation_cmake/cmake)
-- Using RMW implementation 'rmw_fastrtps_cpp' as default
-- Found sensor_msgs: 2.0.5 (/opt/ros/foxy/share/sensor_msgs/cmake)
-- Found rclcpp_components: 2.4.1 (/opt/ros/foxy/share/rclcpp_components/cmake)
-- Found rosidl_default_generators: 1.0.1 (/opt/ros/foxy/share/rosidl_default_generators/cmake)
-- Found ament_lint_auto: 0.9.6 (/opt/ros/foxy/share/ament_lint_auto/cmake)
-- Added test 'copyright' to check source files copyright and LICENSE
-- Added test 'cppcheck' to perform static code analysis on C / C++ code
-- Configured cppcheck include dirs: /home/robo/ROS2/walk_test/src/control/include;/home/robo/ROS2/walk_test/src/control/src/minIni
-- Configured cppcheck exclude dirs and/or files: 
-- Added test 'cpplint' to check C / C++ code against the Google style
-- Configured cpplint exclude dirs and/or files: 
-- Added test 'flake8' to check Python code syntax and style conventions
-- Added test 'lint_cmake' to check CMake code style
-- Added test 'pep257' to check Python code against some of the style conventions in PEP 257
-- Added test 'uncrustify' to check C / C++ code style
-- Configured uncrustify additional arguments: 
-- Added test 'xmllint' to check XML markup files
-- Configuring done
-- Generating done
-- Build files have been written to: /home/robo/ROS2/walk_test/build/control
[35m[1mScanning dependencies of target action[0m
[  7%] Built target decision
[ 14%] Built target gait_publisher
[ 21%] Built target control
[ 25%] [32mBuilding CXX object CMakeFiles/action.dir/src/action_editor/cmd_process.cpp.o[0m
[ 28%] [32mBuilding CXX object CMakeFiles/action.dir/src/motion/modules/Action.cpp.o[0m
[ 89%] Built target motion
[01m[K/home/robo/ROS2/walk_test/src/control/src/motion/modules/Action.cpp:[m[K In member function â€˜[01m[Kbool Robot::Action::SavePage(int, Robot::Action::PAGE*)[m[Kâ€™:
[01m[K/home/robo/ROS2/walk_test/src/control/src/motion/modules/Action.cpp:261:5:[m[K [01;35m[Kwarning: [m[Kthis â€˜[01m[Kif[m[Kâ€™ clause does not guard... [[01;35m[K-Wmisleading-indentation[m[K]
  261 |     [01;35m[Kif[m[K( fwrite( pPage, 1, sizeof(PAGE), m_ActionFile ) != sizeof(PAGE) )
      |     [01;35m[K^~[m[K
[01m[K/home/robo/ROS2/walk_test/src/control/src/motion/modules/Action.cpp:264:2:[m[K [01;36m[Knote: [m[K...this statement, but the latter is misleadingly indented as if it were guarded by the â€˜[01m[Kif[m[Kâ€™
  264 |  [01;36m[Kreturn[m[K true;
      |  [01;36m[K^~~~~~[m[K
In file included from [01m[K/home/robo/ROS2/walk_test/src/control/src/action_editor/cmd_process.cpp:5[m[K:
[01m[K/opt/ros/foxy/include/rcutils/types/char_array.h:41:10:[m[K [01;31m[Kerror: [m[Kexpected â€˜[01m[K)[m[Kâ€™ before â€˜[01m[K*[m[Kâ€™ token
   41 |   size_t [01;31m[Kbuffer_capacity[m[K;
      |          [01;31m[K^~~~~~~~~~~~~~~[m[K
[01m[K/opt/ros/foxy/include/rcutils/types/char_array.h:41:10:[m[K [01;31m[Kerror: [m[Kexpected â€˜[01m[K)[m[Kâ€™ before â€˜[01m[K*[m[Kâ€™ token
[01m[K/opt/ros/foxy/include/rcutils/types/char_array.h:74:10:[m[K [01;31m[Kerror: [m[Kexpected â€˜[01m[K)[m[Kâ€™ before â€˜[01m[K([m[Kâ€™ token
   74 |   size_t [01;31m[Kbuffer_capacity[m[K,
      |          [01;31m[K^~~~~~~~~~~~~~~[m[K
[01m[K/opt/ros/foxy/include/rcutils/types/char_array.h:74:10:[m[K [01;31m[Kerror: [m[Kexpected â€˜[01m[K)[m[Kâ€™ before â€˜[01m[K([m[Kâ€™ token
In file included from [01m[K/opt/ros/foxy/include/rcutils/types.h:24[m[K,
                 from [01m[K/opt/ros/foxy/include/rcutils/time.h:26[m[K,
                 from [01m[K/opt/ros/foxy/include/rcutils/logging.h:25[m[K,
                 from [01m[K/opt/ros/foxy/include/rmw/types.h:28[m[K,
                 from [01m[K/opt/ros/foxy/include/rcl/types.h:18[m[K,
                 from [01m[K/opt/ros/foxy/include/rcl/arguments.h:20[m[K,
                 from [01m[K/opt/ros/foxy/include/rcl/context.h:26[m[K,
                 from [01m[K/opt/ros/foxy/include/rcl/guard_condition.h:24[m[K,
                 from [01m[K/opt/ros/foxy/include/rclcpp/executor.hpp:29[m[K,
                 from [01m[K/opt/ros/foxy/include/rclcpp/executors/multi_threaded_executor.hpp:26[m[K,
                 from [01m[K/opt/ros/foxy/include/rclcpp/executors.hpp:21[m[K,
                 from [01m[K/opt/ros/foxy/include/rclcpp/rclcpp.hpp:146[m[K,
                 from [01m[K/home/robo/ROS2/walk_test/src/control/include/cmd_process.h:5[m[K,
                 from [01m[K/home/robo/ROS2/walk_test/src/control/src/action_editor/cmd_process.cpp:8[m[K:
[01m[K/opt/ros/foxy/include/rcutils/types/char_array.h:72:24:[m[K [01;36m[Knote: [m[Kto match this â€˜[01m[K([m[Kâ€™
   72 | rcutils_char_array_init[01;36m[K([m[K
      |                        [01;36m[K^[m[K
In file included from [01m[K/home/robo/ROS2/walk_test/src/control/src/action_editor/cmd_process.cpp:5[m[K:
[01m[K/opt/ros/foxy/include/rcutils/types/char_array.h:74:10:[m[K [01;31m[Kerror: [m[Kinitializer provided for function
   74 |   size_t [01;31m[Kbuffer_capacity[m[K,
      |          [01;31m[K^~~~~~~~~~~~~~~[m[K
[01m[K/opt/ros/foxy/include/rcutils/types/char_array.h:74:10:[m[K [01;31m[Kerror: [m[Kexpected â€˜[01m[K,[m[Kâ€™ or â€˜[01m[K;[m[Kâ€™ before â€˜[01m[K->[m[Kâ€™ token
   74 |   size_t [01;31m[Kbuffer_capacity[m[K,
      |          [01;31m[K^~~~~~~~~~~~~~~[m[K
[01m[K/opt/ros/foxy/include/rcutils/types/uint8_array.h:33:10:[m[K [01;31m[Kerror: [m[Kexpected â€˜[01m[K)[m[Kâ€™ before â€˜[01m[K*[m[Kâ€™ token
   33 |   size_t [01;31m[Kbuffer_capacity[m[K;
      |          [01;31m[K^~~~~~~~~~~~~~~[m[K
[01m[K/opt/ros/foxy/include/rcutils/types/uint8_array.h:33:10:[m[K [01;31m[Kerror: [m[Kexpected â€˜[01m[K)[m[Kâ€™ before â€˜[01m[K*[m[Kâ€™ token
[01m[K/opt/ros/foxy/include/rcutils/types/uint8_array.h:65:10:[m[K [01;31m[Kerror: [m[Kexpected â€˜[01m[K)[m[Kâ€™ before â€˜[01m[K([m[Kâ€™ token
   65 |   size_t [01;31m[Kbuffer_capacity[m[K,
      |          [01;31m[K^~~~~~~~~~~~~~~[m[K
[01m[K/opt/ros/foxy/include/rcutils/types/uint8_array.h:65:10:[m[K [01;31m[Kerror: [m[Kexpected â€˜[01m[K)[m[Kâ€™ before â€˜[01m[K([m[Kâ€™ token
In file included from [01m[K/opt/ros/foxy/include/rcutils/types.h:29[m[K,
                 from [01m[K/opt/ros/foxy/include/rcutils/time.h:26[m[K,
                 from [01m[K/opt/ros/foxy/include/rcutils/logging.h:25[m[K,
                 from [01m[K/opt/ros/foxy/include/rmw/types.h:28[m[K,
                 from [01m[K/opt/ros/foxy/include/rcl/types.h:18[m[K,
                 from [01m[K/opt/ros/foxy/include/rcl/arguments.h:20[m[K,
                 from [01m[K/opt/ros/foxy/include/rcl/context.h:26[m[K,
                 from [01m[K/opt/ros/foxy/include/rcl/guard_condition.h:24[m[K,
                 from [01m[K/opt/ros/foxy/include/rclcpp/executor.hpp:29[m[K,
                 from [01m[K/opt/ros/foxy/include/rclcpp/executors/multi_threaded_executor.hpp:26[m[K,
                 from [01m[K/opt/ros/foxy/include/rclcpp/executors.hpp:21[m[K,
                 from [01m[K/opt/ros/foxy/include/rclcpp/rclcpp.hpp:146[m[K,
                 from [01m[K/home/robo/ROS2/walk_test/src/control/include/cmd_process.h:5[m[K,
                 from [01m[K/home/robo/ROS2/walk_test/src/control/src/action_editor/cmd_process.cpp:8[m[K:
[01m[K/opt/ros/foxy/include/rcutils/types/uint8_array.h:63:25:[m[K [01;36m[Knote: [m[Kto match this â€˜[01m[K([m[Kâ€™
   63 | rcutils_uint8_array_init[01;36m[K([m[K
      |                         [01;36m[K^[m[K
In file included from [01m[K/home/robo/ROS2/walk_test/src/control/src/action_editor/cmd_process.cpp:5[m[K:
[01m[K/opt/ros/foxy/include/rcutils/types/uint8_array.h:65:10:[m[K [01;31m[Kerror: [m[Kinitializer provided for function
   65 |   size_t [01;31m[Kbuffer_capacity[m[K,
      |          [01;31m[K^~~~~~~~~~~~~~~[m[K
[01m[K/opt/ros/foxy/include/rcutils/types/uint8_array.h:65:10:[m[K [01;31m[Kerror: [m[Kexpected â€˜[01m[K,[m[Kâ€™ or â€˜[01m[K;[m[Kâ€™ before â€˜[01m[K->[m[Kâ€™ token
   65 |   size_t [01;31m[Kbuffer_capacity[m[K,
      |          [01;31m[K^~~~~~~~~~~~~~~[m[K
[01m[K/home/robo/ROS2/walk_test/src/control/src/action_editor/cmd_process.cpp:24:26:[m[K [01;35m[Kwarning: [m[Knon-ISO-standard escape sequence, '\e'
   24 | const std::string azul = [01;35m[K"\e[0;36m"[m[K;
      |                          [01;35m[K^~~~~~~~~~[m[K
[01m[K/home/robo/ROS2/walk_test/src/control/src/action_editor/cmd_process.cpp:25:27:[m[K [01;35m[Kwarning: [m[Knon-ISO-standard escape sequence, '\e'
   25 | const std::string azulE = [01;35m[K"\e[0;34m"[m[K;
      |                           [01;35m[K^~~~~~~~~~[m[K
[01m[K/home/robo/ROS2/walk_test/src/control/src/action_editor/cmd_process.cpp:26:27:[m[K [01;35m[Kwarning: [m[Knon-ISO-standard escape sequence, '\e'
   26 | const std::string amare = [01;35m[K"\e[0;33m"[m[K;
      |                           [01;35m[K^~~~~~~~~~[m[K
[01m[K/home/robo/ROS2/walk_test/src/control/src/action_editor/cmd_process.cpp:27:27:[m[K [01;35m[Kwarning: [m[Knon-ISO-standard escape sequence, '\e'
   27 | const std::string verde = [01;35m[K"\e[0;32m"[m[K;
      |                           [01;35m[K^~~~~~~~~~[m[K
[01m[K/home/robo/ROS2/walk_test/src/control/src/action_editor/cmd_process.cpp:28:25:[m[K [01;35m[Kwarning: [m[Knon-ISO-standard escape sequence, '\e'
   28 | const std::string red = [01;35m[K"\e[0;31m"[m[K;
      |                         [01;35m[K^~~~~~~~~~[m[K
[01m[K/home/robo/ROS2/walk_test/src/control/src/action_editor/cmd_process.cpp:29:26:[m[K [01;35m[Kwarning: [m[Knon-ISO-standard escape sequence, '\e'
   29 | const std::string gray = [01;35m[K"\e[0;37m"[m[K;
      |                          [01;35m[K^~~~~~~~~~[m[K
[01m[K/home/robo/ROS2/walk_test/src/control/src/action_editor/cmd_process.cpp:30:26:[m[K [01;35m[Kwarning: [m[Knon-ISO-standard escape sequence, '\e'
   30 | const std::string nulo = [01;35m[K"\e[0m"[m[K;
      |                          [01;35m[K^~~~~~~[m[K
[01m[K/home/robo/ROS2/walk_test/src/control/src/action_editor/cmd_process.cpp:32:27:[m[K [01;35m[Kwarning: [m[Knon-ISO-standard escape sequence, '\e'
   32 | const std::string Lazul = [01;35m[K"\e[96m"[m[K;
      |                           [01;35m[K^~~~~~~~[m[K
[01m[K/home/robo/ROS2/walk_test/src/control/src/action_editor/cmd_process.cpp:33:28:[m[K [01;35m[Kwarning: [m[Knon-ISO-standard escape sequence, '\e'
   33 | const std::string LazulE = [01;35m[K"\e[94m"[m[K;
      |                            [01;35m[K^~~~~~~~[m[K
[01m[K/home/robo/ROS2/walk_test/src/control/src/action_editor/cmd_process.cpp:34:28:[m[K [01;35m[Kwarning: [m[Knon-ISO-standard escape sequence, '\e'
   34 | const std::string Lamare = [01;35m[K"\e[93m"[m[K;
      |                            [01;35m[K^~~~~~~~[m[K
[01m[K/home/robo/ROS2/walk_test/src/control/src/action_editor/cmd_process.cpp:35:28:[m[K [01;35m[Kwarning: [m[Knon-ISO-standard escape sequence, '\e'
   35 | const std::string Lverde = [01;35m[K"\e[92m"[m[K;
      |                            [01;35m[K^~~~~~~~[m[K
[01m[K/home/robo/ROS2/walk_test/src/control/src/action_editor/cmd_process.cpp:36:26:[m[K [01;35m[Kwarning: [m[Knon-ISO-standard escape sequence, '\e'
   36 | const std::string Lred = [01;35m[K"\e[91m"[m[K;
      |                          [01;35m[K^~~~~~~~[m[K
[01m[K/home/robo/ROS2/walk_test/src/control/src/action_editor/cmd_process.cpp:37:27:[m[K [01;35m[Kwarning: [m[Knon-ISO-standard escape sequence, '\e'
   37 | const std::string Lgray = [01;35m[K"\e[97m"[m[K;
      |                           [01;35m[K^~~~~~~~[m[K
[01m[K/home/robo/ROS2/walk_test/src/control/src/action_editor/cmd_process.cpp:47:1:[m[K [01;31m[Kerror: [m[Kâ€˜[01m[KAction[m[Kâ€™ does not name a type
   47 | [01;31m[KAction[m[K::PAGE Page;
      | [01;31m[K^~~~~~[m[K
[01m[K/home/robo/ROS2/walk_test/src/control/src/action_editor/cmd_process.cpp:48:1:[m[K [01;31m[Kerror: [m[Kâ€˜[01m[KAction[m[Kâ€™ does not name a type
   48 | [01;31m[KAction[m[K::STEP Step;
      | [01;31m[K^~~~~~[m[K
[01m[K/home/robo/ROS2/walk_test/src/control/src/action_editor/cmd_process.cpp:[m[K In function â€˜[01m[Kvoid cmd_process()[m[Kâ€™:
[01m[K/home/robo/ROS2/walk_test/src/control/src/action_editor/cmd_process.cpp:57:15:[m[K [01;31m[Kerror: [m[Kinvalid use of â€˜[01m[Kthis[m[Kâ€™ in non-member function
   57 |  publisher_ = [01;31m[Kthis[m[K->create_publisher<dynamixel_sdk_custom_interfaces::msg::SetPosition>("set_position", 10);
      |               [01;31m[K^~~~[m[K
[01m[K/home/robo/ROS2/walk_test/src/control/src/action_editor/cmd_process.cpp:57:87:[m[K [01;31m[Kerror: [m[Kexpected primary-expression before â€˜[01m[K>[m[Kâ€™ token
   57 |  publisher_ = this->create_publisher<dynamixel_sdk_custom_interfaces::msg::SetPosition[01;31m[K>[m[K("set_position", 10);
      |                                                                                       [01;31m[K^[m[K
[01m[K/home/robo/ROS2/walk_test/src/control/src/action_editor/cmd_process.cpp:57:89:[m[K [01;35m[Kwarning: [m[Kleft operand of comma operator has no effect [[01;35m[K-Wunused-value[m[K]
   57 |  publisher_ = this->create_publisher<dynamixel_sdk_custom_interfaces::msg::SetPosition>([01;35m[K"set_position"[m[K, 10);
      |                                                                                         [01;35m[K^~~~~~~~~~~~~~[m[K
[01m[K/home/robo/ROS2/walk_test/src/control/src/action_editor/cmd_process.cpp:58:24:[m[K [01;31m[Kerror: [m[Kinvalid use of â€˜[01m[Kthis[m[Kâ€™ in non-member function
   58 |     publisher_single = [01;31m[Kthis[m[K->create_publisher<dynamixel_sdk_custom_interfaces::msg::SetPositionOriginal>("set_position_single", 10);
      |                        [01;31m[K^~~~[m[K
[01m[K/home/robo/ROS2/walk_test/src/control/src/action_editor/cmd_process.cpp:58:104:[m[K [01;31m[Kerror: [m[Kexpected primary-expression before â€˜[01m[K>[m[Kâ€™ token
   58 |     publisher_single = this->create_publisher<dynamixel_sdk_custom_interfaces::msg::SetPositionOriginal[01;31m[K>[m[K("set_position_single", 10);
      |                                                                                                        [01;31m[K^[m[K
[01m[K/home/robo/ROS2/walk_test/src/control/src/action_editor/cmd_process.cpp:58:106:[m[K [01;35m[Kwarning: [m[Kleft operand of comma operator has no effect [[01;35m[K-Wunused-value[m[K]
   58 |     publisher_single = this->create_publisher<dynamixel_sdk_custom_interfaces::msg::SetPositionOriginal>([01;35m[K"set_position_single"[m[K, 10);
      |                                                                                                          [01;35m[K^~~~~~~~~~~~~~~~~~~~~[m[K
[01m[K/home/robo/ROS2/walk_test/src/control/src/action_editor/cmd_process.cpp:[m[K In function â€˜[01m[Kvoid ReadStep()[m[Kâ€™:
[01m[K/home/robo/ROS2/walk_test/src/control/src/action_editor/cmd_process.cpp:121:10:[m[K [01;35m[Kwarning: [m[Kunused variable â€˜[01m[Kvalue8[m[Kâ€™ [[01;35m[K-Wunused-variable[m[K]
  121 |  uint8_t [01;35m[Kvalue8[m[K;
      |          [01;35m[K^~~~~~[m[K
[01m[K/home/robo/ROS2/walk_test/src/control/src/action_editor/cmd_process.cpp:122:11:[m[K [01;35m[Kwarning: [m[Kunused variable â€˜[01m[Kvalue32[m[Kâ€™ [[01;35m[K-Wunused-variable[m[K]
  122 |  uint32_t [01;35m[Kvalue32[m[K;
      |           [01;35m[K^~~~~~~[m[K
[01m[K/home/robo/ROS2/walk_test/src/control/src/action_editor/cmd_process.cpp:[m[K In function â€˜[01m[Kvoid DrawIntro()[m[Kâ€™:
[01m[K/home/robo/ROS2/walk_test/src/control/src/action_editor/cmd_process.cpp:325:9:[m[K [01;35m[Kwarning: [m[Knon-ISO-standard escape sequence, '\e'
  325 |  system([01;35m[K"printf '\e[8;27;80t'"[m[K);
      |         [01;35m[K^~~~~~~~~~~~~~~~~~~~~~[m[K
[01m[K/home/robo/ROS2/walk_test/src/control/src/action_editor/cmd_process.cpp:327:2:[m[K [01;31m[Kerror: [m[Kâ€˜[01m[KAction[m[Kâ€™ has not been declared
  327 |  [01;31m[KAction[m[K::GetInstance()->LoadPage(indexPage, &Page);
      |  [01;31m[K^~~~~~[m[K
[01m[K/home/robo/ROS2/walk_test/src/control/src/action_editor/cmd_process.cpp:327:46:[m[K [01;31m[Kerror: [m[Kâ€˜[01m[KPage[m[Kâ€™ was not declared in this scope
  327 |  Action::GetInstance()->LoadPage(indexPage, &[01;31m[KPage[m[K);
      |                                              [01;31m[K^~~~[m[K
[01m[K/home/robo/ROS2/walk_test/src/control/src/action_editor/cmd_process.cpp:330:2:[m[K [01;31m[Kerror: [m[Kâ€˜[01m[KStep[m[Kâ€™ was not declared in this scope
  330 |  [01;31m[KStep[m[K.pause = 0;
      |  [01;31m[K^~~~[m[K
[01m[K/home/robo/ROS2/walk_test/src/control/src/action_editor/cmd_process.cpp:[m[K In function â€˜[01m[Kvoid DrawPage()[m[Kâ€™:
[01m[K/home/robo/ROS2/walk_test/src/control/src/action_editor/cmd_process.cpp:375:6:[m[K [01;31m[Kerror: [m[Kâ€˜[01m[KPage[m[Kâ€™ was not declared in this scope
  375 |  if( [01;31m[KPage[m[K.header.schedule == Action::SPEED_BASE_SCHEDULE )
      |      [01;31m[K^~~~[m[K
[01m[K/home/robo/ROS2/walk_test/src/control/src/action_editor/cmd_process.cpp:375:30:[m[K [01;31m[Kerror: [m[Kâ€˜[01m[KAction[m[Kâ€™ has not been declared
  375 |  if( Page.header.schedule == [01;31m[KAction[m[K::SPEED_BASE_SCHEDULE )
      |                              [01;31m[K^~~~~~[m[K
[01m[K/home/robo/ROS2/walk_test/src/control/src/action_editor/cmd_process.cpp:377:35:[m[K [01;31m[Kerror: [m[Kâ€˜[01m[KAction[m[Kâ€™ has not been declared
  377 |  else if( Page.header.schedule == [01;31m[KAction[m[K::TIME_BASE_SCHEDULE )
      |                                   [01;31m[K^~~~~~[m[K
[01m[K/home/robo/ROS2/walk_test/src/control/src/action_editor/cmd_process.cpp:383:18:[m[K [01;31m[Kerror: [m[Kâ€˜[01m[KAction[m[Kâ€™ has not been declared
  383 |  for(int i=0; i<=[01;31m[KAction[m[K::MAXNUM_STEP; i++ )
      |                  [01;31m[K^~~~~~[m[K
[01m[K/home/robo/ROS2/walk_test/src/control/src/action_editor/cmd_process.cpp:387:14:[m[K [01;31m[Kerror: [m[Kâ€˜[01m[KJointData[m[Kâ€™ has not been declared
  387 |  for( int id=[01;31m[KJointData[m[K::ID_R_SHOULDER_PITCH; id<JointData::NUMBER_OF_JOINTS; id++ )
      |              [01;31m[K^~~~~~~~~[m[K
[01m[K/home/robo/ROS2/walk_test/src/control/src/action_editor/cmd_process.cpp:387:49:[m[K [01;31m[Kerror: [m[Kâ€˜[01m[KJointData[m[Kâ€™ has not been declared
  387 |  for( int id=JointData::ID_R_SHOULDER_PITCH; id<[01;31m[KJointData[m[K::NUMBER_OF_JOINTS; id++ )
      |                                                 [01;31m[K^~~~~~~~~[m[K
[01m[K/home/robo/ROS2/walk_test/src/control/src/action_editor/cmd_process.cpp:390:23:[m[K [01;31m[Kerror: [m[Kâ€˜[01m[KPage[m[Kâ€™ was not declared in this scope
  390 |   printf( "%.1d%.1d", [01;31m[KPage[m[K.header.slope[id]>>4, Page.header.slope[id]&0x0f );
      |                       [01;31m[K^~~~[m[K
[01m[K/home/robo/ROS2/walk_test/src/control/src/action_editor/cmd_process.cpp:395:18:[m[K [01;31m[Kerror: [m[Kâ€˜[01m[KPage[m[Kâ€™ was not declared in this scope
  395 |  printf( "%.3d", [01;31m[KPage[m[K.header.repeat );
      |                  [01;31m[K^~~~[m[K
[01m[K/home/robo/ROS2/walk_test/src/control/src/action_editor/cmd_process.cpp:421:43:[m[K [01;31m[Kerror: [m[Kâ€˜[01m[KAction[m[Kâ€™ has not been declared
  421 |  printf( "0x%.5X", (int)(indexPage*sizeof([01;31m[KAction[m[K::PAGE)) );
      |                                           [01;31m[K^~~~~~[m[K
[01m[K/home/robo/ROS2/walk_test/src/control/src/action_editor/cmd_process.cpp:[m[K In function â€˜[01m[Kvoid DrawStep(int)[m[Kâ€™:
[01m[K/home/robo/ROS2/walk_test/src/control/src/action_editor/cmd_process.cpp:432:2:[m[K [01;31m[Kerror: [m[Kâ€˜[01m[KAction[m[Kâ€™ has not been declared
  432 |  [01;31m[KAction[m[K::STEP *step;
      |  [01;31m[K^~~~~~[m[K
[01m[K/home/robo/ROS2/walk_test/src/control/src/action_editor/cmd_process.cpp:432:16:[m[K [01;31m[Kerror: [m[Kâ€˜[01m[Kstep[m[Kâ€™ was not declared in this scope
  432 |  Action::STEP *[01;31m[Kstep[m[K;
      |                [01;31m[K^~~~[m[K
[01m[K/home/robo/ROS2/walk_test/src/control/src/action_editor/cmd_process.cpp:439:11:[m[K [01;31m[Kerror: [m[Kâ€˜[01m[KPage[m[Kâ€™ was not declared in this scope
  439 |   step = &[01;31m[KPage[m[K.step[0];
      |           [01;31m[K^~~~[m[K
[01m[K/home/robo/ROS2/walk_test/src/control/src/action_editor/cmd_process.cpp:474:11:[m[K [01;31m[Kerror: [m[Kâ€˜[01m[KStep[m[Kâ€™ was not declared in this scope
  474 |   step = &[01;31m[KStep[m[K;
      |           [01;31m[K^~~~[m[K
[01m[K/home/robo/ROS2/walk_test/src/control/src/action_editor/cmd_process.cpp:481:14:[m[K [01;31m[Kerror: [m[Kâ€˜[01m[KJointData[m[Kâ€™ has not been declared
  481 |  for( int id=[01;31m[KJointData[m[K::ID_R_SHOULDER_PITCH; id<JointData::NUMBER_OF_JOINTS; id++ )
      |              [01;31m[K^~~~~~~~~[m[K
[01m[K/home/robo/ROS2/walk_test/src/control/src/action_editor/cmd_process.cpp:481:49:[m[K [01;31m[Kerror: [m[Kâ€˜[01m[KJointData[m[Kâ€™ has not been declared
  481 |  for( int id=JointData::ID_R_SHOULDER_PITCH; id<[01;31m[KJointData[m[K::NUMBER_OF_JOINTS; id++ )
      |                                                 [01;31m[K^~~~~~~~~[m[K
[01m[K/home/robo/ROS2/walk_test/src/control/src/action_editor/cmd_process.cpp:484:28:[m[K [01;31m[Kerror: [m[Kâ€˜[01m[KMotionManager[m[Kâ€™ has not been declared
  484 |   if((step->position[id] + [01;31m[KMotionManager[m[K::GetInstance()->m_Offset[id]) & Action::INVALID_BIT_MASK)
      |                            [01;31m[K^~~~~~~~~~~~~[m[K
[01m[K/home/robo/ROS2/walk_test/src/control/src/action_editor/cmd_process.cpp:484:74:[m[K [01;31m[Kerror: [m[Kâ€˜[01m[KAction[m[Kâ€™ has not been declared
  484 |   if((step->position[id] + MotionManager::GetInstance()->m_Offset[id]) & [01;31m[KAction[m[K::INVALID_BIT_MASK)
      |                                                                          [01;31m[K^~~~~~[m[K
[01m[K/home/robo/ROS2/walk_test/src/control/src/action_editor/cmd_process.cpp:486:33:[m[K [01;31m[Kerror: [m[Kâ€˜[01m[KMotionManager[m[Kâ€™ has not been declared
  486 |   else if((step->position[id] + [01;31m[KMotionManager[m[K::GetInstance()->m_Offset[id]) & Action::TORQUE_OFF_BIT_MASK)
      |                                 [01;31m[K^~~~~~~~~~~~~[m[K
[01m[K/home/robo/ROS2/walk_test/src/control/src/action_editor/cmd_process.cpp:486:79:[m[K [01;31m[Kerror: [m[Kâ€˜[01m[KAction[m[Kâ€™ has not been declared
  486 |   else if((step->position[id] + MotionManager::GetInstance()->m_Offset[id]) & [01;31m[KAction[m[K::TORQUE_OFF_BIT_MASK)
      |                                                                               [01;31m[K^~~~~~[m[K
[01m[K/home/robo/ROS2/walk_test/src/control/src/action_editor/cmd_process.cpp:[m[K In function â€˜[01m[Kvoid DrawStepLine(bool)[m[Kâ€™:
[01m[K/home/robo/ROS2/walk_test/src/control/src/action_editor/cmd_process.cpp:509:9:[m[K [01;31m[Kerror: [m[Kâ€˜[01m[KPage[m[Kâ€™ was not declared in this scope
  509 |  switch([01;31m[KPage[m[K.header.stepnum)
      |         [01;31m[K^~~~[m[K
[01m[K/home/robo/ROS2/walk_test/src/control/src/action_editor/cmd_process.cpp:548:14:[m[K [01;31m[Kerror: [m[Kâ€˜[01m[KJointData[m[Kâ€™ has not been declared
  548 |  for( int id=[01;31m[KJointData[m[K::ID_R_SHOULDER_PITCH; id<(JointData::NUMBER_OF_JOINTS + 2); id++ )
      |              [01;31m[K^~~~~~~~~[m[K
[01m[K/home/robo/ROS2/walk_test/src/control/src/action_editor/cmd_process.cpp:548:50:[m[K [01;31m[Kerror: [m[Kâ€˜[01m[KJointData[m[Kâ€™ has not been declared
  548 |  for( int id=JointData::ID_R_SHOULDER_PITCH; id<([01;31m[KJointData[m[K::NUMBER_OF_JOINTS + 2); id++ )
      |                                                  [01;31m[K^~~~~~~~~[m[K
[01m[K/home/robo/ROS2/walk_test/src/control/src/action_editor/cmd_process.cpp:[m[K In function â€˜[01m[Kvoid DrawName()[m[Kâ€™:
[01m[K/home/robo/ROS2/walk_test/src/control/src/action_editor/cmd_process.cpp:569:17:[m[K [01;31m[Kerror: [m[Kâ€˜[01m[KAction[m[Kâ€™ has not been declared
  569 |  for(int i=0; i<[01;31m[KAction[m[K::MAXNUM_NAME; i++)
      |                 [01;31m[K^~~~~~[m[K
[01m[K/home/robo/ROS2/walk_test/src/control/src/action_editor/cmd_process.cpp:570:22:[m[K [01;31m[Kerror: [m[Kâ€˜[01m[KPage[m[Kâ€™ was not declared in this scope
  570 |   printf("%c", (char)[01;31m[KPage[m[K.header.name[i]);
      |                      [01;31m[K^~~~[m[K
[01m[K/home/robo/ROS2/walk_test/src/control/src/action_editor/cmd_process.cpp:[m[K In function â€˜[01m[Kint GetValue()[m[Kâ€™:
[01m[K/home/robo/ROS2/walk_test/src/control/src/action_editor/cmd_process.cpp:617:11:[m[K [01;31m[Kerror: [m[Kâ€˜[01m[KStep[m[Kâ€™ was not declared in this scope
  617 |    return [01;31m[KStep[m[K.pause;
      |           [01;31m[K^~~~[m[K
[01m[K/home/robo/ROS2/walk_test/src/control/src/action_editor/cmd_process.cpp:619:11:[m[K [01;31m[Kerror: [m[Kâ€˜[01m[KStep[m[Kâ€™ was not declared in this scope
  619 |    return [01;31m[KStep[m[K.time;
      |           [01;31m[K^~~~[m[K
[01m[K/home/robo/ROS2/walk_test/src/control/src/action_editor/cmd_process.cpp:621:11:[m[K [01;31m[Kerror: [m[Kâ€˜[01m[KStep[m[Kâ€™ was not declared in this scope
  621 |    return [01;31m[KStep[m[K.position[row + 1];
      |           [01;31m[K^~~~[m[K
[01m[K/home/robo/ROS2/walk_test/src/control/src/action_editor/cmd_process.cpp:658:11:[m[K [01;31m[Kerror: [m[Kâ€˜[01m[KPage[m[Kâ€™ was not declared in this scope
  658 |    return [01;31m[KPage[m[K.step[i].pause;
      |           [01;31m[K^~~~[m[K
[01m[K/home/robo/ROS2/walk_test/src/control/src/action_editor/cmd_process.cpp:660:11:[m[K [01;31m[Kerror: [m[Kâ€˜[01m[KPage[m[Kâ€™ was not declared in this scope
  660 |    return [01;31m[KPage[m[K.step[i].time;
      |           [01;31m[K^~~~[m[K
[01m[K/home/robo/ROS2/walk_test/src/control/src/action_editor/cmd_process.cpp:662:11:[m[K [01;31m[Kerror: [m[Kâ€˜[01m[KPage[m[Kâ€™ was not declared in this scope
  662 |    return [01;31m[KPage[m[K.step[i].position[row + 1];
      |           [01;31m[K^~~~[m[K
[01m[K/home/robo/ROS2/walk_test/src/control/src/action_editor/cmd_process.cpp:665:11:[m[K [01;31m[Kerror: [m[Kâ€˜[01m[KPage[m[Kâ€™ was not declared in this scope
  665 |   return ([01;31m[KPage[m[K.header.slope[row + 1] >> 4);
      |           [01;31m[K^~~~[m[K
[01m[K/home/robo/ROS2/walk_test/src/control/src/action_editor/cmd_process.cpp:667:11:[m[K [01;31m[Kerror: [m[Kâ€˜[01m[KPage[m[Kâ€™ was not declared in this scope
  667 |   return ([01;31m[KPage[m[K.header.slope[row + 1] & 0x0f);
      |           [01;31m[K^~~~[m[K
[01m[K/home/robo/ROS2/walk_test/src/control/src/action_editor/cmd_process.cpp:671:11:[m[K [01;31m[Kerror: [m[Kâ€˜[01m[KPage[m[Kâ€™ was not declared in this scope
  671 |    return [01;31m[KPage[m[K.header.repeat;
      |           [01;31m[K^~~~[m[K
[01m[K/home/robo/ROS2/walk_test/src/control/src/action_editor/cmd_process.cpp:673:11:[m[K [01;31m[Kerror: [m[Kâ€˜[01m[KPage[m[Kâ€™ was not declared in this scope
  673 |    return [01;31m[KPage[m[K.header.stepnum;
      |           [01;31m[K^~~~[m[K
[01m[K/home/robo/ROS2/walk_test/src/control/src/action_editor/cmd_process.cpp:675:11:[m[K [01;31m[Kerror: [m[Kâ€˜[01m[KPage[m[Kâ€™ was not declared in this scope
  675 |    return [01;31m[KPage[m[K.header.speed;
      |           [01;31m[K^~~~[m[K
[01m[K/home/robo/ROS2/walk_test/src/control/src/action_editor/cmd_process.cpp:677:11:[m[K [01;31m[Kerror: [m[Kâ€˜[01m[KPage[m[Kâ€™ was not declared in this scope
  677 |    return [01;31m[KPage[m[K.header.accel;
      |           [01;31m[K^~~~[m[K
[01m[K/home/robo/ROS2/walk_test/src/control/src/action_editor/cmd_process.cpp:679:11:[m[K [01;31m[Kerror: [m[Kâ€˜[01m[KPage[m[Kâ€™ was not declared in this scope
  679 |    return [01;31m[KPage[m[K.header.next;
      |           [01;31m[K^~~~[m[K
[01m[K/home/robo/ROS2/walk_test/src/control/src/action_editor/cmd_process.cpp:681:11:[m[K [01;31m[Kerror: [m[Kâ€˜[01m[KPage[m[Kâ€™ was not declared in this scope
  681 |    return [01;31m[KPage[m[K.header.exit;
      |           [01;31m[K^~~~[m[K
[01m[K/home/robo/ROS2/walk_test/src/control/src/action_editor/cmd_process.cpp:[m[K In function â€˜[01m[Kvoid SetValue(uint32_t)[m[Kâ€™:
[01m[K/home/robo/ROS2/walk_test/src/control/src/action_editor/cmd_process.cpp:710:13:[m[K [01;35m[Kwarning: [m[Kcomparison of unsigned expression >= 0 is always true [[01;35m[K-Wtype-limits[m[K]
  710 |    if([01;35m[Kvalue >= 0[m[K && value <= 255)
      |       [01;35m[K~~~~~~^~~~[m[K
[01m[K/home/robo/ROS2/walk_test/src/control/src/action_editor/cmd_process.cpp:712:5:[m[K [01;31m[Kerror: [m[Kâ€˜[01m[KStep[m[Kâ€™ was not declared in this scope
  712 |     [01;31m[KStep[m[K.pause = value;
      |     [01;31m[K^~~~[m[K
[01m[K/home/robo/ROS2/walk_test/src/control/src/action_editor/cmd_process.cpp:719:13:[m[K [01;35m[Kwarning: [m[Kcomparison of unsigned expression >= 0 is always true [[01;35m[K-Wtype-limits[m[K]
  719 |    if([01;35m[Kvalue >= 0[m[K && value <= 255)
      |       [01;35m[K~~~~~~^~~~[m[K
[01m[K/home/robo/ROS2/walk_test/src/control/src/action_editor/cmd_process.cpp:721:5:[m[K [01;31m[Kerror: [m[Kâ€˜[01m[KStep[m[Kâ€™ was not declared in this scope
  721 |     [01;31m[KStep[m[K.time = value;
      |     [01;31m[K^~~~[m[K
[01m[K/home/robo/ROS2/walk_test/src/control/src/action_editor/cmd_process.cpp:728:16:[m[K [01;31m[Kerror: [m[Kâ€˜[01m[KMotionManager[m[Kâ€™ has not been declared
  728 |    if(value  + [01;31m[KMotionManager[m[K::GetInstance()->m_Offset[row + 1] >= 0 && value  + MotionManager::GetInstance()->m_Offset[row + 1] <= MX28::MAX_VALUE)
      |                [01;31m[K^~~~~~~~~~~~~[m[K
[01m[K/home/robo/ROS2/walk_test/src/control/src/action_editor/cmd_process.cpp:728:81:[m[K [01;31m[Kerror: [m[Kâ€˜[01m[KMotionManager[m[Kâ€™ has not been declared
  728 |    if(value  + MotionManager::GetInstance()->m_Offset[row + 1] >= 0 && value  + [01;31m[KMotionManager[m[K::GetInstance()->m_Offset[row + 1] <= MX28::MAX_VALUE)
      |                                                                                 [01;31m[K^~~~~~~~~~~~~[m[K
[01m[K/home/robo/ROS2/walk_test/src/control/src/action_editor/cmd_process.cpp:728:132:[m[K [01;31m[Kerror: [m[Kâ€˜[01m[KMX28[m[Kâ€™ has not been declared
  728 |    if(value  + MotionManager::GetInstance()->m_Offset[row + 1] >= 0 && value  + MotionManager::GetInstance()->m_Offset[row + 1] <= [01;31m[KMX28[m[K::MAX_VALUE)
      |                                                                                                                                    [01;31m[K^~~~[m[K
[01m[K/home/robo/ROS2/walk_test/src/control/src/action_editor/cmd_process.cpp:730:11:[m[K [01;31m[Kerror: [m[Kâ€˜[01m[KStep[m[Kâ€™ was not declared in this scope
  730 |     if(!(([01;31m[KStep[m[K.position[row + 1] + MotionManager::GetInstance()->m_Offset[row + 1]) & Action::INVALID_BIT_MASK) && !((Step.position[row + 1] + MotionManager::GetInstance()->m_Offset[row + 1])  & Action::TORQUE_OFF_BIT_MASK))
      |           [01;31m[K^~~~[m[K
[01m[K/home/robo/ROS2/walk_test/src/control/src/action_editor/cmd_process.cpp:730:36:[m[K [01;31m[Kerror: [m[Kâ€˜[01m[KMotionManager[m[Kâ€™ has not been declared
  730 |     if(!((Step.position[row + 1] + [01;31m[KMotionManager[m[K::GetInstance()->m_Offset[row + 1]) & Action::INVALID_BIT_MASK) && !((Step.position[row + 1] + MotionManager::GetInstance()->m_Offset[row + 1])  & Action::TORQUE_OFF_BIT_MASK))
      |                                    [01;31m[K^~~~~~~~~~~~~[m[K
[01m[K/home/robo/ROS2/walk_test/src/control/src/action_editor/cmd_process.cpp:730:87:[m[K [01;31m[Kerror: [m[Kâ€˜[01m[KAction[m[Kâ€™ has not been declared
  730 |     if(!((Step.position[row + 1] + MotionManager::GetInstance()->m_Offset[row + 1]) & [01;31m[KAction[m[K::INVALID_BIT_MASK) && !((Step.position[row + 1] + MotionManager::GetInstance()->m_Offset[row + 1])  & Action::TORQUE_OFF_BIT_MASK))
      |                                                                                       [01;31m[K^~~~~~[m[K
[01m[K/home/robo/ROS2/walk_test/src/control/src/action_editor/cmd_process.cpp:730:144:[m[K [01;31m[Kerror: [m[Kâ€˜[01m[KMotionManager[m[Kâ€™ has not been declared
  730 |     if(!((Step.position[row + 1] + MotionManager::GetInstance()->m_Offset[row + 1]) & Action::INVALID_BIT_MASK) && !((Step.position[row + 1] + [01;31m[KMotionManager[m[K::GetInstance()->m_Offset[row + 1])  & Action::TORQUE_OFF_BIT_MASK))
      |                                                                                                                                                [01;31m[K^~~~~~~~~~~~~[m[K
[01m[K/home/robo/ROS2/walk_test/src/control/src/action_editor/cmd_process.cpp:730:196:[m[K [01;31m[Kerror: [m[Kâ€˜[01m[KAction[m[Kâ€™ has not been declared
  730 |     if(!((Step.position[row + 1] + MotionManager::GetInstance()->m_Offset[row + 1]) & Action::INVALID_BIT_MASK) && !((Step.position[row + 1] + MotionManager::GetInstance()->m_Offset[row + 1])  & [01;31m[KAction[m[K::TORQUE_OFF_BIT_MASK))
      |                                                                                                                                                                                                    [01;31m[K^~~~~~[m[K
[01m[K/home/robo/ROS2/walk_test/src/control/src/action_editor/cmd_process.cpp:736:46:[m[K [01;31m[Kerror: [m[Kâ€˜[01m[KMX28[m[Kâ€™ has not been declared
  736 |                     message_single.address = [01;31m[KMX28[m[K::P_GOAL_POSITION;
      |                                              [01;31m[K^~~~[m[K
[01m[K/home/robo/ROS2/walk_test/src/control/src/action_editor/cmd_process.cpp:737:56:[m[K [01;31m[Kerror: [m[Kâ€˜[01m[KMotionManager[m[Kâ€™ has not been declared
  737 |                     message_single.position = value  + [01;31m[KMotionManager[m[K::GetInstance()->m_Offset[row + 1];
      |                                                        [01;31m[K^~~~~~~~~~~~~[m[K
[01m[K/home/robo/ROS2/walk_test/src/control/src/action_editor/cmd_process.cpp:732:10:[m[K [01;35m[Kwarning: [m[Kunused variable â€˜[01m[Kerror[m[Kâ€™ [[01;35m[K-Wunused-variable[m[K]
  732 |      int [01;35m[Kerror[m[K;
      |          [01;35m[K^~~~~[m[K
[01m[K/home/robo/ROS2/walk_test/src/control/src/action_editor/cmd_process.cpp:796:13:[m[K [01;35m[Kwarning: [m[Kcomparison of unsigned expression >= 0 is always true [[01;35m[K-Wtype-limits[m[K]
  796 |    if([01;35m[Kvalue >= 0[m[K && value <= 255)
      |       [01;35m[K~~~~~~^~~~[m[K
[01m[K/home/robo/ROS2/walk_test/src/control/src/action_editor/cmd_process.cpp:798:5:[m[K [01;31m[Kerror: [m[Kâ€˜[01m[KPage[m[Kâ€™ was not declared in this scope
  798 |     [01;31m[KPage[m[K.step[i].pause = value;
      |     [01;31m[K^~~~[m[K
[01m[K/home/robo/ROS2/walk_test/src/control/src/action_editor/cmd_process.cpp:805:13:[m[K [01;35m[Kwarning: [m[Kcomparison of unsigned expression >= 0 is always true [[01;35m[K-Wtype-limits[m[K]
  805 |    if([01;35m[Kvalue >= 0[m[K && value <= 255)
      |       [01;35m[K~~~~~~^~~~[m[K
[01m[K/home/robo/ROS2/walk_test/src/control/src/action_editor/cmd_process.cpp:807:5:[m[K [01;31m[Kerror: [m[Kâ€˜[01m[KPage[m[Kâ€™ was not declared in this scope
  807 |     [01;31m[KPage[m[K.step[i].time = value;
      |     [01;31m[K^~~~[m[K
[01m[K/home/robo/ROS2/walk_test/src/control/src/action_editor/cmd_process.cpp:814:16:[m[K [01;31m[Kerror: [m[Kâ€˜[01m[KMotionManager[m[Kâ€™ has not been declared
  814 |    if(value  + [01;31m[KMotionManager[m[K::GetInstance()->m_Offset[row + 1] >= 0 && value  + MotionManager::GetInstance()->m_Offset[row + 1] <= MX28::MAX_VALUE) //Aumentando o valor da entrada
      |                [01;31m[K^~~~~~~~~~~~~[m[K
[01m[K/home/robo/ROS2/walk_test/src/control/src/action_editor/cmd_process.cpp:814:81:[m[K [01;31m[Kerror: [m[Kâ€˜[01m[KMotionManager[m[Kâ€™ has not been declared
  814 |    if(value  + MotionManager::GetInstance()->m_Offset[row + 1] >= 0 && value  + [01;31m[KMotionManager[m[K::GetInstance()->m_Offset[row + 1] <= MX28::MAX_VALUE) //Aumentando o valor da entrada
      |                                                                                 [01;31m[K^~~~~~~~~~~~~[m[K
[01m[K/home/robo/ROS2/walk_test/src/control/src/action_editor/cmd_process.cpp:814:132:[m[K [01;31m[Kerror: [m[Kâ€˜[01m[KMX28[m[Kâ€™ has not been declared
  814 |    if(value  + MotionManager::GetInstance()->m_Offset[row + 1] >= 0 && value  + MotionManager::GetInstance()->m_Offset[row + 1] <= [01;31m[KMX28[m[K::MAX_VALUE) //Aumentando o valor da entrada
      |                                                                                                                                    [01;31m[K^~~~[m[K
[01m[K/home/robo/ROS2/walk_test/src/control/src/action_editor/cmd_process.cpp:816:11:[m[K [01;31m[Kerror: [m[Kâ€˜[01m[KPage[m[Kâ€™ was not declared in this scope
  816 |     if(!(([01;31m[KPage[m[K.step[i].position[row + 1] + MotionManager::GetInstance()->m_Offset[row + 1]) & Action::INVALID_BIT_MASK))
      |           [01;31m[K^~~~[m[K
[01m[K/home/robo/ROS2/walk_test/src/control/src/action_editor/cmd_process.cpp:816:44:[m[K [01;31m[Kerror: [m[Kâ€˜[01m[KMotionManager[m[Kâ€™ has not been declared
  816 |     if(!((Page.step[i].position[row + 1] + [01;31m[KMotionManager[m[K::GetInstance()->m_Offset[row + 1]) & Action::INVALID_BIT_MASK))
      |                                            [01;31m[K^~~~~~~~~~~~~[m[K
[01m[K/home/robo/ROS2/walk_test/src/control/src/action_editor/cmd_process.cpp:816:95:[m[K [01;31m[Kerror: [m[Kâ€˜[01m[KAction[m[Kâ€™ has not been declared
  816 |     if(!((Page.step[i].position[row + 1] + MotionManager::GetInstance()->m_Offset[row + 1]) & [01;31m[KAction[m[K::INVALID_BIT_MASK))
      |                                                                                               [01;31m[K^~~~~~[m[K
[01m[K/home/robo/ROS2/walk_test/src/control/src/action_editor/cmd_process.cpp:832:4:[m[K [01;31m[Kerror: [m[Kâ€˜[01m[KPage[m[Kâ€™ was not declared in this scope
  832 |    [01;31m[KPage[m[K.header.slope[row + 1] = (value << 4) + (Page.header.slope[row + 1] & 0x0f);
      |    [01;31m[K^~~~[m[K
[01m[K/home/robo/ROS2/walk_test/src/control/src/action_editor/cmd_process.cpp:841:4:[m[K [01;31m[Kerror: [m[Kâ€˜[01m[KPage[m[Kâ€™ was not declared in this scope
  841 |    [01;31m[KPage[m[K.header.slope[row + 1] = (Page.header.slope[row + 1] & 0xf0) + (value & 0x0f);
      |    [01;31m[K^~~~[m[K
[01m[K/home/robo/ROS2/walk_test/src/control/src/action_editor/cmd_process.cpp:850:13:[m[K [01;35m[Kwarning: [m[Kcomparison of unsigned expression >= 0 is always true [[01;35m[K-Wtype-limits[m[K]
  850 |    if([01;35m[Kvalue >= 0[m[K && value <= 255)
      |       [01;35m[K~~~~~~^~~~[m[K
[01m[K/home/robo/ROS2/walk_test/src/control/src/action_editor/cmd_process.cpp:852:5:[m[K [01;31m[Kerror: [m[Kâ€˜[01m[KPage[m[Kâ€™ was not declared in this scope
  852 |     [01;31m[KPage[m[K.header.repeat = value;
      |     [01;31m[K^~~~[m[K
[01m[K/home/robo/ROS2/walk_test/src/control/src/action_editor/cmd_process.cpp:859:13:[m[K [01;35m[Kwarning: [m[Kcomparison of unsigned expression >= 0 is always true [[01;35m[K-Wtype-limits[m[K]
  859 |    if([01;35m[Kvalue >= 0[m[K && value <= Action::MAXNUM_STEP)
      |       [01;35m[K~~~~~~^~~~[m[K
[01m[K/home/robo/ROS2/walk_test/src/control/src/action_editor/cmd_process.cpp:859:30:[m[K [01;31m[Kerror: [m[Kâ€˜[01m[KAction[m[Kâ€™ has not been declared
  859 |    if(value >= 0 && value <= [01;31m[KAction[m[K::MAXNUM_STEP)
      |                              [01;31m[K^~~~~~[m[K
[01m[K/home/robo/ROS2/walk_test/src/control/src/action_editor/cmd_process.cpp:862:8:[m[K [01;31m[Kerror: [m[Kâ€˜[01m[KPage[m[Kâ€™ was not declared in this scope
  862 |     if([01;31m[KPage[m[K.header.stepnum != value)
      |        [01;31m[K^~~~[m[K
[01m[K/home/robo/ROS2/walk_test/src/control/src/action_editor/cmd_process.cpp:875:13:[m[K [01;35m[Kwarning: [m[Kcomparison of unsigned expression >= 0 is always true [[01;35m[K-Wtype-limits[m[K]
  875 |    if([01;35m[Kvalue >= 0[m[K && value <= 255)
      |       [01;35m[K~~~~~~^~~~[m[K
[01m[K/home/robo/ROS2/walk_test/src/control/src/action_editor/cmd_process.cpp:877:5:[m[K [01;31m[Kerror: [m[Kâ€˜[01m[KPage[m[Kâ€™ was not declared in this scope
  877 |     [01;31m[KPage[m[K.header.speed = value;
      |     [01;31m[K^~~~[m[K
[01m[K/home/robo/ROS2/walk_test/src/control/src/action_editor/cmd_process.cpp:884:13:[m[K [01;35m[Kwarning: [m[Kcomparison of unsigned expression >= 0 is always true [[01;35m[K-Wtype-limits[m[K]
  884 |    if([01;35m[Kvalue >= 0[m[K && value <= 255)
      |       [01;35m[K~~~~~~^~~~[m[K
[01m[K/home/robo/ROS2/walk_test/src/control/src/action_editor/cmd_process.cpp:886:5:[m[K [01;31m[Kerror: [m[Kâ€˜[01m[KPage[m[Kâ€™ was not declared in this scope
  886 |     [01;31m[KPage[m[K.header.accel = value;
      |     [01;31m[K^~~~[m[K
[01m[K/home/robo/ROS2/walk_test/src/control/src/action_editor/cmd_process.cpp:893:13:[m[K [01;35m[Kwarning: [m[Kcomparison of unsigned expression >= 0 is always true [[01;35m[K-Wtype-limits[m[K]
  893 |    if([01;35m[Kvalue >= 0[m[K && value <= 255)
      |       [01;35m[K~~~~~~^~~~[m[K
[01m[K/home/robo/ROS2/walk_test/src/control/src/action_editor/cmd_process.cpp:895:5:[m[K [01;31m[Kerror: [m[Kâ€˜[01m[KPage[m[Kâ€™ was not declared in this scope
  895 |     [01;31m[KPage[m[K.header.next = value;
      |     [01;31m[K^~~~[m[K
[01m[K/home/robo/ROS2/walk_test/src/control/src/action_editor/cmd_process.cpp:902:13:[m[K [01;35m[Kwarning: [m[Kcomparison of unsigned expression >= 0 is always true [[01;35m[K-Wtype-limits[m[K]
  902 |    if([01;35m[Kvalue >= 0[m[K && value <= 255)
      |       [01;35m[K~~~~~~^~~~[m[K
[01m[K/home/robo/ROS2/walk_test/src/control/src/action_editor/cmd_process.cpp:904:5:[m[K [01;31m[Kerror: [m[Kâ€˜[01m[KPage[m[Kâ€™ was not declared in this scope
  904 |     [01;31m[KPage[m[K.header.exit = value;
      |     [01;31m[K^~~~[m[K
[01m[K/home/robo/ROS2/walk_test/src/control/src/action_editor/cmd_process.cpp:[m[K In function â€˜[01m[Kvoid ToggleTorque()[m[Kâ€™:
[01m[K/home/robo/ROS2/walk_test/src/control/src/action_editor/cmd_process.cpp:921:6:[m[K [01;31m[Kerror: [m[Kâ€˜[01m[KStep[m[Kâ€™ was not declared in this scope
  921 |  if(([01;31m[KStep[m[K.position[id] + MotionManager::GetInstance()->m_Offset[id]) & Action::TORQUE_OFF_BIT_MASK)
      |      [01;31m[K^~~~[m[K
[01m[K/home/robo/ROS2/walk_test/src/control/src/action_editor/cmd_process.cpp:921:26:[m[K [01;31m[Kerror: [m[Kâ€˜[01m[KMotionManager[m[Kâ€™ has not been declared
  921 |  if((Step.position[id] + [01;31m[KMotionManager[m[K::GetInstance()->m_Offset[id]) & Action::TORQUE_OFF_BIT_MASK)
      |                          [01;31m[K^~~~~~~~~~~~~[m[K
[01m[K/home/robo/ROS2/walk_test/src/control/src/action_editor/cmd_process.cpp:921:72:[m[K [01;31m[Kerror: [m[Kâ€˜[01m[KAction[m[Kâ€™ has not been declared
  921 |  if((Step.position[id] + MotionManager::GetInstance()->m_Offset[id]) & [01;31m[KAction[m[K::TORQUE_OFF_BIT_MASK)
      |                                                                        [01;31m[K^~~~~~[m[K
[01m[K/home/robo/ROS2/walk_test/src/control/src/action_editor/cmd_process.cpp:941:23:[m[K [01;31m[Kerror: [m[Kâ€˜[01m[KAction[m[Kâ€™ has not been declared
  941 |   Step.position[id] = [01;31m[KAction[m[K::TORQUE_OFF_BIT_MASK;
      |                       [01;31m[K^~~~~~[m[K
[01m[K/home/robo/ROS2/walk_test/src/control/src/action_editor/cmd_process.cpp:[m[K In function â€˜[01m[Kvoid PageCmd(int)[m[Kâ€™:
[01m[K/home/robo/ROS2/walk_test/src/control/src/action_editor/cmd_process.cpp:1020:26:[m[K [01;31m[Kerror: [m[Kâ€˜[01m[KAction[m[Kâ€™ has not been declared
 1020 |  if(index > 0 && index < [01;31m[KAction[m[K::MAXNUM_PAGE)
      |                          [01;31m[K^~~~~~[m[K
[01m[K/home/robo/ROS2/walk_test/src/control/src/action_editor/cmd_process.cpp:1023:3:[m[K [01;31m[Kerror: [m[Kâ€˜[01m[KAction[m[Kâ€™ has not been declared
 1023 |   [01;31m[KAction[m[K::GetInstance()->LoadPage(indexPage, &Page);
      |   [01;31m[K^~~~~~[m[K
[01m[K/home/robo/ROS2/walk_test/src/control/src/action_editor/cmd_process.cpp:1023:47:[m[K [01;31m[Kerror: [m[Kâ€˜[01m[KPage[m[Kâ€™ was not declared in this scope
 1023 |   Action::GetInstance()->LoadPage(indexPage, &[01;31m[KPage[m[K);
      |                                               [01;31m[K^~~~[m[K
[01m[K/home/robo/ROS2/walk_test/src/control/src/action_editor/cmd_process.cpp:[m[K In function â€˜[01m[Kvoid TimeCmd()[m[Kâ€™:
[01m[K/home/robo/ROS2/walk_test/src/control/src/action_editor/cmd_process.cpp:1037:2:[m[K [01;31m[Kerror: [m[Kâ€˜[01m[KPage[m[Kâ€™ was not declared in this scope
 1037 |  [01;31m[KPage[m[K.header.schedule = Action::TIME_BASE_SCHEDULE;
      |  [01;31m[K^~~~[m[K
[01m[K/home/robo/ROS2/walk_test/src/control/src/action_editor/cmd_process.cpp:1037:25:[m[K [01;31m[Kerror: [m[Kâ€˜[01m[KAction[m[Kâ€™ has not been declared
 1037 |  Page.header.schedule = [01;31m[KAction[m[K::TIME_BASE_SCHEDULE;
      |                         [01;31m[K^~~~~~[m[K
[01m[K/home/robo/ROS2/walk_test/src/control/src/action_editor/cmd_process.cpp:[m[K In function â€˜[01m[Kvoid SpeedCmd()[m[Kâ€™:
[01m[K/home/robo/ROS2/walk_test/src/control/src/action_editor/cmd_process.cpp:1044:2:[m[K [01;31m[Kerror: [m[Kâ€˜[01m[KPage[m[Kâ€™ was not declared in this scope
 1044 |  [01;31m[KPage[m[K.header.schedule = Action::SPEED_BASE_SCHEDULE;
      |  [01;31m[K^~~~[m[K
[01m[K/home/robo/ROS2/walk_test/src/control/src/action_editor/cmd_process.cpp:1044:25:[m[K [01;31m[Kerror: [m[Kâ€˜[01m[KAction[m[Kâ€™ has not been declared
 1044 |  Page.header.schedule = [01;31m[KAction[m[K::SPEED_BASE_SCHEDULE;
      |                         [01;31m[K^~~~~~[m[K
[01m[K/home/robo/ROS2/walk_test/src/control/src/action_editor/cmd_process.cpp:[m[K In function â€˜[01m[Kvoid ListCmd()[m[Kâ€™:
[01m[K/home/robo/ROS2/walk_test/src/control/src/action_editor/cmd_process.cpp:1126:5:[m[K [01;31m[Kerror: [m[Kâ€˜[01m[KAction[m[Kâ€™ has not been declared
 1126 |     [01;31m[KAction[m[K::PAGE page;
      |     [01;31m[K^~~~~~[m[K
[01m[K/home/robo/ROS2/walk_test/src/control/src/action_editor/cmd_process.cpp:1127:8:[m[K [01;31m[Kerror: [m[Kâ€˜[01m[KAction[m[Kâ€™ has not been declared
 1127 |     if([01;31m[KAction[m[K::GetInstance()->LoadPage(k, &page) == true)
      |        [01;31m[K^~~~~~[m[K
[01m[K/home/robo/ROS2/walk_test/src/control/src/action_editor/cmd_process.cpp:1127:44:[m[K [01;31m[Kerror: [m[Kâ€˜[01m[Kpage[m[Kâ€™ was not declared in this scope
 1127 |     if(Action::GetInstance()->LoadPage(k, &[01;31m[Kpage[m[K) == true)
      |                                            [01;31m[K^~~~[m[K
[01m[K/home/robo/ROS2/walk_test/src/control/src/action_editor/cmd_process.cpp:1130:21:[m[K [01;31m[Kerror: [m[Kâ€˜[01m[KAction[m[Kâ€™ has not been declared
 1130 |      for(int n=0; n<[01;31m[KAction[m[K::MAXNUM_NAME; n++)
      |                     [01;31m[K^~~~~~[m[K
[01m[K/home/robo/ROS2/walk_test/src/control/src/action_editor/cmd_process.cpp:[m[K In function â€˜[01m[Kvoid OnOffCmd(bool, int, int*)[m[Kâ€™:
[01m[K/home/robo/ROS2/walk_test/src/control/src/action_editor/cmd_process.cpp:1177:20:[m[K [01;35m[Kwarning: [m[Kunused parameter â€˜[01m[Kon[m[Kâ€™ [[01;35m[K-Wunused-parameter[m[K]
 1177 | void OnOffCmd([01;35m[Kbool on[m[K, int num_param, int *list)
      |               [01;35m[K~~~~~^~[m[K
[01m[K/home/robo/ROS2/walk_test/src/control/src/action_editor/cmd_process.cpp:1177:28:[m[K [01;35m[Kwarning: [m[Kunused parameter â€˜[01m[Knum_param[m[Kâ€™ [[01;35m[K-Wunused-parameter[m[K]
 1177 | void OnOffCmd(bool on, [01;35m[Kint num_param[m[K, int *list)
      |                        [01;35m[K~~~~^~~~~~~~~[m[K
[01m[K/home/robo/ROS2/walk_test/src/control/src/action_editor/cmd_process.cpp:1177:44:[m[K [01;35m[Kwarning: [m[Kunused parameter â€˜[01m[Klist[m[Kâ€™ [[01;35m[K-Wunused-parameter[m[K]
 1177 | void OnOffCmd(bool on, int num_param, [01;35m[Kint *list[m[K)
      |                                       [01;35m[K~~~~~^~~~[m[K
[01m[K/home/robo/ROS2/walk_test/src/control/src/action_editor/cmd_process.cpp:[m[K In function â€˜[01m[Kvoid WriteStepCmd(int)[m[Kâ€™:
[01m[K/home/robo/ROS2/walk_test/src/control/src/action_editor/cmd_process.cpp:1201:13:[m[K [01;31m[Kerror: [m[Kâ€˜[01m[KJointData[m[Kâ€™ has not been declared
 1201 |  for(int id=[01;31m[KJointData[m[K::ID_R_SHOULDER_PITCH; id<JointData::NUMBER_OF_JOINTS; id++)
      |             [01;31m[K^~~~~~~~~[m[K
[01m[K/home/robo/ROS2/walk_test/src/control/src/action_editor/cmd_process.cpp:1201:48:[m[K [01;31m[Kerror: [m[Kâ€˜[01m[KJointData[m[Kâ€™ has not been declared
 1201 |  for(int id=JointData::ID_R_SHOULDER_PITCH; id<[01;31m[KJointData[m[K::NUMBER_OF_JOINTS; id++)
      |                                                [01;31m[K^~~~~~~~~[m[K
[01m[K/home/robo/ROS2/walk_test/src/control/src/action_editor/cmd_process.cpp:1203:7:[m[K [01;31m[Kerror: [m[Kâ€˜[01m[KStep[m[Kâ€™ was not declared in this scope
 1203 |   if(([01;31m[KStep[m[K.position[id] + MotionManager::GetInstance()->m_Offset[id]) & Action::TORQUE_OFF_BIT_MASK)
      |       [01;31m[K^~~~[m[K
[01m[K/home/robo/ROS2/walk_test/src/control/src/action_editor/cmd_process.cpp:1203:27:[m[K [01;31m[Kerror: [m[Kâ€˜[01m[KMotionManager[m[Kâ€™ has not been declared
 1203 |   if((Step.position[id] + [01;31m[KMotionManager[m[K::GetInstance()->m_Offset[id]) & Action::TORQUE_OFF_BIT_MASK)
      |                           [01;31m[K^~~~~~~~~~~~~[m[K
[01m[K/home/robo/ROS2/walk_test/src/control/src/action_editor/cmd_process.cpp:1203:73:[m[K [01;31m[Kerror: [m[Kâ€˜[01m[KAction[m[Kâ€™ has not been declared
 1203 |   if((Step.position[id] + MotionManager::GetInstance()->m_Offset[id]) & [01;31m[KAction[m[K::TORQUE_OFF_BIT_MASK)
      |                                                                         [01;31m[K^~~~~~[m[K
[01m[K/home/robo/ROS2/walk_test/src/control/src/action_editor/cmd_process.cpp:1207:27:[m[K [01;31m[Kerror: [m[Kâ€˜[01m[KAction[m[Kâ€™ has not been declared
 1207 |  if(index >= 0 && index < [01;31m[KAction[m[K::MAXNUM_STEP)
      |                           [01;31m[K^~~~~~[m[K
[01m[K/home/robo/ROS2/walk_test/src/control/src/action_editor/cmd_process.cpp:1209:3:[m[K [01;31m[Kerror: [m[Kâ€˜[01m[KPage[m[Kâ€™ was not declared in this scope
 1209 |   [01;31m[KPage[m[K.step[index] = Step;
      |   [01;31m[K^~~~[m[K
[01m[K/home/robo/ROS2/walk_test/src/control/src/action_editor/cmd_process.cpp:1209:22:[m[K [01;31m[Kerror: [m[Kâ€˜[01m[KStep[m[Kâ€™ was not declared in this scope
 1209 |   Page.step[index] = [01;31m[KStep[m[K;
      |                      [01;31m[K^~~~[m[K
[01m[K/home/robo/ROS2/walk_test/src/control/src/action_editor/cmd_process.cpp:[m[K In function â€˜[01m[Kvoid DeleteStepCmd(int)[m[Kâ€™:
[01m[K/home/robo/ROS2/walk_test/src/control/src/action_editor/cmd_process.cpp:1219:27:[m[K [01;31m[Kerror: [m[Kâ€˜[01m[KAction[m[Kâ€™ has not been declared
 1219 |  if(index >= 0 && index < [01;31m[KAction[m[K::MAXNUM_STEP)
      |                           [01;31m[K^~~~~~[m[K
[01m[K/home/robo/ROS2/walk_test/src/control/src/action_editor/cmd_process.cpp:1221:22:[m[K [01;31m[Kerror: [m[Kâ€˜[01m[KAction[m[Kâ€™ has not been declared
 1221 |   for(int i=index; i<[01;31m[KAction[m[K::MAXNUM_STEP; i++)
      |                      [01;31m[K^~~~~~[m[K
[01m[K/home/robo/ROS2/walk_test/src/control/src/action_editor/cmd_process.cpp:1223:13:[m[K [01;31m[Kerror: [m[Kâ€˜[01m[KAction[m[Kâ€™ has not been declared
 1223 |    if(i == ([01;31m[KAction[m[K::MAXNUM_STEP - 1))
      |             [01;31m[K^~~~~~[m[K
[01m[K/home/robo/ROS2/walk_test/src/control/src/action_editor/cmd_process.cpp:1225:16:[m[K [01;31m[Kerror: [m[Kâ€˜[01m[KJointData[m[Kâ€™ has not been declared
 1225 |     for(int id=[01;31m[KJointData[m[K::ID_R_SHOULDER_PITCH; id<JointData::NUMBER_OF_JOINTS; id++)
      |                [01;31m[K^~~~~~~~~[m[K
[01m[K/home/robo/ROS2/walk_test/src/control/src/action_editor/cmd_process.cpp:1225:51:[m[K [01;31m[Kerror: [m[Kâ€˜[01m[KJointData[m[Kâ€™ has not been declared
 1225 |     for(int id=JointData::ID_R_SHOULDER_PITCH; id<[01;31m[KJointData[m[K::NUMBER_OF_JOINTS; id++)
      |                                                   [01;31m[K^~~~~~~~~[m[K
[01m[K/home/robo/ROS2/walk_test/src/control/src/action_editor/cmd_process.cpp:1226:6:[m[K [01;31m[Kerror: [m[Kâ€˜[01m[KPage[m[Kâ€™ was not declared in this scope
 1226 |      [01;31m[KPage[m[K.step[i].position[id] = Action::INVALID_BIT_MASK;
      |      [01;31m[K^~~~[m[K
[01m[K/home/robo/ROS2/walk_test/src/control/src/action_editor/cmd_process.cpp:1226:34:[m[K [01;31m[Kerror: [m[Kâ€˜[01m[KAction[m[Kâ€™ has not been declared
 1226 |      Page.step[i].position[id] = [01;31m[KAction[m[K::INVALID_BIT_MASK;
      |                                  [01;31m[K^~~~~~[m[K
[01m[K/home/robo/ROS2/walk_test/src/control/src/action_editor/cmd_process.cpp:1228:5:[m[K [01;31m[Kerror: [m[Kâ€˜[01m[KPage[m[Kâ€™ was not declared in this scope
 1228 |     [01;31m[KPage[m[K.step[i].pause = 0;
      |     [01;31m[K^~~~[m[K
[01m[K/home/robo/ROS2/walk_test/src/control/src/action_editor/cmd_process.cpp:1232:5:[m[K [01;31m[Kerror: [m[Kâ€˜[01m[KPage[m[Kâ€™ was not declared in this scope
 1232 |     [01;31m[KPage[m[K.step[i] = Page.step[i + 1];
      |     [01;31m[K^~~~[m[K
[01m[K/home/robo/ROS2/walk_test/src/control/src/action_editor/cmd_process.cpp:1237:14:[m[K [01;31m[Kerror: [m[Kâ€˜[01m[KPage[m[Kâ€™ was not declared in this scope
 1237 |   if(index < [01;31m[KPage[m[K.header.stepnum)
      |              [01;31m[K^~~~[m[K
[01m[K/home/robo/ROS2/walk_test/src/control/src/action_editor/cmd_process.cpp:[m[K In function â€˜[01m[Kvoid InsertStepCmd(int)[m[Kâ€™:
[01m[K/home/robo/ROS2/walk_test/src/control/src/action_editor/cmd_process.cpp:1258:13:[m[K [01;31m[Kerror: [m[Kâ€˜[01m[KJointData[m[Kâ€™ has not been declared
 1258 |  for(int id=[01;31m[KJointData[m[K::ID_R_SHOULDER_PITCH; id<JointData::NUMBER_OF_JOINTS; id++)
      |             [01;31m[K^~~~~~~~~[m[K
[01m[K/home/robo/ROS2/walk_test/src/control/src/action_editor/cmd_process.cpp:1258:48:[m[K [01;31m[Kerror: [m[Kâ€˜[01m[KJointData[m[Kâ€™ has not been declared
 1258 |  for(int id=JointData::ID_R_SHOULDER_PITCH; id<[01;31m[KJointData[m[K::NUMBER_OF_JOINTS; id++)
      |                                                [01;31m[K^~~~~~~~~[m[K
[01m[K/home/robo/ROS2/walk_test/src/control/src/action_editor/cmd_process.cpp:1260:7:[m[K [01;31m[Kerror: [m[Kâ€˜[01m[KStep[m[Kâ€™ was not declared in this scope
 1260 |   if(([01;31m[KStep[m[K.position[id] + MotionManager::GetInstance()->m_Offset[id]) & Action::TORQUE_OFF_BIT_MASK)
      |       [01;31m[K^~~~[m[K
[01m[K/home/robo/ROS2/walk_test/src/control/src/action_editor/cmd_process.cpp:1260:27:[m[K [01;31m[Kerror: [m[Kâ€˜[01m[KMotionManager[m[Kâ€™ has not been declared
 1260 |   if((Step.position[id] + [01;31m[KMotionManager[m[K::GetInstance()->m_Offset[id]) & Action::TORQUE_OFF_BIT_MASK)
      |                           [01;31m[K^~~~~~~~~~~~~[m[K
[01m[K/home/robo/ROS2/walk_test/src/control/src/action_editor/cmd_process.cpp:1260:73:[m[K [01;31m[Kerror: [m[Kâ€˜[01m[KAction[m[Kâ€™ has not been declared
 1260 |   if((Step.position[id] + MotionManager::GetInstance()->m_Offset[id]) & [01;31m[KAction[m[K::TORQUE_OFF_BIT_MASK)
      |                                                                         [01;31m[K^~~~~~[m[K
[01m[K/home/robo/ROS2/walk_test/src/control/src/action_editor/cmd_process.cpp:1267:27:[m[K [01;31m[Kerror: [m[Kâ€˜[01m[KAction[m[Kâ€™ has not been declared
 1267 |  if(index >= 0 && index < [01;31m[KAction[m[K::MAXNUM_STEP)
      |                           [01;31m[K^~~~~~[m[K
[01m[K/home/robo/ROS2/walk_test/src/control/src/action_editor/cmd_process.cpp:1269:13:[m[K [01;31m[Kerror: [m[Kâ€˜[01m[KAction[m[Kâ€™ has not been declared
 1269 |   for(int i=[01;31m[KAction[m[K::MAXNUM_STEP-1; i>index; i-- )
      |             [01;31m[K^~~~~~[m[K
[01m[K/home/robo/ROS2/walk_test/src/control/src/action_editor/cmd_process.cpp:1271:4:[m[K [01;31m[Kerror: [m[Kâ€˜[01m[KPage[m[Kâ€™ was not declared in this scope
 1271 |    [01;31m[KPage[m[K.step[i] = Page.step[i-1];
      |    [01;31m[K^~~~[m[K
[01m[K/home/robo/ROS2/walk_test/src/control/src/action_editor/cmd_process.cpp:1275:3:[m[K [01;31m[Kerror: [m[Kâ€˜[01m[KPage[m[Kâ€™ was not declared in this scope
 1275 |   [01;31m[KPage[m[K.step[index] = Step;
      |   [01;31m[K^~~~[m[K
[01m[K/home/robo/ROS2/walk_test/src/control/src/action_editor/cmd_process.cpp:1275:22:[m[K [01;31m[Kerror: [m[Kâ€˜[01m[KStep[m[Kâ€™ was not declared in this scope
 1275 |   Page.step[index] = [01;31m[KStep[m[K;
      |                      [01;31m[K^~~~[m[K
[01m[K/home/robo/ROS2/walk_test/src/control/src/action_editor/cmd_process.cpp:1280:30:[m[K [01;31m[Kerror: [m[Kâ€˜[01m[KAction[m[Kâ€™ has not been declared
 1280 |    if(Page.header.stepnum != [01;31m[KAction[m[K::MAXNUM_STEP)
      |                              [01;31m[K^~~~~~[m[K
[01m[K/home/robo/ROS2/walk_test/src/control/src/action_editor/cmd_process.cpp:[m[K In function â€˜[01m[Kvoid MoveStepCmd(int, int)[m[Kâ€™:
[01m[K/home/robo/ROS2/walk_test/src/control/src/action_editor/cmd_process.cpp:1299:23:[m[K [01;31m[Kerror: [m[Kâ€˜[01m[KAction[m[Kâ€™ has not been declared
 1299 |  if(src < 0 || src >= [01;31m[KAction[m[K::MAXNUM_STEP)
      |                       [01;31m[K^~~~~~[m[K
[01m[K/home/robo/ROS2/walk_test/src/control/src/action_editor/cmd_process.cpp:1305:23:[m[K [01;31m[Kerror: [m[Kâ€˜[01m[KAction[m[Kâ€™ has not been declared
 1305 |  if(dst < 0 || dst >= [01;31m[KAction[m[K::MAXNUM_STEP)
      |                       [01;31m[K^~~~~~[m[K
[01m[K/home/robo/ROS2/walk_test/src/control/src/action_editor/cmd_process.cpp:1314:2:[m[K [01;31m[Kerror: [m[Kâ€˜[01m[KAction[m[Kâ€™ has not been declared
 1314 |  [01;31m[KAction[m[K::STEP step = Page.step[src];
      |  [01;31m[K^~~~~~[m[K
[01m[K/home/robo/ROS2/walk_test/src/control/src/action_editor/cmd_process.cpp:1319:4:[m[K [01;31m[Kerror: [m[Kâ€˜[01m[KPage[m[Kâ€™ was not declared in this scope
 1319 |    [01;31m[KPage[m[K.step[i] = Page.step[i + 1];
      |    [01;31m[K^~~~[m[K
[01m[K/home/robo/ROS2/walk_test/src/control/src/action_editor/cmd_process.cpp:1327:4:[m[K [01;31m[Kerror: [m[Kâ€˜[01m[KPage[m[Kâ€™ was not declared in this scope
 1327 |    [01;31m[KPage[m[K.step[i] = Page.step[i - 1];
      |    [01;31m[K^~~~[m[K
[01m[K/home/robo/ROS2/walk_test/src/control/src/action_editor/cmd_process.cpp:1332:2:[m[K [01;31m[Kerror: [m[Kâ€˜[01m[KPage[m[Kâ€™ was not declared in this scope
 1332 |  [01;31m[KPage[m[K.step[dst] = step;
      |  [01;31m[K^~~~[m[K
[01m[K/home/robo/ROS2/walk_test/src/control/src/action_editor/cmd_process.cpp:1332:19:[m[K [01;31m[Kerror: [m[Kâ€˜[01m[Kstep[m[Kâ€™ was not declared in this scope
 1332 |  Page.step[dst] = [01;31m[Kstep[m[K;
      |                   [01;31m[K^~~~[m[K
[01m[K/home/robo/ROS2/walk_test/src/control/src/action_editor/cmd_process.cpp:[m[K In function â€˜[01m[Kvoid CopyCmd(int)[m[Kâ€™:
[01m[K/home/robo/ROS2/walk_test/src/control/src/action_editor/cmd_process.cpp:1342:5:[m[K [01;31m[Kerror: [m[Kâ€˜[01m[KAction[m[Kâ€™ has not been declared
 1342 |  if([01;31m[KAction[m[K::GetInstance()->LoadPage(index, &Page) == true)
      |     [01;31m[K^~~~~~[m[K
[01m[K/home/robo/ROS2/walk_test/src/control/src/action_editor/cmd_process.cpp:1342:45:[m[K [01;31m[Kerror: [m[Kâ€˜[01m[KPage[m[Kâ€™ was not declared in this scope
 1342 |  if(Action::GetInstance()->LoadPage(index, &[01;31m[KPage[m[K) == true)
      |                                             [01;31m[K^~~~[m[K
[01m[K/home/robo/ROS2/walk_test/src/control/src/action_editor/cmd_process.cpp:[m[K In function â€˜[01m[Kvoid NewCmd()[m[Kâ€™:
[01m[K/home/robo/ROS2/walk_test/src/control/src/action_editor/cmd_process.cpp:1353:2:[m[K [01;31m[Kerror: [m[Kâ€˜[01m[KAction[m[Kâ€™ has not been declared
 1353 |  [01;31m[KAction[m[K::GetInstance()->ResetPage(&Page);
      |  [01;31m[K^~~~~~[m[K
[01m[K/home/robo/ROS2/walk_test/src/control/src/action_editor/cmd_process.cpp:1353:36:[m[K [01;31m[Kerror: [m[Kâ€˜[01m[KPage[m[Kâ€™ was not declared in this scope
 1353 |  Action::GetInstance()->ResetPage(&[01;31m[KPage[m[K);
      |                                    [01;31m[K^~~~[m[K
[01m[K/home/robo/ROS2/walk_test/src/control/src/action_editor/cmd_process.cpp:[m[K In function â€˜[01m[Kvoid GoCmd(int)[m[Kâ€™:
[01m[K/home/robo/ROS2/walk_test/src/control/src/action_editor/cmd_process.cpp:1360:27:[m[K [01;31m[Kerror: [m[Kâ€˜[01m[KAction[m[Kâ€™ has not been declared
 1360 |  if(index < 0 || index >= [01;31m[KAction[m[K::MAXNUM_STEP)
      |                           [01;31m[K^~~~~~[m[K
[01m[K/home/robo/ROS2/walk_test/src/control/src/action_editor/cmd_process.cpp:1366:13:[m[K [01;31m[Kerror: [m[Kâ€˜[01m[KPage[m[Kâ€™ was not declared in this scope
 1366 |  if(index > [01;31m[KPage[m[K.header.stepnum)
      |             [01;31m[K^~~~[m[K
[01m[K/home/robo/ROS2/walk_test/src/control/src/action_editor/cmd_process.cpp:1378:16:[m[K [01;31m[Kerror: [m[Kâ€˜[01m[KJointData[m[Kâ€™ has not been declared
 1378 |  uint8_t param[[01;31m[KJointData[m[K::NUMBER_OF_JOINTS * (1 + MX28::PARAM_BYTES)];
      |                [01;31m[K^~~~~~~~~[m[K
[01m[K/home/robo/ROS2/walk_test/src/control/src/action_editor/cmd_process.cpp:1378:51:[m[K [01;31m[Kerror: [m[Kâ€˜[01m[KMX28[m[Kâ€™ has not been declared
 1378 |  uint8_t param[JointData::NUMBER_OF_JOINTS * (1 + [01;31m[KMX28[m[K::PARAM_BYTES)];
      |                                                   [01;31m[K^~~~[m[K
[01m[K/home/robo/ROS2/walk_test/src/control/src/action_editor/cmd_process.cpp:1381:9:[m[K [01;31m[Kerror: [m[Kâ€˜[01m[KJointData[m[Kâ€™ has not been declared
 1381 |  for(id=[01;31m[KJointData[m[K::ID_R_SHOULDER_PITCH; id<JointData::NUMBER_OF_JOINTS-1; id++)
      |         [01;31m[K^~~~~~~~~[m[K
[01m[K/home/robo/ROS2/walk_test/src/control/src/action_editor/cmd_process.cpp:1381:44:[m[K [01;31m[Kerror: [m[Kâ€˜[01m[KJointData[m[Kâ€™ has not been declared
 1381 |  for(id=JointData::ID_R_SHOULDER_PITCH; id<[01;31m[KJointData[m[K::NUMBER_OF_JOINTS-1; id++)
      |                                            [01;31m[K^~~~~~~~~[m[K
[01m[K/home/robo/ROS2/walk_test/src/control/src/action_editor/cmd_process.cpp:1386:7:[m[K [01;31m[Kerror: [m[Kâ€˜[01m[KPage[m[Kâ€™ was not declared in this scope
 1386 |   if(([01;31m[KPage[m[K.step[index].position[id] + MotionManager::GetInstance()->m_Offset[id]) & Action::INVALID_BIT_MASK)
      |       [01;31m[K^~~~[m[K
[01m[K/home/robo/ROS2/walk_test/src/control/src/action_editor/cmd_process.cpp:1386:39:[m[K [01;31m[Kerror: [m[Kâ€˜[01m[KMotionManager[m[Kâ€™ has not been declared
 1386 |   if((Page.step[index].position[id] + [01;31m[KMotionManager[m[K::GetInstance()->m_Offset[id]) & Action::INVALID_BIT_MASK)
      |                                       [01;31m[K^~~~~~~~~~~~~[m[K
[01m[K/home/robo/ROS2/walk_test/src/control/src/action_editor/cmd_process.cpp:1386:85:[m[K [01;31m[Kerror: [m[Kâ€˜[01m[KAction[m[Kâ€™ has not been declared
 1386 |   if((Page.step[index].position[id] + MotionManager::GetInstance()->m_Offset[id]) & [01;31m[KAction[m[K::INVALID_BIT_MASK)
      |                                                                                     [01;31m[K^~~~~~[m[K
[01m[K/home/robo/ROS2/walk_test/src/control/src/action_editor/cmd_process.cpp:1388:67:[m[K [01;31m[Kerror: [m[Kâ€˜[01m[KMotionManager[m[Kâ€™ has not been declared
 1388 |    printf("conta id %d =%d", id, (Page.step[index].position[id] + [01;31m[KMotionManager[m[K::GetInstance()->m_Offset[id]));
      |                                                                   [01;31m[K^~~~~~~~~~~~~[m[K
[01m[K/home/robo/ROS2/walk_test/src/control/src/action_editor/cmd_process.cpp:1404:20:[m[K [01;31m[Kerror: [m[Kâ€˜[01m[KPage[m[Kâ€™ was not declared in this scope
 1404 |   wGoalPosition = ([01;31m[KPage[m[K.step[index].position[id] + MotionManager::GetInstance()->m_Offset[id]);
      |                    [01;31m[K^~~~[m[K
[01m[K/home/robo/ROS2/walk_test/src/control/src/action_editor/cmd_process.cpp:1404:52:[m[K [01;31m[Kerror: [m[Kâ€˜[01m[KMotionManager[m[Kâ€™ has not been declared
 1404 |   wGoalPosition = (Page.step[index].position[id] + [01;31m[KMotionManager[m[K::GetInstance()->m_Offset[id]);
      |                                                    [01;31m[K^~~~~~~~~~~~~[m[K
[01m[K/home/robo/ROS2/walk_test/src/control/src/action_editor/cmd_process.cpp:1418:3:[m[K [01;31m[Kerror: [m[Kâ€˜[01m[Kparam[m[Kâ€™ was not declared in this scope
 1418 |   [01;31m[Kparam[m[K[n++] = id;
      |   [01;31m[K^~~~~[m[K
[01m[K/home/robo/ROS2/walk_test/src/control/src/action_editor/cmd_process.cpp:1430:5:[m[K [01;31m[Kerror: [m[Kâ€˜[01m[Kmessage[m[Kâ€™ was not declared in this scope
 1430 |     [01;31m[Kmessage[m[K.id = {1, 2, 3, 4, 5, 6, 7, 8, 9, 10, 11, 12, 13, 14, 15, 16, 17, 18, 19};
      |     [01;31m[K^~~~~~~[m[K
[01m[K/home/robo/ROS2/walk_test/src/control/src/action_editor/cmd_process.cpp:1431:25:[m[K [01;31m[Kerror: [m[Kâ€˜[01m[Kpos[m[Kâ€™ was not declared in this scope; did you mean â€˜[01m[Kpow[m[Kâ€™?
 1431 |     message.position = {[01;31m[Kpos[m[K[1], pos[2], pos[3], pos[4], pos[5], pos[6], pos[7], pos[8], pos[9], pos[10], pos[11], pos[12], pos[13], pos[14], pos[15], pos[16], pos[17], pos[18], pos[19]};
      |                         [01;31m[K^~~[m[K
      |                         [32m[Kpow[m[K
[01m[K/home/robo/ROS2/walk_test/src/control/src/action_editor/cmd_process.cpp:1436:2:[m[K [01;31m[Kerror: [m[Kâ€˜[01m[KStep[m[Kâ€™ was not declared in this scope
 1436 |  [01;31m[KStep[m[K = Page.step[index];
      |  [01;31m[K^~~~[m[K
[01m[K/home/robo/ROS2/walk_test/src/control/src/action_editor/cmd_process.cpp:1436:9:[m[K [01;31m[Kerror: [m[Kâ€˜[01m[KPage[m[Kâ€™ was not declared in this scope
 1436 |  Step = [01;31m[KPage[m[K.step[index];
      |         [01;31m[K^~~~[m[K
[01m[K/home/robo/ROS2/walk_test/src/control/src/action_editor/cmd_process.cpp:[m[K In function â€˜[01m[Kvoid goInitPage()[m[Kâ€™:
[01m[K/home/robo/ROS2/walk_test/src/control/src/action_editor/cmd_process.cpp:1443:2:[m[K [01;31m[Kerror: [m[Kâ€˜[01m[KAction[m[Kâ€™ has not been declared
 1443 |  [01;31m[KAction[m[K::GetInstance()->LoadPage(1, &Page);
      |  [01;31m[K^~~~~~[m[K
[01m[K/home/robo/ROS2/walk_test/src/control/src/action_editor/cmd_process.cpp:1443:38:[m[K [01;31m[Kerror: [m[Kâ€˜[01m[KPage[m[Kâ€™ was not declared in this scope
 1443 |  Action::GetInstance()->LoadPage(1, &[01;31m[KPage[m[K);
      |                                      [01;31m[K^~~~[m[K
[01m[K/home/robo/ROS2/walk_test/src/control/src/action_editor/cmd_process.cpp:[m[K In function â€˜[01m[Kvoid backToPage()[m[Kâ€™:
[01m[K/home/robo/ROS2/walk_test/src/control/src/action_editor/cmd_process.cpp:1448:2:[m[K [01;31m[Kerror: [m[Kâ€˜[01m[KAction[m[Kâ€™ has not been declared
 1448 |  [01;31m[KAction[m[K::GetInstance()->LoadPage(indexPageBuffer, &Page);
      |  [01;31m[K^~~~~~[m[K
[01m[K/home/robo/ROS2/walk_test/src/control/src/action_editor/cmd_process.cpp:1448:52:[m[K [01;31m[Kerror: [m[Kâ€˜[01m[KPage[m[Kâ€™ was not declared in this scope
 1448 |  Action::GetInstance()->LoadPage(indexPageBuffer, &[01;31m[KPage[m[K);
      |                                                    [01;31m[K^~~~[m[K
[01m[K/home/robo/ROS2/walk_test/src/control/src/action_editor/cmd_process.cpp:[m[K In function â€˜[01m[Kvoid SaveCmd()[m[Kâ€™:
[01m[K/home/robo/ROS2/walk_test/src/control/src/action_editor/cmd_process.cpp:1457:5:[m[K [01;31m[Kerror: [m[Kâ€˜[01m[KAction[m[Kâ€™ has not been declared
 1457 |  if([01;31m[KAction[m[K::GetInstance()->SavePage(indexPage, &Page) == true)
      |     [01;31m[K^~~~~~[m[K
[01m[K/home/robo/ROS2/walk_test/src/control/src/action_editor/cmd_process.cpp:1457:49:[m[K [01;31m[Kerror: [m[Kâ€˜[01m[KPage[m[Kâ€™ was not declared in this scope
 1457 |  if(Action::GetInstance()->SavePage(indexPage, &[01;31m[KPage[m[K) == true)
      |                                                 [01;31m[K^~~~[m[K
[01m[K/home/robo/ROS2/walk_test/src/control/src/action_editor/cmd_process.cpp:[m[K In function â€˜[01m[Kvoid readServo()[m[Kâ€™:
[01m[K/home/robo/ROS2/walk_test/src/control/src/action_editor/cmd_process.cpp:1463:11:[m[K [01;35m[Kwarning: [m[Kunused variable â€˜[01m[Kvalue[m[Kâ€™ [[01;35m[K-Wunused-variable[m[K]
 1463 |  uint32_t [01;35m[Kvalue[m[K;
      |           [01;35m[K^~~~~[m[K
[01m[K/home/robo/ROS2/walk_test/src/control/src/action_editor/cmd_process.cpp:[m[K In function â€˜[01m[Kvoid NameCmd()[m[Kâ€™:
[01m[K/home/robo/ROS2/walk_test/src/control/src/action_editor/cmd_process.cpp:1479:2:[m[K [01;31m[Kerror: [m[Kâ€˜[01m[Kgets[m[Kâ€™ was not declared in this scope; did you mean â€˜[01m[Kfgets[m[Kâ€™?
 1479 |  [01;31m[Kgets[m[K(name);
      |  [01;31m[K^~~~[m[K
      |  [32m[Kfgets[m[K
[01m[K/home/robo/ROS2/walk_test/src/control/src/action_editor/cmd_process.cpp:1481:18:[m[K [01;31m[Kerror: [m[Kâ€˜[01m[KAction[m[Kâ€™ has not been declared
 1481 |  for(int i=0; i<=[01;31m[KAction[m[K::MAXNUM_NAME; i++)
      |                  [01;31m[K^~~~~~[m[K
[01m[K/home/robo/ROS2/walk_test/src/control/src/action_editor/cmd_process.cpp:1482:3:[m[K [01;31m[Kerror: [m[Kâ€˜[01m[KPage[m[Kâ€™ was not declared in this scope
 1482 |   [01;31m[KPage[m[K.header.name[i] = name[i];
      |   [01;31m[K^~~~[m[K
make[2]: *** [CMakeFiles/action.dir/build.make:89: CMakeFiles/action.dir/src/action_editor/cmd_process.cpp.o] Error 1
make[1]: *** [CMakeFiles/Makefile2:221: CMakeFiles/action.dir/all] Error 2
make: *** [Makefile:141: all] Error 2
