[01m[K/home/robofei/ROS2/robotis_ws/src/dynamixel_sdk_examples/src/read_write_node.cpp:57:1:[m[K [01;31m[Kerror: [m[Kâ€˜[01m[KPortHandler[m[Kâ€™ does not name a type
   57 | [01;31m[KPortHandler[m[K * portHandler = dynamixel::PortHandler::getPortHandler(DEVICE_NAME);
      | [01;31m[K^~~~~~~~~~~[m[K
[01m[K/home/robofei/ROS2/robotis_ws/src/dynamixel_sdk_examples/src/read_write_node.cpp:58:1:[m[K [01;31m[Kerror: [m[Kâ€˜[01m[KPacketHandler[m[Kâ€™ does not name a type
   58 | [01;31m[KPacketHandler[m[K * packetHandler = dynamixel::PacketHandler::getPacketHandler(PROTOCOL_VERSION);
      | [01;31m[K^~~~~~~~~~~~~[m[K
[01m[K/home/robofei/ROS2/robotis_ws/src/dynamixel_sdk_examples/src/read_write_node.cpp:60:1:[m[K [01;31m[Kerror: [m[Kâ€˜[01m[KGroupSyncWrite[m[Kâ€™ does not name a type
   60 | [01;31m[KGroupSyncWrite[m[K groupSyncWrite(portHandler, packetHandler, ADDR_GOAL_POSITION, 4);
      | [01;31m[K^~~~~~~~~~~~~~[m[K
[01m[K/home/robofei/ROS2/robotis_ws/src/dynamixel_sdk_examples/src/read_write_node.cpp:[m[K In lambda function:
[01m[K/home/robofei/ROS2/robotis_ws/src/dynamixel_sdk_examples/src/read_write_node.cpp:115:29:[m[K [01;31m[Kerror: [m[Kâ€˜[01m[KgroupSyncWrite[m[Kâ€™ was not declared in this scope
  115 |       dxl_addparam_result = [01;31m[KgroupSyncWrite[m[K.addParam((uint8_t)msg->id[0], param_goal_position0);
      |                             [01;31m[K^~~~~~~~~~~~~~[m[K
In file included from [01m[K/opt/ros/foxy/include/rclcpp/client.hpp:40[m[K,
                 from [01m[K/opt/ros/foxy/include/rclcpp/callback_group.hpp:23[m[K,
                 from [01m[K/opt/ros/foxy/include/rclcpp/any_executable.hpp:20[m[K,
                 from [01m[K/opt/ros/foxy/include/rclcpp/memory_strategy.hpp:24[m[K,
                 from [01m[K/opt/ros/foxy/include/rclcpp/memory_strategies.hpp:18[m[K,
                 from [01m[K/opt/ros/foxy/include/rclcpp/executor_options.hpp:20[m[K,
                 from [01m[K/opt/ros/foxy/include/rclcpp/executor.hpp:33[m[K,
                 from [01m[K/opt/ros/foxy/include/rclcpp/executors/multi_threaded_executor.hpp:26[m[K,
                 from [01m[K/opt/ros/foxy/include/rclcpp/executors.hpp:21[m[K,
                 from [01m[K/opt/ros/foxy/include/rclcpp/rclcpp.hpp:146[m[K,
                 from [01m[K/home/robofei/ROS2/robotis_ws/src/dynamixel_sdk_examples/src/read_write_node.cpp:39[m[K:
[01m[K/home/robofei/ROS2/robotis_ws/src/dynamixel_sdk_examples/src/read_write_node.cpp:133:47:[m[K [01;31m[Kerror: [m[Kâ€˜[01m[KpacketHandler[m[Kâ€™ was not declared in this scope
  133 |         RCLCPP_INFO(this->get_logger(), "%s", [01;31m[KpacketHandler[m[K->getTxRxResult(dxl_comm_result));
      |                                               [01;31m[K^~~~~~~~~~~~~[m[K
[01m[K/home/robofei/ROS2/robotis_ws/src/dynamixel_sdk_examples/src/read_write_node.cpp:136:47:[m[K [01;31m[Kerror: [m[Kâ€˜[01m[KpacketHandler[m[Kâ€™ was not declared in this scope
  136 |         RCLCPP_INFO(this->get_logger(), "%s", [01;31m[KpacketHandler[m[K->getRxPacketError(dxl_error));
      |                                               [01;31m[K^~~~~~~~~~~~~[m[K
[01m[K/home/robofei/ROS2/robotis_ws/src/dynamixel_sdk_examples/src/read_write_node.cpp:[m[K In function â€˜[01m[Kvoid setupDynamixel(uint8_t)[m[Kâ€™:
[01m[K/home/robofei/ROS2/robotis_ws/src/dynamixel_sdk_examples/src/read_write_node.cpp:163:3:[m[K [01;31m[Kerror: [m[Kâ€˜[01m[Kdxl_comm_result[m[Kâ€™ was not declared in this scope
  163 |   [01;31m[Kdxl_comm_result[m[K = packetHandler->write1ByteTxRx(
      |   [01;31m[K^~~~~~~~~~~~~~~[m[K
[01m[K/home/robofei/ROS2/robotis_ws/src/dynamixel_sdk_examples/src/read_write_node.cpp:163:21:[m[K [01;31m[Kerror: [m[Kâ€˜[01m[KpacketHandler[m[Kâ€™ was not declared in this scope
  163 |   dxl_comm_result = [01;31m[KpacketHandler[m[K->write1ByteTxRx(
      |                     [01;31m[K^~~~~~~~~~~~~[m[K
[01m[K/home/robofei/ROS2/robotis_ws/src/dynamixel_sdk_examples/src/read_write_node.cpp:164:5:[m[K [01;31m[Kerror: [m[Kâ€˜[01m[KportHandler[m[Kâ€™ was not declared in this scope
  164 |     [01;31m[KportHandler[m[K,
      |     [01;31m[K^~~~~~~~~~~[m[K
[01m[K/home/robofei/ROS2/robotis_ws/src/dynamixel_sdk_examples/src/read_write_node.cpp:[m[K In function â€˜[01m[Kint main(int, char**)[m[Kâ€™:
[01m[K/home/robofei/ROS2/robotis_ws/src/dynamixel_sdk_examples/src/read_write_node.cpp:197:3:[m[K [01;31m[Kerror: [m[Kâ€˜[01m[Kdxl_comm_result[m[Kâ€™ was not declared in this scope
  197 |   [01;31m[Kdxl_comm_result[m[K = portHandler->openPort();
      |   [01;31m[K^~~~~~~~~~~~~~~[m[K
[01m[K/home/robofei/ROS2/robotis_ws/src/dynamixel_sdk_examples/src/read_write_node.cpp:197:21:[m[K [01;31m[Kerror: [m[Kâ€˜[01m[KportHandler[m[Kâ€™ was not declared in this scope
  197 |   dxl_comm_result = [01;31m[KportHandler[m[K->openPort();
      |                     [01;31m[K^~~~~~~~~~~[m[K
[01m[K/home/robofei/ROS2/robotis_ws/src/dynamixel_sdk_examples/src/read_write_node.cpp:223:3:[m[K [01;31m[Kerror: [m[Kâ€˜[01m[KpacketHandler[m[Kâ€™ was not declared in this scope
  223 |   [01;31m[KpacketHandler[m[K->write1ByteTxRx(
      |   [01;31m[K^~~~~~~~~~~~~[m[K
make[2]: *** [CMakeFiles/read_write_node.dir/build.make:63: CMakeFiles/read_write_node.dir/src/read_write_node.cpp.o] Error 1
make[1]: *** [CMakeFiles/Makefile2:107: CMakeFiles/read_write_node.dir/all] Error 2
make: *** [Makefile:141: all] Error 2
