[0.008s] Invoking command in '/home/robo/ROS2/walk_test/build/control': CMAKE_PREFIX_PATH=/home/robo/ROS2/walk_test/install/dynamixel_sdk_custom_interfaces:/home/robo/ROS2/walk_test/install/control:/opt/ros/foxy LD_LIBRARY_PATH=/home/robo/ROS2/walk_test/install/dynamixel_sdk_custom_interfaces/lib:/home/robo/ROS2/walk_test/install/control/lib:/opt/ros/foxy/opt/yaml_cpp_vendor/lib:/opt/ros/foxy/opt/rviz_ogre_vendor/lib:/opt/ros/foxy/lib/x86_64-linux-gnu:/opt/ros/foxy/lib /usr/bin/cmake --build /home/robo/ROS2/walk_test/build/control -- -j12 -l12
[0.040s] [35m[1mScanning dependencies of target action[0m
[0.054s] [ 14%] Built target gait_publisher
[0.054s] [ 14%] Built target decision
[0.054s] [ 21%] Built target control
[0.058s] [ 82%] Built target motion
[0.064s] [ 85%] [32mBuilding CXX object CMakeFiles/action.dir/src/action_editor/cmd_process.cpp.o[0m
[0.162s] [01m[K/home/robo/ROS2/walk_test/src/control/src/action_editor/cmd_process.cpp:983:1:[m[K [01;35m[Kwarning: [m[Kmulti-line comment [[01;35m[K-Wcomment[m[K]
[0.162s]   983 | [01;35m[K/[m[K/  printf(" i                  Inserts data from STP7 to STP0. \n" \
[0.162s]       | [01;35m[K^[m[K
[0.162s] [01m[K/home/robo/ROS2/walk_test/src/control/src/action_editor/cmd_process.cpp:985:1:[m[K [01;35m[Kwarning: [m[Kmulti-line comment [[01;35m[K-Wcomment[m[K]
[0.162s]   985 | [01;35m[K/[m[K/  printf(" i [index]          Inserts data from STP7 to STP[index]. \n" \
[0.162s]       | [01;35m[K^[m[K
[1.025s] [01m[K/home/robo/ROS2/walk_test/src/control/src/action_editor/cmd_process.cpp:25:26:[m[K [01;35m[Kwarning: [m[Knon-ISO-standard escape sequence, '\e'
[1.025s]    25 | const std::string azul = [01;35m[K"\e[0;36m"[m[K;
[1.025s]       |                          [01;35m[K^~~~~~~~~~[m[K
[1.025s] [01m[K/home/robo/ROS2/walk_test/src/control/src/action_editor/cmd_process.cpp:26:27:[m[K [01;35m[Kwarning: [m[Knon-ISO-standard escape sequence, '\e'
[1.025s]    26 | const std::string azulE = [01;35m[K"\e[0;34m"[m[K;
[1.025s]       |                           [01;35m[K^~~~~~~~~~[m[K
[1.025s] [01m[K/home/robo/ROS2/walk_test/src/control/src/action_editor/cmd_process.cpp:27:27:[m[K [01;35m[Kwarning: [m[Knon-ISO-standard escape sequence, '\e'
[1.025s]    27 | const std::string amare = [01;35m[K"\e[0;33m"[m[K;
[1.025s]       |                           [01;35m[K^~~~~~~~~~[m[K
[1.025s] [01m[K/home/robo/ROS2/walk_test/src/control/src/action_editor/cmd_process.cpp:28:27:[m[K [01;35m[Kwarning: [m[Knon-ISO-standard escape sequence, '\e'
[1.025s]    28 | const std::string verde = [01;35m[K"\e[0;32m"[m[K;
[1.025s]       |                           [01;35m[K^~~~~~~~~~[m[K
[1.025s] [01m[K/home/robo/ROS2/walk_test/src/control/src/action_editor/cmd_process.cpp:29:25:[m[K [01;35m[Kwarning: [m[Knon-ISO-standard escape sequence, '\e'
[1.025s]    29 | const std::string red = [01;35m[K"\e[0;31m"[m[K;
[1.025s]       |                         [01;35m[K^~~~~~~~~~[m[K
[1.025s] [01m[K/home/robo/ROS2/walk_test/src/control/src/action_editor/cmd_process.cpp:30:26:[m[K [01;35m[Kwarning: [m[Knon-ISO-standard escape sequence, '\e'
[1.026s]    30 | const std::string gray = [01;35m[K"\e[0;37m"[m[K;
[1.026s]       |                          [01;35m[K^~~~~~~~~~[m[K
[1.026s] [01m[K/home/robo/ROS2/walk_test/src/control/src/action_editor/cmd_process.cpp:31:26:[m[K [01;35m[Kwarning: [m[Knon-ISO-standard escape sequence, '\e'
[1.026s]    31 | const std::string nulo = [01;35m[K"\e[0m"[m[K;
[1.026s]       |                          [01;35m[K^~~~~~~[m[K
[1.026s] [01m[K/home/robo/ROS2/walk_test/src/control/src/action_editor/cmd_process.cpp:33:27:[m[K [01;35m[Kwarning: [m[Knon-ISO-standard escape sequence, '\e'
[1.026s]    33 | const std::string Lazul = [01;35m[K"\e[96m"[m[K;
[1.026s]       |                           [01;35m[K^~~~~~~~[m[K
[1.026s] [01m[K/home/robo/ROS2/walk_test/src/control/src/action_editor/cmd_process.cpp:34:28:[m[K [01;35m[Kwarning: [m[Knon-ISO-standard escape sequence, '\e'
[1.026s]    34 | const std::string LazulE = [01;35m[K"\e[94m"[m[K;
[1.026s]       |                            [01;35m[K^~~~~~~~[m[K
[1.026s] [01m[K/home/robo/ROS2/walk_test/src/control/src/action_editor/cmd_process.cpp:35:28:[m[K [01;35m[Kwarning: [m[Knon-ISO-standard escape sequence, '\e'
[1.026s]    35 | const std::string Lamare = [01;35m[K"\e[93m"[m[K;
[1.026s]       |                            [01;35m[K^~~~~~~~[m[K
[1.026s] [01m[K/home/robo/ROS2/walk_test/src/control/src/action_editor/cmd_process.cpp:36:28:[m[K [01;35m[Kwarning: [m[Knon-ISO-standard escape sequence, '\e'
[1.026s]    36 | const std::string Lverde = [01;35m[K"\e[92m"[m[K;
[1.026s]       |                            [01;35m[K^~~~~~~~[m[K
[1.026s] [01m[K/home/robo/ROS2/walk_test/src/control/src/action_editor/cmd_process.cpp:37:26:[m[K [01;35m[Kwarning: [m[Knon-ISO-standard escape sequence, '\e'
[1.026s]    37 | const std::string Lred = [01;35m[K"\e[91m"[m[K;
[1.026s]       |                          [01;35m[K^~~~~~~~[m[K
[1.026s] [01m[K/home/robo/ROS2/walk_test/src/control/src/action_editor/cmd_process.cpp:38:27:[m[K [01;35m[Kwarning: [m[Knon-ISO-standard escape sequence, '\e'
[1.027s]    38 | const std::string Lgray = [01;35m[K"\e[97m"[m[K;
[1.027s]       |                           [01;35m[K^~~~~~~~[m[K
[1.303s] [ 89%] [32m[1mLinking CXX executable action[0m
[1.381s] /usr/bin/ld: CMakeFiles/action.dir/src/action_editor/cmd_process.cpp.o:(.bss+0x0): multiple definition of `publisher_'; CMakeFiles/action.dir/src/action_editor/main.cpp.o:(.bss+0x0): first defined here
[1.381s] /usr/bin/ld: CMakeFiles/action.dir/src/action_editor/cmd_process.cpp.o:(.bss+0x10): multiple definition of `publisher_single'; CMakeFiles/action.dir/src/action_editor/main.cpp.o:(.bss+0x10): first defined here
[1.382s] /usr/bin/ld: CMakeFiles/action.dir/src/motion/modules/Action.cpp.o: in function `Robot::Action::Process()':
[1.382s] Action.cpp:(.text+0xace): undefined reference to `Robot::JointData::GetEnable(int)'
[1.382s] /usr/bin/ld: Action.cpp:(.text+0xae8): undefined reference to `Robot::MotionStatus::m_CurrentJoints'
[1.382s] /usr/bin/ld: Action.cpp:(.text+0xaed): undefined reference to `Robot::JointData::GetValue(int)'
[1.382s] /usr/bin/ld: Action.cpp:(.text+0xbb4): undefined reference to `Robot::JointData::GetEnable(int)'
[1.382s] /usr/bin/ld: Action.cpp:(.text+0xbdb): undefined reference to `Robot::JointData::GetValue(int)'
[1.382s] /usr/bin/ld: Action.cpp:(.text+0xc36): undefined reference to `Robot::JointData::SetValue(int, int)'
[1.382s] /usr/bin/ld: Action.cpp:(.text+0xda0): undefined reference to `Robot::JointData::SetValue(int, int)'
[1.382s] /usr/bin/ld: Action.cpp:(.text+0xe1c): undefined reference to `Robot::JointData::SetValue(int, int)'
[1.383s] /usr/bin/ld: Action.cpp:(.text+0xe95): undefined reference to `Robot::JointData::SetValue(int, int)'
[1.383s] /usr/bin/ld: Action.cpp:(.text+0xfbe): undefined reference to `Robot::JointData::SetValue(int, int)'
[1.383s] /usr/bin/ld: CMakeFiles/action.dir/src/motion/modules/Action.cpp.o:Action.cpp:(.text+0x102b): more undefined references to `Robot::JointData::SetValue(int, int)' follow
[1.383s] /usr/bin/ld: CMakeFiles/action.dir/src/motion/modules/Action.cpp.o: in function `Robot::Action::Process()':
[1.383s] Action.cpp:(.text+0x10af): undefined reference to `Robot::JointData::SetSlope(int, int, int)'
[1.383s] /usr/bin/ld: Action.cpp:(.text+0x113f): undefined reference to `Robot::JointData::GetEnable(int)'
[1.383s] /usr/bin/ld: Action.cpp:(.text+0x1162): undefined reference to `Robot::JointData::GetValue(int)'
[1.383s] /usr/bin/ld: Action.cpp:(.text+0x1207): undefined reference to `Robot::JointData::GetEnable(int)'
[1.383s] /usr/bin/ld: Action.cpp:(.text+0x13df): undefined reference to `Robot::JointData::GetEnable(int)'
[1.383s] /usr/bin/ld: Action.cpp:(.text+0x14c2): undefined reference to `Robot::JointData::GetEnable(int)'
[1.383s] /usr/bin/ld: Action.cpp:(.text+0x182e): undefined reference to `Robot::JointData::GetEnable(int)'
[1.383s] /usr/bin/ld: Action.cpp:(.text+0x1beb): undefined reference to `Robot::JointData::GetEnable(int)'
[1.383s] /usr/bin/ld: CMakeFiles/action.dir/src/motion/modules/Action.cpp.o: in function `Robot::MotionModule::MotionModule()':
[1.383s] Action.cpp:(.text._ZN5Robot12MotionModuleC2Ev[_ZN5Robot12MotionModuleC5Ev]+0x2a): undefined reference to `Robot::JointData::JointData()'
[1.383s] /usr/bin/ld: CMakeFiles/action.dir/src/motion/modules/Action.cpp.o: in function `Robot::MotionModule::~MotionModule()':
[1.383s] Action.cpp:(.text._ZN5Robot12MotionModuleD2Ev[_ZN5Robot12MotionModuleD5Ev]+0x2a): undefined reference to `Robot::JointData::~JointData()'
[1.383s] collect2: error: ld returned 1 exit status
[1.383s] make[2]: *** [CMakeFiles/action.dir/build.make:181: action] Error 1
[1.384s] make[1]: *** [CMakeFiles/Makefile2:221: CMakeFiles/action.dir/all] Error 2
[1.384s] make: *** [Makefile:141: all] Error 2
[1.385s] Invoked command in '/home/robo/ROS2/walk_test/build/control' returned '2': CMAKE_PREFIX_PATH=/home/robo/ROS2/walk_test/install/dynamixel_sdk_custom_interfaces:/home/robo/ROS2/walk_test/install/control:/opt/ros/foxy LD_LIBRARY_PATH=/home/robo/ROS2/walk_test/install/dynamixel_sdk_custom_interfaces/lib:/home/robo/ROS2/walk_test/install/control/lib:/opt/ros/foxy/opt/yaml_cpp_vendor/lib:/opt/ros/foxy/opt/rviz_ogre_vendor/lib:/opt/ros/foxy/lib/x86_64-linux-gnu:/opt/ros/foxy/lib /usr/bin/cmake --build /home/robo/ROS2/walk_test/build/control -- -j12 -l12
