[01m[K/home/robo/ROS2/walk_test/src/control/src/action_editor/main.cpp:[m[K In member function â€˜[01m[Kint MinimalPublisher::process()[m[Kâ€™:
[01m[K/home/robo/ROS2/walk_test/src/control/src/action_editor/main.cpp:77:16:[m[K [01;35m[Kwarning: [m[Knon-ISO-standard escape sequence, '\e'
   77 |         printf([01;35m[K"Can not open \e[0;31m%s\e[0m\n"[m[K, filename);
      |                [01;35m[K^~~~~~~~~~~~~~~~~~~~~~~~~~~~~~~~[m[K
[01m[K/home/robo/ROS2/walk_test/src/control/src/action_editor/main.cpp:77:16:[m[K [01;35m[Kwarning: [m[Knon-ISO-standard escape sequence, '\e'
[01m[K/home/robo/ROS2/walk_test/src/control/src/action_editor/main.cpp:[m[K In function â€˜[01m[Kvoid sighandler(int)[m[Kâ€™:
[01m[K/home/robo/ROS2/walk_test/src/control/src/action_editor/main.cpp:327:21:[m[K [01;35m[Kwarning: [m[Kunused parameter â€˜[01m[Ksig[m[Kâ€™ [[01;35m[K-Wunused-parameter[m[K]
  327 | void sighandler([01;35m[Kint sig[m[K)
      |                 [01;35m[K~~~~^~~[m[K
[01m[K/home/robo/ROS2/walk_test/src/control/src/action_editor/main.cpp:[m[K In function â€˜[01m[Kint main(int, char**)[m[Kâ€™:
[01m[K/home/robo/ROS2/walk_test/src/control/src/action_editor/main.cpp:392:13:[m[K [01;35m[Kwarning: [m[Kvariable â€˜[01m[Kini[m[Kâ€™ set but not used [[01;35m[K-Wunused-but-set-variable[m[K]
  392 |     minIni* [01;35m[Kini[m[K;
      |             [01;35m[K^~~[m[K
/usr/bin/ld: CMakeFiles/action.dir/src/action_editor/main.cpp.o: in function `MinimalPublisher::process()':
main.cpp:(.text._ZN16MinimalPublisher7processEv[_ZN16MinimalPublisher7processEv]+0xa2): undefined reference to `Robot::Action::LoadFile(char*)'
collect2: error: ld returned 1 exit status
make[2]: *** [CMakeFiles/action.dir/build.make:167: action] Error 1
make[1]: *** [CMakeFiles/Makefile2:221: CMakeFiles/action.dir/all] Error 2
make: *** [Makefile:141: all] Error 2
