[0.009s] Invoking command in '/home/robo/ROS2/walk_test/build/control': CMAKE_PREFIX_PATH=/home/robo/ROS2/walk_test/install/dynamixel_sdk_custom_interfaces:/home/robo/ROS2/walk_test/install/control:/opt/ros/foxy LD_LIBRARY_PATH=/home/robo/ROS2/walk_test/install/dynamixel_sdk_custom_interfaces/lib:/home/robo/ROS2/walk_test/install/control/lib:/opt/ros/foxy/opt/yaml_cpp_vendor/lib:/opt/ros/foxy/opt/rviz_ogre_vendor/lib:/opt/ros/foxy/lib/x86_64-linux-gnu:/opt/ros/foxy/lib /usr/bin/cmake --build /home/robo/ROS2/walk_test/build/control -- -j12 -l12
[0.040s] [35m[1mScanning dependencies of target action[0m
[0.054s] [ 14%] Built target gait_publisher
[0.054s] [ 14%] Built target decision
[0.054s] [ 22%] Built target control
[0.058s] [ 85%] Built target motion
[0.064s] [ 88%] [32mBuilding CXX object CMakeFiles/action.dir/src/action_editor/cmd_process.cpp.o[0m
[1.018s] [01m[K/home/robo/ROS2/walk_test/src/control/src/action_editor/cmd_process.cpp:28:26:[m[K [01;35m[Kwarning: [m[Knon-ISO-standard escape sequence, '\e'
[1.018s]    28 | const std::string azul = [01;35m[K"\e[0;36m"[m[K;
[1.018s]       |                          [01;35m[K^~~~~~~~~~[m[K
[1.018s] [01m[K/home/robo/ROS2/walk_test/src/control/src/action_editor/cmd_process.cpp:29:27:[m[K [01;35m[Kwarning: [m[Knon-ISO-standard escape sequence, '\e'
[1.018s]    29 | const std::string azulE = [01;35m[K"\e[0;34m"[m[K;
[1.018s]       |                           [01;35m[K^~~~~~~~~~[m[K
[1.018s] [01m[K/home/robo/ROS2/walk_test/src/control/src/action_editor/cmd_process.cpp:30:27:[m[K [01;35m[Kwarning: [m[Knon-ISO-standard escape sequence, '\e'
[1.018s]    30 | const std::string amare = [01;35m[K"\e[0;33m"[m[K;
[1.018s]       |                           [01;35m[K^~~~~~~~~~[m[K
[1.019s] [01m[K/home/robo/ROS2/walk_test/src/control/src/action_editor/cmd_process.cpp:31:27:[m[K [01;35m[Kwarning: [m[Knon-ISO-standard escape sequence, '\e'
[1.019s]    31 | const std::string verde = [01;35m[K"\e[0;32m"[m[K;
[1.019s]       |                           [01;35m[K^~~~~~~~~~[m[K
[1.019s] [01m[K/home/robo/ROS2/walk_test/src/control/src/action_editor/cmd_process.cpp:32:25:[m[K [01;35m[Kwarning: [m[Knon-ISO-standard escape sequence, '\e'
[1.019s]    32 | const std::string red = [01;35m[K"\e[0;31m"[m[K;
[1.019s]       |                         [01;35m[K^~~~~~~~~~[m[K
[1.019s] [01m[K/home/robo/ROS2/walk_test/src/control/src/action_editor/cmd_process.cpp:33:26:[m[K [01;35m[Kwarning: [m[Knon-ISO-standard escape sequence, '\e'
[1.019s]    33 | const std::string gray = [01;35m[K"\e[0;37m"[m[K;
[1.019s]       |                          [01;35m[K^~~~~~~~~~[m[K
[1.019s] [01m[K/home/robo/ROS2/walk_test/src/control/src/action_editor/cmd_process.cpp:34:26:[m[K [01;35m[Kwarning: [m[Knon-ISO-standard escape sequence, '\e'
[1.019s]    34 | const std::string nulo = [01;35m[K"\e[0m"[m[K;
[1.019s]       |                          [01;35m[K^~~~~~~[m[K
[1.019s] [01m[K/home/robo/ROS2/walk_test/src/control/src/action_editor/cmd_process.cpp:36:27:[m[K [01;35m[Kwarning: [m[Knon-ISO-standard escape sequence, '\e'
[1.019s]    36 | const std::string Lazul = [01;35m[K"\e[96m"[m[K;
[1.019s]       |                           [01;35m[K^~~~~~~~[m[K
[1.019s] [01m[K/home/robo/ROS2/walk_test/src/control/src/action_editor/cmd_process.cpp:37:28:[m[K [01;35m[Kwarning: [m[Knon-ISO-standard escape sequence, '\e'
[1.019s]    37 | const std::string LazulE = [01;35m[K"\e[94m"[m[K;
[1.019s]       |                            [01;35m[K^~~~~~~~[m[K
[1.019s] [01m[K/home/robo/ROS2/walk_test/src/control/src/action_editor/cmd_process.cpp:38:28:[m[K [01;35m[Kwarning: [m[Knon-ISO-standard escape sequence, '\e'
[1.019s]    38 | const std::string Lamare = [01;35m[K"\e[93m"[m[K;
[1.019s]       |                            [01;35m[K^~~~~~~~[m[K
[1.020s] [01m[K/home/robo/ROS2/walk_test/src/control/src/action_editor/cmd_process.cpp:39:28:[m[K [01;35m[Kwarning: [m[Knon-ISO-standard escape sequence, '\e'
[1.020s]    39 | const std::string Lverde = [01;35m[K"\e[92m"[m[K;
[1.020s]       |                            [01;35m[K^~~~~~~~[m[K
[1.020s] [01m[K/home/robo/ROS2/walk_test/src/control/src/action_editor/cmd_process.cpp:40:26:[m[K [01;35m[Kwarning: [m[Knon-ISO-standard escape sequence, '\e'
[1.020s]    40 | const std::string Lred = [01;35m[K"\e[91m"[m[K;
[1.020s]       |                          [01;35m[K^~~~~~~~[m[K
[1.020s] [01m[K/home/robo/ROS2/walk_test/src/control/src/action_editor/cmd_process.cpp:41:27:[m[K [01;35m[Kwarning: [m[Knon-ISO-standard escape sequence, '\e'
[1.020s]    41 | const std::string Lgray = [01;35m[K"\e[97m"[m[K;
[1.020s]       |                           [01;35m[K^~~~~~~~[m[K
[1.020s] [01m[K/home/robo/ROS2/walk_test/src/control/src/action_editor/cmd_process.cpp:[m[K In function â€˜[01m[Kvoid ReadStep()[m[Kâ€™:
[1.020s] [01m[K/home/robo/ROS2/walk_test/src/control/src/action_editor/cmd_process.cpp:120:10:[m[K [01;35m[Kwarning: [m[Kunused variable â€˜[01m[Kvalue8[m[Kâ€™ [[01;35m[K-Wunused-variable[m[K]
[1.020s]   120 |  uint8_t [01;35m[Kvalue8[m[K;
[1.020s]       |          [01;35m[K^~~~~~[m[K
[1.020s] [01m[K/home/robo/ROS2/walk_test/src/control/src/action_editor/cmd_process.cpp:121:11:[m[K [01;35m[Kwarning: [m[Kunused variable â€˜[01m[Kvalue32[m[Kâ€™ [[01;35m[K-Wunused-variable[m[K]
[1.020s]   121 |  uint32_t [01;35m[Kvalue32[m[K;
[1.020s]       |           [01;35m[K^~~~~~~[m[K
[1.020s] [01m[K/home/robo/ROS2/walk_test/src/control/src/action_editor/cmd_process.cpp:[m[K In function â€˜[01m[Kvoid DrawIntro()[m[Kâ€™:
[1.020s] [01m[K/home/robo/ROS2/walk_test/src/control/src/action_editor/cmd_process.cpp:324:9:[m[K [01;35m[Kwarning: [m[Knon-ISO-standard escape sequence, '\e'
[1.020s]   324 |  system([01;35m[K"printf '\e[8;27;80t'"[m[K);
[1.020s]       |         [01;35m[K^~~~~~~~~~~~~~~~~~~~~~[m[K
[1.024s] [01m[K/home/robo/ROS2/walk_test/src/control/src/action_editor/cmd_process.cpp:[m[K In function â€˜[01m[Kvoid SetValue(uint32_t)[m[Kâ€™:
[1.024s] [01m[K/home/robo/ROS2/walk_test/src/control/src/action_editor/cmd_process.cpp:708:13:[m[K [01;35m[Kwarning: [m[Kcomparison of unsigned expression >= 0 is always true [[01;35m[K-Wtype-limits[m[K]
[1.024s]   708 |    if([01;35m[Kvalue >= 0[m[K && value <= 255)
[1.024s]       |       [01;35m[K~~~~~~^~~~[m[K
[1.024s] [01m[K/home/robo/ROS2/walk_test/src/control/src/action_editor/cmd_process.cpp:717:13:[m[K [01;35m[Kwarning: [m[Kcomparison of unsigned expression >= 0 is always true [[01;35m[K-Wtype-limits[m[K]
[1.024s]   717 |    if([01;35m[Kvalue >= 0[m[K && value <= 255)
[1.025s]       |       [01;35m[K~~~~~~^~~~[m[K
[1.025s] [01m[K/home/robo/ROS2/walk_test/src/control/src/action_editor/cmd_process.cpp:794:13:[m[K [01;35m[Kwarning: [m[Kcomparison of unsigned expression >= 0 is always true [[01;35m[K-Wtype-limits[m[K]
[1.025s]   794 |    if([01;35m[Kvalue >= 0[m[K && value <= 255)
[1.025s]       |       [01;35m[K~~~~~~^~~~[m[K
[1.025s] [01m[K/home/robo/ROS2/walk_test/src/control/src/action_editor/cmd_process.cpp:803:13:[m[K [01;35m[Kwarning: [m[Kcomparison of unsigned expression >= 0 is always true [[01;35m[K-Wtype-limits[m[K]
[1.025s]   803 |    if([01;35m[Kvalue >= 0[m[K && value <= 255)
[1.025s]       |       [01;35m[K~~~~~~^~~~[m[K
[1.025s] [01m[K/home/robo/ROS2/walk_test/src/control/src/action_editor/cmd_process.cpp:848:13:[m[K [01;35m[Kwarning: [m[Kcomparison of unsigned expression >= 0 is always true [[01;35m[K-Wtype-limits[m[K]
[1.025s]   848 |    if([01;35m[Kvalue >= 0[m[K && value <= 255)
[1.025s]       |       [01;35m[K~~~~~~^~~~[m[K
[1.025s] [01m[K/home/robo/ROS2/walk_test/src/control/src/action_editor/cmd_process.cpp:857:13:[m[K [01;35m[Kwarning: [m[Kcomparison of unsigned expression >= 0 is always true [[01;35m[K-Wtype-limits[m[K]
[1.025s]   857 |    if([01;35m[Kvalue >= 0[m[K && value <= Action::MAXNUM_STEP)
[1.025s]       |       [01;35m[K~~~~~~^~~~[m[K
[1.026s] [01m[K/home/robo/ROS2/walk_test/src/control/src/action_editor/cmd_process.cpp:873:13:[m[K [01;35m[Kwarning: [m[Kcomparison of unsigned expression >= 0 is always true [[01;35m[K-Wtype-limits[m[K]
[1.026s]   873 |    if([01;35m[Kvalue >= 0[m[K && value <= 255)
[1.026s]       |       [01;35m[K~~~~~~^~~~[m[K
[1.026s] [01m[K/home/robo/ROS2/walk_test/src/control/src/action_editor/cmd_process.cpp:882:13:[m[K [01;35m[Kwarning: [m[Kcomparison of unsigned expression >= 0 is always true [[01;35m[K-Wtype-limits[m[K]
[1.026s]   882 |    if([01;35m[Kvalue >= 0[m[K && value <= 255)
[1.026s]       |       [01;35m[K~~~~~~^~~~[m[K
[1.026s] [01m[K/home/robo/ROS2/walk_test/src/control/src/action_editor/cmd_process.cpp:891:13:[m[K [01;35m[Kwarning: [m[Kcomparison of unsigned expression >= 0 is always true [[01;35m[K-Wtype-limits[m[K]
[1.026s]   891 |    if([01;35m[Kvalue >= 0[m[K && value <= 255)
[1.026s]       |       [01;35m[K~~~~~~^~~~[m[K
[1.026s] [01m[K/home/robo/ROS2/walk_test/src/control/src/action_editor/cmd_process.cpp:900:13:[m[K [01;35m[Kwarning: [m[Kcomparison of unsigned expression >= 0 is always true [[01;35m[K-Wtype-limits[m[K]
[1.026s]   900 |    if([01;35m[Kvalue >= 0[m[K && value <= 255)
[1.027s]       |       [01;35m[K~~~~~~^~~~[m[K
[1.027s] [01m[K/home/robo/ROS2/walk_test/src/control/src/action_editor/cmd_process.cpp:[m[K In function â€˜[01m[Kvoid PlayCmd()[m[Kâ€™:
[1.027s] [01m[K/home/robo/ROS2/walk_test/src/control/src/action_editor/cmd_process.cpp:1048:6:[m[K [01;35m[Kwarning: [m[Kunused variable â€˜[01m[Kvalue[m[Kâ€™ [[01;35m[K-Wunused-variable[m[K]
[1.027s]  1048 |  int [01;35m[Kvalue[m[K;
[1.027s]       |      [01;35m[K^~~~~[m[K
[1.027s] [01m[K/home/robo/ROS2/walk_test/src/control/src/action_editor/cmd_process.cpp:[m[K In function â€˜[01m[Kvoid OnOffCmd(bool, int, int*)[m[Kâ€™:
[1.027s] [01m[K/home/robo/ROS2/walk_test/src/control/src/action_editor/cmd_process.cpp:1174:20:[m[K [01;35m[Kwarning: [m[Kunused parameter â€˜[01m[Kon[m[Kâ€™ [[01;35m[K-Wunused-parameter[m[K]
[1.027s]  1174 | void OnOffCmd([01;35m[Kbool on[m[K, int num_param, int *list)
[1.027s]       |               [01;35m[K~~~~~^~[m[K
[1.028s] [01m[K/home/robo/ROS2/walk_test/src/control/src/action_editor/cmd_process.cpp:1174:28:[m[K [01;35m[Kwarning: [m[Kunused parameter â€˜[01m[Knum_param[m[Kâ€™ [[01;35m[K-Wunused-parameter[m[K]
[1.028s]  1174 | void OnOffCmd(bool on, [01;35m[Kint num_param[m[K, int *list)
[1.028s]       |                        [01;35m[K~~~~^~~~~~~~~[m[K
[1.028s] [01m[K/home/robo/ROS2/walk_test/src/control/src/action_editor/cmd_process.cpp:1174:44:[m[K [01;35m[Kwarning: [m[Kunused parameter â€˜[01m[Klist[m[Kâ€™ [[01;35m[K-Wunused-parameter[m[K]
[1.028s]  1174 | void OnOffCmd(bool on, int num_param, [01;35m[Kint *list[m[K)
[1.028s]       |                                       [01;35m[K~~~~~^~~~[m[K
[1.028s] [01m[K/home/robo/ROS2/walk_test/src/control/src/action_editor/cmd_process.cpp:[m[K In function â€˜[01m[Kvoid GoCmd(int)[m[Kâ€™:
[1.028s] [01m[K/home/robo/ROS2/walk_test/src/control/src/action_editor/cmd_process.cpp:1374:6:[m[K [01;35m[Kwarning: [m[Kunused variable â€˜[01m[Kn[m[Kâ€™ [[01;35m[K-Wunused-variable[m[K]
[1.028s]  1374 |  int [01;35m[Kn[m[K = 0;
[1.028s]       |      [01;35m[K^[m[K
[1.028s] [01m[K/home/robo/ROS2/walk_test/src/control/src/action_editor/cmd_process.cpp:1375:10:[m[K [01;35m[Kwarning: [m[Kunused variable â€˜[01m[Kparam[m[Kâ€™ [[01;35m[K-Wunused-variable[m[K]
[1.028s]  1375 |  uint8_t [01;35m[Kparam[m[K[JointData::NUMBER_OF_JOINTS * (1 + MX28::PARAM_BYTES)];
[1.029s]       |          [01;35m[K^~~~~[m[K
[1.029s] [01m[K/home/robo/ROS2/walk_test/src/control/src/action_editor/cmd_process.cpp:1376:11:[m[K [01;35m[Kwarning: [m[Kunused variable â€˜[01m[KwGoalPosition[m[Kâ€™ [[01;35m[K-Wunused-variable[m[K]
[1.029s]  1376 |  uint32_t [01;35m[KwGoalPosition[m[K, wStartPosition, wDistance;
[1.029s]       |           [01;35m[K^~~~~~~~~~~~~[m[K
[1.029s] [01m[K/home/robo/ROS2/walk_test/src/control/src/action_editor/cmd_process.cpp:1376:26:[m[K [01;35m[Kwarning: [m[Kunused variable â€˜[01m[KwStartPosition[m[Kâ€™ [[01;35m[K-Wunused-variable[m[K]
[1.029s]  1376 |  uint32_t wGoalPosition, [01;35m[KwStartPosition[m[K, wDistance;
[1.029s]       |                          [01;35m[K^~~~~~~~~~~~~~[m[K
[1.029s] [01m[K/home/robo/ROS2/walk_test/src/control/src/action_editor/cmd_process.cpp:1376:42:[m[K [01;35m[Kwarning: [m[Kunused variable â€˜[01m[KwDistance[m[Kâ€™ [[01;35m[K-Wunused-variable[m[K]
[1.029s]  1376 |  uint32_t wGoalPosition, wStartPosition, [01;35m[KwDistance[m[K;
[1.029s]       |                                          [01;35m[K^~~~~~~~~[m[K
[1.029s] [01m[K/home/robo/ROS2/walk_test/src/control/src/action_editor/cmd_process.cpp:[m[K In function â€˜[01m[Kvoid readServo()[m[Kâ€™:
[1.029s] [01m[K/home/robo/ROS2/walk_test/src/control/src/action_editor/cmd_process.cpp:1460:11:[m[K [01;35m[Kwarning: [m[Kunused variable â€˜[01m[Kvalue[m[Kâ€™ [[01;35m[K-Wunused-variable[m[K]
[1.029s]  1460 |  uint32_t [01;35m[Kvalue[m[K;
[1.030s]       |           [01;35m[K^~~~~[m[K
[1.030s] [01m[K/home/robo/ROS2/walk_test/src/control/src/action_editor/cmd_process.cpp:[m[K In function â€˜[01m[Kvoid NameCmd()[m[Kâ€™:
[1.030s] [01m[K/home/robo/ROS2/walk_test/src/control/src/action_editor/cmd_process.cpp:1476:12:[m[K [01;31m[Kerror: [m[Ktoo few arguments to function â€˜[01m[Kchar* fgets(char*, int, FILE*)[m[Kâ€™
[1.030s]  1476 |  fgets(name[01;31m[K)[m[K;
[1.030s]       |            [01;31m[K^[m[K
[1.030s] In file included from [01m[K/home/robo/ROS2/walk_test/src/control/src/action_editor/cmd_process.cpp:1[m[K:
[1.030s] [01m[K/usr/include/stdio.h:564:14:[m[K [01;36m[Knote: [m[Kdeclared here
[1.030s]   564 | extern char *[01;36m[Kfgets[m[K (char *__restrict __s, int __n, FILE *__restrict __stream)
[1.030s]       |              [01;36m[K^~~~~[m[K
[1.289s] make[2]: *** [CMakeFiles/action.dir/build.make:89: CMakeFiles/action.dir/src/action_editor/cmd_process.cpp.o] Error 1
[1.289s] make[1]: *** [CMakeFiles/Makefile2:221: CMakeFiles/action.dir/all] Error 2
[1.289s] make: *** [Makefile:141: all] Error 2
[1.291s] Invoked command in '/home/robo/ROS2/walk_test/build/control' returned '2': CMAKE_PREFIX_PATH=/home/robo/ROS2/walk_test/install/dynamixel_sdk_custom_interfaces:/home/robo/ROS2/walk_test/install/control:/opt/ros/foxy LD_LIBRARY_PATH=/home/robo/ROS2/walk_test/install/dynamixel_sdk_custom_interfaces/lib:/home/robo/ROS2/walk_test/install/control/lib:/opt/ros/foxy/opt/yaml_cpp_vendor/lib:/opt/ros/foxy/opt/rviz_ogre_vendor/lib:/opt/ros/foxy/lib/x86_64-linux-gnu:/opt/ros/foxy/lib /usr/bin/cmake --build /home/robo/ROS2/walk_test/build/control -- -j12 -l12
