[0.011s] Invoking command in '/home/robo/ROS2/um7/build/um7': CMAKE_PREFIX_PATH=/opt/ros/foxy /usr/bin/cmake --build /home/robo/ROS2/um7/build/um7 -- -j12 -l12
[0.031s] -- Found ament_cmake: 0.9.9 (/opt/ros/foxy/share/ament_cmake/cmake)
[0.047s] -- Found PythonInterp: /usr/bin/python3 (found suitable version "3.8.10", minimum required is "3") 
[0.047s] -- Using PYTHON_EXECUTABLE: /usr/bin/python3
[0.178s] -- Override CMake install command with custom implementation using symlinks instead of copying resources
[0.183s] -- Found rclcpp: 2.4.1 (/opt/ros/foxy/share/rclcpp/cmake)
[0.211s] -- Using all available rosidl_typesupport_c: rosidl_typesupport_fastrtps_c;rosidl_typesupport_introspection_c
[0.213s] -- Found rosidl_adapter: 1.2.1 (/opt/ros/foxy/share/rosidl_adapter/cmake)
[0.307s] -- Using all available rosidl_typesupport_cpp: rosidl_typesupport_fastrtps_cpp;rosidl_typesupport_introspection_cpp
[0.347s] -- Found rmw_implementation_cmake: 1.0.3 (/opt/ros/foxy/share/rmw_implementation_cmake/cmake)
[0.348s] -- Using RMW implementation 'rmw_fastrtps_cpp' as default
[0.463s] -- Found rclcpp_components: 2.4.1 (/opt/ros/foxy/share/rclcpp_components/cmake)
[0.507s] -- Found rosidl_default_generators: 1.0.1 (/opt/ros/foxy/share/rosidl_default_generators/cmake)
[0.515s] -- Found sensor_msgs: 2.0.5 (/opt/ros/foxy/share/sensor_msgs/cmake)
[0.623s] -- Found PythonInterp: /usr/bin/python3 (found version "3.8.10") 
[0.712s] -- Found ament_cmake_ros: 0.9.2 (/opt/ros/foxy/share/ament_cmake_ros/cmake)
[0.787s] -- Using all available rosidl_typesupport_c: rosidl_typesupport_fastrtps_c;rosidl_typesupport_introspection_c
[0.792s] -- Using all available rosidl_typesupport_cpp: rosidl_typesupport_fastrtps_cpp;rosidl_typesupport_introspection_cpp
[0.810s] -- Found PythonInterp: /usr/bin/python3 (found suitable version "3.8.10", minimum required is "3.5") 
[0.810s] -- Found python_cmake_module: 0.8.1 (/opt/ros/foxy/share/python_cmake_module/cmake)
[0.827s] -- Using PYTHON_EXECUTABLE: /usr/bin/python3
[0.827s] -- Using PYTHON_INCLUDE_DIRS: /usr/include/python3.8
[0.827s] -- Using PYTHON_LIBRARIES: /usr/lib/x86_64-linux-gnu/libpython3.8.so
[0.842s] -- Found gtest sources under '/opt/ros/foxy/src/gtest_vendor': C++ tests using 'Google Test' will be built
[0.857s] -- Configuring done
[0.896s] -- Generating done
[0.899s] -- Build files have been written to: /home/robo/ROS2/um7/build/um7
[0.927s] [  8%] Built target gtest_main
[0.927s] [ 10%] Built target um7__rosidl_generator_c
[0.928s] [ 12%] Built target um7__cpp
[0.928s] [ 16%] Built target gtest
[0.938s] [ 20%] Built target um7_node
[0.945s] [ 27%] Built target um7__rosidl_typesupport_cpp
[0.945s] [ 33%] Built target um7__rosidl_typesupport_introspection_c
[0.946s] [ 39%] Built target um7__rosidl_typesupport_c
[0.948s] [ 45%] Built target um7__rosidl_typesupport_introspection_cpp
[0.949s] [ 52%] Built target um7__rosidl_typesupport_fastrtps_cpp
[0.951s] [ 54%] [32m[1mLinking CXX executable um7_test_comms[0m
[0.951s] [ 60%] Built target um7_test_registers
[0.968s] [ 66%] Built target um7__rosidl_typesupport_fastrtps_c
[0.982s] [ 66%] Built target um7
[0.991s] [35m[1mScanning dependencies of target um7_driver[0m
[0.998s] [ 68%] Built target um7__py
[1.013s] [ 70%] [32mBuilding CXX object CMakeFiles/um7_driver.dir/src/main.cpp.o[0m
[1.018s] [ 75%] Built target um7__python
[1.038s] [ 83%] Built target um7__rosidl_typesupport_fastrtps_c__pyext
[1.038s] [ 83%] Built target um7__rosidl_typesupport_c__pyext
[1.039s] [ 87%] Built target um7__rosidl_typesupport_introspection_c__pyext
[1.075s] /usr/bin/ld: CMakeFiles/um7_test_comms.dir/test/test_comms.cpp.o: in function `FakeSerial::SetUp()':
[1.076s] test_comms.cpp:(.text._ZN10FakeSerial5SetUpEv[_ZN10FakeSerial5SetUpEv]+0x3ee): undefined reference to `serial::Serial::setPort(std::__cxx11::basic_string<char, std::char_traits<char>, std::allocator<char> > const&)'
[1.076s] /usr/bin/ld: test_comms.cpp:(.text._ZN10FakeSerial5SetUpEv[_ZN10FakeSerial5SetUpEv]+0x416): undefined reference to `serial::Serial::open()'
[1.076s] /usr/bin/ld: test_comms.cpp:(.text._ZN10FakeSerial5SetUpEv[_ZN10FakeSerial5SetUpEv]+0x426): undefined reference to `serial::Serial::isOpen() const'
[1.076s] /usr/bin/ld: CMakeFiles/um7_test_comms.dir/test/test_comms.cpp.o: in function `FakeSerial::TearDown()':
[1.076s] test_comms.cpp:(.text._ZN10FakeSerial8TearDownEv[_ZN10FakeSerial8TearDownEv]+0x1c): undefined reference to `serial::Serial::close()'
[1.076s] /usr/bin/ld: CMakeFiles/um7_test_comms.dir/test/test_comms.cpp.o: in function `FakeSerial::FakeSerial()':
[1.076s] test_comms.cpp:(.text._ZN10FakeSerialC2Ev[_ZN10FakeSerialC5Ev]+0xc8): undefined reference to `serial::Serial::Serial(std::__cxx11::basic_string<char, std::char_traits<char>, std::allocator<char> > const&, unsigned int, serial::Timeout, serial::bytesize_t, serial::parity_t, serial::stopbits_t, serial::flowcontrol_t)'
[1.076s] /usr/bin/ld: CMakeFiles/um7_test_comms.dir/test/test_comms.cpp.o: in function `FakeSerial::~FakeSerial()':
[1.077s] test_comms.cpp:(.text._ZN10FakeSerialD2Ev[_ZN10FakeSerialD5Ev]+0x2a): undefined reference to `serial::Serial::~Serial()'
[1.077s] /usr/bin/ld: CMakeFiles/um7_test_comms.dir/src/comms.cpp.o: in function `um7::Comms::receive(um7::Registers*)':
[1.077s] comms.cpp:(.text+0x3e): undefined reference to `serial::Serial::available()'
[1.077s] /usr/bin/ld: comms.cpp:(.text+0x65): undefined reference to `serial::Serial::flushInput()'
[1.077s] /usr/bin/ld: comms.cpp:(.text+0x84): undefined reference to `serial::Serial::read(unsigned char*, unsigned long)'
[1.077s] /usr/bin/ld: comms.cpp:(.text+0x114): undefined reference to `serial::Serial::readline(std::__cxx11::basic_string<char, std::char_traits<char>, std::allocator<char> >&, unsigned long, std::__cxx11::basic_string<char, std::char_traits<char>, std::allocator<char> >)'
[1.077s] /usr/bin/ld: comms.cpp:(.text+0x1ad): undefined reference to `serial::Serial::read(unsigned char*, unsigned long)'
[1.077s] /usr/bin/ld: comms.cpp:(.text+0x20c): undefined reference to `serial::Serial::read(unsigned char*, unsigned long)'
[1.077s] /usr/bin/ld: comms.cpp:(.text+0x2f0): undefined reference to `serial::Serial::read(std::__cxx11::basic_string<char, std::char_traits<char>, std::allocator<char> >&, unsigned long)'
[1.077s] /usr/bin/ld: comms.cpp:(.text+0x4cb): undefined reference to `serial::Serial::read(unsigned char*, unsigned long)'
[1.077s] /usr/bin/ld: CMakeFiles/um7_test_comms.dir/src/comms.cpp.o: in function `um7::Comms::send(um7::Accessor_ const&) const':
[1.078s] comms.cpp:(.text+0xc24): undefined reference to `serial::Serial::write(std::__cxx11::basic_string<char, std::char_traits<char>, std::allocator<char> > const&)'
[1.078s] collect2: error: ld returned 1 exit status
[1.078s] make[2]: *** [CMakeFiles/um7_test_comms.dir/build.make:182: um7_test_comms] Error 1
[1.078s] make[1]: *** [CMakeFiles/Makefile2:152: CMakeFiles/um7_test_comms.dir/all] Error 2
[1.078s] make[1]: *** Waiting for unfinished jobs....
[4.438s] [ 89%] [32m[1mLinking CXX shared library libum7_driver.so[0m
[4.622s] [ 93%] Built target um7_driver
[4.622s] make: *** [Makefile:141: all] Error 2
[4.624s] Invoked command in '/home/robo/ROS2/um7/build/um7' returned '2': CMAKE_PREFIX_PATH=/opt/ros/foxy /usr/bin/cmake --build /home/robo/ROS2/um7/build/um7 -- -j12 -l12
