[0.008s] Invoking command in '/home/robo/ROS2/walk_test/build/control': CMAKE_PREFIX_PATH=/home/robo/ROS2/walk_test/install/dynamixel_sdk_custom_interfaces:/home/robo/ROS2/walk_test/install/control:/opt/ros/foxy LD_LIBRARY_PATH=/home/robo/ROS2/walk_test/install/dynamixel_sdk_custom_interfaces/lib:/home/robo/ROS2/walk_test/install/control/lib:/opt/ros/foxy/opt/yaml_cpp_vendor/lib:/opt/ros/foxy/opt/rviz_ogre_vendor/lib:/opt/ros/foxy/lib/x86_64-linux-gnu:/opt/ros/foxy/lib /usr/bin/cmake --build /home/robo/ROS2/walk_test/build/control -- -j12 -l12
[0.042s] [35m[1mScanning dependencies of target motion[0m
[0.054s] [ 19%] Built target decision
[0.054s] [ 19%] Built target gait_publisher
[0.055s] [ 28%] Built target control
[0.066s] [ 33%] [32mBuilding CXX object CMakeFiles/motion.dir/src/motion/MotionManager.cpp.o[0m
[1.013s] In file included from [01m[K/home/robo/ROS2/walk_test/src/control/src/motion/MotionManager.cpp:25[m[K:
[1.013s] [01m[K/home/robo/ROS2/walk_test/src/control/include/MotionManager.h:[m[K In constructor â€˜[01m[KRobot::MotionManager::MotionManager(const rclcpp::NodeOptions&)[m[Kâ€™:
[1.013s] [01m[K/home/robo/ROS2/walk_test/src/control/include/MotionManager.h:77:8:[m[K [01;35m[Kwarning: [m[Kâ€˜[01m[KRobot::MotionManager::DEBUG_PRINT[m[Kâ€™ will be initialized after [[01;35m[K-Wreorder[m[K]
[1.013s]    77 |   bool [01;35m[KDEBUG_PRINT[m[K;
[1.013s]       |        [01;35m[K^~~~~~~~~~~[m[K
[1.013s] [01m[K/home/robo/ROS2/walk_test/src/control/src/motion/MotionManager.cpp:60:41:[m[K [01;35m[Kwarning: [m[K  base â€˜[01m[Krclcpp::Node[m[Kâ€™ [[01;35m[K-Wreorder[m[K]
[1.013s]    60 |   rclcpp::Node("gait_publisher", options[01;35m[K)[m[K
[1.013s]       |                                         [01;35m[K^[m[K
[1.013s] [01m[K/home/robo/ROS2/walk_test/src/control/src/motion/MotionManager.cpp:51:1:[m[K [01;35m[Kwarning: [m[K  when initialized here [[01;35m[K-Wreorder[m[K]
[1.014s]    51 | [01;35m[KMotionManager[m[K::MotionManager(const rclcpp::NodeOptions & options) :
[1.014s]       | [01;35m[K^~~~~~~~~~~~~[m[K
[1.027s] [01m[K/home/robo/ROS2/walk_test/src/control/src/motion/MotionManager.cpp:[m[K In member function â€˜[01m[Kvoid Robot::MotionManager::topic_callback(std::shared_ptr<sensor_msgs::msg::Imu_<std::allocator<void> > >) const[m[Kâ€™:
[1.028s] [01m[K/home/robo/ROS2/walk_test/src/control/src/motion/MotionManager.cpp:89:15:[m[K [01;35m[Kwarning: [m[Kunused variable â€˜[01m[KIMU_GYRO_X[m[Kâ€™ [[01;35m[K-Wunused-variable[m[K]
[1.028s]    89 |         float [01;35m[KIMU_GYRO_X[m[K = -imu_msg_->angular_velocity.x/10;
[1.028s]       |               [01;35m[K^~~~~~~~~~[m[K
[1.028s] [01m[K/home/robo/ROS2/walk_test/src/control/src/motion/MotionManager.cpp:90:15:[m[K [01;35m[Kwarning: [m[Kunused variable â€˜[01m[KIMU_GYRO_Y[m[Kâ€™ [[01;35m[K-Wunused-variable[m[K]
[1.028s]    90 |         float [01;35m[KIMU_GYRO_Y[m[K  = -imu_msg_->angular_velocity.y/10;
[1.028s]       |               [01;35m[K^~~~~~~~~~[m[K
[1.028s] [01m[K/home/robo/ROS2/walk_test/src/control/src/motion/MotionManager.cpp:[m[K In member function â€˜[01m[Kbool Robot::MotionManager::Initialize(bool)[m[Kâ€™:
[1.028s] [01m[K/home/robo/ROS2/walk_test/src/control/src/motion/MotionManager.cpp:96:6:[m[K [01;35m[Kwarning: [m[Kunused variable â€˜[01m[Kvalue[m[Kâ€™ [[01;35m[K-Wunused-variable[m[K]
[1.028s]    96 |  int [01;35m[Kvalue[m[K, error;
[1.028s]       |      [01;35m[K^~~~~[m[K
[1.028s] [01m[K/home/robo/ROS2/walk_test/src/control/src/motion/MotionManager.cpp:96:13:[m[K [01;35m[Kwarning: [m[Kunused variable â€˜[01m[Kerror[m[Kâ€™ [[01;35m[K-Wunused-variable[m[K]
[1.028s]    96 |  int value, [01;35m[Kerror[m[K;
[1.028s]       |             [01;35m[K^~~~~[m[K
[1.028s] [01m[K/home/robo/ROS2/walk_test/src/control/src/motion/MotionManager.cpp:[m[K In member function â€˜[01m[Kbool Robot::MotionManager::Reinitialize()[m[Kâ€™:
[1.028s] [01m[K/home/robo/ROS2/walk_test/src/control/src/motion/MotionManager.cpp:155:6:[m[K [01;35m[Kwarning: [m[Kunused variable â€˜[01m[Kvalue[m[Kâ€™ [[01;35m[K-Wunused-variable[m[K]
[1.029s]   155 |  int [01;35m[Kvalue[m[K, error;
[1.029s]       |      [01;35m[K^~~~~[m[K
[1.029s] [01m[K/home/robo/ROS2/walk_test/src/control/src/motion/MotionManager.cpp:155:13:[m[K [01;35m[Kwarning: [m[Kunused variable â€˜[01m[Kerror[m[Kâ€™ [[01;35m[K-Wunused-variable[m[K]
[1.029s]   155 |  int value, [01;35m[Kerror[m[K;
[1.029s]       |             [01;35m[K^~~~~[m[K
[1.030s] [01m[K/home/robo/ROS2/walk_test/src/control/src/motion/MotionManager.cpp:[m[K In member function â€˜[01m[Kvoid Robot::MotionManager::Process()[m[Kâ€™:
[1.030s] [01m[K/home/robo/ROS2/walk_test/src/control/src/motion/MotionManager.cpp:261:48:[m[K [01;31m[Kerror: [m[Kexpected â€˜[01m[K;[m[Kâ€™ before â€˜[01m[Kmessage_single[m[Kâ€™
[1.030s]   261 |   message_single.address = MX28::P_GOAL_CURRENT
[1.030s]       |                                                [01;31m[K^[m[K
[1.030s]       |                                                [32m[K;[m[K
[1.030s]   262 |   [32m[Kmessage_single[m[K.position = m_torque_count;
[1.030s]       |   [32m[K~~~~~~~~~~~~~~[m[K                                
[1.035s] [01m[K/home/robo/ROS2/walk_test/src/control/src/motion/MotionManager.cpp:269:49:[m[K [01;31m[Kerror: [m[Kexpected â€˜[01m[K;[m[Kâ€™ before â€˜[01m[Kmessage_single[m[Kâ€™
[1.035s]   269 |    message_single.address = MX28::P_GOAL_CURRENT
[1.035s]       |                                                 [01;31m[K^[m[K
[1.035s]       |                                                 [32m[K;[m[K
[1.035s]   270 |    [32m[Kmessage_single[m[K.position = 1941;
[1.035s]       |    [32m[K~~~~~~~~~~~~~~[m[K                                
[1.035s] [01m[K/home/robo/ROS2/walk_test/src/control/src/motion/MotionManager.cpp:274:49:[m[K [01;31m[Kerror: [m[Kexpected â€˜[01m[K;[m[Kâ€™ before â€˜[01m[Kmessage_single[m[Kâ€™
[1.035s]   274 |    message_single.address = MX28::P_GOAL_CURRENT
[1.035s]       |                                                 [01;31m[K^[m[K
[1.035s]       |                                                 [32m[K;[m[K
[1.035s]   275 |    [32m[Kmessage_single[m[K.position = 1941;
[1.035s]       |    [32m[K~~~~~~~~~~~~~~[m[K                                
[1.035s] [01m[K/home/robo/ROS2/walk_test/src/control/src/motion/MotionManager.cpp:279:49:[m[K [01;31m[Kerror: [m[Kexpected â€˜[01m[K;[m[Kâ€™ before â€˜[01m[Kmessage_single[m[Kâ€™
[1.035s]   279 |    message_single.address = MX28::P_GOAL_CURRENT
[1.035s]       |                                                 [01;31m[K^[m[K
[1.035s]       |                                                 [32m[K;[m[K
[1.035s]   280 |    [32m[Kmessage_single[m[K.position = 1941;
[1.035s]       |    [32m[K~~~~~~~~~~~~~~[m[K                                
[1.035s] [01m[K/home/robo/ROS2/walk_test/src/control/src/motion/MotionManager.cpp:284:49:[m[K [01;31m[Kerror: [m[Kexpected â€˜[01m[K;[m[Kâ€™ before â€˜[01m[Kmessage_single[m[Kâ€™
[1.035s]   284 |    message_single.address = MX28::P_GOAL_CURRENT
[1.036s]       |                                                 [01;31m[K^[m[K
[1.036s]       |                                                 [32m[K;[m[K
[1.036s]   285 |    [32m[Kmessage_single[m[K.position = 1941;
[1.036s]       |    [32m[K~~~~~~~~~~~~~~[m[K                                
[1.040s] [01m[K/home/robo/ROS2/walk_test/src/control/src/motion/MotionManager.cpp:339:6:[m[K [01;35m[Kwarning: [m[Kunused variable â€˜[01m[Kjoint_num[m[Kâ€™ [[01;35m[K-Wunused-variable[m[K]
[1.040s]   339 |  int [01;35m[Kjoint_num[m[K = 0;
[1.040s]       |      [01;35m[K^~~~~~~~~[m[K
[2.334s] make[2]: *** [CMakeFiles/motion.dir/build.make:63: CMakeFiles/motion.dir/src/motion/MotionManager.cpp.o] Error 1
[2.334s] make[1]: *** [CMakeFiles/Makefile2:165: CMakeFiles/motion.dir/all] Error 2
[2.334s] make: *** [Makefile:141: all] Error 2
[2.335s] Invoked command in '/home/robo/ROS2/walk_test/build/control' returned '2': CMAKE_PREFIX_PATH=/home/robo/ROS2/walk_test/install/dynamixel_sdk_custom_interfaces:/home/robo/ROS2/walk_test/install/control:/opt/ros/foxy LD_LIBRARY_PATH=/home/robo/ROS2/walk_test/install/dynamixel_sdk_custom_interfaces/lib:/home/robo/ROS2/walk_test/install/control/lib:/opt/ros/foxy/opt/yaml_cpp_vendor/lib:/opt/ros/foxy/opt/rviz_ogre_vendor/lib:/opt/ros/foxy/lib/x86_64-linux-gnu:/opt/ros/foxy/lib /usr/bin/cmake --build /home/robo/ROS2/walk_test/build/control -- -j12 -l12
