[35m[1mScanning dependencies of target control[0m
[35m[1mScanning dependencies of target motion[0m
[ 18%] Built target decision
[ 18%] Built target gait_publisher
[ 22%] [32mBuilding CXX object CMakeFiles/control.dir/src/control.cpp.o[0m
[ 27%] [32mBuilding CXX object CMakeFiles/motion.dir/src/GaitMove.cpp.o[0m
In file included from [01m[K/home/robo/ROS2/walk_test/src/control/src/control.cpp:26[m[K:
[01m[K/home/robo/ROS2/walk_test/src/control/include/GaitMove.hpp:24:10:[m[K [01;31m[Kfatal error: [m[KReadConfig.hpp: No such file or directory
   24 | #include [01;31m[K"ReadConfig.hpp"[m[K
      |          [01;31m[K^~~~~~~~~~~~~~~~[m[K
compilation terminated.
make[2]: *** [CMakeFiles/control.dir/build.make:63: CMakeFiles/control.dir/src/control.cpp.o] Error 1
make[1]: *** [CMakeFiles/Makefile2:111: CMakeFiles/control.dir/all] Error 2
make[1]: *** Waiting for unfinished jobs....
In file included from [01m[K/home/robo/ROS2/walk_test/src/control/src/GaitMove.cpp:22[m[K:
[01m[K/home/robo/ROS2/walk_test/src/control/include/GaitMove.hpp:24:10:[m[K [01;31m[Kfatal error: [m[KReadConfig.hpp: No such file or directory
   24 | #include [01;31m[K"ReadConfig.hpp"[m[K
      |          [01;31m[K^~~~~~~~~~~~~~~~[m[K
compilation terminated.
make[2]: *** [CMakeFiles/motion.dir/build.make:245: CMakeFiles/motion.dir/src/GaitMove.cpp.o] Error 1
make[1]: *** [CMakeFiles/Makefile2:165: CMakeFiles/motion.dir/all] Error 2
make: *** [Makefile:141: all] Error 2
