[0.017s] Invoking command in '/home/robofei/Desktop/ROS2/walk_test/build/control': CMAKE_PREFIX_PATH=/home/robofei/Desktop/ROS2/walk_test/install/dynamixel_sdk_custom_interfaces:/home/robofei/Desktop/ROS2/walk_test/install/control:/opt/ros/foxy LD_LIBRARY_PATH=/home/robofei/Desktop/ROS2/walk_test/install/dynamixel_sdk_custom_interfaces/lib:/home/robofei/Desktop/ROS2/walk_test/install/control/lib:/opt/ros/foxy/opt/yaml_cpp_vendor/lib:/opt/ros/foxy/opt/rviz_ogre_vendor/lib:/opt/ros/foxy/lib/x86_64-linux-gnu:/opt/ros/foxy/lib /usr/bin/cmake --build /home/robofei/Desktop/ROS2/walk_test/build/control -- -j4 -l4
[0.089s] [35m[1mScanning dependencies of target motion[0m
[0.115s] [  8%] Built target control
[0.121s] [ 17%] Built target decision
[0.125s] [ 26%] Built target gait_publisher
[0.151s] [ 30%] [32mBuilding CXX object CMakeFiles/motion.dir/src/motion/MotionManager.cpp.o[0m
[1.698s] In file included from [01m[K/home/robofei/Desktop/ROS2/walk_test/src/control/src/motion/MotionManager.cpp:25[m[K:
[1.698s] [01m[K/home/robofei/Desktop/ROS2/walk_test/src/control/include/MotionManager.h:[m[K In constructor â€˜[01m[KRobot::MotionManager::MotionManager(const rclcpp::NodeOptions&)[m[Kâ€™:
[1.698s] [01m[K/home/robofei/Desktop/ROS2/walk_test/src/control/include/MotionManager.h:86:8:[m[K [01;35m[Kwarning: [m[Kâ€˜[01m[KRobot::MotionManager::DEBUG_PRINT[m[Kâ€™ will be initialized after [[01;35m[K-Wreorder[m[K]
[1.698s]    86 |   bool [01;35m[KDEBUG_PRINT[m[K;
[1.698s]       |        [01;35m[K^~~~~~~~~~~[m[K
[1.699s] [01m[K/home/robofei/Desktop/ROS2/walk_test/src/control/src/motion/MotionManager.cpp:67:41:[m[K [01;35m[Kwarning: [m[K  base â€˜[01m[Krclcpp::Node[m[Kâ€™ [[01;35m[K-Wreorder[m[K]
[1.699s]    67 |   rclcpp::Node("gait_publisher", options[01;35m[K)[m[K
[1.699s]       |                                         [01;35m[K^[m[K
[1.699s] [01m[K/home/robofei/Desktop/ROS2/walk_test/src/control/src/motion/MotionManager.cpp:59:1:[m[K [01;35m[Kwarning: [m[K  when initialized here [[01;35m[K-Wreorder[m[K]
[1.699s]    59 | [01;35m[KMotionManager[m[K::MotionManager(const rclcpp::NodeOptions & options) :
[1.699s]       | [01;35m[K^~~~~~~~~~~~~[m[K
[1.732s] [01m[K/home/robofei/Desktop/ROS2/walk_test/src/control/src/motion/MotionManager.cpp:[m[K In member function â€˜[01m[Kvoid Robot::MotionManager::topic_callback(std::shared_ptr<sensor_msgs::msg::Imu_<std::allocator<void> > >) const[m[Kâ€™:
[1.732s] [01m[K/home/robofei/Desktop/ROS2/walk_test/src/control/src/motion/MotionManager.cpp:99:15:[m[K [01;35m[Kwarning: [m[Kunused variable â€˜[01m[KIMU_GYRO_X[m[Kâ€™ [[01;35m[K-Wunused-variable[m[K]
[1.732s]    99 |         float [01;35m[KIMU_GYRO_X[m[K = -imu_msg_->angular_velocity.x/10;
[1.732s]       |               [01;35m[K^~~~~~~~~~[m[K
[1.733s] [01m[K/home/robofei/Desktop/ROS2/walk_test/src/control/src/motion/MotionManager.cpp:100:15:[m[K [01;35m[Kwarning: [m[Kunused variable â€˜[01m[KIMU_GYRO_Y[m[Kâ€™ [[01;35m[K-Wunused-variable[m[K]
[1.733s]   100 |         float [01;35m[KIMU_GYRO_Y[m[K  = -imu_msg_->angular_velocity.y/10;
[1.733s]       |               [01;35m[K^~~~~~~~~~[m[K
[1.737s] [01m[K/home/robofei/Desktop/ROS2/walk_test/src/control/src/motion/MotionManager.cpp:[m[K In member function â€˜[01m[Kbool Robot::MotionManager::Initialize(bool)[m[Kâ€™:
[1.738s] [01m[K/home/robofei/Desktop/ROS2/walk_test/src/control/src/motion/MotionManager.cpp:161:6:[m[K [01;35m[Kwarning: [m[Kunused variable â€˜[01m[Kvalue[m[Kâ€™ [[01;35m[K-Wunused-variable[m[K]
[1.738s]   161 |  int [01;35m[Kvalue[m[K, error;
[1.738s]       |      [01;35m[K^~~~~[m[K
[1.738s] [01m[K/home/robofei/Desktop/ROS2/walk_test/src/control/src/motion/MotionManager.cpp:161:13:[m[K [01;35m[Kwarning: [m[Kunused variable â€˜[01m[Kerror[m[Kâ€™ [[01;35m[K-Wunused-variable[m[K]
[1.738s]   161 |  int value, [01;35m[Kerror[m[K;
[1.738s]       |             [01;35m[K^~~~~[m[K
[1.738s] [01m[K/home/robofei/Desktop/ROS2/walk_test/src/control/src/motion/MotionManager.cpp:[m[K In member function â€˜[01m[Kbool Robot::MotionManager::Reinitialize()[m[Kâ€™:
[1.739s] [01m[K/home/robofei/Desktop/ROS2/walk_test/src/control/src/motion/MotionManager.cpp:247:6:[m[K [01;35m[Kwarning: [m[Kunused variable â€˜[01m[Kvalue[m[Kâ€™ [[01;35m[K-Wunused-variable[m[K]
[1.739s]   247 |  int [01;35m[Kvalue[m[K, error;
[1.739s]       |      [01;35m[K^~~~~[m[K
[1.739s] [01m[K/home/robofei/Desktop/ROS2/walk_test/src/control/src/motion/MotionManager.cpp:247:13:[m[K [01;35m[Kwarning: [m[Kunused variable â€˜[01m[Kerror[m[Kâ€™ [[01;35m[K-Wunused-variable[m[K]
[1.739s]   247 |  int value, [01;35m[Kerror[m[K;
[1.739s]       |             [01;35m[K^~~~~[m[K
[1.753s] [01m[K/home/robofei/Desktop/ROS2/walk_test/src/control/src/motion/MotionManager.cpp:[m[K In member function â€˜[01m[Kvoid Robot::MotionManager::Process()[m[Kâ€™:
[1.753s] [01m[K/home/robofei/Desktop/ROS2/walk_test/src/control/src/motion/MotionManager.cpp:406:5:[m[K [01;35m[Kwarning: [m[Kthis â€˜[01m[Kif[m[Kâ€™ clause does not guard... [[01;35m[K-Wmisleading-indentation[m[K]
[1.753s]   406 |     [01;35m[Kif[m[K(MotionManager::GetInstance()->m_ProcessEnable == false || MotionManager::GetInstance()->m_IsRunning == true)
[1.753s]       |     [01;35m[K^~[m[K
[1.753s] [01m[K/home/robofei/Desktop/ROS2/walk_test/src/control/src/motion/MotionManager.cpp:409:2:[m[K [01;36m[Knote: [m[K...this statement, but the latter is misleadingly indented as if it were guarded by the â€˜[01m[Kif[m[Kâ€™
[1.754s]   409 |  [01;36m[KMotionManager[m[K::GetInstance()->m_IsRunning = true;
[1.754s]       |  [01;36m[K^~~~~~~~~~~~~[m[K
[1.763s] [01m[K/home/robofei/Desktop/ROS2/walk_test/src/control/src/motion/MotionManager.cpp:456:7:[m[K [01;35m[Kwarning: [m[Kvariable â€˜[01m[Kparam[m[Kâ€™ set but not used [[01;35m[K-Wunused-but-set-variable[m[K]
[1.763s]   456 |   int [01;35m[Kparam[m[K[JointData::NUMBER_OF_JOINTS * MX28::PARAM_BYTES];
[1.763s]       |       [01;35m[K^~~~~[m[K
[1.763s] [01m[K/home/robofei/Desktop/ROS2/walk_test/src/control/src/motion/MotionManager.cpp:457:7:[m[K [01;35m[Kwarning: [m[Kunused variable â€˜[01m[Kjoint_num[m[Kâ€™ [[01;35m[K-Wunused-variable[m[K]
[1.763s]   457 |   int [01;35m[Kjoint_num[m[K = 0;
[1.763s]       |       [01;35m[K^~~~~~~~~[m[K
[1.766s] [01m[K/home/robofei/Desktop/ROS2/walk_test/src/control/src/motion/MotionManager.cpp:[m[K At global scope:
[1.767s] [01m[K/home/robofei/Desktop/ROS2/walk_test/src/control/src/motion/MotionManager.cpp:501:1:[m[K [01;31m[Kerror: [m[Kâ€˜[01m[Ksssssssss[m[Kâ€™ does not name a type
[1.767s]   501 | [01;31m[Ksssssssss[m[K
[1.767s]       | [01;31m[K^~~~~~~~~[m[K
[4.763s] make[2]: *** [CMakeFiles/motion.dir/build.make:63: CMakeFiles/motion.dir/src/motion/MotionManager.cpp.o] Error 1
[4.764s] make[1]: *** [CMakeFiles/Makefile2:165: CMakeFiles/motion.dir/all] Error 2
[4.764s] make: *** [Makefile:141: all] Error 2
[4.766s] Invoked command in '/home/robofei/Desktop/ROS2/walk_test/build/control' returned '2': CMAKE_PREFIX_PATH=/home/robofei/Desktop/ROS2/walk_test/install/dynamixel_sdk_custom_interfaces:/home/robofei/Desktop/ROS2/walk_test/install/control:/opt/ros/foxy LD_LIBRARY_PATH=/home/robofei/Desktop/ROS2/walk_test/install/dynamixel_sdk_custom_interfaces/lib:/home/robofei/Desktop/ROS2/walk_test/install/control/lib:/opt/ros/foxy/opt/yaml_cpp_vendor/lib:/opt/ros/foxy/opt/rviz_ogre_vendor/lib:/opt/ros/foxy/lib/x86_64-linux-gnu:/opt/ros/foxy/lib /usr/bin/cmake --build /home/robofei/Desktop/ROS2/walk_test/build/control -- -j4 -l4
