In file included from [01m[K/home/robo/ROS2/walk_test/src/control/include/Walking.h:13[m[K,
                 from [01m[K/home/robo/ROS2/walk_test/src/control/src/motion/modules/Walking.cpp:14[m[K:
[01m[K/home/robo/ROS2/walk_test/src/control/include/minIni.h:11:10:[m[K [01;31m[Kfatal error: [m[K../src/minIni/minIni.h: No such file or directory
   11 | #include [01;31m[K"../src/minIni/minIni.h"[m[K
      |          [01;31m[K^~~~~~~~~~~~~~~~~~~~~~~~[m[K
compilation terminated.
make[2]: *** [CMakeFiles/motion.dir/build.make:76: CMakeFiles/motion.dir/src/motion/modules/Walking.cpp.o] Error 1
make[2]: *** Waiting for unfinished jobs....
In file included from [01m[K/home/robo/ROS2/walk_test/src/control/src/motion/AngleEstimator.cpp:5[m[K:
[01m[K/home/robo/ROS2/walk_test/src/control/include/minIni.h:11:10:[m[K [01;31m[Kfatal error: [m[K../src/minIni/minIni.h: No such file or directory
   11 | #include [01;31m[K"../src/minIni/minIni.h"[m[K
      |          [01;31m[K^~~~~~~~~~~~~~~~~~~~~~~~[m[K
compilation terminated.
make[2]: *** [CMakeFiles/motion.dir/build.make:89: CMakeFiles/motion.dir/src/motion/AngleEstimator.cpp.o] Error 1
In file included from [01m[K/home/robo/ROS2/walk_test/src/control/include/MotionManager.h:17[m[K,
                 from [01m[K/home/robo/ROS2/walk_test/src/control/src/control.cpp:19[m[K:
[01m[K/home/robo/ROS2/walk_test/src/control/include/minIni.h:11:10:[m[K [01;31m[Kfatal error: [m[K../src/minIni/minIni.h: No such file or directory
   11 | #include [01;31m[K"../src/minIni/minIni.h"[m[K
      |          [01;31m[K^~~~~~~~~~~~~~~~~~~~~~~~[m[K
compilation terminated.
make[2]: *** [CMakeFiles/control.dir/build.make:63: CMakeFiles/control.dir/src/control.cpp.o] Error 1
make[1]: *** [CMakeFiles/Makefile2:140: CMakeFiles/control.dir/all] Error 2
make[1]: *** Waiting for unfinished jobs....
In file included from [01m[K/home/robo/ROS2/walk_test/src/control/include/MotionManager.h:17[m[K,
                 from [01m[K/home/robo/ROS2/walk_test/src/control/src/motion/MotionManager.cpp:25[m[K:
[01m[K/home/robo/ROS2/walk_test/src/control/include/minIni.h:11:10:[m[K [01;31m[Kfatal error: [m[K../src/minIni/minIni.h: No such file or directory
   11 | #include [01;31m[K"../src/minIni/minIni.h"[m[K
      |          [01;31m[K^~~~~~~~~~~~~~~~~~~~~~~~[m[K
compilation terminated.
make[2]: *** [CMakeFiles/motion.dir/build.make:63: CMakeFiles/motion.dir/src/motion/MotionManager.cpp.o] Error 1
make[1]: *** [CMakeFiles/Makefile2:194: CMakeFiles/motion.dir/all] Error 2
In file included from [01m[K/home/robo/ROS2/walk_test/src/control/src/action_editor/main.cpp:30[m[K:
[01m[K/home/robo/ROS2/walk_test/src/control/include/minIni.h:11:10:[m[K [01;31m[Kfatal error: [m[K../src/minIni/minIni.h: No such file or directory
   11 | #include [01;31m[K"../src/minIni/minIni.h"[m[K
      |          [01;31m[K^~~~~~~~~~~~~~~~~~~~~~~~[m[K
compilation terminated.
make[2]: *** [CMakeFiles/action.dir/build.make:63: CMakeFiles/action.dir/src/action_editor/main.cpp.o] Error 1
make[1]: *** [CMakeFiles/Makefile2:248: CMakeFiles/action.dir/all] Error 2
make: *** [Makefile:141: all] Error 2
