[01m[K/home/robo/ROS2/walk_test/src/control/src/motion/MotionManager.cpp:[m[K In constructor â€˜[01m[KRobot::MotionManager::MotionManager(const rclcpp::NodeOptions&)[m[Kâ€™:
[01m[K/home/robo/ROS2/walk_test/src/control/src/motion/MotionManager.cpp:63:28:[m[K [01;31m[Kerror: [m[Kexpected class-name before â€˜[01m[K([m[Kâ€™ token
   63 |   rclcpp::Node::make_shared[01;31m[K([m[K"gait_publisher", options)
      |                            [01;31m[K^[m[K
[01m[K/home/robo/ROS2/walk_test/src/control/src/motion/MotionManager.cpp:63:28:[m[K [01;31m[Kerror: [m[Kno matching function for call to â€˜[01m[Krclcpp::Node::Node()[m[Kâ€™
In file included from [01m[K/opt/ros/foxy/include/rclcpp/executors/single_threaded_executor.hpp:28[m[K,
                 from [01m[K/opt/ros/foxy/include/rclcpp/executors.hpp:22[m[K,
                 from [01m[K/opt/ros/foxy/include/rclcpp/rclcpp.hpp:146[m[K,
                 from [01m[K/home/robo/ROS2/walk_test/src/control/include/MotionManager.h:20[m[K,
                 from [01m[K/home/robo/ROS2/walk_test/src/control/src/motion/MotionManager.cpp:25[m[K:
[01m[K/opt/ros/foxy/include/rclcpp/node.hpp:1193:3:[m[K [01;36m[Knote: [m[Kcandidate: â€˜[01m[Krclcpp::Node::Node(const rclcpp::Node&, const string&)[m[Kâ€™
 1193 |   [01;36m[KNode[m[K(
      |   [01;36m[K^~~~[m[K
[01m[K/opt/ros/foxy/include/rclcpp/node.hpp:1193:3:[m[K [01;36m[Knote: [m[K  candidate expects 2 arguments, 0 provided
[01m[K/opt/ros/foxy/include/rclcpp/node.hpp:98:12:[m[K [01;36m[Knote: [m[Kcandidate: â€˜[01m[Krclcpp::Node::Node(const string&, const string&, const rclcpp::NodeOptions&)[m[Kâ€™
   98 |   explicit [01;36m[KNode[m[K(
      |            [01;36m[K^~~~[m[K
[01m[K/opt/ros/foxy/include/rclcpp/node.hpp:98:12:[m[K [01;36m[Knote: [m[K  candidate expects 3 arguments, 0 provided
[01m[K/opt/ros/foxy/include/rclcpp/node.hpp:86:12:[m[K [01;36m[Knote: [m[Kcandidate: â€˜[01m[Krclcpp::Node::Node(const string&, const rclcpp::NodeOptions&)[m[Kâ€™
   86 |   explicit [01;36m[KNode[m[K(
      |            [01;36m[K^~~~[m[K
[01m[K/opt/ros/foxy/include/rclcpp/node.hpp:86:12:[m[K [01;36m[Knote: [m[K  candidate expects 2 arguments, 0 provided
[01m[K/home/robo/ROS2/walk_test/src/control/src/motion/MotionManager.cpp:63:28:[m[K [01;31m[Kerror: [m[Kexpected â€˜[01m[K{[m[Kâ€™ before â€˜[01m[K([m[Kâ€™ token
   63 |   rclcpp::Node::make_shared[01;31m[K([m[K"gait_publisher", options)
      |                            [01;31m[K^[m[K
[01m[K/home/robo/ROS2/walk_test/src/control/src/motion/MotionManager.cpp:54:58:[m[K [01;35m[Kwarning: [m[Kunused parameter â€˜[01m[Koptions[m[Kâ€™ [[01;35m[K-Wunused-parameter[m[K]
   54 | MotionManager::MotionManager([01;35m[Kconst rclcpp::NodeOptions & options[m[K) :
      |                              [01;35m[K~~~~~~~~~~~~~~~~~~~~~~~~~~~~^~~~~~~[m[K
[01m[K/home/robo/ROS2/walk_test/src/control/src/motion/MotionManager.cpp:[m[K At global scope:
[01m[K/home/robo/ROS2/walk_test/src/control/src/motion/MotionManager.cpp:63:29:[m[K [01;31m[Kerror: [m[Kexpected unqualified-id before string constant
   63 |   rclcpp::Node::make_shared([01;31m[K"gait_publisher"[m[K, options)
      |                             [01;31m[K^~~~~~~~~~~~~~~~[m[K
[01m[K/home/robo/ROS2/walk_test/src/control/src/motion/MotionManager.cpp:63:29:[m[K [01;31m[Kerror: [m[Kexpected â€˜[01m[K)[m[Kâ€™ before string constant
   63 |   rclcpp::Node::make_shared[34m[K([m[K[01;31m[K"[m[K[32m[Kgait_publisher"[m[K, options)
      |                            [34m[K~[m[K[01;31m[K^[m[K[32m[K~~~~~~~~~~~~~~~[m[K
      |                             [32m[K)[m[K
[01m[K/home/robo/ROS2/walk_test/src/control/src/motion/MotionManager.cpp:[m[K In member function â€˜[01m[Kvoid Robot::MotionManager::topic_callback(std::shared_ptr<sensor_msgs::msg::Imu_<std::allocator<void> > >) const[m[Kâ€™:
[01m[K/home/robo/ROS2/walk_test/src/control/src/motion/MotionManager.cpp:92:15:[m[K [01;35m[Kwarning: [m[Kunused variable â€˜[01m[KIMU_GYRO_X[m[Kâ€™ [[01;35m[K-Wunused-variable[m[K]
   92 |         float [01;35m[KIMU_GYRO_X[m[K = -imu_msg_->angular_velocity.x/10;
      |               [01;35m[K^~~~~~~~~~[m[K
[01m[K/home/robo/ROS2/walk_test/src/control/src/motion/MotionManager.cpp:93:15:[m[K [01;35m[Kwarning: [m[Kunused variable â€˜[01m[KIMU_GYRO_Y[m[Kâ€™ [[01;35m[K-Wunused-variable[m[K]
   93 |         float [01;35m[KIMU_GYRO_Y[m[K  = -imu_msg_->angular_velocity.y/10;
      |               [01;35m[K^~~~~~~~~~[m[K
[01m[K/home/robo/ROS2/walk_test/src/control/src/motion/MotionManager.cpp:[m[K In member function â€˜[01m[Kbool Robot::MotionManager::Initialize(bool)[m[Kâ€™:
[01m[K/home/robo/ROS2/walk_test/src/control/src/motion/MotionManager.cpp:99:6:[m[K [01;35m[Kwarning: [m[Kunused variable â€˜[01m[Kvalue[m[Kâ€™ [[01;35m[K-Wunused-variable[m[K]
   99 |  int [01;35m[Kvalue[m[K, error;
      |      [01;35m[K^~~~~[m[K
[01m[K/home/robo/ROS2/walk_test/src/control/src/motion/MotionManager.cpp:99:13:[m[K [01;35m[Kwarning: [m[Kunused variable â€˜[01m[Kerror[m[Kâ€™ [[01;35m[K-Wunused-variable[m[K]
   99 |  int value, [01;35m[Kerror[m[K;
      |             [01;35m[K^~~~~[m[K
[01m[K/home/robo/ROS2/walk_test/src/control/src/motion/MotionManager.cpp:[m[K In member function â€˜[01m[Kbool Robot::MotionManager::Reinitialize()[m[Kâ€™:
[01m[K/home/robo/ROS2/walk_test/src/control/src/motion/MotionManager.cpp:182:6:[m[K [01;35m[Kwarning: [m[Kunused variable â€˜[01m[Kvalue[m[Kâ€™ [[01;35m[K-Wunused-variable[m[K]
  182 |  int [01;35m[Kvalue[m[K, error;
      |      [01;35m[K^~~~~[m[K
[01m[K/home/robo/ROS2/walk_test/src/control/src/motion/MotionManager.cpp:182:13:[m[K [01;35m[Kwarning: [m[Kunused variable â€˜[01m[Kerror[m[Kâ€™ [[01;35m[K-Wunused-variable[m[K]
  182 |  int value, [01;35m[Kerror[m[K;
      |             [01;35m[K^~~~~[m[K
[01m[K/home/robo/ROS2/walk_test/src/control/src/motion/MotionManager.cpp:[m[K In member function â€˜[01m[Kvoid Robot::MotionManager::Process()[m[Kâ€™:
[01m[K/home/robo/ROS2/walk_test/src/control/src/motion/MotionManager.cpp:375:6:[m[K [01;35m[Kwarning: [m[Kunused variable â€˜[01m[Kjoint_num[m[Kâ€™ [[01;35m[K-Wunused-variable[m[K]
  375 |  int [01;35m[Kjoint_num[m[K = 0;
      |      [01;35m[K^~~~~~~~~[m[K
make[2]: *** [CMakeFiles/motion.dir/build.make:63: CMakeFiles/motion.dir/src/motion/MotionManager.cpp.o] Error 1
make[1]: *** [CMakeFiles/Makefile2:165: CMakeFiles/motion.dir/all] Error 2
make: *** [Makefile:141: all] Error 2
