[0.016s] Invoking command in '/home/robofei/robotis_ws/build/dynamixel_sdk_examples': CMAKE_PREFIX_PATH=/home/robofei/robotis_ws/install/dynamixel_sdk_custom_interfaces:/home/robofei/robotis_ws/install/dynamixel_sdk:/home/robofei/robotis_ws/install/dynamixel_sdk_examples:/opt/ros/foxy PYTHONPATH=/home/robofei/robotis_ws/install/dynamixel_sdk_custom_interfaces/lib/python3.8/site-packages:/home/robofei/robotis_ws/install/dynamixel_sdk_examples/lib/python3.8/site-packages:/opt/ros/foxy/lib/python3.8/site-packages /usr/bin/cmake --build /home/robofei/robotis_ws/build/dynamixel_sdk_examples -- -j4 -l4
[0.063s] [35m[1mScanning dependencies of target minimal_pub[0m
[0.083s] [ 50%] Built target read_write_node
[0.092s] [ 75%] [32mBuilding CXX object CMakeFiles/minimal_pub.dir/src/minimal_pub.cpp.o[0m
[1.363s] [01m[K/home/robofei/robotis_ws/src/DynamixelSDK/dynamixel_sdk_examples/src/minimal_pub.cpp:36:3:[m[K [01;31m[Kerror: [m[Kâ€˜[01m[Kmessage[m[Kâ€™ does not name a type
[1.363s]    36 |   [01;31m[Kmessage[m[K.id = {2, 4, 6};
[1.363s]       |   [01;31m[K^~~~~~~[m[K
[1.363s] [01m[K/home/robofei/robotis_ws/src/DynamixelSDK/dynamixel_sdk_examples/src/minimal_pub.cpp:36:25:[m[K [01;35m[Kwarning: [m[Kextra â€˜[01m[K;[m[Kâ€™ [[01;35m[K-Wpedantic[m[K]
[1.364s]    36 |   message.id = {2, 4, 6}[01;35m[K;[m[K
[1.364s]       |                         [01;35m[K^[m[K
[1.364s]       |                         [31m[K-[m[K
[1.365s] [01m[K/home/robofei/robotis_ws/src/DynamixelSDK/dynamixel_sdk_examples/src/minimal_pub.cpp:37:3:[m[K [01;31m[Kerror: [m[Kâ€˜[01m[Kmessage[m[Kâ€™ does not name a type
[1.365s]    37 |   [01;31m[Kmessage[m[K.position = {2048, 2047, 2049};
[1.365s]       |   [01;31m[K^~~~~~~[m[K
[1.365s] [01m[K/home/robofei/robotis_ws/src/DynamixelSDK/dynamixel_sdk_examples/src/minimal_pub.cpp:37:40:[m[K [01;35m[Kwarning: [m[Kextra â€˜[01m[K;[m[Kâ€™ [[01;35m[K-Wpedantic[m[K]
[1.365s]    37 |   message.position = {2048, 2047, 2049}[01;35m[K;[m[K
[1.365s]       |                                        [01;35m[K^[m[K
[1.365s]       |                                        [31m[K-[m[K
[1.367s] [01m[K/home/robofei/robotis_ws/src/DynamixelSDK/dynamixel_sdk_examples/src/minimal_pub.cpp:38:3:[m[K [01;31m[Kerror: [m[Kâ€˜[01m[Kpublisher_[m[Kâ€™ does not name a type; did you mean â€˜[01m[Krcl_publisher_t[m[Kâ€™?
[1.367s]    38 |   [01;31m[Kpublisher_[m[K->publish(message);
[1.367s]       |   [01;31m[K^~~~~~~~~~[m[K
[1.367s]       |   [32m[Krcl_publisher_t[m[K
[2.265s] make[2]: *** [CMakeFiles/minimal_pub.dir/build.make:63: CMakeFiles/minimal_pub.dir/src/minimal_pub.cpp.o] Error 1
[2.265s] make[1]: *** [CMakeFiles/Makefile2:80: CMakeFiles/minimal_pub.dir/all] Error 2
[2.265s] make: *** [Makefile:141: all] Error 2
[2.267s] Invoked command in '/home/robofei/robotis_ws/build/dynamixel_sdk_examples' returned '2': CMAKE_PREFIX_PATH=/home/robofei/robotis_ws/install/dynamixel_sdk_custom_interfaces:/home/robofei/robotis_ws/install/dynamixel_sdk:/home/robofei/robotis_ws/install/dynamixel_sdk_examples:/opt/ros/foxy PYTHONPATH=/home/robofei/robotis_ws/install/dynamixel_sdk_custom_interfaces/lib/python3.8/site-packages:/home/robofei/robotis_ws/install/dynamixel_sdk_examples/lib/python3.8/site-packages:/opt/ros/foxy/lib/python3.8/site-packages /usr/bin/cmake --build /home/robofei/robotis_ws/build/dynamixel_sdk_examples -- -j4 -l4
