[01m[K/home/robofei/ROS2/robotis_ws/src/DynamixelSDK/dynamixel_sdk_examples/src/read_write_node.cpp:[m[K In lambda function:
[01m[K/home/robofei/ROS2/robotis_ws/src/DynamixelSDK/dynamixel_sdk_examples/src/read_write_node.cpp:89:7:[m[K [01;31m[Kerror: [m[Kâ€˜[01m[KGroupSyncWrite[m[Kâ€™ was not declared in this scope; did you mean â€˜[01m[Kdynamixel::GroupSyncWrite[m[Kâ€™?
   89 |       [01;31m[KGroupSyncWrite[m[K group_sync_write(portHandler, packetHandler, ADDR_GOAL_POSITION, 4);
      |       [01;31m[K^~~~~~~~~~~~~~[m[K
      |       [32m[Kdynamixel::GroupSyncWrite[m[K
In file included from [01m[K/home/robofei/ROS2/robotis_ws/install/dynamixel_sdk/include/dynamixel_sdk/dynamixel_sdk.h:29[m[K,
                 from [01m[K/home/robofei/ROS2/robotis_ws/src/DynamixelSDK/dynamixel_sdk_examples/src/read_write_node.cpp:36[m[K:
[01m[K/home/robofei/ROS2/robotis_ws/install/dynamixel_sdk/include/dynamixel_sdk/group_sync_write.h:37:19:[m[K [01;36m[Knote: [m[Kâ€˜[01m[Kdynamixel::GroupSyncWrite[m[Kâ€™ declared here
   37 | class WINDECLSPEC [01;36m[KGroupSyncWrite[m[K
      |                   [01;36m[K^~~~~~~~~~~~~~[m[K
[01m[K/home/robofei/ROS2/robotis_ws/src/DynamixelSDK/dynamixel_sdk_examples/src/read_write_node.cpp:94:7:[m[K [01;31m[Kerror: [m[Kâ€˜[01m[Kdxl_addparam_result[m[Kâ€™ was not declared in this scope; did you mean â€˜[01m[Kdxl_comm_result[m[Kâ€™?
   94 |       [01;31m[Kdxl_addparam_result[m[K = groupSyncWrite.addParam((uint8_t)msg->id[0], msg->position[0]);
      |       [01;31m[K^~~~~~~~~~~~~~~~~~~[m[K
      |       [32m[Kdxl_comm_result[m[K
[01m[K/home/robofei/ROS2/robotis_ws/src/DynamixelSDK/dynamixel_sdk_examples/src/read_write_node.cpp:94:29:[m[K [01;31m[Kerror: [m[Kâ€˜[01m[KgroupSyncWrite[m[Kâ€™ was not declared in this scope
   94 |       dxl_addparam_result = [01;31m[KgroupSyncWrite[m[K.addParam((uint8_t)msg->id[0], msg->position[0]);
      |                             [01;31m[K^~~~~~~~~~~~~~[m[K
[01m[K/home/robofei/ROS2/robotis_ws/src/DynamixelSDK/dynamixel_sdk_examples/src/read_write_node.cpp:96:9:[m[K [01;31m[Kerror: [m[Kâ€˜[01m[Kself[m[Kâ€™ was not declared in this scope
   96 |         [01;31m[Kself[m[K.get_logger().warn("Failed to addparam to groupSyncWrite for Dynamixel ID %d", msg->id[0]);
      |         [01;31m[K^~~~[m[K
[01m[K/home/robofei/ROS2/robotis_ws/src/DynamixelSDK/dynamixel_sdk_examples/src/read_write_node.cpp:101:9:[m[K [01;31m[Kerror: [m[Kâ€˜[01m[Kself[m[Kâ€™ was not declared in this scope
  101 |         [01;31m[Kself[m[K.get_logger().warn("Failed to addparam to groupSyncWrite for Dynamixel ID %d", msg->id[1]);
      |         [01;31m[K^~~~[m[K
[01m[K/home/robofei/ROS2/robotis_ws/src/DynamixelSDK/dynamixel_sdk_examples/src/read_write_node.cpp:106:9:[m[K [01;31m[Kerror: [m[Kâ€˜[01m[Kself[m[Kâ€™ was not declared in this scope
  106 |         [01;31m[Kself[m[K.get_logger().warn("Failed to addparam to groupSyncWrite for Dynamixel ID %d\n", msg->id[2]);
      |         [01;31m[K^~~~[m[K
make[2]: *** [CMakeFiles/read_write_node.dir/build.make:63: CMakeFiles/read_write_node.dir/src/read_write_node.cpp.o] Error 1
make[1]: *** [CMakeFiles/Makefile2:107: CMakeFiles/read_write_node.dir/all] Error 2
make: *** [Makefile:141: all] Error 2
