[0.016s] Invoking command in '/home/robofei/ROS2/action/build/dynamixel_sdk_examples': CMAKE_PREFIX_PATH=${CMAKE_PREFIX_PATH}:/opt/ros/foxy /usr/bin/cmake --build /home/robofei/ROS2/action/build/dynamixel_sdk_examples -- -j4 -l4
[0.046s] -- Found ament_cmake: 0.9.9 (/opt/ros/foxy/share/ament_cmake/cmake)
[0.069s] -- Using PYTHON_EXECUTABLE: /usr/bin/python3
[0.257s] -- Override CMake install command with custom implementation using symlinks instead of copying resources
[0.265s] -- Found dynamixel_sdk: 3.7.40 (/home/robofei/ROS2/action/install/dynamixel_sdk/share/dynamixel_sdk/cmake)
[0.267s] -- Found dynamixel_sdk_custom_interfaces: 3.7.40 (/home/robofei/ROS2/action/install/dynamixel_sdk_custom_interfaces/share/dynamixel_sdk_custom_interfaces/cmake)
[0.289s] -- Using all available rosidl_typesupport_c: rosidl_typesupport_fastrtps_c;rosidl_typesupport_introspection_c
[0.293s] -- Found rosidl_adapter: 1.2.1 (/opt/ros/foxy/share/rosidl_adapter/cmake)
[0.426s] -- Using all available rosidl_typesupport_cpp: rosidl_typesupport_fastrtps_cpp;rosidl_typesupport_introspection_cpp
[0.475s] -- Found rclcpp: 2.4.1 (/opt/ros/foxy/share/rclcpp/cmake)
[0.515s] -- Found rmw_implementation_cmake: 1.0.3 (/opt/ros/foxy/share/rmw_implementation_cmake/cmake)
[0.517s] -- Using RMW implementation 'rmw_fastrtps_cpp' as default
[0.680s] -- Found ament_lint_auto: 0.9.6 (/opt/ros/foxy/share/ament_lint_auto/cmake)
[0.752s] -- Added test 'copyright' to check source files copyright and LICENSE
[0.758s] -- Added test 'cppcheck' to perform static code analysis on C / C++ code
[0.759s] -- Configured cppcheck include dirs: /home/robofei/ROS2/action/src/dynamixel_sdk_examples/include;/home/robofei/ROS2/action/src/dynamixel_sdk_examples/Framework;/home/robofei/ROS2/action/src/dynamixel_sdk_examples/Linux
[0.759s] -- Configured cppcheck exclude dirs and/or files: 
[0.764s] -- Added test 'cpplint' to check C / C++ code against the Google style
[0.765s] -- Configured cpplint exclude dirs and/or files: 
[0.766s] -- Added test 'flake8' to check Python code syntax and style conventions
[0.767s] -- Added test 'lint_cmake' to check CMake code style
[0.768s] -- Added test 'pep257' to check Python code against some of the style conventions in PEP 257
[0.774s] -- Added test 'uncrustify' to check C / C++ code style
[0.774s] -- Configured uncrustify additional arguments: 
[0.775s] -- Added test 'xmllint' to check XML markup files
[0.778s] -- Configuring done
[0.786s] -- Generating done
[0.788s] -- Build files have been written to: /home/robofei/ROS2/action/build/dynamixel_sdk_examples
[0.831s] [ 50%] [32mBuilding CXX object CMakeFiles/cmd_node.dir/src/cmd_process.cpp.o[0m
[1.453s] In file included from [01m[K/home/robofei/ROS2/action/src/dynamixel_sdk_examples/src/cmd_process.cpp:8[m[K:
[1.454s] [01m[K/opt/ros/foxy/include/rcutils/types/char_array.h:41:10:[m[K [01;31m[Kerror: [m[Kexpected â€˜[01m[K)[m[Kâ€™ before â€˜[01m[K*[m[Kâ€™ token
[1.454s]    41 |   size_t [01;31m[Kbuffer_capacity[m[K;
[1.454s]       |          [01;31m[K^~~~~~~~~~~~~~~[m[K
[1.454s] [01m[K/opt/ros/foxy/include/rcutils/types/char_array.h:41:10:[m[K [01;31m[Kerror: [m[Kexpected â€˜[01m[K)[m[Kâ€™ before â€˜[01m[K*[m[Kâ€™ token
[1.454s] [01m[K/opt/ros/foxy/include/rcutils/types/char_array.h:74:10:[m[K [01;31m[Kerror: [m[Kexpected â€˜[01m[K)[m[Kâ€™ before â€˜[01m[K([m[Kâ€™ token
[1.454s]    74 |   size_t [01;31m[Kbuffer_capacity[m[K,
[1.454s]       |          [01;31m[K^~~~~~~~~~~~~~~[m[K
[1.454s] [01m[K/opt/ros/foxy/include/rcutils/types/char_array.h:74:10:[m[K [01;31m[Kerror: [m[Kexpected â€˜[01m[K)[m[Kâ€™ before â€˜[01m[K([m[Kâ€™ token
[1.454s] In file included from [01m[K/opt/ros/foxy/include/rcutils/types.h:24[m[K,
[1.455s]                  from [01m[K/opt/ros/foxy/include/rcutils/time.h:26[m[K,
[1.455s]                  from [01m[K/opt/ros/foxy/include/rcutils/logging.h:25[m[K,
[1.455s]                  from [01m[K/opt/ros/foxy/include/rmw/types.h:28[m[K,
[1.455s]                  from [01m[K/opt/ros/foxy/include/rcl/types.h:18[m[K,
[1.455s]                  from [01m[K/opt/ros/foxy/include/rcl/arguments.h:20[m[K,
[1.455s]                  from [01m[K/opt/ros/foxy/include/rcl/context.h:26[m[K,
[1.455s]                  from [01m[K/opt/ros/foxy/include/rcl/guard_condition.h:24[m[K,
[1.455s]                  from [01m[K/opt/ros/foxy/include/rclcpp/executor.hpp:29[m[K,
[1.455s]                  from [01m[K/opt/ros/foxy/include/rclcpp/executors/multi_threaded_executor.hpp:26[m[K,
[1.455s]                  from [01m[K/opt/ros/foxy/include/rclcpp/executors.hpp:21[m[K,
[1.455s]                  from [01m[K/opt/ros/foxy/include/rclcpp/rclcpp.hpp:146[m[K,
[1.455s]                  from [01m[K/home/robofei/ROS2/action/src/dynamixel_sdk_examples/src/cmd_process.cpp:17[m[K:
[1.455s] [01m[K/opt/ros/foxy/include/rcutils/types/char_array.h:72:24:[m[K [01;36m[Knote: [m[Kto match this â€˜[01m[K([m[Kâ€™
[1.455s]    72 | rcutils_char_array_init[01;36m[K([m[K
[1.455s]       |                        [01;36m[K^[m[K
[1.456s] In file included from [01m[K/home/robofei/ROS2/action/src/dynamixel_sdk_examples/src/cmd_process.cpp:8[m[K:
[1.456s] [01m[K/opt/ros/foxy/include/rcutils/types/char_array.h:74:10:[m[K [01;31m[Kerror: [m[Kinitializer provided for function
[1.456s]    74 |   size_t [01;31m[Kbuffer_capacity[m[K,
[1.456s]       |          [01;31m[K^~~~~~~~~~~~~~~[m[K
[1.456s] [01m[K/opt/ros/foxy/include/rcutils/types/char_array.h:74:10:[m[K [01;31m[Kerror: [m[Kexpected â€˜[01m[K,[m[Kâ€™ or â€˜[01m[K;[m[Kâ€™ before â€˜[01m[K->[m[Kâ€™ token
[1.456s]    74 |   size_t [01;31m[Kbuffer_capacity[m[K,
[1.456s]       |          [01;31m[K^~~~~~~~~~~~~~~[m[K
[1.456s] [01m[K/opt/ros/foxy/include/rcutils/types/uint8_array.h:33:10:[m[K [01;31m[Kerror: [m[Kexpected â€˜[01m[K)[m[Kâ€™ before â€˜[01m[K*[m[Kâ€™ token
[1.456s]    33 |   size_t [01;31m[Kbuffer_capacity[m[K;
[1.456s]       |          [01;31m[K^~~~~~~~~~~~~~~[m[K
[1.456s] [01m[K/opt/ros/foxy/include/rcutils/types/uint8_array.h:33:10:[m[K [01;31m[Kerror: [m[Kexpected â€˜[01m[K)[m[Kâ€™ before â€˜[01m[K*[m[Kâ€™ token
[1.456s] [01m[K/opt/ros/foxy/include/rcutils/types/uint8_array.h:65:10:[m[K [01;31m[Kerror: [m[Kexpected â€˜[01m[K)[m[Kâ€™ before â€˜[01m[K([m[Kâ€™ token
[1.456s]    65 |   size_t [01;31m[Kbuffer_capacity[m[K,
[1.456s]       |          [01;31m[K^~~~~~~~~~~~~~~[m[K
[1.456s] [01m[K/opt/ros/foxy/include/rcutils/types/uint8_array.h:65:10:[m[K [01;31m[Kerror: [m[Kexpected â€˜[01m[K)[m[Kâ€™ before â€˜[01m[K([m[Kâ€™ token
[1.457s] In file included from [01m[K/opt/ros/foxy/include/rcutils/types.h:29[m[K,
[1.457s]                  from [01m[K/opt/ros/foxy/include/rcutils/time.h:26[m[K,
[1.457s]                  from [01m[K/opt/ros/foxy/include/rcutils/logging.h:25[m[K,
[1.457s]                  from [01m[K/opt/ros/foxy/include/rmw/types.h:28[m[K,
[1.457s]                  from [01m[K/opt/ros/foxy/include/rcl/types.h:18[m[K,
[1.457s]                  from [01m[K/opt/ros/foxy/include/rcl/arguments.h:20[m[K,
[1.457s]                  from [01m[K/opt/ros/foxy/include/rcl/context.h:26[m[K,
[1.457s]                  from [01m[K/opt/ros/foxy/include/rcl/guard_condition.h:24[m[K,
[1.457s]                  from [01m[K/opt/ros/foxy/include/rclcpp/executor.hpp:29[m[K,
[1.457s]                  from [01m[K/opt/ros/foxy/include/rclcpp/executors/multi_threaded_executor.hpp:26[m[K,
[1.457s]                  from [01m[K/opt/ros/foxy/include/rclcpp/executors.hpp:21[m[K,
[1.457s]                  from [01m[K/opt/ros/foxy/include/rclcpp/rclcpp.hpp:146[m[K,
[1.457s]                  from [01m[K/home/robofei/ROS2/action/src/dynamixel_sdk_examples/src/cmd_process.cpp:17[m[K:
[1.457s] [01m[K/opt/ros/foxy/include/rcutils/types/uint8_array.h:63:25:[m[K [01;36m[Knote: [m[Kto match this â€˜[01m[K([m[Kâ€™
[1.457s]    63 | rcutils_uint8_array_init[01;36m[K([m[K
[1.458s]       |                         [01;36m[K^[m[K
[1.458s] In file included from [01m[K/home/robofei/ROS2/action/src/dynamixel_sdk_examples/src/cmd_process.cpp:8[m[K:
[1.458s] [01m[K/opt/ros/foxy/include/rcutils/types/uint8_array.h:65:10:[m[K [01;31m[Kerror: [m[Kinitializer provided for function
[1.458s]    65 |   size_t [01;31m[Kbuffer_capacity[m[K,
[1.458s]       |          [01;31m[K^~~~~~~~~~~~~~~[m[K
[1.458s] [01m[K/opt/ros/foxy/include/rcutils/types/uint8_array.h:65:10:[m[K [01;31m[Kerror: [m[Kexpected â€˜[01m[K,[m[Kâ€™ or â€˜[01m[K;[m[Kâ€™ before â€˜[01m[K->[m[Kâ€™ token
[1.458s]    65 |   size_t [01;31m[Kbuffer_capacity[m[K,
[1.458s]       |          [01;31m[K^~~~~~~~~~~~~~~[m[K
[2.178s] [01m[K/home/robofei/ROS2/action/src/dynamixel_sdk_examples/src/cmd_process.cpp:25:26:[m[K [01;35m[Kwarning: [m[Knon-ISO-standard escape sequence, '\e'
[2.178s]    25 | const std::string azul = [01;35m[K"\e[0;36m"[m[K;
[2.178s]       |                          [01;35m[K^~~~~~~~~~[m[K
[2.179s] [01m[K/home/robofei/ROS2/action/src/dynamixel_sdk_examples/src/cmd_process.cpp:26:27:[m[K [01;35m[Kwarning: [m[Knon-ISO-standard escape sequence, '\e'
[2.179s]    26 | const std::string azulE = [01;35m[K"\e[0;34m"[m[K;
[2.179s]       |                           [01;35m[K^~~~~~~~~~[m[K
[2.179s] [01m[K/home/robofei/ROS2/action/src/dynamixel_sdk_examples/src/cmd_process.cpp:27:27:[m[K [01;35m[Kwarning: [m[Knon-ISO-standard escape sequence, '\e'
[2.179s]    27 | const std::string amare = [01;35m[K"\e[0;33m"[m[K;
[2.179s]       |                           [01;35m[K^~~~~~~~~~[m[K
[2.179s] [01m[K/home/robofei/ROS2/action/src/dynamixel_sdk_examples/src/cmd_process.cpp:28:27:[m[K [01;35m[Kwarning: [m[Knon-ISO-standard escape sequence, '\e'
[2.179s]    28 | const std::string verde = [01;35m[K"\e[0;32m"[m[K;
[2.179s]       |                           [01;35m[K^~~~~~~~~~[m[K
[2.179s] [01m[K/home/robofei/ROS2/action/src/dynamixel_sdk_examples/src/cmd_process.cpp:29:25:[m[K [01;35m[Kwarning: [m[Knon-ISO-standard escape sequence, '\e'
[2.179s]    29 | const std::string red = [01;35m[K"\e[0;31m"[m[K;
[2.179s]       |                         [01;35m[K^~~~~~~~~~[m[K
[2.179s] [01m[K/home/robofei/ROS2/action/src/dynamixel_sdk_examples/src/cmd_process.cpp:30:26:[m[K [01;35m[Kwarning: [m[Knon-ISO-standard escape sequence, '\e'
[2.179s]    30 | const std::string gray = [01;35m[K"\e[0;37m"[m[K;
[2.180s]       |                          [01;35m[K^~~~~~~~~~[m[K
[2.180s] [01m[K/home/robofei/ROS2/action/src/dynamixel_sdk_examples/src/cmd_process.cpp:31:26:[m[K [01;35m[Kwarning: [m[Knon-ISO-standard escape sequence, '\e'
[2.180s]    31 | const std::string nulo = [01;35m[K"\e[0m"[m[K;
[2.180s]       |                          [01;35m[K^~~~~~~[m[K
[2.180s] [01m[K/home/robofei/ROS2/action/src/dynamixel_sdk_examples/src/cmd_process.cpp:33:27:[m[K [01;35m[Kwarning: [m[Knon-ISO-standard escape sequence, '\e'
[2.180s]    33 | const std::string Lazul = [01;35m[K"\e[96m"[m[K;
[2.180s]       |                           [01;35m[K^~~~~~~~[m[K
[2.180s] [01m[K/home/robofei/ROS2/action/src/dynamixel_sdk_examples/src/cmd_process.cpp:34:28:[m[K [01;35m[Kwarning: [m[Knon-ISO-standard escape sequence, '\e'
[2.180s]    34 | const std::string LazulE = [01;35m[K"\e[94m"[m[K;
[2.180s]       |                            [01;35m[K^~~~~~~~[m[K
[2.180s] [01m[K/home/robofei/ROS2/action/src/dynamixel_sdk_examples/src/cmd_process.cpp:35:28:[m[K [01;35m[Kwarning: [m[Knon-ISO-standard escape sequence, '\e'
[2.180s]    35 | const std::string Lamare = [01;35m[K"\e[93m"[m[K;
[2.180s]       |                            [01;35m[K^~~~~~~~[m[K
[2.180s] [01m[K/home/robofei/ROS2/action/src/dynamixel_sdk_examples/src/cmd_process.cpp:36:28:[m[K [01;35m[Kwarning: [m[Knon-ISO-standard escape sequence, '\e'
[2.181s]    36 | const std::string Lverde = [01;35m[K"\e[92m"[m[K;
[2.181s]       |                            [01;35m[K^~~~~~~~[m[K
[2.181s] [01m[K/home/robofei/ROS2/action/src/dynamixel_sdk_examples/src/cmd_process.cpp:37:26:[m[K [01;35m[Kwarning: [m[Knon-ISO-standard escape sequence, '\e'
[2.181s]    37 | const std::string Lred = [01;35m[K"\e[91m"[m[K;
[2.181s]       |                          [01;35m[K^~~~~~~~[m[K
[2.181s] [01m[K/home/robofei/ROS2/action/src/dynamixel_sdk_examples/src/cmd_process.cpp:38:27:[m[K [01;35m[Kwarning: [m[Knon-ISO-standard escape sequence, '\e'
[2.181s]    38 | const std::string Lgray = [01;35m[K"\e[97m"[m[K;
[2.181s]       |                           [01;35m[K^~~~~~~~[m[K
[2.181s] [01m[K/home/robofei/ROS2/action/src/dynamixel_sdk_examples/src/cmd_process.cpp:54:59:[m[K [01;31m[Kerror: [m[Kâ€˜[01m[KSetPositionSync[m[Kâ€™ is not a member of â€˜[01m[Kdynamixel_sdk_custom_interfaces::msg[m[Kâ€™; did you mean â€˜[01m[KSetPosition[m[Kâ€™?
[2.181s]    54 | auto message_sync = dynamixel_sdk_custom_interfaces::msg::[01;31m[KSetPositionSync[m[K();
[2.181s]       |                                                           [01;31m[K^~~~~~~~~~~~~~~[m[K
[2.181s]       |                                                           [32m[KSetPosition[m[K
[2.182s] [01m[K/home/robofei/ROS2/action/src/dynamixel_sdk_examples/src/cmd_process.cpp:75:21:[m[K [01;31m[Kerror: [m[Kâ€˜[01m[Kstd_msgs[m[Kâ€™ was not declared in this scope
[2.183s]    75 |   rclcpp::Publisher<[01;31m[Kstd_msgs[m[K::msg::String>::SharedPtr publisher_;
[2.183s]       |                     [01;31m[K^~~~~~~~[m[K
[2.183s] [01m[K/home/robofei/ROS2/action/src/dynamixel_sdk_examples/src/cmd_process.cpp:75:42:[m[K [01;31m[Kerror: [m[Ktemplate argument 1 is invalid
[2.183s]    75 |   rclcpp::Publisher<std_msgs::msg::String[01;31m[K>[m[K::SharedPtr publisher_;
[2.183s]       |                                          [01;31m[K^[m[K
[2.183s] [01m[K/home/robofei/ROS2/action/src/dynamixel_sdk_examples/src/cmd_process.cpp:75:45:[m[K [01;31m[Kerror: [m[Kexpected â€˜[01m[K;[m[Kâ€™ at end of member declaration
[2.183s]    75 |   rclcpp::Publisher<std_msgs::msg::String>::[01;31m[KSharedPtr[m[K publisher_;
[2.183s]       |                                             [01;31m[K^~~~~~~~~[m[K
[2.183s]       |                                                      [32m[K;[m[K
[2.186s] [01m[K/home/robofei/ROS2/action/src/dynamixel_sdk_examples/src/cmd_process.cpp:75:55:[m[K [01;31m[Kerror: [m[Kâ€˜[01m[Kpublisher_[m[Kâ€™ does not name a type; did you mean â€˜[01m[Krcl_publisher_t[m[Kâ€™?
[2.186s]    75 |   rclcpp::Publisher<std_msgs::msg::String>::SharedPtr [01;31m[Kpublisher_[m[K;
[2.186s]       |                                                       [01;31m[K^~~~~~~~~~[m[K
[2.186s]       |                                                       [32m[Krcl_publisher_t[m[K
[2.191s] [01m[K/home/robofei/ROS2/action/src/dynamixel_sdk_examples/src/cmd_process.cpp:[m[K In constructor â€˜[01m[KAction_Editor_Pub::Action_Editor_Pub()[m[Kâ€™:
[2.191s] [01m[K/home/robofei/ROS2/action/src/dynamixel_sdk_examples/src/cmd_process.cpp:62:6:[m[K [01;31m[Kerror: [m[Kâ€˜[01m[Kpublisher_[m[Kâ€™ was not declared in this scope; did you mean â€˜[01m[Krcl_publisher_t[m[Kâ€™?
[2.191s]    62 |      [01;31m[Kpublisher_[m[K = this->create_publisher<dynamixel_sdk_custom_interfaces::msg::SetPosition>("set_unique_position", 10);
[2.191s]       |      [01;31m[K^~~~~~~~~~[m[K
[2.191s]       |      [32m[Krcl_publisher_t[m[K
[2.199s] [01m[K/home/robofei/ROS2/action/src/dynamixel_sdk_examples/src/cmd_process.cpp:63:3:[m[K [01;31m[Kerror: [m[Kâ€˜[01m[Kpublisher_sync[m[Kâ€™ was not declared in this scope
[2.199s]    63 |   [01;31m[Kpublisher_sync[m[K = this->create_publisher<dynamixel_sdk_custom_interfaces::msg::SetPositionSync>("set_position", 10);
[2.200s]       |   [01;31m[K^~~~~~~~~~~~~~[m[K
[2.200s] [01m[K/home/robofei/ROS2/action/src/dynamixel_sdk_examples/src/cmd_process.cpp:63:81:[m[K [01;31m[Kerror: [m[Kâ€˜[01m[KSetPositionSync[m[Kâ€™ is not a member of â€˜[01m[Kdynamixel_sdk_custom_interfaces::msg[m[Kâ€™; did you mean â€˜[01m[KSetPosition[m[Kâ€™?
[2.200s]    63 | this->create_publisher<dynamixel_sdk_custom_interfaces::msg::[01;31m[KSetPositionSync[m[K>("set_position", 10);
[2.200s]       |                                                              [01;31m[K^~~~~~~~~~~~~~~[m[K
[2.200s]       |                                                              [32m[KSetPosition[m[K
[2.200s] [01m[K/home/robofei/ROS2/action/src/dynamixel_sdk_examples/src/cmd_process.cpp:63:81:[m[K [01;31m[Kerror: [m[Kâ€˜[01m[KSetPositionSync[m[Kâ€™ is not a member of â€˜[01m[Kdynamixel_sdk_custom_interfaces::msg[m[Kâ€™; did you mean â€˜[01m[KSetPosition[m[Kâ€™?
[2.200s]    63 | this->create_publisher<dynamixel_sdk_custom_interfaces::msg::[01;31m[KSetPositionSync[m[K>("set_position", 10);
[2.200s]       |                                                              [01;31m[K^~~~~~~~~~~~~~~[m[K
[2.200s]       |                                                              [32m[KSetPosition[m[K
[2.200s] [01m[K/home/robofei/ROS2/action/src/dynamixel_sdk_examples/src/cmd_process.cpp:63:116:[m[K [01;31m[Kerror: [m[Kno matching function for call to â€˜[01m[KAction_Editor_Pub::create_publisher<<expression error> >(const char [13], int)[m[Kâ€™
[2.200s]    63 | k_custom_interfaces::msg::SetPositionSync>("set_position", 10[01;31m[K)[m[K;
[2.200s]       |                                                              [01;31m[K^[m[K
[2.200s] 
[2.200s] In file included from [01m[K/opt/ros/foxy/include/rclcpp/node.hpp:1224[m[K,
[2.201s]                  from [01m[K/opt/ros/foxy/include/rclcpp/executors/single_threaded_executor.hpp:28[m[K,
[2.201s]                  from [01m[K/opt/ros/foxy/include/rclcpp/executors.hpp:22[m[K,
[2.201s]                  from [01m[K/opt/ros/foxy/include/rclcpp/rclcpp.hpp:146[m[K,
[2.201s]                  from [01m[K/home/robofei/ROS2/action/src/dynamixel_sdk_examples/src/cmd_process.cpp:17[m[K:
[2.201s] [01m[K/opt/ros/foxy/include/rclcpp/node_impl.hpp:71:1:[m[K [01;36m[Knote: [m[Kcandidate: â€˜[01m[Ktemplate<class MessageT, class AllocatorT, class PublisherT> std::shared_ptr<PublisherT> rclcpp::Node::create_publisher(const string&, const rclcpp::QoS&, const rclcpp::PublisherOptionsWithAllocator<AllocatorT>&)[m[Kâ€™
[2.201s]    71 | [01;36m[KNode[m[K::create_publisher(
[2.201s]       | [01;36m[K^~~~[m[K
[2.201s] [01m[K/opt/ros/foxy/include/rclcpp/node_impl.hpp:71:1:[m[K [01;36m[Knote: [m[K  template argument deduction/substitution failed:
[2.201s] [01m[K/home/robofei/ROS2/action/src/dynamixel_sdk_examples/src/cmd_process.cpp:63:116:[m[K [01;31m[Kerror: [m[Ktemplate argument 1 is invalid
[2.201s]    63 | k_custom_interfaces::msg::SetPositionSync>("set_position", 10[01;31m[K)[m[K;
[2.201s]       |                                                              [01;31m[K^[m[K
[2.201s] 
[2.211s] [01m[K/home/robofei/ROS2/action/src/dynamixel_sdk_examples/src/cmd_process.cpp:[m[K In member function â€˜[01m[Kvoid Action_Editor_Pub::timer_callback()[m[Kâ€™:
[2.211s] [01m[K/home/robofei/ROS2/action/src/dynamixel_sdk_examples/src/cmd_process.cpp:72:61:[m[K [01;31m[Kerror: [m[Kâ€˜[01m[KSetPositionSync[m[Kâ€™ is not a member of â€˜[01m[Kdynamixel_sdk_custom_interfaces::msg[m[Kâ€™; did you mean â€˜[01m[KSetPosition[m[Kâ€™?
[2.211s]    72 |   auto message_sync = dynamixel_sdk_custom_interfaces::msg::[01;31m[KSetPositionSync[m[K();
[2.211s]       |                                                             [01;31m[K^~~~~~~~~~~~~~~[m[K
[2.212s]       |                                                             [32m[KSetPosition[m[K
[2.214s] [01m[K/home/robofei/ROS2/action/src/dynamixel_sdk_examples/src/cmd_process.cpp:[m[K In member function â€˜[01m[Kvoid Action_Editor_Pub::DrawIntro()[m[Kâ€™:
[2.214s] [01m[K/home/robofei/ROS2/action/src/dynamixel_sdk_examples/src/cmd_process.cpp:325:10:[m[K [01;35m[Kwarning: [m[Knon-ISO-standard escape sequence, '\e'
[2.214s]   325 |   system([01;35m[K"printf '\e[8;27;80t'"[m[K);
[2.214s]       |          [01;35m[K^~~~~~~~~~~~~~~~~~~~~~[m[K
[2.218s] [01m[K/home/robofei/ROS2/action/src/dynamixel_sdk_examples/src/cmd_process.cpp:[m[K In member function â€˜[01m[Kvoid Action_Editor_Pub::DrawStep(int)[m[Kâ€™:
[2.218s] [01m[K/home/robofei/ROS2/action/src/dynamixel_sdk_examples/src/cmd_process.cpp:484:26:[m[K [01;35m[Kwarning: [m[Ksuggest parentheses around â€˜[01m[K+[m[Kâ€™ in operand of â€˜[01m[K&[m[Kâ€™ [[01;35m[K-Wparentheses[m[K]
[2.218s]   484 |    if([01;35m[Kstep->position[id] + MotionManager::GetInstance()->m_Offset[id][m[K & Action::INVALID_BIT_MASK)
[2.218s]       |       [01;35m[K~~~~~~~~~~~~~~~~~~~^~~~~~~~~~~~~~~~~~~~~~~~~~~~~~~~~~~~~~~~~~~~[m[K
[2.218s] [01m[K/home/robofei/ROS2/action/src/dynamixel_sdk_examples/src/cmd_process.cpp:486:31:[m[K [01;35m[Kwarning: [m[Ksuggest parentheses around â€˜[01m[K+[m[Kâ€™ in operand of â€˜[01m[K&[m[Kâ€™ [[01;35m[K-Wparentheses[m[K]
[2.218s]   486 |    else if([01;35m[Kstep->position[id] + MotionManager::GetInstance()->m_Offset[id][m[K & Action::TORQUE_OFF_BIT_MASK)
[2.218s]       |            [01;35m[K~~~~~~~~~~~~~~~~~~~^~~~~~~~~~~~~~~~~~~~~~~~~~~~~~~~~~~~~~~~~~~~[m[K
[2.224s] [01m[K/home/robofei/ROS2/action/src/dynamixel_sdk_examples/src/cmd_process.cpp:[m[K In member function â€˜[01m[Kvoid Action_Editor_Pub::SetValue(int)[m[Kâ€™:
[2.224s] [01m[K/home/robofei/ROS2/action/src/dynamixel_sdk_examples/src/cmd_process.cpp:729:6:[m[K [01;31m[Kerror: [m[Kâ€˜[01m[Kpublisher_[m[Kâ€™ was not declared in this scope; did you mean â€˜[01m[Krcl_publisher_t[m[Kâ€™?
[2.224s]   729 |      [01;31m[Kpublisher_[m[K->publish(message_unique);
[2.224s]       |      [01;31m[K^~~~~~~~~~[m[K
[2.224s]       |      [32m[Krcl_publisher_t[m[K
[2.224s] [01m[K/home/robofei/ROS2/action/src/dynamixel_sdk_examples/src/cmd_process.cpp:726:10:[m[K [01;35m[Kwarning: [m[Kunused variable â€˜[01m[Kerror[m[Kâ€™ [[01;35m[K-Wunused-variable[m[K]
[2.224s]   726 |      int [01;35m[Kerror[m[K;
[2.224s]       |          [01;35m[K^~~~~[m[K
[2.225s] [01m[K/home/robofei/ROS2/action/src/dynamixel_sdk_examples/src/cmd_process.cpp:791:42:[m[K [01;35m[Kwarning: [m[Ksuggest parentheses around â€˜[01m[K+[m[Kâ€™ in operand of â€˜[01m[K&[m[Kâ€™ [[01;35m[K-Wparentheses[m[K]
[2.225s]   791 |      if(!([01;35m[KPage.step[i].position[row + 1] + MotionManager::GetInstance()->m_Offset[row + 1][m[K & Action::INVALID_BIT_MASK))
[2.225s]       |           [01;35m[K~~~~~~~~~~~~~~~~~~~~~~~~~~~~~~~^~~~~~~~~~~~~~~~~~~~~~~~~~~~~~~~~~~~~~~~~~~~~~~~~[m[K
[2.225s] [01m[K/home/robofei/ROS2/action/src/dynamixel_sdk_examples/src/cmd_process.cpp:[m[K In member function â€˜[01m[Kvoid Action_Editor_Pub::ToggleTorque()[m[Kâ€™:
[2.225s] [01m[K/home/robofei/ROS2/action/src/dynamixel_sdk_examples/src/cmd_process.cpp:894:7:[m[K [01;35m[Kwarning: [m[Kunused variable â€˜[01m[Kid[m[Kâ€™ [[01;35m[K-Wunused-variable[m[K]
[2.225s]   894 |   int [01;35m[Kid[m[K = Row + 1;
[2.225s]       |       [01;35m[K^~[m[K
[2.227s] [01m[K/home/robofei/ROS2/action/src/dynamixel_sdk_examples/src/cmd_process.cpp:[m[K In member function â€˜[01m[Kvoid Action_Editor_Pub::PlayCmd()[m[Kâ€™:
[2.227s] [01m[K/home/robofei/ROS2/action/src/dynamixel_sdk_examples/src/cmd_process.cpp:1000:7:[m[K [01;35m[Kwarning: [m[Kunused variable â€˜[01m[Kvalue[m[Kâ€™ [[01;35m[K-Wunused-variable[m[K]
[2.227s]  1000 |   int [01;35m[Kvalue[m[K;
[2.227s]       |       [01;35m[K^~~~~[m[K
[2.227s] [01m[K/home/robofei/ROS2/action/src/dynamixel_sdk_examples/src/cmd_process.cpp:[m[K In member function â€˜[01m[Kvoid Action_Editor_Pub::OnOffCmd(bool, int, int*)[m[Kâ€™:
[2.228s] [01m[K/home/robofei/ROS2/action/src/dynamixel_sdk_examples/src/cmd_process.cpp:1124:21:[m[K [01;35m[Kwarning: [m[Kunused parameter â€˜[01m[Kon[m[Kâ€™ [[01;35m[K-Wunused-parameter[m[K]
[2.228s]  1124 |  void OnOffCmd([01;35m[Kbool on[m[K, int num_param, int *list)
[2.228s]       |                [01;35m[K~~~~~^~[m[K
[2.228s] [01m[K/home/robofei/ROS2/action/src/dynamixel_sdk_examples/src/cmd_process.cpp:1124:29:[m[K [01;35m[Kwarning: [m[Kunused parameter â€˜[01m[Knum_param[m[Kâ€™ [[01;35m[K-Wunused-parameter[m[K]
[2.228s]  1124 |  void OnOffCmd(bool on, [01;35m[Kint num_param[m[K, int *list)
[2.228s]       |                         [01;35m[K~~~~^~~~~~~~~[m[K
[2.228s] [01m[K/home/robofei/ROS2/action/src/dynamixel_sdk_examples/src/cmd_process.cpp:1124:45:[m[K [01;35m[Kwarning: [m[Kunused parameter â€˜[01m[Klist[m[Kâ€™ [[01;35m[K-Wunused-parameter[m[K]
[2.228s]  1124 |  void OnOffCmd(bool on, int num_param, [01;35m[Kint *list[m[K)
[2.228s]       |                                        [01;35m[K~~~~~^~~~[m[K
[2.228s] [01m[K/home/robofei/ROS2/action/src/dynamixel_sdk_examples/src/cmd_process.cpp:[m[K In member function â€˜[01m[Kvoid Action_Editor_Pub::WriteStepCmd(int)[m[Kâ€™:
[2.228s] [01m[K/home/robofei/ROS2/action/src/dynamixel_sdk_examples/src/cmd_process.cpp:1134:25:[m[K [01;35m[Kwarning: [m[Ksuggest parentheses around â€˜[01m[K+[m[Kâ€™ in operand of â€˜[01m[K&[m[Kâ€™ [[01;35m[K-Wparentheses[m[K]
[2.228s]  1134 |    if([01;35m[KStep.position[id] + MotionManager::GetInstance()->m_Offset[id][m[K & Action::TORQUE_OFF_BIT_MASK)
[2.229s]       |       [01;35m[K~~~~~~~~~~~~~~~~~~^~~~~~~~~~~~~~~~~~~~~~~~~~~~~~~~~~~~~~~~~~~~[m[K
[2.229s] [01m[K/home/robofei/ROS2/action/src/dynamixel_sdk_examples/src/cmd_process.cpp:[m[K In member function â€˜[01m[Kvoid Action_Editor_Pub::InsertStepCmd(int)[m[Kâ€™:
[2.229s] [01m[K/home/robofei/ROS2/action/src/dynamixel_sdk_examples/src/cmd_process.cpp:1191:25:[m[K [01;35m[Kwarning: [m[Ksuggest parentheses around â€˜[01m[K+[m[Kâ€™ in operand of â€˜[01m[K&[m[Kâ€™ [[01;35m[K-Wparentheses[m[K]
[2.229s]  1191 |    if([01;35m[KStep.position[id] + MotionManager::GetInstance()->m_Offset[id][m[K & Action::TORQUE_OFF_BIT_MASK)
[2.229s]       |       [01;35m[K~~~~~~~~~~~~~~~~~~^~~~~~~~~~~~~~~~~~~~~~~~~~~~~~~~~~~~~~~~~~~~[m[K
[2.229s] [01m[K/home/robofei/ROS2/action/src/dynamixel_sdk_examples/src/cmd_process.cpp:[m[K In member function â€˜[01m[Kvoid Action_Editor_Pub::GoCmd(int)[m[Kâ€™:
[2.230s] [01m[K/home/robofei/ROS2/action/src/dynamixel_sdk_examples/src/cmd_process.cpp:1318:37:[m[K [01;35m[Kwarning: [m[Ksuggest parentheses around â€˜[01m[K+[m[Kâ€™ in operand of â€˜[01m[K&[m[Kâ€™ [[01;35m[K-Wparentheses[m[K]
[2.230s]  1318 |    if([01;35m[KPage.step[index].position[id] + MotionManager::GetInstance()->m_Offset[id][m[K & Action::INVALID_BIT_MASK)
[2.230s]       |       [01;35m[K~~~~~~~~~~~~~~~~~~~~~~~~~~~~~~^~~~~~~~~~~~~~~~~~~~~~~~~~~~~~~~~~~~~~~~~~~~[m[K
[2.235s] [01m[K/home/robofei/ROS2/action/src/dynamixel_sdk_examples/src/cmd_process.cpp:1337:5:[m[K [01;31m[Kerror: [m[Kâ€˜[01m[Kpublisher_sync[m[Kâ€™ was not declared in this scope
[2.235s]  1337 |     [01;31m[Kpublisher_sync[m[K->publish(message_sync);
[2.235s]       |     [01;31m[K^~~~~~~~~~~~~~[m[K
[2.235s] [01m[K/home/robofei/ROS2/action/src/dynamixel_sdk_examples/src/cmd_process.cpp:1309:7:[m[K [01;35m[Kwarning: [m[Kunused variable â€˜[01m[Kparam[m[Kâ€™ [[01;35m[K-Wunused-variable[m[K]
[2.235s]  1309 |   int [01;35m[Kparam[m[K[JointData::NUMBER_OF_JOINTS * 5];
[2.235s]       |       [01;35m[K^~~~~[m[K
[2.235s] [01m[K/home/robofei/ROS2/action/src/dynamixel_sdk_examples/src/cmd_process.cpp:1310:26:[m[K [01;35m[Kwarning: [m[Kunused variable â€˜[01m[KwStartPosition[m[Kâ€™ [[01;35m[K-Wunused-variable[m[K]
[2.235s]  1310 |   int wGoalPosition[19], [01;35m[KwStartPosition[m[K;
[2.235s]       |                          [01;35m[K^~~~~~~~~~~~~~[m[K
[3.115s] make[2]: *** [CMakeFiles/cmd_node.dir/build.make:63: CMakeFiles/cmd_node.dir/src/cmd_process.cpp.o] Error 1
[3.116s] make[1]: *** [CMakeFiles/Makefile2:78: CMakeFiles/cmd_node.dir/all] Error 2
[3.116s] make: *** [Makefile:141: all] Error 2
[3.118s] Invoked command in '/home/robofei/ROS2/action/build/dynamixel_sdk_examples' returned '2': CMAKE_PREFIX_PATH=${CMAKE_PREFIX_PATH}:/opt/ros/foxy /usr/bin/cmake --build /home/robofei/ROS2/action/build/dynamixel_sdk_examples -- -j4 -l4
