[35m[1mScanning dependencies of target control[0m
[ 50%] [32mBuilding CXX object CMakeFiles/control.dir/src/control.cpp.o[0m
[01m[K/home/robofei/ROS2/action/src/control/src/control.cpp:[m[K In member function â€˜[01m[Kvoid Control::topic_callback_imu(std::shared_ptr<sensor_msgs::msg::Imu_<std::allocator<void> > >) const[m[Kâ€™:
[01m[K/home/robofei/ROS2/action/src/control/src/control.cpp:41:36:[m[K [01;31m[Kerror: [m[Kâ€˜[01m[Kconst class std::shared_ptr<sensor_msgs::msg::Imu_<std::allocator<void> > >[m[Kâ€™ has no member named â€˜[01m[Kangular_velocity[m[Kâ€™
   41 |       float IMU_ACCEL_Z = imu_msg_.[01;31m[Kangular_velocity[m[K.z;
      |                                    [01;31m[K^~~~~~~~~~~~~~~~[m[K
[01m[K/home/robofei/ROS2/action/src/control/src/control.cpp:41:13:[m[K [01;35m[Kwarning: [m[Kunused variable â€˜[01m[KIMU_ACCEL_Z[m[Kâ€™ [[01;35m[K-Wunused-variable[m[K]
   41 |       float [01;35m[KIMU_ACCEL_Z[m[K = imu_msg_.angular_velocity.z;
      |             [01;35m[K^~~~~~~~~~~[m[K
make[2]: *** [CMakeFiles/control.dir/build.make:63: CMakeFiles/control.dir/src/control.cpp.o] Error 1
make[1]: *** [CMakeFiles/Makefile2:78: CMakeFiles/control.dir/all] Error 2
make: *** [Makefile:141: all] Error 2
