[01m[K/home/robo/ROS2/walk_test/src/control/src/action_editor/main.cpp:[m[K In function â€˜[01m[Kint process()[m[Kâ€™:
[01m[K/home/robo/ROS2/walk_test/src/control/src/action_editor/main.cpp:104:14:[m[K [01;31m[Kerror: [m[Kâ€˜[01m[K_getch[m[Kâ€™ was not declared in this scope; did you mean â€˜[01m[Kwgetch[m[Kâ€™?
  104 |         ch = [01;31m[K_getch[m[K();
      |              [01;31m[K^~~~~~[m[K
      |              [32m[Kwgetch[m[K
[01m[K/home/robo/ROS2/walk_test/src/control/src/action_editor/main.cpp:113:21:[m[K [01;31m[Kerror: [m[Kâ€˜[01m[KMoveUpCursor[m[Kâ€™ was not declared in this scope
  113 |                     [01;31m[KMoveUpCursor[m[K();
      |                     [01;31m[K^~~~~~~~~~~~[m[K
[01m[K/home/robo/ROS2/walk_test/src/control/src/action_editor/main.cpp:115:21:[m[K [01;31m[Kerror: [m[Kâ€˜[01m[KMoveDownCursor[m[Kâ€™ was not declared in this scope
  115 |                     [01;31m[KMoveDownCursor[m[K();
      |                     [01;31m[K^~~~~~~~~~~~~~[m[K
[01m[K/home/robo/ROS2/walk_test/src/control/src/action_editor/main.cpp:117:21:[m[K [01;31m[Kerror: [m[Kâ€˜[01m[KMoveLeftCursor[m[Kâ€™ was not declared in this scope
  117 |                     [01;31m[KMoveLeftCursor[m[K();
      |                     [01;31m[K^~~~~~~~~~~~~~[m[K
[01m[K/home/robo/ROS2/walk_test/src/control/src/action_editor/main.cpp:119:21:[m[K [01;31m[Kerror: [m[Kâ€˜[01m[KMoveRightCursor[m[Kâ€™ was not declared in this scope
  119 |                     [01;31m[KMoveRightCursor[m[K();
      |                     [01;31m[K^~~~~~~~~~~~~~~[m[K
[01m[K/home/robo/ROS2/walk_test/src/control/src/action_editor/main.cpp:123:13:[m[K [01;31m[Kerror: [m[Kâ€˜[01m[KUpDownValue[m[Kâ€™ was not declared in this scope
  123 |             [01;31m[KUpDownValue[m[K(-1);
      |             [01;31m[K^~~~~~~~~~~[m[K
[01m[K/home/robo/ROS2/walk_test/src/control/src/action_editor/main.cpp:125:13:[m[K [01;31m[Kerror: [m[Kâ€˜[01m[KUpDownValue[m[Kâ€™ was not declared in this scope
  125 |             [01;31m[KUpDownValue[m[K(1);
      |             [01;31m[K^~~~~~~~~~~[m[K
[01m[K/home/robo/ROS2/walk_test/src/control/src/action_editor/main.cpp:127:13:[m[K [01;31m[Kerror: [m[Kâ€˜[01m[KUpDownValue[m[Kâ€™ was not declared in this scope
  127 |             [01;31m[KUpDownValue[m[K(-10);
      |             [01;31m[K^~~~~~~~~~~[m[K
[01m[K/home/robo/ROS2/walk_test/src/control/src/action_editor/main.cpp:129:13:[m[K [01;31m[Kerror: [m[Kâ€˜[01m[KUpDownValue[m[Kâ€™ was not declared in this scope
  129 |             [01;31m[KUpDownValue[m[K(10);
      |             [01;31m[K^~~~~~~~~~~[m[K
[01m[K/home/robo/ROS2/walk_test/src/control/src/action_editor/main.cpp:131:13:[m[K [01;31m[Kerror: [m[Kâ€˜[01m[KToggleTorque[m[Kâ€™ was not declared in this scope
  131 |             [01;31m[KToggleTorque[m[K();
      |             [01;31m[K^~~~~~~~~~~~[m[K
[01m[K/home/robo/ROS2/walk_test/src/control/src/action_editor/main.cpp:143:13:[m[K [01;31m[Kerror: [m[Kâ€˜[01m[KBeginCommandMode[m[Kâ€™ was not declared in this scope
  143 |             [01;31m[KBeginCommandMode[m[K();
      |             [01;31m[K^~~~~~~~~~~~~~~~[m[K
[01m[K/home/robo/ROS2/walk_test/src/control/src/action_editor/main.cpp:194:28:[m[K [01;31m[Kerror: [m[Kâ€˜[01m[KAskSave[m[Kâ€™ was not declared in this scope
  194 |                         if([01;31m[KAskSave[m[K() == false)
      |                            [01;31m[K^~~~~~~[m[K
[01m[K/home/robo/ROS2/walk_test/src/control/src/action_editor/main.cpp:198:25:[m[K [01;31m[Kerror: [m[Kâ€˜[01m[KDrawPage[m[Kâ€™ was not declared in this scope
  198 |                         [01;31m[KDrawPage[m[K();
      |                         [01;31m[K^~~~~~~~[m[K
[01m[K/home/robo/ROS2/walk_test/src/control/src/action_editor/main.cpp:201:25:[m[K [01;31m[Kerror: [m[Kâ€˜[01m[KHelpCmd[m[Kâ€™ was not declared in this scope
  201 |                         [01;31m[KHelpCmd[m[K();
      |                         [01;31m[K^~~~~~~[m[K
[01m[K/home/robo/ROS2/walk_test/src/control/src/action_editor/main.cpp:203:25:[m[K [01;31m[Kerror: [m[Kâ€˜[01m[KNextCmd[m[Kâ€™ was not declared in this scope
  203 |                         [01;31m[KNextCmd[m[K();
      |                         [01;31m[K^~~~~~~[m[K
[01m[K/home/robo/ROS2/walk_test/src/control/src/action_editor/main.cpp:205:25:[m[K [01;31m[Kerror: [m[Kâ€˜[01m[KPrevCmd[m[Kâ€™ was not declared in this scope
  205 |                         [01;31m[KPrevCmd[m[K();
      |                         [01;31m[K^~~~~~~[m[K
[01m[K/home/robo/ROS2/walk_test/src/control/src/action_editor/main.cpp:207:25:[m[K [01;31m[Kerror: [m[Kâ€˜[01m[KTimeCmd[m[Kâ€™ was not declared in this scope
  207 |                         [01;31m[KTimeCmd[m[K();
      |                         [01;31m[K^~~~~~~[m[K
[01m[K/home/robo/ROS2/walk_test/src/control/src/action_editor/main.cpp:209:25:[m[K [01;31m[Kerror: [m[Kâ€˜[01m[KSpeedCmd[m[Kâ€™ was not declared in this scope
  209 |                         [01;31m[KSpeedCmd[m[K();
      |                         [01;31m[K^~~~~~~~[m[K
[01m[K/home/robo/ROS2/walk_test/src/control/src/action_editor/main.cpp:213:29:[m[K [01;31m[Kerror: [m[Kâ€˜[01m[KPageCmd[m[Kâ€™ was not declared in this scope
  213 |                             [01;31m[KPageCmd[m[K(iparam[0]);
      |                             [01;31m[K^~~~~~~[m[K
[01m[K/home/robo/ROS2/walk_test/src/control/src/action_editor/main.cpp:215:29:[m[K [01;31m[Kerror: [m[Kâ€˜[01m[KPrintCmd[m[Kâ€™ was not declared in this scope
  215 |                             [01;31m[KPrintCmd[m[K("Need parameter");
      |                             [01;31m[K^~~~~~~~[m[K
[01m[K/home/robo/ROS2/walk_test/src/control/src/action_editor/main.cpp:219:25:[m[K [01;31m[Kerror: [m[Kâ€˜[01m[KPlayCmd[m[Kâ€™ was not declared in this scope
  219 |                         [01;31m[KPlayCmd[m[K();
      |                         [01;31m[K^~~~~~~[m[K
[01m[K/home/robo/ROS2/walk_test/src/control/src/action_editor/main.cpp:224:29:[m[K [01;31m[Kerror: [m[Kâ€˜[01m[KSetValue[m[Kâ€™ was not declared in this scope
  224 |                             [01;31m[KSetValue[m[K(iparam[0]);
      |                             [01;31m[K^~~~~~~~[m[K
[01m[K/home/robo/ROS2/walk_test/src/control/src/action_editor/main.cpp:226:29:[m[K [01;31m[Kerror: [m[Kâ€˜[01m[KPrintCmd[m[Kâ€™ was not declared in this scope
  226 |                             [01;31m[KPrintCmd[m[K("Need parameter");
      |                             [01;31m[K^~~~~~~~[m[K
[01m[K/home/robo/ROS2/walk_test/src/control/src/action_editor/main.cpp:229:25:[m[K [01;31m[Kerror: [m[Kâ€˜[01m[KListCmd[m[Kâ€™ was not declared in this scope
  229 |                         [01;31m[KListCmd[m[K();
      |                         [01;31m[K^~~~~~~[m[K
[01m[K/home/robo/ROS2/walk_test/src/control/src/action_editor/main.cpp:231:25:[m[K [01;31m[Kerror: [m[Kâ€˜[01m[KOnOffCmd[m[Kâ€™ was not declared in this scope
  231 |                         [01;31m[KOnOffCmd[m[K(true, num_param, iparam);
      |                         [01;31m[K^~~~~~~~[m[K
[01m[K/home/robo/ROS2/walk_test/src/control/src/action_editor/main.cpp:233:25:[m[K [01;31m[Kerror: [m[Kâ€˜[01m[KOnOffCmd[m[Kâ€™ was not declared in this scope
  233 |                         [01;31m[KOnOffCmd[m[K(false, num_param, iparam);
      |                         [01;31m[K^~~~~~~~[m[K
[01m[K/home/robo/ROS2/walk_test/src/control/src/action_editor/main.cpp:237:29:[m[K [01;31m[Kerror: [m[Kâ€˜[01m[KWriteStepCmd[m[Kâ€™ was not declared in this scope
  237 |                             [01;31m[KWriteStepCmd[m[K(iparam[0]);
      |                             [01;31m[K^~~~~~~~~~~~[m[K
[01m[K/home/robo/ROS2/walk_test/src/control/src/action_editor/main.cpp:239:29:[m[K [01;31m[Kerror: [m[Kâ€˜[01m[KPrintCmd[m[Kâ€™ was not declared in this scope
  239 |                             [01;31m[KPrintCmd[m[K("Need parameter");
      |                             [01;31m[K^~~~~~~~[m[K
[01m[K/home/robo/ROS2/walk_test/src/control/src/action_editor/main.cpp:244:29:[m[K [01;31m[Kerror: [m[Kâ€˜[01m[KDeleteStepCmd[m[Kâ€™ was not declared in this scope
  244 |                             [01;31m[KDeleteStepCmd[m[K(iparam[0]);
      |                             [01;31m[K^~~~~~~~~~~~~[m[K
[01m[K/home/robo/ROS2/walk_test/src/control/src/action_editor/main.cpp:246:29:[m[K [01;31m[Kerror: [m[Kâ€˜[01m[KPrintCmd[m[Kâ€™ was not declared in this scope
  246 |                             [01;31m[KPrintCmd[m[K("Need parameter");
      |                             [01;31m[K^~~~~~~~[m[K
[01m[K/home/robo/ROS2/walk_test/src/control/src/action_editor/main.cpp:251:29:[m[K [01;31m[Kerror: [m[Kâ€˜[01m[KInsertStepCmd[m[Kâ€™ was not declared in this scope
  251 |                             [01;31m[KInsertStepCmd[m[K(0);
      |                             [01;31m[K^~~~~~~~~~~~~[m[K
[01m[K/home/robo/ROS2/walk_test/src/control/src/action_editor/main.cpp:253:29:[m[K [01;31m[Kerror: [m[Kâ€˜[01m[KInsertStepCmd[m[Kâ€™ was not declared in this scope
  253 |                             [01;31m[KInsertStepCmd[m[K(iparam[0]);
      |                             [01;31m[K^~~~~~~~~~~~~[m[K
[01m[K/home/robo/ROS2/walk_test/src/control/src/action_editor/main.cpp:258:29:[m[K [01;31m[Kerror: [m[Kâ€˜[01m[KMoveStepCmd[m[Kâ€™ was not declared in this scope
  258 |                             [01;31m[KMoveStepCmd[m[K(iparam[0], iparam[1]);
      |                             [01;31m[K^~~~~~~~~~~[m[K
[01m[K/home/robo/ROS2/walk_test/src/control/src/action_editor/main.cpp:260:29:[m[K [01;31m[Kerror: [m[Kâ€˜[01m[KPrintCmd[m[Kâ€™ was not declared in this scope
  260 |                             [01;31m[KPrintCmd[m[K("Need parameter");
      |                             [01;31m[K^~~~~~~~[m[K
[01m[K/home/robo/ROS2/walk_test/src/control/src/action_editor/main.cpp:265:29:[m[K [01;31m[Kerror: [m[Kâ€˜[01m[KCopyCmd[m[Kâ€™ was not declared in this scope
  265 |                             [01;31m[KCopyCmd[m[K(iparam[0]);
      |                             [01;31m[K^~~~~~~[m[K
[01m[K/home/robo/ROS2/walk_test/src/control/src/action_editor/main.cpp:267:29:[m[K [01;31m[Kerror: [m[Kâ€˜[01m[KPrintCmd[m[Kâ€™ was not declared in this scope
  267 |                             [01;31m[KPrintCmd[m[K("Need parameter");
      |                             [01;31m[K^~~~~~~~[m[K
[01m[K/home/robo/ROS2/walk_test/src/control/src/action_editor/main.cpp:270:25:[m[K [01;31m[Kerror: [m[Kâ€˜[01m[KNewCmd[m[Kâ€™ was not declared in this scope
  270 |                         [01;31m[KNewCmd[m[K();
      |                         [01;31m[K^~~~~~[m[K
[01m[K/home/robo/ROS2/walk_test/src/control/src/action_editor/main.cpp:274:29:[m[K [01;31m[Kerror: [m[Kâ€˜[01m[KGoCmd[m[Kâ€™ was not declared in this scope
  274 |                             [01;31m[KGoCmd[m[K(iparam[0]);
      |                             [01;31m[K^~~~~[m[K
[01m[K/home/robo/ROS2/walk_test/src/control/src/action_editor/main.cpp:276:29:[m[K [01;31m[Kerror: [m[Kâ€˜[01m[KPrintCmd[m[Kâ€™ was not declared in this scope
  276 |                             [01;31m[KPrintCmd[m[K("Need parameter");
      |                             [01;31m[K^~~~~~~~[m[K
[01m[K/home/robo/ROS2/walk_test/src/control/src/action_editor/main.cpp:279:25:[m[K [01;31m[Kerror: [m[Kâ€˜[01m[KSaveCmd[m[Kâ€™ was not declared in this scope
  279 |                         [01;31m[KSaveCmd[m[K();
      |                         [01;31m[K^~~~~~~[m[K
[01m[K/home/robo/ROS2/walk_test/src/control/src/action_editor/main.cpp:281:25:[m[K [01;31m[Kerror: [m[Kâ€˜[01m[KNameCmd[m[Kâ€™ was not declared in this scope
  281 |                         [01;31m[KNameCmd[m[K();
      |                         [01;31m[K^~~~~~~[m[K
[01m[K/home/robo/ROS2/walk_test/src/control/src/action_editor/main.cpp:284:7:[m[K [01;31m[Kerror: [m[Kâ€˜[01m[KgoInitPage[m[Kâ€™ was not declared in this scope
  284 |       [01;31m[KgoInitPage[m[K();
      |       [01;31m[K^~~~~~~~~~[m[K
[01m[K/home/robo/ROS2/walk_test/src/control/src/action_editor/main.cpp:285:7:[m[K [01;31m[Kerror: [m[Kâ€˜[01m[KPlayCmd[m[Kâ€™ was not declared in this scope
  285 |       [01;31m[KPlayCmd[m[K();
      |       [01;31m[K^~~~~~~[m[K
[01m[K/home/robo/ROS2/walk_test/src/control/src/action_editor/cmd_process.cpp:30:26:[m[K [01;35m[Kwarning: [m[Knon-ISO-standard escape sequence, '\e'
   30 | const std::string azul = [01;35m[K"\e[0;36m"[m[K;
      |                          [01;35m[K^~~~~~~~~~[m[K
[01m[K/home/robo/ROS2/walk_test/src/control/src/action_editor/cmd_process.cpp:31:27:[m[K [01;35m[Kwarning: [m[Knon-ISO-standard escape sequence, '\e'
   31 | const std::string azulE = [01;35m[K"\e[0;34m"[m[K;
      |                           [01;35m[K^~~~~~~~~~[m[K
[01m[K/home/robo/ROS2/walk_test/src/control/src/action_editor/cmd_process.cpp:32:27:[m[K [01;35m[Kwarning: [m[Knon-ISO-standard escape sequence, '\e'
   32 | const std::string amare = [01;35m[K"\e[0;33m"[m[K;
      |                           [01;35m[K^~~~~~~~~~[m[K
[01m[K/home/robo/ROS2/walk_test/src/control/src/action_editor/cmd_process.cpp:33:27:[m[K [01;35m[Kwarning: [m[Knon-ISO-standard escape sequence, '\e'
   33 | const std::string verde = [01;35m[K"\e[0;32m"[m[K;
      |                           [01;35m[K^~~~~~~~~~[m[K
[01m[K/home/robo/ROS2/walk_test/src/control/src/action_editor/cmd_process.cpp:34:25:[m[K [01;35m[Kwarning: [m[Knon-ISO-standard escape sequence, '\e'
   34 | const std::string red = [01;35m[K"\e[0;31m"[m[K;
      |                         [01;35m[K^~~~~~~~~~[m[K
[01m[K/home/robo/ROS2/walk_test/src/control/src/action_editor/cmd_process.cpp:35:26:[m[K [01;35m[Kwarning: [m[Knon-ISO-standard escape sequence, '\e'
   35 | const std::string gray = [01;35m[K"\e[0;37m"[m[K;
      |                          [01;35m[K^~~~~~~~~~[m[K
[01m[K/home/robo/ROS2/walk_test/src/control/src/action_editor/cmd_process.cpp:36:26:[m[K [01;35m[Kwarning: [m[Knon-ISO-standard escape sequence, '\e'
   36 | const std::string nulo = [01;35m[K"\e[0m"[m[K;
      |                          [01;35m[K^~~~~~~[m[K
[01m[K/home/robo/ROS2/walk_test/src/control/src/action_editor/cmd_process.cpp:38:27:[m[K [01;35m[Kwarning: [m[Knon-ISO-standard escape sequence, '\e'
   38 | const std::string Lazul = [01;35m[K"\e[96m"[m[K;
      |                           [01;35m[K^~~~~~~~[m[K
[01m[K/home/robo/ROS2/walk_test/src/control/src/action_editor/cmd_process.cpp:39:28:[m[K [01;35m[Kwarning: [m[Knon-ISO-standard escape sequence, '\e'
   39 | const std::string LazulE = [01;35m[K"\e[94m"[m[K;
      |                            [01;35m[K^~~~~~~~[m[K
[01m[K/home/robo/ROS2/walk_test/src/control/src/action_editor/cmd_process.cpp:40:28:[m[K [01;35m[Kwarning: [m[Knon-ISO-standard escape sequence, '\e'
   40 | const std::string Lamare = [01;35m[K"\e[93m"[m[K;
      |                            [01;35m[K^~~~~~~~[m[K
[01m[K/home/robo/ROS2/walk_test/src/control/src/action_editor/cmd_process.cpp:41:28:[m[K [01;35m[Kwarning: [m[Knon-ISO-standard escape sequence, '\e'
   41 | const std::string Lverde = [01;35m[K"\e[92m"[m[K;
      |                            [01;35m[K^~~~~~~~[m[K
[01m[K/home/robo/ROS2/walk_test/src/control/src/action_editor/cmd_process.cpp:42:26:[m[K [01;35m[Kwarning: [m[Knon-ISO-standard escape sequence, '\e'
   42 | const std::string Lred = [01;35m[K"\e[91m"[m[K;
      |                          [01;35m[K^~~~~~~~[m[K
[01m[K/home/robo/ROS2/walk_test/src/control/src/action_editor/cmd_process.cpp:43:27:[m[K [01;35m[Kwarning: [m[Knon-ISO-standard escape sequence, '\e'
   43 | const std::string Lgray = [01;35m[K"\e[97m"[m[K;
      |                           [01;35m[K^~~~~~~~[m[K
[01m[K/home/robo/ROS2/walk_test/src/control/src/action_editor/main.cpp:286:7:[m[K [01;31m[Kerror: [m[Kâ€˜[01m[KbackToPage[m[Kâ€™ was not declared in this scope
  286 |       [01;31m[KbackToPage[m[K();
      |       [01;31m[K^~~~~~~~~~[m[K
[01m[K/home/robo/ROS2/walk_test/src/control/src/action_editor/main.cpp:289:7:[m[K [01;31m[Kerror: [m[Kâ€˜[01m[KreadServo[m[Kâ€™ was not declared in this scope
  289 |       [01;31m[KreadServo[m[K();
      |       [01;31m[K^~~~~~~~~[m[K
[01m[K/home/robo/ROS2/walk_test/src/control/src/action_editor/main.cpp:291:25:[m[K [01;31m[Kerror: [m[Kâ€˜[01m[KPrintCmd[m[Kâ€™ was not declared in this scope
  291 |                         [01;31m[KPrintCmd[m[K("Bad command! please input 'help'");
      |                         [01;31m[K^~~~~~~~[m[K
[01m[K/home/robo/ROS2/walk_test/src/control/src/action_editor/main.cpp:295:13:[m[K [01;31m[Kerror: [m[Kâ€˜[01m[KEndCommandMode[m[Kâ€™ was not declared in this scope
  295 |             [01;31m[KEndCommandMode[m[K();
      |             [01;31m[K^~~~~~~~~~~~~~[m[K
[01m[K/home/robo/ROS2/walk_test/src/control/src/action_editor/main.cpp:[m[K In function â€˜[01m[Kvoid sighandler(int)[m[Kâ€™:
[01m[K/home/robo/ROS2/walk_test/src/control/src/action_editor/main.cpp:308:21:[m[K [01;35m[Kwarning: [m[Kunused parameter â€˜[01m[Ksig[m[Kâ€™ [[01;35m[K-Wunused-parameter[m[K]
  308 | void sighandler([01;35m[Kint sig[m[K)
      |                 [01;35m[K~~~~^~~[m[K
[01m[K/home/robo/ROS2/walk_test/src/control/src/action_editor/main.cpp:[m[K In function â€˜[01m[Kint main(int, char**)[m[Kâ€™:
[01m[K/home/robo/ROS2/walk_test/src/control/src/action_editor/main.cpp:386:3:[m[K [01;31m[Kerror: [m[Kâ€˜[01m[KDrawIntro[m[Kâ€™ was not declared in this scope
  386 |   [01;31m[KDrawIntro[m[K();
      |   [01;31m[K^~~~~~~~~[m[K
[01m[K/home/robo/ROS2/walk_test/src/control/src/action_editor/main.cpp:387:3:[m[K [01;31m[Kerror: [m[Kâ€˜[01m[KDrawEnding[m[Kâ€™ was not declared in this scope
  387 |   [01;31m[KDrawEnding[m[K();
      |   [01;31m[K^~~~~~~~~~[m[K
[01m[K/home/robo/ROS2/walk_test/src/control/src/action_editor/main.cpp:359:14:[m[K [01;35m[Kwarning: [m[Kunused parameter â€˜[01m[Kargc[m[Kâ€™ [[01;35m[K-Wunused-parameter[m[K]
  359 | int main([01;35m[Kint argc[m[K, char * argv[])
      |          [01;35m[K~~~~^~~~[m[K
[01m[K/home/robo/ROS2/walk_test/src/control/src/action_editor/main.cpp:359:27:[m[K [01;35m[Kwarning: [m[Kunused parameter â€˜[01m[Kargv[m[Kâ€™ [[01;35m[K-Wunused-parameter[m[K]
  359 | int main(int argc, [01;35m[Kchar * argv[][m[K)
      |                    [01;35m[K~~~~~~~^~~~~~[m[K
[01m[K/home/robo/ROS2/walk_test/src/control/src/action_editor/cmd_process.cpp:[m[K In function â€˜[01m[Kint process()[m[Kâ€™:
[01m[K/home/robo/ROS2/walk_test/src/control/src/action_editor/cmd_process.cpp:122:14:[m[K [01;31m[Kerror: [m[Kâ€˜[01m[K_getch[m[Kâ€™ was not declared in this scope; did you mean â€˜[01m[Kwgetch[m[Kâ€™?
  122 |         ch = [01;31m[K_getch[m[K();
      |              [01;31m[K^~~~~~[m[K
      |              [32m[Kwgetch[m[K
[01m[K/home/robo/ROS2/walk_test/src/control/src/action_editor/cmd_process.cpp:131:21:[m[K [01;31m[Kerror: [m[Kâ€˜[01m[KMoveUpCursor[m[Kâ€™ was not declared in this scope
  131 |                     [01;31m[KMoveUpCursor[m[K();
      |                     [01;31m[K^~~~~~~~~~~~[m[K
[01m[K/home/robo/ROS2/walk_test/src/control/src/action_editor/cmd_process.cpp:133:21:[m[K [01;31m[Kerror: [m[Kâ€˜[01m[KMoveDownCursor[m[Kâ€™ was not declared in this scope
  133 |                     [01;31m[KMoveDownCursor[m[K();
      |                     [01;31m[K^~~~~~~~~~~~~~[m[K
[01m[K/home/robo/ROS2/walk_test/src/control/src/action_editor/cmd_process.cpp:135:21:[m[K [01;31m[Kerror: [m[Kâ€˜[01m[KMoveLeftCursor[m[Kâ€™ was not declared in this scope
  135 |                     [01;31m[KMoveLeftCursor[m[K();
      |                     [01;31m[K^~~~~~~~~~~~~~[m[K
[01m[K/home/robo/ROS2/walk_test/src/control/src/action_editor/cmd_process.cpp:137:21:[m[K [01;31m[Kerror: [m[Kâ€˜[01m[KMoveRightCursor[m[Kâ€™ was not declared in this scope
  137 |                     [01;31m[KMoveRightCursor[m[K();
      |                     [01;31m[K^~~~~~~~~~~~~~~[m[K
[01m[K/home/robo/ROS2/walk_test/src/control/src/action_editor/cmd_process.cpp:141:13:[m[K [01;31m[Kerror: [m[Kâ€˜[01m[KUpDownValue[m[Kâ€™ was not declared in this scope
  141 |             [01;31m[KUpDownValue[m[K(-1);
      |             [01;31m[K^~~~~~~~~~~[m[K
[01m[K/home/robo/ROS2/walk_test/src/control/src/action_editor/cmd_process.cpp:143:13:[m[K [01;31m[Kerror: [m[Kâ€˜[01m[KUpDownValue[m[Kâ€™ was not declared in this scope
  143 |             [01;31m[KUpDownValue[m[K(1);
      |             [01;31m[K^~~~~~~~~~~[m[K
[01m[K/home/robo/ROS2/walk_test/src/control/src/action_editor/cmd_process.cpp:145:13:[m[K [01;31m[Kerror: [m[Kâ€˜[01m[KUpDownValue[m[Kâ€™ was not declared in this scope
  145 |             [01;31m[KUpDownValue[m[K(-10);
      |             [01;31m[K^~~~~~~~~~~[m[K
[01m[K/home/robo/ROS2/walk_test/src/control/src/action_editor/cmd_process.cpp:147:13:[m[K [01;31m[Kerror: [m[Kâ€˜[01m[KUpDownValue[m[Kâ€™ was not declared in this scope
  147 |             [01;31m[KUpDownValue[m[K(10);
      |             [01;31m[K^~~~~~~~~~~[m[K
[01m[K/home/robo/ROS2/walk_test/src/control/src/action_editor/cmd_process.cpp:149:13:[m[K [01;31m[Kerror: [m[Kâ€˜[01m[KToggleTorque[m[Kâ€™ was not declared in this scope
  149 |             [01;31m[KToggleTorque[m[K();
      |             [01;31m[K^~~~~~~~~~~~[m[K
[01m[K/home/robo/ROS2/walk_test/src/control/src/action_editor/cmd_process.cpp:161:13:[m[K [01;31m[Kerror: [m[Kâ€˜[01m[KBeginCommandMode[m[Kâ€™ was not declared in this scope; did you mean â€˜[01m[KbBeginCommandMode[m[Kâ€™?
  161 |             [01;31m[KBeginCommandMode[m[K();
      |             [01;31m[K^~~~~~~~~~~~~~~~[m[K
      |             [32m[KbBeginCommandMode[m[K
[01m[K/home/robo/ROS2/walk_test/src/control/src/action_editor/cmd_process.cpp:212:28:[m[K [01;31m[Kerror: [m[Kâ€˜[01m[KAskSave[m[Kâ€™ was not declared in this scope
  212 |                         if([01;31m[KAskSave[m[K() == false)
      |                            [01;31m[K^~~~~~~[m[K
[01m[K/home/robo/ROS2/walk_test/src/control/src/action_editor/cmd_process.cpp:216:25:[m[K [01;31m[Kerror: [m[Kâ€˜[01m[KDrawPage[m[Kâ€™ was not declared in this scope
  216 |                         [01;31m[KDrawPage[m[K();
      |                         [01;31m[K^~~~~~~~[m[K
[01m[K/home/robo/ROS2/walk_test/src/control/src/action_editor/cmd_process.cpp:219:25:[m[K [01;31m[Kerror: [m[Kâ€˜[01m[KHelpCmd[m[Kâ€™ was not declared in this scope
  219 |                         [01;31m[KHelpCmd[m[K();
      |                         [01;31m[K^~~~~~~[m[K
[01m[K/home/robo/ROS2/walk_test/src/control/src/action_editor/cmd_process.cpp:221:25:[m[K [01;31m[Kerror: [m[Kâ€˜[01m[KNextCmd[m[Kâ€™ was not declared in this scope
  221 |                         [01;31m[KNextCmd[m[K();
      |                         [01;31m[K^~~~~~~[m[K
[01m[K/home/robo/ROS2/walk_test/src/control/src/action_editor/cmd_process.cpp:223:25:[m[K [01;31m[Kerror: [m[Kâ€˜[01m[KPrevCmd[m[Kâ€™ was not declared in this scope
  223 |                         [01;31m[KPrevCmd[m[K();
      |                         [01;31m[K^~~~~~~[m[K
[01m[K/home/robo/ROS2/walk_test/src/control/src/action_editor/cmd_process.cpp:225:25:[m[K [01;31m[Kerror: [m[Kâ€˜[01m[KTimeCmd[m[Kâ€™ was not declared in this scope
  225 |                         [01;31m[KTimeCmd[m[K();
      |                         [01;31m[K^~~~~~~[m[K
[01m[K/home/robo/ROS2/walk_test/src/control/src/action_editor/cmd_process.cpp:227:25:[m[K [01;31m[Kerror: [m[Kâ€˜[01m[KSpeedCmd[m[Kâ€™ was not declared in this scope
  227 |                         [01;31m[KSpeedCmd[m[K();
      |                         [01;31m[K^~~~~~~~[m[K
[01m[K/home/robo/ROS2/walk_test/src/control/src/action_editor/cmd_process.cpp:231:29:[m[K [01;31m[Kerror: [m[Kâ€˜[01m[KPageCmd[m[Kâ€™ was not declared in this scope; did you mean â€˜[01m[KPage[m[Kâ€™?
  231 |                             [01;31m[KPageCmd[m[K(iparam[0]);
      |                             [01;31m[K^~~~~~~[m[K
      |                             [32m[KPage[m[K
[01m[K/home/robo/ROS2/walk_test/src/control/src/action_editor/cmd_process.cpp:233:29:[m[K [01;31m[Kerror: [m[Kâ€˜[01m[KPrintCmd[m[Kâ€™ was not declared in this scope
  233 |                             [01;31m[KPrintCmd[m[K("Need parameter");
      |                             [01;31m[K^~~~~~~~[m[K
[01m[K/home/robo/ROS2/walk_test/src/control/src/action_editor/cmd_process.cpp:237:25:[m[K [01;31m[Kerror: [m[Kâ€˜[01m[KPlayCmd[m[Kâ€™ was not declared in this scope
  237 |                         [01;31m[KPlayCmd[m[K();
      |                         [01;31m[K^~~~~~~[m[K
[01m[K/home/robo/ROS2/walk_test/src/control/src/action_editor/cmd_process.cpp:242:29:[m[K [01;31m[Kerror: [m[Kâ€˜[01m[KSetValue[m[Kâ€™ was not declared in this scope
  242 |                             [01;31m[KSetValue[m[K(iparam[0]);
      |                             [01;31m[K^~~~~~~~[m[K
[01m[K/home/robo/ROS2/walk_test/src/control/src/action_editor/cmd_process.cpp:244:29:[m[K [01;31m[Kerror: [m[Kâ€˜[01m[KPrintCmd[m[Kâ€™ was not declared in this scope
  244 |                             [01;31m[KPrintCmd[m[K("Need parameter");
      |                             [01;31m[K^~~~~~~~[m[K
[01m[K/home/robo/ROS2/walk_test/src/control/src/action_editor/cmd_process.cpp:247:25:[m[K [01;31m[Kerror: [m[Kâ€˜[01m[KListCmd[m[Kâ€™ was not declared in this scope
  247 |                         [01;31m[KListCmd[m[K();
      |                         [01;31m[K^~~~~~~[m[K
[01m[K/home/robo/ROS2/walk_test/src/control/src/action_editor/cmd_process.cpp:249:25:[m[K [01;31m[Kerror: [m[Kâ€˜[01m[KOnOffCmd[m[Kâ€™ was not declared in this scope
  249 |                         [01;31m[KOnOffCmd[m[K(true, num_param, iparam);
      |                         [01;31m[K^~~~~~~~[m[K
[01m[K/home/robo/ROS2/walk_test/src/control/src/action_editor/cmd_process.cpp:251:25:[m[K [01;31m[Kerror: [m[Kâ€˜[01m[KOnOffCmd[m[Kâ€™ was not declared in this scope
  251 |                         [01;31m[KOnOffCmd[m[K(false, num_param, iparam);
      |                         [01;31m[K^~~~~~~~[m[K
[01m[K/home/robo/ROS2/walk_test/src/control/src/action_editor/cmd_process.cpp:255:29:[m[K [01;31m[Kerror: [m[Kâ€˜[01m[KWriteStepCmd[m[Kâ€™ was not declared in this scope
  255 |                             [01;31m[KWriteStepCmd[m[K(iparam[0]);
      |                             [01;31m[K^~~~~~~~~~~~[m[K
[01m[K/home/robo/ROS2/walk_test/src/control/src/action_editor/cmd_process.cpp:257:29:[m[K [01;31m[Kerror: [m[Kâ€˜[01m[KPrintCmd[m[Kâ€™ was not declared in this scope
  257 |                             [01;31m[KPrintCmd[m[K("Need parameter");
      |                             [01;31m[K^~~~~~~~[m[K
[01m[K/home/robo/ROS2/walk_test/src/control/src/action_editor/cmd_process.cpp:262:29:[m[K [01;31m[Kerror: [m[Kâ€˜[01m[KDeleteStepCmd[m[Kâ€™ was not declared in this scope
  262 |                             [01;31m[KDeleteStepCmd[m[K(iparam[0]);
      |                             [01;31m[K^~~~~~~~~~~~~[m[K
[01m[K/home/robo/ROS2/walk_test/src/control/src/action_editor/cmd_process.cpp:264:29:[m[K [01;31m[Kerror: [m[Kâ€˜[01m[KPrintCmd[m[Kâ€™ was not declared in this scope
  264 |                             [01;31m[KPrintCmd[m[K("Need parameter");
      |                             [01;31m[K^~~~~~~~[m[K
[01m[K/home/robo/ROS2/walk_test/src/control/src/action_editor/cmd_process.cpp:269:29:[m[K [01;31m[Kerror: [m[Kâ€˜[01m[KInsertStepCmd[m[Kâ€™ was not declared in this scope
  269 |                             [01;31m[KInsertStepCmd[m[K(0);
      |                             [01;31m[K^~~~~~~~~~~~~[m[K
[01m[K/home/robo/ROS2/walk_test/src/control/src/action_editor/cmd_process.cpp:271:29:[m[K [01;31m[Kerror: [m[Kâ€˜[01m[KInsertStepCmd[m[Kâ€™ was not declared in this scope
  271 |                             [01;31m[KInsertStepCmd[m[K(iparam[0]);
      |                             [01;31m[K^~~~~~~~~~~~~[m[K
[01m[K/home/robo/ROS2/walk_test/src/control/src/action_editor/cmd_process.cpp:276:29:[m[K [01;31m[Kerror: [m[Kâ€˜[01m[KMoveStepCmd[m[Kâ€™ was not declared in this scope
  276 |                             [01;31m[KMoveStepCmd[m[K(iparam[0], iparam[1]);
      |                             [01;31m[K^~~~~~~~~~~[m[K
[01m[K/home/robo/ROS2/walk_test/src/control/src/action_editor/cmd_process.cpp:278:29:[m[K [01;31m[Kerror: [m[Kâ€˜[01m[KPrintCmd[m[Kâ€™ was not declared in this scope
  278 |                             [01;31m[KPrintCmd[m[K("Need parameter");
      |                             [01;31m[K^~~~~~~~[m[K
[01m[K/home/robo/ROS2/walk_test/src/control/src/action_editor/cmd_process.cpp:283:29:[m[K [01;31m[Kerror: [m[Kâ€˜[01m[KCopyCmd[m[Kâ€™ was not declared in this scope
  283 |                             [01;31m[KCopyCmd[m[K(iparam[0]);
      |                             [01;31m[K^~~~~~~[m[K
[01m[K/home/robo/ROS2/walk_test/src/control/src/action_editor/cmd_process.cpp:285:29:[m[K [01;31m[Kerror: [m[Kâ€˜[01m[KPrintCmd[m[Kâ€™ was not declared in this scope
  285 |                             [01;31m[KPrintCmd[m[K("Need parameter");
      |                             [01;31m[K^~~~~~~~[m[K
[01m[K/home/robo/ROS2/walk_test/src/control/src/action_editor/cmd_process.cpp:288:25:[m[K [01;31m[Kerror: [m[Kâ€˜[01m[KNewCmd[m[Kâ€™ was not declared in this scope
  288 |                         [01;31m[KNewCmd[m[K();
      |                         [01;31m[K^~~~~~[m[K
[01m[K/home/robo/ROS2/walk_test/src/control/src/action_editor/cmd_process.cpp:292:29:[m[K [01;31m[Kerror: [m[Kâ€˜[01m[KGoCmd[m[Kâ€™ was not declared in this scope
  292 |                             [01;31m[KGoCmd[m[K(iparam[0]);
      |                             [01;31m[K^~~~~[m[K
[01m[K/home/robo/ROS2/walk_test/src/control/src/action_editor/cmd_process.cpp:294:29:[m[K [01;31m[Kerror: [m[Kâ€˜[01m[KPrintCmd[m[Kâ€™ was not declared in this scope
  294 |                             [01;31m[KPrintCmd[m[K("Need parameter");
      |                             [01;31m[K^~~~~~~~[m[K
[01m[K/home/robo/ROS2/walk_test/src/control/src/action_editor/cmd_process.cpp:297:25:[m[K [01;31m[Kerror: [m[Kâ€˜[01m[KSaveCmd[m[Kâ€™ was not declared in this scope
  297 |                         [01;31m[KSaveCmd[m[K();
      |                         [01;31m[K^~~~~~~[m[K
[01m[K/home/robo/ROS2/walk_test/src/control/src/action_editor/cmd_process.cpp:299:25:[m[K [01;31m[Kerror: [m[Kâ€˜[01m[KNameCmd[m[Kâ€™ was not declared in this scope
  299 |                         [01;31m[KNameCmd[m[K();
      |                         [01;31m[K^~~~~~~[m[K
[01m[K/home/robo/ROS2/walk_test/src/control/src/action_editor/cmd_process.cpp:302:7:[m[K [01;31m[Kerror: [m[Kâ€˜[01m[KgoInitPage[m[Kâ€™ was not declared in this scope
  302 |       [01;31m[KgoInitPage[m[K();
      |       [01;31m[K^~~~~~~~~~[m[K
[01m[K/home/robo/ROS2/walk_test/src/control/src/action_editor/cmd_process.cpp:303:7:[m[K [01;31m[Kerror: [m[Kâ€˜[01m[KPlayCmd[m[Kâ€™ was not declared in this scope
  303 |       [01;31m[KPlayCmd[m[K();
      |       [01;31m[K^~~~~~~[m[K
[01m[K/home/robo/ROS2/walk_test/src/control/src/action_editor/cmd_process.cpp:304:7:[m[K [01;31m[Kerror: [m[Kâ€˜[01m[KbackToPage[m[Kâ€™ was not declared in this scope
  304 |       [01;31m[KbackToPage[m[K();
      |       [01;31m[K^~~~~~~~~~[m[K
[01m[K/home/robo/ROS2/walk_test/src/control/src/action_editor/cmd_process.cpp:307:7:[m[K [01;31m[Kerror: [m[Kâ€˜[01m[KreadServo[m[Kâ€™ was not declared in this scope
  307 |       [01;31m[KreadServo[m[K();
      |       [01;31m[K^~~~~~~~~[m[K
[01m[K/home/robo/ROS2/walk_test/src/control/src/action_editor/cmd_process.cpp:309:25:[m[K [01;31m[Kerror: [m[Kâ€˜[01m[KPrintCmd[m[Kâ€™ was not declared in this scope
  309 |                         [01;31m[KPrintCmd[m[K("Bad command! please input 'help'");
      |                         [01;31m[K^~~~~~~~[m[K
[01m[K/home/robo/ROS2/walk_test/src/control/src/action_editor/cmd_process.cpp:313:13:[m[K [01;31m[Kerror: [m[Kâ€˜[01m[KEndCommandMode[m[Kâ€™ was not declared in this scope; did you mean â€˜[01m[KbBeginCommandMode[m[Kâ€™?
  313 |             [01;31m[KEndCommandMode[m[K();
      |             [01;31m[K^~~~~~~~~~~~~~[m[K
      |             [32m[KbBeginCommandMode[m[K
[01m[K/home/robo/ROS2/walk_test/src/control/src/action_editor/cmd_process.cpp:[m[K In function â€˜[01m[Kvoid ReadStep()[m[Kâ€™:
[01m[K/home/robo/ROS2/walk_test/src/control/src/action_editor/cmd_process.cpp:378:10:[m[K [01;35m[Kwarning: [m[Kunused variable â€˜[01m[Kvalue8[m[Kâ€™ [[01;35m[K-Wunused-variable[m[K]
  378 |  uint8_t [01;35m[Kvalue8[m[K;
      |          [01;35m[K^~~~~~[m[K
[01m[K/home/robo/ROS2/walk_test/src/control/src/action_editor/cmd_process.cpp:379:11:[m[K [01;35m[Kwarning: [m[Kunused variable â€˜[01m[Kvalue32[m[Kâ€™ [[01;35m[K-Wunused-variable[m[K]
  379 |  uint32_t [01;35m[Kvalue32[m[K;
      |           [01;35m[K^~~~~~~[m[K
[01m[K/home/robo/ROS2/walk_test/src/control/src/action_editor/cmd_process.cpp:[m[K In function â€˜[01m[Kbool AskSave()[m[Kâ€™:
[01m[K/home/robo/ROS2/walk_test/src/control/src/action_editor/cmd_process.cpp:413:3:[m[K [01;31m[Kerror: [m[Kâ€˜[01m[KPrintCmd[m[Kâ€™ was not declared in this scope
  413 |   [01;31m[KPrintCmd[m[K("Are you sure? (y/n)");
      |   [01;31m[K^~~~~~~~[m[K
[01m[K/home/robo/ROS2/walk_test/src/control/src/action_editor/cmd_process.cpp:416:4:[m[K [01;31m[Kerror: [m[Kâ€˜[01m[KClearCmd[m[Kâ€™ was not declared in this scope
  416 |    [01;31m[KClearCmd[m[K();
      |    [01;31m[K^~~~~~~~[m[K
[01m[K/home/robo/ROS2/walk_test/src/control/src/action_editor/cmd_process.cpp:[m[K In function â€˜[01m[Kvoid DrawIntro()[m[Kâ€™:
[01m[K/home/robo/ROS2/walk_test/src/control/src/action_editor/cmd_process.cpp:582:9:[m[K [01;35m[Kwarning: [m[Knon-ISO-standard escape sequence, '\e'
  582 |  system([01;35m[K"printf '\e[8;27;80t'"[m[K);
      |         [01;35m[K^~~~~~~~~~~~~~~~~~~~~~[m[K
[01m[K/home/robo/ROS2/walk_test/src/control/src/action_editor/cmd_process.cpp:590:2:[m[K [01;31m[Kerror: [m[Kâ€˜[01m[KDrawPage[m[Kâ€™ was not declared in this scope
  590 |  [01;31m[KDrawPage[m[K();
      |  [01;31m[K^~~~~~~~[m[K
[01m[K/home/robo/ROS2/walk_test/src/control/src/action_editor/cmd_process.cpp:[m[K In function â€˜[01m[Kvoid DrawPage()[m[Kâ€™:
[01m[K/home/robo/ROS2/walk_test/src/control/src/action_editor/cmd_process.cpp:641:3:[m[K [01;31m[Kerror: [m[Kâ€˜[01m[KDrawStep[m[Kâ€™ was not declared in this scope
  641 |   [01;31m[KDrawStep[m[K(i);
      |   [01;31m[K^~~~~~~~[m[K
[01m[K/home/robo/ROS2/walk_test/src/control/src/action_editor/cmd_process.cpp:670:2:[m[K [01;31m[Kerror: [m[Kâ€˜[01m[KDrawName[m[Kâ€™ was not declared in this scope; did you mean â€˜[01m[KDrawPage[m[Kâ€™?
  670 |  [01;31m[KDrawName[m[K();
      |  [01;31m[K^~~~~~~~[m[K
      |  [32m[KDrawPage[m[K
[01m[K/home/robo/ROS2/walk_test/src/control/src/action_editor/cmd_process.cpp:680:2:[m[K [01;31m[Kerror: [m[Kâ€˜[01m[KDrawStepLine[m[Kâ€™ was not declared in this scope
  680 |  [01;31m[KDrawStepLine[m[K(false);
      |  [01;31m[K^~~~~~~~~~~~[m[K
[01m[K/home/robo/ROS2/walk_test/src/control/src/action_editor/cmd_process.cpp:[m[K In function â€˜[01m[Kvoid ClearCmd()[m[Kâ€™:
[01m[K/home/robo/ROS2/walk_test/src/control/src/action_editor/cmd_process.cpp:834:2:[m[K [01;31m[Kerror: [m[Kâ€˜[01m[KPrintCmd[m[Kâ€™ was not declared in this scope
  834 |  [01;31m[KPrintCmd[m[K("");
      |  [01;31m[K^~~~~~~~[m[K
[01m[K/home/robo/ROS2/walk_test/src/control/src/action_editor/cmd_process.cpp:[m[K In function â€˜[01m[Kvoid UpDownValue(int)[m[Kâ€™:
[01m[K/home/robo/ROS2/walk_test/src/control/src/action_editor/cmd_process.cpp:853:11:[m[K [01;31m[Kerror: [m[Kâ€˜[01m[KGetValue[m[Kâ€™ was not declared in this scope
  853 |  SetValue([01;31m[KGetValue[m[K() + offset);
      |           [01;31m[K^~~~~~~~[m[K
[01m[K/home/robo/ROS2/walk_test/src/control/src/action_editor/cmd_process.cpp:853:2:[m[K [01;31m[Kerror: [m[Kâ€˜[01m[KSetValue[m[Kâ€™ was not declared in this scope
  853 |  [01;31m[KSetValue[m[K(GetValue() + offset);
      |  [01;31m[K^~~~~~~~[m[K
[01m[K/home/robo/ROS2/walk_test/src/control/src/action_editor/cmd_process.cpp:[m[K In function â€˜[01m[Kvoid SetValue(uint32_t)[m[Kâ€™:
[01m[K/home/robo/ROS2/walk_test/src/control/src/action_editor/cmd_process.cpp:966:13:[m[K [01;35m[Kwarning: [m[Kcomparison of unsigned expression >= 0 is always true [[01;35m[K-Wtype-limits[m[K]
  966 |    if([01;35m[Kvalue >= 0[m[K && value <= 255)
      |       [01;35m[K~~~~~~^~~~[m[K
[01m[K/home/robo/ROS2/walk_test/src/control/src/action_editor/cmd_process.cpp:975:13:[m[K [01;35m[Kwarning: [m[Kcomparison of unsigned expression >= 0 is always true [[01;35m[K-Wtype-limits[m[K]
  975 |    if([01;35m[Kvalue >= 0[m[K && value <= 255)
      |       [01;35m[K~~~~~~^~~~[m[K
[01m[K/home/robo/ROS2/walk_test/src/control/src/action_editor/cmd_process.cpp:1053:13:[m[K [01;35m[Kwarning: [m[Kcomparison of unsigned expression >= 0 is always true [[01;35m[K-Wtype-limits[m[K]
 1053 |    if([01;35m[Kvalue >= 0[m[K && value <= 255)
      |       [01;35m[K~~~~~~^~~~[m[K
[01m[K/home/robo/ROS2/walk_test/src/control/src/action_editor/cmd_process.cpp:1062:13:[m[K [01;35m[Kwarning: [m[Kcomparison of unsigned expression >= 0 is always true [[01;35m[K-Wtype-limits[m[K]
 1062 |    if([01;35m[Kvalue >= 0[m[K && value <= 255)
      |       [01;35m[K~~~~~~^~~~[m[K
[01m[K/home/robo/ROS2/walk_test/src/control/src/action_editor/cmd_process.cpp:1107:13:[m[K [01;35m[Kwarning: [m[Kcomparison of unsigned expression >= 0 is always true [[01;35m[K-Wtype-limits[m[K]
 1107 |    if([01;35m[Kvalue >= 0[m[K && value <= 255)
      |       [01;35m[K~~~~~~^~~~[m[K
[01m[K/home/robo/ROS2/walk_test/src/control/src/action_editor/cmd_process.cpp:1116:13:[m[K [01;35m[Kwarning: [m[Kcomparison of unsigned expression >= 0 is always true [[01;35m[K-Wtype-limits[m[K]
 1116 |    if([01;35m[Kvalue >= 0[m[K && value <= Action::MAXNUM_STEP)
      |       [01;35m[K~~~~~~^~~~[m[K
[01m[K/home/robo/ROS2/walk_test/src/control/src/action_editor/cmd_process.cpp:1132:13:[m[K [01;35m[Kwarning: [m[Kcomparison of unsigned expression >= 0 is always true [[01;35m[K-Wtype-limits[m[K]
 1132 |    if([01;35m[Kvalue >= 0[m[K && value <= 255)
      |       [01;35m[K~~~~~~^~~~[m[K
[01m[K/home/robo/ROS2/walk_test/src/control/src/action_editor/cmd_process.cpp:1141:13:[m[K [01;35m[Kwarning: [m[Kcomparison of unsigned expression >= 0 is always true [[01;35m[K-Wtype-limits[m[K]
 1141 |    if([01;35m[Kvalue >= 0[m[K && value <= 255)
      |       [01;35m[K~~~~~~^~~~[m[K
[01m[K/home/robo/ROS2/walk_test/src/control/src/action_editor/cmd_process.cpp:1150:13:[m[K [01;35m[Kwarning: [m[Kcomparison of unsigned expression >= 0 is always true [[01;35m[K-Wtype-limits[m[K]
 1150 |    if([01;35m[Kvalue >= 0[m[K && value <= 255)
      |       [01;35m[K~~~~~~^~~~[m[K
[01m[K/home/robo/ROS2/walk_test/src/control/src/action_editor/cmd_process.cpp:1159:13:[m[K [01;35m[Kwarning: [m[Kcomparison of unsigned expression >= 0 is always true [[01;35m[K-Wtype-limits[m[K]
 1159 |    if([01;35m[Kvalue >= 0[m[K && value <= 255)
      |       [01;35m[K~~~~~~^~~~[m[K
[01m[K/home/robo/ROS2/walk_test/src/control/src/action_editor/cmd_process.cpp:[m[K In function â€˜[01m[Kvoid NextCmd()[m[Kâ€™:
[01m[K/home/robo/ROS2/walk_test/src/control/src/action_editor/cmd_process.cpp:1263:2:[m[K [01;31m[Kerror: [m[Kâ€˜[01m[KPageCmd[m[Kâ€™ was not declared in this scope; did you mean â€˜[01m[KPage[m[Kâ€™?
 1263 |  [01;31m[KPageCmd[m[K(indexPage + 1);
      |  [01;31m[K^~~~~~~[m[K
      |  [32m[KPage[m[K
[01m[K/home/robo/ROS2/walk_test/src/control/src/action_editor/cmd_process.cpp:[m[K In function â€˜[01m[Kvoid PrevCmd()[m[Kâ€™:
[01m[K/home/robo/ROS2/walk_test/src/control/src/action_editor/cmd_process.cpp:1268:2:[m[K [01;31m[Kerror: [m[Kâ€˜[01m[KPageCmd[m[Kâ€™ was not declared in this scope
 1268 |  [01;31m[KPageCmd[m[K(indexPage - 1);
      |  [01;31m[K^~~~~~~[m[K
[01m[K/home/robo/ROS2/walk_test/src/control/src/action_editor/cmd_process.cpp:[m[K In function â€˜[01m[Kvoid PlayCmd()[m[Kâ€™:
[01m[K/home/robo/ROS2/walk_test/src/control/src/action_editor/cmd_process.cpp:1307:6:[m[K [01;35m[Kwarning: [m[Kunused variable â€˜[01m[Kvalue[m[Kâ€™ [[01;35m[K-Wunused-variable[m[K]
 1307 |  int [01;35m[Kvalue[m[K;
      |      [01;35m[K^~~~~[m[K
[01m[K/home/robo/ROS2/walk_test/src/control/src/action_editor/cmd_process.cpp:[m[K In function â€˜[01m[Kvoid OnOffCmd(bool, int, int*)[m[Kâ€™:
[01m[K/home/robo/ROS2/walk_test/src/control/src/action_editor/cmd_process.cpp:1433:20:[m[K [01;35m[Kwarning: [m[Kunused parameter â€˜[01m[Kon[m[Kâ€™ [[01;35m[K-Wunused-parameter[m[K]
 1433 | void OnOffCmd([01;35m[Kbool on[m[K, int num_param, int *list)
      |               [01;35m[K~~~~~^~[m[K
[01m[K/home/robo/ROS2/walk_test/src/control/src/action_editor/cmd_process.cpp:1433:28:[m[K [01;35m[Kwarning: [m[Kunused parameter â€˜[01m[Knum_param[m[Kâ€™ [[01;35m[K-Wunused-parameter[m[K]
 1433 | void OnOffCmd(bool on, [01;35m[Kint num_param[m[K, int *list)
      |                        [01;35m[K~~~~^~~~~~~~~[m[K
[01m[K/home/robo/ROS2/walk_test/src/control/src/action_editor/cmd_process.cpp:1433:44:[m[K [01;35m[Kwarning: [m[Kunused parameter â€˜[01m[Klist[m[Kâ€™ [[01;35m[K-Wunused-parameter[m[K]
 1433 | void OnOffCmd(bool on, int num_param, [01;35m[Kint *list[m[K)
      |                                       [01;35m[K~~~~~^~~~[m[K
[01m[K/home/robo/ROS2/walk_test/src/control/src/action_editor/cmd_process.cpp:[m[K In function â€˜[01m[Kvoid GoCmd(int)[m[Kâ€™:
[01m[K/home/robo/ROS2/walk_test/src/control/src/action_editor/cmd_process.cpp:1633:6:[m[K [01;35m[Kwarning: [m[Kunused variable â€˜[01m[Kn[m[Kâ€™ [[01;35m[K-Wunused-variable[m[K]
 1633 |  int [01;35m[Kn[m[K = 0;
      |      [01;35m[K^[m[K
[01m[K/home/robo/ROS2/walk_test/src/control/src/action_editor/cmd_process.cpp:1634:10:[m[K [01;35m[Kwarning: [m[Kunused variable â€˜[01m[Kparam[m[Kâ€™ [[01;35m[K-Wunused-variable[m[K]
 1634 |  uint8_t [01;35m[Kparam[m[K[JointData::NUMBER_OF_JOINTS * (1 + MX28::PARAM_BYTES)];
      |          [01;35m[K^~~~~[m[K
[01m[K/home/robo/ROS2/walk_test/src/control/src/action_editor/cmd_process.cpp:1635:11:[m[K [01;35m[Kwarning: [m[Kunused variable â€˜[01m[KwGoalPosition[m[Kâ€™ [[01;35m[K-Wunused-variable[m[K]
 1635 |  uint32_t [01;35m[KwGoalPosition[m[K, wStartPosition, wDistance;
      |           [01;35m[K^~~~~~~~~~~~~[m[K
[01m[K/home/robo/ROS2/walk_test/src/control/src/action_editor/cmd_process.cpp:1635:26:[m[K [01;35m[Kwarning: [m[Kunused variable â€˜[01m[KwStartPosition[m[Kâ€™ [[01;35m[K-Wunused-variable[m[K]
 1635 |  uint32_t wGoalPosition, [01;35m[KwStartPosition[m[K, wDistance;
      |                          [01;35m[K^~~~~~~~~~~~~~[m[K
[01m[K/home/robo/ROS2/walk_test/src/control/src/action_editor/cmd_process.cpp:1635:42:[m[K [01;35m[Kwarning: [m[Kunused variable â€˜[01m[KwDistance[m[Kâ€™ [[01;35m[K-Wunused-variable[m[K]
 1635 |  uint32_t wGoalPosition, wStartPosition, [01;35m[KwDistance[m[K;
      |                                          [01;35m[K^~~~~~~~~[m[K
[01m[K/home/robo/ROS2/walk_test/src/control/src/action_editor/cmd_process.cpp:[m[K In function â€˜[01m[Kvoid readServo()[m[Kâ€™:
[01m[K/home/robo/ROS2/walk_test/src/control/src/action_editor/cmd_process.cpp:1719:11:[m[K [01;35m[Kwarning: [m[Kunused variable â€˜[01m[Kvalue[m[Kâ€™ [[01;35m[K-Wunused-variable[m[K]
 1719 |  uint32_t [01;35m[Kvalue[m[K;
      |           [01;35m[K^~~~~[m[K
make[2]: *** [CMakeFiles/action.dir/build.make:63: CMakeFiles/action.dir/src/action_editor/main.cpp.o] Error 1
make[2]: *** Waiting for unfinished jobs....
make[2]: *** [CMakeFiles/action.dir/build.make:89: CMakeFiles/action.dir/src/action_editor/cmd_process.cpp.o] Error 1
make[1]: *** [CMakeFiles/Makefile2:221: CMakeFiles/action.dir/all] Error 2
make: *** [Makefile:141: all] Error 2
