[0.010s] Invoking command in '/home/robo/ROS2/walk_test/build/control': CMAKE_PREFIX_PATH=/home/robo/ROS2/walk_test/install/dynamixel_sdk_custom_interfaces:/home/robo/ROS2/walk_test/install/control:/opt/ros/foxy LD_LIBRARY_PATH=/home/robo/ROS2/walk_test/install/dynamixel_sdk_custom_interfaces/lib:/home/robo/ROS2/walk_test/install/control/lib:/opt/ros/foxy/opt/yaml_cpp_vendor/lib:/opt/ros/foxy/opt/rviz_ogre_vendor/lib:/opt/ros/foxy/lib/x86_64-linux-gnu:/opt/ros/foxy/lib /usr/bin/cmake --build /home/robo/ROS2/walk_test/build/control -- -j12 -l12
[0.042s] [35m[1mScanning dependencies of target control[0m
[0.043s] [35m[1mScanning dependencies of target motion[0m
[0.055s] [ 19%] Built target gait_publisher
[0.055s] [ 19%] Built target decision
[0.065s] [ 23%] [32mBuilding CXX object CMakeFiles/control.dir/src/control.cpp.o[0m
[0.069s] [ 33%] [32mBuilding CXX object CMakeFiles/motion.dir/src/motion/JointData.cpp.o[0m
[0.069s] [ 33%] [32mBuilding CXX object CMakeFiles/motion.dir/src/motion/MotionManager.cpp.o[0m
[1.111s] In file included from [01m[K/home/robo/ROS2/walk_test/src/control/src/motion/MotionManager.cpp:25[m[K:
[1.111s] [01m[K/home/robo/ROS2/walk_test/src/control/include/MotionManager.h:[m[K In constructor â€˜[01m[KRobot::MotionManager::MotionManager(const rclcpp::NodeOptions&)[m[Kâ€™:
[1.111s] [01m[K/home/robo/ROS2/walk_test/src/control/include/MotionManager.h:79:8:[m[K [01;35m[Kwarning: [m[Kâ€˜[01m[KRobot::MotionManager::DEBUG_PRINT[m[Kâ€™ will be initialized after [[01;35m[K-Wreorder[m[K]
[1.111s]    79 |   bool [01;35m[KDEBUG_PRINT[m[K;
[1.111s]       |        [01;35m[K^~~~~~~~~~~[m[K
[1.111s] [01m[K/home/robo/ROS2/walk_test/src/control/src/motion/MotionManager.cpp:63:41:[m[K [01;35m[Kwarning: [m[K  base â€˜[01m[Krclcpp::Node[m[Kâ€™ [[01;35m[K-Wreorder[m[K]
[1.111s]    63 |   rclcpp::Node("gait_publisher", options[01;35m[K)[m[K
[1.111s]       |                                         [01;35m[K^[m[K
[1.111s] [01m[K/home/robo/ROS2/walk_test/src/control/src/motion/MotionManager.cpp:54:1:[m[K [01;35m[Kwarning: [m[K  when initialized here [[01;35m[K-Wreorder[m[K]
[1.111s]    54 | [01;35m[KMotionManager[m[K::MotionManager(const rclcpp::NodeOptions & options) :
[1.111s]       | [01;35m[K^~~~~~~~~~~~~[m[K
[1.120s] [01m[K/home/robo/ROS2/walk_test/src/control/src/motion/MotionManager.cpp:69:38:[m[K [01;31m[Kerror: [m[Kunable to find numeric literal operator â€˜[01m[Koperator""ms[m[Kâ€™
[1.120s]    69 |     timer_ = this->create_wall_timer([01;31m[K8ms[m[K, std::bind(&MotionManager::Process, this));
[1.120s]       |                                      [01;31m[K^~~[m[K
[1.128s] [01m[K/home/robo/ROS2/walk_test/src/control/src/motion/MotionManager.cpp:[m[K In member function â€˜[01m[Kvoid Robot::MotionManager::topic_callback(std::shared_ptr<sensor_msgs::msg::Imu_<std::allocator<void> > >) const[m[Kâ€™:
[1.128s] [01m[K/home/robo/ROS2/walk_test/src/control/src/motion/MotionManager.cpp:92:15:[m[K [01;35m[Kwarning: [m[Kunused variable â€˜[01m[KIMU_GYRO_X[m[Kâ€™ [[01;35m[K-Wunused-variable[m[K]
[1.128s]    92 |         float [01;35m[KIMU_GYRO_X[m[K = -imu_msg_->angular_velocity.x/10;
[1.128s]       |               [01;35m[K^~~~~~~~~~[m[K
[1.128s] [01m[K/home/robo/ROS2/walk_test/src/control/src/motion/MotionManager.cpp:93:15:[m[K [01;35m[Kwarning: [m[Kunused variable â€˜[01m[KIMU_GYRO_Y[m[Kâ€™ [[01;35m[K-Wunused-variable[m[K]
[1.128s]    93 |         float [01;35m[KIMU_GYRO_Y[m[K  = -imu_msg_->angular_velocity.y/10;
[1.128s]       |               [01;35m[K^~~~~~~~~~[m[K
[1.128s] [01m[K/home/robo/ROS2/walk_test/src/control/src/motion/MotionManager.cpp:[m[K In member function â€˜[01m[Kbool Robot::MotionManager::Initialize(bool)[m[Kâ€™:
[1.128s] [01m[K/home/robo/ROS2/walk_test/src/control/src/motion/MotionManager.cpp:99:6:[m[K [01;35m[Kwarning: [m[Kunused variable â€˜[01m[Kvalue[m[Kâ€™ [[01;35m[K-Wunused-variable[m[K]
[1.128s]    99 |  int [01;35m[Kvalue[m[K, error;
[1.128s]       |      [01;35m[K^~~~~[m[K
[1.128s] [01m[K/home/robo/ROS2/walk_test/src/control/src/motion/MotionManager.cpp:99:13:[m[K [01;35m[Kwarning: [m[Kunused variable â€˜[01m[Kerror[m[Kâ€™ [[01;35m[K-Wunused-variable[m[K]
[1.128s]    99 |  int value, [01;35m[Kerror[m[K;
[1.128s]       |             [01;35m[K^~~~~[m[K
[1.128s] [01m[K/home/robo/ROS2/walk_test/src/control/src/motion/MotionManager.cpp:157:2:[m[K [01;35m[Kwarning: [m[Kno return statement in function returning non-void [[01;35m[K-Wreturn-type[m[K]
[1.128s]   157 |  [01;35m[K}[m[K
[1.128s]       |  [01;35m[K^[m[K
[1.128s] [01m[K/home/robo/ROS2/walk_test/src/control/src/motion/MotionManager.cpp:96:37:[m[K [01;35m[Kwarning: [m[Kunused parameter â€˜[01m[KfadeIn[m[Kâ€™ [[01;35m[K-Wunused-parameter[m[K]
[1.129s]    96 | bool MotionManager::Initialize([01;35m[Kbool fadeIn[m[K)
[1.129s]       |                                [01;35m[K~~~~~^~~~~~[m[K
[1.129s] [01m[K/home/robo/ROS2/walk_test/src/control/src/motion/MotionManager.cpp:[m[K At global scope:
[1.129s] [01m[K/home/robo/ROS2/walk_test/src/control/src/motion/MotionManager.cpp:159:2:[m[K [01;31m[Kerror: [m[Kexpected unqualified-id before â€˜[01m[Kif[m[Kâ€™
[1.129s]   159 |  [01;31m[Kif[m[K(fadeIn)
[1.129s]       |  [01;31m[K^~[m[K
[1.129s] [01m[K/home/robo/ROS2/walk_test/src/control/src/motion/MotionManager.cpp:165:2:[m[K [01;31m[Kerror: [m[Kâ€˜[01m[Km_fadeIn[m[Kâ€™ does not name a type
[1.129s]   165 |  [01;31m[Km_fadeIn[m[K = fadeIn;
[1.129s]       |  [01;31m[K^~~~~~~~[m[K
[1.131s] [01m[K/home/robo/ROS2/walk_test/src/control/src/motion/MotionManager.cpp:166:2:[m[K [01;31m[Kerror: [m[Kâ€˜[01m[Km_torque_count[m[Kâ€™ does not name a type
[1.131s]   166 |  [01;31m[Km_torque_count[m[K = 0;
[1.131s]       |  [01;31m[K^~~~~~~~~~~~~~[m[K
[1.133s] [01m[K/home/robo/ROS2/walk_test/src/control/src/motion/MotionManager.cpp:168:2:[m[K [01;31m[Kerror: [m[Kâ€˜[01m[Km_CalibrationStatus[m[Kâ€™ does not name a type
[1.133s]   168 |  [01;31m[Km_CalibrationStatus[m[K = 0;
[1.133s]       |  [01;31m[K^~~~~~~~~~~~~~~~~~~[m[K
[1.134s] [01m[K/home/robo/ROS2/walk_test/src/control/src/motion/MotionManager.cpp:169:2:[m[K [01;31m[Kerror: [m[Kâ€˜[01m[Km_FBGyroCenter[m[Kâ€™ does not name a type
[1.134s]   169 |  [01;31m[Km_FBGyroCenter[m[K = 512;
[1.134s]       |  [01;31m[K^~~~~~~~~~~~~~[m[K
[1.136s] [01m[K/home/robo/ROS2/walk_test/src/control/src/motion/MotionManager.cpp:170:2:[m[K [01;31m[Kerror: [m[Kâ€˜[01m[Km_RLGyroCenter[m[Kâ€™ does not name a type
[1.136s]   170 |  [01;31m[Km_RLGyroCenter[m[K = 512;
[1.136s]       |  [01;31m[K^~~~~~~~~~~~~~[m[K
[1.136s] [01m[K/home/robo/ROS2/walk_test/src/control/src/motion/MotionManager.cpp:172:2:[m[K [01;31m[Kerror: [m[Kexpected unqualified-id before â€˜[01m[Kreturn[m[Kâ€™
[1.136s]   172 |  [01;31m[Kreturn[m[K true;
[1.136s]       |  [01;31m[K^~~~~~[m[K
[1.136s] [01m[K/home/robo/ROS2/walk_test/src/control/src/motion/MotionManager.cpp:173:1:[m[K [01;31m[Kerror: [m[Kexpected declaration before â€˜[01m[K}[m[Kâ€™ token
[1.136s]   173 | [01;31m[K}[m[K
[1.136s]       | [01;31m[K^[m[K
[1.136s] [01m[K/home/robo/ROS2/walk_test/src/control/src/motion/MotionManager.cpp:[m[K In member function â€˜[01m[Kbool Robot::MotionManager::Reinitialize()[m[Kâ€™:
[1.136s] [01m[K/home/robo/ROS2/walk_test/src/control/src/motion/MotionManager.cpp:181:6:[m[K [01;35m[Kwarning: [m[Kunused variable â€˜[01m[Kvalue[m[Kâ€™ [[01;35m[K-Wunused-variable[m[K]
[1.136s]   181 |  int [01;35m[Kvalue[m[K, error;
[1.137s]       |      [01;35m[K^~~~~[m[K
[1.137s] [01m[K/home/robo/ROS2/walk_test/src/control/src/motion/MotionManager.cpp:181:13:[m[K [01;35m[Kwarning: [m[Kunused variable â€˜[01m[Kerror[m[Kâ€™ [[01;35m[K-Wunused-variable[m[K]
[1.137s]   181 |  int value, [01;35m[Kerror[m[K;
[1.137s]       |             [01;35m[K^~~~~[m[K
[1.144s] [01m[K/home/robo/ROS2/walk_test/src/control/src/motion/MotionManager.cpp:[m[K In member function â€˜[01m[Kvoid Robot::MotionManager::Process()[m[Kâ€™:
[1.144s] [01m[K/home/robo/ROS2/walk_test/src/control/src/motion/MotionManager.cpp:335:18:[m[K [01;35m[Kwarning: [m[Kstatement has no effect [[01;35m[K-Wunused-value[m[K]
[1.144s]   335 |  [01;35m[Km_ProcessEnable == true[m[K; // TIRAR DEPOIS
[1.144s]       |  [01;35m[K~~~~~~~~~~~~~~~~^~~~~~~[m[K
[1.144s] [01m[K/home/robo/ROS2/walk_test/src/control/src/motion/MotionManager.cpp:336:14:[m[K [01;35m[Kwarning: [m[Kstatement has no effect [[01;35m[K-Wunused-value[m[K]
[1.144s]   336 |  [01;35m[Km_IsRunning == false[m[K; // TIRAR DEPOIS
[1.145s]       |  [01;35m[K~~~~~~~~~~~~^~~~~~~~[m[K
[1.145s] [01m[K/home/robo/ROS2/walk_test/src/control/src/motion/MotionManager.cpp:337:5:[m[K [01;35m[Kwarning: [m[Kthis â€˜[01m[Kif[m[Kâ€™ clause does not guard... [[01;35m[K-Wmisleading-indentation[m[K]
[1.145s]   337 |     [01;35m[Kif[m[K(m_ProcessEnable == false || m_IsRunning == true)
[1.145s]       |     [01;35m[K^~[m[K
[1.145s] [01m[K/home/robo/ROS2/walk_test/src/control/src/motion/MotionManager.cpp:340:2:[m[K [01;36m[Knote: [m[K...this statement, but the latter is misleadingly indented as if it were guarded by the â€˜[01m[Kif[m[Kâ€™
[1.145s]   340 |  [01;36m[Km_IsRunning[m[K = true;
[1.145s]       |  [01;36m[K^~~~~~~~~~~[m[K
[1.145s] [01m[K/home/robo/ROS2/walk_test/src/control/src/motion/MotionManager.cpp:345:12:[m[K [01;35m[Kwarning: [m[Kstatement has no effect [[01;35m[K-Wunused-value[m[K]
[1.145s]   345 |  [01;35m[Km_Enabled == true[m[K; // TIRAR DEPOIS
[1.145s]       |  [01;35m[K~~~~~~~~~~^~~~~~~[m[K
[1.152s] [01m[K/home/robo/ROS2/walk_test/src/control/src/motion/MotionManager.cpp:377:7:[m[K [01;35m[Kwarning: [m[Kunused variable â€˜[01m[Kjoint_num[m[Kâ€™ [[01;35m[K-Wunused-variable[m[K]
[1.152s]   377 |   int [01;35m[Kjoint_num[m[K = 0;
[1.152s]       |       [01;35m[K^~~~~~~~~[m[K
[2.495s] make[2]: *** [CMakeFiles/motion.dir/build.make:63: CMakeFiles/motion.dir/src/motion/MotionManager.cpp.o] Error 1
[2.495s] make[1]: *** [CMakeFiles/Makefile2:165: CMakeFiles/motion.dir/all] Error 2
[2.495s] make[1]: *** Waiting for unfinished jobs....
[5.226s] [ 38%] [32m[1mLinking CXX executable control[0m
[5.468s] [ 38%] Built target control
[5.468s] make: *** [Makefile:141: all] Error 2
[5.470s] Invoked command in '/home/robo/ROS2/walk_test/build/control' returned '2': CMAKE_PREFIX_PATH=/home/robo/ROS2/walk_test/install/dynamixel_sdk_custom_interfaces:/home/robo/ROS2/walk_test/install/control:/opt/ros/foxy LD_LIBRARY_PATH=/home/robo/ROS2/walk_test/install/dynamixel_sdk_custom_interfaces/lib:/home/robo/ROS2/walk_test/install/control/lib:/opt/ros/foxy/opt/yaml_cpp_vendor/lib:/opt/ros/foxy/opt/rviz_ogre_vendor/lib:/opt/ros/foxy/lib/x86_64-linux-gnu:/opt/ros/foxy/lib /usr/bin/cmake --build /home/robo/ROS2/walk_test/build/control -- -j12 -l12
