[0.018s] Invoking command in '/home/robofei/ROS2/robotis_ws/build/dynamixel_sdk_examples': CMAKE_PREFIX_PATH=/home/robofei/ROS2/robotis_ws/install/dynamixel_sdk_custom_interfaces:/home/robofei/ROS2/robotis_ws/install/dynamixel_sdk:/home/robofei/ROS2/robotis_ws/install/dynamixel_sdk_examples:/opt/ros/foxy PYTHONPATH=/home/robofei/ROS2/robotis_ws/install/dynamixel_sdk_custom_interfaces/lib/python3.8/site-packages:/home/robofei/ROS2/robotis_ws/install/dynamixel_sdk_examples/lib/python3.8/site-packages:/opt/ros/foxy/lib/python3.8/site-packages /usr/bin/cmake --build /home/robofei/ROS2/robotis_ws/build/dynamixel_sdk_examples -- -j4 -l4
[0.064s] [35m[1mScanning dependencies of target read_write_node[0m
[0.084s] [ 50%] Built target minimal_pub
[0.094s] [ 75%] [32mBuilding CXX object CMakeFiles/read_write_node.dir/src/read_write_node.cpp.o[0m
[1.403s] [01m[K/home/robofei/ROS2/robotis_ws/src/dynamixel_sdk_examples/src/read_write_node.cpp:59:1:[m[K [01;31m[Kerror: [m[Kâ€˜[01m[KGroupSyncWrite[m[Kâ€™ does not name a type
[1.403s]    59 | [01;31m[KGroupSyncWrite[m[K groupSyncWrite(portHandler, packetHandler, ADDR_GOAL_POSITION, 4);
[1.403s]       | [01;31m[K^~~~~~~~~~~~~~[m[K
[1.415s] [01m[K/home/robofei/ROS2/robotis_ws/src/dynamixel_sdk_examples/src/read_write_node.cpp:[m[K In lambda function:
[1.416s] [01m[K/home/robofei/ROS2/robotis_ws/src/dynamixel_sdk_examples/src/read_write_node.cpp:114:29:[m[K [01;31m[Kerror: [m[Kâ€˜[01m[KgroupSyncWrite[m[Kâ€™ was not declared in this scope
[1.416s]   114 |       dxl_addparam_result = [01;31m[KgroupSyncWrite[m[K.addParam((uint8_t)msg->id[0], param_goal_position0);
[1.416s]       |                             [01;31m[K^~~~~~~~~~~~~~[m[K
[1.425s] [01m[K/home/robofei/ROS2/robotis_ws/src/dynamixel_sdk_examples/src/read_write_node.cpp:[m[K In function â€˜[01m[Kvoid setupDynamixel(uint8_t)[m[Kâ€™:
[1.425s] [01m[K/home/robofei/ROS2/robotis_ws/src/dynamixel_sdk_examples/src/read_write_node.cpp:162:3:[m[K [01;31m[Kerror: [m[Kâ€˜[01m[Kdxl_comm_result[m[Kâ€™ was not declared in this scope
[1.425s]   162 |   [01;31m[Kdxl_comm_result[m[K = packetHandler->write1ByteTxRx(
[1.425s]       |   [01;31m[K^~~~~~~~~~~~~~~[m[K
[1.429s] [01m[K/home/robofei/ROS2/robotis_ws/src/dynamixel_sdk_examples/src/read_write_node.cpp:[m[K In function â€˜[01m[Kint main(int, char**)[m[Kâ€™:
[1.429s] [01m[K/home/robofei/ROS2/robotis_ws/src/dynamixel_sdk_examples/src/read_write_node.cpp:198:3:[m[K [01;31m[Kerror: [m[Kâ€˜[01m[Kdxl_comm_result[m[Kâ€™ was not declared in this scope
[1.430s]   198 |   [01;31m[Kdxl_comm_result[m[K = portHandler->openPort();
[1.430s]       |   [01;31m[K^~~~~~~~~~~~~~~[m[K
[2.938s] make[2]: *** [CMakeFiles/read_write_node.dir/build.make:63: CMakeFiles/read_write_node.dir/src/read_write_node.cpp.o] Error 1
[2.939s] make[1]: *** [CMakeFiles/Makefile2:107: CMakeFiles/read_write_node.dir/all] Error 2
[2.939s] make: *** [Makefile:141: all] Error 2
[2.941s] Invoked command in '/home/robofei/ROS2/robotis_ws/build/dynamixel_sdk_examples' returned '2': CMAKE_PREFIX_PATH=/home/robofei/ROS2/robotis_ws/install/dynamixel_sdk_custom_interfaces:/home/robofei/ROS2/robotis_ws/install/dynamixel_sdk:/home/robofei/ROS2/robotis_ws/install/dynamixel_sdk_examples:/opt/ros/foxy PYTHONPATH=/home/robofei/ROS2/robotis_ws/install/dynamixel_sdk_custom_interfaces/lib/python3.8/site-packages:/home/robofei/ROS2/robotis_ws/install/dynamixel_sdk_examples/lib/python3.8/site-packages:/opt/ros/foxy/lib/python3.8/site-packages /usr/bin/cmake --build /home/robofei/ROS2/robotis_ws/build/dynamixel_sdk_examples -- -j4 -l4
