[0.009s] Invoking command in '/home/robo/ROS2/walk_test/build/control': CMAKE_PREFIX_PATH=/home/robo/ROS2/walk_test/install/dynamixel_sdk_custom_interfaces:/home/robo/ROS2/walk_test/install/control:/opt/ros/foxy LD_LIBRARY_PATH=/home/robo/ROS2/walk_test/install/dynamixel_sdk_custom_interfaces/lib:/home/robo/ROS2/walk_test/install/control/lib:/opt/ros/foxy/opt/yaml_cpp_vendor/lib:/opt/ros/foxy/opt/rviz_ogre_vendor/lib:/opt/ros/foxy/lib/x86_64-linux-gnu:/opt/ros/foxy/lib /usr/bin/cmake --build /home/robo/ROS2/walk_test/build/control -- -j12 -l12
[0.041s] [35m[1mScanning dependencies of target action[0m
[0.056s] [ 14%] Built target decision
[0.056s] [ 14%] Built target gait_publisher
[0.056s] [ 22%] Built target control
[0.060s] [ 85%] Built target motion
[0.067s] [ 88%] [32mBuilding CXX object CMakeFiles/action.dir/src/action_editor/main.cpp.o[0m
[0.068s] [ 92%] [32mBuilding CXX object CMakeFiles/action.dir/src/action_editor/cmd_process.cpp.o[0m
[0.992s] [01m[K/home/robo/ROS2/walk_test/src/control/src/action_editor/main.cpp:[m[K In function â€˜[01m[Kvoid sighandler(int)[m[Kâ€™:
[0.992s] [01m[K/home/robo/ROS2/walk_test/src/control/src/action_editor/main.cpp:308:21:[m[K [01;35m[Kwarning: [m[Kunused parameter â€˜[01m[Ksig[m[Kâ€™ [[01;35m[K-Wunused-parameter[m[K]
[0.992s]   308 | void sighandler([01;35m[Kint sig[m[K)
[0.992s]       |                 [01;35m[K~~~~^~~[m[K
[0.992s] [01m[K/home/robo/ROS2/walk_test/src/control/src/action_editor/main.cpp:[m[K In function â€˜[01m[Kint main(int, char**)[m[Kâ€™:
[0.992s] [01m[K/home/robo/ROS2/walk_test/src/control/src/action_editor/main.cpp:372:13:[m[K [01;35m[Kwarning: [m[Kvariable â€˜[01m[Kini[m[Kâ€™ set but not used [[01;35m[K-Wunused-but-set-variable[m[K]
[0.992s]   372 |     minIni* [01;35m[Kini[m[K;
[0.993s]       |             [01;35m[K^~~[m[K
[0.993s] [01m[K/home/robo/ROS2/walk_test/src/control/src/action_editor/main.cpp:359:14:[m[K [01;35m[Kwarning: [m[Kunused parameter â€˜[01m[Kargc[m[Kâ€™ [[01;35m[K-Wunused-parameter[m[K]
[0.993s]   359 | int main([01;35m[Kint argc[m[K, char * argv[])
[0.993s]       |          [01;35m[K~~~~^~~~[m[K
[0.993s] [01m[K/home/robo/ROS2/walk_test/src/control/src/action_editor/main.cpp:359:27:[m[K [01;35m[Kwarning: [m[Kunused parameter â€˜[01m[Kargv[m[Kâ€™ [[01;35m[K-Wunused-parameter[m[K]
[0.993s]   359 | int main(int argc, [01;35m[Kchar * argv[][m[K)
[0.993s]       |                    [01;35m[K~~~~~~~^~~~~~[m[K
[1.054s] [01m[K/home/robo/ROS2/walk_test/src/control/src/action_editor/cmd_process.cpp:30:26:[m[K [01;35m[Kwarning: [m[Knon-ISO-standard escape sequence, '\e'
[1.054s]    30 | const std::string azul = [01;35m[K"\e[0;36m"[m[K;
[1.054s]       |                          [01;35m[K^~~~~~~~~~[m[K
[1.054s] [01m[K/home/robo/ROS2/walk_test/src/control/src/action_editor/cmd_process.cpp:31:27:[m[K [01;35m[Kwarning: [m[Knon-ISO-standard escape sequence, '\e'
[1.054s]    31 | const std::string azulE = [01;35m[K"\e[0;34m"[m[K;
[1.054s]       |                           [01;35m[K^~~~~~~~~~[m[K
[1.054s] [01m[K/home/robo/ROS2/walk_test/src/control/src/action_editor/cmd_process.cpp:32:27:[m[K [01;35m[Kwarning: [m[Knon-ISO-standard escape sequence, '\e'
[1.054s]    32 | const std::string amare = [01;35m[K"\e[0;33m"[m[K;
[1.055s]       |                           [01;35m[K^~~~~~~~~~[m[K
[1.055s] [01m[K/home/robo/ROS2/walk_test/src/control/src/action_editor/cmd_process.cpp:33:27:[m[K [01;35m[Kwarning: [m[Knon-ISO-standard escape sequence, '\e'
[1.055s]    33 | const std::string verde = [01;35m[K"\e[0;32m"[m[K;
[1.055s]       |                           [01;35m[K^~~~~~~~~~[m[K
[1.055s] [01m[K/home/robo/ROS2/walk_test/src/control/src/action_editor/cmd_process.cpp:34:25:[m[K [01;35m[Kwarning: [m[Knon-ISO-standard escape sequence, '\e'
[1.055s]    34 | const std::string red = [01;35m[K"\e[0;31m"[m[K;
[1.055s]       |                         [01;35m[K^~~~~~~~~~[m[K
[1.055s] [01m[K/home/robo/ROS2/walk_test/src/control/src/action_editor/cmd_process.cpp:35:26:[m[K [01;35m[Kwarning: [m[Knon-ISO-standard escape sequence, '\e'
[1.055s]    35 | const std::string gray = [01;35m[K"\e[0;37m"[m[K;
[1.055s]       |                          [01;35m[K^~~~~~~~~~[m[K
[1.055s] [01m[K/home/robo/ROS2/walk_test/src/control/src/action_editor/cmd_process.cpp:36:26:[m[K [01;35m[Kwarning: [m[Knon-ISO-standard escape sequence, '\e'
[1.055s]    36 | const std::string nulo = [01;35m[K"\e[0m"[m[K;
[1.055s]       |                          [01;35m[K^~~~~~~[m[K
[1.055s] [01m[K/home/robo/ROS2/walk_test/src/control/src/action_editor/cmd_process.cpp:38:27:[m[K [01;35m[Kwarning: [m[Knon-ISO-standard escape sequence, '\e'
[1.055s]    38 | const std::string Lazul = [01;35m[K"\e[96m"[m[K;
[1.055s]       |                           [01;35m[K^~~~~~~~[m[K
[1.055s] [01m[K/home/robo/ROS2/walk_test/src/control/src/action_editor/cmd_process.cpp:39:28:[m[K [01;35m[Kwarning: [m[Knon-ISO-standard escape sequence, '\e'
[1.055s]    39 | const std::string LazulE = [01;35m[K"\e[94m"[m[K;
[1.055s]       |                            [01;35m[K^~~~~~~~[m[K
[1.055s] [01m[K/home/robo/ROS2/walk_test/src/control/src/action_editor/cmd_process.cpp:40:28:[m[K [01;35m[Kwarning: [m[Knon-ISO-standard escape sequence, '\e'
[1.055s]    40 | const std::string Lamare = [01;35m[K"\e[93m"[m[K;
[1.056s]       |                            [01;35m[K^~~~~~~~[m[K
[1.056s] [01m[K/home/robo/ROS2/walk_test/src/control/src/action_editor/cmd_process.cpp:41:28:[m[K [01;35m[Kwarning: [m[Knon-ISO-standard escape sequence, '\e'
[1.056s]    41 | const std::string Lverde = [01;35m[K"\e[92m"[m[K;
[1.056s]       |                            [01;35m[K^~~~~~~~[m[K
[1.056s] [01m[K/home/robo/ROS2/walk_test/src/control/src/action_editor/cmd_process.cpp:42:26:[m[K [01;35m[Kwarning: [m[Knon-ISO-standard escape sequence, '\e'
[1.056s]    42 | const std::string Lred = [01;35m[K"\e[91m"[m[K;
[1.056s]       |                          [01;35m[K^~~~~~~~[m[K
[1.056s] [01m[K/home/robo/ROS2/walk_test/src/control/src/action_editor/cmd_process.cpp:43:27:[m[K [01;35m[Kwarning: [m[Knon-ISO-standard escape sequence, '\e'
[1.056s]    43 | const std::string Lgray = [01;35m[K"\e[97m"[m[K;
[1.056s]       |                           [01;35m[K^~~~~~~~[m[K
[1.065s] [01m[K/home/robo/ROS2/walk_test/src/control/src/action_editor/cmd_process.cpp:[m[K In function â€˜[01m[Kvoid ReadStep()[m[Kâ€™:
[1.065s] [01m[K/home/robo/ROS2/walk_test/src/control/src/action_editor/cmd_process.cpp:130:10:[m[K [01;35m[Kwarning: [m[Kunused variable â€˜[01m[Kvalue8[m[Kâ€™ [[01;35m[K-Wunused-variable[m[K]
[1.065s]   130 |  uint8_t [01;35m[Kvalue8[m[K;
[1.066s]       |          [01;35m[K^~~~~~[m[K
[1.066s] [01m[K/home/robo/ROS2/walk_test/src/control/src/action_editor/cmd_process.cpp:131:11:[m[K [01;35m[Kwarning: [m[Kunused variable â€˜[01m[Kvalue32[m[Kâ€™ [[01;35m[K-Wunused-variable[m[K]
[1.066s]   131 |  uint32_t [01;35m[Kvalue32[m[K;
[1.066s]       |           [01;35m[K^~~~~~~[m[K
[1.067s] [01m[K/home/robo/ROS2/walk_test/src/control/src/action_editor/cmd_process.cpp:[m[K In function â€˜[01m[Kvoid DrawIntro()[m[Kâ€™:
[1.067s] [01m[K/home/robo/ROS2/walk_test/src/control/src/action_editor/cmd_process.cpp:334:9:[m[K [01;35m[Kwarning: [m[Knon-ISO-standard escape sequence, '\e'
[1.067s]   334 |  system([01;35m[K"printf '\e[8;27;80t'"[m[K);
[1.067s]       |         [01;35m[K^~~~~~~~~~~~~~~~~~~~~~[m[K
[1.070s] [01m[K/home/robo/ROS2/walk_test/src/control/src/action_editor/cmd_process.cpp:[m[K In function â€˜[01m[Kvoid SetValue(uint32_t)[m[Kâ€™:
[1.070s] [01m[K/home/robo/ROS2/walk_test/src/control/src/action_editor/cmd_process.cpp:718:13:[m[K [01;35m[Kwarning: [m[Kcomparison of unsigned expression >= 0 is always true [[01;35m[K-Wtype-limits[m[K]
[1.070s]   718 |    if([01;35m[Kvalue >= 0[m[K && value <= 255)
[1.070s]       |       [01;35m[K~~~~~~^~~~[m[K
[1.070s] [01m[K/home/robo/ROS2/walk_test/src/control/src/action_editor/cmd_process.cpp:727:13:[m[K [01;35m[Kwarning: [m[Kcomparison of unsigned expression >= 0 is always true [[01;35m[K-Wtype-limits[m[K]
[1.071s]   727 |    if([01;35m[Kvalue >= 0[m[K && value <= 255)
[1.071s]       |       [01;35m[K~~~~~~^~~~[m[K
[1.071s] [01m[K/home/robo/ROS2/walk_test/src/control/src/action_editor/cmd_process.cpp:805:13:[m[K [01;35m[Kwarning: [m[Kcomparison of unsigned expression >= 0 is always true [[01;35m[K-Wtype-limits[m[K]
[1.071s]   805 |    if([01;35m[Kvalue >= 0[m[K && value <= 255)
[1.071s]       |       [01;35m[K~~~~~~^~~~[m[K
[1.071s] [01m[K/home/robo/ROS2/walk_test/src/control/src/action_editor/cmd_process.cpp:814:13:[m[K [01;35m[Kwarning: [m[Kcomparison of unsigned expression >= 0 is always true [[01;35m[K-Wtype-limits[m[K]
[1.071s]   814 |    if([01;35m[Kvalue >= 0[m[K && value <= 255)
[1.071s]       |       [01;35m[K~~~~~~^~~~[m[K
[1.071s] [01m[K/home/robo/ROS2/walk_test/src/control/src/action_editor/cmd_process.cpp:859:13:[m[K [01;35m[Kwarning: [m[Kcomparison of unsigned expression >= 0 is always true [[01;35m[K-Wtype-limits[m[K]
[1.071s]   859 |    if([01;35m[Kvalue >= 0[m[K && value <= 255)
[1.071s]       |       [01;35m[K~~~~~~^~~~[m[K
[1.071s] [01m[K/home/robo/ROS2/walk_test/src/control/src/action_editor/cmd_process.cpp:868:13:[m[K [01;35m[Kwarning: [m[Kcomparison of unsigned expression >= 0 is always true [[01;35m[K-Wtype-limits[m[K]
[1.071s]   868 |    if([01;35m[Kvalue >= 0[m[K && value <= Action::MAXNUM_STEP)
[1.071s]       |       [01;35m[K~~~~~~^~~~[m[K
[1.071s] [01m[K/home/robo/ROS2/walk_test/src/control/src/action_editor/cmd_process.cpp:884:13:[m[K [01;35m[Kwarning: [m[Kcomparison of unsigned expression >= 0 is always true [[01;35m[K-Wtype-limits[m[K]
[1.072s]   884 |    if([01;35m[Kvalue >= 0[m[K && value <= 255)
[1.072s]       |       [01;35m[K~~~~~~^~~~[m[K
[1.072s] [01m[K/home/robo/ROS2/walk_test/src/control/src/action_editor/cmd_process.cpp:893:13:[m[K [01;35m[Kwarning: [m[Kcomparison of unsigned expression >= 0 is always true [[01;35m[K-Wtype-limits[m[K]
[1.072s]   893 |    if([01;35m[Kvalue >= 0[m[K && value <= 255)
[1.072s]       |       [01;35m[K~~~~~~^~~~[m[K
[1.072s] [01m[K/home/robo/ROS2/walk_test/src/control/src/action_editor/cmd_process.cpp:902:13:[m[K [01;35m[Kwarning: [m[Kcomparison of unsigned expression >= 0 is always true [[01;35m[K-Wtype-limits[m[K]
[1.072s]   902 |    if([01;35m[Kvalue >= 0[m[K && value <= 255)
[1.072s]       |       [01;35m[K~~~~~~^~~~[m[K
[1.072s] [01m[K/home/robo/ROS2/walk_test/src/control/src/action_editor/cmd_process.cpp:911:13:[m[K [01;35m[Kwarning: [m[Kcomparison of unsigned expression >= 0 is always true [[01;35m[K-Wtype-limits[m[K]
[1.072s]   911 |    if([01;35m[Kvalue >= 0[m[K && value <= 255)
[1.072s]       |       [01;35m[K~~~~~~^~~~[m[K
[1.072s] [01m[K/home/robo/ROS2/walk_test/src/control/src/action_editor/cmd_process.cpp:[m[K In function â€˜[01m[Kvoid PlayCmd()[m[Kâ€™:
[1.072s] [01m[K/home/robo/ROS2/walk_test/src/control/src/action_editor/cmd_process.cpp:1059:6:[m[K [01;35m[Kwarning: [m[Kunused variable â€˜[01m[Kvalue[m[Kâ€™ [[01;35m[K-Wunused-variable[m[K]
[1.072s]  1059 |  int [01;35m[Kvalue[m[K;
[1.072s]       |      [01;35m[K^~~~~[m[K
[1.072s] [01m[K/home/robo/ROS2/walk_test/src/control/src/action_editor/cmd_process.cpp:[m[K In function â€˜[01m[Kvoid OnOffCmd(bool, int, int*)[m[Kâ€™:
[1.073s] [01m[K/home/robo/ROS2/walk_test/src/control/src/action_editor/cmd_process.cpp:1185:20:[m[K [01;35m[Kwarning: [m[Kunused parameter â€˜[01m[Kon[m[Kâ€™ [[01;35m[K-Wunused-parameter[m[K]
[1.073s]  1185 | void OnOffCmd([01;35m[Kbool on[m[K, int num_param, int *list)
[1.073s]       |               [01;35m[K~~~~~^~[m[K
[1.073s] [01m[K/home/robo/ROS2/walk_test/src/control/src/action_editor/cmd_process.cpp:1185:28:[m[K [01;35m[Kwarning: [m[Kunused parameter â€˜[01m[Knum_param[m[Kâ€™ [[01;35m[K-Wunused-parameter[m[K]
[1.073s]  1185 | void OnOffCmd(bool on, [01;35m[Kint num_param[m[K, int *list)
[1.073s]       |                        [01;35m[K~~~~^~~~~~~~~[m[K
[1.073s] [01m[K/home/robo/ROS2/walk_test/src/control/src/action_editor/cmd_process.cpp:1185:44:[m[K [01;35m[Kwarning: [m[Kunused parameter â€˜[01m[Klist[m[Kâ€™ [[01;35m[K-Wunused-parameter[m[K]
[1.073s]  1185 | void OnOffCmd(bool on, int num_param, [01;35m[Kint *list[m[K)
[1.073s]       |                                       [01;35m[K~~~~~^~~~[m[K
[1.074s] [01m[K/home/robo/ROS2/walk_test/src/control/src/action_editor/cmd_process.cpp:[m[K In function â€˜[01m[Kvoid GoCmd(int)[m[Kâ€™:
[1.074s] [01m[K/home/robo/ROS2/walk_test/src/control/src/action_editor/cmd_process.cpp:1385:6:[m[K [01;35m[Kwarning: [m[Kunused variable â€˜[01m[Kn[m[Kâ€™ [[01;35m[K-Wunused-variable[m[K]
[1.074s]  1385 |  int [01;35m[Kn[m[K = 0;
[1.074s]       |      [01;35m[K^[m[K
[1.074s] [01m[K/home/robo/ROS2/walk_test/src/control/src/action_editor/cmd_process.cpp:1386:10:[m[K [01;35m[Kwarning: [m[Kunused variable â€˜[01m[Kparam[m[Kâ€™ [[01;35m[K-Wunused-variable[m[K]
[1.074s]  1386 |  uint8_t [01;35m[Kparam[m[K[JointData::NUMBER_OF_JOINTS * (1 + MX28::PARAM_BYTES)];
[1.074s]       |          [01;35m[K^~~~~[m[K
[1.074s] [01m[K/home/robo/ROS2/walk_test/src/control/src/action_editor/cmd_process.cpp:1387:11:[m[K [01;35m[Kwarning: [m[Kunused variable â€˜[01m[KwGoalPosition[m[Kâ€™ [[01;35m[K-Wunused-variable[m[K]
[1.074s]  1387 |  uint32_t [01;35m[KwGoalPosition[m[K, wStartPosition, wDistance;
[1.074s]       |           [01;35m[K^~~~~~~~~~~~~[m[K
[1.074s] [01m[K/home/robo/ROS2/walk_test/src/control/src/action_editor/cmd_process.cpp:1387:26:[m[K [01;35m[Kwarning: [m[Kunused variable â€˜[01m[KwStartPosition[m[Kâ€™ [[01;35m[K-Wunused-variable[m[K]
[1.074s]  1387 |  uint32_t wGoalPosition, [01;35m[KwStartPosition[m[K, wDistance;
[1.074s]       |                          [01;35m[K^~~~~~~~~~~~~~[m[K
[1.074s] [01m[K/home/robo/ROS2/walk_test/src/control/src/action_editor/cmd_process.cpp:1387:42:[m[K [01;35m[Kwarning: [m[Kunused variable â€˜[01m[KwDistance[m[Kâ€™ [[01;35m[K-Wunused-variable[m[K]
[1.074s]  1387 |  uint32_t wGoalPosition, wStartPosition, [01;35m[KwDistance[m[K;
[1.074s]       |                                          [01;35m[K^~~~~~~~~[m[K
[1.074s] [01m[K/home/robo/ROS2/walk_test/src/control/src/action_editor/cmd_process.cpp:[m[K In function â€˜[01m[Kvoid readServo()[m[Kâ€™:
[1.074s] [01m[K/home/robo/ROS2/walk_test/src/control/src/action_editor/cmd_process.cpp:1471:11:[m[K [01;35m[Kwarning: [m[Kunused variable â€˜[01m[Kvalue[m[Kâ€™ [[01;35m[K-Wunused-variable[m[K]
[1.075s]  1471 |  uint32_t [01;35m[Kvalue[m[K;
[1.075s]       |           [01;35m[K^~~~~[m[K
[1.634s] In file included from [01m[K/opt/ros/foxy/include/rclcpp/callback_group.hpp:27[m[K,
[1.634s]                  from [01m[K/opt/ros/foxy/include/rclcpp/any_executable.hpp:20[m[K,
[1.634s]                  from [01m[K/opt/ros/foxy/include/rclcpp/memory_strategy.hpp:24[m[K,
[1.634s]                  from [01m[K/opt/ros/foxy/include/rclcpp/memory_strategies.hpp:18[m[K,
[1.634s]                  from [01m[K/opt/ros/foxy/include/rclcpp/executor_options.hpp:20[m[K,
[1.635s]                  from [01m[K/opt/ros/foxy/include/rclcpp/executor.hpp:33[m[K,
[1.635s]                  from [01m[K/opt/ros/foxy/include/rclcpp/executors/multi_threaded_executor.hpp:26[m[K,
[1.635s]                  from [01m[K/opt/ros/foxy/include/rclcpp/executors.hpp:21[m[K,
[1.635s]                  from [01m[K/opt/ros/foxy/include/rclcpp/rclcpp.hpp:146[m[K,
[1.635s]                  from [01m[K/home/robo/ROS2/walk_test/src/control/include/MotionManager.h:20[m[K,
[1.635s]                  from [01m[K/home/robo/ROS2/walk_test/src/control/src/action_editor/cmd_process.cpp:7[m[K:
[1.635s] /opt/ros/foxy/include/rclcpp/timer.hpp: In instantiation of â€˜[01m[Kvoid rclcpp::GenericTimer<FunctorT, <anonymous> >::execute_callback_delegate() [with CallbackT = std::_Bind<int (Main::*(MinimalPublisher*))()>; typename std::enable_if<rclcpp::function_traits::same_arguments<CallbackT, std::function<void()> >::value>::type* <anonymous> = 0; FunctorT = std::_Bind<int (Main::*(MinimalPublisher*))()>; typename std::enable_if<(rclcpp::function_traits::same_arguments<FunctorT, std::function<void()> >::value || rclcpp::function_traits::same_arguments<FunctorT, std::function<void(rclcpp::TimerBase&)> >::value)>::type* <anonymous> = 0][m[Kâ€™:
[1.635s] [01m[K/opt/ros/foxy/include/rclcpp/timer.hpp:209:5:[m[K   required from â€˜[01m[Kvoid rclcpp::GenericTimer<FunctorT, <anonymous> >::execute_callback() [with FunctorT = std::_Bind<int (Main::*(MinimalPublisher*))()>; typename std::enable_if<(rclcpp::function_traits::same_arguments<FunctorT, std::function<void()> >::value || rclcpp::function_traits::same_arguments<FunctorT, std::function<void(rclcpp::TimerBase&)> >::value)>::type* <anonymous> = 0][m[Kâ€™
[1.635s] [01m[K/opt/ros/foxy/include/rclcpp/timer.hpp:199:3:[m[K   required from here
[1.635s] [01m[K/opt/ros/foxy/include/rclcpp/timer.hpp:223:5:[m[K [01;31m[Kerror: [m[Kno match for call to â€˜[01m[K(std::_Bind<int (Main::*(MinimalPublisher*))()>) ()[m[Kâ€™
[1.635s]   223 |     [01;31m[Kcallback_[m[K();
[1.635s]       |     [01;31m[K^~~~~~~~~[m[K
[1.635s] In file included from [01m[K/opt/ros/foxy/include/rclcpp/context.hpp:19[m[K,
[1.635s]                  from [01m[K/opt/ros/foxy/include/rclcpp/contexts/default_context.hpp:18[m[K,
[1.635s]                  from [01m[K/opt/ros/foxy/include/rclcpp/executor.hpp:32[m[K,
[1.635s]                  from [01m[K/opt/ros/foxy/include/rclcpp/executors/multi_threaded_executor.hpp:26[m[K,
[1.635s]                  from [01m[K/opt/ros/foxy/include/rclcpp/executors.hpp:21[m[K,
[1.635s]                  from [01m[K/opt/ros/foxy/include/rclcpp/rclcpp.hpp:146[m[K,
[1.635s]                  from [01m[K/home/robo/ROS2/walk_test/src/control/include/MotionManager.h:20[m[K,
[1.635s]                  from [01m[K/home/robo/ROS2/walk_test/src/control/src/action_editor/cmd_process.cpp:7[m[K:
[1.635s] [01m[K/usr/include/c++/9/functional:480:2:[m[K [01;36m[Knote: [m[Kcandidate: â€˜[01m[Ktemplate<class ... _Args, class _Result> _Result std::_Bind<_Functor(_Bound_args ...)>::operator()(_Args&& ...) [with _Args = {_Args ...}; _Result = _Result; _Functor = int (Main::*)(); _Bound_args = {MinimalPublisher*}][m[Kâ€™
[1.635s]   480 |  [01;36m[Koperator[m[K()(_Args&&... __args)
[1.636s]       |  [01;36m[K^~~~~~~~[m[K
[1.636s] [01m[K/usr/include/c++/9/functional:480:2:[m[K [01;36m[Knote: [m[K  template argument deduction/substitution failed:
[1.636s] /usr/include/c++/9/functional: In substitution of â€˜[01m[Ktemplate<class _Functor, class ... _Bound_args> template<class _Fn, class _CallArgs, class ... _BArgs> using _Res_type_impl = typename std::result_of<_Fn&(std::_Bind<_Functor(_Bound_args ...)>::_Mu_type<_BArgs, _CallArgs>&& ...)>::type [with _Fn = int (Main::*)(); _CallArgs = std::tuple<>; _BArgs = {MinimalPublisher*}; _Functor = int (Main::*)(); _Bound_args = {MinimalPublisher*}][m[Kâ€™:
[1.636s] [01m[K/usr/include/c++/9/functional:447:8:[m[K   required by substitution of â€˜[01m[Ktemplate<class _Functor, class ... _Bound_args> template<class _CallArgs> using _Res_type = std::_Bind<_Functor(_Bound_args ...)>::_Res_type_impl<_Functor, _CallArgs, _Bound_args ...> [with _CallArgs = std::tuple<>; _Functor = int (Main::*)(); _Bound_args = {MinimalPublisher*}][m[Kâ€™
[1.636s] [01m[K/usr/include/c++/9/functional:478:9:[m[K   required from â€˜[01m[Kvoid rclcpp::GenericTimer<FunctorT, <anonymous> >::execute_callback_delegate() [with CallbackT = std::_Bind<int (Main::*(MinimalPublisher*))()>; typename std::enable_if<rclcpp::function_traits::same_arguments<CallbackT, std::function<void()> >::value>::type* <anonymous> = 0; FunctorT = std::_Bind<int (Main::*(MinimalPublisher*))()>; typename std::enable_if<(rclcpp::function_traits::same_arguments<FunctorT, std::function<void()> >::value || rclcpp::function_traits::same_arguments<FunctorT, std::function<void(rclcpp::TimerBase&)> >::value)>::type* <anonymous> = 0][m[Kâ€™
[1.636s] [01m[K/opt/ros/foxy/include/rclcpp/timer.hpp:209:5:[m[K   required from â€˜[01m[Kvoid rclcpp::GenericTimer<FunctorT, <anonymous> >::execute_callback() [with FunctorT = std::_Bind<int (Main::*(MinimalPublisher*))()>; typename std::enable_if<(rclcpp::function_traits::same_arguments<FunctorT, std::function<void()> >::value || rclcpp::function_traits::same_arguments<FunctorT, std::function<void(rclcpp::TimerBase&)> >::value)>::type* <anonymous> = 0][m[Kâ€™
[1.636s] [01m[K/opt/ros/foxy/include/rclcpp/timer.hpp:199:3:[m[K   required from here
[1.636s] [01m[K/usr/include/c++/9/functional:443:8:[m[K [01;31m[Kerror: [m[Kno type named â€˜[01m[Ktype[m[Kâ€™ in â€˜[01m[Kclass std::result_of<int (Main::*&(MinimalPublisher*&))()>[m[Kâ€™
[1.636s]   443 |  using [01;31m[K_Res_type_impl[m[K
[1.636s]       |        [01;31m[K^~~~~~~~~~~~~~[m[K
[1.636s] /opt/ros/foxy/include/rclcpp/timer.hpp: In instantiation of â€˜[01m[Kvoid rclcpp::GenericTimer<FunctorT, <anonymous> >::execute_callback_delegate() [with CallbackT = std::_Bind<int (Main::*(MinimalPublisher*))()>; typename std::enable_if<rclcpp::function_traits::same_arguments<CallbackT, std::function<void()> >::value>::type* <anonymous> = 0; FunctorT = std::_Bind<int (Main::*(MinimalPublisher*))()>; typename std::enable_if<(rclcpp::function_traits::same_arguments<FunctorT, std::function<void()> >::value || rclcpp::function_traits::same_arguments<FunctorT, std::function<void(rclcpp::TimerBase&)> >::value)>::type* <anonymous> = 0][m[Kâ€™:
[1.636s] [01m[K/opt/ros/foxy/include/rclcpp/timer.hpp:209:5:[m[K   required from â€˜[01m[Kvoid rclcpp::GenericTimer<FunctorT, <anonymous> >::execute_callback() [with FunctorT = std::_Bind<int (Main::*(MinimalPublisher*))()>; typename std::enable_if<(rclcpp::function_traits::same_arguments<FunctorT, std::function<void()> >::value || rclcpp::function_traits::same_arguments<FunctorT, std::function<void(rclcpp::TimerBase&)> >::value)>::type* <anonymous> = 0][m[Kâ€™
[1.636s] [01m[K/opt/ros/foxy/include/rclcpp/timer.hpp:199:3:[m[K   required from here
[1.636s] [01m[K/usr/include/c++/9/functional:491:2:[m[K [01;36m[Knote: [m[Kcandidate: â€˜[01m[Ktemplate<class ... _Args, class _Result> _Result std::_Bind<_Functor(_Bound_args ...)>::operator()(_Args&& ...) const [with _Args = {_Args ...}; _Result = _Result; _Functor = int (Main::*)(); _Bound_args = {MinimalPublisher*}][m[Kâ€™
[1.636s]   491 |  [01;36m[Koperator[m[K()(_Args&&... __args) const
[1.636s]       |  [01;36m[K^~~~~~~~[m[K
[1.636s] [01m[K/usr/include/c++/9/functional:491:2:[m[K [01;36m[Knote: [m[K  template argument deduction/substitution failed:
[1.636s] /usr/include/c++/9/functional: In substitution of â€˜[01m[Ktemplate<class _Functor, class ... _Bound_args> template<class _Fn, class _CallArgs, class ... _BArgs> using _Res_type_impl = typename std::result_of<_Fn&(std::_Bind<_Functor(_Bound_args ...)>::_Mu_type<_BArgs, _CallArgs>&& ...)>::type [with _Fn = std::add_const<int (Main::*)()>::type; _CallArgs = std::tuple<>; _BArgs = {std::add_const<MinimalPublisher*>::type}; _Functor = int (Main::*)(); _Bound_args = {MinimalPublisher*}][m[Kâ€™:
[1.636s] [01m[K/usr/include/c++/9/functional:454:8:[m[K   required by substitution of â€˜[01m[Ktemplate<class _Functor, class ... _Bound_args> template<class _CallArgs, template<class _CallArgs, template<class> class __cv_quals> template<class _Functor, class ... _Bound_args> template<class> class __cv_quals> using _Res_type_cv = std::_Bind<_Functor(_Bound_args ...)>::_Res_type_impl<typename __cv_quals<typename std::enable_if<(bool)((std::tuple_size<_Tuple>::value + 1)), _Functor>::type>::type, _CallArgs, typename __cv_quals<_Bound_args>::type ...> [with _CallArgs = std::tuple<>; __cv_quals = std::add_const; _Functor = int (Main::*)(); _Bound_args = {MinimalPublisher*}][m[Kâ€™
[1.636s] [01m[K/usr/include/c++/9/functional:489:9:[m[K   required from â€˜[01m[Kvoid rclcpp::GenericTimer<FunctorT, <anonymous> >::execute_callback_delegate() [with CallbackT = std::_Bind<int (Main::*(MinimalPublisher*))()>; typename std::enable_if<rclcpp::function_traits::same_arguments<CallbackT, std::function<void()> >::value>::type* <anonymous> = 0; FunctorT = std::_Bind<int (Main::*(MinimalPublisher*))()>; typename std::enable_if<(rclcpp::function_traits::same_arguments<FunctorT, std::function<void()> >::value || rclcpp::function_traits::same_arguments<FunctorT, std::function<void(rclcpp::TimerBase&)> >::value)>::type* <anonymous> = 0][m[Kâ€™
[1.637s] [01m[K/opt/ros/foxy/include/rclcpp/timer.hpp:209:5:[m[K   required from â€˜[01m[Kvoid rclcpp::GenericTimer<FunctorT, <anonymous> >::execute_callback() [with FunctorT = std::_Bind<int (Main::*(MinimalPublisher*))()>; typename std::enable_if<(rclcpp::function_traits::same_arguments<FunctorT, std::function<void()> >::value || rclcpp::function_traits::same_arguments<FunctorT, std::function<void(rclcpp::TimerBase&)> >::value)>::type* <anonymous> = 0][m[Kâ€™
[1.637s] [01m[K/opt/ros/foxy/include/rclcpp/timer.hpp:199:3:[m[K   required from here
[1.637s] [01m[K/usr/include/c++/9/functional:443:8:[m[K [01;31m[Kerror: [m[Kno type named â€˜[01m[Ktype[m[Kâ€™ in â€˜[01m[Kclass std::result_of<int (Main::* const&(MinimalPublisher* const&))()>[m[Kâ€™
[1.637s]   443 |  using [01;31m[K_Res_type_impl[m[K
[1.637s]       |        [01;31m[K^~~~~~~~~~~~~~[m[K
[1.637s] /opt/ros/foxy/include/rclcpp/timer.hpp: In instantiation of â€˜[01m[Kvoid rclcpp::GenericTimer<FunctorT, <anonymous> >::execute_callback_delegate() [with CallbackT = std::_Bind<int (Main::*(MinimalPublisher*))()>; typename std::enable_if<rclcpp::function_traits::same_arguments<CallbackT, std::function<void()> >::value>::type* <anonymous> = 0; FunctorT = std::_Bind<int (Main::*(MinimalPublisher*))()>; typename std::enable_if<(rclcpp::function_traits::same_arguments<FunctorT, std::function<void()> >::value || rclcpp::function_traits::same_arguments<FunctorT, std::function<void(rclcpp::TimerBase&)> >::value)>::type* <anonymous> = 0][m[Kâ€™:
[1.637s] [01m[K/opt/ros/foxy/include/rclcpp/timer.hpp:209:5:[m[K   required from â€˜[01m[Kvoid rclcpp::GenericTimer<FunctorT, <anonymous> >::execute_callback() [with FunctorT = std::_Bind<int (Main::*(MinimalPublisher*))()>; typename std::enable_if<(rclcpp::function_traits::same_arguments<FunctorT, std::function<void()> >::value || rclcpp::function_traits::same_arguments<FunctorT, std::function<void(rclcpp::TimerBase&)> >::value)>::type* <anonymous> = 0][m[Kâ€™
[1.637s] [01m[K/opt/ros/foxy/include/rclcpp/timer.hpp:199:3:[m[K   required from here
[1.637s] [01m[K/usr/include/c++/9/functional:509:2:[m[K [01;36m[Knote: [m[Kcandidate: â€˜[01m[Ktemplate<class ... _Args, class _Result> _Result std::_Bind<_Functor(_Bound_args ...)>::operator()(_Args&& ...) volatile [with _Args = {_Args ...}; _Result = _Result; _Functor = int (Main::*)(); _Bound_args = {MinimalPublisher*}][m[Kâ€™
[1.637s]   509 |  [01;36m[Koperator[m[K()(_Args&&... __args) volatile
[1.637s]       |  [01;36m[K^~~~~~~~[m[K
[1.637s] [01m[K/usr/include/c++/9/functional:509:2:[m[K [01;36m[Knote: [m[K  template argument deduction/substitution failed:
[1.637s] /usr/include/c++/9/functional: In substitution of â€˜[01m[Ktemplate<class _Functor, class ... _Bound_args> template<class _Fn, class _CallArgs, class ... _BArgs> using _Res_type_impl = typename std::result_of<_Fn&(std::_Bind<_Functor(_Bound_args ...)>::_Mu_type<_BArgs, _CallArgs>&& ...)>::type [with _Fn = std::add_volatile<int (Main::*)()>::type; _CallArgs = std::tuple<>; _BArgs = {std::add_volatile<MinimalPublisher*>::type}; _Functor = int (Main::*)(); _Bound_args = {MinimalPublisher*}][m[Kâ€™:
[1.637s] [01m[K/usr/include/c++/9/functional:454:8:[m[K   required by substitution of â€˜[01m[Ktemplate<class _Functor, class ... _Bound_args> template<class _CallArgs, template<class _CallArgs, template<class> class __cv_quals> template<class _Functor, class ... _Bound_args> template<class> class __cv_quals> using _Res_type_cv = std::_Bind<_Functor(_Bound_args ...)>::_Res_type_impl<typename __cv_quals<typename std::enable_if<(bool)((std::tuple_size<_Tuple>::value + 1)), _Functor>::type>::type, _CallArgs, typename __cv_quals<_Bound_args>::type ...> [with _CallArgs = std::tuple<>; __cv_quals = std::add_volatile; _Functor = int (Main::*)(); _Bound_args = {MinimalPublisher*}][m[Kâ€™
[1.637s] [01m[K/usr/include/c++/9/functional:506:9:[m[K   required from â€˜[01m[Kvoid rclcpp::GenericTimer<FunctorT, <anonymous> >::execute_callback_delegate() [with CallbackT = std::_Bind<int (Main::*(MinimalPublisher*))()>; typename std::enable_if<rclcpp::function_traits::same_arguments<CallbackT, std::function<void()> >::value>::type* <anonymous> = 0; FunctorT = std::_Bind<int (Main::*(MinimalPublisher*))()>; typename std::enable_if<(rclcpp::function_traits::same_arguments<FunctorT, std::function<void()> >::value || rclcpp::function_traits::same_arguments<FunctorT, std::function<void(rclcpp::TimerBase&)> >::value)>::type* <anonymous> = 0][m[Kâ€™
[1.637s] [01m[K/opt/ros/foxy/include/rclcpp/timer.hpp:209:5:[m[K   required from â€˜[01m[Kvoid rclcpp::GenericTimer<FunctorT, <anonymous> >::execute_callback() [with FunctorT = std::_Bind<int (Main::*(MinimalPublisher*))()>; typename std::enable_if<(rclcpp::function_traits::same_arguments<FunctorT, std::function<void()> >::value || rclcpp::function_traits::same_arguments<FunctorT, std::function<void(rclcpp::TimerBase&)> >::value)>::type* <anonymous> = 0][m[Kâ€™
[1.637s] [01m[K/opt/ros/foxy/include/rclcpp/timer.hpp:199:3:[m[K   required from here
[1.637s] [01m[K/usr/include/c++/9/functional:443:8:[m[K [01;31m[Kerror: [m[Kno type named â€˜[01m[Ktype[m[Kâ€™ in â€˜[01m[Kclass std::result_of<int (Main::* volatile&(MinimalPublisher* volatile&))()>[m[Kâ€™
[1.637s]   443 |  using [01;31m[K_Res_type_impl[m[K
[1.637s]       |        [01;31m[K^~~~~~~~~~~~~~[m[K
[1.637s] /opt/ros/foxy/include/rclcpp/timer.hpp: In instantiation of â€˜[01m[Kvoid rclcpp::GenericTimer<FunctorT, <anonymous> >::execute_callback_delegate() [with CallbackT = std::_Bind<int (Main::*(MinimalPublisher*))()>; typename std::enable_if<rclcpp::function_traits::same_arguments<CallbackT, std::function<void()> >::value>::type* <anonymous> = 0; FunctorT = std::_Bind<int (Main::*(MinimalPublisher*))()>; typename std::enable_if<(rclcpp::function_traits::same_arguments<FunctorT, std::function<void()> >::value || rclcpp::function_traits::same_arguments<FunctorT, std::function<void(rclcpp::TimerBase&)> >::value)>::type* <anonymous> = 0][m[Kâ€™:
[1.638s] [01m[K/opt/ros/foxy/include/rclcpp/timer.hpp:209:5:[m[K   required from â€˜[01m[Kvoid rclcpp::GenericTimer<FunctorT, <anonymous> >::execute_callback() [with FunctorT = std::_Bind<int (Main::*(MinimalPublisher*))()>; typename std::enable_if<(rclcpp::function_traits::same_arguments<FunctorT, std::function<void()> >::value || rclcpp::function_traits::same_arguments<FunctorT, std::function<void(rclcpp::TimerBase&)> >::value)>::type* <anonymous> = 0][m[Kâ€™
[1.638s] [01m[K/opt/ros/foxy/include/rclcpp/timer.hpp:199:3:[m[K   required from here
[1.638s] [01m[K/usr/include/c++/9/functional:521:2:[m[K [01;36m[Knote: [m[Kcandidate: â€˜[01m[Ktemplate<class ... _Args, class _Result> _Result std::_Bind<_Functor(_Bound_args ...)>::operator()(_Args&& ...) const volatile [with _Args = {_Args ...}; _Result = _Result; _Functor = int (Main::*)(); _Bound_args = {MinimalPublisher*}][m[Kâ€™
[1.638s]   521 |  [01;36m[Koperator[m[K()(_Args&&... __args) const volatile
[1.638s]       |  [01;36m[K^~~~~~~~[m[K
[1.638s] [01m[K/usr/include/c++/9/functional:521:2:[m[K [01;36m[Knote: [m[K  template argument deduction/substitution failed:
[1.638s] /usr/include/c++/9/functional: In substitution of â€˜[01m[Ktemplate<class _Functor, class ... _Bound_args> template<class _Fn, class _CallArgs, class ... _BArgs> using _Res_type_impl = typename std::result_of<_Fn&(std::_Bind<_Functor(_Bound_args ...)>::_Mu_type<_BArgs, _CallArgs>&& ...)>::type [with _Fn = std::add_cv<int (Main::*)()>::type; _CallArgs = std::tuple<>; _BArgs = {std::add_cv<MinimalPublisher*>::type}; _Functor = int (Main::*)(); _Bound_args = {MinimalPublisher*}][m[Kâ€™:
[1.638s] [01m[K/usr/include/c++/9/functional:454:8:[m[K   required by substitution of â€˜[01m[Ktemplate<class _Functor, class ... _Bound_args> template<class _CallArgs, template<class _CallArgs, template<class> class __cv_quals> template<class _Functor, class ... _Bound_args> template<class> class __cv_quals> using _Res_type_cv = std::_Bind<_Functor(_Bound_args ...)>::_Res_type_impl<typename __cv_quals<typename std::enable_if<(bool)((std::tuple_size<_Tuple>::value + 1)), _Functor>::type>::type, _CallArgs, typename __cv_quals<_Bound_args>::type ...> [with _CallArgs = std::tuple<>; __cv_quals = std::add_cv; _Functor = int (Main::*)(); _Bound_args = {MinimalPublisher*}][m[Kâ€™
[1.638s] [01m[K/usr/include/c++/9/functional:518:9:[m[K   required from â€˜[01m[Kvoid rclcpp::GenericTimer<FunctorT, <anonymous> >::execute_callback_delegate() [with CallbackT = std::_Bind<int (Main::*(MinimalPublisher*))()>; typename std::enable_if<rclcpp::function_traits::same_arguments<CallbackT, std::function<void()> >::value>::type* <anonymous> = 0; FunctorT = std::_Bind<int (Main::*(MinimalPublisher*))()>; typename std::enable_if<(rclcpp::function_traits::same_arguments<FunctorT, std::function<void()> >::value || rclcpp::function_traits::same_arguments<FunctorT, std::function<void(rclcpp::TimerBase&)> >::value)>::type* <anonymous> = 0][m[Kâ€™
[1.638s] [01m[K/opt/ros/foxy/include/rclcpp/timer.hpp:209:5:[m[K   required from â€˜[01m[Kvoid rclcpp::GenericTimer<FunctorT, <anonymous> >::execute_callback() [with FunctorT = std::_Bind<int (Main::*(MinimalPublisher*))()>; typename std::enable_if<(rclcpp::function_traits::same_arguments<FunctorT, std::function<void()> >::value || rclcpp::function_traits::same_arguments<FunctorT, std::function<void(rclcpp::TimerBase&)> >::value)>::type* <anonymous> = 0][m[Kâ€™
[1.638s] [01m[K/opt/ros/foxy/include/rclcpp/timer.hpp:199:3:[m[K   required from here
[1.638s] [01m[K/usr/include/c++/9/functional:443:8:[m[K [01;31m[Kerror: [m[Kno type named â€˜[01m[Ktype[m[Kâ€™ in â€˜[01m[Kclass std::result_of<int (Main::* const volatile&(MinimalPublisher* const volatile&))()>[m[Kâ€™
[1.638s]   443 |  using [01;31m[K_Res_type_impl[m[K
[1.638s]       |        [01;31m[K^~~~~~~~~~~~~~[m[K
[1.797s] make[2]: *** [CMakeFiles/action.dir/build.make:89: CMakeFiles/action.dir/src/action_editor/cmd_process.cpp.o] Error 1
[1.797s] make[1]: *** [CMakeFiles/Makefile2:221: CMakeFiles/action.dir/all] Error 2
[1.798s] make: *** [Makefile:141: all] Error 2
[1.799s] Invoked command in '/home/robo/ROS2/walk_test/build/control' returned '2': CMAKE_PREFIX_PATH=/home/robo/ROS2/walk_test/install/dynamixel_sdk_custom_interfaces:/home/robo/ROS2/walk_test/install/control:/opt/ros/foxy LD_LIBRARY_PATH=/home/robo/ROS2/walk_test/install/dynamixel_sdk_custom_interfaces/lib:/home/robo/ROS2/walk_test/install/control/lib:/opt/ros/foxy/opt/yaml_cpp_vendor/lib:/opt/ros/foxy/opt/rviz_ogre_vendor/lib:/opt/ros/foxy/lib/x86_64-linux-gnu:/opt/ros/foxy/lib /usr/bin/cmake --build /home/robo/ROS2/walk_test/build/control -- -j12 -l12
