[0.009s] Invoking command in '/home/robo/ROS2/walk_test/build/control': CMAKE_PREFIX_PATH=/home/robo/ROS2/walk_test/install/dynamixel_sdk_custom_interfaces:/home/robo/ROS2/walk_test/install/control:/opt/ros/foxy LD_LIBRARY_PATH=/home/robo/ROS2/walk_test/install/dynamixel_sdk_custom_interfaces/lib:/home/robo/ROS2/walk_test/install/control/lib:/opt/ros/foxy/opt/yaml_cpp_vendor/lib:/opt/ros/foxy/opt/rviz_ogre_vendor/lib:/opt/ros/foxy/lib/x86_64-linux-gnu:/opt/ros/foxy/lib /usr/bin/cmake --build /home/robo/ROS2/walk_test/build/control -- -j12 -l12
[0.041s] [35m[1mScanning dependencies of target action[0m
[0.054s] [ 14%] Built target decision
[0.054s] [ 14%] Built target gait_publisher
[0.054s] [ 22%] Built target control
[0.059s] [ 85%] Built target motion
[0.072s] [ 88%] [32mBuilding CXX object CMakeFiles/action.dir/src/action_editor/main.cpp.o[0m
[0.073s] [ 92%] [32mBuilding CXX object CMakeFiles/action.dir/src/action_editor/cmd_process.cpp.o[0m
[0.165s] [01m[K/home/robo/ROS2/walk_test/src/control/src/action_editor/cmd_process.cpp:983:1:[m[K [01;35m[Kwarning: [m[Kmulti-line comment [[01;35m[K-Wcomment[m[K]
[0.165s]   983 | [01;35m[K/[m[K/  printf(" i                  Inserts data from STP7 to STP0. \n" \
[0.165s]       | [01;35m[K^[m[K
[0.165s] [01m[K/home/robo/ROS2/walk_test/src/control/src/action_editor/cmd_process.cpp:985:1:[m[K [01;35m[Kwarning: [m[Kmulti-line comment [[01;35m[K-Wcomment[m[K]
[0.165s]   985 | [01;35m[K/[m[K/  printf(" i [index]          Inserts data from STP7 to STP[index]. \n" \
[0.165s]       | [01;35m[K^[m[K
[1.030s] [01m[K/home/robo/ROS2/walk_test/src/control/src/action_editor/main.cpp:[m[K In function â€˜[01m[Kvoid sighandler(int)[m[Kâ€™:
[1.030s] [01m[K/home/robo/ROS2/walk_test/src/control/src/action_editor/main.cpp:318:21:[m[K [01;35m[Kwarning: [m[Kunused parameter â€˜[01m[Ksig[m[Kâ€™ [[01;35m[K-Wunused-parameter[m[K]
[1.030s]   318 | void sighandler([01;35m[Kint sig[m[K)
[1.030s]       |                 [01;35m[K~~~~^~~[m[K
[1.032s] [01m[K/home/robo/ROS2/walk_test/src/control/src/action_editor/main.cpp:[m[K In function â€˜[01m[Kint main(int, char**)[m[Kâ€™:
[1.033s] [01m[K/home/robo/ROS2/walk_test/src/control/src/action_editor/main.cpp:383:13:[m[K [01;35m[Kwarning: [m[Kvariable â€˜[01m[Kini[m[Kâ€™ set but not used [[01;35m[K-Wunused-but-set-variable[m[K]
[1.033s]   383 |     minIni* [01;35m[Kini[m[K;
[1.033s]       |             [01;35m[K^~~[m[K
[1.075s] [01m[K/home/robo/ROS2/walk_test/src/control/src/action_editor/cmd_process.cpp:25:26:[m[K [01;35m[Kwarning: [m[Knon-ISO-standard escape sequence, '\e'
[1.075s]    25 | const std::string azul = [01;35m[K"\e[0;36m"[m[K;
[1.075s]       |                          [01;35m[K^~~~~~~~~~[m[K
[1.075s] [01m[K/home/robo/ROS2/walk_test/src/control/src/action_editor/cmd_process.cpp:26:27:[m[K [01;35m[Kwarning: [m[Knon-ISO-standard escape sequence, '\e'
[1.075s]    26 | const std::string azulE = [01;35m[K"\e[0;34m"[m[K;
[1.075s]       |                           [01;35m[K^~~~~~~~~~[m[K
[1.076s] [01m[K/home/robo/ROS2/walk_test/src/control/src/action_editor/cmd_process.cpp:27:27:[m[K [01;35m[Kwarning: [m[Knon-ISO-standard escape sequence, '\e'
[1.076s]    27 | const std::string amare = [01;35m[K"\e[0;33m"[m[K;
[1.076s]       |                           [01;35m[K^~~~~~~~~~[m[K
[1.076s] [01m[K/home/robo/ROS2/walk_test/src/control/src/action_editor/cmd_process.cpp:28:27:[m[K [01;35m[Kwarning: [m[Knon-ISO-standard escape sequence, '\e'
[1.076s]    28 | const std::string verde = [01;35m[K"\e[0;32m"[m[K;
[1.076s]       |                           [01;35m[K^~~~~~~~~~[m[K
[1.076s] [01m[K/home/robo/ROS2/walk_test/src/control/src/action_editor/cmd_process.cpp:29:25:[m[K [01;35m[Kwarning: [m[Knon-ISO-standard escape sequence, '\e'
[1.076s]    29 | const std::string red = [01;35m[K"\e[0;31m"[m[K;
[1.076s]       |                         [01;35m[K^~~~~~~~~~[m[K
[1.076s] [01m[K/home/robo/ROS2/walk_test/src/control/src/action_editor/cmd_process.cpp:30:26:[m[K [01;35m[Kwarning: [m[Knon-ISO-standard escape sequence, '\e'
[1.076s]    30 | const std::string gray = [01;35m[K"\e[0;37m"[m[K;
[1.076s]       |                          [01;35m[K^~~~~~~~~~[m[K
[1.076s] [01m[K/home/robo/ROS2/walk_test/src/control/src/action_editor/cmd_process.cpp:31:26:[m[K [01;35m[Kwarning: [m[Knon-ISO-standard escape sequence, '\e'
[1.076s]    31 | const std::string nulo = [01;35m[K"\e[0m"[m[K;
[1.076s]       |                          [01;35m[K^~~~~~~[m[K
[1.076s] [01m[K/home/robo/ROS2/walk_test/src/control/src/action_editor/cmd_process.cpp:33:27:[m[K [01;35m[Kwarning: [m[Knon-ISO-standard escape sequence, '\e'
[1.076s]    33 | const std::string Lazul = [01;35m[K"\e[96m"[m[K;
[1.076s]       |                           [01;35m[K^~~~~~~~[m[K
[1.076s] [01m[K/home/robo/ROS2/walk_test/src/control/src/action_editor/cmd_process.cpp:34:28:[m[K [01;35m[Kwarning: [m[Knon-ISO-standard escape sequence, '\e'
[1.076s]    34 | const std::string LazulE = [01;35m[K"\e[94m"[m[K;
[1.076s]       |                            [01;35m[K^~~~~~~~[m[K
[1.077s] [01m[K/home/robo/ROS2/walk_test/src/control/src/action_editor/cmd_process.cpp:35:28:[m[K [01;35m[Kwarning: [m[Knon-ISO-standard escape sequence, '\e'
[1.077s]    35 | const std::string Lamare = [01;35m[K"\e[93m"[m[K;
[1.077s]       |                            [01;35m[K^~~~~~~~[m[K
[1.077s] [01m[K/home/robo/ROS2/walk_test/src/control/src/action_editor/cmd_process.cpp:36:28:[m[K [01;35m[Kwarning: [m[Knon-ISO-standard escape sequence, '\e'
[1.077s]    36 | const std::string Lverde = [01;35m[K"\e[92m"[m[K;
[1.077s]       |                            [01;35m[K^~~~~~~~[m[K
[1.077s] [01m[K/home/robo/ROS2/walk_test/src/control/src/action_editor/cmd_process.cpp:37:26:[m[K [01;35m[Kwarning: [m[Knon-ISO-standard escape sequence, '\e'
[1.077s]    37 | const std::string Lred = [01;35m[K"\e[91m"[m[K;
[1.077s]       |                          [01;35m[K^~~~~~~~[m[K
[1.077s] [01m[K/home/robo/ROS2/walk_test/src/control/src/action_editor/cmd_process.cpp:38:27:[m[K [01;35m[Kwarning: [m[Knon-ISO-standard escape sequence, '\e'
[1.077s]    38 | const std::string Lgray = [01;35m[K"\e[97m"[m[K;
[1.077s]       |                           [01;35m[K^~~~~~~~[m[K
[1.077s] [01m[K/home/robo/ROS2/walk_test/src/control/src/action_editor/cmd_process.cpp:[m[K In function â€˜[01m[Kvoid cmd_process()[m[Kâ€™:
[1.077s] [01m[K/home/robo/ROS2/walk_test/src/control/src/action_editor/cmd_process.cpp:58:15:[m[K [01;31m[Kerror: [m[Kinvalid use of â€˜[01m[Kthis[m[Kâ€™ in non-member function
[1.077s]    58 |  publisher_ = [01;31m[Kthis[m[K->create_publisher<dynamixel_sdk_custom_interfaces::msg::SetPosition>("set_position", 10);
[1.077s]       |               [01;31m[K^~~~[m[K
[1.077s] [01m[K/home/robo/ROS2/walk_test/src/control/src/action_editor/cmd_process.cpp:58:87:[m[K [01;31m[Kerror: [m[Kexpected primary-expression before â€˜[01m[K>[m[Kâ€™ token
[1.077s]    58 |  publisher_ = this->create_publisher<dynamixel_sdk_custom_interfaces::msg::SetPosition[01;31m[K>[m[K("set_position", 10);
[1.077s]       |                                                                                       [01;31m[K^[m[K
[1.077s] [01m[K/home/robo/ROS2/walk_test/src/control/src/action_editor/cmd_process.cpp:58:89:[m[K [01;35m[Kwarning: [m[Kleft operand of comma operator has no effect [[01;35m[K-Wunused-value[m[K]
[1.077s]    58 |  publisher_ = this->create_publisher<dynamixel_sdk_custom_interfaces::msg::SetPosition>([01;35m[K"set_position"[m[K, 10);
[1.077s]       |                                                                                         [01;35m[K^~~~~~~~~~~~~~[m[K
[1.078s] [01m[K/home/robo/ROS2/walk_test/src/control/src/action_editor/cmd_process.cpp:59:24:[m[K [01;31m[Kerror: [m[Kinvalid use of â€˜[01m[Kthis[m[Kâ€™ in non-member function
[1.078s]    59 |     publisher_single = [01;31m[Kthis[m[K->create_publisher<dynamixel_sdk_custom_interfaces::msg::SetPositionOriginal>("set_position_single", 10);
[1.078s]       |                        [01;31m[K^~~~[m[K
[1.078s] [01m[K/home/robo/ROS2/walk_test/src/control/src/action_editor/cmd_process.cpp:59:104:[m[K [01;31m[Kerror: [m[Kexpected primary-expression before â€˜[01m[K>[m[Kâ€™ token
[1.078s]    59 |     publisher_single = this->create_publisher<dynamixel_sdk_custom_interfaces::msg::SetPositionOriginal[01;31m[K>[m[K("set_position_single", 10);
[1.078s]       |                                                                                                        [01;31m[K^[m[K
[1.078s] [01m[K/home/robo/ROS2/walk_test/src/control/src/action_editor/cmd_process.cpp:59:106:[m[K [01;35m[Kwarning: [m[Kleft operand of comma operator has no effect [[01;35m[K-Wunused-value[m[K]
[1.078s]    59 |     publisher_single = this->create_publisher<dynamixel_sdk_custom_interfaces::msg::SetPositionOriginal>([01;35m[K"set_position_single"[m[K, 10);
[1.078s]       |                                                                                                          [01;35m[K^~~~~~~~~~~~~~~~~~~~~[m[K
[1.350s] make[2]: *** [CMakeFiles/action.dir/build.make:89: CMakeFiles/action.dir/src/action_editor/cmd_process.cpp.o] Error 1
[1.350s] make[2]: *** Waiting for unfinished jobs....
[1.485s] make[1]: *** [CMakeFiles/Makefile2:221: CMakeFiles/action.dir/all] Error 2
[1.485s] make: *** [Makefile:141: all] Error 2
[1.487s] Invoked command in '/home/robo/ROS2/walk_test/build/control' returned '2': CMAKE_PREFIX_PATH=/home/robo/ROS2/walk_test/install/dynamixel_sdk_custom_interfaces:/home/robo/ROS2/walk_test/install/control:/opt/ros/foxy LD_LIBRARY_PATH=/home/robo/ROS2/walk_test/install/dynamixel_sdk_custom_interfaces/lib:/home/robo/ROS2/walk_test/install/control/lib:/opt/ros/foxy/opt/yaml_cpp_vendor/lib:/opt/ros/foxy/opt/rviz_ogre_vendor/lib:/opt/ros/foxy/lib/x86_64-linux-gnu:/opt/ros/foxy/lib /usr/bin/cmake --build /home/robo/ROS2/walk_test/build/control -- -j12 -l12
