[0.009s] Invoking command in '/home/robo/ROS2/walk_test/build/control': CMAKE_PREFIX_PATH=/home/robo/ROS2/walk_test/install/dynamixel_sdk_custom_interfaces:/home/robo/ROS2/walk_test/install/control:/opt/ros/foxy LD_LIBRARY_PATH=/home/robo/ROS2/walk_test/install/dynamixel_sdk_custom_interfaces/lib:/home/robo/ROS2/walk_test/install/control/lib:/opt/ros/foxy/opt/yaml_cpp_vendor/lib:/opt/ros/foxy/opt/rviz_ogre_vendor/lib:/opt/ros/foxy/lib/x86_64-linux-gnu:/opt/ros/foxy/lib /usr/bin/cmake --build /home/robo/ROS2/walk_test/build/control -- -j12 -l12
[0.029s] -- Found ament_cmake: 0.9.9 (/opt/ros/foxy/share/ament_cmake/cmake)
[0.045s] -- Using PYTHON_EXECUTABLE: /usr/bin/python3
[0.176s] -- Override CMake install command with custom implementation using symlinks instead of copying resources
[0.181s] -- Found dynamixel_sdk_custom_interfaces: 3.7.40 (/home/robo/ROS2/walk_test/install/dynamixel_sdk_custom_interfaces/share/dynamixel_sdk_custom_interfaces/cmake)
[0.197s] -- Using all available rosidl_typesupport_c: rosidl_typesupport_fastrtps_c;rosidl_typesupport_introspection_c
[0.200s] -- Found rosidl_adapter: 1.2.1 (/opt/ros/foxy/share/rosidl_adapter/cmake)
[0.294s] -- Using all available rosidl_typesupport_cpp: rosidl_typesupport_fastrtps_cpp;rosidl_typesupport_introspection_cpp
[0.332s] -- Found rclcpp: 2.4.1 (/opt/ros/foxy/share/rclcpp/cmake)
[0.360s] -- Found rmw_implementation_cmake: 1.0.3 (/opt/ros/foxy/share/rmw_implementation_cmake/cmake)
[0.361s] -- Using RMW implementation 'rmw_fastrtps_cpp' as default
[0.482s] -- Found sensor_msgs: 2.0.5 (/opt/ros/foxy/share/sensor_msgs/cmake)
[0.576s] -- Found rclcpp_components: 2.4.1 (/opt/ros/foxy/share/rclcpp_components/cmake)
[0.624s] -- Found rosidl_default_generators: 1.0.1 (/opt/ros/foxy/share/rosidl_default_generators/cmake)
[0.637s] -- Found ament_lint_auto: 0.9.6 (/opt/ros/foxy/share/ament_lint_auto/cmake)
[0.685s] -- Added test 'copyright' to check source files copyright and LICENSE
[0.690s] -- Added test 'cppcheck' to perform static code analysis on C / C++ code
[0.690s] -- Configured cppcheck include dirs: /home/robo/ROS2/walk_test/src/control/include;/home/robo/ROS2/walk_test/src/control/src/minIni
[0.690s] -- Configured cppcheck exclude dirs and/or files: 
[0.695s] -- Added test 'cpplint' to check C / C++ code against the Google style
[0.695s] -- Configured cpplint exclude dirs and/or files: 
[0.696s] -- Added test 'flake8' to check Python code syntax and style conventions
[0.697s] -- Added test 'lint_cmake' to check CMake code style
[0.698s] -- Added test 'pep257' to check Python code against some of the style conventions in PEP 257
[0.702s] -- Added test 'uncrustify' to check C / C++ code style
[0.702s] -- Configured uncrustify additional arguments: 
[0.703s] -- Added test 'xmllint' to check XML markup files
[0.706s] -- Configuring done
[0.727s] -- Generating done
[0.728s] -- Build files have been written to: /home/robo/ROS2/walk_test/build/control
[0.749s] [35m[1mScanning dependencies of target action[0m
[0.763s] [  7%] Built target decision
[0.763s] [ 15%] Built target gait_publisher
[0.763s] [ 23%] Built target control
[0.764s] [ 26%] [32m[1mLinking CXX executable action[0m
[0.767s] [ 92%] Built target motion
[0.846s] /usr/bin/ld: CMakeFiles/action.dir/src/action_editor/main.cpp.o: in function `MinimalPublisher::process()':
[0.846s] main.cpp:(.text._ZN16MinimalPublisher7processEv[_ZN16MinimalPublisher7processEv]+0x1e7): undefined reference to `_getch()'
[0.846s] /usr/bin/ld: CMakeFiles/action.dir/src/motion/modules/Action.cpp.o: in function `Robot::Action::Process()':
[0.846s] Action.cpp:(.text+0xace): undefined reference to `Robot::JointData::GetEnable(int)'
[0.846s] /usr/bin/ld: Action.cpp:(.text+0xae8): undefined reference to `Robot::MotionStatus::m_CurrentJoints'
[0.846s] /usr/bin/ld: Action.cpp:(.text+0xaed): undefined reference to `Robot::JointData::GetValue(int)'
[0.846s] /usr/bin/ld: Action.cpp:(.text+0xbb4): undefined reference to `Robot::JointData::GetEnable(int)'
[0.846s] /usr/bin/ld: Action.cpp:(.text+0xbdb): undefined reference to `Robot::JointData::GetValue(int)'
[0.846s] /usr/bin/ld: Action.cpp:(.text+0xc36): undefined reference to `Robot::JointData::SetValue(int, int)'
[0.847s] /usr/bin/ld: Action.cpp:(.text+0xda0): undefined reference to `Robot::JointData::SetValue(int, int)'
[0.847s] /usr/bin/ld: Action.cpp:(.text+0xe1c): undefined reference to `Robot::JointData::SetValue(int, int)'
[0.847s] /usr/bin/ld: Action.cpp:(.text+0xe95): undefined reference to `Robot::JointData::SetValue(int, int)'
[0.847s] /usr/bin/ld: Action.cpp:(.text+0xfbe): undefined reference to `Robot::JointData::SetValue(int, int)'
[0.847s] /usr/bin/ld: CMakeFiles/action.dir/src/motion/modules/Action.cpp.o:Action.cpp:(.text+0x102b): more undefined references to `Robot::JointData::SetValue(int, int)' follow
[0.847s] /usr/bin/ld: CMakeFiles/action.dir/src/motion/modules/Action.cpp.o: in function `Robot::Action::Process()':
[0.847s] Action.cpp:(.text+0x10af): undefined reference to `Robot::JointData::SetSlope(int, int, int)'
[0.847s] /usr/bin/ld: Action.cpp:(.text+0x113f): undefined reference to `Robot::JointData::GetEnable(int)'
[0.847s] /usr/bin/ld: Action.cpp:(.text+0x1162): undefined reference to `Robot::JointData::GetValue(int)'
[0.847s] /usr/bin/ld: Action.cpp:(.text+0x1207): undefined reference to `Robot::JointData::GetEnable(int)'
[0.847s] /usr/bin/ld: Action.cpp:(.text+0x13df): undefined reference to `Robot::JointData::GetEnable(int)'
[0.847s] /usr/bin/ld: Action.cpp:(.text+0x14c2): undefined reference to `Robot::JointData::GetEnable(int)'
[0.847s] /usr/bin/ld: Action.cpp:(.text+0x182e): undefined reference to `Robot::JointData::GetEnable(int)'
[0.847s] /usr/bin/ld: Action.cpp:(.text+0x1beb): undefined reference to `Robot::JointData::GetEnable(int)'
[0.847s] /usr/bin/ld: CMakeFiles/action.dir/src/motion/modules/Action.cpp.o: in function `Robot::MotionModule::MotionModule()':
[0.847s] Action.cpp:(.text._ZN5Robot12MotionModuleC2Ev[_ZN5Robot12MotionModuleC5Ev]+0x2a): undefined reference to `Robot::JointData::JointData()'
[0.847s] /usr/bin/ld: CMakeFiles/action.dir/src/motion/modules/Action.cpp.o: in function `Robot::MotionModule::~MotionModule()':
[0.847s] Action.cpp:(.text._ZN5Robot12MotionModuleD2Ev[_ZN5Robot12MotionModuleD5Ev]+0x2a): undefined reference to `Robot::JointData::~JointData()'
[0.847s] collect2: error: ld returned 1 exit status
[0.847s] make[2]: *** [CMakeFiles/action.dir/build.make:151: action] Error 1
[0.848s] make[1]: *** [CMakeFiles/Makefile2:248: CMakeFiles/action.dir/all] Error 2
[0.848s] make: *** [Makefile:141: all] Error 2
[0.849s] Invoked command in '/home/robo/ROS2/walk_test/build/control' returned '2': CMAKE_PREFIX_PATH=/home/robo/ROS2/walk_test/install/dynamixel_sdk_custom_interfaces:/home/robo/ROS2/walk_test/install/control:/opt/ros/foxy LD_LIBRARY_PATH=/home/robo/ROS2/walk_test/install/dynamixel_sdk_custom_interfaces/lib:/home/robo/ROS2/walk_test/install/control/lib:/opt/ros/foxy/opt/yaml_cpp_vendor/lib:/opt/ros/foxy/opt/rviz_ogre_vendor/lib:/opt/ros/foxy/lib/x86_64-linux-gnu:/opt/ros/foxy/lib /usr/bin/cmake --build /home/robo/ROS2/walk_test/build/control -- -j12 -l12
