[35m[1mScanning dependencies of target read_write_node[0m
[ 50%] [32mBuilding CXX object CMakeFiles/read_write_node.dir/src/read_write_node.cpp.o[0m
[01m[K/home/robofei/robotis_ws/src/DynamixelSDK/dynamixel_sdk_examples/src/read_write_node.cpp:[m[K In constructor â€˜[01m[KReadWriteNode::ReadWriteNode()[m[Kâ€™:
[01m[K/home/robofei/robotis_ws/src/DynamixelSDK/dynamixel_sdk_examples/src/read_write_node.cpp:73:57:[m[K [01;31m[Kerror: [m[Kâ€˜[01m[Kclass rclcpp::QoS[m[Kâ€™ has no member named â€˜[01m[Kdurability_transient[m[Kâ€™
   73 |     rclcpp::QoS(rclcpp::KeepLast(qos_depth)).reliable().[01;31m[Kdurability_transient[m[K();
      |                                                         [01;31m[K^~~~~~~~~~~~~~~~~~~~[m[K
make[2]: *** [CMakeFiles/read_write_node.dir/build.make:63: CMakeFiles/read_write_node.dir/src/read_write_node.cpp.o] Error 1
make[1]: *** [CMakeFiles/Makefile2:78: CMakeFiles/read_write_node.dir/all] Error 2
make: *** [Makefile:141: all] Error 2
