[0.015s] Invoking command in '/home/robofei/ROS2/action/build/control': CMAKE_PREFIX_PATH=/home/robofei/ROS2/action/install/custom_interfaces:/home/robofei/ROS2/action/install/control:/opt/ros/foxy /usr/bin/cmake --build /home/robofei/ROS2/action/build/control -- -j4 -l4
[0.060s] [35m[1mScanning dependencies of target minimal_publisher[0m
[0.090s] [ 50%] [32mBuilding CXX object CMakeFiles/minimal_publisher.dir/src/minimal_pub.cpp.o[0m
[1.364s] [01m[K/home/robofei/ROS2/action/src/control/src/minimal_pub.cpp:86:1:[m[K [01;31m[Kerror: [m[Kexpected â€˜[01m[K}[m[Kâ€™ at end of input
[1.365s]    86 | [01;31m[K}[m[K
[1.365s]       | [01;31m[K^[m[K
[1.365s] [01m[K/home/robofei/ROS2/action/src/control/src/minimal_pub.cpp:17:1:[m[K [01;36m[Knote: [m[Kto match this â€˜[01m[K{[m[Kâ€™
[1.365s]    17 | [01;36m[K{[m[K
[1.365s]       | [01;36m[K^[m[K
[1.365s] [01m[K/home/robofei/ROS2/action/src/control/src/minimal_pub.cpp:[m[K In constructor â€˜[01m[KMinimalPublisher::MinimalPublisher()[m[Kâ€™:
[1.365s] [01m[K/home/robofei/ROS2/action/src/control/src/minimal_pub.cpp:20:32:[m[K [01;31m[Kerror: [m[Kclass â€˜[01m[KMinimalPublisher[m[Kâ€™ does not have any field named â€˜[01m[Kcount_[m[Kâ€™
[1.365s]    20 |   : Node("minimal_publisher"), [01;31m[Kcount_[m[K(0)
[1.365s]       |                                [01;31m[K^~~~~~[m[K
[1.368s] [01m[K/home/robofei/ROS2/action/src/control/src/minimal_pub.cpp:23:5:[m[K [01;31m[Kerror: [m[Kâ€˜[01m[Ksubscription_[m[Kâ€™ was not declared in this scope; did you mean â€˜[01m[Krcl_subscription_t[m[Kâ€™?
[1.368s]    23 |     [01;31m[Ksubscription_[m[K = this->create_subscription<custom_interfaces::msg::Decision>(
[1.368s]       |     [01;31m[K^~~~~~~~~~~~~[m[K
[1.369s]       |     [32m[Krcl_subscription_t[m[K
[1.369s] [01m[K/home/robofei/ROS2/action/src/control/src/minimal_pub.cpp:24:53:[m[K [01;31m[Kerror: [m[Kâ€˜[01m[Ktopic_callback[m[Kâ€™ is not a member of â€˜[01m[KMinimalPublisher[m[Kâ€™
[1.369s]    24 |       "/decision", 10, std::bind(&MinimalPublisher::[01;31m[Ktopic_callback[m[K, this, _1));
[1.369s]       |                                                     [01;31m[K^~~~~~~~~~~~~~[m[K
[1.371s] [01m[K/home/robofei/ROS2/action/src/control/src/minimal_pub.cpp:25:5:[m[K [01;31m[Kerror: [m[Kâ€˜[01m[Kpublisher_[m[Kâ€™ was not declared in this scope; did you mean â€˜[01m[Krcl_publisher_t[m[Kâ€™?
[1.371s]    25 |     [01;31m[Kpublisher_[m[K = this->create_publisher<custom_interfaces::msg::SetPosition>("set_position", 10);
[1.371s]       |     [01;31m[K^~~~~~~~~~[m[K
[1.371s]       |     [32m[Krcl_publisher_t[m[K
[1.375s] [01m[K/home/robofei/ROS2/action/src/control/src/minimal_pub.cpp:45:5:[m[K [01;31m[Kerror: [m[Kexpected â€˜[01m[K}[m[Kâ€™ before â€˜[01m[Kelse[m[Kâ€™
[1.375s]    45 |     [01;31m[Kelse[m[K{
[1.376s]       |     [01;31m[K^~~~[m[K
[1.376s] [01m[K/home/robofei/ROS2/action/src/control/src/minimal_pub.cpp:26:20:[m[K [01;36m[Knote: [m[Kto match this â€˜[01m[K{[m[Kâ€™
[1.376s]    26 |     if(movement==1)[01;36m[K{[m[K
[1.376s]       |                    [01;36m[K^[m[K
[1.377s] [01m[K/home/robofei/ROS2/action/src/control/src/minimal_pub.cpp:46:7:[m[K [01;31m[Kerror: [m[Kâ€˜[01m[Ktimer_[m[Kâ€™ was not declared in this scope; did you mean â€˜[01m[Ktimer_t[m[Kâ€™?
[1.377s]    46 |       [01;31m[Ktimer_[m[K = this->create_wall_timer(
[1.377s]       |       [01;31m[K^~~~~~[m[K
[1.377s]       |       [32m[Ktimer_t[m[K
[1.378s] [01m[K/home/robofei/ROS2/action/src/control/src/minimal_pub.cpp:47:43:[m[K [01;31m[Kerror: [m[Kâ€˜[01m[Ktimer_callback_stop[m[Kâ€™ is not a member of â€˜[01m[KMinimalPublisher[m[Kâ€™
[1.378s]    47 |       500ms, std::bind(&MinimalPublisher::[01;31m[Ktimer_callback_stop[m[K, this));
[1.378s]       |                                           [01;31m[K^~~~~~~~~~~~~~~~~~~[m[K
[1.382s] [01m[K/home/robofei/ROS2/action/src/control/src/minimal_pub.cpp:[m[K At global scope:
[1.382s] [01m[K/home/robofei/ROS2/action/src/control/src/minimal_pub.cpp:86:1:[m[K [01;31m[Kerror: [m[Kexpected unqualified-id at end of input
[1.382s]    86 | [01;31m[K}[m[K
[1.382s]       | [01;31m[K^[m[K
[2.002s] make[2]: *** [CMakeFiles/minimal_publisher.dir/build.make:63: CMakeFiles/minimal_publisher.dir/src/minimal_pub.cpp.o] Error 1
[2.002s] make[1]: *** [CMakeFiles/Makefile2:105: CMakeFiles/minimal_publisher.dir/all] Error 2
[2.002s] make: *** [Makefile:141: all] Error 2
[2.004s] Invoked command in '/home/robofei/ROS2/action/build/control' returned '2': CMAKE_PREFIX_PATH=/home/robofei/ROS2/action/install/custom_interfaces:/home/robofei/ROS2/action/install/control:/opt/ros/foxy /usr/bin/cmake --build /home/robofei/ROS2/action/build/control -- -j4 -l4
