[01m[K/home/robofei/ROS2/action/src/control/src/main.cpp:[m[K In member function â€˜[01m[Kvoid ActionNode::topic_callback(std_msgs::msg::String_<std::allocator<void> >::SharedPtr) const[m[Kâ€™:
[01m[K/home/robofei/ROS2/action/src/control/src/main.cpp:195:26:[m[K [01;35m[Kwarning: [m[Kcomparison with string literal results in unspecified behavior [[01;35m[K-Waddress[m[K]
  195 |             if(movement==[01;35m[K"goodbye"[m[K)
      |                          [01;35m[K^~~~~~~~~[m[K
[01m[K/home/robofei/ROS2/action/src/control/src/main.cpp:196:17:[m[K [01;31m[Kerror: [m[Kâ€˜[01m[KgoodBye[m[Kâ€™ was not declared in this scope
  196 |                 [01;31m[KgoodBye[m[K();
      |                 [01;31m[K^~~~~~~[m[K
[01m[K/home/robofei/ROS2/action/src/control/src/main.cpp:209:51:[m[K [01;35m[Kwarning: [m[Knon-ISO-standard escape sequence, '\e'
  209 |             std::cout << "\rReading BlackBoard" <<[01;35m[K"[\e[38;5;82m"[m[K<< count_read<<"\e[0m] | Tempo ocioso"<<"[\e[38;5;82m"<< count_read*step_time/1000<<"s\e[0m]";
      |                                                   [01;35m[K^~~~~~~~~~~~~~[m[K
[01m[K/home/robofei/ROS2/action/src/control/src/main.cpp:209:80:[m[K [01;35m[Kwarning: [m[Knon-ISO-standard escape sequence, '\e'
  209 | out << "\rReading BlackBoard" <<"[\e[38;5;82m"<< count_read<<[01;35m[K"\e[0m] | Tempo ocioso"[m[K<<"[\e[38;5;82m"<< count_read*step_time/1000<<"s\e[0m]";
      |                                                              [01;35m[K^~~~~~~~~~~~~~~~~~~~~~~[m[K

[01m[K/home/robofei/ROS2/action/src/control/src/main.cpp:209:105:[m[K [01;35m[Kwarning: [m[Knon-ISO-standard escape sequence, '\e'
  209 | ard" <<"[\e[38;5;82m"<< count_read<<"\e[0m] | Tempo ocioso"<<[01;35m[K"[\e[38;5;82m"[m[K<< count_read*step_time/1000<<"s\e[0m]";
      |                                                              [01;35m[K^~~~~~~~~~~~~~[m[K

[01m[K/home/robofei/ROS2/action/src/control/src/main.cpp:209:149:[m[K [01;35m[Kwarning: [m[Knon-ISO-standard escape sequence, '\e'
  209 | "\e[0m] | Tempo ocioso"<<"[\e[38;5;82m"<< count_read*step_time/1000<<[01;35m[K"s\e[0m]"[m[K;
      |                                                                      [01;35m[K^~~~~~~~~[m[K

[01m[K/home/robofei/ROS2/action/src/control/src/main.cpp:[m[K In function â€˜[01m[Kvoid goodBye()[m[Kâ€™:
[01m[K/home/robofei/ROS2/action/src/control/src/main.cpp:251:9:[m[K [01;31m[Kerror: [m[Kâ€˜[01m[Ktimer_[m[Kâ€™ was not declared in this scope; did you mean â€˜[01m[Ktimer_t[m[Kâ€™?
  251 |         [01;31m[Ktimer_[m[K = this->create_wall_timer(
      |         [01;31m[K^~~~~~[m[K
      |         [32m[Ktimer_t[m[K
[01m[K/home/robofei/ROS2/action/src/control/src/main.cpp:251:18:[m[K [01;31m[Kerror: [m[Kinvalid use of â€˜[01m[Kthis[m[Kâ€™ in non-member function
  251 |         timer_ = [01;31m[Kthis[m[K->create_wall_timer(
      |                  [01;31m[K^~~~[m[K
[01m[K/home/robofei/ROS2/action/src/control/src/main.cpp:252:39:[m[K [01;31m[Kerror: [m[Kâ€˜[01m[Ktimer_callback[m[Kâ€™ is not a member of â€˜[01m[KActionNode[m[Kâ€™
  252 |         500ms, std::bind(&ActionNode::[01;31m[Ktimer_callback[m[K, this));
      |                                       [01;31m[K^~~~~~~~~~~~~~[m[K
[01m[K/home/robofei/ROS2/action/src/control/src/main.cpp:252:55:[m[K [01;31m[Kerror: [m[Kinvalid use of â€˜[01m[Kthis[m[Kâ€™ in non-member function
  252 |         500ms, std::bind(&ActionNode::timer_callback, [01;31m[Kthis[m[K));
      |                                                       [01;31m[K^~~~[m[K
[01m[K/home/robofei/ROS2/action/src/control/src/main.cpp:[m[K In function â€˜[01m[Kvoid timer_callback()[m[Kâ€™:
[01m[K/home/robofei/ROS2/action/src/control/src/main.cpp:262:13:[m[K [01;31m[Kerror: [m[Kâ€˜[01m[Kpublisher_[m[Kâ€™ was not declared in this scope; did you mean â€˜[01m[Krcl_publisher_t[m[Kâ€™?
  262 |             [01;31m[Kpublisher_[m[K->publish(message);
      |             [01;31m[K^~~~~~~~~~[m[K
      |             [32m[Krcl_publisher_t[m[K
[01m[K/home/robofei/ROS2/action/src/control/src/main.cpp:273:12:[m[K [01;35m[Kwarning: [m[Kunused variable â€˜[01m[Kcount_[m[Kâ€™ [[01;35m[K-Wunused-variable[m[K]
  273 |     size_t [01;35m[Kcount_[m[K;
      |            [01;35m[K^~~~~~[m[K
[01m[K/home/robofei/ROS2/action/src/control/src/main.cpp:[m[K In function â€˜[01m[Kvoid sighandler(int)[m[Kâ€™:
[01m[K/home/robofei/ROS2/action/src/control/src/main.cpp:278:21:[m[K [01;35m[Kwarning: [m[Kunused parameter â€˜[01m[Ksig[m[Kâ€™ [[01;35m[K-Wunused-parameter[m[K]
  278 | void sighandler([01;35m[Kint sig[m[K)
      |                 [01;35m[K~~~~^~~[m[K
make[2]: *** [CMakeFiles/action_node.dir/build.make:63: CMakeFiles/action_node.dir/src/main.cpp.o] Error 1
make[1]: *** [CMakeFiles/Makefile2:78: CMakeFiles/action_node.dir/all] Error 2
make: *** [Makefile:141: all] Error 2
