[0.008s] Invoking command in '/home/robo/ROS2/walk_test/build/control': AMENT_PREFIX_PATH=/home/robo/ROS2/walk_test/install/dynamixel_sdk_custom_interfaces:${AMENT_PREFIX_PATH} CMAKE_PREFIX_PATH=/home/robo/ROS2/walk_test/install/dynamixel_sdk_custom_interfaces:/opt/ros/foxy LD_LIBRARY_PATH=/home/robo/ROS2/walk_test/install/dynamixel_sdk_custom_interfaces/lib:${LD_LIBRARY_PATH} PYTHONPATH=/home/robo/ROS2/walk_test/install/dynamixel_sdk_custom_interfaces/lib/python3.8/site-packages:${PYTHONPATH} /usr/bin/cmake --build /home/robo/ROS2/walk_test/build/control -- -j12 -l12
[0.039s] [35m[1mScanning dependencies of target control[0m
[0.052s] [ 17%] Built target gait_publisher
[0.052s] [ 17%] Built target decision
[0.057s] [ 91%] Built target motion
[0.060s] [ 95%] [32mBuilding CXX object CMakeFiles/control.dir/src/control.cpp.o[0m
[0.150s] [01m[K/home/robo/ROS2/walk_test/src/control/src/control.cpp:25:10:[m[K [01;31m[Kfatal error: [m[Kdynamixel_sdk_custom_interfaces/msg/paramwalk.hpp: No such file or directory
[0.150s]    25 | #include [01;31m[K"dynamixel_sdk_custom_interfaces/msg/paramwalk.hpp"[m[K
[0.150s]       |          [01;31m[K^~~~~~~~~~~~~~~~~~~~~~~~~~~~~~~~~~~~~~~~~~~~~~~~~~~[m[K
[0.150s] compilation terminated.
[0.151s] make[2]: *** [CMakeFiles/control.dir/build.make:63: CMakeFiles/control.dir/src/control.cpp.o] Error 1
[0.152s] make[1]: *** [CMakeFiles/Makefile2:111: CMakeFiles/control.dir/all] Error 2
[0.152s] make: *** [Makefile:141: all] Error 2
[0.153s] Invoked command in '/home/robo/ROS2/walk_test/build/control' returned '2': AMENT_PREFIX_PATH=/home/robo/ROS2/walk_test/install/dynamixel_sdk_custom_interfaces:${AMENT_PREFIX_PATH} CMAKE_PREFIX_PATH=/home/robo/ROS2/walk_test/install/dynamixel_sdk_custom_interfaces:/opt/ros/foxy LD_LIBRARY_PATH=/home/robo/ROS2/walk_test/install/dynamixel_sdk_custom_interfaces/lib:${LD_LIBRARY_PATH} PYTHONPATH=/home/robo/ROS2/walk_test/install/dynamixel_sdk_custom_interfaces/lib/python3.8/site-packages:${PYTHONPATH} /usr/bin/cmake --build /home/robo/ROS2/walk_test/build/control -- -j12 -l12
