[35m[1mScanning dependencies of target action_node[0m
[ 50%] [32mBuilding CXX object CMakeFiles/action_node.dir/src/main.cpp.o[0m
[01m[K/home/robofei/ROS2/action/src/control/src/main.cpp:[m[K In constructor â€˜[01m[KActionNode::ActionNode()[m[Kâ€™:
[01m[K/home/robofei/ROS2/action/src/control/src/main.cpp:81:7:[m[K [01;31m[Kerror: [m[Kâ€˜[01m[Kpublisher_[m[Kâ€™ was not declared in this scope; did you mean â€˜[01m[Krcl_publisher_t[m[Kâ€™?
   81 |       [01;31m[Kpublisher_[m[K = this->create_publisher<custom_interfaces::msg::SetPosition>("set_position", 10);
      |       [01;31m[K^~~~~~~~~~[m[K
      |       [32m[Krcl_publisher_t[m[K
[01m[K/home/robofei/ROS2/action/src/control/src/main.cpp:[m[K In member function â€˜[01m[Kvoid ActionNode::topic_callback(std_msgs::msg::String_<std::allocator<void> >::SharedPtr) const[m[Kâ€™:
[01m[K/home/robofei/ROS2/action/src/control/src/main.cpp:242:13:[m[K [01;31m[Kerror: [m[Kpassing â€˜[01m[Kconst ActionNode[m[Kâ€™ as â€˜[01m[Kthis[m[Kâ€™ argument discards qualifiers [[01;31m[K-fpermissive[m[K]
  242 |     logInit([01;31m[K)[m[K; // save the time when start the control process
      |             [01;31m[K^[m[K
[01m[K/home/robofei/ROS2/action/src/control/src/main.cpp:379:6:[m[K [01;36m[Knote: [m[K  in call to â€˜[01m[Kvoid ActionNode::logInit()[m[Kâ€™
  379 | void [01;36m[KlogInit[m[K()
      |      [01;36m[K^~~~~~~[m[K
[01m[K/home/robofei/ROS2/action/src/control/src/main.cpp:346:26:[m[K [01;35m[Kwarning: [m[Kcomparison with string literal results in unspecified behavior [[01;35m[K-Waddress[m[K]
  346 |             if(movement==[01;35m[K"goodbye"[m[K)
      |                          [01;35m[K^~~~~~~~~[m[K
[01m[K/home/robofei/ROS2/action/src/control/src/main.cpp:347:17:[m[K [01;31m[Kerror: [m[Kâ€˜[01m[KgoodBye[m[Kâ€™ was not declared in this scope; did you mean â€˜[01m[Kgoodbye[m[Kâ€™?
  347 |                 [01;31m[KgoodBye[m[K();
      |                 [01;31m[K^~~~~~~[m[K
      |                 [32m[Kgoodbye[m[K
[01m[K/home/robofei/ROS2/action/src/control/src/main.cpp:360:51:[m[K [01;35m[Kwarning: [m[Knon-ISO-standard escape sequence, '\e'
  360 |             std::cout << "\rReading BlackBoard" <<[01;35m[K"[\e[38;5;82m"[m[K<< count_read<<"\e[0m] | Tempo ocioso"<<"[\e[38;5;82m"<< count_read*step_time/1000<<"s\e[0m]";
      |                                                   [01;35m[K^~~~~~~~~~~~~~[m[K
[01m[K/home/robofei/ROS2/action/src/control/src/main.cpp:360:80:[m[K [01;35m[Kwarning: [m[Knon-ISO-standard escape sequence, '\e'
  360 | out << "\rReading BlackBoard" <<"[\e[38;5;82m"<< count_read<<[01;35m[K"\e[0m] | Tempo ocioso"[m[K<<"[\e[38;5;82m"<< count_read*step_time/1000<<"s\e[0m]";
      |                                                              [01;35m[K^~~~~~~~~~~~~~~~~~~~~~~[m[K

[01m[K/home/robofei/ROS2/action/src/control/src/main.cpp:360:105:[m[K [01;35m[Kwarning: [m[Knon-ISO-standard escape sequence, '\e'
  360 | ard" <<"[\e[38;5;82m"<< count_read<<"\e[0m] | Tempo ocioso"<<[01;35m[K"[\e[38;5;82m"[m[K<< count_read*step_time/1000<<"s\e[0m]";
      |                                                              [01;35m[K^~~~~~~~~~~~~~[m[K

[01m[K/home/robofei/ROS2/action/src/control/src/main.cpp:360:149:[m[K [01;35m[Kwarning: [m[Knon-ISO-standard escape sequence, '\e'
  360 | "\e[0m] | Tempo ocioso"<<"[\e[38;5;82m"<< count_read*step_time/1000<<[01;35m[K"s\e[0m]"[m[K;
      |                                                                      [01;35m[K^~~~~~~~~[m[K

[01m[K/home/robofei/ROS2/action/src/control/src/main.cpp:[m[K In member function â€˜[01m[Kvoid ActionNode::sighandler(int)[m[Kâ€™:
[01m[K/home/robofei/ROS2/action/src/control/src/main.cpp:398:21:[m[K [01;35m[Kwarning: [m[Kunused parameter â€˜[01m[Ksig[m[Kâ€™ [[01;35m[K-Wunused-parameter[m[K]
  398 | void sighandler([01;35m[Kint sig[m[K)
      |                 [01;35m[K~~~~^~~[m[K
[01m[K/home/robofei/ROS2/action/src/control/src/main.cpp:[m[K In member function â€˜[01m[Kvoid ActionNode::goodbye()[m[Kâ€™:
[01m[K/home/robofei/ROS2/action/src/control/src/main.cpp:405:5:[m[K [01;31m[Kerror: [m[Kâ€˜[01m[Ktimer_[m[Kâ€™ was not declared in this scope; did you mean â€˜[01m[Ktimer_t[m[Kâ€™?
  405 |     [01;31m[Ktimer_[m[K = this->create_wall_timer(
      |     [01;31m[K^~~~~~[m[K
      |     [32m[Ktimer_t[m[K
[01m[K/home/robofei/ROS2/action/src/control/src/main.cpp:406:25:[m[K [01;31m[Kerror: [m[Kâ€˜[01m[KMinimalPublisher[m[Kâ€™ has not been declared
  406 |       500ms, std::bind(&[01;31m[KMinimalPublisher[m[K::timer_callback, this));
      |                         [01;31m[K^~~~~~~~~~~~~~~~[m[K
[01m[K/home/robofei/ROS2/action/src/control/src/main.cpp:[m[K In member function â€˜[01m[Kvoid ActionNode::timer_callback()[m[Kâ€™:
[01m[K/home/robofei/ROS2/action/src/control/src/main.cpp:412:20:[m[K [01;31m[Kerror: [m[Kâ€˜[01m[Kdynamixel_sdk_custom_interfaces[m[Kâ€™ has not been declared
  412 |     auto message = [01;31m[Kdynamixel_sdk_custom_interfaces[m[K::msg::SetPosition();
      |                    [01;31m[K^~~~~~~~~~~~~~~~~~~~~~~~~~~~~~~[m[K
[01m[K/home/robofei/ROS2/action/src/control/src/main.cpp:416:9:[m[K [01;31m[Kerror: [m[Kâ€˜[01m[Kpublisher_[m[Kâ€™ was not declared in this scope; did you mean â€˜[01m[Krcl_publisher_t[m[Kâ€™?
  416 |         [01;31m[Kpublisher_[m[K->publish(message);
      |         [01;31m[K^~~~~~~~~~[m[K
      |         [32m[Krcl_publisher_t[m[K
[01m[K/home/robofei/ROS2/action/src/control/src/main.cpp:431:21:[m[K [01;31m[Kerror: [m[Kâ€˜[01m[Kdynamixel_sdk_custom_interfaces[m[Kâ€™ was not declared in this scope
  431 |   rclcpp::Publisher<[01;31m[Kdynamixel_sdk_custom_interfaces[m[K::msg::SetPosition>::SharedPtr publisher_;         // CHANGE
      |                     [01;31m[K^~~~~~~~~~~~~~~~~~~~~~~~~~~~~~~[m[K
[01m[K/home/robofei/ROS2/action/src/control/src/main.cpp:431:70:[m[K [01;31m[Kerror: [m[Ktemplate argument 1 is invalid
  431 | ::Publisher<dynamixel_sdk_custom_interfaces::msg::SetPosition[01;31m[K>[m[K::SharedPtr publisher_;         // CHANGE
      |                                                              [01;31m[K^[m[K

[01m[K/home/robofei/ROS2/action/src/control/src/main.cpp:431:83:[m[K [01;31m[Kerror: [m[Kqualified-id in declaration before â€˜[01m[Kpublisher_[m[Kâ€™
  431 | ynamixel_sdk_custom_interfaces::msg::SetPosition>::SharedPtr [01;31m[Kpublisher_[m[K;         // CHANGE
      |                                                              [01;31m[K^~~~~~~~~~[m[K

[01m[K/home/robofei/ROS2/action/src/control/src/main.cpp:432:10:[m[K [01;35m[Kwarning: [m[Kunused variable â€˜[01m[Kcount_[m[Kâ€™ [[01;35m[K-Wunused-variable[m[K]
  432 |   size_t [01;35m[Kcount_[m[K;
      |          [01;35m[K^~~~~~[m[K
[01m[K/home/robofei/ROS2/action/src/control/src/main.cpp:[m[K In function â€˜[01m[Kint main(int, char**)[m[Kâ€™:
[01m[K/home/robofei/ROS2/action/src/control/src/main.cpp:451:22:[m[K [01;31m[Kerror: [m[Kâ€˜[01m[Ksighandler[m[Kâ€™ was not declared in this scope; did you mean â€˜[01m[Ksighandler_t[m[Kâ€™?
  451 |     signal(SIGABRT, &[01;31m[Ksighandler[m[K);
      |                      [01;31m[K^~~~~~~~~~[m[K
      |                      [32m[Ksighandler_t[m[K
[01m[K/home/robofei/ROS2/action/src/control/src/main.cpp:482:26:[m[K [01;31m[Kerror: [m[Kno matching function for call to â€˜[01m[KGaitMove::GaitMove(minIni*&)[m[Kâ€™
  482 |     GaitMove gaitMove(ini[01;31m[K)[m[K;
      |                          [01;31m[K^[m[K
In file included from [01m[K/home/robofei/ROS2/action/src/control/src/main.cpp:43[m[K:
[01m[K/home/robofei/ROS2/action/src/control/include/GaitMove.hpp:36:9:[m[K [01;36m[Knote: [m[Kcandidate: â€˜[01m[KGaitMove::GaitMove(int*, minIni*)[m[Kâ€™
   36 |         [01;36m[KGaitMove[m[K(int *mem_t, minIni* ini);
      |         [01;36m[K^~~~~~~~[m[K
[01m[K/home/robofei/ROS2/action/src/control/include/GaitMove.hpp:36:9:[m[K [01;36m[Knote: [m[K  candidate expects 2 arguments, 1 provided
[01m[K/home/robofei/ROS2/action/src/control/include/GaitMove.hpp:31:7:[m[K [01;36m[Knote: [m[Kcandidate: â€˜[01m[Kconstexpr GaitMove::GaitMove(const GaitMove&)[m[Kâ€™
   31 | class [01;36m[KGaitMove[m[K
      |       [01;36m[K^~~~~~~~[m[K
[01m[K/home/robofei/ROS2/action/src/control/include/GaitMove.hpp:31:7:[m[K [01;36m[Knote: [m[K  no known conversion for argument 1 from â€˜[01m[KminIni*[m[Kâ€™ to â€˜[01m[Kconst GaitMove&[m[Kâ€™
make[2]: *** [CMakeFiles/action_node.dir/build.make:63: CMakeFiles/action_node.dir/src/main.cpp.o] Error 1
make[1]: *** [CMakeFiles/Makefile2:78: CMakeFiles/action_node.dir/all] Error 2
make: *** [Makefile:141: all] Error 2
