[0.015s] Invoking command in '/home/robofei/ROS2/action/build/dynamixel_sdk_examples': AMENT_PREFIX_PATH=/home/robofei/ROS2/action/install/dynamixel_sdk_custom_interfaces:/home/robofei/ROS2/action/install/dynamixel_sdk:${AMENT_PREFIX_PATH} CMAKE_PREFIX_PATH=/home/robofei/ROS2/action/install/dynamixel_sdk_custom_interfaces:/home/robofei/ROS2/action/install/dynamixel_sdk:/opt/ros/foxy LD_LIBRARY_PATH=/home/robofei/ROS2/action/install/dynamixel_sdk_custom_interfaces/lib:/home/robofei/ROS2/action/install/dynamixel_sdk/lib:${LD_LIBRARY_PATH} PYTHONPATH=/home/robofei/ROS2/action/install/dynamixel_sdk_custom_interfaces/lib/python3.8/site-packages:${PYTHONPATH} /usr/bin/cmake --build /home/robofei/ROS2/action/build/dynamixel_sdk_examples -- -j4 -l4
[0.062s] [35m[1mScanning dependencies of target cmd_node[0m
[0.095s] [ 50%] [32mBuilding CXX object CMakeFiles/cmd_node.dir/src/cmd_process.cpp.o[0m
[0.724s] In file included from [01m[K/home/robofei/ROS2/action/src/dynamixel_sdk_examples/src/cmd_process.cpp:11[m[K:
[0.724s] [01m[K/opt/ros/foxy/include/rcutils/types/char_array.h:41:10:[m[K [01;31m[Kerror: [m[Kexpected â€˜[01m[K)[m[Kâ€™ before â€˜[01m[K*[m[Kâ€™ token
[0.724s]    41 |   size_t [01;31m[Kbuffer_capacity[m[K;
[0.724s]       |          [01;31m[K^~~~~~~~~~~~~~~[m[K
[0.724s] [01m[K/opt/ros/foxy/include/rcutils/types/char_array.h:41:10:[m[K [01;31m[Kerror: [m[Kexpected â€˜[01m[K)[m[Kâ€™ before â€˜[01m[K*[m[Kâ€™ token
[0.724s] [01m[K/opt/ros/foxy/include/rcutils/types/char_array.h:74:10:[m[K [01;31m[Kerror: [m[Kexpected â€˜[01m[K)[m[Kâ€™ before â€˜[01m[K([m[Kâ€™ token
[0.724s]    74 |   size_t [01;31m[Kbuffer_capacity[m[K,
[0.724s]       |          [01;31m[K^~~~~~~~~~~~~~~[m[K
[0.724s] [01m[K/opt/ros/foxy/include/rcutils/types/char_array.h:74:10:[m[K [01;31m[Kerror: [m[Kexpected â€˜[01m[K)[m[Kâ€™ before â€˜[01m[K([m[Kâ€™ token
[0.724s] In file included from [01m[K/opt/ros/foxy/include/rcutils/types.h:24[m[K,
[0.724s]                  from [01m[K/opt/ros/foxy/include/rcutils/time.h:26[m[K,
[0.725s]                  from [01m[K/opt/ros/foxy/include/rcutils/logging.h:25[m[K,
[0.725s]                  from [01m[K/opt/ros/foxy/include/rmw/types.h:28[m[K,
[0.725s]                  from [01m[K/opt/ros/foxy/include/rcl/types.h:18[m[K,
[0.725s]                  from [01m[K/opt/ros/foxy/include/rcl/arguments.h:20[m[K,
[0.725s]                  from [01m[K/opt/ros/foxy/include/rcl/context.h:26[m[K,
[0.725s]                  from [01m[K/opt/ros/foxy/include/rcl/guard_condition.h:24[m[K,
[0.725s]                  from [01m[K/opt/ros/foxy/include/rclcpp/executor.hpp:29[m[K,
[0.725s]                  from [01m[K/opt/ros/foxy/include/rclcpp/executors/multi_threaded_executor.hpp:26[m[K,
[0.725s]                  from [01m[K/opt/ros/foxy/include/rclcpp/executors.hpp:21[m[K,
[0.725s]                  from [01m[K/opt/ros/foxy/include/rclcpp/rclcpp.hpp:146[m[K,
[0.725s]                  from [01m[K/home/robofei/ROS2/action/src/dynamixel_sdk_examples/src/cmd_process.cpp:20[m[K:
[0.725s] [01m[K/opt/ros/foxy/include/rcutils/types/char_array.h:72:24:[m[K [01;36m[Knote: [m[Kto match this â€˜[01m[K([m[Kâ€™
[0.726s]    72 | rcutils_char_array_init[01;36m[K([m[K
[0.726s]       |                        [01;36m[K^[m[K
[0.726s] In file included from [01m[K/home/robofei/ROS2/action/src/dynamixel_sdk_examples/src/cmd_process.cpp:11[m[K:
[0.726s] [01m[K/opt/ros/foxy/include/rcutils/types/char_array.h:74:10:[m[K [01;31m[Kerror: [m[Kinitializer provided for function
[0.726s]    74 |   size_t [01;31m[Kbuffer_capacity[m[K,
[0.726s]       |          [01;31m[K^~~~~~~~~~~~~~~[m[K
[0.726s] [01m[K/opt/ros/foxy/include/rcutils/types/char_array.h:74:10:[m[K [01;31m[Kerror: [m[Kexpected â€˜[01m[K,[m[Kâ€™ or â€˜[01m[K;[m[Kâ€™ before â€˜[01m[K->[m[Kâ€™ token
[0.726s]    74 |   size_t [01;31m[Kbuffer_capacity[m[K,
[0.726s]       |          [01;31m[K^~~~~~~~~~~~~~~[m[K
[0.726s] [01m[K/opt/ros/foxy/include/rcutils/types/uint8_array.h:33:10:[m[K [01;31m[Kerror: [m[Kexpected â€˜[01m[K)[m[Kâ€™ before â€˜[01m[K*[m[Kâ€™ token
[0.726s]    33 |   size_t [01;31m[Kbuffer_capacity[m[K;
[0.726s]       |          [01;31m[K^~~~~~~~~~~~~~~[m[K
[0.726s] [01m[K/opt/ros/foxy/include/rcutils/types/uint8_array.h:33:10:[m[K [01;31m[Kerror: [m[Kexpected â€˜[01m[K)[m[Kâ€™ before â€˜[01m[K*[m[Kâ€™ token
[0.726s] [01m[K/opt/ros/foxy/include/rcutils/types/uint8_array.h:65:10:[m[K [01;31m[Kerror: [m[Kexpected â€˜[01m[K)[m[Kâ€™ before â€˜[01m[K([m[Kâ€™ token
[0.726s]    65 |   size_t [01;31m[Kbuffer_capacity[m[K,
[0.726s]       |          [01;31m[K^~~~~~~~~~~~~~~[m[K
[0.727s] [01m[K/opt/ros/foxy/include/rcutils/types/uint8_array.h:65:10:[m[K [01;31m[Kerror: [m[Kexpected â€˜[01m[K)[m[Kâ€™ before â€˜[01m[K([m[Kâ€™ token
[0.727s] In file included from [01m[K/opt/ros/foxy/include/rcutils/types.h:29[m[K,
[0.727s]                  from [01m[K/opt/ros/foxy/include/rcutils/time.h:26[m[K,
[0.727s]                  from [01m[K/opt/ros/foxy/include/rcutils/logging.h:25[m[K,
[0.727s]                  from [01m[K/opt/ros/foxy/include/rmw/types.h:28[m[K,
[0.727s]                  from [01m[K/opt/ros/foxy/include/rcl/types.h:18[m[K,
[0.727s]                  from [01m[K/opt/ros/foxy/include/rcl/arguments.h:20[m[K,
[0.727s]                  from [01m[K/opt/ros/foxy/include/rcl/context.h:26[m[K,
[0.727s]                  from [01m[K/opt/ros/foxy/include/rcl/guard_condition.h:24[m[K,
[0.727s]                  from [01m[K/opt/ros/foxy/include/rclcpp/executor.hpp:29[m[K,
[0.727s]                  from [01m[K/opt/ros/foxy/include/rclcpp/executors/multi_threaded_executor.hpp:26[m[K,
[0.727s]                  from [01m[K/opt/ros/foxy/include/rclcpp/executors.hpp:21[m[K,
[0.727s]                  from [01m[K/opt/ros/foxy/include/rclcpp/rclcpp.hpp:146[m[K,
[0.727s]                  from [01m[K/home/robofei/ROS2/action/src/dynamixel_sdk_examples/src/cmd_process.cpp:20[m[K:
[0.727s] [01m[K/opt/ros/foxy/include/rcutils/types/uint8_array.h:63:25:[m[K [01;36m[Knote: [m[Kto match this â€˜[01m[K([m[Kâ€™
[0.727s]    63 | rcutils_uint8_array_init[01;36m[K([m[K
[0.728s]       |                         [01;36m[K^[m[K
[0.728s] In file included from [01m[K/home/robofei/ROS2/action/src/dynamixel_sdk_examples/src/cmd_process.cpp:11[m[K:
[0.728s] [01m[K/opt/ros/foxy/include/rcutils/types/uint8_array.h:65:10:[m[K [01;31m[Kerror: [m[Kinitializer provided for function
[0.728s]    65 |   size_t [01;31m[Kbuffer_capacity[m[K,
[0.728s]       |          [01;31m[K^~~~~~~~~~~~~~~[m[K
[0.728s] [01m[K/opt/ros/foxy/include/rcutils/types/uint8_array.h:65:10:[m[K [01;31m[Kerror: [m[Kexpected â€˜[01m[K,[m[Kâ€™ or â€˜[01m[K;[m[Kâ€™ before â€˜[01m[K->[m[Kâ€™ token
[0.728s]    65 |   size_t [01;31m[Kbuffer_capacity[m[K,
[0.728s]       |          [01;31m[K^~~~~~~~~~~~~~~[m[K
[1.469s] [01m[K/home/robofei/ROS2/action/src/dynamixel_sdk_examples/src/cmd_process.cpp:29:26:[m[K [01;35m[Kwarning: [m[Knon-ISO-standard escape sequence, '\e'
[1.469s]    29 | const std::string azul = [01;35m[K"\e[0;36m"[m[K;
[1.469s]       |                          [01;35m[K^~~~~~~~~~[m[K
[1.470s] [01m[K/home/robofei/ROS2/action/src/dynamixel_sdk_examples/src/cmd_process.cpp:30:27:[m[K [01;35m[Kwarning: [m[Knon-ISO-standard escape sequence, '\e'
[1.470s]    30 | const std::string azulE = [01;35m[K"\e[0;34m"[m[K;
[1.470s]       |                           [01;35m[K^~~~~~~~~~[m[K
[1.470s] [01m[K/home/robofei/ROS2/action/src/dynamixel_sdk_examples/src/cmd_process.cpp:31:27:[m[K [01;35m[Kwarning: [m[Knon-ISO-standard escape sequence, '\e'
[1.470s]    31 | const std::string amare = [01;35m[K"\e[0;33m"[m[K;
[1.470s]       |                           [01;35m[K^~~~~~~~~~[m[K
[1.470s] [01m[K/home/robofei/ROS2/action/src/dynamixel_sdk_examples/src/cmd_process.cpp:32:27:[m[K [01;35m[Kwarning: [m[Knon-ISO-standard escape sequence, '\e'
[1.470s]    32 | const std::string verde = [01;35m[K"\e[0;32m"[m[K;
[1.470s]       |                           [01;35m[K^~~~~~~~~~[m[K
[1.470s] [01m[K/home/robofei/ROS2/action/src/dynamixel_sdk_examples/src/cmd_process.cpp:33:25:[m[K [01;35m[Kwarning: [m[Knon-ISO-standard escape sequence, '\e'
[1.470s]    33 | const std::string red = [01;35m[K"\e[0;31m"[m[K;
[1.470s]       |                         [01;35m[K^~~~~~~~~~[m[K
[1.470s] [01m[K/home/robofei/ROS2/action/src/dynamixel_sdk_examples/src/cmd_process.cpp:34:26:[m[K [01;35m[Kwarning: [m[Knon-ISO-standard escape sequence, '\e'
[1.471s]    34 | const std::string gray = [01;35m[K"\e[0;37m"[m[K;
[1.471s]       |                          [01;35m[K^~~~~~~~~~[m[K
[1.471s] [01m[K/home/robofei/ROS2/action/src/dynamixel_sdk_examples/src/cmd_process.cpp:35:26:[m[K [01;35m[Kwarning: [m[Knon-ISO-standard escape sequence, '\e'
[1.471s]    35 | const std::string nulo = [01;35m[K"\e[0m"[m[K;
[1.471s]       |                          [01;35m[K^~~~~~~[m[K
[1.471s] [01m[K/home/robofei/ROS2/action/src/dynamixel_sdk_examples/src/cmd_process.cpp:37:27:[m[K [01;35m[Kwarning: [m[Knon-ISO-standard escape sequence, '\e'
[1.471s]    37 | const std::string Lazul = [01;35m[K"\e[96m"[m[K;
[1.471s]       |                           [01;35m[K^~~~~~~~[m[K
[1.471s] [01m[K/home/robofei/ROS2/action/src/dynamixel_sdk_examples/src/cmd_process.cpp:38:28:[m[K [01;35m[Kwarning: [m[Knon-ISO-standard escape sequence, '\e'
[1.471s]    38 | const std::string LazulE = [01;35m[K"\e[94m"[m[K;
[1.471s]       |                            [01;35m[K^~~~~~~~[m[K
[1.471s] [01m[K/home/robofei/ROS2/action/src/dynamixel_sdk_examples/src/cmd_process.cpp:39:28:[m[K [01;35m[Kwarning: [m[Knon-ISO-standard escape sequence, '\e'
[1.471s]    39 | const std::string Lamare = [01;35m[K"\e[93m"[m[K;
[1.471s]       |                            [01;35m[K^~~~~~~~[m[K
[1.471s] [01m[K/home/robofei/ROS2/action/src/dynamixel_sdk_examples/src/cmd_process.cpp:40:28:[m[K [01;35m[Kwarning: [m[Knon-ISO-standard escape sequence, '\e'
[1.471s]    40 | const std::string Lverde = [01;35m[K"\e[92m"[m[K;
[1.472s]       |                            [01;35m[K^~~~~~~~[m[K
[1.472s] [01m[K/home/robofei/ROS2/action/src/dynamixel_sdk_examples/src/cmd_process.cpp:41:26:[m[K [01;35m[Kwarning: [m[Knon-ISO-standard escape sequence, '\e'
[1.472s]    41 | const std::string Lred = [01;35m[K"\e[91m"[m[K;
[1.472s]       |                          [01;35m[K^~~~~~~~[m[K
[1.472s] [01m[K/home/robofei/ROS2/action/src/dynamixel_sdk_examples/src/cmd_process.cpp:42:27:[m[K [01;35m[Kwarning: [m[Knon-ISO-standard escape sequence, '\e'
[1.472s]    42 | const std::string Lgray = [01;35m[K"\e[97m"[m[K;
[1.472s]       |                           [01;35m[K^~~~~~~~[m[K
[1.472s] [01m[K/home/robofei/ROS2/action/src/dynamixel_sdk_examples/src/cmd_process.cpp:[m[K In constructor â€˜[01m[KAction_Editor_Pub::Action_Editor_Pub()[m[Kâ€™:
[1.472s] [01m[K/home/robofei/ROS2/action/src/dynamixel_sdk_examples/src/cmd_process.cpp:61:23:[m[K [01;31m[Kerror: [m[Kclass â€˜[01m[KAction_Editor_Pub[m[Kâ€™ does not have any field named â€˜[01m[Kcount_[m[Kâ€™
[1.472s]    61 |   : Node("cmd_node"), [01;31m[Kcount_[m[K(0)
[1.472s]       |                       [01;31m[K^~~~~~[m[K
[1.475s] [01m[K/home/robofei/ROS2/action/src/dynamixel_sdk_examples/src/cmd_process.cpp:63:5:[m[K [01;31m[Kerror: [m[Kâ€˜[01m[Kpublisher_[m[Kâ€™ was not declared in this scope; did you mean â€˜[01m[Krcl_publisher_t[m[Kâ€™?
[1.475s]    63 |     [01;31m[Kpublisher_[m[K = this->create_publisher<dynamixel_sdk_custom_interfaces::msg::SetPosition>("set_position", 10);
[1.475s]       |     [01;31m[K^~~~~~~~~~[m[K
[1.475s]       |     [32m[Krcl_publisher_t[m[K
[1.481s] [01m[K/home/robofei/ROS2/action/src/dynamixel_sdk_examples/src/cmd_process.cpp:64:2:[m[K [01;31m[Kerror: [m[Kâ€˜[01m[Ktimer_[m[Kâ€™ was not declared in this scope; did you mean â€˜[01m[Ktimer_t[m[Kâ€™?
[1.481s]    64 |  [01;31m[Ktimer_[m[K = this->create_wall_timer(
[1.481s]       |  [01;31m[K^~~~~~[m[K
[1.481s]       |  [32m[Ktimer_t[m[K
[1.482s] [01m[K/home/robofei/ROS2/action/src/dynamixel_sdk_examples/src/cmd_process.cpp:65:25:[m[K [01;31m[Kerror: [m[Kâ€˜[01m[KMinimalPublisher[m[Kâ€™ has not been declared
[1.482s]    65 |       500ms, std::bind(&[01;31m[KMinimalPublisher[m[K::timer_callback, this));
[1.482s]       |                         [01;31m[K^~~~~~~~~~~~~~~~[m[K
[1.482s] [01m[K/home/robofei/ROS2/action/src/dynamixel_sdk_examples/src/cmd_process.cpp:[m[K In member function â€˜[01m[Kvoid Action_Editor_Pub::timer_callback()[m[Kâ€™:
[1.482s] [01m[K/home/robofei/ROS2/action/src/dynamixel_sdk_examples/src/cmd_process.cpp:73:1:[m[K [01;31m[Kerror: [m[Ka function-definition is not allowed here before â€˜[01m[K{[m[Kâ€™ token
[1.482s]    73 | [01;31m[K{[m[K
[1.482s]       | [01;31m[K^[m[K
[1.482s] [01m[K/home/robofei/ROS2/action/src/dynamixel_sdk_examples/src/cmd_process.cpp:86:1:[m[K [01;31m[Kerror: [m[Ka function-definition is not allowed here before â€˜[01m[K{[m[Kâ€™ token
[1.482s]    86 | [01;31m[K{[m[K
[1.482s]       | [01;31m[K^[m[K
[1.482s] [01m[K/home/robofei/ROS2/action/src/dynamixel_sdk_examples/src/cmd_process.cpp:114:1:[m[K [01;31m[Kerror: [m[Ka function-definition is not allowed here before â€˜[01m[K{[m[Kâ€™ token
[1.482s]   114 | [01;31m[K{[m[K
[1.482s]       | [01;31m[K^[m[K
[1.482s] [01m[K/home/robofei/ROS2/action/src/dynamixel_sdk_examples/src/cmd_process.cpp:124:1:[m[K [01;31m[Kerror: [m[Ka function-definition is not allowed here before â€˜[01m[K{[m[Kâ€™ token
[1.483s]   124 | [01;31m[K{[m[K
[1.483s]       | [01;31m[K^[m[K
[1.483s] [01m[K/home/robofei/ROS2/action/src/dynamixel_sdk_examples/src/cmd_process.cpp:129:1:[m[K [01;31m[Kerror: [m[Ka function-definition is not allowed here before â€˜[01m[K{[m[Kâ€™ token
[1.483s]   129 | [01;31m[K{[m[K
[1.483s]       | [01;31m[K^[m[K
[1.483s] [01m[K/home/robofei/ROS2/action/src/dynamixel_sdk_examples/src/cmd_process.cpp:149:1:[m[K [01;31m[Kerror: [m[Ka function-definition is not allowed here before â€˜[01m[K{[m[Kâ€™ token
[1.483s]   149 | [01;31m[K{[m[K
[1.483s]       | [01;31m[K^[m[K
[1.483s] [01m[K/home/robofei/ROS2/action/src/dynamixel_sdk_examples/src/cmd_process.cpp:165:1:[m[K [01;31m[Kerror: [m[Ka function-definition is not allowed here before â€˜[01m[K{[m[Kâ€™ token
[1.483s]   165 | [01;31m[K{[m[K
[1.483s]       | [01;31m[K^[m[K
[1.483s] [01m[K/home/robofei/ROS2/action/src/dynamixel_sdk_examples/src/cmd_process.cpp:177:1:[m[K [01;31m[Kerror: [m[Ka function-definition is not allowed here before â€˜[01m[K{[m[Kâ€™ token
[1.483s]   177 | [01;31m[K{[m[K
[1.483s]       | [01;31m[K^[m[K
[1.483s] [01m[K/home/robofei/ROS2/action/src/dynamixel_sdk_examples/src/cmd_process.cpp:191:1:[m[K [01;31m[Kerror: [m[Ka function-definition is not allowed here before â€˜[01m[K{[m[Kâ€™ token
[1.483s]   191 | [01;31m[K{[m[K
[1.484s]       | [01;31m[K^[m[K
[1.484s] [01m[K/home/robofei/ROS2/action/src/dynamixel_sdk_examples/src/cmd_process.cpp:210:1:[m[K [01;31m[Kerror: [m[Ka function-definition is not allowed here before â€˜[01m[K{[m[Kâ€™ token
[1.484s]   210 | [01;31m[K{[m[K
[1.484s]       | [01;31m[K^[m[K
[1.484s] [01m[K/home/robofei/ROS2/action/src/dynamixel_sdk_examples/src/cmd_process.cpp:256:1:[m[K [01;31m[Kerror: [m[Ka function-definition is not allowed here before â€˜[01m[K{[m[Kâ€™ token
[1.484s]   256 | [01;31m[K{[m[K
[1.484s]       | [01;31m[K^[m[K
[1.484s] [01m[K/home/robofei/ROS2/action/src/dynamixel_sdk_examples/src/cmd_process.cpp:303:1:[m[K [01;31m[Kerror: [m[Ka function-definition is not allowed here before â€˜[01m[K{[m[Kâ€™ token
[1.484s]   303 | [01;31m[K{[m[K
[1.484s]       | [01;31m[K^[m[K
[1.484s] [01m[K/home/robofei/ROS2/action/src/dynamixel_sdk_examples/src/cmd_process.cpp:332:1:[m[K [01;31m[Kerror: [m[Ka function-definition is not allowed here before â€˜[01m[K{[m[Kâ€™ token
[1.484s]   332 | [01;31m[K{[m[K
[1.484s]       | [01;31m[K^[m[K
[1.484s] [01m[K/home/robofei/ROS2/action/src/dynamixel_sdk_examples/src/cmd_process.cpp:340:1:[m[K [01;31m[Kerror: [m[Ka function-definition is not allowed here before â€˜[01m[K{[m[Kâ€™ token
[1.484s]   340 | [01;31m[K{[m[K
[1.484s]       | [01;31m[K^[m[K
[1.485s] [01m[K/home/robofei/ROS2/action/src/dynamixel_sdk_examples/src/cmd_process.cpp:424:1:[m[K [01;31m[Kerror: [m[Ka function-definition is not allowed here before â€˜[01m[K{[m[Kâ€™ token
[1.485s]   424 | [01;31m[K{[m[K
[1.485s]       | [01;31m[K^[m[K
[1.485s] [01m[K/home/robofei/ROS2/action/src/dynamixel_sdk_examples/src/cmd_process.cpp:499:1:[m[K [01;31m[Kerror: [m[Ka function-definition is not allowed here before â€˜[01m[K{[m[Kâ€™ token
[1.485s]   499 | [01;31m[K{[m[K
[1.485s]       | [01;31m[K^[m[K
[1.485s] [01m[K/home/robofei/ROS2/action/src/dynamixel_sdk_examples/src/cmd_process.cpp:556:1:[m[K [01;31m[Kerror: [m[Ka function-definition is not allowed here before â€˜[01m[K{[m[Kâ€™ token
[1.485s]   556 | [01;31m[K{[m[K
[1.485s]       | [01;31m[K^[m[K
[1.485s] [01m[K/home/robofei/ROS2/action/src/dynamixel_sdk_examples/src/cmd_process.cpp:571:1:[m[K [01;31m[Kerror: [m[Ka function-definition is not allowed here before â€˜[01m[K{[m[Kâ€™ token
[1.485s]   571 | [01;31m[K{[m[K
[1.485s]       | [01;31m[K^[m[K
[1.485s] [01m[K/home/robofei/ROS2/action/src/dynamixel_sdk_examples/src/cmd_process.cpp:576:1:[m[K [01;31m[Kerror: [m[Ka function-definition is not allowed here before â€˜[01m[K{[m[Kâ€™ token
[1.486s]   576 | [01;31m[K{[m[K
[1.486s]       | [01;31m[K^[m[K
[1.486s] [01m[K/home/robofei/ROS2/action/src/dynamixel_sdk_examples/src/cmd_process.cpp:588:1:[m[K [01;31m[Kerror: [m[Ka function-definition is not allowed here before â€˜[01m[K{[m[Kâ€™ token
[1.486s]   588 | [01;31m[K{[m[K
[1.486s]       | [01;31m[K^[m[K
[1.486s] [01m[K/home/robofei/ROS2/action/src/dynamixel_sdk_examples/src/cmd_process.cpp:593:1:[m[K [01;31m[Kerror: [m[Ka function-definition is not allowed here before â€˜[01m[K{[m[Kâ€™ token
[1.486s]   593 | [01;31m[K{[m[K
[1.486s]       | [01;31m[K^[m[K
[1.486s] [01m[K/home/robofei/ROS2/action/src/dynamixel_sdk_examples/src/cmd_process.cpp:681:1:[m[K [01;31m[Kerror: [m[Ka function-definition is not allowed here before â€˜[01m[K{[m[Kâ€™ token
[1.486s]   681 | [01;31m[K{[m[K
[1.486s]       | [01;31m[K^[m[K
[1.486s] [01m[K/home/robofei/ROS2/action/src/dynamixel_sdk_examples/src/cmd_process.cpp:885:1:[m[K [01;31m[Kerror: [m[Ka function-definition is not allowed here before â€˜[01m[K{[m[Kâ€™ token
[1.487s]   885 | [01;31m[K{[m[K
[1.487s]       | [01;31m[K^[m[K
[1.487s] [01m[K/home/robofei/ROS2/action/src/dynamixel_sdk_examples/src/cmd_process.cpp:895:1:[m[K [01;31m[Kerror: [m[Ka function-definition is not allowed here before â€˜[01m[K{[m[Kâ€™ token
[1.487s]   895 | [01;31m[K{[m[K
[1.487s]       | [01;31m[K^[m[K
[1.487s] [01m[K/home/robofei/ROS2/action/src/dynamixel_sdk_examples/src/cmd_process.cpp:904:1:[m[K [01;31m[Kerror: [m[Ka function-definition is not allowed here before â€˜[01m[K{[m[Kâ€™ token
[1.487s]   904 | [01;31m[K{[m[K
[1.487s]       | [01;31m[K^[m[K
[1.487s] [01m[K/home/robofei/ROS2/action/src/dynamixel_sdk_examples/src/cmd_process.cpp:910:1:[m[K [01;31m[Kerror: [m[Ka function-definition is not allowed here before â€˜[01m[K{[m[Kâ€™ token
[1.487s]   910 | [01;31m[K{[m[K
[1.487s]       | [01;31m[K^[m[K
[1.487s] [01m[K/home/robofei/ROS2/action/src/dynamixel_sdk_examples/src/cmd_process.cpp:950:1:[m[K [01;31m[Kerror: [m[Ka function-definition is not allowed here before â€˜[01m[K{[m[Kâ€™ token
[1.487s]   950 | [01;31m[K{[m[K
[1.487s]       | [01;31m[K^[m[K
[1.487s] [01m[K/home/robofei/ROS2/action/src/dynamixel_sdk_examples/src/cmd_process.cpp:955:1:[m[K [01;31m[Kerror: [m[Ka function-definition is not allowed here before â€˜[01m[K{[m[Kâ€™ token
[1.487s]   955 | [01;31m[K{[m[K
[1.488s]       | [01;31m[K^[m[K
[1.488s] [01m[K/home/robofei/ROS2/action/src/dynamixel_sdk_examples/src/cmd_process.cpp:960:1:[m[K [01;31m[Kerror: [m[Ka function-definition is not allowed here before â€˜[01m[K{[m[Kâ€™ token
[1.488s]   960 | [01;31m[K{[m[K
[1.488s]       | [01;31m[K^[m[K
[1.488s] [01m[K/home/robofei/ROS2/action/src/dynamixel_sdk_examples/src/cmd_process.cpp:980:1:[m[K [01;31m[Kerror: [m[Ka function-definition is not allowed here before â€˜[01m[K{[m[Kâ€™ token
[1.488s]   980 | [01;31m[K{[m[K
[1.488s]       | [01;31m[K^[m[K
[1.488s] [01m[K/home/robofei/ROS2/action/src/dynamixel_sdk_examples/src/cmd_process.cpp:987:1:[m[K [01;31m[Kerror: [m[Ka function-definition is not allowed here before â€˜[01m[K{[m[Kâ€™ token
[1.488s]   987 | [01;31m[K{[m[K
[1.488s]       | [01;31m[K^[m[K
[1.488s] [01m[K/home/robofei/ROS2/action/src/dynamixel_sdk_examples/src/cmd_process.cpp:994:1:[m[K [01;31m[Kerror: [m[Ka function-definition is not allowed here before â€˜[01m[K{[m[Kâ€™ token
[1.488s]   994 | [01;31m[K{[m[K
[1.488s]       | [01;31m[K^[m[K
[1.488s] [01m[K/home/robofei/ROS2/action/src/dynamixel_sdk_examples/src/cmd_process.cpp:1056:1:[m[K [01;31m[Kerror: [m[Ka function-definition is not allowed here before â€˜[01m[K{[m[Kâ€™ token
[1.488s]  1056 | [01;31m[K{[m[K
[1.488s]       | [01;31m[K^[m[K
[1.489s] [01m[K/home/robofei/ROS2/action/src/dynamixel_sdk_examples/src/cmd_process.cpp:1120:1:[m[K [01;31m[Kerror: [m[Ka function-definition is not allowed here before â€˜[01m[K{[m[Kâ€™ token
[1.489s]  1120 | [01;31m[K{[m[K
[1.489s]       | [01;31m[K^[m[K
[1.489s] [01m[K/home/robofei/ROS2/action/src/dynamixel_sdk_examples/src/cmd_process.cpp:1126:1:[m[K [01;31m[Kerror: [m[Ka function-definition is not allowed here before â€˜[01m[K{[m[Kâ€™ token
[1.489s]  1126 | [01;31m[K{[m[K
[1.489s]       | [01;31m[K^[m[K
[1.489s] [01m[K/home/robofei/ROS2/action/src/dynamixel_sdk_examples/src/cmd_process.cpp:1144:1:[m[K [01;31m[Kerror: [m[Ka function-definition is not allowed here before â€˜[01m[K{[m[Kâ€™ token
[1.489s]  1144 | [01;31m[K{[m[K
[1.489s]       | [01;31m[K^[m[K
[1.489s] [01m[K/home/robofei/ROS2/action/src/dynamixel_sdk_examples/src/cmd_process.cpp:1183:1:[m[K [01;31m[Kerror: [m[Ka function-definition is not allowed here before â€˜[01m[K{[m[Kâ€™ token
[1.489s]  1183 | [01;31m[K{[m[K
[1.489s]       | [01;31m[K^[m[K
[1.489s] [01m[K/home/robofei/ROS2/action/src/dynamixel_sdk_examples/src/cmd_process.cpp:1224:1:[m[K [01;31m[Kerror: [m[Ka function-definition is not allowed here before â€˜[01m[K{[m[Kâ€™ token
[1.489s]  1224 | [01;31m[K{[m[K
[1.490s]       | [01;31m[K^[m[K
[1.490s] [01m[K/home/robofei/ROS2/action/src/dynamixel_sdk_examples/src/cmd_process.cpp:1264:1:[m[K [01;31m[Kerror: [m[Ka function-definition is not allowed here before â€˜[01m[K{[m[Kâ€™ token
[1.490s]  1264 | [01;31m[K{[m[K
[1.490s]       | [01;31m[K^[m[K
[1.490s] [01m[K/home/robofei/ROS2/action/src/dynamixel_sdk_examples/src/cmd_process.cpp:1278:1:[m[K [01;31m[Kerror: [m[Ka function-definition is not allowed here before â€˜[01m[K{[m[Kâ€™ token
[1.490s]  1278 | [01;31m[K{[m[K
[1.490s]       | [01;31m[K^[m[K
[1.490s] [01m[K/home/robofei/ROS2/action/src/dynamixel_sdk_examples/src/cmd_process.cpp:1285:1:[m[K [01;31m[Kerror: [m[Ka function-definition is not allowed here before â€˜[01m[K{[m[Kâ€™ token
[1.490s]  1285 | [01;31m[K{[m[K
[1.490s]       | [01;31m[K^[m[K
[1.490s] [01m[K/home/robofei/ROS2/action/src/dynamixel_sdk_examples/src/cmd_process.cpp:1336:1:[m[K [01;31m[Kerror: [m[Ka function-definition is not allowed here before â€˜[01m[K{[m[Kâ€™ token
[1.490s]  1336 | [01;31m[K{[m[K
[1.491s]       | [01;31m[K^[m[K
[1.491s] [01m[K/home/robofei/ROS2/action/src/dynamixel_sdk_examples/src/cmd_process.cpp:1342:1:[m[K [01;31m[Kerror: [m[Ka function-definition is not allowed here before â€˜[01m[K{[m[Kâ€™ token
[1.491s]  1342 | [01;31m[K{[m[K
[1.491s]       | [01;31m[K^[m[K
[1.491s] [01m[K/home/robofei/ROS2/action/src/dynamixel_sdk_examples/src/cmd_process.cpp:1348:1:[m[K [01;31m[Kerror: [m[Ka function-definition is not allowed here before â€˜[01m[K{[m[Kâ€™ token
[1.491s]  1348 | [01;31m[K{[m[K
[1.491s]       | [01;31m[K^[m[K
[1.491s] [01m[K/home/robofei/ROS2/action/src/dynamixel_sdk_examples/src/cmd_process.cpp:1357:1:[m[K [01;31m[Kerror: [m[Ka function-definition is not allowed here before â€˜[01m[K{[m[Kâ€™ token
[1.491s]  1357 | [01;31m[K{[m[K
[1.491s]       | [01;31m[K^[m[K
[1.491s] [01m[K/home/robofei/ROS2/action/src/dynamixel_sdk_examples/src/cmd_process.cpp:1367:1:[m[K [01;31m[Kerror: [m[Ka function-definition is not allowed here before â€˜[01m[K{[m[Kâ€™ token
[1.491s]  1367 | [01;31m[K{[m[K
[1.491s]       | [01;31m[K^[m[K
[1.491s] [01m[K/home/robofei/ROS2/action/src/dynamixel_sdk_examples/src/cmd_process.cpp:112:16:[m[K [01;35m[Kwarning: [m[Kunused variable â€˜[01m[Koldterm[m[Kâ€™ [[01;35m[K-Wunused-variable[m[K]
[1.491s]   112 | struct termios [01;35m[Koldterm[m[K, new_term;
[1.491s]       |                [01;35m[K^~~~~~~[m[K
[1.492s] [01m[K/home/robofei/ROS2/action/src/dynamixel_sdk_examples/src/cmd_process.cpp:112:25:[m[K [01;35m[Kwarning: [m[Kunused variable â€˜[01m[Knew_term[m[Kâ€™ [[01;35m[K-Wunused-variable[m[K]
[1.492s]   112 | struct termios oldterm, [01;35m[Knew_term[m[K;
[1.492s]       |                         [01;35m[K^~~~~~~~[m[K
[1.492s] [01m[K/home/robofei/ROS2/action/src/dynamixel_sdk_examples/src/cmd_process.cpp:[m[K At global scope:
[1.492s] [01m[K/home/robofei/ROS2/action/src/dynamixel_sdk_examples/src/cmd_process.cpp:1390:32:[m[K [01;31m[Kerror: [m[Kexpected initializer before â€˜[01m[Ktimer_[m[Kâ€™
[1.492s]  1390 |   rclcpp::TimerBase::SharedPtr [01;31m[Ktimer_[m[K;
[1.492s]       |                                [01;31m[K^~~~~~[m[K
[1.492s] [01m[K/home/robofei/ROS2/action/src/dynamixel_sdk_examples/src/cmd_process.cpp:1393:1:[m[K [01;31m[Kerror: [m[Kexpected declaration before â€˜[01m[K}[m[Kâ€™ token
[1.492s]  1393 | [01;31m[K}[m[K;
[1.492s]       | [01;31m[K^[m[K
[2.298s] make[2]: *** [CMakeFiles/cmd_node.dir/build.make:63: CMakeFiles/cmd_node.dir/src/cmd_process.cpp.o] Error 1
[2.298s] make[1]: *** [CMakeFiles/Makefile2:78: CMakeFiles/cmd_node.dir/all] Error 2
[2.298s] make: *** [Makefile:141: all] Error 2
[2.300s] Invoked command in '/home/robofei/ROS2/action/build/dynamixel_sdk_examples' returned '2': AMENT_PREFIX_PATH=/home/robofei/ROS2/action/install/dynamixel_sdk_custom_interfaces:/home/robofei/ROS2/action/install/dynamixel_sdk:${AMENT_PREFIX_PATH} CMAKE_PREFIX_PATH=/home/robofei/ROS2/action/install/dynamixel_sdk_custom_interfaces:/home/robofei/ROS2/action/install/dynamixel_sdk:/opt/ros/foxy LD_LIBRARY_PATH=/home/robofei/ROS2/action/install/dynamixel_sdk_custom_interfaces/lib:/home/robofei/ROS2/action/install/dynamixel_sdk/lib:${LD_LIBRARY_PATH} PYTHONPATH=/home/robofei/ROS2/action/install/dynamixel_sdk_custom_interfaces/lib/python3.8/site-packages:${PYTHONPATH} /usr/bin/cmake --build /home/robofei/ROS2/action/build/dynamixel_sdk_examples -- -j4 -l4
