[35m[1mScanning dependencies of target cmd_node[0m
[ 50%] [32mBuilding CXX object CMakeFiles/cmd_node.dir/src/cmd_process.cpp.o[0m
In file included from [01m[K/home/robofei/ROS2/action/src/dynamixel_sdk_examples/include/CM730.h:11[m[K,
                 from [01m[K/home/robofei/ROS2/action/src/dynamixel_sdk_examples/include/DARwIn.h:11[m[K,
                 from [01m[K/home/robofei/ROS2/action/src/dynamixel_sdk_examples/include/LinuxDARwIn.h:11[m[K,
                 from [01m[K/home/robofei/ROS2/action/src/dynamixel_sdk_examples/include/cmd_process.h:5[m[K,
                 from [01m[K/home/robofei/ROS2/action/src/dynamixel_sdk_examples/src/cmd_process.cpp:14[m[K:
[01m[K/home/robofei/ROS2/action/src/dynamixel_sdk_examples/include/MX28.h:22:29:[m[K [01;31m[Kerror: [m[Kâ€˜[01m[Kconstexpr[m[Kâ€™ needed for in-class initialization of static data member â€˜[01m[Kconst double Robot::MX28::MIN_ANGLE[m[Kâ€™ of non-integral type [[01;31m[K-fpermissive[m[K]
   22 |         static const double [01;31m[KMIN_ANGLE[m[K = -150.0; // degree
      |                             [01;31m[K^~~~~~~~~[m[K
[01m[K/home/robofei/ROS2/action/src/dynamixel_sdk_examples/include/MX28.h:23:29:[m[K [01;31m[Kerror: [m[Kâ€˜[01m[Kconstexpr[m[Kâ€™ needed for in-class initialization of static data member â€˜[01m[Kconst double Robot::MX28::MAX_ANGLE[m[Kâ€™ of non-integral type [[01;31m[K-fpermissive[m[K]
   23 |         static const double [01;31m[KMAX_ANGLE[m[K = 150.0; // degree
      |                             [01;31m[K^~~~~~~~~[m[K
[01m[K/home/robofei/ROS2/action/src/dynamixel_sdk_examples/include/MX28.h:24:29:[m[K [01;31m[Kerror: [m[Kâ€˜[01m[Kconstexpr[m[Kâ€™ needed for in-class initialization of static data member â€˜[01m[Kconst double Robot::MX28::RATIO_VALUE2ANGLE[m[Kâ€™ of non-integral type [[01;31m[K-fpermissive[m[K]
   24 |         static const double [01;31m[KRATIO_VALUE2ANGLE[m[K = 0.293; // 300 / 1024
      |                             [01;31m[K^~~~~~~~~~~~~~~~~[m[K
[01m[K/home/robofei/ROS2/action/src/dynamixel_sdk_examples/include/MX28.h:25:29:[m[K [01;31m[Kerror: [m[Kâ€˜[01m[Kconstexpr[m[Kâ€™ needed for in-class initialization of static data member â€˜[01m[Kconst double Robot::MX28::RATIO_ANGLE2VALUE[m[Kâ€™ of non-integral type [[01;31m[K-fpermissive[m[K]
   25 |         static const double [01;31m[KRATIO_ANGLE2VALUE[m[K = 3.413; // 1024 / 300
      |                             [01;31m[K^~~~~~~~~~~~~~~~~[m[K
In file included from [01m[K/home/robofei/ROS2/action/src/dynamixel_sdk_examples/src/cmd_process.cpp:11[m[K:
[01m[K/opt/ros/foxy/include/rcutils/types/char_array.h:41:10:[m[K [01;31m[Kerror: [m[Kexpected â€˜[01m[K)[m[Kâ€™ before â€˜[01m[K*[m[Kâ€™ token
   41 |   size_t [01;31m[Kbuffer_capacity[m[K;
      |          [01;31m[K^~~~~~~~~~~~~~~[m[K
[01m[K/opt/ros/foxy/include/rcutils/types/char_array.h:41:10:[m[K [01;31m[Kerror: [m[Kexpected â€˜[01m[K)[m[Kâ€™ before â€˜[01m[K*[m[Kâ€™ token
[01m[K/opt/ros/foxy/include/rcutils/types/char_array.h:74:10:[m[K [01;31m[Kerror: [m[Kexpected â€˜[01m[K)[m[Kâ€™ before â€˜[01m[K([m[Kâ€™ token
   74 |   size_t [01;31m[Kbuffer_capacity[m[K,
      |          [01;31m[K^~~~~~~~~~~~~~~[m[K
[01m[K/opt/ros/foxy/include/rcutils/types/char_array.h:74:10:[m[K [01;31m[Kerror: [m[Kexpected â€˜[01m[K)[m[Kâ€™ before â€˜[01m[K([m[Kâ€™ token
In file included from [01m[K/opt/ros/foxy/include/rcutils/types.h:24[m[K,
                 from [01m[K/opt/ros/foxy/include/rcutils/time.h:26[m[K,
                 from [01m[K/opt/ros/foxy/include/rcutils/logging.h:25[m[K,
                 from [01m[K/opt/ros/foxy/include/rmw/types.h:28[m[K,
                 from [01m[K/opt/ros/foxy/include/rcl/types.h:18[m[K,
                 from [01m[K/opt/ros/foxy/include/rcl/arguments.h:20[m[K,
                 from [01m[K/opt/ros/foxy/include/rcl/context.h:26[m[K,
                 from [01m[K/opt/ros/foxy/include/rcl/guard_condition.h:24[m[K,
                 from [01m[K/opt/ros/foxy/include/rclcpp/executor.hpp:29[m[K,
                 from [01m[K/opt/ros/foxy/include/rclcpp/executors/multi_threaded_executor.hpp:26[m[K,
                 from [01m[K/opt/ros/foxy/include/rclcpp/executors.hpp:21[m[K,
                 from [01m[K/opt/ros/foxy/include/rclcpp/rclcpp.hpp:146[m[K,
                 from [01m[K/home/robofei/ROS2/action/src/dynamixel_sdk_examples/src/cmd_process.cpp:20[m[K:
[01m[K/opt/ros/foxy/include/rcutils/types/char_array.h:72:24:[m[K [01;36m[Knote: [m[Kto match this â€˜[01m[K([m[Kâ€™
   72 | rcutils_char_array_init[01;36m[K([m[K
      |                        [01;36m[K^[m[K
In file included from [01m[K/home/robofei/ROS2/action/src/dynamixel_sdk_examples/src/cmd_process.cpp:11[m[K:
[01m[K/opt/ros/foxy/include/rcutils/types/char_array.h:74:10:[m[K [01;31m[Kerror: [m[Kinitializer provided for function
   74 |   size_t [01;31m[Kbuffer_capacity[m[K,
      |          [01;31m[K^~~~~~~~~~~~~~~[m[K
[01m[K/opt/ros/foxy/include/rcutils/types/char_array.h:74:10:[m[K [01;31m[Kerror: [m[Kexpected â€˜[01m[K,[m[Kâ€™ or â€˜[01m[K;[m[Kâ€™ before â€˜[01m[K->[m[Kâ€™ token
   74 |   size_t [01;31m[Kbuffer_capacity[m[K,
      |          [01;31m[K^~~~~~~~~~~~~~~[m[K
[01m[K/opt/ros/foxy/include/rcutils/types/uint8_array.h:33:10:[m[K [01;31m[Kerror: [m[Kexpected â€˜[01m[K)[m[Kâ€™ before â€˜[01m[K*[m[Kâ€™ token
   33 |   size_t [01;31m[Kbuffer_capacity[m[K;
      |          [01;31m[K^~~~~~~~~~~~~~~[m[K
[01m[K/opt/ros/foxy/include/rcutils/types/uint8_array.h:33:10:[m[K [01;31m[Kerror: [m[Kexpected â€˜[01m[K)[m[Kâ€™ before â€˜[01m[K*[m[Kâ€™ token
[01m[K/opt/ros/foxy/include/rcutils/types/uint8_array.h:65:10:[m[K [01;31m[Kerror: [m[Kexpected â€˜[01m[K)[m[Kâ€™ before â€˜[01m[K([m[Kâ€™ token
   65 |   size_t [01;31m[Kbuffer_capacity[m[K,
      |          [01;31m[K^~~~~~~~~~~~~~~[m[K
[01m[K/opt/ros/foxy/include/rcutils/types/uint8_array.h:65:10:[m[K [01;31m[Kerror: [m[Kexpected â€˜[01m[K)[m[Kâ€™ before â€˜[01m[K([m[Kâ€™ token
In file included from [01m[K/opt/ros/foxy/include/rcutils/types.h:29[m[K,
                 from [01m[K/opt/ros/foxy/include/rcutils/time.h:26[m[K,
                 from [01m[K/opt/ros/foxy/include/rcutils/logging.h:25[m[K,
                 from [01m[K/opt/ros/foxy/include/rmw/types.h:28[m[K,
                 from [01m[K/opt/ros/foxy/include/rcl/types.h:18[m[K,
                 from [01m[K/opt/ros/foxy/include/rcl/arguments.h:20[m[K,
                 from [01m[K/opt/ros/foxy/include/rcl/context.h:26[m[K,
                 from [01m[K/opt/ros/foxy/include/rcl/guard_condition.h:24[m[K,
                 from [01m[K/opt/ros/foxy/include/rclcpp/executor.hpp:29[m[K,
                 from [01m[K/opt/ros/foxy/include/rclcpp/executors/multi_threaded_executor.hpp:26[m[K,
                 from [01m[K/opt/ros/foxy/include/rclcpp/executors.hpp:21[m[K,
                 from [01m[K/opt/ros/foxy/include/rclcpp/rclcpp.hpp:146[m[K,
                 from [01m[K/home/robofei/ROS2/action/src/dynamixel_sdk_examples/src/cmd_process.cpp:20[m[K:
[01m[K/opt/ros/foxy/include/rcutils/types/uint8_array.h:63:25:[m[K [01;36m[Knote: [m[Kto match this â€˜[01m[K([m[Kâ€™
   63 | rcutils_uint8_array_init[01;36m[K([m[K
      |                         [01;36m[K^[m[K
In file included from [01m[K/home/robofei/ROS2/action/src/dynamixel_sdk_examples/src/cmd_process.cpp:11[m[K:
[01m[K/opt/ros/foxy/include/rcutils/types/uint8_array.h:65:10:[m[K [01;31m[Kerror: [m[Kinitializer provided for function
   65 |   size_t [01;31m[Kbuffer_capacity[m[K,
      |          [01;31m[K^~~~~~~~~~~~~~~[m[K
[01m[K/opt/ros/foxy/include/rcutils/types/uint8_array.h:65:10:[m[K [01;31m[Kerror: [m[Kexpected â€˜[01m[K,[m[Kâ€™ or â€˜[01m[K;[m[Kâ€™ before â€˜[01m[K->[m[Kâ€™ token
   65 |   size_t [01;31m[Kbuffer_capacity[m[K,
      |          [01;31m[K^~~~~~~~~~~~~~~[m[K
[01m[K/home/robofei/ROS2/action/src/dynamixel_sdk_examples/src/cmd_process.cpp:29:26:[m[K [01;35m[Kwarning: [m[Knon-ISO-standard escape sequence, '\e'
   29 | const std::string azul = [01;35m[K"\e[0;36m"[m[K;
      |                          [01;35m[K^~~~~~~~~~[m[K
[01m[K/home/robofei/ROS2/action/src/dynamixel_sdk_examples/src/cmd_process.cpp:30:27:[m[K [01;35m[Kwarning: [m[Knon-ISO-standard escape sequence, '\e'
   30 | const std::string azulE = [01;35m[K"\e[0;34m"[m[K;
      |                           [01;35m[K^~~~~~~~~~[m[K
[01m[K/home/robofei/ROS2/action/src/dynamixel_sdk_examples/src/cmd_process.cpp:31:27:[m[K [01;35m[Kwarning: [m[Knon-ISO-standard escape sequence, '\e'
   31 | const std::string amare = [01;35m[K"\e[0;33m"[m[K;
      |                           [01;35m[K^~~~~~~~~~[m[K
[01m[K/home/robofei/ROS2/action/src/dynamixel_sdk_examples/src/cmd_process.cpp:32:27:[m[K [01;35m[Kwarning: [m[Knon-ISO-standard escape sequence, '\e'
   32 | const std::string verde = [01;35m[K"\e[0;32m"[m[K;
      |                           [01;35m[K^~~~~~~~~~[m[K
[01m[K/home/robofei/ROS2/action/src/dynamixel_sdk_examples/src/cmd_process.cpp:33:25:[m[K [01;35m[Kwarning: [m[Knon-ISO-standard escape sequence, '\e'
   33 | const std::string red = [01;35m[K"\e[0;31m"[m[K;
      |                         [01;35m[K^~~~~~~~~~[m[K
[01m[K/home/robofei/ROS2/action/src/dynamixel_sdk_examples/src/cmd_process.cpp:34:26:[m[K [01;35m[Kwarning: [m[Knon-ISO-standard escape sequence, '\e'
   34 | const std::string gray = [01;35m[K"\e[0;37m"[m[K;
      |                          [01;35m[K^~~~~~~~~~[m[K
[01m[K/home/robofei/ROS2/action/src/dynamixel_sdk_examples/src/cmd_process.cpp:35:26:[m[K [01;35m[Kwarning: [m[Knon-ISO-standard escape sequence, '\e'
   35 | const std::string nulo = [01;35m[K"\e[0m"[m[K;
      |                          [01;35m[K^~~~~~~[m[K
[01m[K/home/robofei/ROS2/action/src/dynamixel_sdk_examples/src/cmd_process.cpp:37:27:[m[K [01;35m[Kwarning: [m[Knon-ISO-standard escape sequence, '\e'
   37 | const std::string Lazul = [01;35m[K"\e[96m"[m[K;
      |                           [01;35m[K^~~~~~~~[m[K
[01m[K/home/robofei/ROS2/action/src/dynamixel_sdk_examples/src/cmd_process.cpp:38:28:[m[K [01;35m[Kwarning: [m[Knon-ISO-standard escape sequence, '\e'
   38 | const std::string LazulE = [01;35m[K"\e[94m"[m[K;
      |                            [01;35m[K^~~~~~~~[m[K
[01m[K/home/robofei/ROS2/action/src/dynamixel_sdk_examples/src/cmd_process.cpp:39:28:[m[K [01;35m[Kwarning: [m[Knon-ISO-standard escape sequence, '\e'
   39 | const std::string Lamare = [01;35m[K"\e[93m"[m[K;
      |                            [01;35m[K^~~~~~~~[m[K
[01m[K/home/robofei/ROS2/action/src/dynamixel_sdk_examples/src/cmd_process.cpp:40:28:[m[K [01;35m[Kwarning: [m[Knon-ISO-standard escape sequence, '\e'
   40 | const std::string Lverde = [01;35m[K"\e[92m"[m[K;
      |                            [01;35m[K^~~~~~~~[m[K
[01m[K/home/robofei/ROS2/action/src/dynamixel_sdk_examples/src/cmd_process.cpp:41:26:[m[K [01;35m[Kwarning: [m[Knon-ISO-standard escape sequence, '\e'
   41 | const std::string Lred = [01;35m[K"\e[91m"[m[K;
      |                          [01;35m[K^~~~~~~~[m[K
[01m[K/home/robofei/ROS2/action/src/dynamixel_sdk_examples/src/cmd_process.cpp:42:27:[m[K [01;35m[Kwarning: [m[Knon-ISO-standard escape sequence, '\e'
   42 | const std::string Lgray = [01;35m[K"\e[97m"[m[K;
      |                           [01;35m[K^~~~~~~~[m[K
[01m[K/home/robofei/ROS2/action/src/dynamixel_sdk_examples/src/cmd_process.cpp:[m[K In function â€˜[01m[Kvoid DrawIntro()[m[Kâ€™:
[01m[K/home/robofei/ROS2/action/src/dynamixel_sdk_examples/src/cmd_process.cpp:326:9:[m[K [01;35m[Kwarning: [m[Knon-ISO-standard escape sequence, '\e'
  326 |  system([01;35m[K"printf '\e[8;27;80t'"[m[K);
      |         [01;35m[K^~~~~~~~~~~~~~~~~~~~~~[m[K
[01m[K/home/robofei/ROS2/action/src/dynamixel_sdk_examples/src/cmd_process.cpp:[m[K In function â€˜[01m[Kvoid DrawStep(int)[m[Kâ€™:
[01m[K/home/robofei/ROS2/action/src/dynamixel_sdk_examples/src/cmd_process.cpp:485:25:[m[K [01;35m[Kwarning: [m[Ksuggest parentheses around â€˜[01m[K+[m[Kâ€™ in operand of â€˜[01m[K&[m[Kâ€™ [[01;35m[K-Wparentheses[m[K]
  485 |   if([01;35m[Kstep->position[id] + MotionManager::GetInstance()->m_Offset[id][m[K & Action::INVALID_BIT_MASK)
      |      [01;35m[K~~~~~~~~~~~~~~~~~~~^~~~~~~~~~~~~~~~~~~~~~~~~~~~~~~~~~~~~~~~~~~~[m[K
[01m[K/home/robofei/ROS2/action/src/dynamixel_sdk_examples/src/cmd_process.cpp:487:30:[m[K [01;35m[Kwarning: [m[Ksuggest parentheses around â€˜[01m[K+[m[Kâ€™ in operand of â€˜[01m[K&[m[Kâ€™ [[01;35m[K-Wparentheses[m[K]
  487 |   else if([01;35m[Kstep->position[id] + MotionManager::GetInstance()->m_Offset[id][m[K & Action::TORQUE_OFF_BIT_MASK)
      |           [01;35m[K~~~~~~~~~~~~~~~~~~~^~~~~~~~~~~~~~~~~~~~~~~~~~~~~~~~~~~~~~~~~~~~[m[K
[01m[K/home/robofei/ROS2/action/src/dynamixel_sdk_examples/src/cmd_process.cpp:[m[K In function â€˜[01m[Kvoid UpDownValue(int)[m[Kâ€™:
[01m[K/home/robofei/ROS2/action/src/dynamixel_sdk_examples/src/cmd_process.cpp:595:22:[m[K [01;31m[Kerror: [m[Kinvalid conversion from â€˜[01m[Kint[m[Kâ€™ to â€˜[01m[KRobot::CM730*[m[Kâ€™ [[01;31m[K-fpermissive[m[K]
  595 |  SetValue([01;31m[KGetValue() + offset[m[K);
      |           [01;31m[K~~~~~~~~~~~^~~~~~~~[m[K
      |                      [01;31m[K|[m[K
      |                      [01;31m[Kint[m[K
[01m[K/home/robofei/ROS2/action/src/dynamixel_sdk_examples/src/cmd_process.cpp:595:30:[m[K [01;31m[Kerror: [m[Ktoo few arguments to function â€˜[01m[Kvoid SetValue(Robot::CM730*, int)[m[Kâ€™
  595 |  SetValue(GetValue() + offset[01;31m[K)[m[K;
      |                              [01;31m[K^[m[K
In file included from [01m[K/home/robofei/ROS2/action/src/dynamixel_sdk_examples/src/cmd_process.cpp:14[m[K:
[01m[K/home/robofei/ROS2/action/src/dynamixel_sdk_examples/include/cmd_process.h:89:6:[m[K [01;36m[Knote: [m[Kdeclared here
   89 | void [01;36m[KSetValue[m[K(Robot::CM730 *cm730, int value);
      |      [01;36m[K^~~~~~~~[m[K
[01m[K/home/robofei/ROS2/action/src/dynamixel_sdk_examples/src/cmd_process.cpp:[m[K In function â€˜[01m[Kvoid SetValue(int)[m[Kâ€™:
[01m[K/home/robofei/ROS2/action/src/dynamixel_sdk_examples/src/cmd_process.cpp:728:17:[m[K [01;31m[Kerror: [m[Kâ€˜[01m[Kmessage[m[Kâ€™ was not declared in this scope
  728 |                 [01;31m[Kmessage[m[K.id = {row + 1};
      |                 [01;31m[K^~~~~~~[m[K
[01m[K/home/robofei/ROS2/action/src/dynamixel_sdk_examples/src/cmd_process.cpp:730:17:[m[K [01;31m[Kerror: [m[Kâ€˜[01m[Kpublisher_[m[Kâ€™ was not declared in this scope; did you mean â€˜[01m[Krcl_publisher_t[m[Kâ€™?
  730 |                 [01;31m[Kpublisher_[m[K->publish(message);
      |                 [01;31m[K^~~~~~~~~~[m[K
      |                 [32m[Krcl_publisher_t[m[K
[01m[K/home/robofei/ROS2/action/src/dynamixel_sdk_examples/src/cmd_process.cpp:727:21:[m[K [01;35m[Kwarning: [m[Kunused variable â€˜[01m[Kerror[m[Kâ€™ [[01;35m[K-Wunused-variable[m[K]
  727 |                 int [01;35m[Kerror[m[K;
      |                     [01;35m[K^~~~~[m[K
[01m[K/home/robofei/ROS2/action/src/dynamixel_sdk_examples/src/cmd_process.cpp:792:41:[m[K [01;35m[Kwarning: [m[Ksuggest parentheses around â€˜[01m[K+[m[Kâ€™ in operand of â€˜[01m[K&[m[Kâ€™ [[01;35m[K-Wparentheses[m[K]
  792 |     if(!([01;35m[KPage.step[i].position[row + 1] + MotionManager::GetInstance()->m_Offset[row + 1][m[K & Action::INVALID_BIT_MASK))
      |          [01;35m[K~~~~~~~~~~~~~~~~~~~~~~~~~~~~~~~^~~~~~~~~~~~~~~~~~~~~~~~~~~~~~~~~~~~~~~~~~~~~~~~~[m[K
[01m[K/home/robofei/ROS2/action/src/dynamixel_sdk_examples/src/cmd_process.cpp:[m[K In function â€˜[01m[Kvoid ToggleTorque()[m[Kâ€™:
[01m[K/home/robofei/ROS2/action/src/dynamixel_sdk_examples/src/cmd_process.cpp:895:6:[m[K [01;35m[Kwarning: [m[Kunused variable â€˜[01m[Kid[m[Kâ€™ [[01;35m[K-Wunused-variable[m[K]
  895 |  int [01;35m[Kid[m[K = Row + 1;
      |      [01;35m[K^~[m[K
[01m[K/home/robofei/ROS2/action/src/dynamixel_sdk_examples/src/cmd_process.cpp:[m[K In function â€˜[01m[Kvoid PlayCmd()[m[Kâ€™:
[01m[K/home/robofei/ROS2/action/src/dynamixel_sdk_examples/src/cmd_process.cpp:1001:6:[m[K [01;35m[Kwarning: [m[Kunused variable â€˜[01m[Kvalue[m[Kâ€™ [[01;35m[K-Wunused-variable[m[K]
 1001 |  int [01;35m[Kvalue[m[K;
      |      [01;35m[K^~~~~[m[K
[01m[K/home/robofei/ROS2/action/src/dynamixel_sdk_examples/src/cmd_process.cpp:[m[K In function â€˜[01m[Kvoid OnOffCmd(bool, int, int*)[m[Kâ€™:
[01m[K/home/robofei/ROS2/action/src/dynamixel_sdk_examples/src/cmd_process.cpp:1125:20:[m[K [01;35m[Kwarning: [m[Kunused parameter â€˜[01m[Kon[m[Kâ€™ [[01;35m[K-Wunused-parameter[m[K]
 1125 | void OnOffCmd([01;35m[Kbool on[m[K, int num_param, int *list)
      |               [01;35m[K~~~~~^~[m[K
[01m[K/home/robofei/ROS2/action/src/dynamixel_sdk_examples/src/cmd_process.cpp:1125:28:[m[K [01;35m[Kwarning: [m[Kunused parameter â€˜[01m[Knum_param[m[Kâ€™ [[01;35m[K-Wunused-parameter[m[K]
 1125 | void OnOffCmd(bool on, [01;35m[Kint num_param[m[K, int *list)
      |                        [01;35m[K~~~~^~~~~~~~~[m[K
[01m[K/home/robofei/ROS2/action/src/dynamixel_sdk_examples/src/cmd_process.cpp:1125:44:[m[K [01;35m[Kwarning: [m[Kunused parameter â€˜[01m[Klist[m[Kâ€™ [[01;35m[K-Wunused-parameter[m[K]
 1125 | void OnOffCmd(bool on, int num_param, [01;35m[Kint *list[m[K)
      |                                       [01;35m[K~~~~~^~~~[m[K
[01m[K/home/robofei/ROS2/action/src/dynamixel_sdk_examples/src/cmd_process.cpp:[m[K In function â€˜[01m[Kvoid WriteStepCmd(int)[m[Kâ€™:
[01m[K/home/robofei/ROS2/action/src/dynamixel_sdk_examples/src/cmd_process.cpp:1135:24:[m[K [01;35m[Kwarning: [m[Ksuggest parentheses around â€˜[01m[K+[m[Kâ€™ in operand of â€˜[01m[K&[m[Kâ€™ [[01;35m[K-Wparentheses[m[K]
 1135 |   if([01;35m[KStep.position[id] + MotionManager::GetInstance()->m_Offset[id][m[K & Action::TORQUE_OFF_BIT_MASK)
      |      [01;35m[K~~~~~~~~~~~~~~~~~~^~~~~~~~~~~~~~~~~~~~~~~~~~~~~~~~~~~~~~~~~~~~[m[K
[01m[K/home/robofei/ROS2/action/src/dynamixel_sdk_examples/src/cmd_process.cpp:[m[K In function â€˜[01m[Kvoid InsertStepCmd(int)[m[Kâ€™:
[01m[K/home/robofei/ROS2/action/src/dynamixel_sdk_examples/src/cmd_process.cpp:1192:24:[m[K [01;35m[Kwarning: [m[Ksuggest parentheses around â€˜[01m[K+[m[Kâ€™ in operand of â€˜[01m[K&[m[Kâ€™ [[01;35m[K-Wparentheses[m[K]
 1192 |   if([01;35m[KStep.position[id] + MotionManager::GetInstance()->m_Offset[id][m[K & Action::TORQUE_OFF_BIT_MASK)
      |      [01;35m[K~~~~~~~~~~~~~~~~~~^~~~~~~~~~~~~~~~~~~~~~~~~~~~~~~~~~~~~~~~~~~~[m[K
[01m[K/home/robofei/ROS2/action/src/dynamixel_sdk_examples/src/cmd_process.cpp:[m[K In function â€˜[01m[Kvoid GoCmd(int)[m[Kâ€™:
[01m[K/home/robofei/ROS2/action/src/dynamixel_sdk_examples/src/cmd_process.cpp:1318:36:[m[K [01;35m[Kwarning: [m[Ksuggest parentheses around â€˜[01m[K+[m[Kâ€™ in operand of â€˜[01m[K&[m[Kâ€™ [[01;35m[K-Wparentheses[m[K]
 1318 |   if([01;35m[KPage.step[index].position[id] + MotionManager::GetInstance()->m_Offset[id][m[K & Action::INVALID_BIT_MASK)
      |      [01;35m[K~~~~~~~~~~~~~~~~~~~~~~~~~~~~~~^~~~~~~~~~~~~~~~~~~~~~~~~~~~~~~~~~~~~~~~~~~~[m[K
[01m[K/home/robofei/ROS2/action/src/dynamixel_sdk_examples/src/cmd_process.cpp:1329:16:[m[K [01;31m[Kerror: [m[Kâ€˜[01m[KGetLowByte[m[Kâ€™ was not declared in this scope
 1329 |   param[n++] = [01;31m[KGetLowByte[m[K(wGoalPosition);
      |                [01;31m[K^~~~~~~~~~[m[K
[01m[K/home/robofei/ROS2/action/src/dynamixel_sdk_examples/src/cmd_process.cpp:1330:16:[m[K [01;31m[Kerror: [m[Kâ€˜[01m[KGetHighByte[m[Kâ€™ was not declared in this scope
 1330 |   param[n++] = [01;31m[KGetHighByte[m[K(wGoalPosition);
      |                [01;31m[K^~~~~~~~~~~[m[K
[01m[K/home/robofei/ROS2/action/src/dynamixel_sdk_examples/src/cmd_process.cpp:1331:9:[m[K [01;31m[Kerror: [m[Kâ€˜[01m[Kmessage[m[Kâ€™ was not declared in this scope
 1331 |         [01;31m[Kmessage[m[K.id[n++] = id;
      |         [01;31m[K^~~~~~~[m[K
[01m[K/home/robofei/ROS2/action/src/dynamixel_sdk_examples/src/cmd_process.cpp:1333:3:[m[K [01;31m[Kerror: [m[Kâ€˜[01m[Kpublisher_[m[Kâ€™ was not declared in this scope; did you mean â€˜[01m[Krcl_publisher_t[m[Kâ€™?
 1333 |   [01;31m[Kpublisher_[m[K->publish(message[n++]);
      |   [01;31m[K^~~~~~~~~~[m[K
      |   [32m[Krcl_publisher_t[m[K
[01m[K/home/robofei/ROS2/action/src/dynamixel_sdk_examples/src/cmd_process.cpp:1336:3:[m[K [01;31m[Kerror: [m[Ka function-definition is not allowed here before â€˜[01m[K{[m[Kâ€™ token
 1336 |   [01;31m[K{[m[K
      |   [01;31m[K^[m[K
[01m[K/home/robofei/ROS2/action/src/dynamixel_sdk_examples/src/cmd_process.cpp:1343:3:[m[K [01;31m[Kerror: [m[Ka function-definition is not allowed here before â€˜[01m[K{[m[Kâ€™ token
 1343 |   [01;31m[K{[m[K
      |   [01;31m[K^[m[K
[01m[K/home/robofei/ROS2/action/src/dynamixel_sdk_examples/src/cmd_process.cpp:1311:21:[m[K [01;35m[Kwarning: [m[Kunused variable â€˜[01m[KwStartPosition[m[Kâ€™ [[01;35m[K-Wunused-variable[m[K]
 1311 |  int wGoalPosition, [01;35m[KwStartPosition[m[K;
      |                     [01;35m[K^~~~~~~~~~~~~~[m[K
[01m[K/home/robofei/ROS2/action/src/dynamixel_sdk_examples/src/cmd_process.cpp:[m[K In function â€˜[01m[Kvoid NameCmd()[m[Kâ€™:
[01m[K/home/robofei/ROS2/action/src/dynamixel_sdk_examples/src/cmd_process.cpp:1395:2:[m[K [01;31m[Kerror: [m[Kâ€˜[01m[Kgets[m[Kâ€™ was not declared in this scope; did you mean â€˜[01m[Kfgets[m[Kâ€™?
 1395 |  [01;31m[Kgets[m[K(name);
      |  [01;31m[K^~~~[m[K
      |  [32m[Kfgets[m[K
make[2]: *** [CMakeFiles/cmd_node.dir/build.make:63: CMakeFiles/cmd_node.dir/src/cmd_process.cpp.o] Error 1
make[1]: *** [CMakeFiles/Makefile2:78: CMakeFiles/cmd_node.dir/all] Error 2
make: *** [Makefile:141: all] Error 2
