[35m[1mScanning dependencies of target action[0m
[  8%] Built target gait_publisher
[ 16%] Built target control
[ 24%] Built target decision
[ 92%] Built target motion
[ 96%] [32mBuilding CXX object CMakeFiles/action.dir/src/action_editor/main.cpp.o[0m
[01m[K/home/robo/ROS2/walk_test/src/control/src/action_editor/main.cpp:[m[K In function â€˜[01m[Kvoid sighandler(int)[m[Kâ€™:
[01m[K/home/robo/ROS2/walk_test/src/control/src/action_editor/main.cpp:317:21:[m[K [01;35m[Kwarning: [m[Kunused parameter â€˜[01m[Ksig[m[Kâ€™ [[01;35m[K-Wunused-parameter[m[K]
  317 | void sighandler([01;35m[Kint sig[m[K)
      |                 [01;35m[K~~~~^~~[m[K
[01m[K/home/robo/ROS2/walk_test/src/control/src/action_editor/main.cpp:[m[K In function â€˜[01m[Kint main(int, char**)[m[Kâ€™:
[01m[K/home/robo/ROS2/walk_test/src/control/src/action_editor/main.cpp:382:13:[m[K [01;35m[Kwarning: [m[Kvariable â€˜[01m[Kini[m[Kâ€™ set but not used [[01;35m[K-Wunused-but-set-variable[m[K]
  382 |     minIni* [01;35m[Kini[m[K;
      |             [01;35m[K^~~[m[K
[100%] [32m[1mLinking CXX executable action[0m
/usr/bin/ld: CMakeFiles/action.dir/src/action_editor/main.cpp.o: in function `main':
main.cpp:(.text+0x415): undefined reference to `DrawIntro()'
/usr/bin/ld: main.cpp:(.text+0x46f): undefined reference to `DrawEnding()'
collect2: error: ld returned 1 exit status
make[2]: *** [CMakeFiles/action.dir/build.make:136: action] Error 1
make[1]: *** [CMakeFiles/Makefile2:248: CMakeFiles/action.dir/all] Error 2
make: *** [Makefile:141: all] Error 2
