[0.012s] Invoking command in '/home/robofei/ROS2/action/build/control': CMAKE_PREFIX_PATH=/home/robofei/ROS2/action/install/custom_interfaces:/home/robofei/ROS2/action/install/control:/opt/ros/foxy /usr/bin/cmake --build /home/robofei/ROS2/action/build/control -- -j4 -l4
[0.058s] [35m[1mScanning dependencies of target control[0m
[0.090s] [ 50%] [32mBuilding CXX object CMakeFiles/control.dir/src/control.cpp.o[0m
[1.413s] [01m[K/home/robofei/ROS2/action/src/control/src/control.cpp:[m[K In constructor â€˜[01m[KControl::Control()[m[Kâ€™:
[1.413s] [01m[K/home/robofei/ROS2/action/src/control/src/control.cpp:30:5:[m[K [01;31m[Kerror: [m[Kâ€˜[01m[Kpublisher_[m[Kâ€™ was not declared in this scope; did you mean â€˜[01m[Krcl_publisher_t[m[Kâ€™?
[1.413s]    30 |     [01;31m[Kpublisher_[m[K = this->create_publisher<custom_interfaces::msg::SetPosition>("set_position", 10);
[1.413s]       |     [01;31m[K^~~~~~~~~~[m[K
[1.413s]       |     [32m[Krcl_publisher_t[m[K
[1.417s] [01m[K/home/robofei/ROS2/action/src/control/src/control.cpp:33:7:[m[K [01;31m[Kerror: [m[Kâ€˜[01m[Ktimer_[m[Kâ€™ was not declared in this scope; did you mean â€˜[01m[Ktimer_t[m[Kâ€™?
[1.418s]    33 |       [01;31m[Ktimer_[m[K = this->create_wall_timer(
[1.418s]       |       [01;31m[K^~~~~~[m[K
[1.418s]       |       [32m[Ktimer_t[m[K
[1.434s] [01m[K/home/robofei/ROS2/action/src/control/src/control.cpp:[m[K In member function â€˜[01m[Kvoid Control::timer_callback_goodbye()[m[Kâ€™:
[1.434s] [01m[K/home/robofei/ROS2/action/src/control/src/control.cpp:54:5:[m[K [01;31m[Kerror: [m[Kâ€˜[01m[Kpublisher_[m[Kâ€™ was not declared in this scope; did you mean â€˜[01m[Krcl_publisher_t[m[Kâ€™?
[1.434s]    54 |     [01;31m[Kpublisher_[m[K->publish(message);
[1.434s]       |     [01;31m[K^~~~~~~~~~[m[K
[1.434s]       |     [32m[Krcl_publisher_t[m[K
[3.033s] make[2]: *** [CMakeFiles/control.dir/build.make:63: CMakeFiles/control.dir/src/control.cpp.o] Error 1
[3.034s] make[1]: *** [CMakeFiles/Makefile2:78: CMakeFiles/control.dir/all] Error 2
[3.034s] make: *** [Makefile:141: all] Error 2
[3.036s] Invoked command in '/home/robofei/ROS2/action/build/control' returned '2': CMAKE_PREFIX_PATH=/home/robofei/ROS2/action/install/custom_interfaces:/home/robofei/ROS2/action/install/control:/opt/ros/foxy /usr/bin/cmake --build /home/robofei/ROS2/action/build/control -- -j4 -l4
