[0.009s] Invoking command in '/home/robo/ROS2/walk_test/build/control': CMAKE_PREFIX_PATH=/home/robo/ROS2/walk_test/install/dynamixel_sdk_custom_interfaces:/home/robo/ROS2/walk_test/install/control:/opt/ros/foxy LD_LIBRARY_PATH=/home/robo/ROS2/walk_test/install/dynamixel_sdk_custom_interfaces/lib:/home/robo/ROS2/walk_test/install/control/lib:/opt/ros/foxy/opt/yaml_cpp_vendor/lib:/opt/ros/foxy/opt/rviz_ogre_vendor/lib:/opt/ros/foxy/lib/x86_64-linux-gnu:/opt/ros/foxy/lib /usr/bin/cmake --build /home/robo/ROS2/walk_test/build/control -- -j12 -l12
[0.040s] [35m[1mScanning dependencies of target action[0m
[0.054s] [ 15%] Built target gait_publisher
[0.054s] [ 15%] Built target decision
[0.054s] [ 23%] Built target control
[0.058s] [ 88%] Built target motion
[0.062s] [ 92%] [32mBuilding CXX object CMakeFiles/action.dir/src/action_editor/cmd_process.cpp.o[0m
[1.018s] [01m[K/home/robo/ROS2/walk_test/src/control/src/action_editor/cmd_process.cpp:34:26:[m[K [01;35m[Kwarning: [m[Knon-ISO-standard escape sequence, '\e'
[1.018s]    34 | const std::string azul = [01;35m[K"\e[0;36m"[m[K;
[1.018s]       |                          [01;35m[K^~~~~~~~~~[m[K
[1.018s] [01m[K/home/robo/ROS2/walk_test/src/control/src/action_editor/cmd_process.cpp:35:27:[m[K [01;35m[Kwarning: [m[Knon-ISO-standard escape sequence, '\e'
[1.018s]    35 | const std::string azulE = [01;35m[K"\e[0;34m"[m[K;
[1.018s]       |                           [01;35m[K^~~~~~~~~~[m[K
[1.018s] [01m[K/home/robo/ROS2/walk_test/src/control/src/action_editor/cmd_process.cpp:36:27:[m[K [01;35m[Kwarning: [m[Knon-ISO-standard escape sequence, '\e'
[1.018s]    36 | const std::string amare = [01;35m[K"\e[0;33m"[m[K;
[1.019s]       |                           [01;35m[K^~~~~~~~~~[m[K
[1.019s] [01m[K/home/robo/ROS2/walk_test/src/control/src/action_editor/cmd_process.cpp:37:27:[m[K [01;35m[Kwarning: [m[Knon-ISO-standard escape sequence, '\e'
[1.019s]    37 | const std::string verde = [01;35m[K"\e[0;32m"[m[K;
[1.019s]       |                           [01;35m[K^~~~~~~~~~[m[K
[1.019s] [01m[K/home/robo/ROS2/walk_test/src/control/src/action_editor/cmd_process.cpp:38:25:[m[K [01;35m[Kwarning: [m[Knon-ISO-standard escape sequence, '\e'
[1.019s]    38 | const std::string red = [01;35m[K"\e[0;31m"[m[K;
[1.019s]       |                         [01;35m[K^~~~~~~~~~[m[K
[1.019s] [01m[K/home/robo/ROS2/walk_test/src/control/src/action_editor/cmd_process.cpp:39:26:[m[K [01;35m[Kwarning: [m[Knon-ISO-standard escape sequence, '\e'
[1.019s]    39 | const std::string gray = [01;35m[K"\e[0;37m"[m[K;
[1.019s]       |                          [01;35m[K^~~~~~~~~~[m[K
[1.019s] [01m[K/home/robo/ROS2/walk_test/src/control/src/action_editor/cmd_process.cpp:40:26:[m[K [01;35m[Kwarning: [m[Knon-ISO-standard escape sequence, '\e'
[1.019s]    40 | const std::string nulo = [01;35m[K"\e[0m"[m[K;
[1.019s]       |                          [01;35m[K^~~~~~~[m[K
[1.019s] [01m[K/home/robo/ROS2/walk_test/src/control/src/action_editor/cmd_process.cpp:42:27:[m[K [01;35m[Kwarning: [m[Knon-ISO-standard escape sequence, '\e'
[1.019s]    42 | const std::string Lazul = [01;35m[K"\e[96m"[m[K;
[1.019s]       |                           [01;35m[K^~~~~~~~[m[K
[1.019s] [01m[K/home/robo/ROS2/walk_test/src/control/src/action_editor/cmd_process.cpp:43:28:[m[K [01;35m[Kwarning: [m[Knon-ISO-standard escape sequence, '\e'
[1.019s]    43 | const std::string LazulE = [01;35m[K"\e[94m"[m[K;
[1.019s]       |                            [01;35m[K^~~~~~~~[m[K
[1.019s] [01m[K/home/robo/ROS2/walk_test/src/control/src/action_editor/cmd_process.cpp:44:28:[m[K [01;35m[Kwarning: [m[Knon-ISO-standard escape sequence, '\e'
[1.019s]    44 | const std::string Lamare = [01;35m[K"\e[93m"[m[K;
[1.020s]       |                            [01;35m[K^~~~~~~~[m[K
[1.020s] [01m[K/home/robo/ROS2/walk_test/src/control/src/action_editor/cmd_process.cpp:45:28:[m[K [01;35m[Kwarning: [m[Knon-ISO-standard escape sequence, '\e'
[1.020s]    45 | const std::string Lverde = [01;35m[K"\e[92m"[m[K;
[1.020s]       |                            [01;35m[K^~~~~~~~[m[K
[1.020s] [01m[K/home/robo/ROS2/walk_test/src/control/src/action_editor/cmd_process.cpp:46:26:[m[K [01;35m[Kwarning: [m[Knon-ISO-standard escape sequence, '\e'
[1.020s]    46 | const std::string Lred = [01;35m[K"\e[91m"[m[K;
[1.020s]       |                          [01;35m[K^~~~~~~~[m[K
[1.020s] [01m[K/home/robo/ROS2/walk_test/src/control/src/action_editor/cmd_process.cpp:47:27:[m[K [01;35m[Kwarning: [m[Knon-ISO-standard escape sequence, '\e'
[1.020s]    47 | const std::string Lgray = [01;35m[K"\e[97m"[m[K;
[1.020s]       |                           [01;35m[K^~~~~~~~[m[K
[1.031s] [01m[K/home/robo/ROS2/walk_test/src/control/src/action_editor/cmd_process.cpp:[m[K In static member function â€˜[01m[Kstatic void MinimalPublisher::ReadStep()[m[Kâ€™:
[1.031s] [01m[K/home/robo/ROS2/walk_test/src/control/src/action_editor/cmd_process.cpp:334:10:[m[K [01;35m[Kwarning: [m[Kunused variable â€˜[01m[Kvalue8[m[Kâ€™ [[01;35m[K-Wunused-variable[m[K]
[1.031s]   334 |  uint8_t [01;35m[Kvalue8[m[K;
[1.031s]       |          [01;35m[K^~~~~~[m[K
[1.031s] [01m[K/home/robo/ROS2/walk_test/src/control/src/action_editor/cmd_process.cpp:335:11:[m[K [01;35m[Kwarning: [m[Kunused variable â€˜[01m[Kvalue32[m[Kâ€™ [[01;35m[K-Wunused-variable[m[K]
[1.031s]   335 |  uint32_t [01;35m[Kvalue32[m[K;
[1.031s]       |           [01;35m[K^~~~~~~[m[K
[1.032s] [01m[K/home/robo/ROS2/walk_test/src/control/src/action_editor/cmd_process.cpp:[m[K In static member function â€˜[01m[Kstatic void MinimalPublisher::DrawIntro()[m[Kâ€™:
[1.032s] [01m[K/home/robo/ROS2/walk_test/src/control/src/action_editor/cmd_process.cpp:538:9:[m[K [01;35m[Kwarning: [m[Knon-ISO-standard escape sequence, '\e'
[1.032s]   538 |  system([01;35m[K"printf '\e[8;27;80t'"[m[K);
[1.032s]       |         [01;35m[K^~~~~~~~~~~~~~~~~~~~~~[m[K
[1.036s] [01m[K/home/robo/ROS2/walk_test/src/control/src/action_editor/cmd_process.cpp:[m[K In member function â€˜[01m[Kvoid MinimalPublisher::SetValue(uint32_t)[m[Kâ€™:
[1.036s] [01m[K/home/robo/ROS2/walk_test/src/control/src/action_editor/cmd_process.cpp:924:13:[m[K [01;35m[Kwarning: [m[Kcomparison of unsigned expression >= 0 is always true [[01;35m[K-Wtype-limits[m[K]
[1.036s]   924 |    if([01;35m[Kvalue >= 0[m[K && value <= 255)
[1.036s]       |       [01;35m[K~~~~~~^~~~[m[K
[1.036s] [01m[K/home/robo/ROS2/walk_test/src/control/src/action_editor/cmd_process.cpp:934:13:[m[K [01;35m[Kwarning: [m[Kcomparison of unsigned expression >= 0 is always true [[01;35m[K-Wtype-limits[m[K]
[1.037s]   934 |    if([01;35m[Kvalue >= 0[m[K && value <= 255)
[1.037s]       |       [01;35m[K~~~~~~^~~~[m[K
[1.041s] [01m[K/home/robo/ROS2/walk_test/src/control/src/action_editor/cmd_process.cpp:1012:13:[m[K [01;35m[Kwarning: [m[Kcomparison of unsigned expression >= 0 is always true [[01;35m[K-Wtype-limits[m[K]
[1.041s]  1012 |    if([01;35m[Kvalue >= 0[m[K && value <= 255)
[1.041s]       |       [01;35m[K~~~~~~^~~~[m[K
[1.041s] [01m[K/home/robo/ROS2/walk_test/src/control/src/action_editor/cmd_process.cpp:1021:13:[m[K [01;35m[Kwarning: [m[Kcomparison of unsigned expression >= 0 is always true [[01;35m[K-Wtype-limits[m[K]
[1.041s]  1021 |    if([01;35m[Kvalue >= 0[m[K && value <= 255)
[1.042s]       |       [01;35m[K~~~~~~^~~~[m[K
[1.042s] [01m[K/home/robo/ROS2/walk_test/src/control/src/action_editor/cmd_process.cpp:1066:13:[m[K [01;35m[Kwarning: [m[Kcomparison of unsigned expression >= 0 is always true [[01;35m[K-Wtype-limits[m[K]
[1.042s]  1066 |    if([01;35m[Kvalue >= 0[m[K && value <= 255)
[1.042s]       |       [01;35m[K~~~~~~^~~~[m[K
[1.042s] [01m[K/home/robo/ROS2/walk_test/src/control/src/action_editor/cmd_process.cpp:1075:13:[m[K [01;35m[Kwarning: [m[Kcomparison of unsigned expression >= 0 is always true [[01;35m[K-Wtype-limits[m[K]
[1.042s]  1075 |    if([01;35m[Kvalue >= 0[m[K && value <= Action::MAXNUM_STEP)
[1.042s]       |       [01;35m[K~~~~~~^~~~[m[K
[1.042s] [01m[K/home/robo/ROS2/walk_test/src/control/src/action_editor/cmd_process.cpp:1091:13:[m[K [01;35m[Kwarning: [m[Kcomparison of unsigned expression >= 0 is always true [[01;35m[K-Wtype-limits[m[K]
[1.042s]  1091 |    if([01;35m[Kvalue >= 0[m[K && value <= 255)
[1.042s]       |       [01;35m[K~~~~~~^~~~[m[K
[1.042s] [01m[K/home/robo/ROS2/walk_test/src/control/src/action_editor/cmd_process.cpp:1100:13:[m[K [01;35m[Kwarning: [m[Kcomparison of unsigned expression >= 0 is always true [[01;35m[K-Wtype-limits[m[K]
[1.042s]  1100 |    if([01;35m[Kvalue >= 0[m[K && value <= 255)
[1.042s]       |       [01;35m[K~~~~~~^~~~[m[K
[1.042s] [01m[K/home/robo/ROS2/walk_test/src/control/src/action_editor/cmd_process.cpp:1109:13:[m[K [01;35m[Kwarning: [m[Kcomparison of unsigned expression >= 0 is always true [[01;35m[K-Wtype-limits[m[K]
[1.043s]  1109 |    if([01;35m[Kvalue >= 0[m[K && value <= 255)
[1.043s]       |       [01;35m[K~~~~~~^~~~[m[K
[1.043s] [01m[K/home/robo/ROS2/walk_test/src/control/src/action_editor/cmd_process.cpp:1118:13:[m[K [01;35m[Kwarning: [m[Kcomparison of unsigned expression >= 0 is always true [[01;35m[K-Wtype-limits[m[K]
[1.043s]  1118 |    if([01;35m[Kvalue >= 0[m[K && value <= 255)
[1.043s]       |       [01;35m[K~~~~~~^~~~[m[K
[1.043s] [01m[K/home/robo/ROS2/walk_test/src/control/src/action_editor/cmd_process.cpp:[m[K In member function â€˜[01m[Kvoid MinimalPublisher::PlayCmd()[m[Kâ€™:
[1.043s] [01m[K/home/robo/ROS2/walk_test/src/control/src/action_editor/cmd_process.cpp:1266:6:[m[K [01;35m[Kwarning: [m[Kunused variable â€˜[01m[Kvalue[m[Kâ€™ [[01;35m[K-Wunused-variable[m[K]
[1.043s]  1266 |  int [01;35m[Kvalue[m[K;
[1.043s]       |      [01;35m[K^~~~~[m[K
[1.044s] [01m[K/home/robo/ROS2/walk_test/src/control/src/action_editor/cmd_process.cpp:[m[K In member function â€˜[01m[Kvoid MinimalPublisher::OnOffCmd(bool, int, int*)[m[Kâ€™:
[1.044s] [01m[K/home/robo/ROS2/walk_test/src/control/src/action_editor/cmd_process.cpp:1392:38:[m[K [01;35m[Kwarning: [m[Kunused parameter â€˜[01m[Kon[m[Kâ€™ [[01;35m[K-Wunused-parameter[m[K]
[1.044s]  1392 | void MinimalPublisher::OnOffCmd([01;35m[Kbool on[m[K, int num_param, int *list)
[1.044s]       |                                 [01;35m[K~~~~~^~[m[K
[1.044s] [01m[K/home/robo/ROS2/walk_test/src/control/src/action_editor/cmd_process.cpp:1392:46:[m[K [01;35m[Kwarning: [m[Kunused parameter â€˜[01m[Knum_param[m[Kâ€™ [[01;35m[K-Wunused-parameter[m[K]
[1.044s]  1392 | void MinimalPublisher::OnOffCmd(bool on, [01;35m[Kint num_param[m[K, int *list)
[1.044s]       |                                          [01;35m[K~~~~^~~~~~~~~[m[K
[1.044s] [01m[K/home/robo/ROS2/walk_test/src/control/src/action_editor/cmd_process.cpp:1392:62:[m[K [01;35m[Kwarning: [m[Kunused parameter â€˜[01m[Klist[m[Kâ€™ [[01;35m[K-Wunused-parameter[m[K]
[1.044s]  1392 | void MinimalPublisher::OnOffCmd(bool on, int num_param, [01;35m[Kint *list[m[K)
[1.044s]       |                                                         [01;35m[K~~~~~^~~~[m[K
[1.045s] [01m[K/home/robo/ROS2/walk_test/src/control/src/action_editor/cmd_process.cpp:[m[K In member function â€˜[01m[Kvoid MinimalPublisher::GoCmd(int)[m[Kâ€™:
[1.045s] [01m[K/home/robo/ROS2/walk_test/src/control/src/action_editor/cmd_process.cpp:1584:31:[m[K [01;31m[Kerror: [m[Kno matching function for call to â€˜[01m[KMinimalPublisher::PrintCmd(const char [10], int&)[m[Kâ€™
[1.045s]  1584 |   PrintCmd("%d INDEX\n", index[01;31m[K)[m[K;
[1.045s]       |                               [01;31m[K^[m[K
[1.045s] [01m[K/home/robo/ROS2/walk_test/src/control/src/action_editor/cmd_process.cpp:793:6:[m[K [01;36m[Knote: [m[Kcandidate: â€˜[01m[Kstatic void MinimalPublisher::PrintCmd(const char*)[m[Kâ€™
[1.045s]   793 | void [01;36m[KMinimalPublisher[m[K::PrintCmd(const char *message)
[1.045s]       |      [01;36m[K^~~~~~~~~~~~~~~~[m[K
[1.045s] [01m[K/home/robo/ROS2/walk_test/src/control/src/action_editor/cmd_process.cpp:793:6:[m[K [01;36m[Knote: [m[K  candidate expects 1 argument, 2 provided
[1.050s] [01m[K/home/robo/ROS2/walk_test/src/control/src/action_editor/cmd_process.cpp:1594:6:[m[K [01;35m[Kwarning: [m[Kunused variable â€˜[01m[Kn[m[Kâ€™ [[01;35m[K-Wunused-variable[m[K]
[1.050s]  1594 |  int [01;35m[Kn[m[K = 0;
[1.050s]       |      [01;35m[K^[m[K
[1.050s] [01m[K/home/robo/ROS2/walk_test/src/control/src/action_editor/cmd_process.cpp:1595:10:[m[K [01;35m[Kwarning: [m[Kunused variable â€˜[01m[Kparam[m[Kâ€™ [[01;35m[K-Wunused-variable[m[K]
[1.050s]  1595 |  uint8_t [01;35m[Kparam[m[K[JointData::NUMBER_OF_JOINTS * (1 + MX28::PARAM_BYTES)];
[1.050s]       |          [01;35m[K^~~~~[m[K
[1.050s] [01m[K/home/robo/ROS2/walk_test/src/control/src/action_editor/cmd_process.cpp:1596:26:[m[K [01;35m[Kwarning: [m[Kunused variable â€˜[01m[KwStartPosition[m[Kâ€™ [[01;35m[K-Wunused-variable[m[K]
[1.050s]  1596 |  uint32_t wGoalPosition, [01;35m[KwStartPosition[m[K, wDistance;
[1.050s]       |                          [01;35m[K^~~~~~~~~~~~~~[m[K
[1.050s] [01m[K/home/robo/ROS2/walk_test/src/control/src/action_editor/cmd_process.cpp:1596:42:[m[K [01;35m[Kwarning: [m[Kunused variable â€˜[01m[KwDistance[m[Kâ€™ [[01;35m[K-Wunused-variable[m[K]
[1.050s]  1596 |  uint32_t wGoalPosition, wStartPosition, [01;35m[KwDistance[m[K;
[1.050s]       |                                          [01;35m[K^~~~~~~~~[m[K
[1.050s] [01m[K/home/robo/ROS2/walk_test/src/control/src/action_editor/cmd_process.cpp:[m[K In member function â€˜[01m[Kvoid MinimalPublisher::readServo()[m[Kâ€™:
[1.051s] [01m[K/home/robo/ROS2/walk_test/src/control/src/action_editor/cmd_process.cpp:1678:11:[m[K [01;35m[Kwarning: [m[Kunused variable â€˜[01m[Kvalue[m[Kâ€™ [[01;35m[K-Wunused-variable[m[K]
[1.051s]  1678 |  uint32_t [01;35m[Kvalue[m[K;
[1.051s]       |           [01;35m[K^~~~~[m[K
[1.051s] [01m[K/home/robo/ROS2/walk_test/src/control/src/action_editor/cmd_process.cpp:[m[K In static member function â€˜[01m[Kstatic void MinimalPublisher::sighandler(int)[m[Kâ€™:
[1.051s] [01m[K/home/robo/ROS2/walk_test/src/control/src/action_editor/cmd_process.cpp:1710:39:[m[K [01;35m[Kwarning: [m[Kunused parameter â€˜[01m[Ksig[m[Kâ€™ [[01;35m[K-Wunused-parameter[m[K]
[1.051s]  1710 | void MinimalPublisher::sighandler([01;35m[Kint sig[m[K)
[1.051s]       |                                   [01;35m[K~~~~^~~[m[K
[1.759s] make[2]: *** [CMakeFiles/action.dir/build.make:76: CMakeFiles/action.dir/src/action_editor/cmd_process.cpp.o] Error 1
[1.760s] make[1]: *** [CMakeFiles/Makefile2:221: CMakeFiles/action.dir/all] Error 2
[1.760s] make: *** [Makefile:141: all] Error 2
[1.761s] Invoked command in '/home/robo/ROS2/walk_test/build/control' returned '2': CMAKE_PREFIX_PATH=/home/robo/ROS2/walk_test/install/dynamixel_sdk_custom_interfaces:/home/robo/ROS2/walk_test/install/control:/opt/ros/foxy LD_LIBRARY_PATH=/home/robo/ROS2/walk_test/install/dynamixel_sdk_custom_interfaces/lib:/home/robo/ROS2/walk_test/install/control/lib:/opt/ros/foxy/opt/yaml_cpp_vendor/lib:/opt/ros/foxy/opt/rviz_ogre_vendor/lib:/opt/ros/foxy/lib/x86_64-linux-gnu:/opt/ros/foxy/lib /usr/bin/cmake --build /home/robo/ROS2/walk_test/build/control -- -j12 -l12
