[0.010s] Invoking command in '/home/robo/ROS2/walk_test/build/control': CMAKE_PREFIX_PATH=/home/robo/ROS2/walk_test/install/dynamixel_sdk_custom_interfaces:/home/robo/ROS2/walk_test/install/control:/opt/ros/foxy LD_LIBRARY_PATH=/home/robo/ROS2/walk_test/install/dynamixel_sdk_custom_interfaces/lib:/home/robo/ROS2/walk_test/install/control/lib:/opt/ros/foxy/opt/yaml_cpp_vendor/lib:/opt/ros/foxy/opt/rviz_ogre_vendor/lib:/opt/ros/foxy/lib/x86_64-linux-gnu:/opt/ros/foxy/lib /usr/bin/cmake --build /home/robo/ROS2/walk_test/build/control -- -j12 -l12
[0.030s] -- Found ament_cmake: 0.9.9 (/opt/ros/foxy/share/ament_cmake/cmake)
[0.046s] -- Using PYTHON_EXECUTABLE: /usr/bin/python3
[0.182s] -- Override CMake install command with custom implementation using symlinks instead of copying resources
[0.188s] -- Found dynamixel_sdk_custom_interfaces: 3.7.40 (/home/robo/ROS2/walk_test/install/dynamixel_sdk_custom_interfaces/share/dynamixel_sdk_custom_interfaces/cmake)
[0.205s] -- Using all available rosidl_typesupport_c: rosidl_typesupport_fastrtps_c;rosidl_typesupport_introspection_c
[0.208s] -- Found rosidl_adapter: 1.2.1 (/opt/ros/foxy/share/rosidl_adapter/cmake)
[0.302s] -- Using all available rosidl_typesupport_cpp: rosidl_typesupport_fastrtps_cpp;rosidl_typesupport_introspection_cpp
[0.336s] -- Found rclcpp: 2.4.1 (/opt/ros/foxy/share/rclcpp/cmake)
[0.365s] -- Found rmw_implementation_cmake: 1.0.3 (/opt/ros/foxy/share/rmw_implementation_cmake/cmake)
[0.366s] -- Using RMW implementation 'rmw_fastrtps_cpp' as default
[0.481s] -- Found sensor_msgs: 2.0.5 (/opt/ros/foxy/share/sensor_msgs/cmake)
[0.573s] -- Found rclcpp_components: 2.4.1 (/opt/ros/foxy/share/rclcpp_components/cmake)
[0.617s] -- Found rosidl_default_generators: 1.0.1 (/opt/ros/foxy/share/rosidl_default_generators/cmake)
[0.630s] -- Found ament_lint_auto: 0.9.6 (/opt/ros/foxy/share/ament_lint_auto/cmake)
[0.682s] -- Added test 'copyright' to check source files copyright and LICENSE
[0.687s] -- Added test 'cppcheck' to perform static code analysis on C / C++ code
[0.688s] -- Configured cppcheck include dirs: /home/robo/ROS2/walk_test/src/control/include;/home/robo/ROS2/walk_test/src/control/src/minIni;/home/robo/ROS2/walk_test/src/control/src/action_editor
[0.688s] -- Configured cppcheck exclude dirs and/or files: 
[0.692s] -- Added test 'cpplint' to check C / C++ code against the Google style
[0.693s] -- Configured cpplint exclude dirs and/or files: 
[0.693s] -- Added test 'flake8' to check Python code syntax and style conventions
[0.695s] -- Added test 'lint_cmake' to check CMake code style
[0.696s] -- Added test 'pep257' to check Python code against some of the style conventions in PEP 257
[0.700s] -- Added test 'uncrustify' to check C / C++ code style
[0.700s] -- Configured uncrustify additional arguments: 
[0.701s] -- Added test 'xmllint' to check XML markup files
[0.704s] -- Configuring done
[0.724s] -- Generating done
[0.726s] -- Build files have been written to: /home/robo/ROS2/walk_test/build/control
[0.748s] [35m[1mScanning dependencies of target motion[0m
[0.761s] [ 19%] Built target decision
[0.761s] [ 15%] [32m[1mLinking CXX executable action[0m
[0.761s] [ 19%] Built target gait_publisher
[0.761s] [ 26%] Built target control
[0.784s] [ 30%] [32mBuilding CXX object CMakeFiles/motion.dir/src/action_editor/cmd_process.cpp.o[0m
[0.863s] /usr/bin/ld: CMakeFiles/action.dir/src/action_editor/main.cpp.o: in function `main':
[0.863s] main.cpp:(.text+0x415): undefined reference to `DrawIntro()'
[0.863s] /usr/bin/ld: main.cpp:(.text+0x46f): undefined reference to `DrawEnding()'
[0.864s] /usr/bin/ld: CMakeFiles/action.dir/src/action_editor/main.cpp.o: in function `MinimalPublisher::process()':
[0.864s] main.cpp:(.text._ZN16MinimalPublisher7processEv[_ZN16MinimalPublisher7processEv]+0x33): undefined reference to `_getch()'
[0.864s] /usr/bin/ld: main.cpp:(.text._ZN16MinimalPublisher7processEv[_ZN16MinimalPublisher7processEv]+0x49): undefined reference to `_getch()'
[0.864s] /usr/bin/ld: main.cpp:(.text._ZN16MinimalPublisher7processEv[_ZN16MinimalPublisher7processEv]+0x63): undefined reference to `_getch()'
[0.864s] /usr/bin/ld: main.cpp:(.text._ZN16MinimalPublisher7processEv[_ZN16MinimalPublisher7processEv]+0x79): undefined reference to `MoveUpCursor()'
[0.864s] /usr/bin/ld: main.cpp:(.text._ZN16MinimalPublisher7processEv[_ZN16MinimalPublisher7processEv]+0x8e): undefined reference to `MoveDownCursor()'
[0.864s] /usr/bin/ld: main.cpp:(.text._ZN16MinimalPublisher7processEv[_ZN16MinimalPublisher7processEv]+0xa3): undefined reference to `MoveLeftCursor()'
[0.864s] /usr/bin/ld: main.cpp:(.text._ZN16MinimalPublisher7processEv[_ZN16MinimalPublisher7processEv]+0xbc): undefined reference to `MoveRightCursor()'
[0.865s] /usr/bin/ld: main.cpp:(.text._ZN16MinimalPublisher7processEv[_ZN16MinimalPublisher7processEv]+0xd6): undefined reference to `UpDownValue(int)'
[0.865s] /usr/bin/ld: main.cpp:(.text._ZN16MinimalPublisher7processEv[_ZN16MinimalPublisher7processEv]+0xf0): undefined reference to `UpDownValue(int)'
[0.865s] /usr/bin/ld: main.cpp:(.text._ZN16MinimalPublisher7processEv[_ZN16MinimalPublisher7processEv]+0x10a): undefined reference to `UpDownValue(int)'
[0.865s] /usr/bin/ld: main.cpp:(.text._ZN16MinimalPublisher7processEv[_ZN16MinimalPublisher7processEv]+0x124): undefined reference to `UpDownValue(int)'
[0.865s] /usr/bin/ld: main.cpp:(.text._ZN16MinimalPublisher7processEv[_ZN16MinimalPublisher7processEv]+0x139): undefined reference to `ToggleTorque()'
[0.865s] /usr/bin/ld: main.cpp:(.text._ZN16MinimalPublisher7processEv[_ZN16MinimalPublisher7processEv]+0x1f7): undefined reference to `BeginCommandMode()'
[0.866s] /usr/bin/ld: main.cpp:(.text._ZN16MinimalPublisher7processEv[_ZN16MinimalPublisher7processEv]+0x229): undefined reference to `_getch()'
[0.866s] /usr/bin/ld: main.cpp:(.text._ZN16MinimalPublisher7processEv[_ZN16MinimalPublisher7processEv]+0x443): undefined reference to `AskSave()'
[0.866s] /usr/bin/ld: main.cpp:(.text._ZN16MinimalPublisher7processEv[_ZN16MinimalPublisher7processEv]+0x4fd): undefined reference to `DrawPage()'
[0.866s] /usr/bin/ld: main.cpp:(.text._ZN16MinimalPublisher7processEv[_ZN16MinimalPublisher7processEv]+0x521): undefined reference to `HelpCmd()'
[0.866s] /usr/bin/ld: main.cpp:(.text._ZN16MinimalPublisher7processEv[_ZN16MinimalPublisher7processEv]+0x545): undefined reference to `NextCmd()'
[0.866s] /usr/bin/ld: main.cpp:(.text._ZN16MinimalPublisher7processEv[_ZN16MinimalPublisher7processEv]+0x569): undefined reference to `PrevCmd()'
[0.866s] /usr/bin/ld: main.cpp:(.text._ZN16MinimalPublisher7processEv[_ZN16MinimalPublisher7processEv]+0x58d): undefined reference to `TimeCmd()'
[0.866s] /usr/bin/ld: main.cpp:(.text._ZN16MinimalPublisher7processEv[_ZN16MinimalPublisher7processEv]+0x5b1): undefined reference to `SpeedCmd()'
[0.866s] /usr/bin/ld: main.cpp:(.text._ZN16MinimalPublisher7processEv[_ZN16MinimalPublisher7processEv]+0x5e6): undefined reference to `PageCmd(int)'
[0.866s] /usr/bin/ld: main.cpp:(.text._ZN16MinimalPublisher7processEv[_ZN16MinimalPublisher7processEv]+0x5f7): undefined reference to `PrintCmd(char const*)'
[0.866s] /usr/bin/ld: main.cpp:(.text._ZN16MinimalPublisher7processEv[_ZN16MinimalPublisher7processEv]+0x61b): undefined reference to `PlayCmd()'
[0.866s] /usr/bin/ld: main.cpp:(.text._ZN16MinimalPublisher7processEv[_ZN16MinimalPublisher7processEv]+0x653): undefined reference to `SetValue(unsigned int)'
[0.866s] /usr/bin/ld: main.cpp:(.text._ZN16MinimalPublisher7processEv[_ZN16MinimalPublisher7processEv]+0x664): undefined reference to `PrintCmd(char const*)'
[0.867s] /usr/bin/ld: main.cpp:(.text._ZN16MinimalPublisher7processEv[_ZN16MinimalPublisher7processEv]+0x688): undefined reference to `ListCmd()'
[0.867s] /usr/bin/ld: main.cpp:(.text._ZN16MinimalPublisher7processEv[_ZN16MinimalPublisher7processEv]+0x6c0): undefined reference to `OnOffCmd(bool, int, int*)'
[0.867s] /usr/bin/ld: main.cpp:(.text._ZN16MinimalPublisher7processEv[_ZN16MinimalPublisher7processEv]+0x6f8): undefined reference to `OnOffCmd(bool, int, int*)'
[0.867s] /usr/bin/ld: main.cpp:(.text._ZN16MinimalPublisher7processEv[_ZN16MinimalPublisher7processEv]+0x72d): undefined reference to `WriteStepCmd(int)'
[0.867s] /usr/bin/ld: main.cpp:(.text._ZN16MinimalPublisher7processEv[_ZN16MinimalPublisher7processEv]+0x73e): undefined reference to `PrintCmd(char const*)'
[0.867s] /usr/bin/ld: main.cpp:(.text._ZN16MinimalPublisher7processEv[_ZN16MinimalPublisher7processEv]+0x773): undefined reference to `DeleteStepCmd(int)'
[0.867s] /usr/bin/ld: main.cpp:(.text._ZN16MinimalPublisher7processEv[_ZN16MinimalPublisher7processEv]+0x784): undefined reference to `PrintCmd(char const*)'
[0.867s] /usr/bin/ld: main.cpp:(.text._ZN16MinimalPublisher7processEv[_ZN16MinimalPublisher7processEv]+0x7b6): undefined reference to `InsertStepCmd(int)'
[0.867s] /usr/bin/ld: main.cpp:(.text._ZN16MinimalPublisher7processEv[_ZN16MinimalPublisher7processEv]+0x7c8): undefined reference to `InsertStepCmd(int)'
[0.867s] /usr/bin/ld: main.cpp:(.text._ZN16MinimalPublisher7processEv[_ZN16MinimalPublisher7processEv]+0x805): undefined reference to `MoveStepCmd(int, int)'
[0.867s] /usr/bin/ld: main.cpp:(.text._ZN16MinimalPublisher7processEv[_ZN16MinimalPublisher7processEv]+0x816): undefined reference to `PrintCmd(char const*)'
[0.867s] /usr/bin/ld: main.cpp:(.text._ZN16MinimalPublisher7processEv[_ZN16MinimalPublisher7processEv]+0x84b): undefined reference to `CopyCmd(int)'
[0.867s] /usr/bin/ld: main.cpp:(.text._ZN16MinimalPublisher7processEv[_ZN16MinimalPublisher7processEv]+0x85c): undefined reference to `PrintCmd(char const*)'
[0.867s] /usr/bin/ld: main.cpp:(.text._ZN16MinimalPublisher7processEv[_ZN16MinimalPublisher7processEv]+0x880): undefined reference to `NewCmd()'
[0.867s] /usr/bin/ld: main.cpp:(.text._ZN16MinimalPublisher7processEv[_ZN16MinimalPublisher7processEv]+0x8b5): undefined reference to `GoCmd(int)'
[0.867s] /usr/bin/ld: main.cpp:(.text._ZN16MinimalPublisher7processEv[_ZN16MinimalPublisher7processEv]+0x8c6): undefined reference to `PrintCmd(char const*)'
[0.867s] /usr/bin/ld: main.cpp:(.text._ZN16MinimalPublisher7processEv[_ZN16MinimalPublisher7processEv]+0x8ea): undefined reference to `SaveCmd()'
[0.867s] /usr/bin/ld: main.cpp:(.text._ZN16MinimalPublisher7processEv[_ZN16MinimalPublisher7processEv]+0x90b): undefined reference to `NameCmd()'
[0.867s] /usr/bin/ld: main.cpp:(.text._ZN16MinimalPublisher7processEv[_ZN16MinimalPublisher7processEv]+0x92c): undefined reference to `goInitPage()'
[0.867s] /usr/bin/ld: main.cpp:(.text._ZN16MinimalPublisher7processEv[_ZN16MinimalPublisher7processEv]+0x931): undefined reference to `PlayCmd()'
[0.867s] /usr/bin/ld: main.cpp:(.text._ZN16MinimalPublisher7processEv[_ZN16MinimalPublisher7processEv]+0x936): undefined reference to `backToPage()'
[0.868s] /usr/bin/ld: main.cpp:(.text._ZN16MinimalPublisher7processEv[_ZN16MinimalPublisher7processEv]+0x957): undefined reference to `readServo()'
[0.868s] /usr/bin/ld: main.cpp:(.text._ZN16MinimalPublisher7processEv[_ZN16MinimalPublisher7processEv]+0x965): undefined reference to `PrintCmd(char const*)'
[0.868s] /usr/bin/ld: main.cpp:(.text._ZN16MinimalPublisher7processEv[_ZN16MinimalPublisher7processEv]+0x96a): undefined reference to `EndCommandMode()'
[0.868s] collect2: error: ld returned 1 exit status
[0.868s] make[2]: *** [CMakeFiles/action.dir/build.make:136: action] Error 1
[0.868s] make[1]: *** [CMakeFiles/Makefile2:248: CMakeFiles/action.dir/all] Error 2
[0.868s] make[1]: *** Waiting for unfinished jobs....
[1.204s] In file included from [01m[K/home/robo/ROS2/walk_test/src/control/src/action_editor/cmd_process.cpp:5[m[K:
[1.205s] [01m[K/opt/ros/foxy/include/rcutils/types/char_array.h:41:10:[m[K [01;31m[Kerror: [m[Kexpected â€˜[01m[K)[m[Kâ€™ before â€˜[01m[K*[m[Kâ€™ token
[1.205s]    41 |   size_t [01;31m[Kbuffer_capacity[m[K;
[1.205s]       |          [01;31m[K^~~~~~~~~~~~~~~[m[K
[1.205s] [01m[K/opt/ros/foxy/include/rcutils/types/char_array.h:41:10:[m[K [01;31m[Kerror: [m[Kexpected â€˜[01m[K)[m[Kâ€™ before â€˜[01m[K*[m[Kâ€™ token
[1.205s] [01m[K/opt/ros/foxy/include/rcutils/types/char_array.h:74:10:[m[K [01;31m[Kerror: [m[Kexpected â€˜[01m[K)[m[Kâ€™ before â€˜[01m[K([m[Kâ€™ token
[1.205s]    74 |   size_t [01;31m[Kbuffer_capacity[m[K,
[1.205s]       |          [01;31m[K^~~~~~~~~~~~~~~[m[K
[1.205s] [01m[K/opt/ros/foxy/include/rcutils/types/char_array.h:74:10:[m[K [01;31m[Kerror: [m[Kexpected â€˜[01m[K)[m[Kâ€™ before â€˜[01m[K([m[Kâ€™ token
[1.205s] In file included from [01m[K/opt/ros/foxy/include/rcutils/types.h:24[m[K,
[1.205s]                  from [01m[K/opt/ros/foxy/include/rcutils/time.h:26[m[K,
[1.205s]                  from [01m[K/opt/ros/foxy/include/rcutils/logging.h:25[m[K,
[1.205s]                  from [01m[K/opt/ros/foxy/include/rmw/types.h:28[m[K,
[1.205s]                  from [01m[K/opt/ros/foxy/include/rcl/types.h:18[m[K,
[1.205s]                  from [01m[K/opt/ros/foxy/include/rcl/arguments.h:20[m[K,
[1.205s]                  from [01m[K/opt/ros/foxy/include/rcl/context.h:26[m[K,
[1.205s]                  from [01m[K/opt/ros/foxy/include/rcl/guard_condition.h:24[m[K,
[1.205s]                  from [01m[K/opt/ros/foxy/include/rclcpp/executor.hpp:29[m[K,
[1.206s]                  from [01m[K/opt/ros/foxy/include/rclcpp/executors/multi_threaded_executor.hpp:26[m[K,
[1.206s]                  from [01m[K/opt/ros/foxy/include/rclcpp/executors.hpp:21[m[K,
[1.206s]                  from [01m[K/opt/ros/foxy/include/rclcpp/rclcpp.hpp:146[m[K,
[1.206s]                  from [01m[K/home/robo/ROS2/walk_test/src/control/include/cmd_process.h:5[m[K,
[1.206s]                  from [01m[K/home/robo/ROS2/walk_test/src/control/src/action_editor/cmd_process.cpp:8[m[K:
[1.206s] [01m[K/opt/ros/foxy/include/rcutils/types/char_array.h:72:24:[m[K [01;36m[Knote: [m[Kto match this â€˜[01m[K([m[Kâ€™
[1.206s]    72 | rcutils_char_array_init[01;36m[K([m[K
[1.206s]       |                        [01;36m[K^[m[K
[1.206s] In file included from [01m[K/home/robo/ROS2/walk_test/src/control/src/action_editor/cmd_process.cpp:5[m[K:
[1.206s] [01m[K/opt/ros/foxy/include/rcutils/types/char_array.h:74:10:[m[K [01;31m[Kerror: [m[Kinitializer provided for function
[1.206s]    74 |   size_t [01;31m[Kbuffer_capacity[m[K,
[1.206s]       |          [01;31m[K^~~~~~~~~~~~~~~[m[K
[1.206s] [01m[K/opt/ros/foxy/include/rcutils/types/char_array.h:74:10:[m[K [01;31m[Kerror: [m[Kexpected â€˜[01m[K,[m[Kâ€™ or â€˜[01m[K;[m[Kâ€™ before â€˜[01m[K->[m[Kâ€™ token
[1.206s]    74 |   size_t [01;31m[Kbuffer_capacity[m[K,
[1.206s]       |          [01;31m[K^~~~~~~~~~~~~~~[m[K
[1.206s] [01m[K/opt/ros/foxy/include/rcutils/types/uint8_array.h:33:10:[m[K [01;31m[Kerror: [m[Kexpected â€˜[01m[K)[m[Kâ€™ before â€˜[01m[K*[m[Kâ€™ token
[1.206s]    33 |   size_t [01;31m[Kbuffer_capacity[m[K;
[1.206s]       |          [01;31m[K^~~~~~~~~~~~~~~[m[K
[1.206s] [01m[K/opt/ros/foxy/include/rcutils/types/uint8_array.h:33:10:[m[K [01;31m[Kerror: [m[Kexpected â€˜[01m[K)[m[Kâ€™ before â€˜[01m[K*[m[Kâ€™ token
[1.206s] [01m[K/opt/ros/foxy/include/rcutils/types/uint8_array.h:65:10:[m[K [01;31m[Kerror: [m[Kexpected â€˜[01m[K)[m[Kâ€™ before â€˜[01m[K([m[Kâ€™ token
[1.206s]    65 |   size_t [01;31m[Kbuffer_capacity[m[K,
[1.207s]       |          [01;31m[K^~~~~~~~~~~~~~~[m[K
[1.207s] [01m[K/opt/ros/foxy/include/rcutils/types/uint8_array.h:65:10:[m[K [01;31m[Kerror: [m[Kexpected â€˜[01m[K)[m[Kâ€™ before â€˜[01m[K([m[Kâ€™ token
[1.207s] In file included from [01m[K/opt/ros/foxy/include/rcutils/types.h:29[m[K,
[1.207s]                  from [01m[K/opt/ros/foxy/include/rcutils/time.h:26[m[K,
[1.207s]                  from [01m[K/opt/ros/foxy/include/rcutils/logging.h:25[m[K,
[1.207s]                  from [01m[K/opt/ros/foxy/include/rmw/types.h:28[m[K,
[1.207s]                  from [01m[K/opt/ros/foxy/include/rcl/types.h:18[m[K,
[1.207s]                  from [01m[K/opt/ros/foxy/include/rcl/arguments.h:20[m[K,
[1.207s]                  from [01m[K/opt/ros/foxy/include/rcl/context.h:26[m[K,
[1.207s]                  from [01m[K/opt/ros/foxy/include/rcl/guard_condition.h:24[m[K,
[1.207s]                  from [01m[K/opt/ros/foxy/include/rclcpp/executor.hpp:29[m[K,
[1.207s]                  from [01m[K/opt/ros/foxy/include/rclcpp/executors/multi_threaded_executor.hpp:26[m[K,
[1.207s]                  from [01m[K/opt/ros/foxy/include/rclcpp/executors.hpp:21[m[K,
[1.207s]                  from [01m[K/opt/ros/foxy/include/rclcpp/rclcpp.hpp:146[m[K,
[1.207s]                  from [01m[K/home/robo/ROS2/walk_test/src/control/include/cmd_process.h:5[m[K,
[1.207s]                  from [01m[K/home/robo/ROS2/walk_test/src/control/src/action_editor/cmd_process.cpp:8[m[K:
[1.207s] [01m[K/opt/ros/foxy/include/rcutils/types/uint8_array.h:63:25:[m[K [01;36m[Knote: [m[Kto match this â€˜[01m[K([m[Kâ€™
[1.207s]    63 | rcutils_uint8_array_init[01;36m[K([m[K
[1.207s]       |                         [01;36m[K^[m[K
[1.207s] In file included from [01m[K/home/robo/ROS2/walk_test/src/control/src/action_editor/cmd_process.cpp:5[m[K:
[1.207s] [01m[K/opt/ros/foxy/include/rcutils/types/uint8_array.h:65:10:[m[K [01;31m[Kerror: [m[Kinitializer provided for function
[1.207s]    65 |   size_t [01;31m[Kbuffer_capacity[m[K,
[1.208s]       |          [01;31m[K^~~~~~~~~~~~~~~[m[K
[1.208s] [01m[K/opt/ros/foxy/include/rcutils/types/uint8_array.h:65:10:[m[K [01;31m[Kerror: [m[Kexpected â€˜[01m[K,[m[Kâ€™ or â€˜[01m[K;[m[Kâ€™ before â€˜[01m[K->[m[Kâ€™ token
[1.208s]    65 |   size_t [01;31m[Kbuffer_capacity[m[K,
[1.208s]       |          [01;31m[K^~~~~~~~~~~~~~~[m[K
[1.796s] [01m[K/home/robo/ROS2/walk_test/src/control/src/action_editor/cmd_process.cpp:24:26:[m[K [01;35m[Kwarning: [m[Knon-ISO-standard escape sequence, '\e'
[1.796s]    24 | const std::string azul = [01;35m[K"\e[0;36m"[m[K;
[1.796s]       |                          [01;35m[K^~~~~~~~~~[m[K
[1.796s] [01m[K/home/robo/ROS2/walk_test/src/control/src/action_editor/cmd_process.cpp:25:27:[m[K [01;35m[Kwarning: [m[Knon-ISO-standard escape sequence, '\e'
[1.796s]    25 | const std::string azulE = [01;35m[K"\e[0;34m"[m[K;
[1.796s]       |                           [01;35m[K^~~~~~~~~~[m[K
[1.797s] [01m[K/home/robo/ROS2/walk_test/src/control/src/action_editor/cmd_process.cpp:26:27:[m[K [01;35m[Kwarning: [m[Knon-ISO-standard escape sequence, '\e'
[1.797s]    26 | const std::string amare = [01;35m[K"\e[0;33m"[m[K;
[1.797s]       |                           [01;35m[K^~~~~~~~~~[m[K
[1.797s] [01m[K/home/robo/ROS2/walk_test/src/control/src/action_editor/cmd_process.cpp:27:27:[m[K [01;35m[Kwarning: [m[Knon-ISO-standard escape sequence, '\e'
[1.797s]    27 | const std::string verde = [01;35m[K"\e[0;32m"[m[K;
[1.797s]       |                           [01;35m[K^~~~~~~~~~[m[K
[1.797s] [01m[K/home/robo/ROS2/walk_test/src/control/src/action_editor/cmd_process.cpp:28:25:[m[K [01;35m[Kwarning: [m[Knon-ISO-standard escape sequence, '\e'
[1.797s]    28 | const std::string red = [01;35m[K"\e[0;31m"[m[K;
[1.797s]       |                         [01;35m[K^~~~~~~~~~[m[K
[1.797s] [01m[K/home/robo/ROS2/walk_test/src/control/src/action_editor/cmd_process.cpp:29:26:[m[K [01;35m[Kwarning: [m[Knon-ISO-standard escape sequence, '\e'
[1.797s]    29 | const std::string gray = [01;35m[K"\e[0;37m"[m[K;
[1.797s]       |                          [01;35m[K^~~~~~~~~~[m[K
[1.797s] [01m[K/home/robo/ROS2/walk_test/src/control/src/action_editor/cmd_process.cpp:30:26:[m[K [01;35m[Kwarning: [m[Knon-ISO-standard escape sequence, '\e'
[1.797s]    30 | const std::string nulo = [01;35m[K"\e[0m"[m[K;
[1.797s]       |                          [01;35m[K^~~~~~~[m[K
[1.797s] [01m[K/home/robo/ROS2/walk_test/src/control/src/action_editor/cmd_process.cpp:32:27:[m[K [01;35m[Kwarning: [m[Knon-ISO-standard escape sequence, '\e'
[1.797s]    32 | const std::string Lazul = [01;35m[K"\e[96m"[m[K;
[1.797s]       |                           [01;35m[K^~~~~~~~[m[K
[1.798s] [01m[K/home/robo/ROS2/walk_test/src/control/src/action_editor/cmd_process.cpp:33:28:[m[K [01;35m[Kwarning: [m[Knon-ISO-standard escape sequence, '\e'
[1.798s]    33 | const std::string LazulE = [01;35m[K"\e[94m"[m[K;
[1.798s]       |                            [01;35m[K^~~~~~~~[m[K
[1.798s] [01m[K/home/robo/ROS2/walk_test/src/control/src/action_editor/cmd_process.cpp:34:28:[m[K [01;35m[Kwarning: [m[Knon-ISO-standard escape sequence, '\e'
[1.798s]    34 | const std::string Lamare = [01;35m[K"\e[93m"[m[K;
[1.798s]       |                            [01;35m[K^~~~~~~~[m[K
[1.798s] [01m[K/home/robo/ROS2/walk_test/src/control/src/action_editor/cmd_process.cpp:35:28:[m[K [01;35m[Kwarning: [m[Knon-ISO-standard escape sequence, '\e'
[1.798s]    35 | const std::string Lverde = [01;35m[K"\e[92m"[m[K;
[1.798s]       |                            [01;35m[K^~~~~~~~[m[K
[1.798s] [01m[K/home/robo/ROS2/walk_test/src/control/src/action_editor/cmd_process.cpp:36:26:[m[K [01;35m[Kwarning: [m[Knon-ISO-standard escape sequence, '\e'
[1.798s]    36 | const std::string Lred = [01;35m[K"\e[91m"[m[K;
[1.798s]       |                          [01;35m[K^~~~~~~~[m[K
[1.798s] [01m[K/home/robo/ROS2/walk_test/src/control/src/action_editor/cmd_process.cpp:37:27:[m[K [01;35m[Kwarning: [m[Knon-ISO-standard escape sequence, '\e'
[1.798s]    37 | const std::string Lgray = [01;35m[K"\e[97m"[m[K;
[1.798s]       |                           [01;35m[K^~~~~~~~[m[K
[1.798s] [01m[K/home/robo/ROS2/walk_test/src/control/src/action_editor/cmd_process.cpp:47:1:[m[K [01;31m[Kerror: [m[Kâ€˜[01m[KAction[m[Kâ€™ does not name a type
[1.798s]    47 | [01;31m[KAction[m[K::PAGE Page;
[1.798s]       | [01;31m[K^~~~~~[m[K
[1.799s] [01m[K/home/robo/ROS2/walk_test/src/control/src/action_editor/cmd_process.cpp:48:1:[m[K [01;31m[Kerror: [m[Kâ€˜[01m[KAction[m[Kâ€™ does not name a type
[1.799s]    48 | [01;31m[KAction[m[K::STEP Step;
[1.799s]       | [01;31m[K^~~~~~[m[K
[1.799s] [01m[K/home/robo/ROS2/walk_test/src/control/src/action_editor/cmd_process.cpp:[m[K In function â€˜[01m[Kvoid cmd_process()[m[Kâ€™:
[1.799s] [01m[K/home/robo/ROS2/walk_test/src/control/src/action_editor/cmd_process.cpp:54:15:[m[K [01;31m[Kerror: [m[Kinvalid use of â€˜[01m[Kthis[m[Kâ€™ in non-member function
[1.799s]    54 |  publisher_ = [01;31m[Kthis[m[K->create_publisher<dynamixel_sdk_custom_interfaces::msg::SetPosition>("set_position", 10);
[1.799s]       |               [01;31m[K^~~~[m[K
[1.799s] [01m[K/home/robo/ROS2/walk_test/src/control/src/action_editor/cmd_process.cpp:54:87:[m[K [01;31m[Kerror: [m[Kexpected primary-expression before â€˜[01m[K>[m[Kâ€™ token
[1.799s]    54 | e_publisher<dynamixel_sdk_custom_interfaces::msg::SetPosition[01;31m[K>[m[K("set_position", 10);
[1.799s]       |                                                              [01;31m[K^[m[K
[1.799s] 
[1.799s] [01m[K/home/robo/ROS2/walk_test/src/control/src/action_editor/cmd_process.cpp:54:89:[m[K [01;35m[Kwarning: [m[Kleft operand of comma operator has no effect [[01;35m[K-Wunused-value[m[K]
[1.799s]    54 | publisher<dynamixel_sdk_custom_interfaces::msg::SetPosition>([01;35m[K"set_position"[m[K, 10);
[1.799s]       |                                                              [01;35m[K^~~~~~~~~~~~~~[m[K
[1.799s] 
[1.799s] [01m[K/home/robo/ROS2/walk_test/src/control/src/action_editor/cmd_process.cpp:55:24:[m[K [01;31m[Kerror: [m[Kinvalid use of â€˜[01m[Kthis[m[Kâ€™ in non-member function
[1.799s]    55 |     publisher_single = [01;31m[Kthis[m[K->create_publisher<dynamixel_sdk_custom_interfaces::msg::SetPositionOriginal>("set_position_single", 10);
[1.799s]       |                        [01;31m[K^~~~[m[K
[1.800s] [01m[K/home/robo/ROS2/walk_test/src/control/src/action_editor/cmd_process.cpp:55:104:[m[K [01;31m[Kerror: [m[Kexpected primary-expression before â€˜[01m[K>[m[Kâ€™ token
[1.800s]    55 | her<dynamixel_sdk_custom_interfaces::msg::SetPositionOriginal[01;31m[K>[m[K("set_position_single", 10);
[1.800s]       |                                                              [01;31m[K^[m[K
[1.800s] 
[1.800s] [01m[K/home/robo/ROS2/walk_test/src/control/src/action_editor/cmd_process.cpp:55:106:[m[K [01;35m[Kwarning: [m[Kleft operand of comma operator has no effect [[01;35m[K-Wunused-value[m[K]
[1.800s]    55 | r<dynamixel_sdk_custom_interfaces::msg::SetPositionOriginal>([01;35m[K"set_position_single"[m[K, 10);
[1.800s]       |                                                              [01;35m[K^~~~~~~~~~~~~~~~~~~~~[m[K
[1.800s] 
[1.800s] [01m[K/home/robo/ROS2/walk_test/src/control/src/action_editor/cmd_process.cpp:[m[K In function â€˜[01m[Kvoid ReadStep()[m[Kâ€™:
[1.800s] [01m[K/home/robo/ROS2/walk_test/src/control/src/action_editor/cmd_process.cpp:118:10:[m[K [01;35m[Kwarning: [m[Kunused variable â€˜[01m[Kvalue8[m[Kâ€™ [[01;35m[K-Wunused-variable[m[K]
[1.800s]   118 |  uint8_t [01;35m[Kvalue8[m[K;
[1.800s]       |          [01;35m[K^~~~~~[m[K
[1.800s] [01m[K/home/robo/ROS2/walk_test/src/control/src/action_editor/cmd_process.cpp:119:11:[m[K [01;35m[Kwarning: [m[Kunused variable â€˜[01m[Kvalue32[m[Kâ€™ [[01;35m[K-Wunused-variable[m[K]
[1.800s]   119 |  uint32_t [01;35m[Kvalue32[m[K;
[1.800s]       |           [01;35m[K^~~~~~~[m[K
[1.800s] [01m[K/home/robo/ROS2/walk_test/src/control/src/action_editor/cmd_process.cpp:[m[K In function â€˜[01m[Kvoid DrawIntro()[m[Kâ€™:
[1.800s] [01m[K/home/robo/ROS2/walk_test/src/control/src/action_editor/cmd_process.cpp:322:9:[m[K [01;35m[Kwarning: [m[Knon-ISO-standard escape sequence, '\e'
[1.800s]   322 |  system([01;35m[K"printf '\e[8;27;80t'"[m[K);
[1.800s]       |         [01;35m[K^~~~~~~~~~~~~~~~~~~~~~[m[K
[1.800s] [01m[K/home/robo/ROS2/walk_test/src/control/src/action_editor/cmd_process.cpp:324:2:[m[K [01;31m[Kerror: [m[Kâ€˜[01m[KAction[m[Kâ€™ has not been declared
[1.800s]   324 |  [01;31m[KAction[m[K::GetInstance()->LoadPage(indexPage, &Page);
[1.801s]       |  [01;31m[K^~~~~~[m[K
[1.801s] [01m[K/home/robo/ROS2/walk_test/src/control/src/action_editor/cmd_process.cpp:324:46:[m[K [01;31m[Kerror: [m[Kâ€˜[01m[KPage[m[Kâ€™ was not declared in this scope
[1.801s]   324 |  Action::GetInstance()->LoadPage(indexPage, &[01;31m[KPage[m[K);
[1.801s]       |                                              [01;31m[K^~~~[m[K
[1.802s] [01m[K/home/robo/ROS2/walk_test/src/control/src/action_editor/cmd_process.cpp:327:2:[m[K [01;31m[Kerror: [m[Kâ€˜[01m[KStep[m[Kâ€™ was not declared in this scope
[1.802s]   327 |  [01;31m[KStep[m[K.pause = 0;
[1.802s]       |  [01;31m[K^~~~[m[K
[1.803s] [01m[K/home/robo/ROS2/walk_test/src/control/src/action_editor/cmd_process.cpp:[m[K In function â€˜[01m[Kvoid DrawPage()[m[Kâ€™:
[1.803s] [01m[K/home/robo/ROS2/walk_test/src/control/src/action_editor/cmd_process.cpp:372:6:[m[K [01;31m[Kerror: [m[Kâ€˜[01m[KPage[m[Kâ€™ was not declared in this scope
[1.803s]   372 |  if( [01;31m[KPage[m[K.header.schedule == Action::SPEED_BASE_SCHEDULE )
[1.803s]       |      [01;31m[K^~~~[m[K
[1.803s] [01m[K/home/robo/ROS2/walk_test/src/control/src/action_editor/cmd_process.cpp:372:30:[m[K [01;31m[Kerror: [m[Kâ€˜[01m[KAction[m[Kâ€™ has not been declared
[1.803s]   372 |  if( Page.header.schedule == [01;31m[KAction[m[K::SPEED_BASE_SCHEDULE )
[1.803s]       |                              [01;31m[K^~~~~~[m[K
[1.803s] [01m[K/home/robo/ROS2/walk_test/src/control/src/action_editor/cmd_process.cpp:374:35:[m[K [01;31m[Kerror: [m[Kâ€˜[01m[KAction[m[Kâ€™ has not been declared
[1.803s]   374 |  else if( Page.header.schedule == [01;31m[KAction[m[K::TIME_BASE_SCHEDULE )
[1.804s]       |                                   [01;31m[K^~~~~~[m[K
[1.804s] [01m[K/home/robo/ROS2/walk_test/src/control/src/action_editor/cmd_process.cpp:380:18:[m[K [01;31m[Kerror: [m[Kâ€˜[01m[KAction[m[Kâ€™ has not been declared
[1.804s]   380 |  for(int i=0; i<=[01;31m[KAction[m[K::MAXNUM_STEP; i++ )
[1.804s]       |                  [01;31m[K^~~~~~[m[K
[1.804s] [01m[K/home/robo/ROS2/walk_test/src/control/src/action_editor/cmd_process.cpp:384:14:[m[K [01;31m[Kerror: [m[Kâ€˜[01m[KJointData[m[Kâ€™ has not been declared
[1.804s]   384 |  for( int id=[01;31m[KJointData[m[K::ID_R_SHOULDER_PITCH; id<JointData::NUMBER_OF_JOINTS; id++ )
[1.804s]       |              [01;31m[K^~~~~~~~~[m[K
[1.804s] [01m[K/home/robo/ROS2/walk_test/src/control/src/action_editor/cmd_process.cpp:384:49:[m[K [01;31m[Kerror: [m[Kâ€˜[01m[KJointData[m[Kâ€™ has not been declared
[1.804s]   384 |  for( int id=JointData::ID_R_SHOULDER_PITCH; id<[01;31m[KJointData[m[K::NUMBER_OF_JOINTS; id++ )
[1.804s]       |                                                 [01;31m[K^~~~~~~~~[m[K
[1.804s] [01m[K/home/robo/ROS2/walk_test/src/control/src/action_editor/cmd_process.cpp:387:23:[m[K [01;31m[Kerror: [m[Kâ€˜[01m[KPage[m[Kâ€™ was not declared in this scope
[1.804s]   387 |   printf( "%.1d%.1d", [01;31m[KPage[m[K.header.slope[id]>>4, Page.header.slope[id]&0x0f );
[1.804s]       |                       [01;31m[K^~~~[m[K
[1.804s] [01m[K/home/robo/ROS2/walk_test/src/control/src/action_editor/cmd_process.cpp:392:18:[m[K [01;31m[Kerror: [m[Kâ€˜[01m[KPage[m[Kâ€™ was not declared in this scope
[1.804s]   392 |  printf( "%.3d", [01;31m[KPage[m[K.header.repeat );
[1.805s]       |                  [01;31m[K^~~~[m[K
[1.805s] [01m[K/home/robo/ROS2/walk_test/src/control/src/action_editor/cmd_process.cpp:418:43:[m[K [01;31m[Kerror: [m[Kâ€˜[01m[KAction[m[Kâ€™ has not been declared
[1.805s]   418 |  printf( "0x%.5X", (int)(indexPage*sizeof([01;31m[KAction[m[K::PAGE)) );
[1.805s]       |                                           [01;31m[K^~~~~~[m[K
[1.805s] [01m[K/home/robo/ROS2/walk_test/src/control/src/action_editor/cmd_process.cpp:[m[K In function â€˜[01m[Kvoid DrawStep(int)[m[Kâ€™:
[1.805s] [01m[K/home/robo/ROS2/walk_test/src/control/src/action_editor/cmd_process.cpp:429:2:[m[K [01;31m[Kerror: [m[Kâ€˜[01m[KAction[m[Kâ€™ has not been declared
[1.805s]   429 |  [01;31m[KAction[m[K::STEP *step;
[1.805s]       |  [01;31m[K^~~~~~[m[K
[1.805s] [01m[K/home/robo/ROS2/walk_test/src/control/src/action_editor/cmd_process.cpp:429:16:[m[K [01;31m[Kerror: [m[Kâ€˜[01m[Kstep[m[Kâ€™ was not declared in this scope
[1.805s]   429 |  Action::STEP *[01;31m[Kstep[m[K;
[1.805s]       |                [01;31m[K^~~~[m[K
[1.806s] [01m[K/home/robo/ROS2/walk_test/src/control/src/action_editor/cmd_process.cpp:436:11:[m[K [01;31m[Kerror: [m[Kâ€˜[01m[KPage[m[Kâ€™ was not declared in this scope
[1.806s]   436 |   step = &[01;31m[KPage[m[K.step[0];
[1.806s]       |           [01;31m[K^~~~[m[K
[1.806s] [01m[K/home/robo/ROS2/walk_test/src/control/src/action_editor/cmd_process.cpp:471:11:[m[K [01;31m[Kerror: [m[Kâ€˜[01m[KStep[m[Kâ€™ was not declared in this scope
[1.806s]   471 |   step = &[01;31m[KStep[m[K;
[1.806s]       |           [01;31m[K^~~~[m[K
[1.807s] [01m[K/home/robo/ROS2/walk_test/src/control/src/action_editor/cmd_process.cpp:478:14:[m[K [01;31m[Kerror: [m[Kâ€˜[01m[KJointData[m[Kâ€™ has not been declared
[1.807s]   478 |  for( int id=[01;31m[KJointData[m[K::ID_R_SHOULDER_PITCH; id<JointData::NUMBER_OF_JOINTS; id++ )
[1.807s]       |              [01;31m[K^~~~~~~~~[m[K
[1.807s] [01m[K/home/robo/ROS2/walk_test/src/control/src/action_editor/cmd_process.cpp:478:49:[m[K [01;31m[Kerror: [m[Kâ€˜[01m[KJointData[m[Kâ€™ has not been declared
[1.807s]   478 |  for( int id=JointData::ID_R_SHOULDER_PITCH; id<[01;31m[KJointData[m[K::NUMBER_OF_JOINTS; id++ )
[1.807s]       |                                                 [01;31m[K^~~~~~~~~[m[K
[1.807s] [01m[K/home/robo/ROS2/walk_test/src/control/src/action_editor/cmd_process.cpp:481:28:[m[K [01;31m[Kerror: [m[Kâ€˜[01m[KMotionManager[m[Kâ€™ has not been declared
[1.807s]   481 |   if((step->position[id] + [01;31m[KMotionManager[m[K::GetInstance()->m_Offset[id]) & Action::INVALID_BIT_MASK)
[1.807s]       |                            [01;31m[K^~~~~~~~~~~~~[m[K
[1.807s] [01m[K/home/robo/ROS2/walk_test/src/control/src/action_editor/cmd_process.cpp:481:74:[m[K [01;31m[Kerror: [m[Kâ€˜[01m[KAction[m[Kâ€™ has not been declared
[1.807s]   481 | position[id] + MotionManager::GetInstance()->m_Offset[id]) & [01;31m[KAction[m[K::INVALID_BIT_MASK)
[1.807s]       |                                                              [01;31m[K^~~~~~[m[K
[1.807s] 
[1.807s] [01m[K/home/robo/ROS2/walk_test/src/control/src/action_editor/cmd_process.cpp:483:33:[m[K [01;31m[Kerror: [m[Kâ€˜[01m[KMotionManager[m[Kâ€™ has not been declared
[1.807s]   483 |   else if((step->position[id] + [01;31m[KMotionManager[m[K::GetInstance()->m_Offset[id]) & Action::TORQUE_OFF_BIT_MASK)
[1.808s]       |                                 [01;31m[K^~~~~~~~~~~~~[m[K
[1.808s] [01m[K/home/robo/ROS2/walk_test/src/control/src/action_editor/cmd_process.cpp:483:79:[m[K [01;31m[Kerror: [m[Kâ€˜[01m[KAction[m[Kâ€™ has not been declared
[1.808s]   483 | position[id] + MotionManager::GetInstance()->m_Offset[id]) & [01;31m[KAction[m[K::TORQUE_OFF_BIT_MASK)
[1.808s]       |                                                              [01;31m[K^~~~~~[m[K
[1.808s] 
[1.808s] [01m[K/home/robo/ROS2/walk_test/src/control/src/action_editor/cmd_process.cpp:[m[K In function â€˜[01m[Kvoid DrawStepLine(bool)[m[Kâ€™:
[1.808s] [01m[K/home/robo/ROS2/walk_test/src/control/src/action_editor/cmd_process.cpp:506:9:[m[K [01;31m[Kerror: [m[Kâ€˜[01m[KPage[m[Kâ€™ was not declared in this scope
[1.808s]   506 |  switch([01;31m[KPage[m[K.header.stepnum)
[1.808s]       |         [01;31m[K^~~~[m[K
[1.808s] [01m[K/home/robo/ROS2/walk_test/src/control/src/action_editor/cmd_process.cpp:545:14:[m[K [01;31m[Kerror: [m[Kâ€˜[01m[KJointData[m[Kâ€™ has not been declared
[1.808s]   545 |  for( int id=[01;31m[KJointData[m[K::ID_R_SHOULDER_PITCH; id<(JointData::NUMBER_OF_JOINTS + 2); id++ )
[1.808s]       |              [01;31m[K^~~~~~~~~[m[K
[1.808s] [01m[K/home/robo/ROS2/walk_test/src/control/src/action_editor/cmd_process.cpp:545:50:[m[K [01;31m[Kerror: [m[Kâ€˜[01m[KJointData[m[Kâ€™ has not been declared
[1.808s]   545 |  for( int id=JointData::ID_R_SHOULDER_PITCH; id<([01;31m[KJointData[m[K::NUMBER_OF_JOINTS + 2); id++ )
[1.808s]       |                                                  [01;31m[K^~~~~~~~~[m[K
[1.808s] [01m[K/home/robo/ROS2/walk_test/src/control/src/action_editor/cmd_process.cpp:[m[K In function â€˜[01m[Kvoid DrawName()[m[Kâ€™:
[1.808s] [01m[K/home/robo/ROS2/walk_test/src/control/src/action_editor/cmd_process.cpp:566:17:[m[K [01;31m[Kerror: [m[Kâ€˜[01m[KAction[m[Kâ€™ has not been declared
[1.808s]   566 |  for(int i=0; i<[01;31m[KAction[m[K::MAXNUM_NAME; i++)
[1.808s]       |                 [01;31m[K^~~~~~[m[K
[1.808s] [01m[K/home/robo/ROS2/walk_test/src/control/src/action_editor/cmd_process.cpp:567:22:[m[K [01;31m[Kerror: [m[Kâ€˜[01m[KPage[m[Kâ€™ was not declared in this scope
[1.808s]   567 |   printf("%c", (char)[01;31m[KPage[m[K.header.name[i]);
[1.809s]       |                      [01;31m[K^~~~[m[K
[1.809s] [01m[K/home/robo/ROS2/walk_test/src/control/src/action_editor/cmd_process.cpp:[m[K In function â€˜[01m[Kint GetValue()[m[Kâ€™:
[1.809s] [01m[K/home/robo/ROS2/walk_test/src/control/src/action_editor/cmd_process.cpp:614:11:[m[K [01;31m[Kerror: [m[Kâ€˜[01m[KStep[m[Kâ€™ was not declared in this scope
[1.809s]   614 |    return [01;31m[KStep[m[K.pause;
[1.809s]       |           [01;31m[K^~~~[m[K
[1.809s] [01m[K/home/robo/ROS2/walk_test/src/control/src/action_editor/cmd_process.cpp:616:11:[m[K [01;31m[Kerror: [m[Kâ€˜[01m[KStep[m[Kâ€™ was not declared in this scope
[1.810s]   616 |    return [01;31m[KStep[m[K.time;
[1.810s]       |           [01;31m[K^~~~[m[K
[1.810s] [01m[K/home/robo/ROS2/walk_test/src/control/src/action_editor/cmd_process.cpp:618:11:[m[K [01;31m[Kerror: [m[Kâ€˜[01m[KStep[m[Kâ€™ was not declared in this scope
[1.810s]   618 |    return [01;31m[KStep[m[K.position[row + 1];
[1.810s]       |           [01;31m[K^~~~[m[K
[1.811s] [01m[K/home/robo/ROS2/walk_test/src/control/src/action_editor/cmd_process.cpp:655:11:[m[K [01;31m[Kerror: [m[Kâ€˜[01m[KPage[m[Kâ€™ was not declared in this scope
[1.811s]   655 |    return [01;31m[KPage[m[K.step[i].pause;
[1.811s]       |           [01;31m[K^~~~[m[K
[1.811s] [01m[K/home/robo/ROS2/walk_test/src/control/src/action_editor/cmd_process.cpp:657:11:[m[K [01;31m[Kerror: [m[Kâ€˜[01m[KPage[m[Kâ€™ was not declared in this scope
[1.811s]   657 |    return [01;31m[KPage[m[K.step[i].time;
[1.811s]       |           [01;31m[K^~~~[m[K
[1.812s] [01m[K/home/robo/ROS2/walk_test/src/control/src/action_editor/cmd_process.cpp:659:11:[m[K [01;31m[Kerror: [m[Kâ€˜[01m[KPage[m[Kâ€™ was not declared in this scope
[1.812s]   659 |    return [01;31m[KPage[m[K.step[i].position[row + 1];
[1.812s]       |           [01;31m[K^~~~[m[K
[1.812s] [01m[K/home/robo/ROS2/walk_test/src/control/src/action_editor/cmd_process.cpp:662:11:[m[K [01;31m[Kerror: [m[Kâ€˜[01m[KPage[m[Kâ€™ was not declared in this scope
[1.812s]   662 |   return ([01;31m[KPage[m[K.header.slope[row + 1] >> 4);
[1.812s]       |           [01;31m[K^~~~[m[K
[1.813s] [01m[K/home/robo/ROS2/walk_test/src/control/src/action_editor/cmd_process.cpp:664:11:[m[K [01;31m[Kerror: [m[Kâ€˜[01m[KPage[m[Kâ€™ was not declared in this scope
[1.813s]   664 |   return ([01;31m[KPage[m[K.header.slope[row + 1] & 0x0f);
[1.813s]       |           [01;31m[K^~~~[m[K
[1.813s] [01m[K/home/robo/ROS2/walk_test/src/control/src/action_editor/cmd_process.cpp:668:11:[m[K [01;31m[Kerror: [m[Kâ€˜[01m[KPage[m[Kâ€™ was not declared in this scope
[1.813s]   668 |    return [01;31m[KPage[m[K.header.repeat;
[1.814s]       |           [01;31m[K^~~~[m[K
[1.814s] [01m[K/home/robo/ROS2/walk_test/src/control/src/action_editor/cmd_process.cpp:670:11:[m[K [01;31m[Kerror: [m[Kâ€˜[01m[KPage[m[Kâ€™ was not declared in this scope
[1.814s]   670 |    return [01;31m[KPage[m[K.header.stepnum;
[1.814s]       |           [01;31m[K^~~~[m[K
[1.815s] [01m[K/home/robo/ROS2/walk_test/src/control/src/action_editor/cmd_process.cpp:672:11:[m[K [01;31m[Kerror: [m[Kâ€˜[01m[KPage[m[Kâ€™ was not declared in this scope
[1.815s]   672 |    return [01;31m[KPage[m[K.header.speed;
[1.815s]       |           [01;31m[K^~~~[m[K
[1.815s] [01m[K/home/robo/ROS2/walk_test/src/control/src/action_editor/cmd_process.cpp:674:11:[m[K [01;31m[Kerror: [m[Kâ€˜[01m[KPage[m[Kâ€™ was not declared in this scope
[1.815s]   674 |    return [01;31m[KPage[m[K.header.accel;
[1.815s]       |           [01;31m[K^~~~[m[K
[1.817s] [01m[K/home/robo/ROS2/walk_test/src/control/src/action_editor/cmd_process.cpp:676:11:[m[K [01;31m[Kerror: [m[Kâ€˜[01m[KPage[m[Kâ€™ was not declared in this scope
[1.817s]   676 |    return [01;31m[KPage[m[K.header.next;
[1.818s]       |           [01;31m[K^~~~[m[K
[1.818s] [01m[K/home/robo/ROS2/walk_test/src/control/src/action_editor/cmd_process.cpp:678:11:[m[K [01;31m[Kerror: [m[Kâ€˜[01m[KPage[m[Kâ€™ was not declared in this scope
[1.818s]   678 |    return [01;31m[KPage[m[K.header.exit;
[1.818s]       |           [01;31m[K^~~~[m[K
[1.818s] [01m[K/home/robo/ROS2/walk_test/src/control/src/action_editor/cmd_process.cpp:[m[K In function â€˜[01m[Kvoid SetValue(uint32_t)[m[Kâ€™:
[1.818s] [01m[K/home/robo/ROS2/walk_test/src/control/src/action_editor/cmd_process.cpp:707:13:[m[K [01;35m[Kwarning: [m[Kcomparison of unsigned expression >= 0 is always true [[01;35m[K-Wtype-limits[m[K]
[1.818s]   707 |    if([01;35m[Kvalue >= 0[m[K && value <= 255)
[1.818s]       |       [01;35m[K~~~~~~^~~~[m[K
[1.819s] [01m[K/home/robo/ROS2/walk_test/src/control/src/action_editor/cmd_process.cpp:709:5:[m[K [01;31m[Kerror: [m[Kâ€˜[01m[KStep[m[Kâ€™ was not declared in this scope
[1.819s]   709 |     [01;31m[KStep[m[K.pause = value;
[1.819s]       |     [01;31m[K^~~~[m[K
[1.819s] [01m[K/home/robo/ROS2/walk_test/src/control/src/action_editor/cmd_process.cpp:716:13:[m[K [01;35m[Kwarning: [m[Kcomparison of unsigned expression >= 0 is always true [[01;35m[K-Wtype-limits[m[K]
[1.819s]   716 |    if([01;35m[Kvalue >= 0[m[K && value <= 255)
[1.819s]       |       [01;35m[K~~~~~~^~~~[m[K
[1.819s] [01m[K/home/robo/ROS2/walk_test/src/control/src/action_editor/cmd_process.cpp:718:5:[m[K [01;31m[Kerror: [m[Kâ€˜[01m[KStep[m[Kâ€™ was not declared in this scope
[1.819s]   718 |     [01;31m[KStep[m[K.time = value;
[1.820s]       |     [01;31m[K^~~~[m[K
[1.820s] [01m[K/home/robo/ROS2/walk_test/src/control/src/action_editor/cmd_process.cpp:725:16:[m[K [01;31m[Kerror: [m[Kâ€˜[01m[KMotionManager[m[Kâ€™ has not been declared
[1.820s]   725 |    if(value  + [01;31m[KMotionManager[m[K::GetInstance()->m_Offset[row + 1] >= 0 && value  + MotionManager::GetInstance()->m_Offset[row + 1] <= MX28::MAX_VALUE)
[1.820s]       |                [01;31m[K^~~~~~~~~~~~~[m[K
[1.820s] [01m[K/home/robo/ROS2/walk_test/src/control/src/action_editor/cmd_process.cpp:725:81:[m[K [01;31m[Kerror: [m[Kâ€˜[01m[KMotionManager[m[Kâ€™ has not been declared
[1.820s]   725 | onManager::GetInstance()->m_Offset[row + 1] >= 0 && value  + [01;31m[KMotionManager[m[K::GetInstance()->m_Offset[row + 1] <= MX28::MAX_VALUE)
[1.820s]       |                                                              [01;31m[K^~~~~~~~~~~~~[m[K
[1.820s] 
[1.820s] [01m[K/home/robo/ROS2/walk_test/src/control/src/action_editor/cmd_process.cpp:725:132:[m[K [01;31m[Kerror: [m[Kâ€˜[01m[KMX28[m[Kâ€™ has not been declared
[1.820s]   725 | && value  + MotionManager::GetInstance()->m_Offset[row + 1] <= [01;31m[KMX28[m[K::MAX_VALUE)
[1.820s]       |                                                                [01;31m[K^~~~[m[K
[1.820s] 
[1.820s] [01m[K/home/robo/ROS2/walk_test/src/control/src/action_editor/cmd_process.cpp:727:11:[m[K [01;31m[Kerror: [m[Kâ€˜[01m[KStep[m[Kâ€™ was not declared in this scope
[1.820s]   727 |     if(!(([01;31m[KStep[m[K.position[row + 1] + MotionManager::GetInstance()->m_Offset[row + 1]) & Action::INVALID_BIT_MASK) && !((Step.position[row + 1] + MotionManager::GetInstance()->m_Offset[row + 1])  & Action::TORQUE_OFF_BIT_MASK))
[1.820s]       |           [01;31m[K^~~~[m[K
[1.820s] [01m[K/home/robo/ROS2/walk_test/src/control/src/action_editor/cmd_process.cpp:727:36:[m[K [01;31m[Kerror: [m[Kâ€˜[01m[KMotionManager[m[Kâ€™ has not been declared
[1.820s]   727 |     if(!((Step.position[row + 1] + [01;31m[KMotionManager[m[K::GetInstance()->m_Offset[row + 1]) & Action::INVALID_BIT_MASK) && !((Step.position[row + 1] + MotionManager::GetInstance()->m_Offset[row + 1])  & Action::TORQUE_OFF_BIT_MASK))
[1.820s]       |                                    [01;31m[K^~~~~~~~~~~~~[m[K
[1.821s] [01m[K/home/robo/ROS2/walk_test/src/control/src/action_editor/cmd_process.cpp:727:87:[m[K [01;31m[Kerror: [m[Kâ€˜[01m[KAction[m[Kâ€™ has not been declared
[1.821s]   727 | ow + 1] + MotionManager::GetInstance()->m_Offset[row + 1]) & [01;31m[KAction[m[K::INVALID_BIT_MASK) && !((Step.position[row + 1] + MotionManager::GetInstance()->m_Offset[row + 1])  & Action::TORQUE_OFF_BIT_MASK))
[1.821s]       |                                                              [01;31m[K^~~~~~[m[K
[1.821s] 
[1.821s] [01m[K/home/robo/ROS2/walk_test/src/control/src/action_editor/cmd_process.cpp:727:144:[m[K [01;31m[Kerror: [m[Kâ€˜[01m[KMotionManager[m[Kâ€™ has not been declared
[1.821s]   727 | ) & Action::INVALID_BIT_MASK) && !((Step.position[row + 1] + [01;31m[KMotionManager[m[K::GetInstance()->m_Offset[row + 1])  & Action::TORQUE_OFF_BIT_MASK))
[1.821s]       |                                                              [01;31m[K^~~~~~~~~~~~~[m[K
[1.821s] 
[1.821s] [01m[K/home/robo/ROS2/walk_test/src/control/src/action_editor/cmd_process.cpp:727:196:[m[K [01;31m[Kerror: [m[Kâ€˜[01m[KAction[m[Kâ€™ has not been declared
[1.821s]   727 | w + 1] + MotionManager::GetInstance()->m_Offset[row + 1])  & [01;31m[KAction[m[K::TORQUE_OFF_BIT_MASK))
[1.821s]       |                                                              [01;31m[K^~~~~~[m[K
[1.821s] 
[1.821s] [01m[K/home/robo/ROS2/walk_test/src/control/src/action_editor/cmd_process.cpp:733:46:[m[K [01;31m[Kerror: [m[Kâ€˜[01m[KMX28[m[Kâ€™ has not been declared
[1.821s]   733 |                     message_single.address = [01;31m[KMX28[m[K::P_GOAL_POSITION;
[1.821s]       |                                              [01;31m[K^~~~[m[K
[1.821s] [01m[K/home/robo/ROS2/walk_test/src/control/src/action_editor/cmd_process.cpp:734:56:[m[K [01;31m[Kerror: [m[Kâ€˜[01m[KMotionManager[m[Kâ€™ has not been declared
[1.821s]   734 |                     message_single.position = value  + [01;31m[KMotionManager[m[K::GetInstance()->m_Offset[row + 1];
[1.821s]       |                                                        [01;31m[K^~~~~~~~~~~~~[m[K
[1.825s] [01m[K/home/robo/ROS2/walk_test/src/control/src/action_editor/cmd_process.cpp:729:10:[m[K [01;35m[Kwarning: [m[Kunused variable â€˜[01m[Kerror[m[Kâ€™ [[01;35m[K-Wunused-variable[m[K]
[1.825s]   729 |      int [01;35m[Kerror[m[K;
[1.825s]       |          [01;35m[K^~~~~[m[K
[1.825s] [01m[K/home/robo/ROS2/walk_test/src/control/src/action_editor/cmd_process.cpp:793:13:[m[K [01;35m[Kwarning: [m[Kcomparison of unsigned expression >= 0 is always true [[01;35m[K-Wtype-limits[m[K]
[1.825s]   793 |    if([01;35m[Kvalue >= 0[m[K && value <= 255)
[1.825s]       |       [01;35m[K~~~~~~^~~~[m[K
[1.826s] [01m[K/home/robo/ROS2/walk_test/src/control/src/action_editor/cmd_process.cpp:795:5:[m[K [01;31m[Kerror: [m[Kâ€˜[01m[KPage[m[Kâ€™ was not declared in this scope
[1.826s]   795 |     [01;31m[KPage[m[K.step[i].pause = value;
[1.826s]       |     [01;31m[K^~~~[m[K
[1.826s] [01m[K/home/robo/ROS2/walk_test/src/control/src/action_editor/cmd_process.cpp:802:13:[m[K [01;35m[Kwarning: [m[Kcomparison of unsigned expression >= 0 is always true [[01;35m[K-Wtype-limits[m[K]
[1.826s]   802 |    if([01;35m[Kvalue >= 0[m[K && value <= 255)
[1.826s]       |       [01;35m[K~~~~~~^~~~[m[K
[1.827s] [01m[K/home/robo/ROS2/walk_test/src/control/src/action_editor/cmd_process.cpp:804:5:[m[K [01;31m[Kerror: [m[Kâ€˜[01m[KPage[m[Kâ€™ was not declared in this scope
[1.827s]   804 |     [01;31m[KPage[m[K.step[i].time = value;
[1.827s]       |     [01;31m[K^~~~[m[K
[1.827s] [01m[K/home/robo/ROS2/walk_test/src/control/src/action_editor/cmd_process.cpp:811:16:[m[K [01;31m[Kerror: [m[Kâ€˜[01m[KMotionManager[m[Kâ€™ has not been declared
[1.827s]   811 |    if(value  + [01;31m[KMotionManager[m[K::GetInstance()->m_Offset[row + 1] >= 0 && value  + MotionManager::GetInstance()->m_Offset[row + 1] <= MX28::MAX_VALUE) //Aumentando o valor da entrada
[1.827s]       |                [01;31m[K^~~~~~~~~~~~~[m[K
[1.827s] [01m[K/home/robo/ROS2/walk_test/src/control/src/action_editor/cmd_process.cpp:811:81:[m[K [01;31m[Kerror: [m[Kâ€˜[01m[KMotionManager[m[Kâ€™ has not been declared
[1.827s]   811 | onManager::GetInstance()->m_Offset[row + 1] >= 0 && value  + [01;31m[KMotionManager[m[K::GetInstance()->m_Offset[row + 1] <= MX28::MAX_VALUE) //Aumentando o valor da entrada
[1.827s]       |                                                              [01;31m[K^~~~~~~~~~~~~[m[K
[1.827s] 
[1.827s] [01m[K/home/robo/ROS2/walk_test/src/control/src/action_editor/cmd_process.cpp:811:132:[m[K [01;31m[Kerror: [m[Kâ€˜[01m[KMX28[m[Kâ€™ has not been declared
[1.827s]   811 |  value  + MotionManager::GetInstance()->m_Offset[row + 1] <= [01;31m[KMX28[m[K::MAX_VALUE) //Aumentando o valor da entrada
[1.827s]       |                                                              [01;31m[K^~~~[m[K
[1.827s] 
[1.827s] [01m[K/home/robo/ROS2/walk_test/src/control/src/action_editor/cmd_process.cpp:813:11:[m[K [01;31m[Kerror: [m[Kâ€˜[01m[KPage[m[Kâ€™ was not declared in this scope
[1.828s]   813 |     if(!(([01;31m[KPage[m[K.step[i].position[row + 1] + MotionManager::GetInstance()->m_Offset[row + 1]) & Action::INVALID_BIT_MASK))
[1.828s]       |           [01;31m[K^~~~[m[K
[1.828s] [01m[K/home/robo/ROS2/walk_test/src/control/src/action_editor/cmd_process.cpp:813:44:[m[K [01;31m[Kerror: [m[Kâ€˜[01m[KMotionManager[m[Kâ€™ has not been declared
[1.828s]   813 |     if(!((Page.step[i].position[row + 1] + [01;31m[KMotionManager[m[K::GetInstance()->m_Offset[row + 1]) & Action::INVALID_BIT_MASK))
[1.828s]       |                                            [01;31m[K^~~~~~~~~~~~~[m[K
[1.828s] [01m[K/home/robo/ROS2/walk_test/src/control/src/action_editor/cmd_process.cpp:813:95:[m[K [01;31m[Kerror: [m[Kâ€˜[01m[KAction[m[Kâ€™ has not been declared
[1.828s]   813 | ow + 1] + MotionManager::GetInstance()->m_Offset[row + 1]) & [01;31m[KAction[m[K::INVALID_BIT_MASK))
[1.828s]       |                                                              [01;31m[K^~~~~~[m[K
[1.828s] 
[1.828s] [01m[K/home/robo/ROS2/walk_test/src/control/src/action_editor/cmd_process.cpp:829:4:[m[K [01;31m[Kerror: [m[Kâ€˜[01m[KPage[m[Kâ€™ was not declared in this scope
[1.828s]   829 |    [01;31m[KPage[m[K.header.slope[row + 1] = (value << 4) + (Page.header.slope[row + 1] & 0x0f);
[1.828s]       |    [01;31m[K^~~~[m[K
[1.829s] [01m[K/home/robo/ROS2/walk_test/src/control/src/action_editor/cmd_process.cpp:838:4:[m[K [01;31m[Kerror: [m[Kâ€˜[01m[KPage[m[Kâ€™ was not declared in this scope
[1.829s]   838 |    [01;31m[KPage[m[K.header.slope[row + 1] = (Page.header.slope[row + 1] & 0xf0) + (value & 0x0f);
[1.829s]       |    [01;31m[K^~~~[m[K
[1.829s] [01m[K/home/robo/ROS2/walk_test/src/control/src/action_editor/cmd_process.cpp:847:13:[m[K [01;35m[Kwarning: [m[Kcomparison of unsigned expression >= 0 is always true [[01;35m[K-Wtype-limits[m[K]
[1.829s]   847 |    if([01;35m[Kvalue >= 0[m[K && value <= 255)
[1.829s]       |       [01;35m[K~~~~~~^~~~[m[K
[1.829s] [01m[K/home/robo/ROS2/walk_test/src/control/src/action_editor/cmd_process.cpp:849:5:[m[K [01;31m[Kerror: [m[Kâ€˜[01m[KPage[m[Kâ€™ was not declared in this scope
[1.829s]   849 |     [01;31m[KPage[m[K.header.repeat = value;
[1.829s]       |     [01;31m[K^~~~[m[K
[1.829s] [01m[K/home/robo/ROS2/walk_test/src/control/src/action_editor/cmd_process.cpp:856:13:[m[K [01;35m[Kwarning: [m[Kcomparison of unsigned expression >= 0 is always true [[01;35m[K-Wtype-limits[m[K]
[1.829s]   856 |    if([01;35m[Kvalue >= 0[m[K && value <= Action::MAXNUM_STEP)
[1.830s]       |       [01;35m[K~~~~~~^~~~[m[K
[1.830s] [01m[K/home/robo/ROS2/walk_test/src/control/src/action_editor/cmd_process.cpp:856:30:[m[K [01;31m[Kerror: [m[Kâ€˜[01m[KAction[m[Kâ€™ has not been declared
[1.830s]   856 |    if(value >= 0 && value <= [01;31m[KAction[m[K::MAXNUM_STEP)
[1.830s]       |                              [01;31m[K^~~~~~[m[K
[1.830s] [01m[K/home/robo/ROS2/walk_test/src/control/src/action_editor/cmd_process.cpp:859:8:[m[K [01;31m[Kerror: [m[Kâ€˜[01m[KPage[m[Kâ€™ was not declared in this scope
[1.830s]   859 |     if([01;31m[KPage[m[K.header.stepnum != value)
[1.830s]       |        [01;31m[K^~~~[m[K
[1.830s] [01m[K/home/robo/ROS2/walk_test/src/control/src/action_editor/cmd_process.cpp:872:13:[m[K [01;35m[Kwarning: [m[Kcomparison of unsigned expression >= 0 is always true [[01;35m[K-Wtype-limits[m[K]
[1.830s]   872 |    if([01;35m[Kvalue >= 0[m[K && value <= 255)
[1.830s]       |       [01;35m[K~~~~~~^~~~[m[K
[1.831s] [01m[K/home/robo/ROS2/walk_test/src/control/src/action_editor/cmd_process.cpp:874:5:[m[K [01;31m[Kerror: [m[Kâ€˜[01m[KPage[m[Kâ€™ was not declared in this scope
[1.831s]   874 |     [01;31m[KPage[m[K.header.speed = value;
[1.831s]       |     [01;31m[K^~~~[m[K
[1.831s] [01m[K/home/robo/ROS2/walk_test/src/control/src/action_editor/cmd_process.cpp:881:13:[m[K [01;35m[Kwarning: [m[Kcomparison of unsigned expression >= 0 is always true [[01;35m[K-Wtype-limits[m[K]
[1.831s]   881 |    if([01;35m[Kvalue >= 0[m[K && value <= 255)
[1.831s]       |       [01;35m[K~~~~~~^~~~[m[K
[1.831s] [01m[K/home/robo/ROS2/walk_test/src/control/src/action_editor/cmd_process.cpp:883:5:[m[K [01;31m[Kerror: [m[Kâ€˜[01m[KPage[m[Kâ€™ was not declared in this scope
[1.831s]   883 |     [01;31m[KPage[m[K.header.accel = value;
[1.831s]       |     [01;31m[K^~~~[m[K
[1.831s] [01m[K/home/robo/ROS2/walk_test/src/control/src/action_editor/cmd_process.cpp:890:13:[m[K [01;35m[Kwarning: [m[Kcomparison of unsigned expression >= 0 is always true [[01;35m[K-Wtype-limits[m[K]
[1.831s]   890 |    if([01;35m[Kvalue >= 0[m[K && value <= 255)
[1.831s]       |       [01;35m[K~~~~~~^~~~[m[K
[1.832s] [01m[K/home/robo/ROS2/walk_test/src/control/src/action_editor/cmd_process.cpp:892:5:[m[K [01;31m[Kerror: [m[Kâ€˜[01m[KPage[m[Kâ€™ was not declared in this scope
[1.832s]   892 |     [01;31m[KPage[m[K.header.next = value;
[1.832s]       |     [01;31m[K^~~~[m[K
[1.832s] [01m[K/home/robo/ROS2/walk_test/src/control/src/action_editor/cmd_process.cpp:899:13:[m[K [01;35m[Kwarning: [m[Kcomparison of unsigned expression >= 0 is always true [[01;35m[K-Wtype-limits[m[K]
[1.832s]   899 |    if([01;35m[Kvalue >= 0[m[K && value <= 255)
[1.832s]       |       [01;35m[K~~~~~~^~~~[m[K
[1.832s] [01m[K/home/robo/ROS2/walk_test/src/control/src/action_editor/cmd_process.cpp:901:5:[m[K [01;31m[Kerror: [m[Kâ€˜[01m[KPage[m[Kâ€™ was not declared in this scope
[1.833s]   901 |     [01;31m[KPage[m[K.header.exit = value;
[1.833s]       |     [01;31m[K^~~~[m[K
[1.833s] [01m[K/home/robo/ROS2/walk_test/src/control/src/action_editor/cmd_process.cpp:[m[K In function â€˜[01m[Kvoid ToggleTorque()[m[Kâ€™:
[1.833s] [01m[K/home/robo/ROS2/walk_test/src/control/src/action_editor/cmd_process.cpp:918:6:[m[K [01;31m[Kerror: [m[Kâ€˜[01m[KStep[m[Kâ€™ was not declared in this scope
[1.834s]   918 |  if(([01;31m[KStep[m[K.position[id] + MotionManager::GetInstance()->m_Offset[id]) & Action::TORQUE_OFF_BIT_MASK)
[1.834s]       |      [01;31m[K^~~~[m[K
[1.834s] [01m[K/home/robo/ROS2/walk_test/src/control/src/action_editor/cmd_process.cpp:918:26:[m[K [01;31m[Kerror: [m[Kâ€˜[01m[KMotionManager[m[Kâ€™ has not been declared
[1.834s]   918 |  if((Step.position[id] + [01;31m[KMotionManager[m[K::GetInstance()->m_Offset[id]) & Action::TORQUE_OFF_BIT_MASK)
[1.834s]       |                          [01;31m[K^~~~~~~~~~~~~[m[K
[1.834s] [01m[K/home/robo/ROS2/walk_test/src/control/src/action_editor/cmd_process.cpp:918:72:[m[K [01;31m[Kerror: [m[Kâ€˜[01m[KAction[m[Kâ€™ has not been declared
[1.834s]   918 | position[id] + MotionManager::GetInstance()->m_Offset[id]) & [01;31m[KAction[m[K::TORQUE_OFF_BIT_MASK)
[1.834s]       |                                                              [01;31m[K^~~~~~[m[K
[1.834s] 
[1.834s] [01m[K/home/robo/ROS2/walk_test/src/control/src/action_editor/cmd_process.cpp:938:23:[m[K [01;31m[Kerror: [m[Kâ€˜[01m[KAction[m[Kâ€™ has not been declared
[1.834s]   938 |   Step.position[id] = [01;31m[KAction[m[K::TORQUE_OFF_BIT_MASK;
[1.834s]       |                       [01;31m[K^~~~~~[m[K
[1.834s] [01m[K/home/robo/ROS2/walk_test/src/control/src/action_editor/cmd_process.cpp:[m[K In function â€˜[01m[Kvoid PageCmd(int)[m[Kâ€™:
[1.834s] [01m[K/home/robo/ROS2/walk_test/src/control/src/action_editor/cmd_process.cpp:1017:26:[m[K [01;31m[Kerror: [m[Kâ€˜[01m[KAction[m[Kâ€™ has not been declared
[1.834s]  1017 |  if(index > 0 && index < [01;31m[KAction[m[K::MAXNUM_PAGE)
[1.834s]       |                          [01;31m[K^~~~~~[m[K
[1.834s] [01m[K/home/robo/ROS2/walk_test/src/control/src/action_editor/cmd_process.cpp:1020:3:[m[K [01;31m[Kerror: [m[Kâ€˜[01m[KAction[m[Kâ€™ has not been declared
[1.834s]  1020 |   [01;31m[KAction[m[K::GetInstance()->LoadPage(indexPage, &Page);
[1.834s]       |   [01;31m[K^~~~~~[m[K
[1.835s] [01m[K/home/robo/ROS2/walk_test/src/control/src/action_editor/cmd_process.cpp:1020:47:[m[K [01;31m[Kerror: [m[Kâ€˜[01m[KPage[m[Kâ€™ was not declared in this scope
[1.835s]  1020 |   Action::GetInstance()->LoadPage(indexPage, &[01;31m[KPage[m[K);
[1.835s]       |                                               [01;31m[K^~~~[m[K
[1.835s] [01m[K/home/robo/ROS2/walk_test/src/control/src/action_editor/cmd_process.cpp:[m[K In function â€˜[01m[Kvoid TimeCmd()[m[Kâ€™:
[1.835s] [01m[K/home/robo/ROS2/walk_test/src/control/src/action_editor/cmd_process.cpp:1034:2:[m[K [01;31m[Kerror: [m[Kâ€˜[01m[KPage[m[Kâ€™ was not declared in this scope
[1.835s]  1034 |  [01;31m[KPage[m[K.header.schedule = Action::TIME_BASE_SCHEDULE;
[1.835s]       |  [01;31m[K^~~~[m[K
[1.835s] [01m[K/home/robo/ROS2/walk_test/src/control/src/action_editor/cmd_process.cpp:1034:25:[m[K [01;31m[Kerror: [m[Kâ€˜[01m[KAction[m[Kâ€™ has not been declared
[1.836s]  1034 |  Page.header.schedule = [01;31m[KAction[m[K::TIME_BASE_SCHEDULE;
[1.836s]       |                         [01;31m[K^~~~~~[m[K
[1.836s] [01m[K/home/robo/ROS2/walk_test/src/control/src/action_editor/cmd_process.cpp:[m[K In function â€˜[01m[Kvoid SpeedCmd()[m[Kâ€™:
[1.836s] [01m[K/home/robo/ROS2/walk_test/src/control/src/action_editor/cmd_process.cpp:1041:2:[m[K [01;31m[Kerror: [m[Kâ€˜[01m[KPage[m[Kâ€™ was not declared in this scope
[1.836s]  1041 |  [01;31m[KPage[m[K.header.schedule = Action::SPEED_BASE_SCHEDULE;
[1.836s]       |  [01;31m[K^~~~[m[K
[1.836s] [01m[K/home/robo/ROS2/walk_test/src/control/src/action_editor/cmd_process.cpp:1041:25:[m[K [01;31m[Kerror: [m[Kâ€˜[01m[KAction[m[Kâ€™ has not been declared
[1.836s]  1041 |  Page.header.schedule = [01;31m[KAction[m[K::SPEED_BASE_SCHEDULE;
[1.836s]       |                         [01;31m[K^~~~~~[m[K
[1.836s] [01m[K/home/robo/ROS2/walk_test/src/control/src/action_editor/cmd_process.cpp:[m[K In function â€˜[01m[Kvoid ListCmd()[m[Kâ€™:
[1.836s] [01m[K/home/robo/ROS2/walk_test/src/control/src/action_editor/cmd_process.cpp:1123:5:[m[K [01;31m[Kerror: [m[Kâ€˜[01m[KAction[m[Kâ€™ has not been declared
[1.837s]  1123 |     [01;31m[KAction[m[K::PAGE page;
[1.837s]       |     [01;31m[K^~~~~~[m[K
[1.837s] [01m[K/home/robo/ROS2/walk_test/src/control/src/action_editor/cmd_process.cpp:1124:8:[m[K [01;31m[Kerror: [m[Kâ€˜[01m[KAction[m[Kâ€™ has not been declared
[1.837s]  1124 |     if([01;31m[KAction[m[K::GetInstance()->LoadPage(k, &page) == true)
[1.837s]       |        [01;31m[K^~~~~~[m[K
[1.837s] [01m[K/home/robo/ROS2/walk_test/src/control/src/action_editor/cmd_process.cpp:1124:44:[m[K [01;31m[Kerror: [m[Kâ€˜[01m[Kpage[m[Kâ€™ was not declared in this scope
[1.837s]  1124 |     if(Action::GetInstance()->LoadPage(k, &[01;31m[Kpage[m[K) == true)
[1.837s]       |                                            [01;31m[K^~~~[m[K
[1.837s] [01m[K/home/robo/ROS2/walk_test/src/control/src/action_editor/cmd_process.cpp:1127:21:[m[K [01;31m[Kerror: [m[Kâ€˜[01m[KAction[m[Kâ€™ has not been declared
[1.837s]  1127 |      for(int n=0; n<[01;31m[KAction[m[K::MAXNUM_NAME; n++)
[1.837s]       |                     [01;31m[K^~~~~~[m[K
[1.838s] [01m[K/home/robo/ROS2/walk_test/src/control/src/action_editor/cmd_process.cpp:[m[K In function â€˜[01m[Kvoid OnOffCmd(bool, int, int*)[m[Kâ€™:
[1.838s] [01m[K/home/robo/ROS2/walk_test/src/control/src/action_editor/cmd_process.cpp:1174:20:[m[K [01;35m[Kwarning: [m[Kunused parameter â€˜[01m[Kon[m[Kâ€™ [[01;35m[K-Wunused-parameter[m[K]
[1.838s]  1174 | void OnOffCmd([01;35m[Kbool on[m[K, int num_param, int *list)
[1.838s]       |               [01;35m[K~~~~~^~[m[K
[1.838s] [01m[K/home/robo/ROS2/walk_test/src/control/src/action_editor/cmd_process.cpp:1174:28:[m[K [01;35m[Kwarning: [m[Kunused parameter â€˜[01m[Knum_param[m[Kâ€™ [[01;35m[K-Wunused-parameter[m[K]
[1.838s]  1174 | void OnOffCmd(bool on, [01;35m[Kint num_param[m[K, int *list)
[1.838s]       |                        [01;35m[K~~~~^~~~~~~~~[m[K
[1.838s] [01m[K/home/robo/ROS2/walk_test/src/control/src/action_editor/cmd_process.cpp:1174:44:[m[K [01;35m[Kwarning: [m[Kunused parameter â€˜[01m[Klist[m[Kâ€™ [[01;35m[K-Wunused-parameter[m[K]
[1.838s]  1174 | void OnOffCmd(bool on, int num_param, [01;35m[Kint *list[m[K)
[1.838s]       |                                       [01;35m[K~~~~~^~~~[m[K
[1.838s] [01m[K/home/robo/ROS2/walk_test/src/control/src/action_editor/cmd_process.cpp:[m[K In function â€˜[01m[Kvoid WriteStepCmd(int)[m[Kâ€™:
[1.838s] [01m[K/home/robo/ROS2/walk_test/src/control/src/action_editor/cmd_process.cpp:1198:13:[m[K [01;31m[Kerror: [m[Kâ€˜[01m[KJointData[m[Kâ€™ has not been declared
[1.839s]  1198 |  for(int id=[01;31m[KJointData[m[K::ID_R_SHOULDER_PITCH; id<JointData::NUMBER_OF_JOINTS; id++)
[1.839s]       |             [01;31m[K^~~~~~~~~[m[K
[1.839s] [01m[K/home/robo/ROS2/walk_test/src/control/src/action_editor/cmd_process.cpp:1198:48:[m[K [01;31m[Kerror: [m[Kâ€˜[01m[KJointData[m[Kâ€™ has not been declared
[1.839s]  1198 |  for(int id=JointData::ID_R_SHOULDER_PITCH; id<[01;31m[KJointData[m[K::NUMBER_OF_JOINTS; id++)
[1.839s]       |                                                [01;31m[K^~~~~~~~~[m[K
[1.839s] [01m[K/home/robo/ROS2/walk_test/src/control/src/action_editor/cmd_process.cpp:1200:7:[m[K [01;31m[Kerror: [m[Kâ€˜[01m[KStep[m[Kâ€™ was not declared in this scope
[1.839s]  1200 |   if(([01;31m[KStep[m[K.position[id] + MotionManager::GetInstance()->m_Offset[id]) & Action::TORQUE_OFF_BIT_MASK)
[1.839s]       |       [01;31m[K^~~~[m[K
[1.839s] [01m[K/home/robo/ROS2/walk_test/src/control/src/action_editor/cmd_process.cpp:1200:27:[m[K [01;31m[Kerror: [m[Kâ€˜[01m[KMotionManager[m[Kâ€™ has not been declared
[1.839s]  1200 |   if((Step.position[id] + [01;31m[KMotionManager[m[K::GetInstance()->m_Offset[id]) & Action::TORQUE_OFF_BIT_MASK)
[1.839s]       |                           [01;31m[K^~~~~~~~~~~~~[m[K
[1.839s] [01m[K/home/robo/ROS2/walk_test/src/control/src/action_editor/cmd_process.cpp:1200:73:[m[K [01;31m[Kerror: [m[Kâ€˜[01m[KAction[m[Kâ€™ has not been declared
[1.840s]  1200 | position[id] + MotionManager::GetInstance()->m_Offset[id]) & [01;31m[KAction[m[K::TORQUE_OFF_BIT_MASK)
[1.840s]       |                                                              [01;31m[K^~~~~~[m[K
[1.840s] 
[1.840s] [01m[K/home/robo/ROS2/walk_test/src/control/src/action_editor/cmd_process.cpp:1204:27:[m[K [01;31m[Kerror: [m[Kâ€˜[01m[KAction[m[Kâ€™ has not been declared
[1.840s]  1204 |  if(index >= 0 && index < [01;31m[KAction[m[K::MAXNUM_STEP)
[1.840s]       |                           [01;31m[K^~~~~~[m[K
[1.840s] [01m[K/home/robo/ROS2/walk_test/src/control/src/action_editor/cmd_process.cpp:1206:3:[m[K [01;31m[Kerror: [m[Kâ€˜[01m[KPage[m[Kâ€™ was not declared in this scope
[1.840s]  1206 |   [01;31m[KPage[m[K.step[index] = Step;
[1.840s]       |   [01;31m[K^~~~[m[K
[1.840s] [01m[K/home/robo/ROS2/walk_test/src/control/src/action_editor/cmd_process.cpp:1206:22:[m[K [01;31m[Kerror: [m[Kâ€˜[01m[KStep[m[Kâ€™ was not declared in this scope
[1.840s]  1206 |   Page.step[index] = [01;31m[KStep[m[K;
[1.840s]       |                      [01;31m[K^~~~[m[K
[1.840s] [01m[K/home/robo/ROS2/walk_test/src/control/src/action_editor/cmd_process.cpp:[m[K In function â€˜[01m[Kvoid DeleteStepCmd(int)[m[Kâ€™:
[1.840s] [01m[K/home/robo/ROS2/walk_test/src/control/src/action_editor/cmd_process.cpp:1216:27:[m[K [01;31m[Kerror: [m[Kâ€˜[01m[KAction[m[Kâ€™ has not been declared
[1.840s]  1216 |  if(index >= 0 && index < [01;31m[KAction[m[K::MAXNUM_STEP)
[1.840s]       |                           [01;31m[K^~~~~~[m[K
[1.840s] [01m[K/home/robo/ROS2/walk_test/src/control/src/action_editor/cmd_process.cpp:1218:22:[m[K [01;31m[Kerror: [m[Kâ€˜[01m[KAction[m[Kâ€™ has not been declared
[1.840s]  1218 |   for(int i=index; i<[01;31m[KAction[m[K::MAXNUM_STEP; i++)
[1.840s]       |                      [01;31m[K^~~~~~[m[K
[1.840s] [01m[K/home/robo/ROS2/walk_test/src/control/src/action_editor/cmd_process.cpp:1220:13:[m[K [01;31m[Kerror: [m[Kâ€˜[01m[KAction[m[Kâ€™ has not been declared
[1.841s]  1220 |    if(i == ([01;31m[KAction[m[K::MAXNUM_STEP - 1))
[1.841s]       |             [01;31m[K^~~~~~[m[K
[1.841s] [01m[K/home/robo/ROS2/walk_test/src/control/src/action_editor/cmd_process.cpp:1222:16:[m[K [01;31m[Kerror: [m[Kâ€˜[01m[KJointData[m[Kâ€™ has not been declared
[1.841s]  1222 |     for(int id=[01;31m[KJointData[m[K::ID_R_SHOULDER_PITCH; id<JointData::NUMBER_OF_JOINTS; id++)
[1.841s]       |                [01;31m[K^~~~~~~~~[m[K
[1.841s] [01m[K/home/robo/ROS2/walk_test/src/control/src/action_editor/cmd_process.cpp:1222:51:[m[K [01;31m[Kerror: [m[Kâ€˜[01m[KJointData[m[Kâ€™ has not been declared
[1.841s]  1222 |     for(int id=JointData::ID_R_SHOULDER_PITCH; id<[01;31m[KJointData[m[K::NUMBER_OF_JOINTS; id++)
[1.841s]       |                                                   [01;31m[K^~~~~~~~~[m[K
[1.841s] [01m[K/home/robo/ROS2/walk_test/src/control/src/action_editor/cmd_process.cpp:1223:6:[m[K [01;31m[Kerror: [m[Kâ€˜[01m[KPage[m[Kâ€™ was not declared in this scope
[1.841s]  1223 |      [01;31m[KPage[m[K.step[i].position[id] = Action::INVALID_BIT_MASK;
[1.841s]       |      [01;31m[K^~~~[m[K
[1.841s] [01m[K/home/robo/ROS2/walk_test/src/control/src/action_editor/cmd_process.cpp:1223:34:[m[K [01;31m[Kerror: [m[Kâ€˜[01m[KAction[m[Kâ€™ has not been declared
[1.841s]  1223 |      Page.step[i].position[id] = [01;31m[KAction[m[K::INVALID_BIT_MASK;
[1.841s]       |                                  [01;31m[K^~~~~~[m[K
[1.841s] [01m[K/home/robo/ROS2/walk_test/src/control/src/action_editor/cmd_process.cpp:1225:5:[m[K [01;31m[Kerror: [m[Kâ€˜[01m[KPage[m[Kâ€™ was not declared in this scope
[1.842s]  1225 |     [01;31m[KPage[m[K.step[i].pause = 0;
[1.842s]       |     [01;31m[K^~~~[m[K
[1.842s] [01m[K/home/robo/ROS2/walk_test/src/control/src/action_editor/cmd_process.cpp:1229:5:[m[K [01;31m[Kerror: [m[Kâ€˜[01m[KPage[m[Kâ€™ was not declared in this scope
[1.842s]  1229 |     [01;31m[KPage[m[K.step[i] = Page.step[i + 1];
[1.842s]       |     [01;31m[K^~~~[m[K
[1.842s] [01m[K/home/robo/ROS2/walk_test/src/control/src/action_editor/cmd_process.cpp:1234:14:[m[K [01;31m[Kerror: [m[Kâ€˜[01m[KPage[m[Kâ€™ was not declared in this scope
[1.842s]  1234 |   if(index < [01;31m[KPage[m[K.header.stepnum)
[1.842s]       |              [01;31m[K^~~~[m[K
[1.842s] [01m[K/home/robo/ROS2/walk_test/src/control/src/action_editor/cmd_process.cpp:[m[K In function â€˜[01m[Kvoid InsertStepCmd(int)[m[Kâ€™:
[1.842s] [01m[K/home/robo/ROS2/walk_test/src/control/src/action_editor/cmd_process.cpp:1255:13:[m[K [01;31m[Kerror: [m[Kâ€˜[01m[KJointData[m[Kâ€™ has not been declared
[1.842s]  1255 |  for(int id=[01;31m[KJointData[m[K::ID_R_SHOULDER_PITCH; id<JointData::NUMBER_OF_JOINTS; id++)
[1.842s]       |             [01;31m[K^~~~~~~~~[m[K
[1.842s] [01m[K/home/robo/ROS2/walk_test/src/control/src/action_editor/cmd_process.cpp:1255:48:[m[K [01;31m[Kerror: [m[Kâ€˜[01m[KJointData[m[Kâ€™ has not been declared
[1.843s]  1255 |  for(int id=JointData::ID_R_SHOULDER_PITCH; id<[01;31m[KJointData[m[K::NUMBER_OF_JOINTS; id++)
[1.843s]       |                                                [01;31m[K^~~~~~~~~[m[K
[1.843s] [01m[K/home/robo/ROS2/walk_test/src/control/src/action_editor/cmd_process.cpp:1257:7:[m[K [01;31m[Kerror: [m[Kâ€˜[01m[KStep[m[Kâ€™ was not declared in this scope
[1.843s]  1257 |   if(([01;31m[KStep[m[K.position[id] + MotionManager::GetInstance()->m_Offset[id]) & Action::TORQUE_OFF_BIT_MASK)
[1.843s]       |       [01;31m[K^~~~[m[K
[1.843s] [01m[K/home/robo/ROS2/walk_test/src/control/src/action_editor/cmd_process.cpp:1257:27:[m[K [01;31m[Kerror: [m[Kâ€˜[01m[KMotionManager[m[Kâ€™ has not been declared
[1.843s]  1257 |   if((Step.position[id] + [01;31m[KMotionManager[m[K::GetInstance()->m_Offset[id]) & Action::TORQUE_OFF_BIT_MASK)
[1.843s]       |                           [01;31m[K^~~~~~~~~~~~~[m[K
[1.843s] [01m[K/home/robo/ROS2/walk_test/src/control/src/action_editor/cmd_process.cpp:1257:73:[m[K [01;31m[Kerror: [m[Kâ€˜[01m[KAction[m[Kâ€™ has not been declared
[1.843s]  1257 | position[id] + MotionManager::GetInstance()->m_Offset[id]) & [01;31m[KAction[m[K::TORQUE_OFF_BIT_MASK)
[1.843s]       |                                                              [01;31m[K^~~~~~[m[K
[1.843s] 
[1.843s] [01m[K/home/robo/ROS2/walk_test/src/control/src/action_editor/cmd_process.cpp:1264:27:[m[K [01;31m[Kerror: [m[Kâ€˜[01m[KAction[m[Kâ€™ has not been declared
[1.843s]  1264 |  if(index >= 0 && index < [01;31m[KAction[m[K::MAXNUM_STEP)
[1.843s]       |                           [01;31m[K^~~~~~[m[K
[1.843s] [01m[K/home/robo/ROS2/walk_test/src/control/src/action_editor/cmd_process.cpp:1266:13:[m[K [01;31m[Kerror: [m[Kâ€˜[01m[KAction[m[Kâ€™ has not been declared
[1.843s]  1266 |   for(int i=[01;31m[KAction[m[K::MAXNUM_STEP-1; i>index; i-- )
[1.843s]       |             [01;31m[K^~~~~~[m[K
[1.843s] [01m[K/home/robo/ROS2/walk_test/src/control/src/action_editor/cmd_process.cpp:1268:4:[m[K [01;31m[Kerror: [m[Kâ€˜[01m[KPage[m[Kâ€™ was not declared in this scope
[1.843s]  1268 |    [01;31m[KPage[m[K.step[i] = Page.step[i-1];
[1.843s]       |    [01;31m[K^~~~[m[K
[1.844s] [01m[K/home/robo/ROS2/walk_test/src/control/src/action_editor/cmd_process.cpp:1272:3:[m[K [01;31m[Kerror: [m[Kâ€˜[01m[KPage[m[Kâ€™ was not declared in this scope
[1.844s]  1272 |   [01;31m[KPage[m[K.step[index] = Step;
[1.844s]       |   [01;31m[K^~~~[m[K
[1.844s] [01m[K/home/robo/ROS2/walk_test/src/control/src/action_editor/cmd_process.cpp:1272:22:[m[K [01;31m[Kerror: [m[Kâ€˜[01m[KStep[m[Kâ€™ was not declared in this scope
[1.844s]  1272 |   Page.step[index] = [01;31m[KStep[m[K;
[1.844s]       |                      [01;31m[K^~~~[m[K
[1.844s] [01m[K/home/robo/ROS2/walk_test/src/control/src/action_editor/cmd_process.cpp:1277:30:[m[K [01;31m[Kerror: [m[Kâ€˜[01m[KAction[m[Kâ€™ has not been declared
[1.845s]  1277 |    if(Page.header.stepnum != [01;31m[KAction[m[K::MAXNUM_STEP)
[1.845s]       |                              [01;31m[K^~~~~~[m[K
[1.845s] [01m[K/home/robo/ROS2/walk_test/src/control/src/action_editor/cmd_process.cpp:[m[K In function â€˜[01m[Kvoid MoveStepCmd(int, int)[m[Kâ€™:
[1.845s] [01m[K/home/robo/ROS2/walk_test/src/control/src/action_editor/cmd_process.cpp:1296:23:[m[K [01;31m[Kerror: [m[Kâ€˜[01m[KAction[m[Kâ€™ has not been declared
[1.845s]  1296 |  if(src < 0 || src >= [01;31m[KAction[m[K::MAXNUM_STEP)
[1.845s]       |                       [01;31m[K^~~~~~[m[K
[1.845s] [01m[K/home/robo/ROS2/walk_test/src/control/src/action_editor/cmd_process.cpp:1302:23:[m[K [01;31m[Kerror: [m[Kâ€˜[01m[KAction[m[Kâ€™ has not been declared
[1.845s]  1302 |  if(dst < 0 || dst >= [01;31m[KAction[m[K::MAXNUM_STEP)
[1.845s]       |                       [01;31m[K^~~~~~[m[K
[1.845s] [01m[K/home/robo/ROS2/walk_test/src/control/src/action_editor/cmd_process.cpp:1311:2:[m[K [01;31m[Kerror: [m[Kâ€˜[01m[KAction[m[Kâ€™ has not been declared
[1.845s]  1311 |  [01;31m[KAction[m[K::STEP step = Page.step[src];
[1.845s]       |  [01;31m[K^~~~~~[m[K
[1.845s] [01m[K/home/robo/ROS2/walk_test/src/control/src/action_editor/cmd_process.cpp:1316:4:[m[K [01;31m[Kerror: [m[Kâ€˜[01m[KPage[m[Kâ€™ was not declared in this scope
[1.845s]  1316 |    [01;31m[KPage[m[K.step[i] = Page.step[i + 1];
[1.845s]       |    [01;31m[K^~~~[m[K
[1.846s] [01m[K/home/robo/ROS2/walk_test/src/control/src/action_editor/cmd_process.cpp:1324:4:[m[K [01;31m[Kerror: [m[Kâ€˜[01m[KPage[m[Kâ€™ was not declared in this scope
[1.846s]  1324 |    [01;31m[KPage[m[K.step[i] = Page.step[i - 1];
[1.846s]       |    [01;31m[K^~~~[m[K
[1.846s] [01m[K/home/robo/ROS2/walk_test/src/control/src/action_editor/cmd_process.cpp:1329:2:[m[K [01;31m[Kerror: [m[Kâ€˜[01m[KPage[m[Kâ€™ was not declared in this scope
[1.846s]  1329 |  [01;31m[KPage[m[K.step[dst] = step;
[1.846s]       |  [01;31m[K^~~~[m[K
[1.847s] [01m[K/home/robo/ROS2/walk_test/src/control/src/action_editor/cmd_process.cpp:1329:19:[m[K [01;31m[Kerror: [m[Kâ€˜[01m[Kstep[m[Kâ€™ was not declared in this scope
[1.847s]  1329 |  Page.step[dst] = [01;31m[Kstep[m[K;
[1.847s]       |                   [01;31m[K^~~~[m[K
[1.847s] [01m[K/home/robo/ROS2/walk_test/src/control/src/action_editor/cmd_process.cpp:[m[K In function â€˜[01m[Kvoid CopyCmd(int)[m[Kâ€™:
[1.847s] [01m[K/home/robo/ROS2/walk_test/src/control/src/action_editor/cmd_process.cpp:1339:5:[m[K [01;31m[Kerror: [m[Kâ€˜[01m[KAction[m[Kâ€™ has not been declared
[1.847s]  1339 |  if([01;31m[KAction[m[K::GetInstance()->LoadPage(index, &Page) == true)
[1.847s]       |     [01;31m[K^~~~~~[m[K
[1.847s] [01m[K/home/robo/ROS2/walk_test/src/control/src/action_editor/cmd_process.cpp:1339:45:[m[K [01;31m[Kerror: [m[Kâ€˜[01m[KPage[m[Kâ€™ was not declared in this scope
[1.848s]  1339 |  if(Action::GetInstance()->LoadPage(index, &[01;31m[KPage[m[K) == true)
[1.848s]       |                                             [01;31m[K^~~~[m[K
[1.848s] [01m[K/home/robo/ROS2/walk_test/src/control/src/action_editor/cmd_process.cpp:[m[K In function â€˜[01m[Kvoid NewCmd()[m[Kâ€™:
[1.848s] [01m[K/home/robo/ROS2/walk_test/src/control/src/action_editor/cmd_process.cpp:1350:2:[m[K [01;31m[Kerror: [m[Kâ€˜[01m[KAction[m[Kâ€™ has not been declared
[1.848s]  1350 |  [01;31m[KAction[m[K::GetInstance()->ResetPage(&Page);
[1.848s]       |  [01;31m[K^~~~~~[m[K
[1.848s] [01m[K/home/robo/ROS2/walk_test/src/control/src/action_editor/cmd_process.cpp:1350:36:[m[K [01;31m[Kerror: [m[Kâ€˜[01m[KPage[m[Kâ€™ was not declared in this scope
[1.848s]  1350 |  Action::GetInstance()->ResetPage(&[01;31m[KPage[m[K);
[1.848s]       |                                    [01;31m[K^~~~[m[K
[1.848s] [01m[K/home/robo/ROS2/walk_test/src/control/src/action_editor/cmd_process.cpp:[m[K In function â€˜[01m[Kvoid GoCmd(int)[m[Kâ€™:
[1.848s] [01m[K/home/robo/ROS2/walk_test/src/control/src/action_editor/cmd_process.cpp:1357:27:[m[K [01;31m[Kerror: [m[Kâ€˜[01m[KAction[m[Kâ€™ has not been declared
[1.848s]  1357 |  if(index < 0 || index >= [01;31m[KAction[m[K::MAXNUM_STEP)
[1.848s]       |                           [01;31m[K^~~~~~[m[K
[1.849s] [01m[K/home/robo/ROS2/walk_test/src/control/src/action_editor/cmd_process.cpp:1363:13:[m[K [01;31m[Kerror: [m[Kâ€˜[01m[KPage[m[Kâ€™ was not declared in this scope
[1.849s]  1363 |  if(index > [01;31m[KPage[m[K.header.stepnum)
[1.849s]       |             [01;31m[K^~~~[m[K
[1.849s] [01m[K/home/robo/ROS2/walk_test/src/control/src/action_editor/cmd_process.cpp:1375:16:[m[K [01;31m[Kerror: [m[Kâ€˜[01m[KJointData[m[Kâ€™ has not been declared
[1.849s]  1375 |  uint8_t param[[01;31m[KJointData[m[K::NUMBER_OF_JOINTS * (1 + MX28::PARAM_BYTES)];
[1.849s]       |                [01;31m[K^~~~~~~~~[m[K
[1.849s] [01m[K/home/robo/ROS2/walk_test/src/control/src/action_editor/cmd_process.cpp:1375:51:[m[K [01;31m[Kerror: [m[Kâ€˜[01m[KMX28[m[Kâ€™ has not been declared
[1.849s]  1375 |  uint8_t param[JointData::NUMBER_OF_JOINTS * (1 + [01;31m[KMX28[m[K::PARAM_BYTES)];
[1.849s]       |                                                   [01;31m[K^~~~[m[K
[1.849s] [01m[K/home/robo/ROS2/walk_test/src/control/src/action_editor/cmd_process.cpp:1378:9:[m[K [01;31m[Kerror: [m[Kâ€˜[01m[KJointData[m[Kâ€™ has not been declared
[1.849s]  1378 |  for(id=[01;31m[KJointData[m[K::ID_R_SHOULDER_PITCH; id<JointData::NUMBER_OF_JOINTS-1; id++)
[1.849s]       |         [01;31m[K^~~~~~~~~[m[K
[1.849s] [01m[K/home/robo/ROS2/walk_test/src/control/src/action_editor/cmd_process.cpp:1378:44:[m[K [01;31m[Kerror: [m[Kâ€˜[01m[KJointData[m[Kâ€™ has not been declared
[1.849s]  1378 |  for(id=JointData::ID_R_SHOULDER_PITCH; id<[01;31m[KJointData[m[K::NUMBER_OF_JOINTS-1; id++)
[1.850s]       |                                            [01;31m[K^~~~~~~~~[m[K
[1.850s] [01m[K/home/robo/ROS2/walk_test/src/control/src/action_editor/cmd_process.cpp:1383:7:[m[K [01;31m[Kerror: [m[Kâ€˜[01m[KPage[m[Kâ€™ was not declared in this scope
[1.850s]  1383 |   if(([01;31m[KPage[m[K.step[index].position[id] + MotionManager::GetInstance()->m_Offset[id]) & Action::INVALID_BIT_MASK)
[1.850s]       |       [01;31m[K^~~~[m[K
[1.850s] [01m[K/home/robo/ROS2/walk_test/src/control/src/action_editor/cmd_process.cpp:1383:39:[m[K [01;31m[Kerror: [m[Kâ€˜[01m[KMotionManager[m[Kâ€™ has not been declared
[1.850s]  1383 |   if((Page.step[index].position[id] + [01;31m[KMotionManager[m[K::GetInstance()->m_Offset[id]) & Action::INVALID_BIT_MASK)
[1.850s]       |                                       [01;31m[K^~~~~~~~~~~~~[m[K
[1.850s] [01m[K/home/robo/ROS2/walk_test/src/control/src/action_editor/cmd_process.cpp:1383:85:[m[K [01;31m[Kerror: [m[Kâ€˜[01m[KAction[m[Kâ€™ has not been declared
[1.850s]  1383 | position[id] + MotionManager::GetInstance()->m_Offset[id]) & [01;31m[KAction[m[K::INVALID_BIT_MASK)
[1.850s]       |                                                              [01;31m[K^~~~~~[m[K
[1.850s] 
[1.850s] [01m[K/home/robo/ROS2/walk_test/src/control/src/action_editor/cmd_process.cpp:1385:67:[m[K [01;31m[Kerror: [m[Kâ€˜[01m[KMotionManager[m[Kâ€™ has not been declared
[1.850s]  1385 | intf("conta id %d =%d", id, (Page.step[index].position[id] + [01;31m[KMotionManager[m[K::GetInstance()->m_Offset[id]));
[1.850s]       |                                                              [01;31m[K^~~~~~~~~~~~~[m[K
[1.850s] 
[1.850s] [01m[K/home/robo/ROS2/walk_test/src/control/src/action_editor/cmd_process.cpp:1401:20:[m[K [01;31m[Kerror: [m[Kâ€˜[01m[KPage[m[Kâ€™ was not declared in this scope
[1.850s]  1401 |   wGoalPosition = ([01;31m[KPage[m[K.step[index].position[id] + MotionManager::GetInstance()->m_Offset[id]);
[1.850s]       |                    [01;31m[K^~~~[m[K
[1.850s] [01m[K/home/robo/ROS2/walk_test/src/control/src/action_editor/cmd_process.cpp:1401:52:[m[K [01;31m[Kerror: [m[Kâ€˜[01m[KMotionManager[m[Kâ€™ has not been declared
[1.851s]  1401 |   wGoalPosition = (Page.step[index].position[id] + [01;31m[KMotionManager[m[K::GetInstance()->m_Offset[id]);
[1.851s]       |                                                    [01;31m[K^~~~~~~~~~~~~[m[K
[1.851s] [01m[K/home/robo/ROS2/walk_test/src/control/src/action_editor/cmd_process.cpp:1415:3:[m[K [01;31m[Kerror: [m[Kâ€˜[01m[Kparam[m[Kâ€™ was not declared in this scope
[1.851s]  1415 |   [01;31m[Kparam[m[K[n++] = id;
[1.851s]       |   [01;31m[K^~~~~[m[K
[1.852s] [01m[K/home/robo/ROS2/walk_test/src/control/src/action_editor/cmd_process.cpp:1427:5:[m[K [01;31m[Kerror: [m[Kâ€˜[01m[Kmessage[m[Kâ€™ was not declared in this scope
[1.852s]  1427 |     [01;31m[Kmessage[m[K.id = {1, 2, 3, 4, 5, 6, 7, 8, 9, 10, 11, 12, 13, 14, 15, 16, 17, 18, 19};
[1.852s]       |     [01;31m[K^~~~~~~[m[K
[1.852s] [01m[K/home/robo/ROS2/walk_test/src/control/src/action_editor/cmd_process.cpp:1428:25:[m[K [01;31m[Kerror: [m[Kâ€˜[01m[Kpos[m[Kâ€™ was not declared in this scope; did you mean â€˜[01m[Kpow[m[Kâ€™?
[1.852s]  1428 |     message.position = {[01;31m[Kpos[m[K[1], pos[2], pos[3], pos[4], pos[5], pos[6], pos[7], pos[8], pos[9], pos[10], pos[11], pos[12], pos[13], pos[14], pos[15], pos[16], pos[17], pos[18], pos[19]};
[1.852s]       |                         [01;31m[K^~~[m[K
[1.852s]       |                         [32m[Kpow[m[K
[1.853s] [01m[K/home/robo/ROS2/walk_test/src/control/src/action_editor/cmd_process.cpp:1433:2:[m[K [01;31m[Kerror: [m[Kâ€˜[01m[KStep[m[Kâ€™ was not declared in this scope
[1.853s]  1433 |  [01;31m[KStep[m[K = Page.step[index];
[1.853s]       |  [01;31m[K^~~~[m[K
[1.853s] [01m[K/home/robo/ROS2/walk_test/src/control/src/action_editor/cmd_process.cpp:1433:9:[m[K [01;31m[Kerror: [m[Kâ€˜[01m[KPage[m[Kâ€™ was not declared in this scope
[1.854s]  1433 |  Step = [01;31m[KPage[m[K.step[index];
[1.854s]       |         [01;31m[K^~~~[m[K
[1.854s] [01m[K/home/robo/ROS2/walk_test/src/control/src/action_editor/cmd_process.cpp:[m[K In function â€˜[01m[Kvoid goInitPage()[m[Kâ€™:
[1.854s] [01m[K/home/robo/ROS2/walk_test/src/control/src/action_editor/cmd_process.cpp:1440:2:[m[K [01;31m[Kerror: [m[Kâ€˜[01m[KAction[m[Kâ€™ has not been declared
[1.854s]  1440 |  [01;31m[KAction[m[K::GetInstance()->LoadPage(1, &Page);
[1.854s]       |  [01;31m[K^~~~~~[m[K
[1.854s] [01m[K/home/robo/ROS2/walk_test/src/control/src/action_editor/cmd_process.cpp:1440:38:[m[K [01;31m[Kerror: [m[Kâ€˜[01m[KPage[m[Kâ€™ was not declared in this scope
[1.854s]  1440 |  Action::GetInstance()->LoadPage(1, &[01;31m[KPage[m[K);
[1.854s]       |                                      [01;31m[K^~~~[m[K
[1.854s] [01m[K/home/robo/ROS2/walk_test/src/control/src/action_editor/cmd_process.cpp:[m[K In function â€˜[01m[Kvoid backToPage()[m[Kâ€™:
[1.854s] [01m[K/home/robo/ROS2/walk_test/src/control/src/action_editor/cmd_process.cpp:1445:2:[m[K [01;31m[Kerror: [m[Kâ€˜[01m[KAction[m[Kâ€™ has not been declared
[1.854s]  1445 |  [01;31m[KAction[m[K::GetInstance()->LoadPage(indexPageBuffer, &Page);
[1.854s]       |  [01;31m[K^~~~~~[m[K
[1.855s] [01m[K/home/robo/ROS2/walk_test/src/control/src/action_editor/cmd_process.cpp:1445:52:[m[K [01;31m[Kerror: [m[Kâ€˜[01m[KPage[m[Kâ€™ was not declared in this scope
[1.855s]  1445 |  Action::GetInstance()->LoadPage(indexPageBuffer, &[01;31m[KPage[m[K);
[1.855s]       |                                                    [01;31m[K^~~~[m[K
[1.855s] [01m[K/home/robo/ROS2/walk_test/src/control/src/action_editor/cmd_process.cpp:[m[K In function â€˜[01m[Kvoid SaveCmd()[m[Kâ€™:
[1.855s] [01m[K/home/robo/ROS2/walk_test/src/control/src/action_editor/cmd_process.cpp:1454:5:[m[K [01;31m[Kerror: [m[Kâ€˜[01m[KAction[m[Kâ€™ has not been declared
[1.855s]  1454 |  if([01;31m[KAction[m[K::GetInstance()->SavePage(indexPage, &Page) == true)
[1.855s]       |     [01;31m[K^~~~~~[m[K
[1.855s] [01m[K/home/robo/ROS2/walk_test/src/control/src/action_editor/cmd_process.cpp:1454:49:[m[K [01;31m[Kerror: [m[Kâ€˜[01m[KPage[m[Kâ€™ was not declared in this scope
[1.855s]  1454 |  if(Action::GetInstance()->SavePage(indexPage, &[01;31m[KPage[m[K) == true)
[1.855s]       |                                                 [01;31m[K^~~~[m[K
[1.855s] [01m[K/home/robo/ROS2/walk_test/src/control/src/action_editor/cmd_process.cpp:[m[K In function â€˜[01m[Kvoid readServo()[m[Kâ€™:
[1.856s] [01m[K/home/robo/ROS2/walk_test/src/control/src/action_editor/cmd_process.cpp:1460:11:[m[K [01;35m[Kwarning: [m[Kunused variable â€˜[01m[Kvalue[m[Kâ€™ [[01;35m[K-Wunused-variable[m[K]
[1.856s]  1460 |  uint32_t [01;35m[Kvalue[m[K;
[1.856s]       |           [01;35m[K^~~~~[m[K
[1.856s] [01m[K/home/robo/ROS2/walk_test/src/control/src/action_editor/cmd_process.cpp:[m[K In function â€˜[01m[Kvoid NameCmd()[m[Kâ€™:
[1.856s] [01m[K/home/robo/ROS2/walk_test/src/control/src/action_editor/cmd_process.cpp:1476:2:[m[K [01;31m[Kerror: [m[Kâ€˜[01m[Kgets[m[Kâ€™ was not declared in this scope; did you mean â€˜[01m[Kfgets[m[Kâ€™?
[1.856s]  1476 |  [01;31m[Kgets[m[K(name);
[1.856s]       |  [01;31m[K^~~~[m[K
[1.856s]       |  [32m[Kfgets[m[K
[1.856s] [01m[K/home/robo/ROS2/walk_test/src/control/src/action_editor/cmd_process.cpp:1478:18:[m[K [01;31m[Kerror: [m[Kâ€˜[01m[KAction[m[Kâ€™ has not been declared
[1.856s]  1478 |  for(int i=0; i<=[01;31m[KAction[m[K::MAXNUM_NAME; i++)
[1.856s]       |                  [01;31m[K^~~~~~[m[K
[1.856s] [01m[K/home/robo/ROS2/walk_test/src/control/src/action_editor/cmd_process.cpp:1479:3:[m[K [01;31m[Kerror: [m[Kâ€˜[01m[KPage[m[Kâ€™ was not declared in this scope
[1.856s]  1479 |   [01;31m[KPage[m[K.header.name[i] = name[i];
[1.857s]       |   [01;31m[K^~~~[m[K
[2.190s] make[2]: *** [CMakeFiles/motion.dir/build.make:271: CMakeFiles/motion.dir/src/action_editor/cmd_process.cpp.o] Error 1
[2.190s] make[1]: *** [CMakeFiles/Makefile2:194: CMakeFiles/motion.dir/all] Error 2
[2.190s] make: *** [Makefile:141: all] Error 2
[2.191s] Invoked command in '/home/robo/ROS2/walk_test/build/control' returned '2': CMAKE_PREFIX_PATH=/home/robo/ROS2/walk_test/install/dynamixel_sdk_custom_interfaces:/home/robo/ROS2/walk_test/install/control:/opt/ros/foxy LD_LIBRARY_PATH=/home/robo/ROS2/walk_test/install/dynamixel_sdk_custom_interfaces/lib:/home/robo/ROS2/walk_test/install/control/lib:/opt/ros/foxy/opt/yaml_cpp_vendor/lib:/opt/ros/foxy/opt/rviz_ogre_vendor/lib:/opt/ros/foxy/lib/x86_64-linux-gnu:/opt/ros/foxy/lib /usr/bin/cmake --build /home/robo/ROS2/walk_test/build/control -- -j12 -l12
