[0.008s] Invoking command in '/home/robo/ROS2/walk_test/build/control': CMAKE_PREFIX_PATH=/home/robo/ROS2/walk_test/install/dynamixel_sdk_custom_interfaces:/home/robo/ROS2/walk_test/install/control:/opt/ros/foxy LD_LIBRARY_PATH=/home/robo/ROS2/walk_test/install/dynamixel_sdk_custom_interfaces/lib:/home/robo/ROS2/walk_test/install/control/lib:/opt/ros/foxy/opt/yaml_cpp_vendor/lib:/opt/ros/foxy/opt/rviz_ogre_vendor/lib:/opt/ros/foxy/lib/x86_64-linux-gnu:/opt/ros/foxy/lib /usr/bin/cmake --build /home/robo/ROS2/walk_test/build/control -- -j12 -l12
[0.041s] [35m[1mScanning dependencies of target motion[0m
[0.053s] [ 19%] Built target gait_publisher
[0.053s] [ 19%] Built target decision
[0.054s] [ 28%] Built target control
[0.066s] [ 33%] [32mBuilding CXX object CMakeFiles/motion.dir/src/motion/MotionManager.cpp.o[0m
[1.022s] In file included from [01m[K/home/robo/ROS2/walk_test/src/control/src/motion/MotionManager.cpp:25[m[K:
[1.022s] [01m[K/home/robo/ROS2/walk_test/src/control/include/MotionManager.h:[m[K In constructor â€˜[01m[KRobot::MotionManager::MotionManager(const rclcpp::NodeOptions&)[m[Kâ€™:
[1.023s] [01m[K/home/robo/ROS2/walk_test/src/control/include/MotionManager.h:84:8:[m[K [01;35m[Kwarning: [m[Kâ€˜[01m[KRobot::MotionManager::DEBUG_PRINT[m[Kâ€™ will be initialized after [[01;35m[K-Wreorder[m[K]
[1.023s]    84 |   bool [01;35m[KDEBUG_PRINT[m[K;
[1.023s]       |        [01;35m[K^~~~~~~~~~~[m[K
[1.023s] [01m[K/home/robo/ROS2/walk_test/src/control/src/motion/MotionManager.cpp:64:41:[m[K [01;35m[Kwarning: [m[K  base â€˜[01m[Krclcpp::Node[m[Kâ€™ [[01;35m[K-Wreorder[m[K]
[1.023s]    64 |   rclcpp::Node("gait_publisher", options[01;35m[K)[m[K
[1.023s]       |                                         [01;35m[K^[m[K
[1.023s] [01m[K/home/robo/ROS2/walk_test/src/control/src/motion/MotionManager.cpp:56:1:[m[K [01;35m[Kwarning: [m[K  when initialized here [[01;35m[K-Wreorder[m[K]
[1.023s]    56 | [01;35m[KMotionManager[m[K::MotionManager(const rclcpp::NodeOptions & options) :
[1.023s]       | [01;35m[K^~~~~~~~~~~~~[m[K
[1.043s] [01m[K/home/robo/ROS2/walk_test/src/control/src/motion/MotionManager.cpp:[m[K In member function â€˜[01m[Kvoid Robot::MotionManager::topic_callback(std::shared_ptr<sensor_msgs::msg::Imu_<std::allocator<void> > >) const[m[Kâ€™:
[1.043s] [01m[K/home/robo/ROS2/walk_test/src/control/src/motion/MotionManager.cpp:94:15:[m[K [01;35m[Kwarning: [m[Kunused variable â€˜[01m[KIMU_GYRO_X[m[Kâ€™ [[01;35m[K-Wunused-variable[m[K]
[1.043s]    94 |         float [01;35m[KIMU_GYRO_X[m[K = -imu_msg_->angular_velocity.x/10;
[1.043s]       |               [01;35m[K^~~~~~~~~~[m[K
[1.043s] [01m[K/home/robo/ROS2/walk_test/src/control/src/motion/MotionManager.cpp:95:15:[m[K [01;35m[Kwarning: [m[Kunused variable â€˜[01m[KIMU_GYRO_Y[m[Kâ€™ [[01;35m[K-Wunused-variable[m[K]
[1.043s]    95 |         float [01;35m[KIMU_GYRO_Y[m[K  = -imu_msg_->angular_velocity.y/10;
[1.043s]       |               [01;35m[K^~~~~~~~~~[m[K
[1.045s] [01m[K/home/robo/ROS2/walk_test/src/control/src/motion/MotionManager.cpp:[m[K In member function â€˜[01m[Kvoid Robot::MotionManager::topic_callback_walk(std::shared_ptr<dynamixel_sdk_custom_interfaces::msg::Walk_<std::allocator<void> > >) const[m[Kâ€™:
[1.045s] [01m[K/home/robo/ROS2/walk_test/src/control/src/motion/MotionManager.cpp:106:17:[m[K [01;35m[Kwarning: [m[Kstatement has no effect [[01;35m[K-Wunused-value[m[K]
[1.045s]   106 |     [01;35m[Kkeep_walking==true[m[K;
[1.045s]       |     [01;35m[K~~~~~~~~~~~~^~~~~~[m[K
[1.045s] [01m[K/home/robo/ROS2/walk_test/src/control/src/motion/MotionManager.cpp:113:17:[m[K [01;35m[Kwarning: [m[Kstatement has no effect [[01;35m[K-Wunused-value[m[K]
[1.045s]   113 |     [01;35m[Kkeep_walking==false[m[K;
[1.045s]       |     [01;35m[K~~~~~~~~~~~~^~~~~~~[m[K
[1.045s] [01m[K/home/robo/ROS2/walk_test/src/control/src/motion/MotionManager.cpp:[m[K In member function â€˜[01m[Kbool Robot::MotionManager::Initialize(bool)[m[Kâ€™:
[1.045s] [01m[K/home/robo/ROS2/walk_test/src/control/src/motion/MotionManager.cpp:121:6:[m[K [01;35m[Kwarning: [m[Kunused variable â€˜[01m[Kvalue[m[Kâ€™ [[01;35m[K-Wunused-variable[m[K]
[1.045s]   121 |  int [01;35m[Kvalue[m[K, error;
[1.045s]       |      [01;35m[K^~~~~[m[K
[1.045s] [01m[K/home/robo/ROS2/walk_test/src/control/src/motion/MotionManager.cpp:121:13:[m[K [01;35m[Kwarning: [m[Kunused variable â€˜[01m[Kerror[m[Kâ€™ [[01;35m[K-Wunused-variable[m[K]
[1.045s]   121 |  int value, [01;35m[Kerror[m[K;
[1.045s]       |             [01;35m[K^~~~~[m[K
[1.045s] [01m[K/home/robo/ROS2/walk_test/src/control/src/motion/MotionManager.cpp:182:2:[m[K [01;35m[Kwarning: [m[Kno return statement in function returning non-void [[01;35m[K-Wreturn-type[m[K]
[1.045s]   182 |  [01;35m[K}[m[K
[1.045s]       |  [01;35m[K^[m[K
[1.046s] [01m[K/home/robo/ROS2/walk_test/src/control/src/motion/MotionManager.cpp:118:37:[m[K [01;35m[Kwarning: [m[Kunused parameter â€˜[01m[KfadeIn[m[Kâ€™ [[01;35m[K-Wunused-parameter[m[K]
[1.046s]   118 | bool MotionManager::Initialize([01;35m[Kbool fadeIn[m[K)
[1.046s]       |                                [01;35m[K~~~~~^~~~~~[m[K
[1.046s] [01m[K/home/robo/ROS2/walk_test/src/control/src/motion/MotionManager.cpp:[m[K At global scope:
[1.046s] [01m[K/home/robo/ROS2/walk_test/src/control/src/motion/MotionManager.cpp:184:2:[m[K [01;31m[Kerror: [m[Kexpected unqualified-id before â€˜[01m[Kif[m[Kâ€™
[1.046s]   184 |  [01;31m[Kif[m[K(fadeIn)
[1.046s]       |  [01;31m[K^~[m[K
[1.046s] [01m[K/home/robo/ROS2/walk_test/src/control/src/motion/MotionManager.cpp:190:2:[m[K [01;31m[Kerror: [m[Kâ€˜[01m[Km_fadeIn[m[Kâ€™ does not name a type
[1.046s]   190 |  [01;31m[Km_fadeIn[m[K = fadeIn;
[1.046s]       |  [01;31m[K^~~~~~~~[m[K
[1.047s] [01m[K/home/robo/ROS2/walk_test/src/control/src/motion/MotionManager.cpp:191:2:[m[K [01;31m[Kerror: [m[Kâ€˜[01m[Km_torque_count[m[Kâ€™ does not name a type
[1.047s]   191 |  [01;31m[Km_torque_count[m[K = 0;
[1.047s]       |  [01;31m[K^~~~~~~~~~~~~~[m[K
[1.049s] [01m[K/home/robo/ROS2/walk_test/src/control/src/motion/MotionManager.cpp:193:2:[m[K [01;31m[Kerror: [m[Kâ€˜[01m[Km_CalibrationStatus[m[Kâ€™ does not name a type
[1.049s]   193 |  [01;31m[Km_CalibrationStatus[m[K = 0;
[1.049s]       |  [01;31m[K^~~~~~~~~~~~~~~~~~~[m[K
[1.050s] [01m[K/home/robo/ROS2/walk_test/src/control/src/motion/MotionManager.cpp:194:2:[m[K [01;31m[Kerror: [m[Kâ€˜[01m[Km_FBGyroCenter[m[Kâ€™ does not name a type
[1.050s]   194 |  [01;31m[Km_FBGyroCenter[m[K = 512;
[1.051s]       |  [01;31m[K^~~~~~~~~~~~~~[m[K
[1.052s] [01m[K/home/robo/ROS2/walk_test/src/control/src/motion/MotionManager.cpp:195:2:[m[K [01;31m[Kerror: [m[Kâ€˜[01m[Km_RLGyroCenter[m[Kâ€™ does not name a type
[1.052s]   195 |  [01;31m[Km_RLGyroCenter[m[K = 512;
[1.052s]       |  [01;31m[K^~~~~~~~~~~~~~[m[K
[1.052s] [01m[K/home/robo/ROS2/walk_test/src/control/src/motion/MotionManager.cpp:197:2:[m[K [01;31m[Kerror: [m[Kexpected unqualified-id before â€˜[01m[Kreturn[m[Kâ€™
[1.052s]   197 |  [01;31m[Kreturn[m[K true;
[1.052s]       |  [01;31m[K^~~~~~[m[K
[1.052s] [01m[K/home/robo/ROS2/walk_test/src/control/src/motion/MotionManager.cpp:198:1:[m[K [01;31m[Kerror: [m[Kexpected declaration before â€˜[01m[K}[m[Kâ€™ token
[1.052s]   198 | [01;31m[K}[m[K
[1.052s]       | [01;31m[K^[m[K
[1.052s] [01m[K/home/robo/ROS2/walk_test/src/control/src/motion/MotionManager.cpp:[m[K In member function â€˜[01m[Kbool Robot::MotionManager::Reinitialize()[m[Kâ€™:
[1.052s] [01m[K/home/robo/ROS2/walk_test/src/control/src/motion/MotionManager.cpp:206:6:[m[K [01;35m[Kwarning: [m[Kunused variable â€˜[01m[Kvalue[m[Kâ€™ [[01;35m[K-Wunused-variable[m[K]
[1.052s]   206 |  int [01;35m[Kvalue[m[K, error;
[1.052s]       |      [01;35m[K^~~~~[m[K
[1.053s] [01m[K/home/robo/ROS2/walk_test/src/control/src/motion/MotionManager.cpp:206:13:[m[K [01;35m[Kwarning: [m[Kunused variable â€˜[01m[Kerror[m[Kâ€™ [[01;35m[K-Wunused-variable[m[K]
[1.053s]   206 |  int value, [01;35m[Kerror[m[K;
[1.053s]       |             [01;35m[K^~~~~[m[K
[1.060s] [01m[K/home/robo/ROS2/walk_test/src/control/src/motion/MotionManager.cpp:[m[K In member function â€˜[01m[Kvoid Robot::MotionManager::Process()[m[Kâ€™:
[1.060s] [01m[K/home/robo/ROS2/walk_test/src/control/src/motion/MotionManager.cpp:361:18:[m[K [01;35m[Kwarning: [m[Kstatement has no effect [[01;35m[K-Wunused-value[m[K]
[1.060s]   361 |  [01;35m[Km_ProcessEnable == true[m[K; // TIRAR DEPOIS
[1.060s]       |  [01;35m[K~~~~~~~~~~~~~~~~^~~~~~~[m[K
[1.060s] [01m[K/home/robo/ROS2/walk_test/src/control/src/motion/MotionManager.cpp:362:14:[m[K [01;35m[Kwarning: [m[Kstatement has no effect [[01;35m[K-Wunused-value[m[K]
[1.060s]   362 |  [01;35m[Km_IsRunning == false[m[K; // TIRAR DEPOIS
[1.060s]       |  [01;35m[K~~~~~~~~~~~~^~~~~~~~[m[K
[1.068s] [01m[K/home/robo/ROS2/walk_test/src/control/src/motion/MotionManager.cpp:404:7:[m[K [01;35m[Kwarning: [m[Kunused variable â€˜[01m[Kjoint_num[m[Kâ€™ [[01;35m[K-Wunused-variable[m[K]
[1.068s]   404 |   int [01;35m[Kjoint_num[m[K = 0;
[1.068s]       |       [01;35m[K^~~~~~~~~[m[K
[2.932s] make[2]: *** [CMakeFiles/motion.dir/build.make:63: CMakeFiles/motion.dir/src/motion/MotionManager.cpp.o] Error 1
[2.932s] make[1]: *** [CMakeFiles/Makefile2:165: CMakeFiles/motion.dir/all] Error 2
[2.932s] make: *** [Makefile:141: all] Error 2
[2.934s] Invoked command in '/home/robo/ROS2/walk_test/build/control' returned '2': CMAKE_PREFIX_PATH=/home/robo/ROS2/walk_test/install/dynamixel_sdk_custom_interfaces:/home/robo/ROS2/walk_test/install/control:/opt/ros/foxy LD_LIBRARY_PATH=/home/robo/ROS2/walk_test/install/dynamixel_sdk_custom_interfaces/lib:/home/robo/ROS2/walk_test/install/control/lib:/opt/ros/foxy/opt/yaml_cpp_vendor/lib:/opt/ros/foxy/opt/rviz_ogre_vendor/lib:/opt/ros/foxy/lib/x86_64-linux-gnu:/opt/ros/foxy/lib /usr/bin/cmake --build /home/robo/ROS2/walk_test/build/control -- -j12 -l12
