[0.009s] Invoking command in '/home/robo/ROS2/walk_test/build/control': CMAKE_PREFIX_PATH=/home/robo/ROS2/walk_test/install/dynamixel_sdk_custom_interfaces:/home/robo/ROS2/walk_test/install/control:/opt/ros/foxy LD_LIBRARY_PATH=/home/robo/ROS2/walk_test/install/dynamixel_sdk_custom_interfaces/lib:/home/robo/ROS2/walk_test/install/control/lib:/opt/ros/foxy/opt/yaml_cpp_vendor/lib:/opt/ros/foxy/opt/rviz_ogre_vendor/lib:/opt/ros/foxy/lib/x86_64-linux-gnu:/opt/ros/foxy/lib /usr/bin/cmake --build /home/robo/ROS2/walk_test/build/control -- -j12 -l12
[0.041s] [35m[1mScanning dependencies of target action[0m
[0.055s] [ 16%] Built target decision
[0.055s] [ 16%] Built target gait_publisher
[0.055s] [ 24%] Built target control
[0.059s] [ 92%] Built target motion
[0.069s] [ 96%] [32mBuilding CXX object CMakeFiles/action.dir/src/action_editor/main.cpp.o[0m
[1.023s] [01m[K/home/robo/ROS2/walk_test/src/control/src/action_editor/main.cpp:[m[K In member function â€˜[01m[Kint MinimalPublisher::process()[m[Kâ€™:
[1.023s] [01m[K/home/robo/ROS2/walk_test/src/control/src/action_editor/main.cpp:89:33:[m[K [01;31m[Kerror: [m[Kcannot call member function â€˜[01m[Kbool Robot::Action::LoadFile(char*)[m[Kâ€™ without object
[1.023s]    89 |     if(Action::LoadFile(filename[01;31m[K)[m[K == false)
[1.023s]       |                                 [01;31m[K^[m[K
[1.023s] [01m[K/home/robo/ROS2/walk_test/src/control/src/action_editor/main.cpp:91:16:[m[K [01;35m[Kwarning: [m[Knon-ISO-standard escape sequence, '\e'
[1.024s]    91 |         printf([01;35m[K"Can not open \e[0;31m%s\e[0m\n"[m[K, filename);
[1.024s]       |                [01;35m[K^~~~~~~~~~~~~~~~~~~~~~~~~~~~~~~~[m[K
[1.024s] [01m[K/home/robo/ROS2/walk_test/src/control/src/action_editor/main.cpp:91:16:[m[K [01;35m[Kwarning: [m[Knon-ISO-standard escape sequence, '\e'
[1.024s] [01m[K/home/robo/ROS2/walk_test/src/control/src/action_editor/main.cpp:100:39:[m[K [01;31m[Kerror: [m[Kcannot call member function â€˜[01m[Kbool Robot::Action::CreateFile(char*)[m[Kâ€™ without object
[1.024s]   100 |         if(Action::CreateFile(filename[01;31m[K)[m[K == false)
[1.024s]       |                                       [01;31m[K^[m[K
[1.024s] [01m[K/home/robo/ROS2/walk_test/src/control/src/action_editor/main.cpp:102:20:[m[K [01;35m[Kwarning: [m[Knon-ISO-standard escape sequence, '\e'
[1.024s]   102 |             printf([01;35m[K"\e[1;31mFail to create %s\e[0m\n"[m[K, filename);
[1.024s]       |                    [01;35m[K^~~~~~~~~~~~~~~~~~~~~~~~~~~~~~~~~~[m[K
[1.024s] [01m[K/home/robo/ROS2/walk_test/src/control/src/action_editor/main.cpp:102:20:[m[K [01;35m[Kwarning: [m[Knon-ISO-standard escape sequence, '\e'
[1.024s] [01m[K/home/robo/ROS2/walk_test/src/control/src/action_editor/main.cpp:[m[K In function â€˜[01m[Kvoid sighandler(int)[m[Kâ€™:
[1.024s] [01m[K/home/robo/ROS2/walk_test/src/control/src/action_editor/main.cpp:341:21:[m[K [01;35m[Kwarning: [m[Kunused parameter â€˜[01m[Ksig[m[Kâ€™ [[01;35m[K-Wunused-parameter[m[K]
[1.024s]   341 | void sighandler([01;35m[Kint sig[m[K)
[1.024s]       |                 [01;35m[K~~~~^~~[m[K
[1.337s] make[2]: *** [CMakeFiles/action.dir/build.make:63: CMakeFiles/action.dir/src/action_editor/main.cpp.o] Error 1
[1.337s] make[1]: *** [CMakeFiles/Makefile2:248: CMakeFiles/action.dir/all] Error 2
[1.337s] make: *** [Makefile:141: all] Error 2
[1.339s] Invoked command in '/home/robo/ROS2/walk_test/build/control' returned '2': CMAKE_PREFIX_PATH=/home/robo/ROS2/walk_test/install/dynamixel_sdk_custom_interfaces:/home/robo/ROS2/walk_test/install/control:/opt/ros/foxy LD_LIBRARY_PATH=/home/robo/ROS2/walk_test/install/dynamixel_sdk_custom_interfaces/lib:/home/robo/ROS2/walk_test/install/control/lib:/opt/ros/foxy/opt/yaml_cpp_vendor/lib:/opt/ros/foxy/opt/rviz_ogre_vendor/lib:/opt/ros/foxy/lib/x86_64-linux-gnu:/opt/ros/foxy/lib /usr/bin/cmake --build /home/robo/ROS2/walk_test/build/control -- -j12 -l12
