[0.034s] Invoking command in '/home/robofei/robotis_ws/build/dynamixel_sdk_examples': AMENT_PREFIX_PATH=/home/robofei/robotis_ws/install/dynamixel_sdk_custom_interfaces:/home/robofei/robotis_ws/install/dynamixel_sdk:${AMENT_PREFIX_PATH} CMAKE_PREFIX_PATH=/home/robofei/robotis_ws/install/dynamixel_sdk_custom_interfaces:/home/robofei/robotis_ws/install/dynamixel_sdk:/opt/ros/foxy LD_LIBRARY_PATH=/home/robofei/robotis_ws/install/dynamixel_sdk_custom_interfaces/lib:/home/robofei/robotis_ws/install/dynamixel_sdk/lib:${LD_LIBRARY_PATH} PYTHONPATH=/home/robofei/robotis_ws/install/dynamixel_sdk_custom_interfaces/lib/python3.8/site-packages:${PYTHONPATH} /usr/bin/cmake /home/robofei/robotis_ws/src/DynamixelSDK/dynamixel_sdk_examples -DCMAKE_INSTALL_PREFIX=/home/robofei/robotis_ws/install/dynamixel_sdk_examples
[0.058s] -- Found ament_cmake: 0.9.9 (/opt/ros/foxy/share/ament_cmake/cmake)
[0.082s] -- Using PYTHON_EXECUTABLE: /usr/bin/python3
[0.271s] -- Override CMake install command with custom implementation using symlinks instead of copying resources
[0.279s] -- Found dynamixel_sdk: 3.7.40 (/home/robofei/robotis_ws/install/dynamixel_sdk/share/dynamixel_sdk/cmake)
[0.281s] -- Found dynamixel_sdk_custom_interfaces: 3.7.40 (/home/robofei/robotis_ws/install/dynamixel_sdk_custom_interfaces/share/dynamixel_sdk_custom_interfaces/cmake)
[0.305s] -- Using all available rosidl_typesupport_c: rosidl_typesupport_fastrtps_c;rosidl_typesupport_introspection_c
[0.309s] -- Found rosidl_adapter: 1.2.1 (/opt/ros/foxy/share/rosidl_adapter/cmake)
[0.442s] -- Using all available rosidl_typesupport_cpp: rosidl_typesupport_fastrtps_cpp;rosidl_typesupport_introspection_cpp
[0.520s] -- Found rclcpp: 2.4.0 (/opt/ros/foxy/share/rclcpp/cmake)
[0.761s] -- Found rmw_implementation_cmake: 1.0.3 (/opt/ros/foxy/share/rmw_implementation_cmake/cmake)
[0.772s] -- Using RMW implementation 'rmw_fastrtps_cpp' as default
[1.382s] -- Found ament_lint_auto: 0.9.6 (/opt/ros/foxy/share/ament_lint_auto/cmake)
[1.709s] -- Added test 'copyright' to check source files copyright and LICENSE
[1.712s] -- Added test 'cppcheck' to perform static code analysis on C / C++ code
[1.713s] -- Configured cppcheck include dirs: /home/robofei/robotis_ws/src/DynamixelSDK/dynamixel_sdk_examples/include
[1.713s] -- Configured cppcheck exclude dirs and/or files: 
[1.746s] -- Added test 'cpplint' to check C / C++ code against the Google style
[1.747s] -- Configured cpplint exclude dirs and/or files: 
[1.750s] -- Added test 'lint_cmake' to check CMake code style
[1.777s] -- Added test 'uncrustify' to check C / C++ code style
[1.778s] -- Configured uncrustify additional arguments: 
[1.780s] -- Added test 'xmllint' to check XML markup files
[1.798s] -- Configuring done
[1.854s] -- Generating done
[1.858s] -- Build files have been written to: /home/robofei/robotis_ws/build/dynamixel_sdk_examples
[1.868s] Invoked command in '/home/robofei/robotis_ws/build/dynamixel_sdk_examples' returned '0': AMENT_PREFIX_PATH=/home/robofei/robotis_ws/install/dynamixel_sdk_custom_interfaces:/home/robofei/robotis_ws/install/dynamixel_sdk:${AMENT_PREFIX_PATH} CMAKE_PREFIX_PATH=/home/robofei/robotis_ws/install/dynamixel_sdk_custom_interfaces:/home/robofei/robotis_ws/install/dynamixel_sdk:/opt/ros/foxy LD_LIBRARY_PATH=/home/robofei/robotis_ws/install/dynamixel_sdk_custom_interfaces/lib:/home/robofei/robotis_ws/install/dynamixel_sdk/lib:${LD_LIBRARY_PATH} PYTHONPATH=/home/robofei/robotis_ws/install/dynamixel_sdk_custom_interfaces/lib/python3.8/site-packages:${PYTHONPATH} /usr/bin/cmake /home/robofei/robotis_ws/src/DynamixelSDK/dynamixel_sdk_examples -DCMAKE_INSTALL_PREFIX=/home/robofei/robotis_ws/install/dynamixel_sdk_examples
[1.871s] Invoking command in '/home/robofei/robotis_ws/build/dynamixel_sdk_examples': AMENT_PREFIX_PATH=/home/robofei/robotis_ws/install/dynamixel_sdk_custom_interfaces:/home/robofei/robotis_ws/install/dynamixel_sdk:${AMENT_PREFIX_PATH} CMAKE_PREFIX_PATH=/home/robofei/robotis_ws/install/dynamixel_sdk_custom_interfaces:/home/robofei/robotis_ws/install/dynamixel_sdk:/opt/ros/foxy LD_LIBRARY_PATH=/home/robofei/robotis_ws/install/dynamixel_sdk_custom_interfaces/lib:/home/robofei/robotis_ws/install/dynamixel_sdk/lib:${LD_LIBRARY_PATH} PYTHONPATH=/home/robofei/robotis_ws/install/dynamixel_sdk_custom_interfaces/lib/python3.8/site-packages:${PYTHONPATH} /usr/bin/cmake --build /home/robofei/robotis_ws/build/dynamixel_sdk_examples -- -j4 -l4
[2.005s] [35m[1mScanning dependencies of target read_write_node[0m
[2.090s] [ 50%] [32mBuilding CXX object CMakeFiles/read_write_node.dir/src/read_write_node.cpp.o[0m
[4.906s] [01m[K/home/robofei/robotis_ws/src/DynamixelSDK/dynamixel_sdk_examples/src/read_write_node.cpp:[m[K In lambda function:
[4.906s] [01m[K/home/robofei/robotis_ws/src/DynamixelSDK/dynamixel_sdk_examples/src/read_write_node.cpp:83:21:[m[K [01;35m[Kwarning: [m[Ksuggest parentheses around assignment used as truth value [[01;35m[K-Wparentheses[m[K]
[4.906s]    83 |       for(int i=1; [01;35m[Ki=20[m[K; i++){
[4.906s]       |                    [01;35m[K~^~~[m[K
[4.906s] [01m[K/home/robofei/robotis_ws/src/DynamixelSDK/dynamixel_sdk_examples/src/read_write_node.cpp:84:18:[m[K [01;35m[Kwarning: [m[KISO C++ forbids variable length array â€˜[01m[Kgoal_position[m[Kâ€™ [[01;35m[K-Wvla[m[K]
[4.906s]    84 |         uint32_t [01;35m[Kgoal_position[m[K[i] = (unsigned int)msg->position[i];  // Convert int32 -> uint32
[4.907s]       |                  [01;35m[K^~~~~~~~~~~~~[m[K
[4.907s] [01m[K/home/robofei/robotis_ws/src/DynamixelSDK/dynamixel_sdk_examples/src/read_write_node.cpp:84:37:[m[K [01;31m[Kerror: [m[Karray must be initialized with a brace-enclosed initializer
[4.907s]    84 |         uint32_t goal_position[i] = (unsigned int)msg->position[i];  // Convert int32 -> uint32
[4.907s] [01m[K/home/robofei/robotis_ws/src/DynamixelSDK/dynamixel_sdk_examples/src/read_write_node.cpp:94:9:[m[K [01;31m[Kerror: [m[Kinvalid conversion from â€˜[01m[Kuint32_t*[m[Kâ€™ {aka â€˜[01m[Kunsigned int*[m[Kâ€™} to â€˜[01m[Kuint32_t[m[Kâ€™ {aka â€˜[01m[Kunsigned int[m[Kâ€™} [[01;31m[K-fpermissive[m[K]
[4.907s]    94 |         [01;31m[Kgoal_position[m[K,
[4.907s]       |         [01;31m[K^~~~~~~~~~~~~[m[K
[4.907s]       |         [01;31m[K|[m[K
[4.907s]       |         [01;31m[Kuint32_t* {aka unsigned int*}[m[K
[4.907s] In file included from [01m[K/home/robofei/robotis_ws/install/dynamixel_sdk/include/dynamixel_sdk/group_bulk_read.h:29[m[K,
[4.907s]                  from [01m[K/home/robofei/robotis_ws/install/dynamixel_sdk/include/dynamixel_sdk/dynamixel_sdk.h:26[m[K,
[4.907s]                  from [01m[K/home/robofei/robotis_ws/src/DynamixelSDK/dynamixel_sdk_examples/src/read_write_node.cpp:34[m[K:
[4.907s] [01m[K/home/robofei/robotis_ws/install/dynamixel_sdk/include/dynamixel_sdk/packet_handler.h:507:90:[m[K [01;36m[Knote: [m[K  initializing argument 4 of â€˜[01m[Kvirtual int dynamixel::PacketHandler::write4ByteTxRx(dynamixel::PortHandler*, uint8_t, uint16_t, uint32_t, uint8_t*)[m[Kâ€™
[4.907s]   507 |   (PortHandler *port, uint8_t id, uint16_t address, [01;36m[Kuint32_t data[m[K, uint8_t *error = 0) = 0;
[4.907s]       |                                                     [01;36m[K~~~~~~~~~^~~~[m[K
[4.908s] 
[4.908s] [01m[K/home/robofei/robotis_ws/src/DynamixelSDK/dynamixel_sdk_examples/src/read_write_node.cpp:104:23:[m[K [01;35m[Kwarning: [m[Ksuggest parentheses around assignment used as truth value [[01;35m[K-Wparentheses[m[K]
[4.908s]   104 |         for(int i=1; [01;35m[Ki=20[m[K; i++){
[4.908s]       |                      [01;35m[K~^~~[m[K
[4.911s] [01m[K/home/robofei/robotis_ws/src/DynamixelSDK/dynamixel_sdk_examples/src/read_write_node.cpp:[m[K In constructor â€˜[01m[KReadWriteNode::ReadWriteNode()[m[Kâ€™:
[4.911s] [01m[K/home/robofei/robotis_ws/src/DynamixelSDK/dynamixel_sdk_examples/src/read_write_node.cpp:111:31:[m[K [01;31m[Kerror: [m[Kno matching function for call to â€˜[01m[KReadWriteNode::~ReadWriteNode()[m[Kâ€™
[4.911s]   111 | ReadWriteNode::~ReadWriteNode([01;31m[K)[m[K
[4.911s]       |                               [01;31m[K^[m[K
[4.911s] In file included from [01m[K/home/robofei/robotis_ws/src/DynamixelSDK/dynamixel_sdk_examples/src/read_write_node.cpp:39[m[K:
[4.911s] [01m[K/home/robofei/robotis_ws/src/DynamixelSDK/dynamixel_sdk_examples/include/read_write_node.hpp:36:11:[m[K [01;36m[Knote: [m[Kcandidate: â€˜[01m[Kvirtual ReadWriteNode::~ReadWriteNode()[m[Kâ€™
[4.911s]    36 |   virtual [01;36m[K~[m[KReadWriteNode();
[4.911s]       |           [01;36m[K^[m[K
[4.911s] [01m[K/home/robofei/robotis_ws/src/DynamixelSDK/dynamixel_sdk_examples/include/read_write_node.hpp:36:11:[m[K [01;36m[Knote: [m[K  candidate expects 1 argument, 0 provided
[4.911s] [01m[K/home/robofei/robotis_ws/src/DynamixelSDK/dynamixel_sdk_examples/src/read_write_node.cpp:116:1:[m[K [01;31m[Kerror: [m[Ka function-definition is not allowed here before â€˜[01m[K{[m[Kâ€™ token
[4.911s]   116 | [01;31m[K{[m[K
[4.911s]       | [01;31m[K^[m[K
[4.911s] [01m[K/home/robofei/robotis_ws/src/DynamixelSDK/dynamixel_sdk_examples/src/read_write_node.cpp:149:1:[m[K [01;31m[Kerror: [m[Ka function-definition is not allowed here before â€˜[01m[K{[m[Kâ€™ token
[4.911s]   149 | [01;31m[K{[m[K
[4.911s]       | [01;31m[K^[m[K
[4.912s] [01m[K/home/robofei/robotis_ws/src/DynamixelSDK/dynamixel_sdk_examples/src/read_write_node.cpp:193:1:[m[K [01;31m[Kerror: [m[Kexpected â€˜[01m[K}[m[Kâ€™ at end of input
[4.912s]   193 | [01;31m[K}[m[K
[4.912s]       | [01;31m[K^[m[K
[4.912s] [01m[K/home/robofei/robotis_ws/src/DynamixelSDK/dynamixel_sdk_examples/src/read_write_node.cpp:63:1:[m[K [01;36m[Knote: [m[Kto match this â€˜[01m[K{[m[Kâ€™
[4.912s]    63 | [01;36m[K{[m[K
[4.912s]       | [01;36m[K^[m[K
[6.327s] make[2]: *** [CMakeFiles/read_write_node.dir/build.make:63: CMakeFiles/read_write_node.dir/src/read_write_node.cpp.o] Error 1
[6.327s] make[1]: *** [CMakeFiles/Makefile2:78: CMakeFiles/read_write_node.dir/all] Error 2
[6.327s] make: *** [Makefile:141: all] Error 2
[6.331s] Invoked command in '/home/robofei/robotis_ws/build/dynamixel_sdk_examples' returned '2': AMENT_PREFIX_PATH=/home/robofei/robotis_ws/install/dynamixel_sdk_custom_interfaces:/home/robofei/robotis_ws/install/dynamixel_sdk:${AMENT_PREFIX_PATH} CMAKE_PREFIX_PATH=/home/robofei/robotis_ws/install/dynamixel_sdk_custom_interfaces:/home/robofei/robotis_ws/install/dynamixel_sdk:/opt/ros/foxy LD_LIBRARY_PATH=/home/robofei/robotis_ws/install/dynamixel_sdk_custom_interfaces/lib:/home/robofei/robotis_ws/install/dynamixel_sdk/lib:${LD_LIBRARY_PATH} PYTHONPATH=/home/robofei/robotis_ws/install/dynamixel_sdk_custom_interfaces/lib/python3.8/site-packages:${PYTHONPATH} /usr/bin/cmake --build /home/robofei/robotis_ws/build/dynamixel_sdk_examples -- -j4 -l4
