[01m[K/home/robofei/Desktop/ROS2/walk_test/src/control/src/motion/modules/Walking.cpp:[m[K In member function â€˜[01m[Kvirtual void Robot::Walking::Process()[m[Kâ€™:
[01m[K/home/robofei/Desktop/ROS2/walk_test/src/control/src/motion/modules/Walking.cpp:620:30:[m[K [01;31m[Kerror: [m[Kâ€˜[01m[KfrlGyroErr[m[Kâ€™ was not declared in this scope; did you mean â€˜[01m[KrlGyroErr[m[Kâ€™?
  620 |         printf("IMU 2 %f\n", [01;31m[KfrlGyroErr[m[K);
      |                              [01;31m[K^~~~~~~~~~[m[K
      |                              [32m[KrlGyroErr[m[K
make[2]: *** [CMakeFiles/motion.dir/build.make:76: CMakeFiles/motion.dir/src/motion/modules/Walking.cpp.o] Error 1
make[1]: *** [CMakeFiles/Makefile2:165: CMakeFiles/motion.dir/all] Error 2
make: *** [Makefile:141: all] Error 2
