[0.016s] Invoking command in '/home/robofei/Desktop/ROS2/walk_test/build/control': CMAKE_PREFIX_PATH=/home/robofei/Desktop/ROS2/walk_test/install/dynamixel_sdk_custom_interfaces:/home/robofei/Desktop/ROS2/walk_test/install/control:/opt/ros/foxy LD_LIBRARY_PATH=/home/robofei/Desktop/ROS2/walk_test/install/dynamixel_sdk_custom_interfaces/lib:/home/robofei/Desktop/ROS2/walk_test/install/control/lib:/opt/ros/foxy/opt/yaml_cpp_vendor/lib:/opt/ros/foxy/opt/rviz_ogre_vendor/lib:/opt/ros/foxy/lib/x86_64-linux-gnu:/opt/ros/foxy/lib /usr/bin/cmake --build /home/robofei/Desktop/ROS2/walk_test/build/control -- -j4 -l4
[0.089s] [35m[1mScanning dependencies of target motion[0m
[0.121s] [  8%] Built target control
[0.125s] [ 17%] Built target decision
[0.127s] [ 26%] Built target gait_publisher
[0.150s] [ 30%] [32mBuilding CXX object CMakeFiles/motion.dir/src/motion/modules/Walking.cpp.o[0m
[0.352s] [01m[K/home/robofei/Desktop/ROS2/walk_test/src/control/src/motion/modules/Walking.cpp:[m[K In member function â€˜[01m[Kvirtual void Robot::Walking::Process()[m[Kâ€™:
[0.352s] [01m[K/home/robofei/Desktop/ROS2/walk_test/src/control/src/motion/modules/Walking.cpp:620:30:[m[K [01;31m[Kerror: [m[Kâ€˜[01m[KfrlGyroErr[m[Kâ€™ was not declared in this scope; did you mean â€˜[01m[KrlGyroErr[m[Kâ€™?
[0.352s]   620 |         printf("IMU 2 %f\n", [01;31m[KfrlGyroErr[m[K);
[0.352s]       |                              [01;31m[K^~~~~~~~~~[m[K
[0.352s]       |                              [32m[KrlGyroErr[m[K
[0.389s] make[2]: *** [CMakeFiles/motion.dir/build.make:76: CMakeFiles/motion.dir/src/motion/modules/Walking.cpp.o] Error 1
[0.390s] make[1]: *** [CMakeFiles/Makefile2:165: CMakeFiles/motion.dir/all] Error 2
[0.390s] make: *** [Makefile:141: all] Error 2
[0.393s] Invoked command in '/home/robofei/Desktop/ROS2/walk_test/build/control' returned '2': CMAKE_PREFIX_PATH=/home/robofei/Desktop/ROS2/walk_test/install/dynamixel_sdk_custom_interfaces:/home/robofei/Desktop/ROS2/walk_test/install/control:/opt/ros/foxy LD_LIBRARY_PATH=/home/robofei/Desktop/ROS2/walk_test/install/dynamixel_sdk_custom_interfaces/lib:/home/robofei/Desktop/ROS2/walk_test/install/control/lib:/opt/ros/foxy/opt/yaml_cpp_vendor/lib:/opt/ros/foxy/opt/rviz_ogre_vendor/lib:/opt/ros/foxy/lib/x86_64-linux-gnu:/opt/ros/foxy/lib /usr/bin/cmake --build /home/robofei/Desktop/ROS2/walk_test/build/control -- -j4 -l4
