[0.009s] Invoking command in '/home/robo/ROS2/walk_test/build/control': CMAKE_PREFIX_PATH=/home/robo/ROS2/walk_test/install/dynamixel_sdk_custom_interfaces:/home/robo/ROS2/walk_test/install/control:/opt/ros/foxy LD_LIBRARY_PATH=/home/robo/ROS2/walk_test/install/dynamixel_sdk_custom_interfaces/lib:/home/robo/ROS2/walk_test/install/control/lib:/opt/ros/foxy/opt/yaml_cpp_vendor/lib:/opt/ros/foxy/opt/rviz_ogre_vendor/lib:/opt/ros/foxy/lib/x86_64-linux-gnu:/opt/ros/foxy/lib /usr/bin/cmake --build /home/robo/ROS2/walk_test/build/control -- -j12 -l12
[0.040s] [35m[1mScanning dependencies of target cmd[0m
[0.040s] [35m[1mScanning dependencies of target action[0m
[0.055s] [  6%] Built target control
[0.058s] [ 20%] Built target gait_publisher
[0.058s] [ 20%] Built target decision
[0.062s] [ 79%] Built target motion
[0.062s] [ 82%] [32mBuilding CXX object CMakeFiles/cmd.dir/src/action_editor/cmd_process.cpp.o[0m
[0.064s] [ 89%] [32mBuilding CXX object CMakeFiles/action.dir/src/action_editor/cmd_process.cpp.o[0m
[0.065s] [ 89%] [32mBuilding CXX object CMakeFiles/action.dir/src/action_editor/main.cpp.o[0m
[1.028s] [01m[K/home/robo/ROS2/walk_test/src/control/src/action_editor/main.cpp:[m[K In member function â€˜[01m[Kint MinimalPublisher::process()[m[Kâ€™:
[1.029s] [01m[K/home/robo/ROS2/walk_test/src/control/src/action_editor/main.cpp:115:14:[m[K [01;31m[Kerror: [m[Kâ€˜[01m[K_getch[m[Kâ€™ was not declared in this scope; did you mean â€˜[01m[Kwgetch[m[Kâ€™?
[1.029s]   115 |         ch = [01;31m[K_getch[m[K();
[1.029s]       |              [01;31m[K^~~~~~[m[K
[1.029s]       |              [32m[Kwgetch[m[K
[1.031s] [01m[K/home/robo/ROS2/walk_test/src/control/src/action_editor/main.cpp:124:21:[m[K [01;31m[Kerror: [m[Kâ€˜[01m[KMoveUpCursor[m[Kâ€™ was not declared in this scope
[1.031s]   124 |                     [01;31m[KMoveUpCursor[m[K();
[1.031s]       |                     [01;31m[K^~~~~~~~~~~~[m[K
[1.034s] [01m[K/home/robo/ROS2/walk_test/src/control/src/action_editor/main.cpp:126:21:[m[K [01;31m[Kerror: [m[Kâ€˜[01m[KMoveDownCursor[m[Kâ€™ was not declared in this scope
[1.034s]   126 |                     [01;31m[KMoveDownCursor[m[K();
[1.034s]       |                     [01;31m[K^~~~~~~~~~~~~~[m[K
[1.037s] [01m[K/home/robo/ROS2/walk_test/src/control/src/action_editor/main.cpp:128:21:[m[K [01;31m[Kerror: [m[Kâ€˜[01m[KMoveLeftCursor[m[Kâ€™ was not declared in this scope
[1.037s]   128 |                     [01;31m[KMoveLeftCursor[m[K();
[1.037s]       |                     [01;31m[K^~~~~~~~~~~~~~[m[K
[1.040s] [01m[K/home/robo/ROS2/walk_test/src/control/src/action_editor/main.cpp:130:21:[m[K [01;31m[Kerror: [m[Kâ€˜[01m[KMoveRightCursor[m[Kâ€™ was not declared in this scope
[1.040s]   130 |                     [01;31m[KMoveRightCursor[m[K();
[1.040s]       |                     [01;31m[K^~~~~~~~~~~~~~~[m[K
[1.042s] [01m[K/home/robo/ROS2/walk_test/src/control/src/action_editor/main.cpp:134:13:[m[K [01;31m[Kerror: [m[Kâ€˜[01m[KUpDownValue[m[Kâ€™ was not declared in this scope
[1.042s]   134 |             [01;31m[KUpDownValue[m[K(-1);
[1.042s]       |             [01;31m[K^~~~~~~~~~~[m[K
[1.045s] [01m[K/home/robo/ROS2/walk_test/src/control/src/action_editor/main.cpp:136:13:[m[K [01;31m[Kerror: [m[Kâ€˜[01m[KUpDownValue[m[Kâ€™ was not declared in this scope
[1.045s]   136 |             [01;31m[KUpDownValue[m[K(1);
[1.045s]       |             [01;31m[K^~~~~~~~~~~[m[K
[1.047s] [01m[K/home/robo/ROS2/walk_test/src/control/src/action_editor/main.cpp:138:13:[m[K [01;31m[Kerror: [m[Kâ€˜[01m[KUpDownValue[m[Kâ€™ was not declared in this scope
[1.047s]   138 |             [01;31m[KUpDownValue[m[K(-10);
[1.047s]       |             [01;31m[K^~~~~~~~~~~[m[K
[1.050s] [01m[K/home/robo/ROS2/walk_test/src/control/src/action_editor/main.cpp:140:13:[m[K [01;31m[Kerror: [m[Kâ€˜[01m[KUpDownValue[m[Kâ€™ was not declared in this scope
[1.050s]   140 |             [01;31m[KUpDownValue[m[K(10);
[1.050s]       |             [01;31m[K^~~~~~~~~~~[m[K
[1.053s] [01m[K/home/robo/ROS2/walk_test/src/control/src/action_editor/main.cpp:142:13:[m[K [01;31m[Kerror: [m[Kâ€˜[01m[KToggleTorque[m[Kâ€™ was not declared in this scope
[1.053s]   142 |             [01;31m[KToggleTorque[m[K();
[1.053s]       |             [01;31m[K^~~~~~~~~~~~[m[K
[1.056s] [01m[K/home/robo/ROS2/walk_test/src/control/src/action_editor/main.cpp:154:13:[m[K [01;31m[Kerror: [m[Kâ€˜[01m[KBeginCommandMode[m[Kâ€™ was not declared in this scope
[1.056s]   154 |             [01;31m[KBeginCommandMode[m[K();
[1.056s]       |             [01;31m[K^~~~~~~~~~~~~~~~[m[K
[1.058s] [01m[K/home/robo/ROS2/walk_test/src/control/src/action_editor/main.cpp:205:28:[m[K [01;31m[Kerror: [m[Kâ€˜[01m[KAskSave[m[Kâ€™ was not declared in this scope
[1.058s]   205 |                         if([01;31m[KAskSave[m[K() == false)
[1.058s]       |                            [01;31m[K^~~~~~~[m[K
[1.060s] [01m[K/home/robo/ROS2/walk_test/src/control/src/action_editor/main.cpp:209:25:[m[K [01;31m[Kerror: [m[Kâ€˜[01m[KDrawPage[m[Kâ€™ was not declared in this scope
[1.060s]   209 |                         [01;31m[KDrawPage[m[K();
[1.061s]       |                         [01;31m[K^~~~~~~~[m[K
[1.062s] [01m[K/home/robo/ROS2/walk_test/src/control/src/action_editor/main.cpp:212:25:[m[K [01;31m[Kerror: [m[Kâ€˜[01m[KHelpCmd[m[Kâ€™ was not declared in this scope
[1.062s]   212 |                         [01;31m[KHelpCmd[m[K();
[1.062s]       |                         [01;31m[K^~~~~~~[m[K
[1.064s] [01m[K/home/robo/ROS2/walk_test/src/control/src/action_editor/main.cpp:214:25:[m[K [01;31m[Kerror: [m[Kâ€˜[01m[KNextCmd[m[Kâ€™ was not declared in this scope
[1.064s]   214 |                         [01;31m[KNextCmd[m[K();
[1.064s]       |                         [01;31m[K^~~~~~~[m[K
[1.066s] [01m[K/home/robo/ROS2/walk_test/src/control/src/action_editor/main.cpp:216:25:[m[K [01;31m[Kerror: [m[Kâ€˜[01m[KPrevCmd[m[Kâ€™ was not declared in this scope
[1.066s]   216 |                         [01;31m[KPrevCmd[m[K();
[1.066s]       |                         [01;31m[K^~~~~~~[m[K
[1.067s] [01m[K/home/robo/ROS2/walk_test/src/control/src/action_editor/main.cpp:218:25:[m[K [01;31m[Kerror: [m[Kâ€˜[01m[KTimeCmd[m[Kâ€™ was not declared in this scope
[1.067s]   218 |                         [01;31m[KTimeCmd[m[K();
[1.067s]       |                         [01;31m[K^~~~~~~[m[K
[1.069s] [01m[K/home/robo/ROS2/walk_test/src/control/src/action_editor/main.cpp:220:25:[m[K [01;31m[Kerror: [m[Kâ€˜[01m[KSpeedCmd[m[Kâ€™ was not declared in this scope
[1.069s]   220 |                         [01;31m[KSpeedCmd[m[K();
[1.069s]       |                         [01;31m[K^~~~~~~~[m[K
[1.071s] [01m[K/home/robo/ROS2/walk_test/src/control/src/action_editor/main.cpp:224:29:[m[K [01;31m[Kerror: [m[Kâ€˜[01m[KPageCmd[m[Kâ€™ was not declared in this scope
[1.071s]   224 |                             [01;31m[KPageCmd[m[K(iparam[0]);
[1.071s]       |                             [01;31m[K^~~~~~~[m[K
[1.073s] [01m[K/home/robo/ROS2/walk_test/src/control/src/action_editor/main.cpp:226:29:[m[K [01;31m[Kerror: [m[Kâ€˜[01m[KPrintCmd[m[Kâ€™ was not declared in this scope
[1.073s]   226 |                             [01;31m[KPrintCmd[m[K("Need parameter");
[1.073s]       |                             [01;31m[K^~~~~~~~[m[K
[1.075s] [01m[K/home/robo/ROS2/walk_test/src/control/src/action_editor/main.cpp:230:25:[m[K [01;31m[Kerror: [m[Kâ€˜[01m[KPlayCmd[m[Kâ€™ was not declared in this scope
[1.075s]   230 |                         [01;31m[KPlayCmd[m[K();
[1.075s]       |                         [01;31m[K^~~~~~~[m[K
[1.077s] [01m[K/home/robo/ROS2/walk_test/src/control/src/action_editor/main.cpp:235:29:[m[K [01;31m[Kerror: [m[Kâ€˜[01m[KSetValue[m[Kâ€™ was not declared in this scope
[1.077s]   235 |                             [01;31m[KSetValue[m[K(iparam[0]);
[1.077s]       |                             [01;31m[K^~~~~~~~[m[K
[1.078s] [01m[K/home/robo/ROS2/walk_test/src/control/src/action_editor/cmd_process.cpp:28:26:[m[K [01;35m[Kwarning: [m[Knon-ISO-standard escape sequence, '\e'
[1.078s]    28 | const std::string azul = [01;35m[K"\e[0;36m"[m[K;
[1.078s]       |                          [01;35m[K^~~~~~~~~~[m[K
[1.079s] [01m[K/home/robo/ROS2/walk_test/src/control/src/action_editor/cmd_process.cpp:29:27:[m[K [01;35m[Kwarning: [m[Knon-ISO-standard escape sequence, '\e'
[1.079s]    29 | const std::string azulE = [01;35m[K"\e[0;34m"[m[K;
[1.079s]       |                           [01;35m[K^~~~~~~~~~[m[K
[1.079s] [01m[K/home/robo/ROS2/walk_test/src/control/src/action_editor/cmd_process.cpp:30:27:[m[K [01;35m[Kwarning: [m[Knon-ISO-standard escape sequence, '\e'
[1.079s]    30 | const std::string amare = [01;35m[K"\e[0;33m"[m[K;
[1.079s]       |                           [01;35m[K^~~~~~~~~~[m[K
[1.079s] [01m[K/home/robo/ROS2/walk_test/src/control/src/action_editor/main.cpp:237:29:[m[K [01;31m[Kerror: [m[Kâ€˜[01m[KPrintCmd[m[Kâ€™ was not declared in this scope
[1.079s]   237 |                             [01;31m[KPrintCmd[m[K("Need parameter");
[1.079s]       |                             [01;31m[K^~~~~~~~[m[K
[1.079s] [01m[K/home/robo/ROS2/walk_test/src/control/src/action_editor/cmd_process.cpp:31:27:[m[K [01;35m[Kwarning: [m[Knon-ISO-standard escape sequence, '\e'
[1.079s]    31 | const std::string verde = [01;35m[K"\e[0;32m"[m[K;
[1.080s]       |                           [01;35m[K^~~~~~~~~~[m[K
[1.080s] [01m[K/home/robo/ROS2/walk_test/src/control/src/action_editor/cmd_process.cpp:32:25:[m[K [01;35m[Kwarning: [m[Knon-ISO-standard escape sequence, '\e'
[1.080s]    32 | const std::string red = [01;35m[K"\e[0;31m"[m[K;
[1.080s]       |                         [01;35m[K^~~~~~~~~~[m[K
[1.080s] [01m[K/home/robo/ROS2/walk_test/src/control/src/action_editor/cmd_process.cpp:33:26:[m[K [01;35m[Kwarning: [m[Knon-ISO-standard escape sequence, '\e'
[1.080s]    33 | const std::string gray = [01;35m[K"\e[0;37m"[m[K;
[1.080s]       |                          [01;35m[K^~~~~~~~~~[m[K
[1.080s] [01m[K/home/robo/ROS2/walk_test/src/control/src/action_editor/cmd_process.cpp:34:26:[m[K [01;35m[Kwarning: [m[Knon-ISO-standard escape sequence, '\e'
[1.080s]    34 | const std::string nulo = [01;35m[K"\e[0m"[m[K;
[1.080s]       |                          [01;35m[K^~~~~~~[m[K
[1.080s] [01m[K/home/robo/ROS2/walk_test/src/control/src/action_editor/cmd_process.cpp:36:27:[m[K [01;35m[Kwarning: [m[Knon-ISO-standard escape sequence, '\e'
[1.080s]    36 | const std::string Lazul = [01;35m[K"\e[96m"[m[K;
[1.080s]       |                           [01;35m[K^~~~~~~~[m[K
[1.080s] [01m[K/home/robo/ROS2/walk_test/src/control/src/action_editor/cmd_process.cpp:37:28:[m[K [01;35m[Kwarning: [m[Knon-ISO-standard escape sequence, '\e'
[1.080s]    37 | const std::string LazulE = [01;35m[K"\e[94m"[m[K;
[1.080s]       |                            [01;35m[K^~~~~~~~[m[K
[1.080s] [01m[K/home/robo/ROS2/walk_test/src/control/src/action_editor/cmd_process.cpp:38:28:[m[K [01;35m[Kwarning: [m[Knon-ISO-standard escape sequence, '\e'
[1.080s]    38 | const std::string Lamare = [01;35m[K"\e[93m"[m[K;
[1.080s]       |                            [01;35m[K^~~~~~~~[m[K
[1.081s] [01m[K/home/robo/ROS2/walk_test/src/control/src/action_editor/cmd_process.cpp:39:28:[m[K [01;35m[Kwarning: [m[Knon-ISO-standard escape sequence, '\e'
[1.081s]    39 | const std::string Lverde = [01;35m[K"\e[92m"[m[K;
[1.081s]       |                            [01;35m[K^~~~~~~~[m[K
[1.081s] [01m[K/home/robo/ROS2/walk_test/src/control/src/action_editor/cmd_process.cpp:40:26:[m[K [01;35m[Kwarning: [m[Knon-ISO-standard escape sequence, '\e'
[1.081s]    40 | const std::string Lred = [01;35m[K"\e[91m"[m[K;
[1.081s]       |                          [01;35m[K^~~~~~~~[m[K
[1.081s] [01m[K/home/robo/ROS2/walk_test/src/control/src/action_editor/cmd_process.cpp:41:27:[m[K [01;35m[Kwarning: [m[Knon-ISO-standard escape sequence, '\e'
[1.081s]    41 | const std::string Lgray = [01;35m[K"\e[97m"[m[K;
[1.081s]       |                           [01;35m[K^~~~~~~~[m[K
[1.081s] [01m[K/home/robo/ROS2/walk_test/src/control/src/action_editor/cmd_process.cpp:60:7:[m[K [01;31m[Kerror: [m[Kredefinition of â€˜[01m[Kclass CmdPublisher[m[Kâ€™
[1.081s]    60 | class [01;31m[KCmdPublisher[m[K : public rclcpp::Node
[1.081s]       |       [01;31m[K^~~~~~~~~~~~[m[K
[1.081s] In file included from [01m[K/home/robo/ROS2/walk_test/src/control/src/action_editor/cmd_process.cpp:15[m[K:
[1.081s] [01m[K/home/robo/ROS2/walk_test/src/control/include/cmd_process.h:70:7:[m[K [01;36m[Knote: [m[Kprevious definition of â€˜[01m[Kclass CmdPublisher[m[Kâ€™
[1.081s]    70 | class [01;36m[KCmdPublisher[m[K : public rclcpp::Node
[1.081s]       |       [01;36m[K^~~~~~~~~~~~[m[K
[1.081s] [01m[K/home/robo/ROS2/walk_test/src/control/src/action_editor/main.cpp:240:25:[m[K [01;31m[Kerror: [m[Kâ€˜[01m[KListCmd[m[Kâ€™ was not declared in this scope
[1.081s]   240 |                         [01;31m[KListCmd[m[K();
[1.081s]       |                         [01;31m[K^~~~~~~[m[K
[1.082s] [01m[K/home/robo/ROS2/walk_test/src/control/src/action_editor/main.cpp:242:25:[m[K [01;31m[Kerror: [m[Kâ€˜[01m[KOnOffCmd[m[Kâ€™ was not declared in this scope
[1.082s]   242 |                         [01;31m[KOnOffCmd[m[K(true, num_param, iparam);
[1.082s]       |                         [01;31m[K^~~~~~~~[m[K
[1.084s] [01m[K/home/robo/ROS2/walk_test/src/control/src/action_editor/main.cpp:244:25:[m[K [01;31m[Kerror: [m[Kâ€˜[01m[KOnOffCmd[m[Kâ€™ was not declared in this scope
[1.084s]   244 |                         [01;31m[KOnOffCmd[m[K(false, num_param, iparam);
[1.084s]       |                         [01;31m[K^~~~~~~~[m[K
[1.087s] [01m[K/home/robo/ROS2/walk_test/src/control/src/action_editor/main.cpp:248:29:[m[K [01;31m[Kerror: [m[Kâ€˜[01m[KWriteStepCmd[m[Kâ€™ was not declared in this scope
[1.087s]   248 |                             [01;31m[KWriteStepCmd[m[K(iparam[0]);
[1.087s]       |                             [01;31m[K^~~~~~~~~~~~[m[K
[1.087s] [01m[K/home/robo/ROS2/walk_test/src/control/src/action_editor/cmd_process.cpp:28:26:[m[K [01;35m[Kwarning: [m[Knon-ISO-standard escape sequence, '\e'
[1.087s]    28 | const std::string azul = [01;35m[K"\e[0;36m"[m[K;
[1.087s]       |                          [01;35m[K^~~~~~~~~~[m[K
[1.087s] [01m[K/home/robo/ROS2/walk_test/src/control/src/action_editor/cmd_process.cpp:29:27:[m[K [01;35m[Kwarning: [m[Knon-ISO-standard escape sequence, '\e'
[1.087s]    29 | const std::string azulE = [01;35m[K"\e[0;34m"[m[K;
[1.087s]       |                           [01;35m[K^~~~~~~~~~[m[K
[1.087s] [01m[K/home/robo/ROS2/walk_test/src/control/src/action_editor/cmd_process.cpp:30:27:[m[K [01;35m[Kwarning: [m[Knon-ISO-standard escape sequence, '\e'
[1.087s]    30 | const std::string amare = [01;35m[K"\e[0;33m"[m[K;
[1.088s]       |                           [01;35m[K^~~~~~~~~~[m[K
[1.088s] [01m[K/home/robo/ROS2/walk_test/src/control/src/action_editor/cmd_process.cpp:31:27:[m[K [01;35m[Kwarning: [m[Knon-ISO-standard escape sequence, '\e'
[1.088s]    31 | const std::string verde = [01;35m[K"\e[0;32m"[m[K;
[1.088s]       |                           [01;35m[K^~~~~~~~~~[m[K
[1.088s] [01m[K/home/robo/ROS2/walk_test/src/control/src/action_editor/cmd_process.cpp:32:25:[m[K [01;35m[Kwarning: [m[Knon-ISO-standard escape sequence, '\e'
[1.088s]    32 | const std::string red = [01;35m[K"\e[0;31m"[m[K;
[1.088s]       |                         [01;35m[K^~~~~~~~~~[m[K
[1.088s] [01m[K/home/robo/ROS2/walk_test/src/control/src/action_editor/cmd_process.cpp:33:26:[m[K [01;35m[Kwarning: [m[Knon-ISO-standard escape sequence, '\e'
[1.088s]    33 | const std::string gray = [01;35m[K"\e[0;37m"[m[K;
[1.088s]       |                          [01;35m[K^~~~~~~~~~[m[K
[1.088s] [01m[K/home/robo/ROS2/walk_test/src/control/src/action_editor/cmd_process.cpp:34:26:[m[K [01;35m[Kwarning: [m[Knon-ISO-standard escape sequence, '\e'
[1.088s]    34 | const std::string nulo = [01;35m[K"\e[0m"[m[K;
[1.088s]       |                          [01;35m[K^~~~~~~[m[K
[1.088s] [01m[K/home/robo/ROS2/walk_test/src/control/src/action_editor/cmd_process.cpp:36:27:[m[K [01;35m[Kwarning: [m[Knon-ISO-standard escape sequence, '\e'
[1.088s]    36 | const std::string Lazul = [01;35m[K"\e[96m"[m[K;
[1.088s]       |                           [01;35m[K^~~~~~~~[m[K
[1.088s] [01m[K/home/robo/ROS2/walk_test/src/control/src/action_editor/cmd_process.cpp:37:28:[m[K [01;35m[Kwarning: [m[Knon-ISO-standard escape sequence, '\e'
[1.088s]    37 | const std::string LazulE = [01;35m[K"\e[94m"[m[K;
[1.089s]       |                            [01;35m[K^~~~~~~~[m[K
[1.089s] [01m[K/home/robo/ROS2/walk_test/src/control/src/action_editor/cmd_process.cpp:38:28:[m[K [01;35m[Kwarning: [m[Knon-ISO-standard escape sequence, '\e'
[1.089s]    38 | const std::string Lamare = [01;35m[K"\e[93m"[m[K;
[1.089s]       |                            [01;35m[K^~~~~~~~[m[K
[1.089s] [01m[K/home/robo/ROS2/walk_test/src/control/src/action_editor/cmd_process.cpp:39:28:[m[K [01;35m[Kwarning: [m[Knon-ISO-standard escape sequence, '\e'
[1.089s]    39 | const std::string Lverde = [01;35m[K"\e[92m"[m[K;
[1.089s]       |                            [01;35m[K^~~~~~~~[m[K
[1.089s] [01m[K/home/robo/ROS2/walk_test/src/control/src/action_editor/cmd_process.cpp:40:26:[m[K [01;35m[Kwarning: [m[Knon-ISO-standard escape sequence, '\e'
[1.089s]    40 | const std::string Lred = [01;35m[K"\e[91m"[m[K;
[1.089s]       |                          [01;35m[K^~~~~~~~[m[K
[1.089s] [01m[K/home/robo/ROS2/walk_test/src/control/src/action_editor/cmd_process.cpp:41:27:[m[K [01;35m[Kwarning: [m[Knon-ISO-standard escape sequence, '\e'
[1.089s]    41 | const std::string Lgray = [01;35m[K"\e[97m"[m[K;
[1.089s]       |                           [01;35m[K^~~~~~~~[m[K
[1.089s] [01m[K/home/robo/ROS2/walk_test/src/control/src/action_editor/cmd_process.cpp:60:7:[m[K [01;31m[Kerror: [m[Kredefinition of â€˜[01m[Kclass CmdPublisher[m[Kâ€™
[1.089s]    60 | class [01;31m[KCmdPublisher[m[K : public rclcpp::Node
[1.089s]       |       [01;31m[K^~~~~~~~~~~~[m[K
[1.089s] In file included from [01m[K/home/robo/ROS2/walk_test/src/control/src/action_editor/cmd_process.cpp:15[m[K:
[1.089s] [01m[K/home/robo/ROS2/walk_test/src/control/include/cmd_process.h:70:7:[m[K [01;36m[Knote: [m[Kprevious definition of â€˜[01m[Kclass CmdPublisher[m[Kâ€™
[1.089s]    70 | class [01;36m[KCmdPublisher[m[K : public rclcpp::Node
[1.089s]       |       [01;36m[K^~~~~~~~~~~~[m[K
[1.090s] [01m[K/home/robo/ROS2/walk_test/src/control/src/action_editor/main.cpp:250:29:[m[K [01;31m[Kerror: [m[Kâ€˜[01m[KPrintCmd[m[Kâ€™ was not declared in this scope
[1.090s]   250 |                             [01;31m[KPrintCmd[m[K("Need parameter");
[1.090s]       |                             [01;31m[K^~~~~~~~[m[K
[1.091s] [01m[K/home/robo/ROS2/walk_test/src/control/src/action_editor/main.cpp:255:29:[m[K [01;31m[Kerror: [m[Kâ€˜[01m[KDeleteStepCmd[m[Kâ€™ was not declared in this scope
[1.091s]   255 |                             [01;31m[KDeleteStepCmd[m[K(iparam[0]);
[1.091s]       |                             [01;31m[K^~~~~~~~~~~~~[m[K
[1.093s] [01m[K/home/robo/ROS2/walk_test/src/control/src/action_editor/main.cpp:257:29:[m[K [01;31m[Kerror: [m[Kâ€˜[01m[KPrintCmd[m[Kâ€™ was not declared in this scope
[1.093s]   257 |                             [01;31m[KPrintCmd[m[K("Need parameter");
[1.093s]       |                             [01;31m[K^~~~~~~~[m[K
[1.096s] [01m[K/home/robo/ROS2/walk_test/src/control/src/action_editor/main.cpp:262:29:[m[K [01;31m[Kerror: [m[Kâ€˜[01m[KInsertStepCmd[m[Kâ€™ was not declared in this scope
[1.096s]   262 |                             [01;31m[KInsertStepCmd[m[K(0);
[1.096s]       |                             [01;31m[K^~~~~~~~~~~~~[m[K
[1.098s] [01m[K/home/robo/ROS2/walk_test/src/control/src/action_editor/main.cpp:264:29:[m[K [01;31m[Kerror: [m[Kâ€˜[01m[KInsertStepCmd[m[Kâ€™ was not declared in this scope
[1.099s]   264 |                             [01;31m[KInsertStepCmd[m[K(iparam[0]);
[1.099s]       |                             [01;31m[K^~~~~~~~~~~~~[m[K
[1.101s] [01m[K/home/robo/ROS2/walk_test/src/control/src/action_editor/main.cpp:269:29:[m[K [01;31m[Kerror: [m[Kâ€˜[01m[KMoveStepCmd[m[Kâ€™ was not declared in this scope
[1.101s]   269 |                             [01;31m[KMoveStepCmd[m[K(iparam[0], iparam[1]);
[1.101s]       |                             [01;31m[K^~~~~~~~~~~[m[K
[1.103s] [01m[K/home/robo/ROS2/walk_test/src/control/src/action_editor/main.cpp:271:29:[m[K [01;31m[Kerror: [m[Kâ€˜[01m[KPrintCmd[m[Kâ€™ was not declared in this scope
[1.103s]   271 |                             [01;31m[KPrintCmd[m[K("Need parameter");
[1.103s]       |                             [01;31m[K^~~~~~~~[m[K
[1.105s] [01m[K/home/robo/ROS2/walk_test/src/control/src/action_editor/main.cpp:276:29:[m[K [01;31m[Kerror: [m[Kâ€˜[01m[KCopyCmd[m[Kâ€™ was not declared in this scope
[1.105s]   276 |                             [01;31m[KCopyCmd[m[K(iparam[0]);
[1.105s]       |                             [01;31m[K^~~~~~~[m[K
[1.106s] [01m[K/home/robo/ROS2/walk_test/src/control/src/action_editor/main.cpp:278:29:[m[K [01;31m[Kerror: [m[Kâ€˜[01m[KPrintCmd[m[Kâ€™ was not declared in this scope
[1.107s]   278 |                             [01;31m[KPrintCmd[m[K("Need parameter");
[1.107s]       |                             [01;31m[K^~~~~~~~[m[K
[1.108s] [01m[K/home/robo/ROS2/walk_test/src/control/src/action_editor/main.cpp:281:25:[m[K [01;31m[Kerror: [m[Kâ€˜[01m[KNewCmd[m[Kâ€™ was not declared in this scope
[1.108s]   281 |                         [01;31m[KNewCmd[m[K();
[1.108s]       |                         [01;31m[K^~~~~~[m[K
[1.109s] [01m[K/home/robo/ROS2/walk_test/src/control/src/action_editor/main.cpp:285:29:[m[K [01;31m[Kerror: [m[Kâ€˜[01m[KGoCmd[m[Kâ€™ was not declared in this scope
[1.109s]   285 |                             [01;31m[KGoCmd[m[K(iparam[0]);
[1.109s]       |                             [01;31m[K^~~~~[m[K
[1.111s] [01m[K/home/robo/ROS2/walk_test/src/control/src/action_editor/main.cpp:287:29:[m[K [01;31m[Kerror: [m[Kâ€˜[01m[KPrintCmd[m[Kâ€™ was not declared in this scope
[1.111s]   287 |                             [01;31m[KPrintCmd[m[K("Need parameter");
[1.111s]       |                             [01;31m[K^~~~~~~~[m[K
[1.112s] [01m[K/home/robo/ROS2/walk_test/src/control/src/action_editor/main.cpp:290:25:[m[K [01;31m[Kerror: [m[Kâ€˜[01m[KSaveCmd[m[Kâ€™ was not declared in this scope
[1.112s]   290 |                         [01;31m[KSaveCmd[m[K();
[1.112s]       |                         [01;31m[K^~~~~~~[m[K
[1.114s] [01m[K/home/robo/ROS2/walk_test/src/control/src/action_editor/main.cpp:292:25:[m[K [01;31m[Kerror: [m[Kâ€˜[01m[KNameCmd[m[Kâ€™ was not declared in this scope
[1.114s]   292 |                         [01;31m[KNameCmd[m[K();
[1.114s]       |                         [01;31m[K^~~~~~~[m[K
[1.116s] [01m[K/home/robo/ROS2/walk_test/src/control/src/action_editor/main.cpp:295:7:[m[K [01;31m[Kerror: [m[Kâ€˜[01m[KgoInitPage[m[Kâ€™ was not declared in this scope
[1.116s]   295 |       [01;31m[KgoInitPage[m[K();
[1.116s]       |       [01;31m[K^~~~~~~~~~[m[K
[1.118s] [01m[K/home/robo/ROS2/walk_test/src/control/src/action_editor/main.cpp:296:7:[m[K [01;31m[Kerror: [m[Kâ€˜[01m[KPlayCmd[m[Kâ€™ was not declared in this scope
[1.118s]   296 |       [01;31m[KPlayCmd[m[K();
[1.118s]       |       [01;31m[K^~~~~~~[m[K
[1.120s] [01m[K/home/robo/ROS2/walk_test/src/control/src/action_editor/main.cpp:297:7:[m[K [01;31m[Kerror: [m[Kâ€˜[01m[KbackToPage[m[Kâ€™ was not declared in this scope
[1.120s]   297 |       [01;31m[KbackToPage[m[K();
[1.120s]       |       [01;31m[K^~~~~~~~~~[m[K
[1.123s] [01m[K/home/robo/ROS2/walk_test/src/control/src/action_editor/main.cpp:300:7:[m[K [01;31m[Kerror: [m[Kâ€˜[01m[KreadServo[m[Kâ€™ was not declared in this scope
[1.123s]   300 |       [01;31m[KreadServo[m[K();
[1.123s]       |       [01;31m[K^~~~~~~~~[m[K
[1.124s] [01m[K/home/robo/ROS2/walk_test/src/control/src/action_editor/main.cpp:302:25:[m[K [01;31m[Kerror: [m[Kâ€˜[01m[KPrintCmd[m[Kâ€™ was not declared in this scope
[1.125s]   302 |                         [01;31m[KPrintCmd[m[K("Bad command! please input 'help'");
[1.125s]       |                         [01;31m[K^~~~~~~~[m[K
[1.127s] [01m[K/home/robo/ROS2/walk_test/src/control/src/action_editor/main.cpp:306:13:[m[K [01;31m[Kerror: [m[Kâ€˜[01m[KEndCommandMode[m[Kâ€™ was not declared in this scope
[1.127s]   306 |             [01;31m[KEndCommandMode[m[K();
[1.128s]       |             [01;31m[K^~~~~~~~~~~~~~[m[K
[1.128s] [01m[K/home/robo/ROS2/walk_test/src/control/src/action_editor/main.cpp:[m[K In function â€˜[01m[Kvoid sighandler(int)[m[Kâ€™:
[1.128s] [01m[K/home/robo/ROS2/walk_test/src/control/src/action_editor/main.cpp:323:21:[m[K [01;35m[Kwarning: [m[Kunused parameter â€˜[01m[Ksig[m[Kâ€™ [[01;35m[K-Wunused-parameter[m[K]
[1.128s]   323 | void sighandler([01;35m[Kint sig[m[K)
[1.128s]       |                 [01;35m[K~~~~^~~[m[K
[1.130s] [01m[K/home/robo/ROS2/walk_test/src/control/src/action_editor/main.cpp:[m[K In function â€˜[01m[Kint main(int, char**)[m[Kâ€™:
[1.130s] [01m[K/home/robo/ROS2/walk_test/src/control/src/action_editor/main.cpp:402:3:[m[K [01;31m[Kerror: [m[Kâ€˜[01m[KDrawIntro[m[Kâ€™ was not declared in this scope
[1.130s]   402 |   [01;31m[KDrawIntro[m[K();
[1.130s]       |   [01;31m[K^~~~~~~~~[m[K
[1.135s] [01m[K/home/robo/ROS2/walk_test/src/control/src/action_editor/main.cpp:404:3:[m[K [01;31m[Kerror: [m[Kâ€˜[01m[KDrawEnding[m[Kâ€™ was not declared in this scope
[1.135s]   404 |   [01;31m[KDrawEnding[m[K();
[1.135s]       |   [01;31m[K^~~~~~~~~~[m[K
[1.356s] make[2]: *** [CMakeFiles/action.dir/build.make:89: CMakeFiles/action.dir/src/action_editor/cmd_process.cpp.o] Error 1
[1.356s] make[2]: *** Waiting for unfinished jobs....
[1.365s] make[2]: *** [CMakeFiles/cmd.dir/build.make:63: CMakeFiles/cmd.dir/src/action_editor/cmd_process.cpp.o] Error 1
[1.366s] make[1]: *** [CMakeFiles/Makefile2:142: CMakeFiles/cmd.dir/all] Error 2
[1.366s] make[1]: *** Waiting for unfinished jobs....
[1.848s] make[2]: *** [CMakeFiles/action.dir/build.make:63: CMakeFiles/action.dir/src/action_editor/main.cpp.o] Error 1
[1.848s] make[1]: *** [CMakeFiles/Makefile2:250: CMakeFiles/action.dir/all] Error 2
[1.848s] make: *** [Makefile:141: all] Error 2
[1.850s] Invoked command in '/home/robo/ROS2/walk_test/build/control' returned '2': CMAKE_PREFIX_PATH=/home/robo/ROS2/walk_test/install/dynamixel_sdk_custom_interfaces:/home/robo/ROS2/walk_test/install/control:/opt/ros/foxy LD_LIBRARY_PATH=/home/robo/ROS2/walk_test/install/dynamixel_sdk_custom_interfaces/lib:/home/robo/ROS2/walk_test/install/control/lib:/opt/ros/foxy/opt/yaml_cpp_vendor/lib:/opt/ros/foxy/opt/rviz_ogre_vendor/lib:/opt/ros/foxy/lib/x86_64-linux-gnu:/opt/ros/foxy/lib /usr/bin/cmake --build /home/robo/ROS2/walk_test/build/control -- -j12 -l12
