-- Found ament_cmake: 1.1.5 (/opt/ros/galactic/share/ament_cmake/cmake)
-- Using PYTHON_EXECUTABLE: /usr/bin/python3
-- Override CMake install command with custom implementation using symlinks instead of copying resources
-- Found dynamixel_sdk_custom_interfaces: 3.7.40 (/home/robofei/ROS2/action/install/dynamixel_sdk_custom_interfaces/share/dynamixel_sdk_custom_interfaces/cmake)
-- Using all available rosidl_typesupport_c: rosidl_typesupport_fastrtps_c;rosidl_typesupport_introspection_c
-- Found rosidl_adapter: 2.2.2 (/opt/ros/galactic/share/rosidl_adapter/cmake)
-- Using all available rosidl_typesupport_cpp: rosidl_typesupport_fastrtps_cpp;rosidl_typesupport_introspection_cpp
-- Found rclcpp: 9.2.1 (/opt/ros/galactic/share/rclcpp/cmake)
-- Found rmw_implementation_cmake: 3.3.1 (/opt/ros/galactic/share/rmw_implementation_cmake/cmake)
-- Found rmw_cyclonedds_cpp: 0.22.5 (/opt/ros/galactic/share/rmw_cyclonedds_cpp/cmake)
-- Using RMW implementation 'rmw_cyclonedds_cpp' as default
-- Found sensor_msgs: 2.2.4 (/opt/ros/galactic/share/sensor_msgs/cmake)
-- Found ament_lint_auto: 0.10.7 (/opt/ros/galactic/share/ament_lint_auto/cmake)
-- Added test 'copyright' to check source files copyright and LICENSE
-- Added test 'cppcheck' to perform static code analysis on C / C++ code
-- Configured cppcheck include dirs: /home/robofei/ROS2/action/src/control/include
-- Configured cppcheck exclude dirs and/or files: 
-- Added test 'cpplint' to check C / C++ code against the Google style
-- Configured cpplint exclude dirs and/or files: 
-- Added test 'flake8' to check Python code syntax and style conventions
-- Added test 'lint_cmake' to check CMake code style
-- Added test 'pep257' to check Python code against some of the style conventions in PEP 257
-- Added test 'uncrustify' to check C / C++ code style
-- Configured uncrustify additional arguments: 
-- Added test 'xmllint' to check XML markup files
-- Configuring done
-- Generating done
-- Build files have been written to: /home/robofei/ROS2/action/build/control
[35m[1mScanning dependencies of target decision[0m
[35m[1mScanning dependencies of target control[0m
[ 25%] [32mBuilding CXX object CMakeFiles/decision.dir/src/dec.cpp.o[0m
[ 50%] [32mBuilding CXX object CMakeFiles/control.dir/src/control.cpp.o[0m
[01m[K/home/robofei/ROS2/action/src/control/src/control.cpp:[m[K In member function â€˜[01m[Kvoid Control::topic_callback(std::shared_ptr<dynamixel_sdk_custom_interfaces::msg::Decision_<std::allocator<void> > >) const[m[Kâ€™:
[01m[K/home/robofei/ROS2/action/src/control/src/control.cpp:203:11:[m[K [01;31m[Kerror: [m[Kâ€˜[01m[KMotionManager[m[Kâ€™ has not been declared
  203 |           [01;31m[KMotionManager[m[K::GetInstance()->SetEnable(true);
      |           [01;31m[K^~~~~~~~~~~~~[m[K
[01m[K/home/robofei/ROS2/action/src/control/src/control.cpp:204:11:[m[K [01;31m[Kerror: [m[Kâ€˜[01m[KWalking[m[Kâ€™ has not been declared
  204 |           [01;31m[KWalking[m[K::GetInstance()->m_Joint.SetEnableBody(true);
      |           [01;31m[K^~~~~~~[m[K
[01m[K/home/robofei/ROS2/action/src/control/src/control.cpp:205:11:[m[K [01;31m[Kerror: [m[Kâ€˜[01m[KWalking[m[Kâ€™ has not been declared
  205 |           [01;31m[KWalking[m[K::GetInstance()->X_MOVE_AMPLITUDE = X_amplitude;
      |           [01;31m[K^~~~~~~[m[K
[01m[K/home/robofei/ROS2/action/src/control/src/control.cpp:205:54:[m[K [01;31m[Kerror: [m[Kâ€˜[01m[KX_amplitude[m[Kâ€™ was not declared in this scope
  205 |           Walking::GetInstance()->X_MOVE_AMPLITUDE = [01;31m[KX_amplitude[m[K;
      |                                                      [01;31m[K^~~~~~~~~~~[m[K
[01m[K/home/robofei/ROS2/action/src/control/src/control.cpp:206:11:[m[K [01;31m[Kerror: [m[Kâ€˜[01m[KWalking[m[Kâ€™ has not been declared
  206 |           [01;31m[KWalking[m[K::GetInstance()->Y_MOVE_AMPLITUDE = Y_amplitude;
      |           [01;31m[K^~~~~~~[m[K
[01m[K/home/robofei/ROS2/action/src/control/src/control.cpp:206:54:[m[K [01;31m[Kerror: [m[Kâ€˜[01m[KY_amplitude[m[Kâ€™ was not declared in this scope
  206 |           Walking::GetInstance()->Y_MOVE_AMPLITUDE = [01;31m[KY_amplitude[m[K;
      |                                                      [01;31m[K^~~~~~~~~~~[m[K
[01m[K/home/robofei/ROS2/action/src/control/src/control.cpp:207:11:[m[K [01;31m[Kerror: [m[Kâ€˜[01m[KWalking[m[Kâ€™ has not been declared
  207 |           [01;31m[KWalking[m[K::GetInstance()->A_MOVE_AMPLITUDE = A_amplitude;
      |           [01;31m[K^~~~~~~[m[K
[01m[K/home/robofei/ROS2/action/src/control/src/control.cpp:207:54:[m[K [01;31m[Kerror: [m[Kâ€˜[01m[KA_amplitude[m[Kâ€™ was not declared in this scope
  207 |           Walking::GetInstance()->A_MOVE_AMPLITUDE = [01;31m[KA_amplitude[m[K;
      |                                                      [01;31m[K^~~~~~~~~~~[m[K
[01m[K/home/robofei/ROS2/action/src/control/src/control.cpp:208:11:[m[K [01;31m[Kerror: [m[Kâ€˜[01m[KWalking[m[Kâ€™ has not been declared
  208 |           [01;31m[KWalking[m[K::GetInstance()->Start();
      |           [01;31m[K^~~~~~~[m[K
[01m[K/home/robofei/ROS2/action/src/control/src/control.cpp:210:13:[m[K [01;31m[Kerror: [m[Kâ€˜[01m[KWalking[m[Kâ€™ has not been declared
  210 |             [01;31m[KWalking[m[K::GetInstance()->Stop();
      |             [01;31m[K^~~~~~~[m[K
[01m[K/home/robofei/ROS2/action/src/control/src/control.cpp:211:13:[m[K [01;31m[Kerror: [m[Kâ€˜[01m[KWalking[m[Kâ€™ has not been declared
  211 |             [01;31m[KWalking[m[K::GetInstance()->m_Joint.SetEnableBody(false);
      |             [01;31m[K^~~~~~~[m[K
[01m[K/home/robofei/ROS2/action/src/control/src/control.cpp:[m[K In function â€˜[01m[Kint main(int, char**)[m[Kâ€™:
[01m[K/home/robofei/ROS2/action/src/control/src/control.cpp:227:6:[m[K [01;31m[Kerror: [m[Kâ€˜[01m[KMotionManager[m[Kâ€™ has not been declared
  227 |   if([01;31m[KMotionManager[m[K::GetInstance()->Initialize() == false)
      |      [01;31m[K^~~~~~~~~~~~~[m[K
[ 75%] [32m[1mLinking CXX executable decision[0m
[ 75%] Built target decision
make[2]: *** [CMakeFiles/control.dir/build.make:63: CMakeFiles/control.dir/src/control.cpp.o] Error 1
make[1]: *** [CMakeFiles/Makefile2:107: CMakeFiles/control.dir/all] Error 2
make: *** [Makefile:141: all] Error 2
