[0.008s] Invoking command in '/home/robofei/ROS2/action/build/control': AMENT_PREFIX_PATH=/home/robofei/ROS2/action/install/dynamixel_sdk_custom_interfaces:${AMENT_PREFIX_PATH} CMAKE_PREFIX_PATH=/home/robofei/ROS2/action/install/dynamixel_sdk_custom_interfaces:/opt/ros/galactic LD_LIBRARY_PATH=/home/robofei/ROS2/action/install/dynamixel_sdk_custom_interfaces/lib:${LD_LIBRARY_PATH} LESS= -R -X -F PYTHONPATH=/home/robofei/ROS2/action/install/dynamixel_sdk_custom_interfaces/lib/python3.8/site-packages:${PYTHONPATH} /usr/bin/cmake --build /home/robofei/ROS2/action/build/control -- -j12 -l12
[0.038s] [35m[1mScanning dependencies of target control[0m
[0.049s] [ 50%] Built target decision
[0.062s] [ 75%] [32mBuilding CXX object CMakeFiles/control.dir/src/control.cpp.o[0m
[1.625s] [01m[K/home/robofei/ROS2/action/src/control/src/control.cpp:[m[K In member function â€˜[01m[Kvoid Control::topic_callback(std::shared_ptr<dynamixel_sdk_custom_interfaces::msg::Decision_<std::allocator<void> > >) const[m[Kâ€™:
[1.625s] [01m[K/home/robofei/ROS2/action/src/control/src/control.cpp:208:11:[m[K [01;31m[Kerror: [m[Kâ€˜[01m[KMotionManager[m[Kâ€™ has not been declared
[1.625s]   208 |           [01;31m[KMotionManager[m[K::GetInstance()->SetEnable(true);
[1.625s]       |           [01;31m[K^~~~~~~~~~~~~[m[K
[1.625s] [01m[K/home/robofei/ROS2/action/src/control/src/control.cpp:209:11:[m[K [01;31m[Kerror: [m[Kâ€˜[01m[KWalking[m[Kâ€™ has not been declared
[1.625s]   209 |           [01;31m[KWalking[m[K::GetInstance()->m_Joint.SetEnableBody(true);
[1.625s]       |           [01;31m[K^~~~~~~[m[K
[1.625s] [01m[K/home/robofei/ROS2/action/src/control/src/control.cpp:210:11:[m[K [01;31m[Kerror: [m[Kâ€˜[01m[KWalking[m[Kâ€™ has not been declared
[1.625s]   210 |           [01;31m[KWalking[m[K::GetInstance()->X_MOVE_AMPLITUDE = X_amplitude;
[1.625s]       |           [01;31m[K^~~~~~~[m[K
[1.627s] [01m[K/home/robofei/ROS2/action/src/control/src/control.cpp:210:54:[m[K [01;31m[Kerror: [m[Kâ€˜[01m[KX_amplitude[m[Kâ€™ was not declared in this scope
[1.627s]   210 |           Walking::GetInstance()->X_MOVE_AMPLITUDE = [01;31m[KX_amplitude[m[K;
[1.627s]       |                                                      [01;31m[K^~~~~~~~~~~[m[K
[1.627s] [01m[K/home/robofei/ROS2/action/src/control/src/control.cpp:211:11:[m[K [01;31m[Kerror: [m[Kâ€˜[01m[KWalking[m[Kâ€™ has not been declared
[1.627s]   211 |           [01;31m[KWalking[m[K::GetInstance()->Y_MOVE_AMPLITUDE = Y_amplitude;
[1.627s]       |           [01;31m[K^~~~~~~[m[K
[1.629s] [01m[K/home/robofei/ROS2/action/src/control/src/control.cpp:211:54:[m[K [01;31m[Kerror: [m[Kâ€˜[01m[KY_amplitude[m[Kâ€™ was not declared in this scope
[1.629s]   211 |           Walking::GetInstance()->Y_MOVE_AMPLITUDE = [01;31m[KY_amplitude[m[K;
[1.629s]       |                                                      [01;31m[K^~~~~~~~~~~[m[K
[1.629s] [01m[K/home/robofei/ROS2/action/src/control/src/control.cpp:212:11:[m[K [01;31m[Kerror: [m[Kâ€˜[01m[KWalking[m[Kâ€™ has not been declared
[1.629s]   212 |           [01;31m[KWalking[m[K::GetInstance()->A_MOVE_AMPLITUDE = A_amplitude;
[1.629s]       |           [01;31m[K^~~~~~~[m[K
[1.630s] [01m[K/home/robofei/ROS2/action/src/control/src/control.cpp:212:54:[m[K [01;31m[Kerror: [m[Kâ€˜[01m[KA_amplitude[m[Kâ€™ was not declared in this scope
[1.631s]   212 |           Walking::GetInstance()->A_MOVE_AMPLITUDE = [01;31m[KA_amplitude[m[K;
[1.631s]       |                                                      [01;31m[K^~~~~~~~~~~[m[K
[1.631s] [01m[K/home/robofei/ROS2/action/src/control/src/control.cpp:213:11:[m[K [01;31m[Kerror: [m[Kâ€˜[01m[KWalking[m[Kâ€™ has not been declared
[1.631s]   213 |           [01;31m[KWalking[m[K::GetInstance()->Start();
[1.631s]       |           [01;31m[K^~~~~~~[m[K
[1.631s] [01m[K/home/robofei/ROS2/action/src/control/src/control.cpp:215:13:[m[K [01;31m[Kerror: [m[Kâ€˜[01m[KWalking[m[Kâ€™ has not been declared
[1.631s]   215 |             [01;31m[KWalking[m[K::GetInstance()->Stop();
[1.631s]       |             [01;31m[K^~~~~~~[m[K
[1.631s] [01m[K/home/robofei/ROS2/action/src/control/src/control.cpp:216:13:[m[K [01;31m[Kerror: [m[Kâ€˜[01m[KWalking[m[Kâ€™ has not been declared
[1.631s]   216 |             [01;31m[KWalking[m[K::GetInstance()->m_Joint.SetEnableBody(false);
[1.631s]       |             [01;31m[K^~~~~~~[m[K
[1.632s] [01m[K/home/robofei/ROS2/action/src/control/src/control.cpp:[m[K In function â€˜[01m[Kint main(int, char**)[m[Kâ€™:
[1.632s] [01m[K/home/robofei/ROS2/action/src/control/src/control.cpp:236:6:[m[K [01;31m[Kerror: [m[Kâ€˜[01m[KMotionManager[m[Kâ€™ has not been declared
[1.632s]   236 |   if([01;31m[KMotionManager[m[K::GetInstance()->Initialize() == false)
[1.632s]       |      [01;31m[K^~~~~~~~~~~~~[m[K
[3.763s] make[2]: *** [CMakeFiles/control.dir/build.make:63: CMakeFiles/control.dir/src/control.cpp.o] Error 1
[3.763s] make[1]: *** [CMakeFiles/Makefile2:107: CMakeFiles/control.dir/all] Error 2
[3.763s] make: *** [Makefile:141: all] Error 2
[3.766s] Invoked command in '/home/robofei/ROS2/action/build/control' returned '2': AMENT_PREFIX_PATH=/home/robofei/ROS2/action/install/dynamixel_sdk_custom_interfaces:${AMENT_PREFIX_PATH} CMAKE_PREFIX_PATH=/home/robofei/ROS2/action/install/dynamixel_sdk_custom_interfaces:/opt/ros/galactic LD_LIBRARY_PATH=/home/robofei/ROS2/action/install/dynamixel_sdk_custom_interfaces/lib:${LD_LIBRARY_PATH} LESS= -R -X -F PYTHONPATH=/home/robofei/ROS2/action/install/dynamixel_sdk_custom_interfaces/lib/python3.8/site-packages:${PYTHONPATH} /usr/bin/cmake --build /home/robofei/ROS2/action/build/control -- -j12 -l12
