[35m[1mScanning dependencies of target only_one_motor[0m
[35m[1mScanning dependencies of target read_write_node[0m
[ 33%] Built target minimal_pub
[ 66%] [32mBuilding CXX object CMakeFiles/read_write_node.dir/src/read_write_node.cpp.o[0m
[ 66%] [32mBuilding CXX object CMakeFiles/only_one_motor.dir/src/read_write_node_original.cpp.o[0m
[01m[K/home/robo/ROS2/robotis_ws/src/dynamixel_sdk_examples/src/read_write_node.cpp:[m[K In constructor â€˜[01m[KReadWriteNode::ReadWriteNode()[m[Kâ€™:
[01m[K/home/robo/ROS2/robotis_ws/src/dynamixel_sdk_examples/src/read_write_node.cpp:148:6:[m[K [01;31m[Kerror: [m[Kexpected â€˜[01m[K)[m[Kâ€™ before â€˜[01m[Kset_position_subscriber_single[m[Kâ€™
  148 |     }
      |      [01;31m[K^[m[K
      |      [32m[K)[m[K
  149 | 
  150 |     [32m[Kset_position_subscriber_single[m[K =
      |     [32m[K~~~~~~~~~~~~~~~~~~~~~~~~~~~~~~[m[K
[01m[K/home/robo/ROS2/robotis_ws/src/dynamixel_sdk_examples/src/read_write_node.cpp:82:43:[m[K [01;36m[Knote: [m[Kto match this â€˜[01m[K([m[Kâ€™
   82 |     this->create_subscription<SetPosition>[01;36m[K([m[K
      |                                           [01;36m[K^[m[K
make[2]: *** [CMakeFiles/read_write_node.dir/build.make:63: CMakeFiles/read_write_node.dir/src/read_write_node.cpp.o] Error 1
make[1]: *** [CMakeFiles/Makefile2:136: CMakeFiles/read_write_node.dir/all] Error 2
make[1]: *** Waiting for unfinished jobs....
[ 83%] [32m[1mLinking CXX executable only_one_motor[0m
[ 83%] Built target only_one_motor
make: *** [Makefile:141: all] Error 2
