[0.012s] Invoking command in '/home/robo/ROS2/robotis_ws/build/dynamixel_sdk_examples': CMAKE_PREFIX_PATH=/home/robo/ROS2/robotis_ws/install/dynamixel_sdk_custom_interfaces:/home/robo/ROS2/robotis_ws/install/dynamixel_sdk:/home/robo/ROS2/robotis_ws/install/dynamixel_sdk_examples:/opt/ros/foxy /usr/bin/cmake --build /home/robo/ROS2/robotis_ws/build/dynamixel_sdk_examples -- -j12 -l12
[0.058s] [35m[1mScanning dependencies of target only_one_motor[0m
[0.058s] [35m[1mScanning dependencies of target read_write_node[0m
[0.073s] [ 33%] Built target minimal_pub
[0.081s] [ 66%] [32mBuilding CXX object CMakeFiles/read_write_node.dir/src/read_write_node.cpp.o[0m
[0.081s] [ 66%] [32mBuilding CXX object CMakeFiles/only_one_motor.dir/src/read_write_node_original.cpp.o[0m
[1.387s] [01m[K/home/robo/ROS2/robotis_ws/src/dynamixel_sdk_examples/src/read_write_node.cpp:[m[K In constructor â€˜[01m[KReadWriteNode::ReadWriteNode()[m[Kâ€™:
[1.387s] [01m[K/home/robo/ROS2/robotis_ws/src/dynamixel_sdk_examples/src/read_write_node.cpp:148:6:[m[K [01;31m[Kerror: [m[Kexpected â€˜[01m[K)[m[Kâ€™ before â€˜[01m[Kset_position_subscriber_single[m[Kâ€™
[1.387s]   148 |     }
[1.387s]       |      [01;31m[K^[m[K
[1.388s]       |      [32m[K)[m[K
[1.388s]   149 | 
[1.388s]   150 |     [32m[Kset_position_subscriber_single[m[K =
[1.388s]       |     [32m[K~~~~~~~~~~~~~~~~~~~~~~~~~~~~~~[m[K
[1.388s] [01m[K/home/robo/ROS2/robotis_ws/src/dynamixel_sdk_examples/src/read_write_node.cpp:82:43:[m[K [01;36m[Knote: [m[Kto match this â€˜[01m[K([m[Kâ€™
[1.388s]    82 |     this->create_subscription<SetPosition>[01;36m[K([m[K
[1.388s]       |                                           [01;36m[K^[m[K
[1.688s] make[2]: *** [CMakeFiles/read_write_node.dir/build.make:63: CMakeFiles/read_write_node.dir/src/read_write_node.cpp.o] Error 1
[1.688s] make[1]: *** [CMakeFiles/Makefile2:136: CMakeFiles/read_write_node.dir/all] Error 2
[1.688s] make[1]: *** Waiting for unfinished jobs....
[4.063s] [ 83%] [32m[1mLinking CXX executable only_one_motor[0m
[4.304s] [ 83%] Built target only_one_motor
[4.304s] make: *** [Makefile:141: all] Error 2
[4.307s] Invoked command in '/home/robo/ROS2/robotis_ws/build/dynamixel_sdk_examples' returned '2': CMAKE_PREFIX_PATH=/home/robo/ROS2/robotis_ws/install/dynamixel_sdk_custom_interfaces:/home/robo/ROS2/robotis_ws/install/dynamixel_sdk:/home/robo/ROS2/robotis_ws/install/dynamixel_sdk_examples:/opt/ros/foxy /usr/bin/cmake --build /home/robo/ROS2/robotis_ws/build/dynamixel_sdk_examples -- -j12 -l12
