[35m[1mScanning dependencies of target action[0m
[ 14%] Built target decision
[ 14%] Built target gait_publisher
[ 22%] Built target control
[ 85%] Built target motion
[ 88%] [32mBuilding CXX object CMakeFiles/action.dir/src/action_editor/main.cpp.o[0m
[01m[K/home/robo/ROS2/walk_test/src/control/src/action_editor/main.cpp:[m[K In member function â€˜[01m[Kint MinimalPublisher::process()[m[Kâ€™:
[01m[K/home/robo/ROS2/walk_test/src/control/src/action_editor/main.cpp:71:12:[m[K [01;31m[Kerror: [m[Kâ€˜[01m[Kfilename[m[Kâ€™ was not declared in this scope
   71 |     strcpy([01;31m[Kfilename[m[K, MOTION_FILE_PATH);
      |            [01;31m[K^~~~~~~~[m[K
[01m[K/home/robo/ROS2/walk_test/src/control/src/action_editor/main.cpp:76:16:[m[K [01;35m[Kwarning: [m[Knon-ISO-standard escape sequence, '\e'
   76 |         printf([01;35m[K"Can not open \e[0;31m%s\e[0m\n"[m[K, filename);
      |                [01;35m[K^~~~~~~~~~~~~~~~~~~~~~~~~~~~~~~~[m[K
[01m[K/home/robo/ROS2/walk_test/src/control/src/action_editor/main.cpp:76:16:[m[K [01;35m[Kwarning: [m[Knon-ISO-standard escape sequence, '\e'
[01m[K/home/robo/ROS2/walk_test/src/control/src/action_editor/main.cpp:87:20:[m[K [01;35m[Kwarning: [m[Knon-ISO-standard escape sequence, '\e'
   87 |             printf([01;35m[K"\e[1;31mFail to create %s\e[0m\n"[m[K, filename);
      |                    [01;35m[K^~~~~~~~~~~~~~~~~~~~~~~~~~~~~~~~~~[m[K
[01m[K/home/robo/ROS2/walk_test/src/control/src/action_editor/main.cpp:87:20:[m[K [01;35m[Kwarning: [m[Knon-ISO-standard escape sequence, '\e'
[01m[K/home/robo/ROS2/walk_test/src/control/src/action_editor/main.cpp:[m[K In function â€˜[01m[Kvoid sighandler(int)[m[Kâ€™:
[01m[K/home/robo/ROS2/walk_test/src/control/src/action_editor/main.cpp:326:21:[m[K [01;35m[Kwarning: [m[Kunused parameter â€˜[01m[Ksig[m[Kâ€™ [[01;35m[K-Wunused-parameter[m[K]
  326 | void sighandler([01;35m[Kint sig[m[K)
      |                 [01;35m[K~~~~^~~[m[K
[01m[K/home/robo/ROS2/walk_test/src/control/src/action_editor/main.cpp:[m[K In function â€˜[01m[Kint main(int, char**)[m[Kâ€™:
[01m[K/home/robo/ROS2/walk_test/src/control/src/action_editor/main.cpp:381:10:[m[K [01;35m[Kwarning: [m[Kunused variable â€˜[01m[Kfilename[m[Kâ€™ [[01;35m[K-Wunused-variable[m[K]
  381 |     char [01;35m[Kfilename[m[K[128];
      |          [01;35m[K^~~~~~~~[m[K
make[2]: *** [CMakeFiles/action.dir/build.make:63: CMakeFiles/action.dir/src/action_editor/main.cpp.o] Error 1
make[1]: *** [CMakeFiles/Makefile2:221: CMakeFiles/action.dir/all] Error 2
make: *** [Makefile:141: all] Error 2
