[0.009s] Invoking command in '/home/robo/ROS2/walk_test/build/control': CMAKE_PREFIX_PATH=/home/robo/ROS2/walk_test/install/dynamixel_sdk_custom_interfaces:/home/robo/ROS2/walk_test/install/control:/opt/ros/foxy LD_LIBRARY_PATH=/home/robo/ROS2/walk_test/install/dynamixel_sdk_custom_interfaces/lib:/home/robo/ROS2/walk_test/install/control/lib:/opt/ros/foxy/opt/yaml_cpp_vendor/lib:/opt/ros/foxy/opt/rviz_ogre_vendor/lib:/opt/ros/foxy/lib/x86_64-linux-gnu:/opt/ros/foxy/lib /usr/bin/cmake --build /home/robo/ROS2/walk_test/build/control -- -j12 -l12
[0.040s] [35m[1mScanning dependencies of target control[0m
[0.040s] [35m[1mScanning dependencies of target motion[0m
[0.053s] [ 19%] Built target gait_publisher
[0.053s] [ 19%] Built target decision
[0.062s] [ 23%] [32mBuilding CXX object CMakeFiles/control.dir/src/control.cpp.o[0m
[0.067s] [ 28%] [32mBuilding CXX object CMakeFiles/motion.dir/src/motion/MotionManager.cpp.o[0m
[0.067s] [ 33%] [32mBuilding CXX object CMakeFiles/motion.dir/src/motion/JointData.cpp.o[0m
[1.135s] In file included from [01m[K/home/robo/ROS2/walk_test/src/control/src/motion/MotionManager.cpp:25[m[K:
[1.135s] [01m[K/home/robo/ROS2/walk_test/src/control/include/MotionManager.h:[m[K In constructor â€˜[01m[KRobot::MotionManager::MotionManager(const rclcpp::NodeOptions&)[m[Kâ€™:
[1.135s] [01m[K/home/robo/ROS2/walk_test/src/control/include/MotionManager.h:85:8:[m[K [01;35m[Kwarning: [m[Kâ€˜[01m[KRobot::MotionManager::DEBUG_PRINT[m[Kâ€™ will be initialized after [[01;35m[K-Wreorder[m[K]
[1.135s]    85 |   bool [01;35m[KDEBUG_PRINT[m[K;
[1.135s]       |        [01;35m[K^~~~~~~~~~~[m[K
[1.135s] [01m[K/home/robo/ROS2/walk_test/src/control/src/motion/MotionManager.cpp:64:41:[m[K [01;35m[Kwarning: [m[K  base â€˜[01m[Krclcpp::Node[m[Kâ€™ [[01;35m[K-Wreorder[m[K]
[1.135s]    64 |   rclcpp::Node("gait_publisher", options[01;35m[K)[m[K
[1.135s]       |                                         [01;35m[K^[m[K
[1.135s] [01m[K/home/robo/ROS2/walk_test/src/control/src/motion/MotionManager.cpp:56:1:[m[K [01;35m[Kwarning: [m[K  when initialized here [[01;35m[K-Wreorder[m[K]
[1.135s]    56 | [01;35m[KMotionManager[m[K::MotionManager(const rclcpp::NodeOptions & options) :
[1.135s]       | [01;35m[K^~~~~~~~~~~~~[m[K
[1.158s] [01m[K/home/robo/ROS2/walk_test/src/control/src/motion/MotionManager.cpp:[m[K In member function â€˜[01m[Kvoid Robot::MotionManager::topic_callback(std::shared_ptr<sensor_msgs::msg::Imu_<std::allocator<void> > >) const[m[Kâ€™:
[1.158s] [01m[K/home/robo/ROS2/walk_test/src/control/src/motion/MotionManager.cpp:94:15:[m[K [01;35m[Kwarning: [m[Kunused variable â€˜[01m[KIMU_GYRO_X[m[Kâ€™ [[01;35m[K-Wunused-variable[m[K]
[1.158s]    94 |         float [01;35m[KIMU_GYRO_X[m[K = -imu_msg_->angular_velocity.x/10;
[1.158s]       |               [01;35m[K^~~~~~~~~~[m[K
[1.158s] [01m[K/home/robo/ROS2/walk_test/src/control/src/motion/MotionManager.cpp:95:15:[m[K [01;35m[Kwarning: [m[Kunused variable â€˜[01m[KIMU_GYRO_Y[m[Kâ€™ [[01;35m[K-Wunused-variable[m[K]
[1.158s]    95 |         float [01;35m[KIMU_GYRO_Y[m[K  = -imu_msg_->angular_velocity.y/10;
[1.158s]       |               [01;35m[K^~~~~~~~~~[m[K
[1.159s] [01m[K/home/robo/ROS2/walk_test/src/control/src/motion/MotionManager.cpp:[m[K In member function â€˜[01m[Kvoid Robot::MotionManager::topic_callback_walk(std::shared_ptr<dynamixel_sdk_custom_interfaces::msg::Walk_<std::allocator<void> > >) const[m[Kâ€™:
[1.160s] [01m[K/home/robo/ROS2/walk_test/src/control/src/motion/MotionManager.cpp:108:15:[m[K [01;31m[Kerror: [m[Kassignment of member â€˜[01m[KRobot::MotionManager::m_Enabled[m[Kâ€™ in read-only object
[1.160s]   108 |     [01;31m[Km_Enabled = true[m[K;
[1.160s]       |     [01;31m[K~~~~~~~~~~^~~~~~[m[K
[1.160s] [01m[K/home/robo/ROS2/walk_test/src/control/src/motion/MotionManager.cpp:111:17:[m[K [01;35m[Kwarning: [m[Kstatement has no effect [[01;35m[K-Wunused-value[m[K]
[1.160s]   111 |     [01;35m[Kkeep_walking==true[m[K;
[1.160s]       |     [01;35m[K~~~~~~~~~~~~^~~~~~[m[K
[1.160s] [01m[K/home/robo/ROS2/walk_test/src/control/src/motion/MotionManager.cpp:119:17:[m[K [01;35m[Kwarning: [m[Kstatement has no effect [[01;35m[K-Wunused-value[m[K]
[1.160s]   119 |     [01;35m[Kkeep_walking==false[m[K;
[1.160s]       |     [01;35m[K~~~~~~~~~~~~^~~~~~~[m[K
[1.160s] [01m[K/home/robo/ROS2/walk_test/src/control/src/motion/MotionManager.cpp:[m[K In member function â€˜[01m[Kbool Robot::MotionManager::Initialize(bool)[m[Kâ€™:
[1.160s] [01m[K/home/robo/ROS2/walk_test/src/control/src/motion/MotionManager.cpp:127:6:[m[K [01;35m[Kwarning: [m[Kunused variable â€˜[01m[Kvalue[m[Kâ€™ [[01;35m[K-Wunused-variable[m[K]
[1.160s]   127 |  int [01;35m[Kvalue[m[K, error;
[1.160s]       |      [01;35m[K^~~~~[m[K
[1.160s] [01m[K/home/robo/ROS2/walk_test/src/control/src/motion/MotionManager.cpp:127:13:[m[K [01;35m[Kwarning: [m[Kunused variable â€˜[01m[Kerror[m[Kâ€™ [[01;35m[K-Wunused-variable[m[K]
[1.160s]   127 |  int value, [01;35m[Kerror[m[K;
[1.160s]       |             [01;35m[K^~~~~[m[K
[1.160s] [01m[K/home/robo/ROS2/walk_test/src/control/src/motion/MotionManager.cpp:[m[K In member function â€˜[01m[Kbool Robot::MotionManager::Reinitialize()[m[Kâ€™:
[1.161s] [01m[K/home/robo/ROS2/walk_test/src/control/src/motion/MotionManager.cpp:213:6:[m[K [01;35m[Kwarning: [m[Kunused variable â€˜[01m[Kvalue[m[Kâ€™ [[01;35m[K-Wunused-variable[m[K]
[1.161s]   213 |  int [01;35m[Kvalue[m[K, error;
[1.161s]       |      [01;35m[K^~~~~[m[K
[1.161s] [01m[K/home/robo/ROS2/walk_test/src/control/src/motion/MotionManager.cpp:213:13:[m[K [01;35m[Kwarning: [m[Kunused variable â€˜[01m[Kerror[m[Kâ€™ [[01;35m[K-Wunused-variable[m[K]
[1.161s]   213 |  int value, [01;35m[Kerror[m[K;
[1.161s]       |             [01;35m[K^~~~~[m[K
[1.170s] [01m[K/home/robo/ROS2/walk_test/src/control/src/motion/MotionManager.cpp:[m[K In member function â€˜[01m[Kvoid Robot::MotionManager::Process()[m[Kâ€™:
[1.170s] [01m[K/home/robo/ROS2/walk_test/src/control/src/motion/MotionManager.cpp:368:18:[m[K [01;35m[Kwarning: [m[Kstatement has no effect [[01;35m[K-Wunused-value[m[K]
[1.170s]   368 |  [01;35m[Km_ProcessEnable == true[m[K; // TIRAR DEPOIS
[1.170s]       |  [01;35m[K~~~~~~~~~~~~~~~~^~~~~~~[m[K
[1.170s] [01m[K/home/robo/ROS2/walk_test/src/control/src/motion/MotionManager.cpp:369:14:[m[K [01;35m[Kwarning: [m[Kstatement has no effect [[01;35m[K-Wunused-value[m[K]
[1.170s]   369 |  [01;35m[Km_IsRunning == false[m[K; // TIRAR DEPOIS
[1.170s]       |  [01;35m[K~~~~~~~~~~~~^~~~~~~~[m[K
[1.177s] [01m[K/home/robo/ROS2/walk_test/src/control/src/motion/MotionManager.cpp:411:7:[m[K [01;35m[Kwarning: [m[Kunused variable â€˜[01m[Kjoint_num[m[Kâ€™ [[01;35m[K-Wunused-variable[m[K]
[1.177s]   411 |   int [01;35m[Kjoint_num[m[K = 0;
[1.177s]       |       [01;35m[K^~~~~~~~~[m[K
[3.145s] make[2]: *** [CMakeFiles/motion.dir/build.make:63: CMakeFiles/motion.dir/src/motion/MotionManager.cpp.o] Error 1
[3.145s] make[1]: *** [CMakeFiles/Makefile2:165: CMakeFiles/motion.dir/all] Error 2
[3.145s] make[1]: *** Waiting for unfinished jobs....
[5.289s] [ 38%] [32m[1mLinking CXX executable control[0m
[5.527s] [ 38%] Built target control
[5.528s] make: *** [Makefile:141: all] Error 2
[5.529s] Invoked command in '/home/robo/ROS2/walk_test/build/control' returned '2': CMAKE_PREFIX_PATH=/home/robo/ROS2/walk_test/install/dynamixel_sdk_custom_interfaces:/home/robo/ROS2/walk_test/install/control:/opt/ros/foxy LD_LIBRARY_PATH=/home/robo/ROS2/walk_test/install/dynamixel_sdk_custom_interfaces/lib:/home/robo/ROS2/walk_test/install/control/lib:/opt/ros/foxy/opt/yaml_cpp_vendor/lib:/opt/ros/foxy/opt/rviz_ogre_vendor/lib:/opt/ros/foxy/lib/x86_64-linux-gnu:/opt/ros/foxy/lib /usr/bin/cmake --build /home/robo/ROS2/walk_test/build/control -- -j12 -l12
