[0.008s] Invoking command in '/home/robo/ROS2/walk_test/build/control': AMENT_PREFIX_PATH=/home/robo/ROS2/walk_test/install/dynamixel_sdk_custom_interfaces:${AMENT_PREFIX_PATH} CMAKE_PREFIX_PATH=/home/robo/ROS2/walk_test/install/dynamixel_sdk_custom_interfaces:/opt/ros/foxy LD_LIBRARY_PATH=/home/robo/ROS2/walk_test/install/dynamixel_sdk_custom_interfaces/lib:${LD_LIBRARY_PATH} PYTHONPATH=/home/robo/ROS2/walk_test/install/dynamixel_sdk_custom_interfaces/lib/python3.8/site-packages:${PYTHONPATH} /usr/bin/cmake --build /home/robo/ROS2/walk_test/build/control -- -j12 -l12
[0.039s] [35m[1mScanning dependencies of target control[0m
[0.040s] [35m[1mScanning dependencies of target motion[0m
[0.052s] [ 19%] Built target gait_publisher
[0.052s] [ 19%] Built target decision
[0.061s] [ 23%] [32mBuilding CXX object CMakeFiles/control.dir/src/control.cpp.o[0m
[0.066s] [ 28%] [32mBuilding CXX object CMakeFiles/motion.dir/src/motion/MotionManager.cpp.o[0m
[0.066s] [ 33%] [32mBuilding CXX object CMakeFiles/motion.dir/src/motion/JointData.cpp.o[0m
[1.059s] In file included from [01m[K/home/robo/ROS2/walk_test/src/control/src/motion/MotionManager.cpp:25[m[K:
[1.059s] [01m[K/home/robo/ROS2/walk_test/src/control/include/MotionManager.h:[m[K In constructor â€˜[01m[KRobot::MotionManager::MotionManager(const rclcpp::NodeOptions&)[m[Kâ€™:
[1.059s] [01m[K/home/robo/ROS2/walk_test/src/control/include/MotionManager.h:81:8:[m[K [01;35m[Kwarning: [m[Kâ€˜[01m[KRobot::MotionManager::DEBUG_PRINT[m[Kâ€™ will be initialized after [[01;35m[K-Wreorder[m[K]
[1.059s]    81 |   bool [01;35m[KDEBUG_PRINT[m[K;
[1.059s]       |        [01;35m[K^~~~~~~~~~~[m[K
[1.060s] [01m[K/home/robo/ROS2/walk_test/src/control/src/motion/MotionManager.cpp:64:41:[m[K [01;35m[Kwarning: [m[K  base â€˜[01m[Krclcpp::Node[m[Kâ€™ [[01;35m[K-Wreorder[m[K]
[1.060s]    64 |   rclcpp::Node("gait_publisher", options[01;35m[K)[m[K
[1.060s]       |                                         [01;35m[K^[m[K
[1.060s] [01m[K/home/robo/ROS2/walk_test/src/control/src/motion/MotionManager.cpp:55:1:[m[K [01;35m[Kwarning: [m[K  when initialized here [[01;35m[K-Wreorder[m[K]
[1.060s]    55 | [01;35m[KMotionManager[m[K::MotionManager(const rclcpp::NodeOptions & options) :
[1.060s]       | [01;35m[K^~~~~~~~~~~~~[m[K
[1.074s] [01m[K/home/robo/ROS2/walk_test/src/control/src/control.cpp:[m[K In constructor â€˜[01m[KControl::Control()[m[Kâ€™:
[1.074s] [01m[K/home/robo/ROS2/walk_test/src/control/src/control.cpp:53:5:[m[K [01;31m[Kerror: [m[Kâ€˜[01m[Kpublisher_walk[m[Kâ€™ was not declared in this scope; did you mean â€˜[01m[Kpublisher_[m[Kâ€™?
[1.074s]    53 |     [01;31m[Kpublisher_walk[m[K = this->create_publisher<dynamixel_sdk_custom_interfaces::msg::Walk>("walking", 10);
[1.075s]       |     [01;31m[K^~~~~~~~~~~~~~[m[K
[1.075s]       |     [32m[Kpublisher_[m[K
[1.079s] [01m[K/home/robo/ROS2/walk_test/src/control/src/motion/MotionManager.cpp:[m[K In member function â€˜[01m[Kvoid Robot::MotionManager::topic_callback(std::shared_ptr<sensor_msgs::msg::Imu_<std::allocator<void> > >) const[m[Kâ€™:
[1.079s] [01m[K/home/robo/ROS2/walk_test/src/control/src/motion/MotionManager.cpp:93:15:[m[K [01;35m[Kwarning: [m[Kunused variable â€˜[01m[KIMU_GYRO_X[m[Kâ€™ [[01;35m[K-Wunused-variable[m[K]
[1.079s]    93 |         float [01;35m[KIMU_GYRO_X[m[K = -imu_msg_->angular_velocity.x/10;
[1.079s]       |               [01;35m[K^~~~~~~~~~[m[K
[1.079s] [01m[K/home/robo/ROS2/walk_test/src/control/src/motion/MotionManager.cpp:94:15:[m[K [01;35m[Kwarning: [m[Kunused variable â€˜[01m[KIMU_GYRO_Y[m[Kâ€™ [[01;35m[K-Wunused-variable[m[K]
[1.079s]    94 |         float [01;35m[KIMU_GYRO_Y[m[K  = -imu_msg_->angular_velocity.y/10;
[1.079s]       |               [01;35m[K^~~~~~~~~~[m[K
[1.086s] [01m[K/home/robo/ROS2/walk_test/src/control/src/motion/MotionManager.cpp:[m[K In member function â€˜[01m[Kbool Robot::MotionManager::Initialize(bool)[m[Kâ€™:
[1.086s] [01m[K/home/robo/ROS2/walk_test/src/control/src/motion/MotionManager.cpp:100:6:[m[K [01;35m[Kwarning: [m[Kunused variable â€˜[01m[Kvalue[m[Kâ€™ [[01;35m[K-Wunused-variable[m[K]
[1.086s]   100 |  int [01;35m[Kvalue[m[K, error;
[1.086s]       |      [01;35m[K^~~~~[m[K
[1.086s] [01m[K/home/robo/ROS2/walk_test/src/control/src/motion/MotionManager.cpp:100:13:[m[K [01;35m[Kwarning: [m[Kunused variable â€˜[01m[Kerror[m[Kâ€™ [[01;35m[K-Wunused-variable[m[K]
[1.086s]   100 |  int value, [01;35m[Kerror[m[K;
[1.086s]       |             [01;35m[K^~~~~[m[K
[1.086s] [01m[K/home/robo/ROS2/walk_test/src/control/src/motion/MotionManager.cpp:[m[K In member function â€˜[01m[Kbool Robot::MotionManager::Reinitialize()[m[Kâ€™:
[1.087s] [01m[K/home/robo/ROS2/walk_test/src/control/src/motion/MotionManager.cpp:185:6:[m[K [01;35m[Kwarning: [m[Kunused variable â€˜[01m[Kvalue[m[Kâ€™ [[01;35m[K-Wunused-variable[m[K]
[1.087s]   185 |  int [01;35m[Kvalue[m[K, error;
[1.087s]       |      [01;35m[K^~~~~[m[K
[1.087s] [01m[K/home/robo/ROS2/walk_test/src/control/src/motion/MotionManager.cpp:185:13:[m[K [01;35m[Kwarning: [m[Kunused variable â€˜[01m[Kerror[m[Kâ€™ [[01;35m[K-Wunused-variable[m[K]
[1.087s]   185 |  int value, [01;35m[Kerror[m[K;
[1.087s]       |             [01;35m[K^~~~~[m[K
[1.089s] [01m[K/home/robo/ROS2/walk_test/src/control/src/control.cpp:[m[K In member function â€˜[01m[Kvoid Control::topic_callback(std::shared_ptr<dynamixel_sdk_custom_interfaces::msg::Decision_<std::allocator<void> > >) const[m[Kâ€™:
[1.089s] [01m[K/home/robo/ROS2/walk_test/src/control/src/control.cpp:112:11:[m[K [01;31m[Kerror: [m[Kâ€˜[01m[Kmessage[m[Kâ€™ was not declared in this scope
[1.089s]   112 |           [01;31m[Kmessage[m[K.walk = 0;
[1.089s]       |           [01;31m[K^~~~~~~[m[K
[1.090s] [01m[K/home/robo/ROS2/walk_test/src/control/src/control.cpp:113:11:[m[K [01;31m[Kerror: [m[Kâ€˜[01m[Kpublisher_walk[m[Kâ€™ was not declared in this scope; did you mean â€˜[01m[Kpublisher_[m[Kâ€™?
[1.090s]   113 |           [01;31m[Kpublisher_walk[m[K->publish(message);
[1.090s]       |           [01;31m[K^~~~~~~~~~~~~~[m[K
[1.091s]       |           [32m[Kpublisher_[m[K
[1.097s] [01m[K/home/robo/ROS2/walk_test/src/control/src/motion/MotionManager.cpp:[m[K In member function â€˜[01m[Kvoid Robot::MotionManager::Process()[m[Kâ€™:
[1.097s] [01m[K/home/robo/ROS2/walk_test/src/control/src/motion/MotionManager.cpp:340:18:[m[K [01;35m[Kwarning: [m[Kstatement has no effect [[01;35m[K-Wunused-value[m[K]
[1.097s]   340 |  [01;35m[Km_ProcessEnable == true[m[K; // TIRAR DEPOIS
[1.097s]       |  [01;35m[K~~~~~~~~~~~~~~~~^~~~~~~[m[K
[1.097s] [01m[K/home/robo/ROS2/walk_test/src/control/src/motion/MotionManager.cpp:341:14:[m[K [01;35m[Kwarning: [m[Kstatement has no effect [[01;35m[K-Wunused-value[m[K]
[1.097s]   341 |  [01;35m[Km_IsRunning == false[m[K; // TIRAR DEPOIS
[1.097s]       |  [01;35m[K~~~~~~~~~~~~^~~~~~~~[m[K
[1.099s] [01m[K/home/robo/ROS2/walk_test/src/control/src/control.cpp:222:11:[m[K [01;31m[Kerror: [m[Kâ€˜[01m[Kmessage[m[Kâ€™ was not declared in this scope
[1.099s]   222 |           [01;31m[Kmessage[m[K.walk = 1;
[1.100s]       |           [01;31m[K^~~~~~~[m[K
[1.101s] [01m[K/home/robo/ROS2/walk_test/src/control/src/control.cpp:223:11:[m[K [01;31m[Kerror: [m[Kâ€˜[01m[Kpublisher_walk[m[Kâ€™ was not declared in this scope; did you mean â€˜[01m[Kpublisher_[m[Kâ€™?
[1.101s]   223 |           [01;31m[Kpublisher_walk[m[K->publish(message);
[1.101s]       |           [01;31m[K^~~~~~~~~~~~~~[m[K
[1.101s]       |           [32m[Kpublisher_[m[K
[1.104s] [01m[K/home/robo/ROS2/walk_test/src/control/src/motion/MotionManager.cpp:381:7:[m[K [01;35m[Kwarning: [m[Kvariable â€˜[01m[Kparam[m[Kâ€™ set but not used [[01;35m[K-Wunused-but-set-variable[m[K]
[1.104s]   381 |   int [01;35m[Kparam[m[K[JointData::NUMBER_OF_JOINTS * MX28::PARAM_BYTES];
[1.104s]       |       [01;35m[K^~~~~[m[K
[1.104s] [01m[K/home/robo/ROS2/walk_test/src/control/src/motion/MotionManager.cpp:382:7:[m[K [01;35m[Kwarning: [m[Kunused variable â€˜[01m[Kjoint_num[m[Kâ€™ [[01;35m[K-Wunused-variable[m[K]
[1.105s]   382 |   int [01;35m[Kjoint_num[m[K = 0;
[1.105s]       |       [01;35m[K^~~~~~~~~[m[K
[2.904s] make[2]: *** [CMakeFiles/control.dir/build.make:63: CMakeFiles/control.dir/src/control.cpp.o] Error 1
[2.904s] make[1]: *** [CMakeFiles/Makefile2:111: CMakeFiles/control.dir/all] Error 2
[2.904s] make[1]: *** Waiting for unfinished jobs....
[4.949s] [ 38%] [32m[1mLinking CXX shared library libmotion.so[0m
[5.185s] [ 95%] Built target motion
[5.186s] make: *** [Makefile:141: all] Error 2
[5.187s] Invoked command in '/home/robo/ROS2/walk_test/build/control' returned '2': AMENT_PREFIX_PATH=/home/robo/ROS2/walk_test/install/dynamixel_sdk_custom_interfaces:${AMENT_PREFIX_PATH} CMAKE_PREFIX_PATH=/home/robo/ROS2/walk_test/install/dynamixel_sdk_custom_interfaces:/opt/ros/foxy LD_LIBRARY_PATH=/home/robo/ROS2/walk_test/install/dynamixel_sdk_custom_interfaces/lib:${LD_LIBRARY_PATH} PYTHONPATH=/home/robo/ROS2/walk_test/install/dynamixel_sdk_custom_interfaces/lib/python3.8/site-packages:${PYTHONPATH} /usr/bin/cmake --build /home/robo/ROS2/walk_test/build/control -- -j12 -l12
