[0.010s] Invoking command in '/home/robo/ROS2/walk_test/build/control': CMAKE_PREFIX_PATH=/home/robo/ROS2/walk_test/install/dynamixel_sdk_custom_interfaces:/home/robo/ROS2/walk_test/install/control:/opt/ros/foxy LD_LIBRARY_PATH=/home/robo/ROS2/walk_test/install/dynamixel_sdk_custom_interfaces/lib:/home/robo/ROS2/walk_test/install/control/lib:/opt/ros/foxy/opt/yaml_cpp_vendor/lib:/opt/ros/foxy/opt/rviz_ogre_vendor/lib:/opt/ros/foxy/lib/x86_64-linux-gnu:/opt/ros/foxy/lib /usr/bin/cmake --build /home/robo/ROS2/walk_test/build/control -- -j12 -l12
[0.041s] [35m[1mScanning dependencies of target control[0m
[0.042s] [35m[1mScanning dependencies of target motion[0m
[0.054s] [ 19%] Built target decision
[0.054s] [ 19%] Built target gait_publisher
[0.063s] [ 23%] [32mBuilding CXX object CMakeFiles/control.dir/src/control.cpp.o[0m
[0.068s] [ 28%] [32mBuilding CXX object CMakeFiles/motion.dir/src/motion/MotionManager.cpp.o[0m
[0.068s] [ 33%] [32mBuilding CXX object CMakeFiles/motion.dir/src/motion/JointData.cpp.o[0m
[1.075s] In file included from [01m[K/home/robo/ROS2/walk_test/src/control/src/motion/MotionManager.cpp:25[m[K:
[1.075s] [01m[K/home/robo/ROS2/walk_test/src/control/include/MotionManager.h:[m[K In constructor â€˜[01m[KRobot::MotionManager::MotionManager(const rclcpp::NodeOptions&)[m[Kâ€™:
[1.076s] [01m[K/home/robo/ROS2/walk_test/src/control/include/MotionManager.h:83:8:[m[K [01;35m[Kwarning: [m[Kâ€˜[01m[KRobot::MotionManager::DEBUG_PRINT[m[Kâ€™ will be initialized after [[01;35m[K-Wreorder[m[K]
[1.076s]    83 |   bool [01;35m[KDEBUG_PRINT[m[K;
[1.076s]       |        [01;35m[K^~~~~~~~~~~[m[K
[1.076s] [01m[K/home/robo/ROS2/walk_test/src/control/src/motion/MotionManager.cpp:64:41:[m[K [01;35m[Kwarning: [m[K  base â€˜[01m[Krclcpp::Node[m[Kâ€™ [[01;35m[K-Wreorder[m[K]
[1.076s]    64 |   rclcpp::Node("gait_publisher", options[01;35m[K)[m[K
[1.076s]       |                                         [01;35m[K^[m[K
[1.076s] [01m[K/home/robo/ROS2/walk_test/src/control/src/motion/MotionManager.cpp:56:1:[m[K [01;35m[Kwarning: [m[K  when initialized here [[01;35m[K-Wreorder[m[K]
[1.076s]    56 | [01;35m[KMotionManager[m[K::MotionManager(const rclcpp::NodeOptions & options) :
[1.076s]       | [01;35m[K^~~~~~~~~~~~~[m[K
[1.099s] [01m[K/home/robo/ROS2/walk_test/src/control/src/motion/MotionManager.cpp:[m[K In member function â€˜[01m[Kvoid Robot::MotionManager::topic_callback(std::shared_ptr<sensor_msgs::msg::Imu_<std::allocator<void> > >) const[m[Kâ€™:
[1.099s] [01m[K/home/robo/ROS2/walk_test/src/control/src/motion/MotionManager.cpp:95:15:[m[K [01;35m[Kwarning: [m[Kunused variable â€˜[01m[KIMU_GYRO_X[m[Kâ€™ [[01;35m[K-Wunused-variable[m[K]
[1.099s]    95 |         float [01;35m[KIMU_GYRO_X[m[K = -imu_msg_->angular_velocity.x/10;
[1.099s]       |               [01;35m[K^~~~~~~~~~[m[K
[1.099s] [01m[K/home/robo/ROS2/walk_test/src/control/src/motion/MotionManager.cpp:96:15:[m[K [01;35m[Kwarning: [m[Kunused variable â€˜[01m[KIMU_GYRO_Y[m[Kâ€™ [[01;35m[K-Wunused-variable[m[K]
[1.099s]    96 |         float [01;35m[KIMU_GYRO_Y[m[K  = -imu_msg_->angular_velocity.y/10;
[1.099s]       |               [01;35m[K^~~~~~~~~~[m[K
[1.100s] [01m[K/home/robo/ROS2/walk_test/src/control/src/motion/MotionManager.cpp:[m[K In member function â€˜[01m[Kvoid Robot::MotionManager::topic_callback_walk(std::shared_ptr<dynamixel_sdk_custom_interfaces::msg::Walk_<std::allocator<void> > >) const[m[Kâ€™:
[1.100s] [01m[K/home/robo/ROS2/walk_test/src/control/src/motion/MotionManager.cpp:107:17:[m[K [01;35m[Kwarning: [m[Kstatement has no effect [[01;35m[K-Wunused-value[m[K]
[1.100s]   107 |     [01;35m[Kkeep_walking==true[m[K;
[1.100s]       |     [01;35m[K~~~~~~~~~~~~^~~~~~[m[K
[1.100s] [01m[K/home/robo/ROS2/walk_test/src/control/src/motion/MotionManager.cpp:114:17:[m[K [01;35m[Kwarning: [m[Kstatement has no effect [[01;35m[K-Wunused-value[m[K]
[1.100s]   114 |     [01;35m[Kkeep_walking==false[m[K;
[1.101s]       |     [01;35m[K~~~~~~~~~~~~^~~~~~~[m[K
[1.101s] [01m[K/home/robo/ROS2/walk_test/src/control/src/motion/MotionManager.cpp:[m[K In static member function â€˜[01m[Kstatic bool Robot::MotionManager::Initialize(bool)[m[Kâ€™:
[1.101s] [01m[K/home/robo/ROS2/walk_test/src/control/src/motion/MotionManager.cpp:127:2:[m[K [01;31m[Kerror: [m[Kinvalid use of member â€˜[01m[KRobot::MotionManager::m_ProcessEnable[m[Kâ€™ in static member function
[1.101s]   127 |  [01;31m[Km_ProcessEnable[m[K = true;
[1.101s]       |  [01;31m[K^~~~~~~~~~~~~~~[m[K
[1.101s] In file included from [01m[K/home/robo/ROS2/walk_test/src/control/src/motion/MotionManager.cpp:25[m[K:
[1.101s] [01m[K/home/robo/ROS2/walk_test/src/control/include/MotionManager.h:36:8:[m[K [01;36m[Knote: [m[Kdeclared here
[1.101s]    36 |   bool [01;36m[Km_ProcessEnable[m[K;
[1.101s]       |        [01;36m[K^~~~~~~~~~~~~~~[m[K
[1.102s] [01m[K/home/robo/ROS2/walk_test/src/control/src/motion/MotionManager.cpp:141:6:[m[K [01;31m[Kerror: [m[Kinvalid use of member â€˜[01m[KRobot::MotionManager::DEBUG_PRINT[m[Kâ€™ in static member function
[1.103s]   141 |   if([01;31m[KDEBUG_PRINT[m[K == true)
[1.103s]       |      [01;31m[K^~~~~~~~~~~[m[K
[1.103s] In file included from [01m[K/home/robo/ROS2/walk_test/src/control/src/motion/MotionManager.cpp:25[m[K:
[1.103s] [01m[K/home/robo/ROS2/walk_test/src/control/include/MotionManager.h:83:8:[m[K [01;36m[Knote: [m[Kdeclared here
[1.103s]    83 |   bool [01;36m[KDEBUG_PRINT[m[K;
[1.103s]       |        [01;36m[K^~~~~~~~~~~[m[K
[1.103s] [01m[K/home/robo/ROS2/walk_test/src/control/src/motion/MotionManager.cpp:145:11:[m[K [01;31m[Kerror: [m[Kinvalid use of member â€˜[01m[KRobot::MotionManager::client[m[Kâ€™ in static member function
[1.103s]   145 |   while (![01;31m[Kclient[m[K->wait_for_service(1s)) {
[1.103s]       |           [01;31m[K^~~~~~[m[K
[1.103s] In file included from [01m[K/home/robo/ROS2/walk_test/src/control/src/motion/MotionManager.cpp:25[m[K:
[1.103s] [01m[K/home/robo/ROS2/walk_test/src/control/include/MotionManager.h:51:78:[m[K [01;36m[Knote: [m[Kdeclared here
[1.103s]    51 | rclcpp::Client<dynamixel_sdk_custom_interfaces::srv::GetPosition>::SharedPtr [01;36m[Kclient[m[K;
[1.103s]       |                                                                              [01;36m[K^~~~~~[m[K
[1.103s] [01m[K/home/robo/ROS2/walk_test/src/control/src/motion/MotionManager.cpp:153:17:[m[K [01;31m[Kerror: [m[Kinvalid use of member â€˜[01m[KRobot::MotionManager::client[m[Kâ€™ in static member function
[1.103s]   153 |   auto result = [01;31m[Kclient[m[K->async_send_request(request);
[1.103s]       |                 [01;31m[K^~~~~~[m[K
[1.104s] In file included from [01m[K/home/robo/ROS2/walk_test/src/control/src/motion/MotionManager.cpp:25[m[K:
[1.104s] [01m[K/home/robo/ROS2/walk_test/src/control/include/MotionManager.h:51:78:[m[K [01;36m[Knote: [m[Kdeclared here
[1.104s]    51 | rclcpp::Client<dynamixel_sdk_custom_interfaces::srv::GetPosition>::SharedPtr [01;36m[Kclient[m[K;
[1.104s]       |                                                                              [01;36m[K^~~~~~[m[K
[1.104s] [01m[K/home/robo/ROS2/walk_test/src/control/src/motion/MotionManager.cpp:155:42:[m[K [01;31m[Kerror: [m[Kâ€˜[01m[Kthis[m[Kâ€™ is unavailable for static member functions
[1.104s]   155 |   if (rclcpp::spin_until_future_complete([01;31m[Kthis[m[K->get_node_base_interface(), result) ==
[1.104s]       |                                          [01;31m[K^~~~[m[K
[1.104s] [01m[K/home/robo/ROS2/walk_test/src/control/src/motion/MotionManager.cpp:191:2:[m[K [01;31m[Kerror: [m[Kinvalid use of member â€˜[01m[KRobot::MotionManager::m_fadeIn[m[Kâ€™ in static member function
[1.104s]   191 |  [01;31m[Km_fadeIn[m[K = fadeIn;
[1.104s]       |  [01;31m[K^~~~~~~~[m[K
[1.104s] In file included from [01m[K/home/robo/ROS2/walk_test/src/control/src/motion/MotionManager.cpp:25[m[K:
[1.104s] [01m[K/home/robo/ROS2/walk_test/src/control/include/MotionManager.h:58:7:[m[K [01;36m[Knote: [m[Kdeclared here
[1.104s]    58 |  bool [01;36m[Km_fadeIn[m[K;
[1.105s]       |       [01;36m[K^~~~~~~~[m[K
[1.105s] [01m[K/home/robo/ROS2/walk_test/src/control/src/motion/MotionManager.cpp:192:2:[m[K [01;31m[Kerror: [m[Kinvalid use of member â€˜[01m[KRobot::MotionManager::m_torque_count[m[Kâ€™ in static member function
[1.105s]   192 |  [01;31m[Km_torque_count[m[K = 0;
[1.105s]       |  [01;31m[K^~~~~~~~~~~~~~[m[K
[1.105s] In file included from [01m[K/home/robo/ROS2/walk_test/src/control/src/motion/MotionManager.cpp:25[m[K:
[1.105s] [01m[K/home/robo/ROS2/walk_test/src/control/include/MotionManager.h:59:6:[m[K [01;36m[Knote: [m[Kdeclared here
[1.105s]    59 |  int [01;36m[Km_torque_count[m[K;
[1.105s]       |      [01;36m[K^~~~~~~~~~~~~~[m[K
[1.105s] [01m[K/home/robo/ROS2/walk_test/src/control/src/motion/MotionManager.cpp:194:2:[m[K [01;31m[Kerror: [m[Kinvalid use of member â€˜[01m[KRobot::MotionManager::m_CalibrationStatus[m[Kâ€™ in static member function
[1.105s]   194 |  [01;31m[Km_CalibrationStatus[m[K = 0;
[1.105s]       |  [01;31m[K^~~~~~~~~~~~~~~~~~~[m[K
[1.105s] In file included from [01m[K/home/robo/ROS2/walk_test/src/control/src/motion/MotionManager.cpp:25[m[K:
[1.105s] [01m[K/home/robo/ROS2/walk_test/src/control/include/MotionManager.h:40:7:[m[K [01;36m[Knote: [m[Kdeclared here
[1.105s]    40 |   int [01;36m[Km_CalibrationStatus[m[K;
[1.105s]       |       [01;36m[K^~~~~~~~~~~~~~~~~~~[m[K
[1.105s] [01m[K/home/robo/ROS2/walk_test/src/control/src/motion/MotionManager.cpp:195:2:[m[K [01;31m[Kerror: [m[Kinvalid use of member â€˜[01m[KRobot::MotionManager::m_FBGyroCenter[m[Kâ€™ in static member function
[1.105s]   195 |  [01;31m[Km_FBGyroCenter[m[K = 512;
[1.105s]       |  [01;31m[K^~~~~~~~~~~~~~[m[K
[1.105s] In file included from [01m[K/home/robo/ROS2/walk_test/src/control/src/motion/MotionManager.cpp:25[m[K:
[1.106s] [01m[K/home/robo/ROS2/walk_test/src/control/include/MotionManager.h:38:7:[m[K [01;36m[Knote: [m[Kdeclared here
[1.106s]    38 |   int [01;36m[Km_FBGyroCenter[m[K;
[1.106s]       |       [01;36m[K^~~~~~~~~~~~~~[m[K
[1.106s] [01m[K/home/robo/ROS2/walk_test/src/control/src/motion/MotionManager.cpp:196:2:[m[K [01;31m[Kerror: [m[Kinvalid use of member â€˜[01m[KRobot::MotionManager::m_RLGyroCenter[m[Kâ€™ in static member function
[1.106s]   196 |  [01;31m[Km_RLGyroCenter[m[K = 512;
[1.106s]       |  [01;31m[K^~~~~~~~~~~~~~[m[K
[1.106s] In file included from [01m[K/home/robo/ROS2/walk_test/src/control/src/motion/MotionManager.cpp:25[m[K:
[1.106s] [01m[K/home/robo/ROS2/walk_test/src/control/include/MotionManager.h:39:7:[m[K [01;36m[Knote: [m[Kdeclared here
[1.106s]    39 |   int [01;36m[Km_RLGyroCenter[m[K;
[1.106s]       |       [01;36m[K^~~~~~~~~~~~~~[m[K
[1.106s] [01m[K/home/robo/ROS2/walk_test/src/control/src/motion/MotionManager.cpp:122:6:[m[K [01;35m[Kwarning: [m[Kunused variable â€˜[01m[Kvalue[m[Kâ€™ [[01;35m[K-Wunused-variable[m[K]
[1.106s]   122 |  int [01;35m[Kvalue[m[K, error;
[1.106s]       |      [01;35m[K^~~~~[m[K
[1.106s] [01m[K/home/robo/ROS2/walk_test/src/control/src/motion/MotionManager.cpp:122:13:[m[K [01;35m[Kwarning: [m[Kunused variable â€˜[01m[Kerror[m[Kâ€™ [[01;35m[K-Wunused-variable[m[K]
[1.106s]   122 |  int value, [01;35m[Kerror[m[K;
[1.106s]       |             [01;35m[K^~~~~[m[K
[1.106s] [01m[K/home/robo/ROS2/walk_test/src/control/src/motion/MotionManager.cpp:[m[K In member function â€˜[01m[Kbool Robot::MotionManager::Reinitialize()[m[Kâ€™:
[1.106s] [01m[K/home/robo/ROS2/walk_test/src/control/src/motion/MotionManager.cpp:207:6:[m[K [01;35m[Kwarning: [m[Kunused variable â€˜[01m[Kvalue[m[Kâ€™ [[01;35m[K-Wunused-variable[m[K]
[1.106s]   207 |  int [01;35m[Kvalue[m[K, error;
[1.106s]       |      [01;35m[K^~~~~[m[K
[1.106s] [01m[K/home/robo/ROS2/walk_test/src/control/src/motion/MotionManager.cpp:207:13:[m[K [01;35m[Kwarning: [m[Kunused variable â€˜[01m[Kerror[m[Kâ€™ [[01;35m[K-Wunused-variable[m[K]
[1.107s]   207 |  int value, [01;35m[Kerror[m[K;
[1.107s]       |             [01;35m[K^~~~~[m[K
[1.114s] [01m[K/home/robo/ROS2/walk_test/src/control/src/motion/MotionManager.cpp:[m[K In member function â€˜[01m[Kvoid Robot::MotionManager::Process()[m[Kâ€™:
[1.115s] [01m[K/home/robo/ROS2/walk_test/src/control/src/motion/MotionManager.cpp:362:18:[m[K [01;35m[Kwarning: [m[Kstatement has no effect [[01;35m[K-Wunused-value[m[K]
[1.115s]   362 |  [01;35m[Km_ProcessEnable == true[m[K; // TIRAR DEPOIS
[1.115s]       |  [01;35m[K~~~~~~~~~~~~~~~~^~~~~~~[m[K
[1.115s] [01m[K/home/robo/ROS2/walk_test/src/control/src/motion/MotionManager.cpp:363:14:[m[K [01;35m[Kwarning: [m[Kstatement has no effect [[01;35m[K-Wunused-value[m[K]
[1.115s]   363 |  [01;35m[Km_IsRunning == false[m[K; // TIRAR DEPOIS
[1.115s]       |  [01;35m[K~~~~~~~~~~~~^~~~~~~~[m[K
[1.124s] [01m[K/home/robo/ROS2/walk_test/src/control/src/motion/MotionManager.cpp:405:7:[m[K [01;35m[Kwarning: [m[Kunused variable â€˜[01m[Kjoint_num[m[Kâ€™ [[01;35m[K-Wunused-variable[m[K]
[1.124s]   405 |   int [01;35m[Kjoint_num[m[K = 0;
[1.124s]       |       [01;35m[K^~~~~~~~~[m[K
[3.093s] make[2]: *** [CMakeFiles/motion.dir/build.make:63: CMakeFiles/motion.dir/src/motion/MotionManager.cpp.o] Error 1
[3.093s] make[1]: *** [CMakeFiles/Makefile2:165: CMakeFiles/motion.dir/all] Error 2
[3.093s] make[1]: *** Waiting for unfinished jobs....
[5.385s] [ 38%] [32m[1mLinking CXX executable control[0m
[5.622s] [ 38%] Built target control
[5.623s] make: *** [Makefile:141: all] Error 2
[5.624s] Invoked command in '/home/robo/ROS2/walk_test/build/control' returned '2': CMAKE_PREFIX_PATH=/home/robo/ROS2/walk_test/install/dynamixel_sdk_custom_interfaces:/home/robo/ROS2/walk_test/install/control:/opt/ros/foxy LD_LIBRARY_PATH=/home/robo/ROS2/walk_test/install/dynamixel_sdk_custom_interfaces/lib:/home/robo/ROS2/walk_test/install/control/lib:/opt/ros/foxy/opt/yaml_cpp_vendor/lib:/opt/ros/foxy/opt/rviz_ogre_vendor/lib:/opt/ros/foxy/lib/x86_64-linux-gnu:/opt/ros/foxy/lib /usr/bin/cmake --build /home/robo/ROS2/walk_test/build/control -- -j12 -l12
