CMake Error: The current CMakeCache.txt directory /home/robo/ROS2/um7/build/um7/CMakeCache.txt is different than the directory /home/robofei/ROS2/um7/build/um7 where CMakeCache.txt was created. This may result in binaries being created in the wrong place. If you are not sure, reedit the CMakeCache.txt
Traceback (most recent call last):
  File "/opt/ros/foxy/share/ament_cmake_core/cmake/package_templates/templates_2_cmake.py", line 112, in <module>
    main()
  File "/opt/ros/foxy/share/ament_cmake_core/cmake/package_templates/templates_2_cmake.py", line 55, in main
    with open(args.outfile, 'w') as f:
PermissionError: [Errno 13] Permission denied: '/home/robofei/ROS2/um7/build/um7/ament_cmake_package_templates/templates.cmake'
CMake Error at /opt/ros/foxy/share/ament_cmake_core/cmake/ament_cmake_package_templates-extras.cmake:41 (message):
  execute_process(/usr/bin/python3
  /opt/ros/foxy/share/ament_cmake_core/cmake/package_templates/templates_2_cmake.py
  /home/robofei/ROS2/um7/build/um7/ament_cmake_package_templates/templates.cmake)
  returned error code 1
Call Stack (most recent call first):
  /opt/ros/foxy/share/ament_cmake_core/cmake/ament_cmake_coreConfig.cmake:41 (include)
  /opt/ros/foxy/share/ament_cmake/cmake/ament_cmake_export_dependencies-extras.cmake:15 (find_package)
  /opt/ros/foxy/share/ament_cmake/cmake/ament_cmakeConfig.cmake:41 (include)
  CMakeLists.txt:9 (find_package)


CMake Error: Cannot open file for write: /home/robofei/ROS2/um7/build/um7/CMakeCache.txt.tmp
CMake Error: : System Error: Permission denied
CMake Error: Unable to open cache file for save. /home/robofei/ROS2/um7/build/um7/CMakeCache.txt
CMake Error: : System Error: Permission denied
make: *** [Makefile:1021: cmake_check_build_system] Error 1
