[0.012s] Invoking command in '/home/robo/ROS2/um7/build/um7': CMAKE_PREFIX_PATH=/opt/ros/foxy /usr/bin/cmake --build /home/robo/ROS2/um7/build/um7 -- -j12 -l12
[0.019s] CMake Error: The current CMakeCache.txt directory /home/robo/ROS2/um7/build/um7/CMakeCache.txt is different than the directory /home/robofei/ROS2/um7/build/um7 where CMakeCache.txt was created. This may result in binaries being created in the wrong place. If you are not sure, reedit the CMakeCache.txt
[0.045s] -- Found ament_cmake: 0.9.9 (/opt/ros/foxy/share/ament_cmake/cmake)
[0.064s] -- Found PythonInterp: /usr/bin/python3 (found suitable version "3.8.10", minimum required is "3") 
[0.064s] -- Using PYTHON_EXECUTABLE: /usr/bin/python3
[0.269s] Traceback (most recent call last):
[0.270s]   File "/opt/ros/foxy/share/ament_cmake_core/cmake/package_templates/templates_2_cmake.py", line 112, in <module>
[0.270s]     main()
[0.270s]   File "/opt/ros/foxy/share/ament_cmake_core/cmake/package_templates/templates_2_cmake.py", line 55, in main
[0.270s]     with open(args.outfile, 'w') as f:
[0.270s] PermissionError: [Errno 13] Permission denied: '/home/robofei/ROS2/um7/build/um7/ament_cmake_package_templates/templates.cmake'
[0.286s] CMake Error at /opt/ros/foxy/share/ament_cmake_core/cmake/ament_cmake_package_templates-extras.cmake:41 (message):
[0.286s]   execute_process(/usr/bin/python3
[0.286s]   /opt/ros/foxy/share/ament_cmake_core/cmake/package_templates/templates_2_cmake.py
[0.286s]   /home/robofei/ROS2/um7/build/um7/ament_cmake_package_templates/templates.cmake)
[0.286s]   returned error code 1
[0.286s] Call Stack (most recent call first):
[0.286s]   /opt/ros/foxy/share/ament_cmake_core/cmake/ament_cmake_coreConfig.cmake:41 (include)
[0.286s]   /opt/ros/foxy/share/ament_cmake/cmake/ament_cmake_export_dependencies-extras.cmake:15 (find_package)
[0.287s]   /opt/ros/foxy/share/ament_cmake/cmake/ament_cmakeConfig.cmake:41 (include)
[0.287s]   CMakeLists.txt:9 (find_package)
[0.287s] 
[0.287s] 
[0.287s] CMake Error: Cannot open file for write: /home/robofei/ROS2/um7/build/um7/CMakeCache.txt.tmp
[0.287s] CMake Error: : System Error: Permission denied
[0.287s] CMake Error: Unable to open cache file for save. /home/robofei/ROS2/um7/build/um7/CMakeCache.txt
[0.287s] CMake Error: : System Error: Permission denied
[0.287s] -- Configuring incomplete, errors occurred!
[0.287s] See also "/home/robofei/ROS2/um7/build/um7/CMakeFiles/CMakeOutput.log".
[0.287s] See also "/home/robofei/ROS2/um7/build/um7/CMakeFiles/CMakeError.log".
[0.287s] make: *** [Makefile:1021: cmake_check_build_system] Error 1
[0.289s] Invoked command in '/home/robo/ROS2/um7/build/um7' returned '2': CMAKE_PREFIX_PATH=/opt/ros/foxy /usr/bin/cmake --build /home/robo/ROS2/um7/build/um7 -- -j12 -l12
