[35m[1mScanning dependencies of target motion[0m
[ 25%] [32mBuilding CXX object CMakeFiles/control.dir/src/control.cpp.o[0m
[ 50%] [32mBuilding CXX object CMakeFiles/motion.dir/src/MotionManager.cpp.o[0m
[01m[K/home/robofei/ROS2/action/src/control/src/MotionManager.cpp:36:43:[m[K [01;31m[Kerror: [m[Kâ€˜[01m[KMotionModule[m[Kâ€™ has not been declared
   36 | const int TORQUE_ADAPTION_CYCLES = 1000 / [01;31m[KMotionModule[m[K::TIME_UNIT;
      |                                           [01;31m[K^~~~~~~~~~~~[m[K
[01m[K/home/robofei/ROS2/action/src/control/src/MotionManager.cpp:45:1:[m[K [01;31m[Kerror: [m[Kâ€˜[01m[KMotionManager[m[Kâ€™ does not name a type
   45 | [01;31m[KMotionManager[m[K::MotionManager()
      | [01;31m[K^~~~~~~~~~~~~[m[K
[01m[K/home/robofei/ROS2/action/src/control/src/MotionManager.cpp:173:1:[m[K [01;31m[Kerror: [m[Kâ€˜[01m[KMotionManager[m[Kâ€™ does not name a type
  173 | [01;31m[KMotionManager[m[K::~MotionManager()
      | [01;31m[K^~~~~~~~~~~~~[m[K
[01m[K/home/robofei/ROS2/action/src/control/src/MotionManager.cpp:[m[K In function â€˜[01m[Kbool Initialize(bool)[m[Kâ€™:
[01m[K/home/robofei/ROS2/action/src/control/src/MotionManager.cpp:183:5:[m[K [01;31m[Kerror: [m[Kâ€˜[01m[Km_Enabled[m[Kâ€™ was not declared in this scope
  183 |     [01;31m[Km_Enabled[m[K = false;
      |     [01;31m[K^~~~~~~~~[m[K
[01m[K/home/robofei/ROS2/action/src/control/src/MotionManager.cpp:184:5:[m[K [01;31m[Kerror: [m[Kâ€˜[01m[Km_ProcessEnable[m[Kâ€™ was not declared in this scope
  184 |     [01;31m[Km_ProcessEnable[m[K = true;
      |     [01;31m[K^~~~~~~~~~~~~~~[m[K
[01m[K/home/robofei/ROS2/action/src/control/src/MotionManager.cpp:221:5:[m[K [01;31m[Kerror: [m[Kâ€˜[01m[Km_fadeIn[m[Kâ€™ was not declared in this scope; did you mean â€˜[01m[KfadeIn[m[Kâ€™?
  221 |     [01;31m[Km_fadeIn[m[K = fadeIn;
      |     [01;31m[K^~~~~~~~[m[K
      |     [32m[KfadeIn[m[K
[01m[K/home/robofei/ROS2/action/src/control/src/control.cpp:[m[K In constructor â€˜[01m[KControl::Control()[m[Kâ€™:
[01m[K/home/robofei/ROS2/action/src/control/src/control.cpp:28:23:[m[K [01;31m[Kerror: [m[Kâ€˜[01m[Kini[m[Kâ€™ was not declared in this scope; did you mean â€˜[01m[Kint[m[Kâ€™?
   28 |     GaitMove gaitMove([01;31m[Kini[m[K);
      |                       [01;31m[K^~~[m[K
      |                       [32m[Kint[m[K
[01m[K/home/robofei/ROS2/action/src/control/src/MotionManager.cpp:222:5:[m[K [01;31m[Kerror: [m[Kâ€˜[01m[Km_torque_count[m[Kâ€™ was not declared in this scope
  222 |     [01;31m[Km_torque_count[m[K = 0;
      |     [01;31m[K^~~~~~~~~~~~~~[m[K
[01m[K/home/robofei/ROS2/action/src/control/src/MotionManager.cpp:224:5:[m[K [01;31m[Kerror: [m[Kâ€˜[01m[Km_CalibrationStatus[m[Kâ€™ was not declared in this scope
  224 |     [01;31m[Km_CalibrationStatus[m[K = 0;
      |     [01;31m[K^~~~~~~~~~~~~~~~~~~[m[K
[01m[K/home/robofei/ROS2/action/src/control/src/MotionManager.cpp:225:5:[m[K [01;31m[Kerror: [m[Kâ€˜[01m[Km_FBGyroCenter[m[Kâ€™ was not declared in this scope
  225 |     [01;31m[Km_FBGyroCenter[m[K = 512;
      |     [01;31m[K^~~~~~~~~~~~~~[m[K
[01m[K/home/robofei/ROS2/action/src/control/src/MotionManager.cpp:226:5:[m[K [01;31m[Kerror: [m[Kâ€˜[01m[Km_RLGyroCenter[m[Kâ€™ was not declared in this scope
  226 |     [01;31m[Km_RLGyroCenter[m[K = 512;
      |     [01;31m[K^~~~~~~~~~~~~~[m[K
[01m[K/home/robofei/ROS2/action/src/control/src/MotionManager.cpp:179:9:[m[K [01;35m[Kwarning: [m[Kunused variable â€˜[01m[Kvalue[m[Kâ€™ [[01;35m[K-Wunused-variable[m[K]
  179 |     int [01;35m[Kvalue[m[K, error;
      |         [01;35m[K^~~~~[m[K
[01m[K/home/robofei/ROS2/action/src/control/src/MotionManager.cpp:179:16:[m[K [01;35m[Kwarning: [m[Kunused variable â€˜[01m[Kerror[m[Kâ€™ [[01;35m[K-Wunused-variable[m[K]
  179 |     int value, [01;35m[Kerror[m[K;
      |                [01;35m[K^~~~~[m[K
[01m[K/home/robofei/ROS2/action/src/control/src/MotionManager.cpp:[m[K In function â€˜[01m[Kbool Reinitialize()[m[Kâ€™:
[01m[K/home/robofei/ROS2/action/src/control/src/MotionManager.cpp:233:5:[m[K [01;31m[Kerror: [m[Kâ€˜[01m[Km_ProcessEnable[m[Kâ€™ was not declared in this scope
  233 |     [01;31m[Km_ProcessEnable[m[K = false;
      |     [01;31m[K^~~~~~~~~~~~~~~[m[K
[01m[K/home/robofei/ROS2/action/src/control/src/MotionManager.cpp:237:9:[m[K [01;35m[Kwarning: [m[Kunused variable â€˜[01m[Kvalue[m[Kâ€™ [[01;35m[K-Wunused-variable[m[K]
  237 |     int [01;35m[Kvalue[m[K, error;
      |         [01;35m[K^~~~~[m[K
[01m[K/home/robofei/ROS2/action/src/control/src/MotionManager.cpp:237:16:[m[K [01;35m[Kwarning: [m[Kunused variable â€˜[01m[Kerror[m[Kâ€™ [[01;35m[K-Wunused-variable[m[K]
  237 |     int value, [01;35m[Kerror[m[K;
      |                [01;35m[K^~~~~[m[K
[01m[K/home/robofei/ROS2/action/src/control/src/MotionManager.cpp:[m[K In function â€˜[01m[Kvoid Restartrobot()[m[Kâ€™:
[01m[K/home/robofei/ROS2/action/src/control/src/MotionManager.cpp:266:5:[m[K [01;31m[Kerror: [m[Kâ€˜[01m[Km_torque_count[m[Kâ€™ was not declared in this scope
  266 |     [01;31m[Km_torque_count[m[K=0;
      |     [01;31m[K^~~~~~~~~~~~~~[m[K
[01m[K/home/robofei/ROS2/action/src/control/src/MotionManager.cpp:[m[K In function â€˜[01m[Kvoid StartLogging()[m[Kâ€™:
[01m[K/home/robofei/ROS2/action/src/control/src/MotionManager.cpp:282:9:[m[K [01;31m[Kerror: [m[Kâ€˜[01m[Km_LogFileStream[m[Kâ€™ was not declared in this scope
  282 |         [01;31m[Km_LogFileStream[m[K.open(szFile, std::ios::out);
      |         [01;31m[K^~~~~~~~~~~~~~~[m[K
[01m[K/home/robofei/ROS2/action/src/control/src/MotionManager.cpp:283:18:[m[K [01;31m[Kerror: [m[Kâ€˜[01m[KJointData[m[Kâ€™ has not been declared
  283 |     for(int id = [01;31m[KJointData[m[K::ID_MIN; id <= JointData::ID_MAX-2; id++)//tirando a cabeÃ§a
      |                  [01;31m[K^~~~~~~~~[m[K
[01m[K/home/robofei/ROS2/action/src/control/src/MotionManager.cpp:283:43:[m[K [01;31m[Kerror: [m[Kâ€˜[01m[KJointData[m[Kâ€™ has not been declared
  283 |     for(int id = JointData::ID_MIN; id <= [01;31m[KJointData[m[K::ID_MAX-2; id++)//tirando a cabeÃ§a
      |                                           [01;31m[K^~~~~~~~~[m[K
[01m[K/home/robofei/ROS2/action/src/control/src/MotionManager.cpp:287:5:[m[K [01;31m[Kerror: [m[Kâ€˜[01m[Km_IsLogging[m[Kâ€™ was not declared in this scope
  287 |     [01;31m[Km_IsLogging[m[K = true;
      |     [01;31m[K^~~~~~~~~~~[m[K
[01m[K/home/robofei/ROS2/action/src/control/src/MotionManager.cpp:[m[K In function â€˜[01m[Kvoid StopLogging()[m[Kâ€™:
[01m[K/home/robofei/ROS2/action/src/control/src/MotionManager.cpp:292:5:[m[K [01;31m[Kerror: [m[Kâ€˜[01m[Km_IsLogging[m[Kâ€™ was not declared in this scope
  292 |     [01;31m[Km_IsLogging[m[K = false;
      |     [01;31m[K^~~~~~~~~~~[m[K
[01m[K/home/robofei/ROS2/action/src/control/src/MotionManager.cpp:293:5:[m[K [01;31m[Kerror: [m[Kâ€˜[01m[Km_LogFileStream[m[Kâ€™ was not declared in this scope
  293 |     [01;31m[Km_LogFileStream[m[K.close();
      |     [01;31m[K^~~~~~~~~~~~~~~[m[K
[01m[K/home/robofei/ROS2/action/src/control/src/MotionManager.cpp:[m[K In function â€˜[01m[Kvoid LoadINISettings(minIni*)[m[Kâ€™:
[01m[K/home/robofei/ROS2/action/src/control/src/MotionManager.cpp:298:40:[m[K [01;31m[Kerror: [m[Ktoo many arguments to function â€˜[01m[Kvoid LoadINISettings(minIni*)[m[Kâ€™
  298 |     LoadINISettings(ini, OFFSET_SECTION[01;31m[K)[m[K;
      |                                        [01;31m[K^[m[K
[01m[K/home/robofei/ROS2/action/src/control/src/MotionManager.cpp:296:6:[m[K [01;36m[Knote: [m[Kdeclared here
  296 | void [01;36m[KLoadINISettings[m[K(minIni* ini)
      |      [01;36m[K^~~~~~~~~~~~~~~[m[K
[01m[K/home/robofei/ROS2/action/src/control/src/MotionManager.cpp:[m[K In function â€˜[01m[Kvoid LoadINISettings(minIni*, const string&)[m[Kâ€™:
[01m[K/home/robofei/ROS2/action/src/control/src/MotionManager.cpp:304:17:[m[K [01;31m[Kerror: [m[Kâ€˜[01m[KJointData[m[Kâ€™ has not been declared
  304 |     for(int i = [01;31m[KJointData[m[K::ID_MIN; i <= JointData::ID_MAX-2; i++)//tirando a cabeÃ§a
      |                 [01;31m[K^~~~~~~~~[m[K
[01m[K/home/robofei/ROS2/action/src/control/src/MotionManager.cpp:304:41:[m[K [01;31m[Kerror: [m[Kâ€˜[01m[KJointData[m[Kâ€™ has not been declared
  304 |     for(int i = JointData::ID_MIN; i <= [01;31m[KJointData[m[K::ID_MAX-2; i++)//tirando a cabeÃ§a
      |                                         [01;31m[K^~~~~~~~~[m[K
[01m[K/home/robofei/ROS2/action/src/control/src/MotionManager.cpp:308:81:[m[K [01;31m[Kerror: [m[Kâ€˜[01m[Km_Offset[m[Kâ€™ was not declared in this scope
  308 | = ini->geti(section, key, INVALID_VALUE)) != INVALID_VALUE)  [01;31m[Km_Offset[m[K[i] = ivalue;
      |                                                              [01;31m[K^~~~~~~~[m[K

[01m[K/home/robofei/ROS2/action/src/control/src/MotionManager.cpp:310:9:[m[K [01;31m[Kerror: [m[Kâ€˜[01m[Km_angleEstimator[m[Kâ€™ was not declared in this scope; did you mean â€˜[01m[KAngleEstimator[m[Kâ€™?
  310 |         [01;31m[Km_angleEstimator[m[K.LoadINISettings(ini, section + "_angle");
      |         [01;31m[K^~~~~~~~~~~~~~~~[m[K
      |         [32m[KAngleEstimator[m[K
[01m[K/home/robofei/ROS2/action/src/control/src/MotionManager.cpp:[m[K In function â€˜[01m[Kvoid SaveINISettings(minIni*)[m[Kâ€™:
[01m[K/home/robofei/ROS2/action/src/control/src/MotionManager.cpp:314:40:[m[K [01;31m[Kerror: [m[Ktoo many arguments to function â€˜[01m[Kvoid SaveINISettings(minIni*)[m[Kâ€™
  314 |     SaveINISettings(ini, OFFSET_SECTION[01;31m[K)[m[K;
      |                                        [01;31m[K^[m[K
[01m[K/home/robofei/ROS2/action/src/control/src/MotionManager.cpp:312:6:[m[K [01;36m[Knote: [m[Kdeclared here
  312 | void [01;36m[KSaveINISettings[m[K(minIni* ini)
      |      [01;36m[K^~~~~~~~~~~~~~~[m[K
[01m[K/home/robofei/ROS2/action/src/control/src/MotionManager.cpp:[m[K In function â€˜[01m[Kvoid SaveINISettings(minIni*, const string&)[m[Kâ€™:
[01m[K/home/robofei/ROS2/action/src/control/src/MotionManager.cpp:318:17:[m[K [01;31m[Kerror: [m[Kâ€˜[01m[KJointData[m[Kâ€™ has not been declared
  318 |     for(int i = [01;31m[KJointData[m[K::ID_MIN; i <= JointData::ID_MAX-2; i++)//tirando a cabeÃ§a
      |                 [01;31m[K^~~~~~~~~[m[K
[01m[K/home/robofei/ROS2/action/src/control/src/MotionManager.cpp:318:41:[m[K [01;31m[Kerror: [m[Kâ€˜[01m[KJointData[m[Kâ€™ has not been declared
  318 |     for(int i = JointData::ID_MIN; i <= [01;31m[KJointData[m[K::ID_MAX-2; i++)//tirando a cabeÃ§a
      |                                         [01;31m[K^~~~~~~~~[m[K
[01m[K/home/robofei/ROS2/action/src/control/src/MotionManager.cpp:322:32:[m[K [01;31m[Kerror: [m[Kâ€˜[01m[Km_Offset[m[Kâ€™ was not declared in this scope
  322 |         ini->put(section, key, [01;31m[Km_Offset[m[K[i]);
      |                                [01;31m[K^~~~~~~~[m[K
[01m[K/home/robofei/ROS2/action/src/control/src/MotionManager.cpp:324:9:[m[K [01;31m[Kerror: [m[Kâ€˜[01m[Km_angleEstimator[m[Kâ€™ was not declared in this scope; did you mean â€˜[01m[KAngleEstimator[m[Kâ€™?
  324 |         [01;31m[Km_angleEstimator[m[K.SaveINISettings(ini, section + "_angle");
      |         [01;31m[K^~~~~~~~~~~~~~~~[m[K
      |         [32m[KAngleEstimator[m[K
[01m[K/home/robofei/ROS2/action/src/control/src/MotionManager.cpp:[m[K At global scope:
[01m[K/home/robofei/ROS2/action/src/control/src/MotionManager.cpp:336:16:[m[K [01;31m[Kerror: [m[Kvariable or field â€˜[01m[KAddModule[m[Kâ€™ declared void
  336 | void AddModule([01;31m[KMotionModule[m[K *module)
      |                [01;31m[K^~~~~~~~~~~~[m[K
[01m[K/home/robofei/ROS2/action/src/control/src/MotionManager.cpp:336:16:[m[K [01;31m[Kerror: [m[Kâ€˜[01m[KMotionModule[m[Kâ€™ was not declared in this scope; did you mean â€˜[01m[KRobot::MotionModule[m[Kâ€™?
  336 | void AddModule([01;31m[KMotionModule[m[K *module)
      |                [01;31m[K^~~~~~~~~~~~[m[K
      |                [32m[KRobot::MotionModule[m[K
In file included from [01m[K/home/robofei/ROS2/action/src/control/include/MotionManager.h:15[m[K,
                 from [01m[K/home/robofei/ROS2/action/src/control/src/MotionManager.cpp:27[m[K:
[01m[K/home/robofei/ROS2/action/src/control/include/MotionModule.h:15:8:[m[K [01;36m[Knote: [m[Kâ€˜[01m[KRobot::MotionModule[m[Kâ€™ declared here
   15 |  class [01;36m[KMotionModule[m[K
      |        [01;36m[K^~~~~~~~~~~~[m[K
[01m[K/home/robofei/ROS2/action/src/control/src/MotionManager.cpp:336:30:[m[K [01;31m[Kerror: [m[Kâ€˜[01m[Kmodule[m[Kâ€™ was not declared in this scope; did you mean â€˜[01m[Kmodfl[m[Kâ€™?
  336 | void AddModule(MotionModule *[01;31m[Kmodule[m[K)
      |                              [01;31m[K^~~~~~[m[K
      |                              [32m[Kmodfl[m[K
[01m[K/home/robofei/ROS2/action/src/control/src/MotionManager.cpp:344:19:[m[K [01;31m[Kerror: [m[Kvariable or field â€˜[01m[KRemoveModule[m[Kâ€™ declared void
  344 | void RemoveModule([01;31m[KMotionModule[m[K *module)
      |                   [01;31m[K^~~~~~~~~~~~[m[K
[01m[K/home/robofei/ROS2/action/src/control/src/MotionManager.cpp:344:19:[m[K [01;31m[Kerror: [m[Kâ€˜[01m[KMotionModule[m[Kâ€™ was not declared in this scope; did you mean â€˜[01m[KRobot::MotionModule[m[Kâ€™?
  344 | void RemoveModule([01;31m[KMotionModule[m[K *module)
      |                   [01;31m[K^~~~~~~~~~~~[m[K
      |                   [32m[KRobot::MotionModule[m[K
In file included from [01m[K/home/robofei/ROS2/action/src/control/include/MotionManager.h:15[m[K,
                 from [01m[K/home/robofei/ROS2/action/src/control/src/MotionManager.cpp:27[m[K:
[01m[K/home/robofei/ROS2/action/src/control/include/MotionModule.h:15:8:[m[K [01;36m[Knote: [m[Kâ€˜[01m[KRobot::MotionModule[m[Kâ€™ declared here
   15 |  class [01;36m[KMotionModule[m[K
      |        [01;36m[K^~~~~~~~~~~~[m[K
[01m[K/home/robofei/ROS2/action/src/control/src/MotionManager.cpp:344:33:[m[K [01;31m[Kerror: [m[Kâ€˜[01m[Kmodule[m[Kâ€™ was not declared in this scope; did you mean â€˜[01m[Kmodfl[m[Kâ€™?
  344 | void RemoveModule(MotionModule *[01;31m[Kmodule[m[K)
      |                                 [01;31m[K^~~~~~[m[K
      |                                 [32m[Kmodfl[m[K
[01m[K/home/robofei/ROS2/action/src/control/src/control.cpp:[m[K In member function â€˜[01m[Kvoid Control::timer_callback_goodbye()[m[Kâ€™:
[01m[K/home/robofei/ROS2/action/src/control/src/control.cpp:71:12:[m[K [01;35m[Kwarning: [m[Kunused variable â€˜[01m[Kcount_[m[Kâ€™ [[01;35m[K-Wunused-variable[m[K]
   71 |     size_t [01;35m[Kcount_[m[K;
      |            [01;35m[K^~~~~~[m[K
[01m[K/home/robofei/ROS2/action/src/control/src/MotionManager.cpp:[m[K In function â€˜[01m[Kvoid SetJointDisable(int)[m[Kâ€™:
[01m[K/home/robofei/ROS2/action/src/control/src/MotionManager.cpp:351:8:[m[K [01;31m[Kerror: [m[Kâ€˜[01m[Km_Modules[m[Kâ€™ was not declared in this scope
  351 |     if([01;31m[Km_Modules[m[K.size() != 0)
      |        [01;31m[K^~~~~~~~~[m[K
[01m[K/home/robofei/ROS2/action/src/control/src/MotionManager.cpp:353:23:[m[K [01;31m[Kerror: [m[Kâ€˜[01m[KMotionModule[m[Kâ€™ was not declared in this scope; did you mean â€˜[01m[KRobot::MotionModule[m[Kâ€™?
  353 |         for(std::list<[01;31m[KMotionModule[m[K*>::iterator i = m_Modules.begin(); i != m_Modules.end(); i++)
      |                       [01;31m[K^~~~~~~~~~~~[m[K
      |                       [32m[KRobot::MotionModule[m[K
In file included from [01m[K/home/robofei/ROS2/action/src/control/include/MotionManager.h:15[m[K,
                 from [01m[K/home/robofei/ROS2/action/src/control/src/MotionManager.cpp:27[m[K:
[01m[K/home/robofei/ROS2/action/src/control/include/MotionModule.h:15:8:[m[K [01;36m[Knote: [m[Kâ€˜[01m[KRobot::MotionModule[m[Kâ€™ declared here
   15 |  class [01;36m[KMotionModule[m[K
      |        [01;36m[K^~~~~~~~~~~~[m[K
[01m[K/home/robofei/ROS2/action/src/control/src/MotionManager.cpp:353:36:[m[K [01;31m[Kerror: [m[Ktemplate argument 1 is invalid
  353 |         for(std::list<MotionModule*[01;31m[K>[m[K::iterator i = m_Modules.begin(); i != m_Modules.end(); i++)
      |                                    [01;31m[K^[m[K
[01m[K/home/robofei/ROS2/action/src/control/src/MotionManager.cpp:353:36:[m[K [01;31m[Kerror: [m[Ktemplate argument 2 is invalid
[01m[K/home/robofei/ROS2/action/src/control/src/MotionManager.cpp:353:48:[m[K [01;31m[Kerror: [m[Kqualified-id in declaration before â€˜[01m[Ki[m[Kâ€™
  353 |         for(std::list<MotionModule*>::iterator [01;31m[Ki[m[K = m_Modules.begin(); i != m_Modules.end(); i++)
      |                                                [01;31m[K^[m[K
[01m[K/home/robofei/ROS2/action/src/control/src/MotionManager.cpp:353:47:[m[K [01;31m[Kerror: [m[Kexpected â€˜[01m[K;[m[Kâ€™ before â€˜[01m[Ki[m[Kâ€™
  353 |         for(std::list<MotionModule*>::iterator[01;31m[K [m[K[32m[Ki[m[K = m_Modules.begin(); i != m_Modules.end(); i++)
      |                                               [01;31m[K^[m[K[32m[K~[m[K
      |                                               [32m[K;[m[K
[01m[K/home/robofei/ROS2/action/src/control/src/MotionManager.cpp:353:48:[m[K [01;31m[Kerror: [m[Kâ€˜[01m[Ki[m[Kâ€™ was not declared in this scope
  353 |         for(std::list<MotionModule*>::iterator [01;31m[Ki[m[K = m_Modules.begin(); i != m_Modules.end(); i++)
      |                                                [01;31m[K^[m[K
[01m[K/home/robofei/ROS2/action/src/control/src/MotionManager.cpp:353:91:[m[K [01;31m[Kerror: [m[Kexpected â€˜[01m[K)[m[Kâ€™ before â€˜[01m[K;[m[Kâ€™ token
  353 | odule*>::iterator i = m_Modules.begin(); i != m_Modules.end()[01;31m[K;[m[K i++)
      |                                                              [01;31m[K^[m[K
      |                                                              [32m[K)[m[K
[01m[K/home/robofei/ROS2/action/src/control/src/MotionManager.cpp:353:9:[m[K [01;35m[Kwarning: [m[Kthis â€˜[01m[Kfor[m[Kâ€™ clause does not guard... [[01;35m[K-Wmisleading-indentation[m[K]
  353 |         [01;35m[Kfor[m[K(std::list<MotionModule*>::iterator i = m_Modules.begin(); i != m_Modules.end(); i++)
      |         [01;35m[K^~~[m[K
[01m[K/home/robofei/ROS2/action/src/control/src/MotionManager.cpp:353:93:[m[K [01;36m[Knote: [m[K...this statement, but the latter is misleadingly indented as if it were guarded by the â€˜[01m[Kfor[m[Kâ€™
  353 | ule*>::iterator i = m_Modules.begin(); i != m_Modules.end(); [01;36m[Ki[m[K++)
      |                                                              [01;36m[K^[m[K

[01m[K/home/robofei/ROS2/action/src/control/src/MotionManager.cpp:353:93:[m[K [01;31m[Kerror: [m[Kâ€˜[01m[Ki[m[Kâ€™ was not declared in this scope
[01m[K/home/robofei/ROS2/action/src/control/src/MotionManager.cpp:349:26:[m[K [01;35m[Kwarning: [m[Kunused parameter â€˜[01m[Kindex[m[Kâ€™ [[01;35m[K-Wunused-parameter[m[K]
  349 | void SetJointDisable([01;35m[Kint index[m[K)
      |                      [01;35m[K~~~~^~~~~[m[K
[01m[K/home/robofei/ROS2/action/src/control/src/MotionManager.cpp:[m[K In function â€˜[01m[Kint main(int, char**)[m[Kâ€™:
[01m[K/home/robofei/ROS2/action/src/control/src/MotionManager.cpp:456:24:[m[K [01;31m[Kerror: [m[Kâ€˜[01m[KJointData[m[Kâ€™ has not been declared
  456 |     for(int i = 0; i < [01;31m[KJointData[m[K::NUMBER_OF_JOINTS; i++)
      |                        [01;31m[K^~~~~~~~~[m[K
[01m[K/home/robofei/ROS2/action/src/control/src/MotionManager.cpp:457:9:[m[K [01;31m[Kerror: [m[Kâ€˜[01m[Km_Offset[m[Kâ€™ was not declared in this scope
  457 |         [01;31m[Km_Offset[m[K[i] = 0;
      |         [01;31m[K^~~~~~~~[m[K
[01m[K/home/robofei/ROS2/action/src/control/src/MotionManager.cpp:467:42:[m[K [01;31m[Kerror: [m[Kâ€˜[01m[KMotionManager[m[Kâ€™ was not declared in this scope; did you mean â€˜[01m[KRobot::MotionManager[m[Kâ€™?
  467 |   auto motion_manager = std::make_shared<[01;31m[KMotionManager[m[K>();
      |                                          [01;31m[K^~~~~~~~~~~~~[m[K
      |                                          [32m[KRobot::MotionManager[m[K
In file included from [01m[K/home/robofei/ROS2/action/src/control/src/MotionManager.cpp:27[m[K:
[01m[K/home/robofei/ROS2/action/src/control/include/MotionManager.h:25:8:[m[K [01;36m[Knote: [m[Kâ€˜[01m[KRobot::MotionManager[m[Kâ€™ declared here
   25 |  class [01;36m[KMotionManager[m[K
      |        [01;36m[K^~~~~~~~~~~~~[m[K
[01m[K/home/robofei/ROS2/action/src/control/src/MotionManager.cpp:467:57:[m[K [01;31m[Kerror: [m[Kno matching function for call to â€˜[01m[Kmake_shared<<expression error> >()[m[Kâ€™
  467 |   auto motion_manager = std::make_shared<MotionManager>([01;31m[K)[m[K;
      |                                                         [01;31m[K^[m[K
In file included from [01m[K/usr/include/c++/9/memory:81[m[K,
                 from [01m[K/home/robofei/ROS2/action/src/control/src/MotionManager.cpp:15[m[K:
[01m[K/usr/include/c++/9/bits/shared_ptr.h:714:5:[m[K [01;36m[Knote: [m[Kcandidate: â€˜[01m[Ktemplate<class _Tp, class ... _Args> std::shared_ptr<_Tp> std::make_shared(_Args&& ...)[m[Kâ€™
  714 |     [01;36m[Kmake_shared[m[K(_Args&&... __args)
      |     [01;36m[K^~~~~~~~~~~[m[K
[01m[K/usr/include/c++/9/bits/shared_ptr.h:714:5:[m[K [01;36m[Knote: [m[K  template argument deduction/substitution failed:
[01m[K/home/robofei/ROS2/action/src/control/src/MotionManager.cpp:467:57:[m[K [01;31m[Kerror: [m[Ktemplate argument 1 is invalid
  467 |   auto motion_manager = std::make_shared<MotionManager>([01;31m[K)[m[K;
      |                                                         [01;31m[K^[m[K
[01m[K/home/robofei/ROS2/action/src/control/src/MotionManager.cpp:447:10:[m[K [01;35m[Kwarning: [m[Kunused variable â€˜[01m[Km_ProcessEnable[m[Kâ€™ [[01;35m[K-Wunused-variable[m[K]
  447 |     bool [01;35m[Km_ProcessEnable[m[K = false;
      |          [01;35m[K^~~~~~~~~~~~~~~[m[K
[01m[K/home/robofei/ROS2/action/src/control/src/MotionManager.cpp:448:10:[m[K [01;35m[Kwarning: [m[Kunused variable â€˜[01m[Km_Enabled[m[Kâ€™ [[01;35m[K-Wunused-variable[m[K]
  448 |     bool [01;35m[Km_Enabled[m[K = false;
      |          [01;35m[K^~~~~~~~~[m[K
[01m[K/home/robofei/ROS2/action/src/control/src/MotionManager.cpp:449:10:[m[K [01;35m[Kwarning: [m[Kunused variable â€˜[01m[Km_IsRunning[m[Kâ€™ [[01;35m[K-Wunused-variable[m[K]
  449 |     bool [01;35m[Km_IsRunning[m[K = false;
      |          [01;35m[K^~~~~~~~~~~[m[K
[01m[K/home/robofei/ROS2/action/src/control/src/MotionManager.cpp:450:10:[m[K [01;35m[Kwarning: [m[Kunused variable â€˜[01m[Km_IsThreadRunning[m[Kâ€™ [[01;35m[K-Wunused-variable[m[K]
  450 |     bool [01;35m[Km_IsThreadRunning[m[K = false;
      |          [01;35m[K^~~~~~~~~~~~~~~~~[m[K
[01m[K/home/robofei/ROS2/action/src/control/src/MotionManager.cpp:451:10:[m[K [01;35m[Kwarning: [m[Kunused variable â€˜[01m[Km_IsLogging[m[Kâ€™ [[01;35m[K-Wunused-variable[m[K]
  451 |     bool [01;35m[Km_IsLogging[m[K = false;
      |          [01;35m[K^~~~~~~~~~~[m[K
[01m[K/home/robofei/ROS2/action/src/control/src/MotionManager.cpp:452:6:[m[K [01;35m[Kwarning: [m[Kunused variable â€˜[01m[Km_torqueAdaptionCounter[m[Kâ€™ [[01;35m[K-Wunused-variable[m[K]
  452 |  int [01;35m[Km_torqueAdaptionCounter[m[K = TORQUE_ADAPTION_CYCLES;
      |      [01;35m[K^~~~~~~~~~~~~~~~~~~~~~~[m[K
[01m[K/home/robofei/ROS2/action/src/control/src/MotionManager.cpp:453:9:[m[K [01;35m[Kwarning: [m[Kunused variable â€˜[01m[Km_voltageAdaptionFactor[m[Kâ€™ [[01;35m[K-Wunused-variable[m[K]
  453 |  double [01;35m[Km_voltageAdaptionFactor[m[K = 1.0;
      |         [01;35m[K^~~~~~~~~~~~~~~~~~~~~~~[m[K
[01m[K/home/robofei/ROS2/action/src/control/src/MotionManager.cpp:454:10:[m[K [01;35m[Kwarning: [m[Kunused variable â€˜[01m[KDEBUG_PRINT[m[Kâ€™ [[01;35m[K-Wunused-variable[m[K]
  454 |     bool [01;35m[KDEBUG_PRINT[m[K = false;
      |          [01;35m[K^~~~~~~~~~~[m[K
make[2]: *** [CMakeFiles/motion.dir/build.make:63: CMakeFiles/motion.dir/src/MotionManager.cpp.o] Error 1
make[1]: *** [CMakeFiles/Makefile2:80: CMakeFiles/motion.dir/all] Error 2
make[1]: *** Waiting for unfinished jobs....
make[2]: *** [CMakeFiles/control.dir/build.make:63: CMakeFiles/control.dir/src/control.cpp.o] Error 1
make[1]: *** [CMakeFiles/Makefile2:107: CMakeFiles/control.dir/all] Error 2
make: *** [Makefile:141: all] Error 2
