[0.011s] Invoking command in '/home/robofei/ROS2/action/build/control': AMENT_PREFIX_PATH=/home/robofei/ROS2/action/install/custom_interfaces:${AMENT_PREFIX_PATH} CMAKE_PREFIX_PATH=/home/robofei/ROS2/action/install/custom_interfaces:/opt/ros/foxy LD_LIBRARY_PATH=/home/robofei/ROS2/action/install/custom_interfaces/lib:${LD_LIBRARY_PATH} PYTHONPATH=/home/robofei/ROS2/action/install/custom_interfaces/lib/python3.8/site-packages:${PYTHONPATH} /usr/bin/cmake --build /home/robofei/ROS2/action/build/control -- -j4 -l4
[0.058s] [35m[1mScanning dependencies of target motion[0m
[0.078s] [ 25%] [32mBuilding CXX object CMakeFiles/control.dir/src/control.cpp.o[0m
[0.097s] [ 50%] [32mBuilding CXX object CMakeFiles/motion.dir/src/MotionManager.cpp.o[0m
[1.477s] [01m[K/home/robofei/ROS2/action/src/control/src/control.cpp:[m[K In constructor â€˜[01m[KControl::Control()[m[Kâ€™:
[1.478s] [01m[K/home/robofei/ROS2/action/src/control/src/control.cpp:35:15:[m[K [01;31m[Kerror: [m[Kexpected unqualified-id before â€˜[01m[K.[m[Kâ€™ token
[1.478s]    35 |       GaitMove[01;31m[K.[m[Kwalk_foward_fast(stop_gait, false);
[1.478s]       |               [01;31m[K^[m[K
[1.483s] [01m[K/home/robofei/ROS2/action/src/control/src/MotionManager.cpp:35:43:[m[K [01;31m[Kerror: [m[Kâ€˜[01m[KMotionModule[m[Kâ€™ has not been declared
[1.483s]    35 | const int TORQUE_ADAPTION_CYCLES = 1000 / [01;31m[KMotionModule[m[K::TIME_UNIT;
[1.483s]       |                                           [01;31m[K^~~~~~~~~~~~[m[K
[1.485s] [01m[K/home/robofei/ROS2/action/src/control/src/MotionManager.cpp:44:1:[m[K [01;31m[Kerror: [m[Kâ€˜[01m[KMotionManager[m[Kâ€™ does not name a type
[1.485s]    44 | [01;31m[KMotionManager[m[K::MotionManager()
[1.485s]       | [01;31m[K^~~~~~~~~~~~~[m[K
[1.487s] [01m[K/home/robofei/ROS2/action/src/control/src/MotionManager.cpp:179:1:[m[K [01;31m[Kerror: [m[Kâ€˜[01m[KMotionManager[m[Kâ€™ does not name a type
[1.487s]   179 | [01;31m[KMotionManager[m[K::~MotionManager()
[1.487s]       | [01;31m[K^~~~~~~~~~~~~[m[K
[1.489s] [01m[K/home/robofei/ROS2/action/src/control/src/MotionManager.cpp:183:1:[m[K [01;31m[Kerror: [m[Kâ€˜[01m[KMotionManager[m[Kâ€™ does not name a type
[1.489s]   183 | [01;31m[KMotionManager[m[K::MotionManager() :
[1.490s]       | [01;31m[K^~~~~~~~~~~~~[m[K
[1.490s] [01m[K/home/robofei/ROS2/action/src/control/src/MotionManager.cpp:202:6:[m[K [01;31m[Kerror: [m[Kâ€˜[01m[KMotionManager[m[Kâ€™ has not been declared
[1.490s]   202 | bool [01;31m[KMotionManager[m[K::Initialize(bool fadeIn)
[1.490s]       |      [01;31m[K^~~~~~~~~~~~~[m[K
[1.490s] [01m[K/home/robofei/ROS2/action/src/control/src/control.cpp:[m[K In member function â€˜[01m[Kvoid Control::timer_callback_goodbye()[m[Kâ€™:
[1.490s] [01m[K/home/robofei/ROS2/action/src/control/src/control.cpp:66:12:[m[K [01;35m[Kwarning: [m[Kunused variable â€˜[01m[Kcount_[m[Kâ€™ [[01;35m[K-Wunused-variable[m[K]
[1.490s]    66 |     size_t [01;35m[Kcount_[m[K;
[1.490s]       |            [01;35m[K^~~~~~[m[K
[1.492s] [01m[K/home/robofei/ROS2/action/src/control/src/MotionManager.cpp:[m[K In function â€˜[01m[Kbool Initialize(bool)[m[Kâ€™:
[1.492s] [01m[K/home/robofei/ROS2/action/src/control/src/MotionManager.cpp:208:5:[m[K [01;31m[Kerror: [m[Kâ€˜[01m[Km_Enabled[m[Kâ€™ was not declared in this scope
[1.492s]   208 |     [01;31m[Km_Enabled[m[K = false;
[1.492s]       |     [01;31m[K^~~~~~~~~[m[K
[1.495s] [01m[K/home/robofei/ROS2/action/src/control/src/MotionManager.cpp:209:5:[m[K [01;31m[Kerror: [m[Kâ€˜[01m[Km_ProcessEnable[m[Kâ€™ was not declared in this scope
[1.495s]   209 |     [01;31m[Km_ProcessEnable[m[K = true;
[1.495s]       |     [01;31m[K^~~~~~~~~~~~~~~[m[K
[1.496s] [01m[K/home/robofei/ROS2/action/src/control/src/MotionManager.cpp:246:5:[m[K [01;31m[Kerror: [m[Kâ€˜[01m[Km_fadeIn[m[Kâ€™ was not declared in this scope; did you mean â€˜[01m[KfadeIn[m[Kâ€™?
[1.496s]   246 |     [01;31m[Km_fadeIn[m[K = fadeIn;
[1.496s]       |     [01;31m[K^~~~~~~~[m[K
[1.497s]       |     [32m[KfadeIn[m[K
[1.499s] [01m[K/home/robofei/ROS2/action/src/control/src/MotionManager.cpp:247:5:[m[K [01;31m[Kerror: [m[Kâ€˜[01m[Km_torque_count[m[Kâ€™ was not declared in this scope
[1.499s]   247 |     [01;31m[Km_torque_count[m[K = 0;
[1.499s]       |     [01;31m[K^~~~~~~~~~~~~~[m[K
[1.502s] [01m[K/home/robofei/ROS2/action/src/control/src/MotionManager.cpp:249:5:[m[K [01;31m[Kerror: [m[Kâ€˜[01m[Km_CalibrationStatus[m[Kâ€™ was not declared in this scope
[1.503s]   249 |     [01;31m[Km_CalibrationStatus[m[K = 0;
[1.503s]       |     [01;31m[K^~~~~~~~~~~~~~~~~~~[m[K
[1.505s] [01m[K/home/robofei/ROS2/action/src/control/src/MotionManager.cpp:250:5:[m[K [01;31m[Kerror: [m[Kâ€˜[01m[Km_FBGyroCenter[m[Kâ€™ was not declared in this scope
[1.505s]   250 |     [01;31m[Km_FBGyroCenter[m[K = 512;
[1.505s]       |     [01;31m[K^~~~~~~~~~~~~~[m[K
[1.508s] [01m[K/home/robofei/ROS2/action/src/control/src/MotionManager.cpp:251:5:[m[K [01;31m[Kerror: [m[Kâ€˜[01m[Km_RLGyroCenter[m[Kâ€™ was not declared in this scope
[1.508s]   251 |     [01;31m[Km_RLGyroCenter[m[K = 512;
[1.508s]       |     [01;31m[K^~~~~~~~~~~~~~[m[K
[1.508s] [01m[K/home/robofei/ROS2/action/src/control/src/MotionManager.cpp:204:9:[m[K [01;35m[Kwarning: [m[Kunused variable â€˜[01m[Kvalue[m[Kâ€™ [[01;35m[K-Wunused-variable[m[K]
[1.508s]   204 |     int [01;35m[Kvalue[m[K, error;
[1.509s]       |         [01;35m[K^~~~~[m[K
[1.509s] [01m[K/home/robofei/ROS2/action/src/control/src/MotionManager.cpp:204:16:[m[K [01;35m[Kwarning: [m[Kunused variable â€˜[01m[Kerror[m[Kâ€™ [[01;35m[K-Wunused-variable[m[K]
[1.509s]   204 |     int value, [01;35m[Kerror[m[K;
[1.509s]       |                [01;35m[K^~~~~[m[K
[1.509s] [01m[K/home/robofei/ROS2/action/src/control/src/MotionManager.cpp:[m[K At global scope:
[1.509s] [01m[K/home/robofei/ROS2/action/src/control/src/MotionManager.cpp:256:6:[m[K [01;31m[Kerror: [m[Kâ€˜[01m[KMotionManager[m[Kâ€™ has not been declared
[1.509s]   256 | bool [01;31m[KMotionManager[m[K::Reinitialize()
[1.510s]       |      [01;31m[K^~~~~~~~~~~~~[m[K
[1.511s] [01m[K/home/robofei/ROS2/action/src/control/src/MotionManager.cpp:[m[K In function â€˜[01m[Kbool Reinitialize()[m[Kâ€™:
[1.511s] [01m[K/home/robofei/ROS2/action/src/control/src/MotionManager.cpp:258:5:[m[K [01;31m[Kerror: [m[Kâ€˜[01m[Km_ProcessEnable[m[Kâ€™ was not declared in this scope
[1.511s]   258 |     [01;31m[Km_ProcessEnable[m[K = false;
[1.511s]       |     [01;31m[K^~~~~~~~~~~~~~~[m[K
[1.511s] [01m[K/home/robofei/ROS2/action/src/control/src/MotionManager.cpp:262:9:[m[K [01;35m[Kwarning: [m[Kunused variable â€˜[01m[Kvalue[m[Kâ€™ [[01;35m[K-Wunused-variable[m[K]
[1.511s]   262 |     int [01;35m[Kvalue[m[K, error;
[1.511s]       |         [01;35m[K^~~~~[m[K
[1.511s] [01m[K/home/robofei/ROS2/action/src/control/src/MotionManager.cpp:262:16:[m[K [01;35m[Kwarning: [m[Kunused variable â€˜[01m[Kerror[m[Kâ€™ [[01;35m[K-Wunused-variable[m[K]
[1.511s]   262 |     int value, [01;35m[Kerror[m[K;
[1.512s]       |                [01;35m[K^~~~~[m[K
[1.512s] [01m[K/home/robofei/ROS2/action/src/control/src/MotionManager.cpp:[m[K At global scope:
[1.512s] [01m[K/home/robofei/ROS2/action/src/control/src/MotionManager.cpp:289:6:[m[K [01;31m[Kerror: [m[Kâ€˜[01m[KMotionManager[m[Kâ€™ has not been declared
[1.512s]   289 | void [01;31m[KMotionManager[m[K::Restartrobot()
[1.512s]       |      [01;31m[K^~~~~~~~~~~~~[m[K
[1.514s] [01m[K/home/robofei/ROS2/action/src/control/src/MotionManager.cpp:[m[K In function â€˜[01m[Kvoid Restartrobot()[m[Kâ€™:
[1.514s] [01m[K/home/robofei/ROS2/action/src/control/src/MotionManager.cpp:291:5:[m[K [01;31m[Kerror: [m[Kâ€˜[01m[Km_torque_count[m[Kâ€™ was not declared in this scope
[1.514s]   291 |     [01;31m[Km_torque_count[m[K=0;
[1.514s]       |     [01;31m[K^~~~~~~~~~~~~~[m[K
[1.514s] [01m[K/home/robofei/ROS2/action/src/control/src/MotionManager.cpp:[m[K At global scope:
[1.515s] [01m[K/home/robofei/ROS2/action/src/control/src/MotionManager.cpp:294:6:[m[K [01;31m[Kerror: [m[Kâ€˜[01m[KMotionManager[m[Kâ€™ has not been declared
[1.515s]   294 | void [01;31m[KMotionManager[m[K::StartLogging()
[1.515s]       |      [01;31m[K^~~~~~~~~~~~~[m[K
[1.517s] [01m[K/home/robofei/ROS2/action/src/control/src/MotionManager.cpp:[m[K In function â€˜[01m[Kvoid StartLogging()[m[Kâ€™:
[1.517s] [01m[K/home/robofei/ROS2/action/src/control/src/MotionManager.cpp:307:9:[m[K [01;31m[Kerror: [m[Kâ€˜[01m[Km_LogFileStream[m[Kâ€™ was not declared in this scope
[1.517s]   307 |         [01;31m[Km_LogFileStream[m[K.open(szFile, std::ios::out);
[1.517s]       |         [01;31m[K^~~~~~~~~~~~~~~[m[K
[1.517s] [01m[K/home/robofei/ROS2/action/src/control/src/MotionManager.cpp:308:18:[m[K [01;31m[Kerror: [m[Kâ€˜[01m[KJointData[m[Kâ€™ has not been declared
[1.517s]   308 |     for(int id = [01;31m[KJointData[m[K::ID_MIN; id <= JointData::ID_MAX-2; id++)//tirando a cabeÃ§a
[1.518s]       |                  [01;31m[K^~~~~~~~~[m[K
[1.518s] [01m[K/home/robofei/ROS2/action/src/control/src/MotionManager.cpp:308:43:[m[K [01;31m[Kerror: [m[Kâ€˜[01m[KJointData[m[Kâ€™ has not been declared
[1.518s]   308 |     for(int id = JointData::ID_MIN; id <= [01;31m[KJointData[m[K::ID_MAX-2; id++)//tirando a cabeÃ§a
[1.518s]       |                                           [01;31m[K^~~~~~~~~[m[K
[1.519s] [01m[K/home/robofei/ROS2/action/src/control/src/MotionManager.cpp:312:5:[m[K [01;31m[Kerror: [m[Kâ€˜[01m[Km_IsLogging[m[Kâ€™ was not declared in this scope
[1.519s]   312 |     [01;31m[Km_IsLogging[m[K = true;
[1.519s]       |     [01;31m[K^~~~~~~~~~~[m[K
[1.520s] [01m[K/home/robofei/ROS2/action/src/control/src/MotionManager.cpp:[m[K At global scope:
[1.520s] [01m[K/home/robofei/ROS2/action/src/control/src/MotionManager.cpp:315:6:[m[K [01;31m[Kerror: [m[Kâ€˜[01m[KMotionManager[m[Kâ€™ has not been declared
[1.520s]   315 | void [01;31m[KMotionManager[m[K::StopLogging()
[1.520s]       |      [01;31m[K^~~~~~~~~~~~~[m[K
[1.521s] [01m[K/home/robofei/ROS2/action/src/control/src/MotionManager.cpp:[m[K In function â€˜[01m[Kvoid StopLogging()[m[Kâ€™:
[1.521s] [01m[K/home/robofei/ROS2/action/src/control/src/MotionManager.cpp:317:5:[m[K [01;31m[Kerror: [m[Kâ€˜[01m[Km_IsLogging[m[Kâ€™ was not declared in this scope
[1.522s]   317 |     [01;31m[Km_IsLogging[m[K = false;
[1.522s]       |     [01;31m[K^~~~~~~~~~~[m[K
[1.524s] [01m[K/home/robofei/ROS2/action/src/control/src/MotionManager.cpp:318:5:[m[K [01;31m[Kerror: [m[Kâ€˜[01m[Km_LogFileStream[m[Kâ€™ was not declared in this scope
[1.524s]   318 |     [01;31m[Km_LogFileStream[m[K.close();
[1.524s]       |     [01;31m[K^~~~~~~~~~~~~~~[m[K
[1.525s] [01m[K/home/robofei/ROS2/action/src/control/src/MotionManager.cpp:[m[K At global scope:
[1.525s] [01m[K/home/robofei/ROS2/action/src/control/src/MotionManager.cpp:321:6:[m[K [01;31m[Kerror: [m[Kâ€˜[01m[KMotionManager[m[Kâ€™ has not been declared
[1.525s]   321 | void [01;31m[KMotionManager[m[K::LoadINISettings(minIni* ini)
[1.525s]       |      [01;31m[K^~~~~~~~~~~~~[m[K
[1.525s] [01m[K/home/robofei/ROS2/action/src/control/src/MotionManager.cpp:[m[K In function â€˜[01m[Kvoid LoadINISettings(minIni*)[m[Kâ€™:
[1.525s] [01m[K/home/robofei/ROS2/action/src/control/src/MotionManager.cpp:323:40:[m[K [01;31m[Kerror: [m[Ktoo many arguments to function â€˜[01m[Kvoid LoadINISettings(minIni*)[m[Kâ€™
[1.525s]   323 |     LoadINISettings(ini, OFFSET_SECTION[01;31m[K)[m[K;
[1.525s]       |                                        [01;31m[K^[m[K
[1.526s] [01m[K/home/robofei/ROS2/action/src/control/src/MotionManager.cpp:321:6:[m[K [01;36m[Knote: [m[Kdeclared here
[1.526s]   321 | void [01;36m[KMotionManager[m[K::LoadINISettings(minIni* ini)
[1.526s]       |      [01;36m[K^~~~~~~~~~~~~[m[K
[1.526s] [01m[K/home/robofei/ROS2/action/src/control/src/MotionManager.cpp:[m[K At global scope:
[1.526s] [01m[K/home/robofei/ROS2/action/src/control/src/MotionManager.cpp:325:6:[m[K [01;31m[Kerror: [m[Kâ€˜[01m[KMotionManager[m[Kâ€™ has not been declared
[1.526s]   325 | void [01;31m[KMotionManager[m[K::LoadINISettings(minIni* ini, const std::string &section)
[1.526s]       |      [01;31m[K^~~~~~~~~~~~~[m[K
[1.527s] [01m[K/home/robofei/ROS2/action/src/control/src/MotionManager.cpp:[m[K In function â€˜[01m[Kvoid LoadINISettings(minIni*, const string&)[m[Kâ€™:
[1.527s] [01m[K/home/robofei/ROS2/action/src/control/src/MotionManager.cpp:329:17:[m[K [01;31m[Kerror: [m[Kâ€˜[01m[KJointData[m[Kâ€™ has not been declared
[1.527s]   329 |     for(int i = [01;31m[KJointData[m[K::ID_MIN; i <= JointData::ID_MAX-2; i++)//tirando a cabeÃ§a
[1.527s]       |                 [01;31m[K^~~~~~~~~[m[K
[1.527s] [01m[K/home/robofei/ROS2/action/src/control/src/MotionManager.cpp:329:41:[m[K [01;31m[Kerror: [m[Kâ€˜[01m[KJointData[m[Kâ€™ has not been declared
[1.527s]   329 |     for(int i = JointData::ID_MIN; i <= [01;31m[KJointData[m[K::ID_MAX-2; i++)//tirando a cabeÃ§a
[1.527s]       |                                         [01;31m[K^~~~~~~~~[m[K
[1.527s] [01m[K/home/robofei/ROS2/action/src/control/src/MotionManager.cpp:333:81:[m[K [01;31m[Kerror: [m[Kâ€˜[01m[Km_Offset[m[Kâ€™ was not declared in this scope
[1.528s]   333 | = ini->geti(section, key, INVALID_VALUE)) != INVALID_VALUE)  [01;31m[Km_Offset[m[K[i] = ivalue;
[1.528s]       |                                                              [01;31m[K^~~~~~~~[m[K
[1.528s] 
[1.528s] [01m[K/home/robofei/ROS2/action/src/control/src/MotionManager.cpp:335:9:[m[K [01;31m[Kerror: [m[Kâ€˜[01m[Km_angleEstimator[m[Kâ€™ was not declared in this scope; did you mean â€˜[01m[KAngleEstimator[m[Kâ€™?
[1.528s]   335 |         [01;31m[Km_angleEstimator[m[K.LoadINISettings(ini, section + "_angle");
[1.529s]       |         [01;31m[K^~~~~~~~~~~~~~~~[m[K
[1.529s]       |         [32m[KAngleEstimator[m[K
[1.529s] [01m[K/home/robofei/ROS2/action/src/control/src/MotionManager.cpp:[m[K At global scope:
[1.529s] [01m[K/home/robofei/ROS2/action/src/control/src/MotionManager.cpp:337:6:[m[K [01;31m[Kerror: [m[Kâ€˜[01m[KMotionManager[m[Kâ€™ has not been declared
[1.529s]   337 | void [01;31m[KMotionManager[m[K::SaveINISettings(minIni* ini)
[1.529s]       |      [01;31m[K^~~~~~~~~~~~~[m[K
[1.529s] [01m[K/home/robofei/ROS2/action/src/control/src/MotionManager.cpp:[m[K In function â€˜[01m[Kvoid SaveINISettings(minIni*)[m[Kâ€™:
[1.530s] [01m[K/home/robofei/ROS2/action/src/control/src/MotionManager.cpp:339:40:[m[K [01;31m[Kerror: [m[Ktoo many arguments to function â€˜[01m[Kvoid SaveINISettings(minIni*)[m[Kâ€™
[1.530s]   339 |     SaveINISettings(ini, OFFSET_SECTION[01;31m[K)[m[K;
[1.530s]       |                                        [01;31m[K^[m[K
[1.530s] [01m[K/home/robofei/ROS2/action/src/control/src/MotionManager.cpp:337:6:[m[K [01;36m[Knote: [m[Kdeclared here
[1.530s]   337 | void [01;36m[KMotionManager[m[K::SaveINISettings(minIni* ini)
[1.530s]       |      [01;36m[K^~~~~~~~~~~~~[m[K
[1.530s] [01m[K/home/robofei/ROS2/action/src/control/src/MotionManager.cpp:[m[K At global scope:
[1.531s] [01m[K/home/robofei/ROS2/action/src/control/src/MotionManager.cpp:341:6:[m[K [01;31m[Kerror: [m[Kâ€˜[01m[KMotionManager[m[Kâ€™ has not been declared
[1.531s]   341 | void [01;31m[KMotionManager[m[K::SaveINISettings(minIni* ini, const std::string &section)
[1.531s]       |      [01;31m[K^~~~~~~~~~~~~[m[K
[1.531s] [01m[K/home/robofei/ROS2/action/src/control/src/MotionManager.cpp:[m[K In function â€˜[01m[Kvoid SaveINISettings(minIni*, const string&)[m[Kâ€™:
[1.531s] [01m[K/home/robofei/ROS2/action/src/control/src/MotionManager.cpp:343:17:[m[K [01;31m[Kerror: [m[Kâ€˜[01m[KJointData[m[Kâ€™ has not been declared
[1.531s]   343 |     for(int i = [01;31m[KJointData[m[K::ID_MIN; i <= JointData::ID_MAX-2; i++)//tirando a cabeÃ§a
[1.531s]       |                 [01;31m[K^~~~~~~~~[m[K
[1.531s] [01m[K/home/robofei/ROS2/action/src/control/src/MotionManager.cpp:343:41:[m[K [01;31m[Kerror: [m[Kâ€˜[01m[KJointData[m[Kâ€™ has not been declared
[1.532s]   343 |     for(int i = JointData::ID_MIN; i <= [01;31m[KJointData[m[K::ID_MAX-2; i++)//tirando a cabeÃ§a
[1.532s]       |                                         [01;31m[K^~~~~~~~~[m[K
[1.532s] [01m[K/home/robofei/ROS2/action/src/control/src/MotionManager.cpp:347:32:[m[K [01;31m[Kerror: [m[Kâ€˜[01m[Km_Offset[m[Kâ€™ was not declared in this scope
[1.532s]   347 |         ini->put(section, key, [01;31m[Km_Offset[m[K[i]);
[1.532s]       |                                [01;31m[K^~~~~~~~[m[K
[1.532s] [01m[K/home/robofei/ROS2/action/src/control/src/MotionManager.cpp:349:9:[m[K [01;31m[Kerror: [m[Kâ€˜[01m[Km_angleEstimator[m[Kâ€™ was not declared in this scope; did you mean â€˜[01m[KAngleEstimator[m[Kâ€™?
[1.533s]   349 |         [01;31m[Km_angleEstimator[m[K.SaveINISettings(ini, section + "_angle");
[1.533s]       |         [01;31m[K^~~~~~~~~~~~~~~~[m[K
[1.533s]       |         [32m[KAngleEstimator[m[K
[1.533s] [01m[K/home/robofei/ROS2/action/src/control/src/MotionManager.cpp:[m[K At global scope:
[1.533s] [01m[K/home/robofei/ROS2/action/src/control/src/MotionManager.cpp:361:6:[m[K [01;31m[Kerror: [m[Kâ€˜[01m[KMotionManager[m[Kâ€™ has not been declared
[1.533s]   361 | void [01;31m[KMotionManager[m[K::AddModule(MotionModule *module)
[1.533s]       |      [01;31m[K^~~~~~~~~~~~~[m[K
[1.534s] [01m[K/home/robofei/ROS2/action/src/control/src/MotionManager.cpp:361:31:[m[K [01;31m[Kerror: [m[Kvariable or field â€˜[01m[KAddModule[m[Kâ€™ declared void
[1.534s]   361 | void MotionManager::AddModule([01;31m[KMotionModule[m[K *module)
[1.534s]       |                               [01;31m[K^~~~~~~~~~~~[m[K
[1.534s] [01m[K/home/robofei/ROS2/action/src/control/src/MotionManager.cpp:361:31:[m[K [01;31m[Kerror: [m[Kâ€˜[01m[KMotionModule[m[Kâ€™ was not declared in this scope; did you mean â€˜[01m[KRobot::MotionModule[m[Kâ€™?
[1.534s]   361 | void MotionManager::AddModule([01;31m[KMotionModule[m[K *module)
[1.534s]       |                               [01;31m[K^~~~~~~~~~~~[m[K
[1.534s]       |                               [32m[KRobot::MotionModule[m[K
[1.535s] In file included from [01m[K/home/robofei/ROS2/action/src/control/include/MotionManager.h:15[m[K,
[1.535s]                  from [01m[K/home/robofei/ROS2/action/src/control/src/MotionManager.cpp:27[m[K:
[1.535s] [01m[K/home/robofei/ROS2/action/src/control/include/MotionModule.h:15:8:[m[K [01;36m[Knote: [m[Kâ€˜[01m[KRobot::MotionModule[m[Kâ€™ declared here
[1.535s]    15 |  class [01;36m[KMotionModule[m[K
[1.535s]       |        [01;36m[K^~~~~~~~~~~~[m[K
[1.535s] [01m[K/home/robofei/ROS2/action/src/control/src/MotionManager.cpp:361:45:[m[K [01;31m[Kerror: [m[Kâ€˜[01m[Kmodule[m[Kâ€™ was not declared in this scope; did you mean â€˜[01m[Kmodfl[m[Kâ€™?
[1.536s]   361 | void MotionManager::AddModule(MotionModule *[01;31m[Kmodule[m[K)
[1.536s]       |                                             [01;31m[K^~~~~~[m[K
[1.536s]       |                                             [32m[Kmodfl[m[K
[1.536s] [01m[K/home/robofei/ROS2/action/src/control/src/MotionManager.cpp:369:6:[m[K [01;31m[Kerror: [m[Kâ€˜[01m[KMotionManager[m[Kâ€™ has not been declared
[1.536s]   369 | void [01;31m[KMotionManager[m[K::RemoveModule(MotionModule *module)
[1.536s]       |      [01;31m[K^~~~~~~~~~~~~[m[K
[1.536s] [01m[K/home/robofei/ROS2/action/src/control/src/MotionManager.cpp:369:34:[m[K [01;31m[Kerror: [m[Kvariable or field â€˜[01m[KRemoveModule[m[Kâ€™ declared void
[1.537s]   369 | void MotionManager::RemoveModule([01;31m[KMotionModule[m[K *module)
[1.537s]       |                                  [01;31m[K^~~~~~~~~~~~[m[K
[1.537s] [01m[K/home/robofei/ROS2/action/src/control/src/MotionManager.cpp:369:34:[m[K [01;31m[Kerror: [m[Kâ€˜[01m[KMotionModule[m[Kâ€™ was not declared in this scope; did you mean â€˜[01m[KRobot::MotionModule[m[Kâ€™?
[1.537s]   369 | void MotionManager::RemoveModule([01;31m[KMotionModule[m[K *module)
[1.537s]       |                                  [01;31m[K^~~~~~~~~~~~[m[K
[1.537s]       |                                  [32m[KRobot::MotionModule[m[K
[1.537s] In file included from [01m[K/home/robofei/ROS2/action/src/control/include/MotionManager.h:15[m[K,
[1.538s]                  from [01m[K/home/robofei/ROS2/action/src/control/src/MotionManager.cpp:27[m[K:
[1.538s] [01m[K/home/robofei/ROS2/action/src/control/include/MotionModule.h:15:8:[m[K [01;36m[Knote: [m[Kâ€˜[01m[KRobot::MotionModule[m[Kâ€™ declared here
[1.538s]    15 |  class [01;36m[KMotionModule[m[K
[1.538s]       |        [01;36m[K^~~~~~~~~~~~[m[K
[1.538s] [01m[K/home/robofei/ROS2/action/src/control/src/MotionManager.cpp:369:48:[m[K [01;31m[Kerror: [m[Kâ€˜[01m[Kmodule[m[Kâ€™ was not declared in this scope; did you mean â€˜[01m[Kmodfl[m[Kâ€™?
[1.538s]   369 | void MotionManager::RemoveModule(MotionModule *[01;31m[Kmodule[m[K)
[1.538s]       |                                                [01;31m[K^~~~~~[m[K
[1.538s]       |                                                [32m[Kmodfl[m[K
[1.539s] [01m[K/home/robofei/ROS2/action/src/control/src/MotionManager.cpp:374:6:[m[K [01;31m[Kerror: [m[Kâ€˜[01m[KMotionManager[m[Kâ€™ has not been declared
[1.539s]   374 | void [01;31m[KMotionManager[m[K::SetJointDisable(int index)
[1.539s]       |      [01;31m[K^~~~~~~~~~~~~[m[K
[1.539s] [01m[K/home/robofei/ROS2/action/src/control/src/MotionManager.cpp:[m[K In function â€˜[01m[Kvoid SetJointDisable(int)[m[Kâ€™:
[1.539s] [01m[K/home/robofei/ROS2/action/src/control/src/MotionManager.cpp:376:8:[m[K [01;31m[Kerror: [m[Kâ€˜[01m[Km_Modules[m[Kâ€™ was not declared in this scope
[1.539s]   376 |     if([01;31m[Km_Modules[m[K.size() != 0)
[1.540s]       |        [01;31m[K^~~~~~~~~[m[K
[1.540s] [01m[K/home/robofei/ROS2/action/src/control/src/MotionManager.cpp:378:23:[m[K [01;31m[Kerror: [m[Kâ€˜[01m[KMotionModule[m[Kâ€™ was not declared in this scope; did you mean â€˜[01m[KRobot::MotionModule[m[Kâ€™?
[1.540s]   378 |         for(std::list<[01;31m[KMotionModule[m[K*>::iterator i = m_Modules.begin(); i != m_Modules.end(); i++)
[1.540s]       |                       [01;31m[K^~~~~~~~~~~~[m[K
[1.540s]       |                       [32m[KRobot::MotionModule[m[K
[1.540s] In file included from [01m[K/home/robofei/ROS2/action/src/control/include/MotionManager.h:15[m[K,
[1.541s]                  from [01m[K/home/robofei/ROS2/action/src/control/src/MotionManager.cpp:27[m[K:
[1.541s] [01m[K/home/robofei/ROS2/action/src/control/include/MotionModule.h:15:8:[m[K [01;36m[Knote: [m[Kâ€˜[01m[KRobot::MotionModule[m[Kâ€™ declared here
[1.541s]    15 |  class [01;36m[KMotionModule[m[K
[1.541s]       |        [01;36m[K^~~~~~~~~~~~[m[K
[1.541s] [01m[K/home/robofei/ROS2/action/src/control/src/MotionManager.cpp:378:36:[m[K [01;31m[Kerror: [m[Ktemplate argument 1 is invalid
[1.542s]   378 |         for(std::list<MotionModule*[01;31m[K>[m[K::iterator i = m_Modules.begin(); i != m_Modules.end(); i++)
[1.542s]       |                                    [01;31m[K^[m[K
[1.542s] [01m[K/home/robofei/ROS2/action/src/control/src/MotionManager.cpp:378:36:[m[K [01;31m[Kerror: [m[Ktemplate argument 2 is invalid
[1.542s] [01m[K/home/robofei/ROS2/action/src/control/src/MotionManager.cpp:378:48:[m[K [01;31m[Kerror: [m[Kqualified-id in declaration before â€˜[01m[Ki[m[Kâ€™
[1.542s]   378 |         for(std::list<MotionModule*>::iterator [01;31m[Ki[m[K = m_Modules.begin(); i != m_Modules.end(); i++)
[1.542s]       |                                                [01;31m[K^[m[K
[1.542s] [01m[K/home/robofei/ROS2/action/src/control/src/MotionManager.cpp:378:47:[m[K [01;31m[Kerror: [m[Kexpected â€˜[01m[K;[m[Kâ€™ before â€˜[01m[Ki[m[Kâ€™
[1.543s]   378 |         for(std::list<MotionModule*>::iterator[01;31m[K [m[K[32m[Ki[m[K = m_Modules.begin(); i != m_Modules.end(); i++)
[1.543s]       |                                               [01;31m[K^[m[K[32m[K~[m[K
[1.543s]       |                                               [32m[K;[m[K
[1.543s] [01m[K/home/robofei/ROS2/action/src/control/src/MotionManager.cpp:378:48:[m[K [01;31m[Kerror: [m[Kâ€˜[01m[Ki[m[Kâ€™ was not declared in this scope
[1.543s]   378 |         for(std::list<MotionModule*>::iterator [01;31m[Ki[m[K = m_Modules.begin(); i != m_Modules.end(); i++)
[1.543s]       |                                                [01;31m[K^[m[K
[1.543s] [01m[K/home/robofei/ROS2/action/src/control/src/MotionManager.cpp:378:91:[m[K [01;31m[Kerror: [m[Kexpected â€˜[01m[K)[m[Kâ€™ before â€˜[01m[K;[m[Kâ€™ token
[1.544s]   378 | odule*>::iterator i = m_Modules.begin(); i != m_Modules.end()[01;31m[K;[m[K i++)
[1.544s]       |                                                              [01;31m[K^[m[K
[1.544s]       |                                                              [32m[K)[m[K
[1.544s] [01m[K/home/robofei/ROS2/action/src/control/src/MotionManager.cpp:378:9:[m[K [01;35m[Kwarning: [m[Kthis â€˜[01m[Kfor[m[Kâ€™ clause does not guard... [[01;35m[K-Wmisleading-indentation[m[K]
[1.544s]   378 |         [01;35m[Kfor[m[K(std::list<MotionModule*>::iterator i = m_Modules.begin(); i != m_Modules.end(); i++)
[1.544s]       |         [01;35m[K^~~[m[K
[1.544s] [01m[K/home/robofei/ROS2/action/src/control/src/MotionManager.cpp:378:93:[m[K [01;36m[Knote: [m[K...this statement, but the latter is misleadingly indented as if it were guarded by the â€˜[01m[Kfor[m[Kâ€™
[1.545s]   378 | ule*>::iterator i = m_Modules.begin(); i != m_Modules.end(); [01;36m[Ki[m[K++)
[1.545s]       |                                                              [01;36m[K^[m[K
[1.545s] 
[1.545s] [01m[K/home/robofei/ROS2/action/src/control/src/MotionManager.cpp:378:93:[m[K [01;31m[Kerror: [m[Kâ€˜[01m[Ki[m[Kâ€™ was not declared in this scope
[1.545s] [01m[K/home/robofei/ROS2/action/src/control/src/MotionManager.cpp:374:41:[m[K [01;35m[Kwarning: [m[Kunused parameter â€˜[01m[Kindex[m[Kâ€™ [[01;35m[K-Wunused-parameter[m[K]
[1.545s]   374 | void MotionManager::SetJointDisable([01;35m[Kint index[m[K)
[1.546s]       |                                     [01;35m[K~~~~^~~~~[m[K
[1.546s] [01m[K/home/robofei/ROS2/action/src/control/src/MotionManager.cpp:[m[K At global scope:
[1.546s] [01m[K/home/robofei/ROS2/action/src/control/src/MotionManager.cpp:434:6:[m[K [01;31m[Kerror: [m[Kâ€˜[01m[KMotionManager[m[Kâ€™ has not been declared
[1.546s]   434 | void [01;31m[KMotionManager[m[K::logVoltage(int voltage)
[1.546s]       |      [01;31m[K^~~~~~~~~~~~~[m[K
[1.546s] [01m[K/home/robofei/ROS2/action/src/control/src/MotionManager.cpp:451:6:[m[K [01;31m[Kerror: [m[Kâ€˜[01m[KMotionManager[m[Kâ€™ has not been declared
[1.546s]   451 | void [01;31m[KMotionManager[m[K::logServo()
[1.547s]       |      [01;31m[K^~~~~~~~~~~~~[m[K
[1.547s] [01m[K/home/robofei/ROS2/action/src/control/src/MotionManager.cpp:[m[K In function â€˜[01m[Kint main(int, char**)[m[Kâ€™:
[1.547s] [01m[K/home/robofei/ROS2/action/src/control/src/MotionManager.cpp:473:42:[m[K [01;31m[Kerror: [m[Kâ€˜[01m[KMotionManager[m[Kâ€™ was not declared in this scope; did you mean â€˜[01m[KRobot::MotionManager[m[Kâ€™?
[1.547s]   473 |   auto motion_manager = std::make_shared<[01;31m[KMotionManager[m[K>();
[1.547s]       |                                          [01;31m[K^~~~~~~~~~~~~[m[K
[1.547s]       |                                          [32m[KRobot::MotionManager[m[K
[1.547s] In file included from [01m[K/home/robofei/ROS2/action/src/control/src/MotionManager.cpp:27[m[K:
[1.548s] [01m[K/home/robofei/ROS2/action/src/control/include/MotionManager.h:25:8:[m[K [01;36m[Knote: [m[Kâ€˜[01m[KRobot::MotionManager[m[Kâ€™ declared here
[1.548s]    25 |  class [01;36m[KMotionManager[m[K
[1.548s]       |        [01;36m[K^~~~~~~~~~~~~[m[K
[1.548s] [01m[K/home/robofei/ROS2/action/src/control/src/MotionManager.cpp:473:57:[m[K [01;31m[Kerror: [m[Kno matching function for call to â€˜[01m[Kmake_shared<<expression error> >()[m[Kâ€™
[1.548s]   473 |   auto motion_manager = std::make_shared<MotionManager>([01;31m[K)[m[K;
[1.548s]       |                                                         [01;31m[K^[m[K
[1.548s] In file included from [01m[K/usr/include/c++/9/memory:81[m[K,
[1.549s]                  from [01m[K/home/robofei/ROS2/action/src/control/src/MotionManager.cpp:15[m[K:
[1.549s] [01m[K/usr/include/c++/9/bits/shared_ptr.h:714:5:[m[K [01;36m[Knote: [m[Kcandidate: â€˜[01m[Ktemplate<class _Tp, class ... _Args> std::shared_ptr<_Tp> std::make_shared(_Args&& ...)[m[Kâ€™
[1.549s]   714 |     [01;36m[Kmake_shared[m[K(_Args&&... __args)
[1.549s]       |     [01;36m[K^~~~~~~~~~~[m[K
[1.549s] [01m[K/usr/include/c++/9/bits/shared_ptr.h:714:5:[m[K [01;36m[Knote: [m[K  template argument deduction/substitution failed:
[1.549s] [01m[K/home/robofei/ROS2/action/src/control/src/MotionManager.cpp:473:57:[m[K [01;31m[Kerror: [m[Ktemplate argument 1 is invalid
[1.549s]   473 |   auto motion_manager = std::make_shared<MotionManager>([01;31m[K)[m[K;
[1.549s]       |                                                         [01;31m[K^[m[K
[1.933s] make[2]: *** [CMakeFiles/motion.dir/build.make:63: CMakeFiles/motion.dir/src/MotionManager.cpp.o] Error 1
[1.933s] make[1]: *** [CMakeFiles/Makefile2:80: CMakeFiles/motion.dir/all] Error 2
[1.934s] make[1]: *** Waiting for unfinished jobs....
[3.139s] make[2]: *** [CMakeFiles/control.dir/build.make:63: CMakeFiles/control.dir/src/control.cpp.o] Error 1
[3.139s] make[1]: *** [CMakeFiles/Makefile2:107: CMakeFiles/control.dir/all] Error 2
[3.140s] make: *** [Makefile:141: all] Error 2
[3.142s] Invoked command in '/home/robofei/ROS2/action/build/control' returned '2': AMENT_PREFIX_PATH=/home/robofei/ROS2/action/install/custom_interfaces:${AMENT_PREFIX_PATH} CMAKE_PREFIX_PATH=/home/robofei/ROS2/action/install/custom_interfaces:/opt/ros/foxy LD_LIBRARY_PATH=/home/robofei/ROS2/action/install/custom_interfaces/lib:${LD_LIBRARY_PATH} PYTHONPATH=/home/robofei/ROS2/action/install/custom_interfaces/lib/python3.8/site-packages:${PYTHONPATH} /usr/bin/cmake --build /home/robofei/ROS2/action/build/control -- -j4 -l4
