[0.009s] Invoking command in '/home/robo/ROS2/walk_test/build/control': CMAKE_PREFIX_PATH=/home/robo/ROS2/walk_test/install/dynamixel_sdk_custom_interfaces:/home/robo/ROS2/walk_test/install/control:/opt/ros/foxy /usr/bin/cmake --build /home/robo/ROS2/walk_test/build/control -- -j12 -l12
[0.040s] [35m[1mScanning dependencies of target motion[0m
[0.052s] [ 21%] Built target decision
[0.053s] [ 21%] Built target gait_publisher
[0.064s] [ 26%] [32mBuilding CXX object CMakeFiles/motion.dir/src/motion/MotionManager.cpp.o[0m
[0.989s] [01m[K/home/robo/ROS2/walk_test/src/control/src/motion/MotionManager.cpp:[m[K In constructor â€˜[01m[KRobot::MotionManager::MotionManager(const rclcpp::NodeOptions&)[m[Kâ€™:
[0.989s] [01m[K/home/robo/ROS2/walk_test/src/control/src/motion/MotionManager.cpp:54:19:[m[K [01;31m[Kerror: [m[Kexpected class-name before â€˜[01m[K([m[Kâ€™ token
[0.990s]    54 |   rclcpp::NodeNode[01;31m[K([m[K"gait_publisher", options)
[0.990s]       |                   [01;31m[K^[m[K
[0.990s] [01m[K/home/robo/ROS2/walk_test/src/control/src/motion/MotionManager.cpp:54:19:[m[K [01;31m[Kerror: [m[Kno matching function for call to â€˜[01m[Krclcpp::Node::Node()[m[Kâ€™
[0.990s] In file included from [01m[K/opt/ros/foxy/include/rclcpp/executors/single_threaded_executor.hpp:28[m[K,
[0.990s]                  from [01m[K/opt/ros/foxy/include/rclcpp/executors.hpp:22[m[K,
[0.990s]                  from [01m[K/opt/ros/foxy/include/rclcpp/rclcpp.hpp:146[m[K,
[0.990s]                  from [01m[K/home/robo/ROS2/walk_test/src/control/include/MotionManager.h:20[m[K,
[0.990s]                  from [01m[K/home/robo/ROS2/walk_test/src/control/src/motion/MotionManager.cpp:23[m[K:
[0.990s] [01m[K/opt/ros/foxy/include/rclcpp/node.hpp:1193:3:[m[K [01;36m[Knote: [m[Kcandidate: â€˜[01m[Krclcpp::Node::Node(const rclcpp::Node&, const string&)[m[Kâ€™
[0.990s]  1193 |   [01;36m[KNode[m[K(
[0.991s]       |   [01;36m[K^~~~[m[K
[0.991s] [01m[K/opt/ros/foxy/include/rclcpp/node.hpp:1193:3:[m[K [01;36m[Knote: [m[K  candidate expects 2 arguments, 0 provided
[0.991s] [01m[K/opt/ros/foxy/include/rclcpp/node.hpp:98:12:[m[K [01;36m[Knote: [m[Kcandidate: â€˜[01m[Krclcpp::Node::Node(const string&, const string&, const rclcpp::NodeOptions&)[m[Kâ€™
[0.991s]    98 |   explicit [01;36m[KNode[m[K(
[0.991s]       |            [01;36m[K^~~~[m[K
[0.991s] [01m[K/opt/ros/foxy/include/rclcpp/node.hpp:98:12:[m[K [01;36m[Knote: [m[K  candidate expects 3 arguments, 0 provided
[0.991s] [01m[K/opt/ros/foxy/include/rclcpp/node.hpp:86:12:[m[K [01;36m[Knote: [m[Kcandidate: â€˜[01m[Krclcpp::Node::Node(const string&, const rclcpp::NodeOptions&)[m[Kâ€™
[0.991s]    86 |   explicit [01;36m[KNode[m[K(
[0.991s]       |            [01;36m[K^~~~[m[K
[0.991s] [01m[K/opt/ros/foxy/include/rclcpp/node.hpp:86:12:[m[K [01;36m[Knote: [m[K  candidate expects 2 arguments, 0 provided
[0.991s] [01m[K/home/robo/ROS2/walk_test/src/control/src/motion/MotionManager.cpp:54:19:[m[K [01;31m[Kerror: [m[Kexpected â€˜[01m[K{[m[Kâ€™ before â€˜[01m[K([m[Kâ€™ token
[0.991s]    54 |   rclcpp::NodeNode[01;31m[K([m[K"gait_publisher", options)
[0.991s]       |                   [01;31m[K^[m[K
[0.991s] [01m[K/home/robo/ROS2/walk_test/src/control/src/motion/MotionManager.cpp:45:58:[m[K [01;35m[Kwarning: [m[Kunused parameter â€˜[01m[Koptions[m[Kâ€™ [[01;35m[K-Wunused-parameter[m[K]
[0.991s]    45 | MotionManager::MotionManager([01;35m[Kconst rclcpp::NodeOptions & options[m[K) :
[0.991s]       |                              [01;35m[K~~~~~~~~~~~~~~~~~~~~~~~~~~~~^~~~~~~[m[K
[0.991s] [01m[K/home/robo/ROS2/walk_test/src/control/src/motion/MotionManager.cpp:[m[K At global scope:
[0.991s] [01m[K/home/robo/ROS2/walk_test/src/control/src/motion/MotionManager.cpp:54:20:[m[K [01;31m[Kerror: [m[Kexpected unqualified-id before string constant
[0.991s]    54 |   rclcpp::NodeNode([01;31m[K"gait_publisher"[m[K, options)
[0.991s]       |                    [01;31m[K^~~~~~~~~~~~~~~~[m[K
[0.992s] [01m[K/home/robo/ROS2/walk_test/src/control/src/motion/MotionManager.cpp:54:20:[m[K [01;31m[Kerror: [m[Kexpected â€˜[01m[K)[m[Kâ€™ before string constant
[0.992s]    54 |   rclcpp::NodeNode[34m[K([m[K[01;31m[K"[m[K[32m[Kgait_publisher"[m[K, options)
[0.992s]       |                   [34m[K~[m[K[01;31m[K^[m[K[32m[K~~~~~~~~~~~~~~~[m[K
[0.992s]       |                    [32m[K)[m[K
[0.992s] [01m[K/home/robo/ROS2/walk_test/src/control/src/motion/MotionManager.cpp:66:6:[m[K [01;31m[Kerror: [m[Kâ€˜[01m[KDriver[m[Kâ€™ has not been declared
[0.992s]    66 | void [01;31m[KDriver[m[K::update_loop(void)
[0.992s]       |      [01;31m[K^~~~~~[m[K
[0.992s] In file included from [01m[K/opt/ros/foxy/include/rclcpp/service.hpp:34[m[K,
[0.992s]                  from [01m[K/opt/ros/foxy/include/rclcpp/callback_group.hpp:25[m[K,
[0.992s]                  from [01m[K/opt/ros/foxy/include/rclcpp/any_executable.hpp:20[m[K,
[0.992s]                  from [01m[K/opt/ros/foxy/include/rclcpp/memory_strategy.hpp:24[m[K,
[0.992s]                  from [01m[K/opt/ros/foxy/include/rclcpp/memory_strategies.hpp:18[m[K,
[0.992s]                  from [01m[K/opt/ros/foxy/include/rclcpp/executor_options.hpp:20[m[K,
[0.992s]                  from [01m[K/opt/ros/foxy/include/rclcpp/executor.hpp:33[m[K,
[0.992s]                  from [01m[K/opt/ros/foxy/include/rclcpp/executors/multi_threaded_executor.hpp:26[m[K,
[0.992s]                  from [01m[K/opt/ros/foxy/include/rclcpp/executors.hpp:21[m[K,
[0.992s]                  from [01m[K/opt/ros/foxy/include/rclcpp/rclcpp.hpp:146[m[K,
[0.992s]                  from [01m[K/home/robo/ROS2/walk_test/src/control/include/MotionManager.h:20[m[K,
[0.992s]                  from [01m[K/home/robo/ROS2/walk_test/src/control/src/motion/MotionManager.cpp:23[m[K:
[0.992s] [01m[K/home/robo/ROS2/walk_test/src/control/src/motion/MotionManager.cpp:[m[K In function â€˜[01m[Kvoid update_loop()[m[Kâ€™:
[0.993s] [01m[K/home/robo/ROS2/walk_test/src/control/src/motion/MotionManager.cpp:72:16:[m[K [01;31m[Kerror: [m[Kinvalid use of â€˜[01m[Kthis[m[Kâ€™ in non-member function
[0.993s]    72 |    RCLCPP_INFO([01;31m[Kthis[m[K->get_logger(), "Running motion manager");
[0.993s]       |                [01;31m[K^~~~[m[K
[0.993s] [01m[K/home/robo/ROS2/walk_test/src/control/src/motion/MotionManager.cpp:72:16:[m[K [01;31m[Kerror: [m[Kinvalid use of â€˜[01m[Kthis[m[Kâ€™ in non-member function
[0.993s] [01m[K/home/robo/ROS2/walk_test/src/control/src/motion/MotionManager.cpp:72:4:[m[K [01;31m[Kerror: [m[Ktemplate argument 1 is invalid
[0.993s]    72 |    [01;31m[KRCLCPP_INFO[m[K(this->get_logger(), "Running motion manager");
[0.993s]       |    [01;31m[K^~~~~~~~~~~[m[K
[0.993s] [01m[K/home/robo/ROS2/walk_test/src/control/src/motion/MotionManager.cpp:72:4:[m[K [01;31m[Kerror: [m[Ktemplate argument 1 is invalid
[0.993s]    72 |    [01;31m[KRCLCPP_INFO[m[K(this->get_logger(), "Running motion manager");
[0.993s]       |    [01;31m[K^~~~~~~~~~~[m[K
[0.993s] [01m[K/home/robo/ROS2/walk_test/src/control/src/motion/MotionManager.cpp:72:4:[m[K [01;31m[Kerror: [m[Ktemplate argument 1 is invalid
[0.993s]    72 |    [01;31m[KRCLCPP_INFO[m[K(this->get_logger(), "Running motion manager");
[0.993s]       |    [01;31m[K^~~~~~~~~~~[m[K
[0.993s] In file included from [01m[K/opt/ros/foxy/include/rclcpp/client.hpp:40[m[K,
[0.993s]                  from [01m[K/opt/ros/foxy/include/rclcpp/callback_group.hpp:23[m[K,
[0.993s]                  from [01m[K/opt/ros/foxy/include/rclcpp/any_executable.hpp:20[m[K,
[0.993s]                  from [01m[K/opt/ros/foxy/include/rclcpp/memory_strategy.hpp:24[m[K,
[0.993s]                  from [01m[K/opt/ros/foxy/include/rclcpp/memory_strategies.hpp:18[m[K,
[0.993s]                  from [01m[K/opt/ros/foxy/include/rclcpp/executor_options.hpp:20[m[K,
[0.994s]                  from [01m[K/opt/ros/foxy/include/rclcpp/executor.hpp:33[m[K,
[0.994s]                  from [01m[K/opt/ros/foxy/include/rclcpp/executors/multi_threaded_executor.hpp:26[m[K,
[0.994s]                  from [01m[K/opt/ros/foxy/include/rclcpp/executors.hpp:21[m[K,
[0.994s]                  from [01m[K/opt/ros/foxy/include/rclcpp/rclcpp.hpp:146[m[K,
[0.994s]                  from [01m[K/home/robo/ROS2/walk_test/src/control/include/MotionManager.h:20[m[K,
[0.994s]                  from [01m[K/home/robo/ROS2/walk_test/src/control/src/motion/MotionManager.cpp:23[m[K:
[0.994s] [01m[K/home/robo/ROS2/walk_test/src/control/src/motion/MotionManager.cpp:72:16:[m[K [01;31m[Kerror: [m[Kinvalid use of â€˜[01m[Kthis[m[Kâ€™ in non-member function
[0.994s]    72 |    RCLCPP_INFO([01;31m[Kthis[m[K->get_logger(), "Running motion manager");
[0.994s]       |                [01;31m[K^~~~[m[K
[0.994s] [01m[K/home/robo/ROS2/walk_test/src/control/src/motion/MotionManager.cpp:72:16:[m[K [01;31m[Kerror: [m[Kinvalid use of â€˜[01m[Kthis[m[Kâ€™ in non-member function
[0.994s]    72 |    RCLCPP_INFO([01;31m[Kthis[m[K->get_logger(), "Running motion manager");
[0.994s]       |                [01;31m[K^~~~[m[K
[0.994s] [01m[K/home/robo/ROS2/walk_test/src/control/src/motion/MotionManager.cpp:[m[K In member function â€˜[01m[Kvoid Robot::MotionManager::topic_callback(std::shared_ptr<sensor_msgs::msg::Imu_<std::allocator<void> > >) const[m[Kâ€™:
[0.994s] [01m[K/home/robo/ROS2/walk_test/src/control/src/motion/MotionManager.cpp:82:15:[m[K [01;35m[Kwarning: [m[Kunused variable â€˜[01m[KIMU_GYRO_X[m[Kâ€™ [[01;35m[K-Wunused-variable[m[K]
[0.994s]    82 |         float [01;35m[KIMU_GYRO_X[m[K = -imu_msg_->angular_velocity.x/10;
[0.994s]       |               [01;35m[K^~~~~~~~~~[m[K
[0.994s] [01m[K/home/robo/ROS2/walk_test/src/control/src/motion/MotionManager.cpp:83:15:[m[K [01;35m[Kwarning: [m[Kunused variable â€˜[01m[KIMU_GYRO_Y[m[Kâ€™ [[01;35m[K-Wunused-variable[m[K]
[0.994s]    83 |         float [01;35m[KIMU_GYRO_Y[m[K  = -imu_msg_->angular_velocity.y/10;
[0.994s]       |               [01;35m[K^~~~~~~~~~[m[K
[0.994s] [01m[K/home/robo/ROS2/walk_test/src/control/src/motion/MotionManager.cpp:[m[K In member function â€˜[01m[Kbool Robot::MotionManager::Initialize(bool)[m[Kâ€™:
[0.994s] [01m[K/home/robo/ROS2/walk_test/src/control/src/motion/MotionManager.cpp:89:6:[m[K [01;35m[Kwarning: [m[Kunused variable â€˜[01m[Kvalue[m[Kâ€™ [[01;35m[K-Wunused-variable[m[K]
[0.995s]    89 |  int [01;35m[Kvalue[m[K, error;
[0.995s]       |      [01;35m[K^~~~~[m[K
[0.995s] [01m[K/home/robo/ROS2/walk_test/src/control/src/motion/MotionManager.cpp:89:13:[m[K [01;35m[Kwarning: [m[Kunused variable â€˜[01m[Kerror[m[Kâ€™ [[01;35m[K-Wunused-variable[m[K]
[0.995s]    89 |  int value, [01;35m[Kerror[m[K;
[0.995s]       |             [01;35m[K^~~~~[m[K
[0.995s] [01m[K/home/robo/ROS2/walk_test/src/control/src/motion/MotionManager.cpp:[m[K In member function â€˜[01m[Kbool Robot::MotionManager::Reinitialize()[m[Kâ€™:
[0.995s] [01m[K/home/robo/ROS2/walk_test/src/control/src/motion/MotionManager.cpp:148:6:[m[K [01;35m[Kwarning: [m[Kunused variable â€˜[01m[Kvalue[m[Kâ€™ [[01;35m[K-Wunused-variable[m[K]
[0.995s]   148 |  int [01;35m[Kvalue[m[K, error;
[0.995s]       |      [01;35m[K^~~~~[m[K
[0.995s] [01m[K/home/robo/ROS2/walk_test/src/control/src/motion/MotionManager.cpp:148:13:[m[K [01;35m[Kwarning: [m[Kunused variable â€˜[01m[Kerror[m[Kâ€™ [[01;35m[K-Wunused-variable[m[K]
[0.995s]   148 |  int value, [01;35m[Kerror[m[K;
[0.995s]       |             [01;35m[K^~~~~[m[K
[1.000s] [01m[K/home/robo/ROS2/walk_test/src/control/src/motion/MotionManager.cpp:[m[K In member function â€˜[01m[Kvoid Robot::MotionManager::Process()[m[Kâ€™:
[1.000s] [01m[K/home/robo/ROS2/walk_test/src/control/src/motion/MotionManager.cpp:287:6:[m[K [01;35m[Kwarning: [m[Kunused variable â€˜[01m[Kjoint_num[m[Kâ€™ [[01;35m[K-Wunused-variable[m[K]
[1.000s]   287 |  int [01;35m[Kjoint_num[m[K = 0;
[1.000s]       |      [01;35m[K^~~~~~~~~[m[K
[1.001s] [01m[K/home/robo/ROS2/walk_test/src/control/src/motion/MotionManager.cpp:[m[K In member function â€˜[01m[Kvoid Robot::MotionManager::SetEnable(bool)[m[Kâ€™:
[1.001s] [01m[K/home/robo/ROS2/walk_test/src/control/src/motion/MotionManager.cpp:314:36:[m[K [01;35m[Kwarning: [m[Kunused parameter â€˜[01m[Kenable[m[Kâ€™ [[01;35m[K-Wunused-parameter[m[K]
[1.001s]   314 | void MotionManager::SetEnable([01;35m[Kbool enable[m[K)
[1.001s]       |                               [01;35m[K~~~~~^~~~~~[m[K
[1.393s] make[2]: *** [CMakeFiles/motion.dir/build.make:63: CMakeFiles/motion.dir/src/motion/MotionManager.cpp.o] Error 1
[1.393s] make[1]: *** [CMakeFiles/Makefile2:136: CMakeFiles/motion.dir/all] Error 2
[1.393s] make: *** [Makefile:141: all] Error 2
[1.395s] Invoked command in '/home/robo/ROS2/walk_test/build/control' returned '2': CMAKE_PREFIX_PATH=/home/robo/ROS2/walk_test/install/dynamixel_sdk_custom_interfaces:/home/robo/ROS2/walk_test/install/control:/opt/ros/foxy /usr/bin/cmake --build /home/robo/ROS2/walk_test/build/control -- -j12 -l12
