[01m[K/home/robofei/ROS2/action/src/control/src/control.cpp:[m[K In constructor â€˜[01m[KControl::Control()[m[Kâ€™:
[01m[K/home/robofei/ROS2/action/src/control/src/control.cpp:28:23:[m[K [01;31m[Kerror: [m[Kâ€˜[01m[Kini[m[Kâ€™ was not declared in this scope; did you mean â€˜[01m[Kint[m[Kâ€™?
   28 |     GaitMove gaitMove([01;31m[Kini[m[K);
      |                       [01;31m[K^~~[m[K
      |                       [32m[Kint[m[K
[01m[K/home/robofei/ROS2/action/src/control/src/MotionManager.cpp:36:43:[m[K [01;31m[Kerror: [m[Kâ€˜[01m[KMotionModule[m[Kâ€™ has not been declared
   36 | const int TORQUE_ADAPTION_CYCLES = 1000 / [01;31m[KMotionModule[m[K::TIME_UNIT;
      |                                           [01;31m[K^~~~~~~~~~~~[m[K
[01m[K/home/robofei/ROS2/action/src/control/src/MotionManager.cpp:45:1:[m[K [01;31m[Kerror: [m[Kâ€˜[01m[KMotionManager[m[Kâ€™ does not name a type
   45 | [01;31m[KMotionManager[m[K::MotionManager()
      | [01;31m[K^~~~~~~~~~~~~[m[K
[01m[K/home/robofei/ROS2/action/src/control/src/MotionManager.cpp:191:1:[m[K [01;31m[Kerror: [m[Kâ€˜[01m[KMotionManager[m[Kâ€™ does not name a type
  191 | [01;31m[KMotionManager[m[K::~MotionManager()
      | [01;31m[K^~~~~~~~~~~~~[m[K
[01m[K/home/robofei/ROS2/action/src/control/src/MotionManager.cpp:[m[K In function â€˜[01m[Kbool Initialize(bool)[m[Kâ€™:
[01m[K/home/robofei/ROS2/action/src/control/src/MotionManager.cpp:201:5:[m[K [01;31m[Kerror: [m[Kâ€˜[01m[Km_Enabled[m[Kâ€™ was not declared in this scope
  201 |     [01;31m[Km_Enabled[m[K = false;
      |     [01;31m[K^~~~~~~~~[m[K
[01m[K/home/robofei/ROS2/action/src/control/src/MotionManager.cpp:202:5:[m[K [01;31m[Kerror: [m[Kâ€˜[01m[Km_ProcessEnable[m[Kâ€™ was not declared in this scope
  202 |     [01;31m[Km_ProcessEnable[m[K = true;
      |     [01;31m[K^~~~~~~~~~~~~~~[m[K
[01m[K/home/robofei/ROS2/action/src/control/src/MotionManager.cpp:239:5:[m[K [01;31m[Kerror: [m[Kâ€˜[01m[Km_fadeIn[m[Kâ€™ was not declared in this scope; did you mean â€˜[01m[KfadeIn[m[Kâ€™?
  239 |     [01;31m[Km_fadeIn[m[K = fadeIn;
      |     [01;31m[K^~~~~~~~[m[K
      |     [32m[KfadeIn[m[K
[01m[K/home/robofei/ROS2/action/src/control/src/MotionManager.cpp:240:5:[m[K [01;31m[Kerror: [m[Kâ€˜[01m[Km_torque_count[m[Kâ€™ was not declared in this scope
  240 |     [01;31m[Km_torque_count[m[K = 0;
      |     [01;31m[K^~~~~~~~~~~~~~[m[K
[01m[K/home/robofei/ROS2/action/src/control/src/control.cpp:[m[K In member function â€˜[01m[Kvoid Control::timer_callback_goodbye()[m[Kâ€™:
[01m[K/home/robofei/ROS2/action/src/control/src/control.cpp:71:12:[m[K [01;35m[Kwarning: [m[Kunused variable â€˜[01m[Kcount_[m[Kâ€™ [[01;35m[K-Wunused-variable[m[K]
   71 |     size_t [01;35m[Kcount_[m[K;
      |            [01;35m[K^~~~~~[m[K
[01m[K/home/robofei/ROS2/action/src/control/src/MotionManager.cpp:242:5:[m[K [01;31m[Kerror: [m[Kâ€˜[01m[Km_CalibrationStatus[m[Kâ€™ was not declared in this scope
  242 |     [01;31m[Km_CalibrationStatus[m[K = 0;
      |     [01;31m[K^~~~~~~~~~~~~~~~~~~[m[K
[01m[K/home/robofei/ROS2/action/src/control/src/MotionManager.cpp:243:5:[m[K [01;31m[Kerror: [m[Kâ€˜[01m[Km_FBGyroCenter[m[Kâ€™ was not declared in this scope
  243 |     [01;31m[Km_FBGyroCenter[m[K = 512;
      |     [01;31m[K^~~~~~~~~~~~~~[m[K
[01m[K/home/robofei/ROS2/action/src/control/src/MotionManager.cpp:244:5:[m[K [01;31m[Kerror: [m[Kâ€˜[01m[Km_RLGyroCenter[m[Kâ€™ was not declared in this scope
  244 |     [01;31m[Km_RLGyroCenter[m[K = 512;
      |     [01;31m[K^~~~~~~~~~~~~~[m[K
[01m[K/home/robofei/ROS2/action/src/control/src/MotionManager.cpp:197:9:[m[K [01;35m[Kwarning: [m[Kunused variable â€˜[01m[Kvalue[m[Kâ€™ [[01;35m[K-Wunused-variable[m[K]
  197 |     int [01;35m[Kvalue[m[K, error;
      |         [01;35m[K^~~~~[m[K
[01m[K/home/robofei/ROS2/action/src/control/src/MotionManager.cpp:197:16:[m[K [01;35m[Kwarning: [m[Kunused variable â€˜[01m[Kerror[m[Kâ€™ [[01;35m[K-Wunused-variable[m[K]
  197 |     int value, [01;35m[Kerror[m[K;
      |                [01;35m[K^~~~~[m[K
[01m[K/home/robofei/ROS2/action/src/control/src/MotionManager.cpp:[m[K In function â€˜[01m[Kbool Reinitialize()[m[Kâ€™:
[01m[K/home/robofei/ROS2/action/src/control/src/MotionManager.cpp:251:5:[m[K [01;31m[Kerror: [m[Kâ€˜[01m[Km_ProcessEnable[m[Kâ€™ was not declared in this scope
  251 |     [01;31m[Km_ProcessEnable[m[K = false;
      |     [01;31m[K^~~~~~~~~~~~~~~[m[K
[01m[K/home/robofei/ROS2/action/src/control/src/MotionManager.cpp:255:9:[m[K [01;35m[Kwarning: [m[Kunused variable â€˜[01m[Kvalue[m[Kâ€™ [[01;35m[K-Wunused-variable[m[K]
  255 |     int [01;35m[Kvalue[m[K, error;
      |         [01;35m[K^~~~~[m[K
[01m[K/home/robofei/ROS2/action/src/control/src/MotionManager.cpp:255:16:[m[K [01;35m[Kwarning: [m[Kunused variable â€˜[01m[Kerror[m[Kâ€™ [[01;35m[K-Wunused-variable[m[K]
  255 |     int value, [01;35m[Kerror[m[K;
      |                [01;35m[K^~~~~[m[K
[01m[K/home/robofei/ROS2/action/src/control/src/MotionManager.cpp:[m[K In function â€˜[01m[Kvoid Restartrobot()[m[Kâ€™:
[01m[K/home/robofei/ROS2/action/src/control/src/MotionManager.cpp:284:5:[m[K [01;31m[Kerror: [m[Kâ€˜[01m[Km_torque_count[m[Kâ€™ was not declared in this scope
  284 |     [01;31m[Km_torque_count[m[K=0;
      |     [01;31m[K^~~~~~~~~~~~~~[m[K
[01m[K/home/robofei/ROS2/action/src/control/src/MotionManager.cpp:[m[K In function â€˜[01m[Kvoid StartLogging()[m[Kâ€™:
[01m[K/home/robofei/ROS2/action/src/control/src/MotionManager.cpp:300:9:[m[K [01;31m[Kerror: [m[Kâ€˜[01m[Km_LogFileStream[m[Kâ€™ was not declared in this scope
  300 |         [01;31m[Km_LogFileStream[m[K.open(szFile, std::ios::out);
      |         [01;31m[K^~~~~~~~~~~~~~~[m[K
[01m[K/home/robofei/ROS2/action/src/control/src/MotionManager.cpp:301:18:[m[K [01;31m[Kerror: [m[Kâ€˜[01m[KJointData[m[Kâ€™ has not been declared
  301 |     for(int id = [01;31m[KJointData[m[K::ID_MIN; id <= JointData::ID_MAX-2; id++)//tirando a cabeÃ§a
      |                  [01;31m[K^~~~~~~~~[m[K
[01m[K/home/robofei/ROS2/action/src/control/src/MotionManager.cpp:301:43:[m[K [01;31m[Kerror: [m[Kâ€˜[01m[KJointData[m[Kâ€™ has not been declared
  301 |     for(int id = JointData::ID_MIN; id <= [01;31m[KJointData[m[K::ID_MAX-2; id++)//tirando a cabeÃ§a
      |                                           [01;31m[K^~~~~~~~~[m[K
[01m[K/home/robofei/ROS2/action/src/control/src/MotionManager.cpp:305:5:[m[K [01;31m[Kerror: [m[Kâ€˜[01m[Km_IsLogging[m[Kâ€™ was not declared in this scope
  305 |     [01;31m[Km_IsLogging[m[K = true;
      |     [01;31m[K^~~~~~~~~~~[m[K
[01m[K/home/robofei/ROS2/action/src/control/src/MotionManager.cpp:[m[K In function â€˜[01m[Kvoid StopLogging()[m[Kâ€™:
[01m[K/home/robofei/ROS2/action/src/control/src/MotionManager.cpp:310:5:[m[K [01;31m[Kerror: [m[Kâ€˜[01m[Km_IsLogging[m[Kâ€™ was not declared in this scope
  310 |     [01;31m[Km_IsLogging[m[K = false;
      |     [01;31m[K^~~~~~~~~~~[m[K
[01m[K/home/robofei/ROS2/action/src/control/src/MotionManager.cpp:311:5:[m[K [01;31m[Kerror: [m[Kâ€˜[01m[Km_LogFileStream[m[Kâ€™ was not declared in this scope
  311 |     [01;31m[Km_LogFileStream[m[K.close();
      |     [01;31m[K^~~~~~~~~~~~~~~[m[K
[01m[K/home/robofei/ROS2/action/src/control/src/MotionManager.cpp:[m[K In function â€˜[01m[Kvoid LoadINISettings(minIni*)[m[Kâ€™:
[01m[K/home/robofei/ROS2/action/src/control/src/MotionManager.cpp:316:40:[m[K [01;31m[Kerror: [m[Ktoo many arguments to function â€˜[01m[Kvoid LoadINISettings(minIni*)[m[Kâ€™
  316 |     LoadINISettings(ini, OFFSET_SECTION[01;31m[K)[m[K;
      |                                        [01;31m[K^[m[K
[01m[K/home/robofei/ROS2/action/src/control/src/MotionManager.cpp:314:6:[m[K [01;36m[Knote: [m[Kdeclared here
  314 | void [01;36m[KLoadINISettings[m[K(minIni* ini)
      |      [01;36m[K^~~~~~~~~~~~~~~[m[K
[01m[K/home/robofei/ROS2/action/src/control/src/MotionManager.cpp:[m[K In function â€˜[01m[Kvoid LoadINISettings(minIni*, const string&)[m[Kâ€™:
[01m[K/home/robofei/ROS2/action/src/control/src/MotionManager.cpp:322:17:[m[K [01;31m[Kerror: [m[Kâ€˜[01m[KJointData[m[Kâ€™ has not been declared
  322 |     for(int i = [01;31m[KJointData[m[K::ID_MIN; i <= JointData::ID_MAX-2; i++)//tirando a cabeÃ§a
      |                 [01;31m[K^~~~~~~~~[m[K
[01m[K/home/robofei/ROS2/action/src/control/src/MotionManager.cpp:322:41:[m[K [01;31m[Kerror: [m[Kâ€˜[01m[KJointData[m[Kâ€™ has not been declared
  322 |     for(int i = JointData::ID_MIN; i <= [01;31m[KJointData[m[K::ID_MAX-2; i++)//tirando a cabeÃ§a
      |                                         [01;31m[K^~~~~~~~~[m[K
[01m[K/home/robofei/ROS2/action/src/control/src/MotionManager.cpp:326:81:[m[K [01;31m[Kerror: [m[Kâ€˜[01m[Km_Offset[m[Kâ€™ was not declared in this scope
  326 | = ini->geti(section, key, INVALID_VALUE)) != INVALID_VALUE)  [01;31m[Km_Offset[m[K[i] = ivalue;
      |                                                              [01;31m[K^~~~~~~~[m[K

[01m[K/home/robofei/ROS2/action/src/control/src/MotionManager.cpp:328:9:[m[K [01;31m[Kerror: [m[Kâ€˜[01m[Km_angleEstimator[m[Kâ€™ was not declared in this scope; did you mean â€˜[01m[KAngleEstimator[m[Kâ€™?
  328 |         [01;31m[Km_angleEstimator[m[K.LoadINISettings(ini, section + "_angle");
      |         [01;31m[K^~~~~~~~~~~~~~~~[m[K
      |         [32m[KAngleEstimator[m[K
[01m[K/home/robofei/ROS2/action/src/control/src/MotionManager.cpp:[m[K In function â€˜[01m[Kvoid SaveINISettings(minIni*)[m[Kâ€™:
[01m[K/home/robofei/ROS2/action/src/control/src/MotionManager.cpp:332:40:[m[K [01;31m[Kerror: [m[Ktoo many arguments to function â€˜[01m[Kvoid SaveINISettings(minIni*)[m[Kâ€™
  332 |     SaveINISettings(ini, OFFSET_SECTION[01;31m[K)[m[K;
      |                                        [01;31m[K^[m[K
[01m[K/home/robofei/ROS2/action/src/control/src/MotionManager.cpp:330:6:[m[K [01;36m[Knote: [m[Kdeclared here
  330 | void [01;36m[KSaveINISettings[m[K(minIni* ini)
      |      [01;36m[K^~~~~~~~~~~~~~~[m[K
[01m[K/home/robofei/ROS2/action/src/control/src/MotionManager.cpp:[m[K In function â€˜[01m[Kvoid SaveINISettings(minIni*, const string&)[m[Kâ€™:
[01m[K/home/robofei/ROS2/action/src/control/src/MotionManager.cpp:336:17:[m[K [01;31m[Kerror: [m[Kâ€˜[01m[KJointData[m[Kâ€™ has not been declared
  336 |     for(int i = [01;31m[KJointData[m[K::ID_MIN; i <= JointData::ID_MAX-2; i++)//tirando a cabeÃ§a
      |                 [01;31m[K^~~~~~~~~[m[K
[01m[K/home/robofei/ROS2/action/src/control/src/MotionManager.cpp:336:41:[m[K [01;31m[Kerror: [m[Kâ€˜[01m[KJointData[m[Kâ€™ has not been declared
  336 |     for(int i = JointData::ID_MIN; i <= [01;31m[KJointData[m[K::ID_MAX-2; i++)//tirando a cabeÃ§a
      |                                         [01;31m[K^~~~~~~~~[m[K
[01m[K/home/robofei/ROS2/action/src/control/src/MotionManager.cpp:340:32:[m[K [01;31m[Kerror: [m[Kâ€˜[01m[Km_Offset[m[Kâ€™ was not declared in this scope
  340 |         ini->put(section, key, [01;31m[Km_Offset[m[K[i]);
      |                                [01;31m[K^~~~~~~~[m[K
[01m[K/home/robofei/ROS2/action/src/control/src/MotionManager.cpp:342:9:[m[K [01;31m[Kerror: [m[Kâ€˜[01m[Km_angleEstimator[m[Kâ€™ was not declared in this scope; did you mean â€˜[01m[KAngleEstimator[m[Kâ€™?
  342 |         [01;31m[Km_angleEstimator[m[K.SaveINISettings(ini, section + "_angle");
      |         [01;31m[K^~~~~~~~~~~~~~~~[m[K
      |         [32m[KAngleEstimator[m[K
[01m[K/home/robofei/ROS2/action/src/control/src/MotionManager.cpp:[m[K At global scope:
[01m[K/home/robofei/ROS2/action/src/control/src/MotionManager.cpp:354:16:[m[K [01;31m[Kerror: [m[Kvariable or field â€˜[01m[KAddModule[m[Kâ€™ declared void
  354 | void AddModule([01;31m[KMotionModule[m[K *module)
      |                [01;31m[K^~~~~~~~~~~~[m[K
[01m[K/home/robofei/ROS2/action/src/control/src/MotionManager.cpp:354:16:[m[K [01;31m[Kerror: [m[Kâ€˜[01m[KMotionModule[m[Kâ€™ was not declared in this scope; did you mean â€˜[01m[KRobot::MotionModule[m[Kâ€™?
  354 | void AddModule([01;31m[KMotionModule[m[K *module)
      |                [01;31m[K^~~~~~~~~~~~[m[K
      |                [32m[KRobot::MotionModule[m[K
In file included from [01m[K/home/robofei/ROS2/action/src/control/include/MotionManager.h:15[m[K,
                 from [01m[K/home/robofei/ROS2/action/src/control/src/MotionManager.cpp:27[m[K:
[01m[K/home/robofei/ROS2/action/src/control/include/MotionModule.h:15:8:[m[K [01;36m[Knote: [m[Kâ€˜[01m[KRobot::MotionModule[m[Kâ€™ declared here
   15 |  class [01;36m[KMotionModule[m[K
      |        [01;36m[K^~~~~~~~~~~~[m[K
[01m[K/home/robofei/ROS2/action/src/control/src/MotionManager.cpp:354:30:[m[K [01;31m[Kerror: [m[Kâ€˜[01m[Kmodule[m[Kâ€™ was not declared in this scope; did you mean â€˜[01m[Kmodfl[m[Kâ€™?
  354 | void AddModule(MotionModule *[01;31m[Kmodule[m[K)
      |                              [01;31m[K^~~~~~[m[K
      |                              [32m[Kmodfl[m[K
[01m[K/home/robofei/ROS2/action/src/control/src/MotionManager.cpp:362:19:[m[K [01;31m[Kerror: [m[Kvariable or field â€˜[01m[KRemoveModule[m[Kâ€™ declared void
  362 | void RemoveModule([01;31m[KMotionModule[m[K *module)
      |                   [01;31m[K^~~~~~~~~~~~[m[K
[01m[K/home/robofei/ROS2/action/src/control/src/MotionManager.cpp:362:19:[m[K [01;31m[Kerror: [m[Kâ€˜[01m[KMotionModule[m[Kâ€™ was not declared in this scope; did you mean â€˜[01m[KRobot::MotionModule[m[Kâ€™?
  362 | void RemoveModule([01;31m[KMotionModule[m[K *module)
      |                   [01;31m[K^~~~~~~~~~~~[m[K
      |                   [32m[KRobot::MotionModule[m[K
In file included from [01m[K/home/robofei/ROS2/action/src/control/include/MotionManager.h:15[m[K,
                 from [01m[K/home/robofei/ROS2/action/src/control/src/MotionManager.cpp:27[m[K:
[01m[K/home/robofei/ROS2/action/src/control/include/MotionModule.h:15:8:[m[K [01;36m[Knote: [m[Kâ€˜[01m[KRobot::MotionModule[m[Kâ€™ declared here
   15 |  class [01;36m[KMotionModule[m[K
      |        [01;36m[K^~~~~~~~~~~~[m[K
[01m[K/home/robofei/ROS2/action/src/control/src/MotionManager.cpp:362:33:[m[K [01;31m[Kerror: [m[Kâ€˜[01m[Kmodule[m[Kâ€™ was not declared in this scope; did you mean â€˜[01m[Kmodfl[m[Kâ€™?
  362 | void RemoveModule(MotionModule *[01;31m[Kmodule[m[K)
      |                                 [01;31m[K^~~~~~[m[K
      |                                 [32m[Kmodfl[m[K
[01m[K/home/robofei/ROS2/action/src/control/src/MotionManager.cpp:[m[K In function â€˜[01m[Kvoid SetJointDisable(int)[m[Kâ€™:
[01m[K/home/robofei/ROS2/action/src/control/src/MotionManager.cpp:369:8:[m[K [01;31m[Kerror: [m[Kâ€˜[01m[Km_Modules[m[Kâ€™ was not declared in this scope
  369 |     if([01;31m[Km_Modules[m[K.size() != 0)
      |        [01;31m[K^~~~~~~~~[m[K
[01m[K/home/robofei/ROS2/action/src/control/src/MotionManager.cpp:371:23:[m[K [01;31m[Kerror: [m[Kâ€˜[01m[KMotionModule[m[Kâ€™ was not declared in this scope; did you mean â€˜[01m[KRobot::MotionModule[m[Kâ€™?
  371 |         for(std::list<[01;31m[KMotionModule[m[K*>::iterator i = m_Modules.begin(); i != m_Modules.end(); i++)
      |                       [01;31m[K^~~~~~~~~~~~[m[K
      |                       [32m[KRobot::MotionModule[m[K
In file included from [01m[K/home/robofei/ROS2/action/src/control/include/MotionManager.h:15[m[K,
                 from [01m[K/home/robofei/ROS2/action/src/control/src/MotionManager.cpp:27[m[K:
[01m[K/home/robofei/ROS2/action/src/control/include/MotionModule.h:15:8:[m[K [01;36m[Knote: [m[Kâ€˜[01m[KRobot::MotionModule[m[Kâ€™ declared here
   15 |  class [01;36m[KMotionModule[m[K
      |        [01;36m[K^~~~~~~~~~~~[m[K
[01m[K/home/robofei/ROS2/action/src/control/src/MotionManager.cpp:371:36:[m[K [01;31m[Kerror: [m[Ktemplate argument 1 is invalid
  371 |         for(std::list<MotionModule*[01;31m[K>[m[K::iterator i = m_Modules.begin(); i != m_Modules.end(); i++)
      |                                    [01;31m[K^[m[K
[01m[K/home/robofei/ROS2/action/src/control/src/MotionManager.cpp:371:36:[m[K [01;31m[Kerror: [m[Ktemplate argument 2 is invalid
[01m[K/home/robofei/ROS2/action/src/control/src/MotionManager.cpp:371:48:[m[K [01;31m[Kerror: [m[Kqualified-id in declaration before â€˜[01m[Ki[m[Kâ€™
  371 |         for(std::list<MotionModule*>::iterator [01;31m[Ki[m[K = m_Modules.begin(); i != m_Modules.end(); i++)
      |                                                [01;31m[K^[m[K
[01m[K/home/robofei/ROS2/action/src/control/src/MotionManager.cpp:371:47:[m[K [01;31m[Kerror: [m[Kexpected â€˜[01m[K;[m[Kâ€™ before â€˜[01m[Ki[m[Kâ€™
  371 |         for(std::list<MotionModule*>::iterator[01;31m[K [m[K[32m[Ki[m[K = m_Modules.begin(); i != m_Modules.end(); i++)
      |                                               [01;31m[K^[m[K[32m[K~[m[K
      |                                               [32m[K;[m[K
[01m[K/home/robofei/ROS2/action/src/control/src/MotionManager.cpp:371:48:[m[K [01;31m[Kerror: [m[Kâ€˜[01m[Ki[m[Kâ€™ was not declared in this scope
  371 |         for(std::list<MotionModule*>::iterator [01;31m[Ki[m[K = m_Modules.begin(); i != m_Modules.end(); i++)
      |                                                [01;31m[K^[m[K
[01m[K/home/robofei/ROS2/action/src/control/src/MotionManager.cpp:371:91:[m[K [01;31m[Kerror: [m[Kexpected â€˜[01m[K)[m[Kâ€™ before â€˜[01m[K;[m[Kâ€™ token
  371 | odule*>::iterator i = m_Modules.begin(); i != m_Modules.end()[01;31m[K;[m[K i++)
      |                                                              [01;31m[K^[m[K
      |                                                              [32m[K)[m[K
[01m[K/home/robofei/ROS2/action/src/control/src/MotionManager.cpp:371:9:[m[K [01;35m[Kwarning: [m[Kthis â€˜[01m[Kfor[m[Kâ€™ clause does not guard... [[01;35m[K-Wmisleading-indentation[m[K]
  371 |         [01;35m[Kfor[m[K(std::list<MotionModule*>::iterator i = m_Modules.begin(); i != m_Modules.end(); i++)
      |         [01;35m[K^~~[m[K
[01m[K/home/robofei/ROS2/action/src/control/src/MotionManager.cpp:371:93:[m[K [01;36m[Knote: [m[K...this statement, but the latter is misleadingly indented as if it were guarded by the â€˜[01m[Kfor[m[Kâ€™
  371 | ule*>::iterator i = m_Modules.begin(); i != m_Modules.end(); [01;36m[Ki[m[K++)
      |                                                              [01;36m[K^[m[K

[01m[K/home/robofei/ROS2/action/src/control/src/MotionManager.cpp:371:93:[m[K [01;31m[Kerror: [m[Kâ€˜[01m[Ki[m[Kâ€™ was not declared in this scope
[01m[K/home/robofei/ROS2/action/src/control/src/MotionManager.cpp:367:26:[m[K [01;35m[Kwarning: [m[Kunused parameter â€˜[01m[Kindex[m[Kâ€™ [[01;35m[K-Wunused-parameter[m[K]
  367 | void SetJointDisable([01;35m[Kint index[m[K)
      |                      [01;35m[K~~~~^~~~~[m[K
[01m[K/home/robofei/ROS2/action/src/control/src/MotionManager.cpp:[m[K In function â€˜[01m[Kint main(int, char**)[m[Kâ€™:
[01m[K/home/robofei/ROS2/action/src/control/src/MotionManager.cpp:466:42:[m[K [01;31m[Kerror: [m[Kâ€˜[01m[KMotionManager[m[Kâ€™ was not declared in this scope; did you mean â€˜[01m[KRobot::MotionManager[m[Kâ€™?
  466 |   auto motion_manager = std::make_shared<[01;31m[KMotionManager[m[K>();
      |                                          [01;31m[K^~~~~~~~~~~~~[m[K
      |                                          [32m[KRobot::MotionManager[m[K
In file included from [01m[K/home/robofei/ROS2/action/src/control/src/MotionManager.cpp:27[m[K:
[01m[K/home/robofei/ROS2/action/src/control/include/MotionManager.h:25:8:[m[K [01;36m[Knote: [m[Kâ€˜[01m[KRobot::MotionManager[m[Kâ€™ declared here
   25 |  class [01;36m[KMotionManager[m[K
      |        [01;36m[K^~~~~~~~~~~~~[m[K
[01m[K/home/robofei/ROS2/action/src/control/src/MotionManager.cpp:466:57:[m[K [01;31m[Kerror: [m[Kno matching function for call to â€˜[01m[Kmake_shared<<expression error> >()[m[Kâ€™
  466 |   auto motion_manager = std::make_shared<MotionManager>([01;31m[K)[m[K;
      |                                                         [01;31m[K^[m[K
In file included from [01m[K/usr/include/c++/9/memory:81[m[K,
                 from [01m[K/home/robofei/ROS2/action/src/control/src/MotionManager.cpp:15[m[K:
[01m[K/usr/include/c++/9/bits/shared_ptr.h:714:5:[m[K [01;36m[Knote: [m[Kcandidate: â€˜[01m[Ktemplate<class _Tp, class ... _Args> std::shared_ptr<_Tp> std::make_shared(_Args&& ...)[m[Kâ€™
  714 |     [01;36m[Kmake_shared[m[K(_Args&&... __args)
      |     [01;36m[K^~~~~~~~~~~[m[K
[01m[K/usr/include/c++/9/bits/shared_ptr.h:714:5:[m[K [01;36m[Knote: [m[K  template argument deduction/substitution failed:
[01m[K/home/robofei/ROS2/action/src/control/src/MotionManager.cpp:466:57:[m[K [01;31m[Kerror: [m[Ktemplate argument 1 is invalid
  466 |   auto motion_manager = std::make_shared<MotionManager>([01;31m[K)[m[K;
      |                                                         [01;31m[K^[m[K
make[2]: *** [CMakeFiles/motion.dir/build.make:63: CMakeFiles/motion.dir/src/MotionManager.cpp.o] Error 1
make[1]: *** [CMakeFiles/Makefile2:80: CMakeFiles/motion.dir/all] Error 2
make[1]: *** Waiting for unfinished jobs....
make[2]: *** [CMakeFiles/control.dir/build.make:63: CMakeFiles/control.dir/src/control.cpp.o] Error 1
make[1]: *** [CMakeFiles/Makefile2:107: CMakeFiles/control.dir/all] Error 2
make: *** [Makefile:141: all] Error 2
