[0.013s] Invoking command in '/home/robofei/ROS2/action/build/control': AMENT_PREFIX_PATH=/home/robofei/ROS2/action/install/custom_interfaces:${AMENT_PREFIX_PATH} CMAKE_PREFIX_PATH=/home/robofei/ROS2/action/install/custom_interfaces:/opt/ros/foxy LD_LIBRARY_PATH=/home/robofei/ROS2/action/install/custom_interfaces/lib:${LD_LIBRARY_PATH} PYTHONPATH=/home/robofei/ROS2/action/install/custom_interfaces/lib/python3.8/site-packages:${PYTHONPATH} /usr/bin/cmake --build /home/robofei/ROS2/action/build/control -- -j4 -l4
[0.057s] [35m[1mScanning dependencies of target motion[0m
[0.078s] [ 25%] [32mBuilding CXX object CMakeFiles/control.dir/src/control.cpp.o[0m
[0.097s] [ 50%] [32mBuilding CXX object CMakeFiles/motion.dir/src/MotionManager.cpp.o[0m
[1.451s] [01m[K/home/robofei/ROS2/action/src/control/src/control.cpp:[m[K In constructor â€˜[01m[KControl::Control()[m[Kâ€™:
[1.451s] [01m[K/home/robofei/ROS2/action/src/control/src/control.cpp:28:23:[m[K [01;31m[Kerror: [m[Kâ€˜[01m[Kini[m[Kâ€™ was not declared in this scope; did you mean â€˜[01m[Kint[m[Kâ€™?
[1.452s]    28 |     GaitMove gaitMove([01;31m[Kini[m[K);
[1.452s]       |                       [01;31m[K^~~[m[K
[1.452s]       |                       [32m[Kint[m[K
[1.473s] [01m[K/home/robofei/ROS2/action/src/control/src/MotionManager.cpp:36:43:[m[K [01;31m[Kerror: [m[Kâ€˜[01m[KMotionModule[m[Kâ€™ has not been declared
[1.473s]    36 | const int TORQUE_ADAPTION_CYCLES = 1000 / [01;31m[KMotionModule[m[K::TIME_UNIT;
[1.473s]       |                                           [01;31m[K^~~~~~~~~~~~[m[K
[1.475s] [01m[K/home/robofei/ROS2/action/src/control/src/MotionManager.cpp:45:1:[m[K [01;31m[Kerror: [m[Kâ€˜[01m[KMotionManager[m[Kâ€™ does not name a type
[1.475s]    45 | [01;31m[KMotionManager[m[K::MotionManager()
[1.475s]       | [01;31m[K^~~~~~~~~~~~~[m[K
[1.477s] [01m[K/home/robofei/ROS2/action/src/control/src/MotionManager.cpp:191:1:[m[K [01;31m[Kerror: [m[Kâ€˜[01m[KMotionManager[m[Kâ€™ does not name a type
[1.477s]   191 | [01;31m[KMotionManager[m[K::~MotionManager()
[1.477s]       | [01;31m[K^~~~~~~~~~~~~[m[K
[1.479s] [01m[K/home/robofei/ROS2/action/src/control/src/MotionManager.cpp:[m[K In function â€˜[01m[Kbool Initialize(bool)[m[Kâ€™:
[1.479s] [01m[K/home/robofei/ROS2/action/src/control/src/MotionManager.cpp:201:5:[m[K [01;31m[Kerror: [m[Kâ€˜[01m[Km_Enabled[m[Kâ€™ was not declared in this scope
[1.479s]   201 |     [01;31m[Km_Enabled[m[K = false;
[1.479s]       |     [01;31m[K^~~~~~~~~[m[K
[1.482s] [01m[K/home/robofei/ROS2/action/src/control/src/MotionManager.cpp:202:5:[m[K [01;31m[Kerror: [m[Kâ€˜[01m[Km_ProcessEnable[m[Kâ€™ was not declared in this scope
[1.482s]   202 |     [01;31m[Km_ProcessEnable[m[K = true;
[1.482s]       |     [01;31m[K^~~~~~~~~~~~~~~[m[K
[1.483s] [01m[K/home/robofei/ROS2/action/src/control/src/MotionManager.cpp:239:5:[m[K [01;31m[Kerror: [m[Kâ€˜[01m[Km_fadeIn[m[Kâ€™ was not declared in this scope; did you mean â€˜[01m[KfadeIn[m[Kâ€™?
[1.483s]   239 |     [01;31m[Km_fadeIn[m[K = fadeIn;
[1.484s]       |     [01;31m[K^~~~~~~~[m[K
[1.484s]       |     [32m[KfadeIn[m[K
[1.486s] [01m[K/home/robofei/ROS2/action/src/control/src/MotionManager.cpp:240:5:[m[K [01;31m[Kerror: [m[Kâ€˜[01m[Km_torque_count[m[Kâ€™ was not declared in this scope
[1.486s]   240 |     [01;31m[Km_torque_count[m[K = 0;
[1.486s]       |     [01;31m[K^~~~~~~~~~~~~~[m[K
[1.486s] [01m[K/home/robofei/ROS2/action/src/control/src/control.cpp:[m[K In member function â€˜[01m[Kvoid Control::timer_callback_goodbye()[m[Kâ€™:
[1.487s] [01m[K/home/robofei/ROS2/action/src/control/src/control.cpp:71:12:[m[K [01;35m[Kwarning: [m[Kunused variable â€˜[01m[Kcount_[m[Kâ€™ [[01;35m[K-Wunused-variable[m[K]
[1.487s]    71 |     size_t [01;35m[Kcount_[m[K;
[1.487s]       |            [01;35m[K^~~~~~[m[K
[1.490s] [01m[K/home/robofei/ROS2/action/src/control/src/MotionManager.cpp:242:5:[m[K [01;31m[Kerror: [m[Kâ€˜[01m[Km_CalibrationStatus[m[Kâ€™ was not declared in this scope
[1.490s]   242 |     [01;31m[Km_CalibrationStatus[m[K = 0;
[1.490s]       |     [01;31m[K^~~~~~~~~~~~~~~~~~~[m[K
[1.492s] [01m[K/home/robofei/ROS2/action/src/control/src/MotionManager.cpp:243:5:[m[K [01;31m[Kerror: [m[Kâ€˜[01m[Km_FBGyroCenter[m[Kâ€™ was not declared in this scope
[1.493s]   243 |     [01;31m[Km_FBGyroCenter[m[K = 512;
[1.493s]       |     [01;31m[K^~~~~~~~~~~~~~[m[K
[1.495s] [01m[K/home/robofei/ROS2/action/src/control/src/MotionManager.cpp:244:5:[m[K [01;31m[Kerror: [m[Kâ€˜[01m[Km_RLGyroCenter[m[Kâ€™ was not declared in this scope
[1.495s]   244 |     [01;31m[Km_RLGyroCenter[m[K = 512;
[1.496s]       |     [01;31m[K^~~~~~~~~~~~~~[m[K
[1.496s] [01m[K/home/robofei/ROS2/action/src/control/src/MotionManager.cpp:197:9:[m[K [01;35m[Kwarning: [m[Kunused variable â€˜[01m[Kvalue[m[Kâ€™ [[01;35m[K-Wunused-variable[m[K]
[1.496s]   197 |     int [01;35m[Kvalue[m[K, error;
[1.496s]       |         [01;35m[K^~~~~[m[K
[1.496s] [01m[K/home/robofei/ROS2/action/src/control/src/MotionManager.cpp:197:16:[m[K [01;35m[Kwarning: [m[Kunused variable â€˜[01m[Kerror[m[Kâ€™ [[01;35m[K-Wunused-variable[m[K]
[1.496s]   197 |     int value, [01;35m[Kerror[m[K;
[1.496s]       |                [01;35m[K^~~~~[m[K
[1.498s] [01m[K/home/robofei/ROS2/action/src/control/src/MotionManager.cpp:[m[K In function â€˜[01m[Kbool Reinitialize()[m[Kâ€™:
[1.498s] [01m[K/home/robofei/ROS2/action/src/control/src/MotionManager.cpp:251:5:[m[K [01;31m[Kerror: [m[Kâ€˜[01m[Km_ProcessEnable[m[Kâ€™ was not declared in this scope
[1.498s]   251 |     [01;31m[Km_ProcessEnable[m[K = false;
[1.498s]       |     [01;31m[K^~~~~~~~~~~~~~~[m[K
[1.499s] [01m[K/home/robofei/ROS2/action/src/control/src/MotionManager.cpp:255:9:[m[K [01;35m[Kwarning: [m[Kunused variable â€˜[01m[Kvalue[m[Kâ€™ [[01;35m[K-Wunused-variable[m[K]
[1.499s]   255 |     int [01;35m[Kvalue[m[K, error;
[1.499s]       |         [01;35m[K^~~~~[m[K
[1.499s] [01m[K/home/robofei/ROS2/action/src/control/src/MotionManager.cpp:255:16:[m[K [01;35m[Kwarning: [m[Kunused variable â€˜[01m[Kerror[m[Kâ€™ [[01;35m[K-Wunused-variable[m[K]
[1.499s]   255 |     int value, [01;35m[Kerror[m[K;
[1.499s]       |                [01;35m[K^~~~~[m[K
[1.501s] [01m[K/home/robofei/ROS2/action/src/control/src/MotionManager.cpp:[m[K In function â€˜[01m[Kvoid Restartrobot()[m[Kâ€™:
[1.501s] [01m[K/home/robofei/ROS2/action/src/control/src/MotionManager.cpp:284:5:[m[K [01;31m[Kerror: [m[Kâ€˜[01m[Km_torque_count[m[Kâ€™ was not declared in this scope
[1.501s]   284 |     [01;31m[Km_torque_count[m[K=0;
[1.501s]       |     [01;31m[K^~~~~~~~~~~~~~[m[K
[1.504s] [01m[K/home/robofei/ROS2/action/src/control/src/MotionManager.cpp:[m[K In function â€˜[01m[Kvoid StartLogging()[m[Kâ€™:
[1.504s] [01m[K/home/robofei/ROS2/action/src/control/src/MotionManager.cpp:300:9:[m[K [01;31m[Kerror: [m[Kâ€˜[01m[Km_LogFileStream[m[Kâ€™ was not declared in this scope
[1.504s]   300 |         [01;31m[Km_LogFileStream[m[K.open(szFile, std::ios::out);
[1.504s]       |         [01;31m[K^~~~~~~~~~~~~~~[m[K
[1.504s] [01m[K/home/robofei/ROS2/action/src/control/src/MotionManager.cpp:301:18:[m[K [01;31m[Kerror: [m[Kâ€˜[01m[KJointData[m[Kâ€™ has not been declared
[1.504s]   301 |     for(int id = [01;31m[KJointData[m[K::ID_MIN; id <= JointData::ID_MAX-2; id++)//tirando a cabeÃ§a
[1.504s]       |                  [01;31m[K^~~~~~~~~[m[K
[1.504s] [01m[K/home/robofei/ROS2/action/src/control/src/MotionManager.cpp:301:43:[m[K [01;31m[Kerror: [m[Kâ€˜[01m[KJointData[m[Kâ€™ has not been declared
[1.504s]   301 |     for(int id = JointData::ID_MIN; id <= [01;31m[KJointData[m[K::ID_MAX-2; id++)//tirando a cabeÃ§a
[1.505s]       |                                           [01;31m[K^~~~~~~~~[m[K
[1.506s] [01m[K/home/robofei/ROS2/action/src/control/src/MotionManager.cpp:305:5:[m[K [01;31m[Kerror: [m[Kâ€˜[01m[Km_IsLogging[m[Kâ€™ was not declared in this scope
[1.506s]   305 |     [01;31m[Km_IsLogging[m[K = true;
[1.506s]       |     [01;31m[K^~~~~~~~~~~[m[K
[1.508s] [01m[K/home/robofei/ROS2/action/src/control/src/MotionManager.cpp:[m[K In function â€˜[01m[Kvoid StopLogging()[m[Kâ€™:
[1.508s] [01m[K/home/robofei/ROS2/action/src/control/src/MotionManager.cpp:310:5:[m[K [01;31m[Kerror: [m[Kâ€˜[01m[Km_IsLogging[m[Kâ€™ was not declared in this scope
[1.508s]   310 |     [01;31m[Km_IsLogging[m[K = false;
[1.509s]       |     [01;31m[K^~~~~~~~~~~[m[K
[1.511s] [01m[K/home/robofei/ROS2/action/src/control/src/MotionManager.cpp:311:5:[m[K [01;31m[Kerror: [m[Kâ€˜[01m[Km_LogFileStream[m[Kâ€™ was not declared in this scope
[1.511s]   311 |     [01;31m[Km_LogFileStream[m[K.close();
[1.511s]       |     [01;31m[K^~~~~~~~~~~~~~~[m[K
[1.511s] [01m[K/home/robofei/ROS2/action/src/control/src/MotionManager.cpp:[m[K In function â€˜[01m[Kvoid LoadINISettings(minIni*)[m[Kâ€™:
[1.512s] [01m[K/home/robofei/ROS2/action/src/control/src/MotionManager.cpp:316:40:[m[K [01;31m[Kerror: [m[Ktoo many arguments to function â€˜[01m[Kvoid LoadINISettings(minIni*)[m[Kâ€™
[1.512s]   316 |     LoadINISettings(ini, OFFSET_SECTION[01;31m[K)[m[K;
[1.512s]       |                                        [01;31m[K^[m[K
[1.512s] [01m[K/home/robofei/ROS2/action/src/control/src/MotionManager.cpp:314:6:[m[K [01;36m[Knote: [m[Kdeclared here
[1.512s]   314 | void [01;36m[KLoadINISettings[m[K(minIni* ini)
[1.512s]       |      [01;36m[K^~~~~~~~~~~~~~~[m[K
[1.512s] [01m[K/home/robofei/ROS2/action/src/control/src/MotionManager.cpp:[m[K In function â€˜[01m[Kvoid LoadINISettings(minIni*, const string&)[m[Kâ€™:
[1.512s] [01m[K/home/robofei/ROS2/action/src/control/src/MotionManager.cpp:322:17:[m[K [01;31m[Kerror: [m[Kâ€˜[01m[KJointData[m[Kâ€™ has not been declared
[1.512s]   322 |     for(int i = [01;31m[KJointData[m[K::ID_MIN; i <= JointData::ID_MAX-2; i++)//tirando a cabeÃ§a
[1.513s]       |                 [01;31m[K^~~~~~~~~[m[K
[1.513s] [01m[K/home/robofei/ROS2/action/src/control/src/MotionManager.cpp:322:41:[m[K [01;31m[Kerror: [m[Kâ€˜[01m[KJointData[m[Kâ€™ has not been declared
[1.513s]   322 |     for(int i = JointData::ID_MIN; i <= [01;31m[KJointData[m[K::ID_MAX-2; i++)//tirando a cabeÃ§a
[1.513s]       |                                         [01;31m[K^~~~~~~~~[m[K
[1.514s] [01m[K/home/robofei/ROS2/action/src/control/src/MotionManager.cpp:326:81:[m[K [01;31m[Kerror: [m[Kâ€˜[01m[Km_Offset[m[Kâ€™ was not declared in this scope
[1.514s]   326 | = ini->geti(section, key, INVALID_VALUE)) != INVALID_VALUE)  [01;31m[Km_Offset[m[K[i] = ivalue;
[1.514s]       |                                                              [01;31m[K^~~~~~~~[m[K
[1.514s] 
[1.516s] [01m[K/home/robofei/ROS2/action/src/control/src/MotionManager.cpp:328:9:[m[K [01;31m[Kerror: [m[Kâ€˜[01m[Km_angleEstimator[m[Kâ€™ was not declared in this scope; did you mean â€˜[01m[KAngleEstimator[m[Kâ€™?
[1.516s]   328 |         [01;31m[Km_angleEstimator[m[K.LoadINISettings(ini, section + "_angle");
[1.516s]       |         [01;31m[K^~~~~~~~~~~~~~~~[m[K
[1.516s]       |         [32m[KAngleEstimator[m[K
[1.516s] [01m[K/home/robofei/ROS2/action/src/control/src/MotionManager.cpp:[m[K In function â€˜[01m[Kvoid SaveINISettings(minIni*)[m[Kâ€™:
[1.517s] [01m[K/home/robofei/ROS2/action/src/control/src/MotionManager.cpp:332:40:[m[K [01;31m[Kerror: [m[Ktoo many arguments to function â€˜[01m[Kvoid SaveINISettings(minIni*)[m[Kâ€™
[1.517s]   332 |     SaveINISettings(ini, OFFSET_SECTION[01;31m[K)[m[K;
[1.517s]       |                                        [01;31m[K^[m[K
[1.517s] [01m[K/home/robofei/ROS2/action/src/control/src/MotionManager.cpp:330:6:[m[K [01;36m[Knote: [m[Kdeclared here
[1.517s]   330 | void [01;36m[KSaveINISettings[m[K(minIni* ini)
[1.517s]       |      [01;36m[K^~~~~~~~~~~~~~~[m[K
[1.517s] [01m[K/home/robofei/ROS2/action/src/control/src/MotionManager.cpp:[m[K In function â€˜[01m[Kvoid SaveINISettings(minIni*, const string&)[m[Kâ€™:
[1.517s] [01m[K/home/robofei/ROS2/action/src/control/src/MotionManager.cpp:336:17:[m[K [01;31m[Kerror: [m[Kâ€˜[01m[KJointData[m[Kâ€™ has not been declared
[1.518s]   336 |     for(int i = [01;31m[KJointData[m[K::ID_MIN; i <= JointData::ID_MAX-2; i++)//tirando a cabeÃ§a
[1.518s]       |                 [01;31m[K^~~~~~~~~[m[K
[1.518s] [01m[K/home/robofei/ROS2/action/src/control/src/MotionManager.cpp:336:41:[m[K [01;31m[Kerror: [m[Kâ€˜[01m[KJointData[m[Kâ€™ has not been declared
[1.518s]   336 |     for(int i = JointData::ID_MIN; i <= [01;31m[KJointData[m[K::ID_MAX-2; i++)//tirando a cabeÃ§a
[1.518s]       |                                         [01;31m[K^~~~~~~~~[m[K
[1.518s] [01m[K/home/robofei/ROS2/action/src/control/src/MotionManager.cpp:340:32:[m[K [01;31m[Kerror: [m[Kâ€˜[01m[Km_Offset[m[Kâ€™ was not declared in this scope
[1.518s]   340 |         ini->put(section, key, [01;31m[Km_Offset[m[K[i]);
[1.519s]       |                                [01;31m[K^~~~~~~~[m[K
[1.520s] [01m[K/home/robofei/ROS2/action/src/control/src/MotionManager.cpp:342:9:[m[K [01;31m[Kerror: [m[Kâ€˜[01m[Km_angleEstimator[m[Kâ€™ was not declared in this scope; did you mean â€˜[01m[KAngleEstimator[m[Kâ€™?
[1.520s]   342 |         [01;31m[Km_angleEstimator[m[K.SaveINISettings(ini, section + "_angle");
[1.520s]       |         [01;31m[K^~~~~~~~~~~~~~~~[m[K
[1.520s]       |         [32m[KAngleEstimator[m[K
[1.520s] [01m[K/home/robofei/ROS2/action/src/control/src/MotionManager.cpp:[m[K At global scope:
[1.521s] [01m[K/home/robofei/ROS2/action/src/control/src/MotionManager.cpp:354:16:[m[K [01;31m[Kerror: [m[Kvariable or field â€˜[01m[KAddModule[m[Kâ€™ declared void
[1.521s]   354 | void AddModule([01;31m[KMotionModule[m[K *module)
[1.521s]       |                [01;31m[K^~~~~~~~~~~~[m[K
[1.521s] [01m[K/home/robofei/ROS2/action/src/control/src/MotionManager.cpp:354:16:[m[K [01;31m[Kerror: [m[Kâ€˜[01m[KMotionModule[m[Kâ€™ was not declared in this scope; did you mean â€˜[01m[KRobot::MotionModule[m[Kâ€™?
[1.521s]   354 | void AddModule([01;31m[KMotionModule[m[K *module)
[1.521s]       |                [01;31m[K^~~~~~~~~~~~[m[K
[1.521s]       |                [32m[KRobot::MotionModule[m[K
[1.521s] In file included from [01m[K/home/robofei/ROS2/action/src/control/include/MotionManager.h:15[m[K,
[1.521s]                  from [01m[K/home/robofei/ROS2/action/src/control/src/MotionManager.cpp:27[m[K:
[1.522s] [01m[K/home/robofei/ROS2/action/src/control/include/MotionModule.h:15:8:[m[K [01;36m[Knote: [m[Kâ€˜[01m[KRobot::MotionModule[m[Kâ€™ declared here
[1.522s]    15 |  class [01;36m[KMotionModule[m[K
[1.522s]       |        [01;36m[K^~~~~~~~~~~~[m[K
[1.523s] [01m[K/home/robofei/ROS2/action/src/control/src/MotionManager.cpp:354:30:[m[K [01;31m[Kerror: [m[Kâ€˜[01m[Kmodule[m[Kâ€™ was not declared in this scope; did you mean â€˜[01m[Kmodfl[m[Kâ€™?
[1.523s]   354 | void AddModule(MotionModule *[01;31m[Kmodule[m[K)
[1.523s]       |                              [01;31m[K^~~~~~[m[K
[1.523s]       |                              [32m[Kmodfl[m[K
[1.523s] [01m[K/home/robofei/ROS2/action/src/control/src/MotionManager.cpp:362:19:[m[K [01;31m[Kerror: [m[Kvariable or field â€˜[01m[KRemoveModule[m[Kâ€™ declared void
[1.523s]   362 | void RemoveModule([01;31m[KMotionModule[m[K *module)
[1.523s]       |                   [01;31m[K^~~~~~~~~~~~[m[K
[1.523s] [01m[K/home/robofei/ROS2/action/src/control/src/MotionManager.cpp:362:19:[m[K [01;31m[Kerror: [m[Kâ€˜[01m[KMotionModule[m[Kâ€™ was not declared in this scope; did you mean â€˜[01m[KRobot::MotionModule[m[Kâ€™?
[1.524s]   362 | void RemoveModule([01;31m[KMotionModule[m[K *module)
[1.524s]       |                   [01;31m[K^~~~~~~~~~~~[m[K
[1.524s]       |                   [32m[KRobot::MotionModule[m[K
[1.524s] In file included from [01m[K/home/robofei/ROS2/action/src/control/include/MotionManager.h:15[m[K,
[1.524s]                  from [01m[K/home/robofei/ROS2/action/src/control/src/MotionManager.cpp:27[m[K:
[1.524s] [01m[K/home/robofei/ROS2/action/src/control/include/MotionModule.h:15:8:[m[K [01;36m[Knote: [m[Kâ€˜[01m[KRobot::MotionModule[m[Kâ€™ declared here
[1.524s]    15 |  class [01;36m[KMotionModule[m[K
[1.524s]       |        [01;36m[K^~~~~~~~~~~~[m[K
[1.525s] [01m[K/home/robofei/ROS2/action/src/control/src/MotionManager.cpp:362:33:[m[K [01;31m[Kerror: [m[Kâ€˜[01m[Kmodule[m[Kâ€™ was not declared in this scope; did you mean â€˜[01m[Kmodfl[m[Kâ€™?
[1.525s]   362 | void RemoveModule(MotionModule *[01;31m[Kmodule[m[K)
[1.525s]       |                                 [01;31m[K^~~~~~[m[K
[1.526s]       |                                 [32m[Kmodfl[m[K
[1.527s] [01m[K/home/robofei/ROS2/action/src/control/src/MotionManager.cpp:[m[K In function â€˜[01m[Kvoid SetJointDisable(int)[m[Kâ€™:
[1.528s] [01m[K/home/robofei/ROS2/action/src/control/src/MotionManager.cpp:369:8:[m[K [01;31m[Kerror: [m[Kâ€˜[01m[Km_Modules[m[Kâ€™ was not declared in this scope
[1.528s]   369 |     if([01;31m[Km_Modules[m[K.size() != 0)
[1.528s]       |        [01;31m[K^~~~~~~~~[m[K
[1.528s] [01m[K/home/robofei/ROS2/action/src/control/src/MotionManager.cpp:371:23:[m[K [01;31m[Kerror: [m[Kâ€˜[01m[KMotionModule[m[Kâ€™ was not declared in this scope; did you mean â€˜[01m[KRobot::MotionModule[m[Kâ€™?
[1.528s]   371 |         for(std::list<[01;31m[KMotionModule[m[K*>::iterator i = m_Modules.begin(); i != m_Modules.end(); i++)
[1.529s]       |                       [01;31m[K^~~~~~~~~~~~[m[K
[1.529s]       |                       [32m[KRobot::MotionModule[m[K
[1.529s] In file included from [01m[K/home/robofei/ROS2/action/src/control/include/MotionManager.h:15[m[K,
[1.529s]                  from [01m[K/home/robofei/ROS2/action/src/control/src/MotionManager.cpp:27[m[K:
[1.529s] [01m[K/home/robofei/ROS2/action/src/control/include/MotionModule.h:15:8:[m[K [01;36m[Knote: [m[Kâ€˜[01m[KRobot::MotionModule[m[Kâ€™ declared here
[1.529s]    15 |  class [01;36m[KMotionModule[m[K
[1.529s]       |        [01;36m[K^~~~~~~~~~~~[m[K
[1.530s] [01m[K/home/robofei/ROS2/action/src/control/src/MotionManager.cpp:371:36:[m[K [01;31m[Kerror: [m[Ktemplate argument 1 is invalid
[1.530s]   371 |         for(std::list<MotionModule*[01;31m[K>[m[K::iterator i = m_Modules.begin(); i != m_Modules.end(); i++)
[1.530s]       |                                    [01;31m[K^[m[K
[1.530s] [01m[K/home/robofei/ROS2/action/src/control/src/MotionManager.cpp:371:36:[m[K [01;31m[Kerror: [m[Ktemplate argument 2 is invalid
[1.530s] [01m[K/home/robofei/ROS2/action/src/control/src/MotionManager.cpp:371:48:[m[K [01;31m[Kerror: [m[Kqualified-id in declaration before â€˜[01m[Ki[m[Kâ€™
[1.530s]   371 |         for(std::list<MotionModule*>::iterator [01;31m[Ki[m[K = m_Modules.begin(); i != m_Modules.end(); i++)
[1.530s]       |                                                [01;31m[K^[m[K
[1.531s] [01m[K/home/robofei/ROS2/action/src/control/src/MotionManager.cpp:371:47:[m[K [01;31m[Kerror: [m[Kexpected â€˜[01m[K;[m[Kâ€™ before â€˜[01m[Ki[m[Kâ€™
[1.531s]   371 |         for(std::list<MotionModule*>::iterator[01;31m[K [m[K[32m[Ki[m[K = m_Modules.begin(); i != m_Modules.end(); i++)
[1.531s]       |                                               [01;31m[K^[m[K[32m[K~[m[K
[1.531s]       |                                               [32m[K;[m[K
[1.531s] [01m[K/home/robofei/ROS2/action/src/control/src/MotionManager.cpp:371:48:[m[K [01;31m[Kerror: [m[Kâ€˜[01m[Ki[m[Kâ€™ was not declared in this scope
[1.531s]   371 |         for(std::list<MotionModule*>::iterator [01;31m[Ki[m[K = m_Modules.begin(); i != m_Modules.end(); i++)
[1.532s]       |                                                [01;31m[K^[m[K
[1.532s] [01m[K/home/robofei/ROS2/action/src/control/src/MotionManager.cpp:371:91:[m[K [01;31m[Kerror: [m[Kexpected â€˜[01m[K)[m[Kâ€™ before â€˜[01m[K;[m[Kâ€™ token
[1.532s]   371 | odule*>::iterator i = m_Modules.begin(); i != m_Modules.end()[01;31m[K;[m[K i++)
[1.532s]       |                                                              [01;31m[K^[m[K
[1.532s]       |                                                              [32m[K)[m[K
[1.532s] [01m[K/home/robofei/ROS2/action/src/control/src/MotionManager.cpp:371:9:[m[K [01;35m[Kwarning: [m[Kthis â€˜[01m[Kfor[m[Kâ€™ clause does not guard... [[01;35m[K-Wmisleading-indentation[m[K]
[1.532s]   371 |         [01;35m[Kfor[m[K(std::list<MotionModule*>::iterator i = m_Modules.begin(); i != m_Modules.end(); i++)
[1.532s]       |         [01;35m[K^~~[m[K
[1.533s] [01m[K/home/robofei/ROS2/action/src/control/src/MotionManager.cpp:371:93:[m[K [01;36m[Knote: [m[K...this statement, but the latter is misleadingly indented as if it were guarded by the â€˜[01m[Kfor[m[Kâ€™
[1.533s]   371 | ule*>::iterator i = m_Modules.begin(); i != m_Modules.end(); [01;36m[Ki[m[K++)
[1.533s]       |                                                              [01;36m[K^[m[K
[1.533s] 
[1.533s] [01m[K/home/robofei/ROS2/action/src/control/src/MotionManager.cpp:371:93:[m[K [01;31m[Kerror: [m[Kâ€˜[01m[Ki[m[Kâ€™ was not declared in this scope
[1.533s] [01m[K/home/robofei/ROS2/action/src/control/src/MotionManager.cpp:367:26:[m[K [01;35m[Kwarning: [m[Kunused parameter â€˜[01m[Kindex[m[Kâ€™ [[01;35m[K-Wunused-parameter[m[K]
[1.533s]   367 | void SetJointDisable([01;35m[Kint index[m[K)
[1.534s]       |                      [01;35m[K~~~~^~~~~[m[K
[1.534s] [01m[K/home/robofei/ROS2/action/src/control/src/MotionManager.cpp:[m[K In function â€˜[01m[Kint main(int, char**)[m[Kâ€™:
[1.534s] [01m[K/home/robofei/ROS2/action/src/control/src/MotionManager.cpp:466:42:[m[K [01;31m[Kerror: [m[Kâ€˜[01m[KMotionManager[m[Kâ€™ was not declared in this scope; did you mean â€˜[01m[KRobot::MotionManager[m[Kâ€™?
[1.534s]   466 |   auto motion_manager = std::make_shared<[01;31m[KMotionManager[m[K>();
[1.534s]       |                                          [01;31m[K^~~~~~~~~~~~~[m[K
[1.534s]       |                                          [32m[KRobot::MotionManager[m[K
[1.535s] In file included from [01m[K/home/robofei/ROS2/action/src/control/src/MotionManager.cpp:27[m[K:
[1.535s] [01m[K/home/robofei/ROS2/action/src/control/include/MotionManager.h:25:8:[m[K [01;36m[Knote: [m[Kâ€˜[01m[KRobot::MotionManager[m[Kâ€™ declared here
[1.535s]    25 |  class [01;36m[KMotionManager[m[K
[1.535s]       |        [01;36m[K^~~~~~~~~~~~~[m[K
[1.535s] [01m[K/home/robofei/ROS2/action/src/control/src/MotionManager.cpp:466:57:[m[K [01;31m[Kerror: [m[Kno matching function for call to â€˜[01m[Kmake_shared<<expression error> >()[m[Kâ€™
[1.535s]   466 |   auto motion_manager = std::make_shared<MotionManager>([01;31m[K)[m[K;
[1.535s]       |                                                         [01;31m[K^[m[K
[1.536s] In file included from [01m[K/usr/include/c++/9/memory:81[m[K,
[1.536s]                  from [01m[K/home/robofei/ROS2/action/src/control/src/MotionManager.cpp:15[m[K:
[1.536s] [01m[K/usr/include/c++/9/bits/shared_ptr.h:714:5:[m[K [01;36m[Knote: [m[Kcandidate: â€˜[01m[Ktemplate<class _Tp, class ... _Args> std::shared_ptr<_Tp> std::make_shared(_Args&& ...)[m[Kâ€™
[1.536s]   714 |     [01;36m[Kmake_shared[m[K(_Args&&... __args)
[1.536s]       |     [01;36m[K^~~~~~~~~~~[m[K
[1.536s] [01m[K/usr/include/c++/9/bits/shared_ptr.h:714:5:[m[K [01;36m[Knote: [m[K  template argument deduction/substitution failed:
[1.536s] [01m[K/home/robofei/ROS2/action/src/control/src/MotionManager.cpp:466:57:[m[K [01;31m[Kerror: [m[Ktemplate argument 1 is invalid
[1.536s]   466 |   auto motion_manager = std::make_shared<MotionManager>([01;31m[K)[m[K;
[1.537s]       |                                                         [01;31m[K^[m[K
[1.921s] make[2]: *** [CMakeFiles/motion.dir/build.make:63: CMakeFiles/motion.dir/src/MotionManager.cpp.o] Error 1
[1.921s] make[1]: *** [CMakeFiles/Makefile2:80: CMakeFiles/motion.dir/all] Error 2
[1.921s] make[1]: *** Waiting for unfinished jobs....
[3.120s] make[2]: *** [CMakeFiles/control.dir/build.make:63: CMakeFiles/control.dir/src/control.cpp.o] Error 1
[3.121s] make[1]: *** [CMakeFiles/Makefile2:107: CMakeFiles/control.dir/all] Error 2
[3.121s] make: *** [Makefile:141: all] Error 2
[3.123s] Invoked command in '/home/robofei/ROS2/action/build/control' returned '2': AMENT_PREFIX_PATH=/home/robofei/ROS2/action/install/custom_interfaces:${AMENT_PREFIX_PATH} CMAKE_PREFIX_PATH=/home/robofei/ROS2/action/install/custom_interfaces:/opt/ros/foxy LD_LIBRARY_PATH=/home/robofei/ROS2/action/install/custom_interfaces/lib:${LD_LIBRARY_PATH} PYTHONPATH=/home/robofei/ROS2/action/install/custom_interfaces/lib/python3.8/site-packages:${PYTHONPATH} /usr/bin/cmake --build /home/robofei/ROS2/action/build/control -- -j4 -l4
