[01m[K/home/robofei/ROS2/action/src/control/src/control.cpp:[m[K In member function â€˜[01m[Kvoid Control::topic_callback(std::shared_ptr<dynamixel_sdk_custom_interfaces::msg::Decision_<std::allocator<void> > >) const[m[Kâ€™:
[01m[K/home/robofei/ROS2/action/src/control/src/control.cpp:206:11:[m[K [01;31m[Kerror: [m[Kâ€˜[01m[KMotionManager[m[Kâ€™ has not been declared
  206 |           [01;31m[KMotionManager[m[K::GetInstance()->SetEnable(true);
      |           [01;31m[K^~~~~~~~~~~~~[m[K
[01m[K/home/robofei/ROS2/action/src/control/src/control.cpp:207:11:[m[K [01;31m[Kerror: [m[Kâ€˜[01m[KWalking[m[Kâ€™ has not been declared
  207 |           [01;31m[KWalking[m[K::GetInstance()->m_Joint.SetEnableBody(true);
      |           [01;31m[K^~~~~~~[m[K
[01m[K/home/robofei/ROS2/action/src/control/src/control.cpp:208:11:[m[K [01;31m[Kerror: [m[Kâ€˜[01m[KWalking[m[Kâ€™ has not been declared
  208 |           [01;31m[KWalking[m[K::GetInstance()->X_MOVE_AMPLITUDE = X_amplitude;
      |           [01;31m[K^~~~~~~[m[K
[01m[K/home/robofei/ROS2/action/src/control/src/control.cpp:208:54:[m[K [01;31m[Kerror: [m[Kâ€˜[01m[KX_amplitude[m[Kâ€™ was not declared in this scope
  208 |           Walking::GetInstance()->X_MOVE_AMPLITUDE = [01;31m[KX_amplitude[m[K;
      |                                                      [01;31m[K^~~~~~~~~~~[m[K
[01m[K/home/robofei/ROS2/action/src/control/src/control.cpp:209:11:[m[K [01;31m[Kerror: [m[Kâ€˜[01m[KWalking[m[Kâ€™ has not been declared
  209 |           [01;31m[KWalking[m[K::GetInstance()->Y_MOVE_AMPLITUDE = Y_amplitude;
      |           [01;31m[K^~~~~~~[m[K
[01m[K/home/robofei/ROS2/action/src/control/src/control.cpp:209:54:[m[K [01;31m[Kerror: [m[Kâ€˜[01m[KY_amplitude[m[Kâ€™ was not declared in this scope
  209 |           Walking::GetInstance()->Y_MOVE_AMPLITUDE = [01;31m[KY_amplitude[m[K;
      |                                                      [01;31m[K^~~~~~~~~~~[m[K
[01m[K/home/robofei/ROS2/action/src/control/src/control.cpp:210:11:[m[K [01;31m[Kerror: [m[Kâ€˜[01m[KWalking[m[Kâ€™ has not been declared
  210 |           [01;31m[KWalking[m[K::GetInstance()->A_MOVE_AMPLITUDE = A_amplitude;
      |           [01;31m[K^~~~~~~[m[K
[01m[K/home/robofei/ROS2/action/src/control/src/control.cpp:210:54:[m[K [01;31m[Kerror: [m[Kâ€˜[01m[KA_amplitude[m[Kâ€™ was not declared in this scope
  210 |           Walking::GetInstance()->A_MOVE_AMPLITUDE = [01;31m[KA_amplitude[m[K;
      |                                                      [01;31m[K^~~~~~~~~~~[m[K
[01m[K/home/robofei/ROS2/action/src/control/src/control.cpp:211:11:[m[K [01;31m[Kerror: [m[Kâ€˜[01m[KWalking[m[Kâ€™ has not been declared
  211 |           [01;31m[KWalking[m[K::GetInstance()->Start();
      |           [01;31m[K^~~~~~~[m[K
[01m[K/home/robofei/ROS2/action/src/control/src/control.cpp:213:13:[m[K [01;31m[Kerror: [m[Kâ€˜[01m[KWalking[m[Kâ€™ has not been declared
  213 |             [01;31m[KWalking[m[K::GetInstance()->Stop();
      |             [01;31m[K^~~~~~~[m[K
[01m[K/home/robofei/ROS2/action/src/control/src/control.cpp:214:13:[m[K [01;31m[Kerror: [m[Kâ€˜[01m[KWalking[m[Kâ€™ has not been declared
  214 |             [01;31m[KWalking[m[K::GetInstance()->m_Joint.SetEnableBody(false);
      |             [01;31m[K^~~~~~~[m[K
[01m[K/home/robofei/ROS2/action/src/control/src/control.cpp:[m[K In function â€˜[01m[Kint main(int, char**)[m[Kâ€™:
[01m[K/home/robofei/ROS2/action/src/control/src/control.cpp:231:64:[m[K [01;31m[Kerror: [m[Kâ€˜[01m[Kgetpid[m[Kâ€™ was not declared in this scope; did you mean â€˜[01m[Kgetpt[m[Kâ€™?
  231 |   sprintf(string1,"echo fei 123456| sudo -S renice -20 -p %d", [01;31m[Kgetpid[m[K());
      |                                                                [01;31m[K^~~~~~[m[K
      |                                                                [32m[Kgetpt[m[K
[01m[K/home/robofei/ROS2/action/src/control/src/control.cpp:234:6:[m[K [01;31m[Kerror: [m[Kâ€˜[01m[KMotionManager[m[Kâ€™ has not been declared
  234 |   if([01;31m[KMotionManager[m[K::GetInstance()->Initialize() == false)
      |      [01;31m[K^~~~~~~~~~~~~[m[K
make[2]: *** [CMakeFiles/control.dir/build.make:63: CMakeFiles/control.dir/src/control.cpp.o] Error 1
make[1]: *** [CMakeFiles/Makefile2:107: CMakeFiles/control.dir/all] Error 2
make: *** [Makefile:141: all] Error 2
