make[2]: *** No rule to make target '/home/robofei/ROS2/action/src/control/src/MotionManager.cpp', needed by 'CMakeFiles/motion.dir/src/MotionManager.cpp.o'.  Stop.
make[1]: *** [CMakeFiles/Makefile2:80: CMakeFiles/motion.dir/all] Error 2
make[1]: *** Waiting for unfinished jobs....
[01m[K/home/robofei/ROS2/action/src/control/src/control.cpp:40:26:[m[K [01;31m[Kerror: [m[Kâ€˜[01m[Kccustom_interfaces[m[Kâ€™ was not declared in this scope; did you mean â€˜[01m[Kcustom_interfaces[m[Kâ€™?
   40 |     rclcpp::Subscription<[01;31m[Kccustom_interfaces[m[K::msg::Decision>::SharedPtr subscription_;
      |                          [01;31m[K^~~~~~~~~~~~~~~~~~[m[K
      |                          [32m[Kcustom_interfaces[m[K
[01m[K/home/robofei/ROS2/action/src/control/src/control.cpp:40:59:[m[K [01;31m[Kerror: [m[Ktemplate argument 1 is invalid
   40 |     rclcpp::Subscription<ccustom_interfaces::msg::Decision[01;31m[K>[m[K::SharedPtr subscription_;
      |                                                           [01;31m[K^[m[K
[01m[K/home/robofei/ROS2/action/src/control/src/control.cpp:40:59:[m[K [01;31m[Kerror: [m[Ktemplate argument 3 is invalid
[01m[K/home/robofei/ROS2/action/src/control/src/control.cpp:40:62:[m[K [01;31m[Kerror: [m[Kexpected â€˜[01m[K;[m[Kâ€™ at end of member declaration
   40 |     rclcpp::Subscription<ccustom_interfaces::msg::Decision>::[01;31m[KSharedPtr[m[K subscription_;
      |                                                              [01;31m[K^~~~~~~~~[m[K
      |                                                                       [32m[K;[m[K
[01m[K/home/robofei/ROS2/action/src/control/src/control.cpp:40:72:[m[K [01;31m[Kerror: [m[Kâ€˜[01m[Ksubscription_[m[Kâ€™ does not name a type; did you mean â€˜[01m[Krcl_subscription_t[m[Kâ€™?
   40 |   rclcpp::Subscription<ccustom_interfaces::msg::Decision>::SharedPtr [01;31m[Ksubscription_[m[K;
      |                                                                      [01;31m[K^~~~~~~~~~~~~[m[K
      |                                                                      [32m[Krcl_subscription_t[m[K
[01m[K/home/robofei/ROS2/action/src/control/src/control.cpp:[m[K In constructor â€˜[01m[KControl::Control()[m[Kâ€™:
[01m[K/home/robofei/ROS2/action/src/control/src/control.cpp:28:5:[m[K [01;31m[Kerror: [m[Kâ€˜[01m[Ksubscription_[m[Kâ€™ was not declared in this scope; did you mean â€˜[01m[Krcl_subscription_t[m[Kâ€™?
   28 |     [01;31m[Ksubscription_[m[K = this->create_subscription<custom_interfaces::msg::Decision>(
      |     [01;31m[K^~~~~~~~~~~~~[m[K
      |     [32m[Krcl_subscription_t[m[K
make[2]: *** [CMakeFiles/control.dir/build.make:63: CMakeFiles/control.dir/src/control.cpp.o] Error 1
make[1]: *** [CMakeFiles/Makefile2:107: CMakeFiles/control.dir/all] Error 2
make: *** [Makefile:141: all] Error 2
