In file included from [01m[K/home/robo/ROS2/walk_test/src/control/include/GaitMove.hpp:23[m[K,
                 from [01m[K/home/robo/ROS2/walk_test/src/control/src/control.cpp:26[m[K:
[01m[K/home/robo/ROS2/walk_test/src/control/include/LinuxCM730.h:12:10:[m[K [01;31m[Kfatal error: [m[KCM730.h: No such file or directory
   12 | #include [01;31m[K"CM730.h"[m[K
      |          [01;31m[K^~~~~~~~~[m[K
compilation terminated.
In file included from [01m[K/home/robo/ROS2/walk_test/src/control/include/GaitMove.hpp:23[m[K,
                 from [01m[K/home/robo/ROS2/walk_test/src/control/src/GaitMove.cpp:22[m[K:
[01m[K/home/robo/ROS2/walk_test/src/control/include/LinuxCM730.h:12:10:[m[K [01;31m[Kfatal error: [m[KCM730.h: No such file or directory
   12 | #include [01;31m[K"CM730.h"[m[K
      |          [01;31m[K^~~~~~~~~[m[K
compilation terminated.
make[2]: *** [CMakeFiles/control.dir/build.make:63: CMakeFiles/control.dir/src/control.cpp.o] Error 1
make[1]: *** [CMakeFiles/Makefile2:111: CMakeFiles/control.dir/all] Error 2
make[1]: *** Waiting for unfinished jobs....
make[2]: *** [CMakeFiles/motion.dir/build.make:245: CMakeFiles/motion.dir/src/GaitMove.cpp.o] Error 1
make[1]: *** [CMakeFiles/Makefile2:165: CMakeFiles/motion.dir/all] Error 2
make: *** [Makefile:141: all] Error 2
