[0.009s] Invoking command in '/home/robo/ROS2/walk_test/build/control': CMAKE_PREFIX_PATH=/home/robo/ROS2/walk_test/install/dynamixel_sdk_custom_interfaces:/home/robo/ROS2/walk_test/install/control:/opt/ros/foxy LD_LIBRARY_PATH=/home/robo/ROS2/walk_test/install/dynamixel_sdk_custom_interfaces/lib:/home/robo/ROS2/walk_test/install/control/lib:/opt/ros/foxy/opt/yaml_cpp_vendor/lib:/opt/ros/foxy/opt/rviz_ogre_vendor/lib:/opt/ros/foxy/lib/x86_64-linux-gnu:/opt/ros/foxy/lib /usr/bin/cmake --build /home/robo/ROS2/walk_test/build/control -- -j12 -l12
[0.028s] -- Found ament_cmake: 0.9.9 (/opt/ros/foxy/share/ament_cmake/cmake)
[0.044s] -- Using PYTHON_EXECUTABLE: /usr/bin/python3
[0.173s] -- Override CMake install command with custom implementation using symlinks instead of copying resources
[0.178s] -- Found dynamixel_sdk_custom_interfaces: 3.7.40 (/home/robo/ROS2/walk_test/install/dynamixel_sdk_custom_interfaces/share/dynamixel_sdk_custom_interfaces/cmake)
[0.194s] -- Using all available rosidl_typesupport_c: rosidl_typesupport_fastrtps_c;rosidl_typesupport_introspection_c
[0.197s] -- Found rosidl_adapter: 1.2.1 (/opt/ros/foxy/share/rosidl_adapter/cmake)
[0.288s] -- Using all available rosidl_typesupport_cpp: rosidl_typesupport_fastrtps_cpp;rosidl_typesupport_introspection_cpp
[0.321s] -- Found rclcpp: 2.4.1 (/opt/ros/foxy/share/rclcpp/cmake)
[0.349s] -- Found rmw_implementation_cmake: 1.0.3 (/opt/ros/foxy/share/rmw_implementation_cmake/cmake)
[0.350s] -- Using RMW implementation 'rmw_fastrtps_cpp' as default
[0.461s] -- Found sensor_msgs: 2.0.5 (/opt/ros/foxy/share/sensor_msgs/cmake)
[0.552s] -- Found rclcpp_components: 2.4.1 (/opt/ros/foxy/share/rclcpp_components/cmake)
[0.595s] -- Found rosidl_default_generators: 1.0.1 (/opt/ros/foxy/share/rosidl_default_generators/cmake)
[0.607s] -- Found ament_lint_auto: 0.9.6 (/opt/ros/foxy/share/ament_lint_auto/cmake)
[0.655s] -- Added test 'copyright' to check source files copyright and LICENSE
[0.659s] -- Added test 'cppcheck' to perform static code analysis on C / C++ code
[0.660s] -- Configured cppcheck include dirs: /home/robo/ROS2/walk_test/src/control/include;/home/robo/ROS2/walk_test/src/control/src/minIni
[0.660s] -- Configured cppcheck exclude dirs and/or files: 
[0.664s] -- Added test 'cpplint' to check C / C++ code against the Google style
[0.664s] -- Configured cpplint exclude dirs and/or files: 
[0.665s] -- Added test 'flake8' to check Python code syntax and style conventions
[0.666s] -- Added test 'lint_cmake' to check CMake code style
[0.667s] -- Added test 'pep257' to check Python code against some of the style conventions in PEP 257
[0.671s] -- Added test 'uncrustify' to check C / C++ code style
[0.671s] -- Configured uncrustify additional arguments: 
[0.672s] -- Added test 'xmllint' to check XML markup files
[0.675s] -- Configuring done
[0.692s] -- Generating done
[0.693s] -- Build files have been written to: /home/robo/ROS2/walk_test/build/control
[0.714s] [35m[1mScanning dependencies of target control[0m
[0.714s] [35m[1mScanning dependencies of target motion[0m
[0.727s] [ 18%] Built target decision
[0.727s] [ 18%] Built target gait_publisher
[0.737s] [ 22%] [32mBuilding CXX object CMakeFiles/control.dir/src/control.cpp.o[0m
[0.741s] [ 27%] [32mBuilding CXX object CMakeFiles/motion.dir/src/GaitMove.cpp.o[0m
[0.827s] In file included from [01m[K/home/robo/ROS2/walk_test/src/control/include/GaitMove.hpp:23[m[K,
[0.827s]                  from [01m[K/home/robo/ROS2/walk_test/src/control/src/control.cpp:26[m[K:
[0.827s] [01m[K/home/robo/ROS2/walk_test/src/control/include/LinuxCM730.h:12:10:[m[K [01;31m[Kfatal error: [m[KCM730.h: No such file or directory
[0.827s]    12 | #include [01;31m[K"CM730.h"[m[K
[0.827s]       |          [01;31m[K^~~~~~~~~[m[K
[0.827s] compilation terminated.
[0.828s] In file included from [01m[K/home/robo/ROS2/walk_test/src/control/include/GaitMove.hpp:23[m[K,
[0.828s]                  from [01m[K/home/robo/ROS2/walk_test/src/control/src/GaitMove.cpp:22[m[K:
[0.828s] [01m[K/home/robo/ROS2/walk_test/src/control/include/LinuxCM730.h:12:10:[m[K [01;31m[Kfatal error: [m[KCM730.h: No such file or directory
[0.828s]    12 | #include [01;31m[K"CM730.h"[m[K
[0.828s]       |          [01;31m[K^~~~~~~~~[m[K
[0.828s] compilation terminated.
[0.828s] make[2]: *** [CMakeFiles/control.dir/build.make:63: CMakeFiles/control.dir/src/control.cpp.o] Error 1
[0.828s] make[1]: *** [CMakeFiles/Makefile2:111: CMakeFiles/control.dir/all] Error 2
[0.828s] make[1]: *** Waiting for unfinished jobs....
[0.829s] make[2]: *** [CMakeFiles/motion.dir/build.make:245: CMakeFiles/motion.dir/src/GaitMove.cpp.o] Error 1
[0.829s] make[1]: *** [CMakeFiles/Makefile2:165: CMakeFiles/motion.dir/all] Error 2
[0.829s] make: *** [Makefile:141: all] Error 2
[0.831s] Invoked command in '/home/robo/ROS2/walk_test/build/control' returned '2': CMAKE_PREFIX_PATH=/home/robo/ROS2/walk_test/install/dynamixel_sdk_custom_interfaces:/home/robo/ROS2/walk_test/install/control:/opt/ros/foxy LD_LIBRARY_PATH=/home/robo/ROS2/walk_test/install/dynamixel_sdk_custom_interfaces/lib:/home/robo/ROS2/walk_test/install/control/lib:/opt/ros/foxy/opt/yaml_cpp_vendor/lib:/opt/ros/foxy/opt/rviz_ogre_vendor/lib:/opt/ros/foxy/lib/x86_64-linux-gnu:/opt/ros/foxy/lib /usr/bin/cmake --build /home/robo/ROS2/walk_test/build/control -- -j12 -l12
