[0.009s] Invoking command in '/home/robo/ROS2/walk_test/build/control': CMAKE_PREFIX_PATH=/home/robo/ROS2/walk_test/install/dynamixel_sdk_custom_interfaces:/home/robo/ROS2/walk_test/install/control:/opt/ros/foxy LD_LIBRARY_PATH=/home/robo/ROS2/walk_test/install/dynamixel_sdk_custom_interfaces/lib:/home/robo/ROS2/walk_test/install/control/lib:/opt/ros/foxy/opt/yaml_cpp_vendor/lib:/opt/ros/foxy/opt/rviz_ogre_vendor/lib:/opt/ros/foxy/lib/x86_64-linux-gnu:/opt/ros/foxy/lib /usr/bin/cmake --build /home/robo/ROS2/walk_test/build/control -- -j12 -l12
[0.029s] -- Found ament_cmake: 0.9.9 (/opt/ros/foxy/share/ament_cmake/cmake)
[0.045s] -- Using PYTHON_EXECUTABLE: /usr/bin/python3
[0.177s] -- Override CMake install command with custom implementation using symlinks instead of copying resources
[0.183s] -- Found dynamixel_sdk_custom_interfaces: 3.7.40 (/home/robo/ROS2/walk_test/install/dynamixel_sdk_custom_interfaces/share/dynamixel_sdk_custom_interfaces/cmake)
[0.201s] -- Using all available rosidl_typesupport_c: rosidl_typesupport_fastrtps_c;rosidl_typesupport_introspection_c
[0.204s] -- Found rosidl_adapter: 1.2.1 (/opt/ros/foxy/share/rosidl_adapter/cmake)
[0.302s] -- Using all available rosidl_typesupport_cpp: rosidl_typesupport_fastrtps_cpp;rosidl_typesupport_introspection_cpp
[0.341s] -- Found rclcpp: 2.4.1 (/opt/ros/foxy/share/rclcpp/cmake)
[0.371s] -- Found rmw_implementation_cmake: 1.0.3 (/opt/ros/foxy/share/rmw_implementation_cmake/cmake)
[0.372s] -- Using RMW implementation 'rmw_fastrtps_cpp' as default
[0.504s] -- Found sensor_msgs: 2.0.5 (/opt/ros/foxy/share/sensor_msgs/cmake)
[0.611s] -- Found rclcpp_components: 2.4.1 (/opt/ros/foxy/share/rclcpp_components/cmake)
[0.660s] -- Found rosidl_default_generators: 1.0.1 (/opt/ros/foxy/share/rosidl_default_generators/cmake)
[0.674s] -- Found ament_lint_auto: 0.9.6 (/opt/ros/foxy/share/ament_lint_auto/cmake)
[0.725s] -- Added test 'copyright' to check source files copyright and LICENSE
[0.730s] -- Added test 'cppcheck' to perform static code analysis on C / C++ code
[0.730s] -- Configured cppcheck include dirs: /home/robo/ROS2/walk_test/src/control/include;/home/robo/ROS2/walk_test/src/control/src/minIni
[0.730s] -- Configured cppcheck exclude dirs and/or files: 
[0.735s] -- Added test 'cpplint' to check C / C++ code against the Google style
[0.735s] -- Configured cpplint exclude dirs and/or files: 
[0.736s] -- Added test 'flake8' to check Python code syntax and style conventions
[0.737s] -- Added test 'lint_cmake' to check CMake code style
[0.738s] -- Added test 'pep257' to check Python code against some of the style conventions in PEP 257
[0.743s] -- Added test 'uncrustify' to check C / C++ code style
[0.743s] -- Configured uncrustify additional arguments: 
[0.744s] -- Added test 'xmllint' to check XML markup files
[0.747s] -- Configuring done
[0.768s] -- Generating done
[0.770s] -- Build files have been written to: /home/robo/ROS2/walk_test/build/control
[0.790s] [35m[1mScanning dependencies of target gait_publisher[0m
[0.790s] [35m[1mScanning dependencies of target decision[0m
[0.790s] [35m[1mScanning dependencies of target action[0m
[0.791s] [35m[1mScanning dependencies of target control[0m
[0.792s] [35m[1mScanning dependencies of target motion[0m
[0.802s] [  4%] [32mBuilding CXX object CMakeFiles/decision.dir/src/dec.cpp.o[0m
[0.804s] [  8%] [32mBuilding CXX object CMakeFiles/gait_publisher.dir/rclcpp_components/node_main_gait_publisher.cpp.o[0m
[0.823s] [ 12%] [32mBuilding CXX object CMakeFiles/action.dir/src/action_editor/main.cpp.o[0m
[0.827s] [ 16%] [32mBuilding CXX object CMakeFiles/control.dir/src/control.cpp.o[0m
[0.833s] [ 28%] [32mBuilding CXX object CMakeFiles/motion.dir/src/motion/AngleEstimator.cpp.o[0m
[0.833s] [ 28%] [32mBuilding CXX object CMakeFiles/motion.dir/src/motion/MotionManager.cpp.o[0m
[0.833s] [ 28%] [32mBuilding CXX object CMakeFiles/motion.dir/src/motion/modules/Walking.cpp.o[0m
[0.834s] [ 36%] [32mBuilding CXX object CMakeFiles/motion.dir/src/math/Matrix.cpp.o[0m
[0.834s] [ 36%] [32mBuilding CXX object CMakeFiles/motion.dir/src/math/Plane.cpp.o[0m
[0.834s] [ 40%] [32mBuilding CXX object CMakeFiles/motion.dir/src/math/Point.cpp.o[0m
[0.834s] [ 44%] [32mBuilding CXX object CMakeFiles/motion.dir/src/math/Vector.cpp.o[0m
[0.834s] [ 48%] [32mBuilding CXX object CMakeFiles/motion.dir/src/math/QuadraticStateTransform.cpp.o[0m
[0.869s] In file included from [01m[K/home/robo/ROS2/walk_test/src/control/include/Walking.h:13[m[K,
[0.869s]                  from [01m[K/home/robo/ROS2/walk_test/src/control/src/motion/modules/Walking.cpp:14[m[K:
[0.869s] [01m[K/home/robo/ROS2/walk_test/src/control/include/minIni.h:11:10:[m[K [01;31m[Kfatal error: [m[K../src/minIni/minIni.h: No such file or directory
[0.869s]    11 | #include [01;31m[K"../src/minIni/minIni.h"[m[K
[0.870s]       |          [01;31m[K^~~~~~~~~~~~~~~~~~~~~~~~[m[K
[0.870s] compilation terminated.
[0.870s] [ 52%] [32mBuilding CXX object CMakeFiles/motion.dir/src/math/MotionState.cpp.o[0m
[0.870s] make[2]: *** [CMakeFiles/motion.dir/build.make:76: CMakeFiles/motion.dir/src/motion/modules/Walking.cpp.o] Error 1
[0.870s] make[2]: *** Waiting for unfinished jobs....
[0.872s] In file included from [01m[K/home/robo/ROS2/walk_test/src/control/src/motion/AngleEstimator.cpp:5[m[K:
[0.873s] [01m[K/home/robo/ROS2/walk_test/src/control/include/minIni.h:11:10:[m[K [01;31m[Kfatal error: [m[K../src/minIni/minIni.h: No such file or directory
[0.873s]    11 | #include [01;31m[K"../src/minIni/minIni.h"[m[K
[0.873s]       |          [01;31m[K^~~~~~~~~~~~~~~~~~~~~~~~[m[K
[0.873s] compilation terminated.
[0.873s] make[2]: *** [CMakeFiles/motion.dir/build.make:89: CMakeFiles/motion.dir/src/motion/AngleEstimator.cpp.o] Error 1
[0.895s] In file included from [01m[K/home/robo/ROS2/walk_test/src/control/include/MotionManager.h:17[m[K,
[0.895s]                  from [01m[K/home/robo/ROS2/walk_test/src/control/src/control.cpp:19[m[K:
[0.895s] [01m[K/home/robo/ROS2/walk_test/src/control/include/minIni.h:11:10:[m[K [01;31m[Kfatal error: [m[K../src/minIni/minIni.h: No such file or directory
[0.895s]    11 | #include [01;31m[K"../src/minIni/minIni.h"[m[K
[0.895s]       |          [01;31m[K^~~~~~~~~~~~~~~~~~~~~~~~[m[K
[0.895s] compilation terminated.
[0.896s] make[2]: *** [CMakeFiles/control.dir/build.make:63: CMakeFiles/control.dir/src/control.cpp.o] Error 1
[0.896s] make[1]: *** [CMakeFiles/Makefile2:140: CMakeFiles/control.dir/all] Error 2
[0.896s] make[1]: *** Waiting for unfinished jobs....
[0.914s] In file included from [01m[K/home/robo/ROS2/walk_test/src/control/include/MotionManager.h:17[m[K,
[0.914s]                  from [01m[K/home/robo/ROS2/walk_test/src/control/src/motion/MotionManager.cpp:25[m[K:
[0.914s] [01m[K/home/robo/ROS2/walk_test/src/control/include/minIni.h:11:10:[m[K [01;31m[Kfatal error: [m[K../src/minIni/minIni.h: No such file or directory
[0.914s]    11 | #include [01;31m[K"../src/minIni/minIni.h"[m[K
[0.914s]       |          [01;31m[K^~~~~~~~~~~~~~~~~~~~~~~~[m[K
[0.914s] compilation terminated.
[0.915s] make[2]: *** [CMakeFiles/motion.dir/build.make:63: CMakeFiles/motion.dir/src/motion/MotionManager.cpp.o] Error 1
[0.923s] make[1]: *** [CMakeFiles/Makefile2:194: CMakeFiles/motion.dir/all] Error 2
[0.972s] In file included from [01m[K/home/robo/ROS2/walk_test/src/control/src/action_editor/main.cpp:30[m[K:
[0.972s] [01m[K/home/robo/ROS2/walk_test/src/control/include/minIni.h:11:10:[m[K [01;31m[Kfatal error: [m[K../src/minIni/minIni.h: No such file or directory
[0.973s]    11 | #include [01;31m[K"../src/minIni/minIni.h"[m[K
[0.973s]       |          [01;31m[K^~~~~~~~~~~~~~~~~~~~~~~~[m[K
[0.973s] compilation terminated.
[0.974s] make[2]: *** [CMakeFiles/action.dir/build.make:63: CMakeFiles/action.dir/src/action_editor/main.cpp.o] Error 1
[0.974s] make[1]: *** [CMakeFiles/Makefile2:248: CMakeFiles/action.dir/all] Error 2
[2.445s] [ 56%] [32m[1mLinking CXX executable gait_publisher[0m
[2.539s] [ 56%] Built target gait_publisher
[3.005s] [ 60%] [32m[1mLinking CXX executable decision[0m
[3.118s] [ 60%] Built target decision
[3.119s] make: *** [Makefile:141: all] Error 2
[3.120s] Invoked command in '/home/robo/ROS2/walk_test/build/control' returned '2': CMAKE_PREFIX_PATH=/home/robo/ROS2/walk_test/install/dynamixel_sdk_custom_interfaces:/home/robo/ROS2/walk_test/install/control:/opt/ros/foxy LD_LIBRARY_PATH=/home/robo/ROS2/walk_test/install/dynamixel_sdk_custom_interfaces/lib:/home/robo/ROS2/walk_test/install/control/lib:/opt/ros/foxy/opt/yaml_cpp_vendor/lib:/opt/ros/foxy/opt/rviz_ogre_vendor/lib:/opt/ros/foxy/lib/x86_64-linux-gnu:/opt/ros/foxy/lib /usr/bin/cmake --build /home/robo/ROS2/walk_test/build/control -- -j12 -l12
