[0.008s] Invoking command in '/home/robo/ROS2/walk_test/build/control': AMENT_PREFIX_PATH=/home/robo/ROS2/walk_test/install/dynamixel_sdk_custom_interfaces:${AMENT_PREFIX_PATH} CMAKE_PREFIX_PATH=/home/robo/ROS2/walk_test/install/dynamixel_sdk_custom_interfaces:/opt/ros/foxy LD_LIBRARY_PATH=/home/robo/ROS2/walk_test/install/dynamixel_sdk_custom_interfaces/lib:${LD_LIBRARY_PATH} PYTHONPATH=/home/robo/ROS2/walk_test/install/dynamixel_sdk_custom_interfaces/lib/python3.8/site-packages:${PYTHONPATH} /usr/bin/cmake --build /home/robo/ROS2/walk_test/build/control -- -j12 -l12
[0.039s] [35m[1mScanning dependencies of target motion[0m
[0.051s] [  4%] [32m[1mLinking CXX executable decision[0m
[0.051s] [ 14%] Built target gait_publisher
[0.052s] [ 19%] [32m[1mLinking CXX executable control[0m
[0.063s] [ 23%] [32mBuilding CXX object CMakeFiles/motion.dir/src/motion/MotionManager.cpp.o[0m
[0.171s] /usr/bin/ld: CMakeFiles/decision.dir/src/dec.cpp.o: in function `rclcpp::Publisher<dynamixel_sdk_custom_interfaces::msg::Decision_<std::allocator<void> >, std::allocator<void> >::Publisher(rclcpp::node_interfaces::NodeBaseInterface*, std::__cxx11::basic_string<char, std::char_traits<char>, std::allocator<char> > const&, rclcpp::QoS const&, rclcpp::PublisherOptionsWithAllocator<std::allocator<void> > const&)':
[0.171s] dec.cpp:(.text._ZN6rclcpp9PublisherIN31dynamixel_sdk_custom_interfaces3msg9Decision_ISaIvEEES4_EC2EPNS_15node_interfaces17NodeBaseInterfaceERKNSt7__cxx1112basic_stringIcSt11char_traitsIcESaIcEEERKNS_3QoSERKNS_29PublisherOptionsWithAllocatorIS4_EE[_ZN6rclcpp9PublisherIN31dynamixel_sdk_custom_interfaces3msg9Decision_ISaIvEEES4_EC5EPNS_15node_interfaces17NodeBaseInterfaceERKNSt7__cxx1112basic_stringIcSt11char_traitsIcESaIcEEERKNS_3QoSERKNS_29PublisherOptionsWithAllocatorIS4_EE]+0x6e): undefined reference to `rosidl_message_type_support_t const* rosidl_typesupport_cpp::get_message_type_support_handle<dynamixel_sdk_custom_interfaces::msg::Decision_<std::allocator<void> > >()'
[0.171s] collect2: error: ld returned 1 exit status
[0.172s] make[2]: *** [CMakeFiles/decision.dir/build.make:136: decision] Error 1
[0.172s] make[1]: *** [CMakeFiles/Makefile2:84: CMakeFiles/decision.dir/all] Error 2
[0.172s] make[1]: *** Waiting for unfinished jobs....
[0.290s] /usr/bin/ld: CMakeFiles/control.dir/src/control.cpp.o: in function `rclcpp::create_subscription_factory<dynamixel_sdk_custom_interfaces::msg::Decision_<std::allocator<void> >, std::_Bind<void (Control::*(Control*, std::_Placeholder<1>))(std::shared_ptr<dynamixel_sdk_custom_interfaces::msg::Decision_<std::allocator<void> > >) const>, std::allocator<void>, dynamixel_sdk_custom_interfaces::msg::Decision_<std::allocator<void> >, rclcpp::Subscription<dynamixel_sdk_custom_interfaces::msg::Decision_<std::allocator<void> >, std::allocator<void>, rclcpp::message_memory_strategy::MessageMemoryStrategy<dynamixel_sdk_custom_interfaces::msg::Decision_<std::allocator<void> >, std::allocator<void> > >, rclcpp::message_memory_strategy::MessageMemoryStrategy<dynamixel_sdk_custom_interfaces::msg::Decision_<std::allocator<void> >, std::allocator<void> > >(std::_Bind<void (Control::*(Control*, std::_Placeholder<1>))(std::shared_ptr<dynamixel_sdk_custom_interfaces::msg::Decision_<std::allocator<void> > >) const>&&, rclcpp::SubscriptionOptionsWithAllocator<std::allocator<void> > const&, rclcpp::message_memory_strategy::MessageMemoryStrategy<dynamixel_sdk_custom_interfaces::msg::Decision_<std::allocator<void> >, std::allocator<void> >::SharedPtr, std::shared_ptr<rclcpp::topic_statistics::SubscriptionTopicStatistics<dynamixel_sdk_custom_interfaces::msg::Decision_<std::allocator<void> > > >)::{lambda(rclcpp::node_interfaces::NodeBaseInterface*, std::__cxx11::basic_string<char, std::char_traits<char>, std::allocator<char> > const&, rclcpp::QoS const&)#1}::operator()(rclcpp::node_interfaces::NodeBaseInterface*, std::__cxx11::basic_string<char, std::char_traits<char>, std::allocator<char> > const&, rclcpp::QoS const&) const':
[0.290s] control.cpp:(.text._ZZN6rclcpp27create_subscription_factoryIN31dynamixel_sdk_custom_interfaces3msg9Decision_ISaIvEEESt5_BindIFM7ControlKFvSt10shared_ptrIS5_EEPS7_St12_PlaceholderILi1EEEES4_S5_NS_12SubscriptionIS5_S4_NS_23message_memory_strategy21MessageMemoryStrategyIS5_S4_EEEESK_EENS_19SubscriptionFactoryEOT0_RKNS_32SubscriptionOptionsWithAllocatorIT1_EENT4_9SharedPtrES8_INS_16topic_statistics27SubscriptionTopicStatisticsIT2_EEEENKUlPNS_15node_interfaces17NodeBaseInterfaceERKNSt7__cxx1112basic_stringIcSt11char_traitsIcESaIcEEERKNS_3QoSEE_clES13_S1B_S1E_[_ZZN6rclcpp27create_subscription_factoryIN31dynamixel_sdk_custom_interfaces3msg9Decision_ISaIvEEESt5_BindIFM7ControlKFvSt10shared_ptrIS5_EEPS7_St12_PlaceholderILi1EEEES4_S5_NS_12SubscriptionIS5_S4_NS_23message_memory_strategy21MessageMemoryStrategyIS5_S4_EEEESK_EENS_19SubscriptionFactoryEOT0_RKNS_32SubscriptionOptionsWithAllocatorIT1_EENT4_9SharedPtrES8_INS_16topic_statistics27SubscriptionTopicStatisticsIT2_EEEENKUlPNS_15node_interfaces17NodeBaseInterfaceERKNSt7__cxx1112basic_stringIcSt11char_traitsIcESaIcEEERKNS_3QoSEE_clES13_S1B_S1E_]+0x5c): undefined reference to `rosidl_message_type_support_t const* rosidl_typesupport_cpp::get_message_type_support_handle<dynamixel_sdk_custom_interfaces::msg::Decision_<std::allocator<void> > >()'
[0.290s] collect2: error: ld returned 1 exit status
[0.291s] make[2]: *** [CMakeFiles/control.dir/build.make:146: control] Error 1
[0.291s] make[1]: *** [CMakeFiles/Makefile2:111: CMakeFiles/control.dir/all] Error 2
[1.009s] In file included from [01m[K/home/robo/ROS2/walk_test/src/control/src/motion/MotionManager.cpp:25[m[K:
[1.009s] [01m[K/home/robo/ROS2/walk_test/src/control/include/MotionManager.h:[m[K In constructor â€˜[01m[KRobot::MotionManager::MotionManager(const rclcpp::NodeOptions&)[m[Kâ€™:
[1.009s] [01m[K/home/robo/ROS2/walk_test/src/control/include/MotionManager.h:77:8:[m[K [01;35m[Kwarning: [m[Kâ€˜[01m[KRobot::MotionManager::DEBUG_PRINT[m[Kâ€™ will be initialized after [[01;35m[K-Wreorder[m[K]
[1.009s]    77 |   bool [01;35m[KDEBUG_PRINT[m[K;
[1.009s]       |        [01;35m[K^~~~~~~~~~~[m[K
[1.009s] [01m[K/home/robo/ROS2/walk_test/src/control/src/motion/MotionManager.cpp:60:41:[m[K [01;35m[Kwarning: [m[K  base â€˜[01m[Krclcpp::Node[m[Kâ€™ [[01;35m[K-Wreorder[m[K]
[1.009s]    60 |   rclcpp::Node("gait_publisher", options[01;35m[K)[m[K
[1.009s]       |                                         [01;35m[K^[m[K
[1.009s] [01m[K/home/robo/ROS2/walk_test/src/control/src/motion/MotionManager.cpp:51:1:[m[K [01;35m[Kwarning: [m[K  when initialized here [[01;35m[K-Wreorder[m[K]
[1.010s]    51 | [01;35m[KMotionManager[m[K::MotionManager(const rclcpp::NodeOptions & options) :
[1.010s]       | [01;35m[K^~~~~~~~~~~~~[m[K
[1.023s] [01m[K/home/robo/ROS2/walk_test/src/control/src/motion/MotionManager.cpp:[m[K In member function â€˜[01m[Kvoid Robot::MotionManager::topic_callback(std::shared_ptr<sensor_msgs::msg::Imu_<std::allocator<void> > >) const[m[Kâ€™:
[1.023s] [01m[K/home/robo/ROS2/walk_test/src/control/src/motion/MotionManager.cpp:89:15:[m[K [01;35m[Kwarning: [m[Kunused variable â€˜[01m[KIMU_GYRO_X[m[Kâ€™ [[01;35m[K-Wunused-variable[m[K]
[1.023s]    89 |         float [01;35m[KIMU_GYRO_X[m[K = -imu_msg_->angular_velocity.x/10;
[1.023s]       |               [01;35m[K^~~~~~~~~~[m[K
[1.023s] [01m[K/home/robo/ROS2/walk_test/src/control/src/motion/MotionManager.cpp:90:15:[m[K [01;35m[Kwarning: [m[Kunused variable â€˜[01m[KIMU_GYRO_Y[m[Kâ€™ [[01;35m[K-Wunused-variable[m[K]
[1.024s]    90 |         float [01;35m[KIMU_GYRO_Y[m[K  = -imu_msg_->angular_velocity.y/10;
[1.024s]       |               [01;35m[K^~~~~~~~~~[m[K
[1.024s] [01m[K/home/robo/ROS2/walk_test/src/control/src/motion/MotionManager.cpp:[m[K In member function â€˜[01m[Kbool Robot::MotionManager::Initialize(bool)[m[Kâ€™:
[1.024s] [01m[K/home/robo/ROS2/walk_test/src/control/src/motion/MotionManager.cpp:96:6:[m[K [01;35m[Kwarning: [m[Kunused variable â€˜[01m[Kvalue[m[Kâ€™ [[01;35m[K-Wunused-variable[m[K]
[1.024s]    96 |  int [01;35m[Kvalue[m[K, error;
[1.024s]       |      [01;35m[K^~~~~[m[K
[1.024s] [01m[K/home/robo/ROS2/walk_test/src/control/src/motion/MotionManager.cpp:96:13:[m[K [01;35m[Kwarning: [m[Kunused variable â€˜[01m[Kerror[m[Kâ€™ [[01;35m[K-Wunused-variable[m[K]
[1.024s]    96 |  int value, [01;35m[Kerror[m[K;
[1.024s]       |             [01;35m[K^~~~~[m[K
[1.024s] [01m[K/home/robo/ROS2/walk_test/src/control/src/motion/MotionManager.cpp:[m[K In member function â€˜[01m[Kbool Robot::MotionManager::Reinitialize()[m[Kâ€™:
[1.024s] [01m[K/home/robo/ROS2/walk_test/src/control/src/motion/MotionManager.cpp:155:6:[m[K [01;35m[Kwarning: [m[Kunused variable â€˜[01m[Kvalue[m[Kâ€™ [[01;35m[K-Wunused-variable[m[K]
[1.024s]   155 |  int [01;35m[Kvalue[m[K, error;
[1.024s]       |      [01;35m[K^~~~~[m[K
[1.024s] [01m[K/home/robo/ROS2/walk_test/src/control/src/motion/MotionManager.cpp:155:13:[m[K [01;35m[Kwarning: [m[Kunused variable â€˜[01m[Kerror[m[Kâ€™ [[01;35m[K-Wunused-variable[m[K]
[1.024s]   155 |  int value, [01;35m[Kerror[m[K;
[1.024s]       |             [01;35m[K^~~~~[m[K
[1.031s] [01m[K/home/robo/ROS2/walk_test/src/control/src/motion/MotionManager.cpp:[m[K In member function â€˜[01m[Kvoid Robot::MotionManager::Process()[m[Kâ€™:
[1.031s] [01m[K/home/robo/ROS2/walk_test/src/control/src/motion/MotionManager.cpp:298:6:[m[K [01;35m[Kwarning: [m[Kvariable â€˜[01m[Kparam[m[Kâ€™ set but not used [[01;35m[K-Wunused-but-set-variable[m[K]
[1.031s]   298 |  int [01;35m[Kparam[m[K[JointData::NUMBER_OF_JOINTS * MX28::PARAM_BYTES];
[1.031s]       |      [01;35m[K^~~~~[m[K
[1.031s] [01m[K/home/robo/ROS2/walk_test/src/control/src/motion/MotionManager.cpp:299:6:[m[K [01;35m[Kwarning: [m[Kunused variable â€˜[01m[Kjoint_num[m[Kâ€™ [[01;35m[K-Wunused-variable[m[K]
[1.031s]   299 |  int [01;35m[Kjoint_num[m[K = 0;
[1.031s]       |      [01;35m[K^~~~~~~~~[m[K
[4.349s] [ 28%] [32m[1mLinking CXX shared library libmotion.so[0m
[4.596s] [ 90%] Built target motion
[4.596s] make: *** [Makefile:141: all] Error 2
[4.598s] Invoked command in '/home/robo/ROS2/walk_test/build/control' returned '2': AMENT_PREFIX_PATH=/home/robo/ROS2/walk_test/install/dynamixel_sdk_custom_interfaces:${AMENT_PREFIX_PATH} CMAKE_PREFIX_PATH=/home/robo/ROS2/walk_test/install/dynamixel_sdk_custom_interfaces:/opt/ros/foxy LD_LIBRARY_PATH=/home/robo/ROS2/walk_test/install/dynamixel_sdk_custom_interfaces/lib:${LD_LIBRARY_PATH} PYTHONPATH=/home/robo/ROS2/walk_test/install/dynamixel_sdk_custom_interfaces/lib/python3.8/site-packages:${PYTHONPATH} /usr/bin/cmake --build /home/robo/ROS2/walk_test/build/control -- -j12 -l12
