[0.014s] Invoking command in '/home/robofei/Desktop/ROS2/walk_test/build/control': CMAKE_PREFIX_PATH=/home/robofei/Desktop/ROS2/walk_test/install/dynamixel_sdk_custom_interfaces:/home/robofei/Desktop/ROS2/walk_test/install/control:/opt/ros/foxy LD_LIBRARY_PATH=/home/robofei/Desktop/ROS2/walk_test/install/dynamixel_sdk_custom_interfaces/lib:/home/robofei/Desktop/ROS2/walk_test/install/control/lib:/opt/ros/foxy/opt/yaml_cpp_vendor/lib:/opt/ros/foxy/opt/rviz_ogre_vendor/lib:/opt/ros/foxy/lib/x86_64-linux-gnu:/opt/ros/foxy/lib /usr/bin/cmake --build /home/robofei/Desktop/ROS2/walk_test/build/control -- -j4 -l4
[0.084s] [35m[1mScanning dependencies of target control[0m
[0.085s] [35m[1mScanning dependencies of target motion[0m
[0.113s] [  8%] Built target decision
[0.119s] [ 17%] Built target gait_publisher
[0.161s] [ 21%] [32mBuilding CXX object CMakeFiles/control.dir/src/control.cpp.o[0m
[0.171s] [ 30%] [32mBuilding CXX object CMakeFiles/motion.dir/src/motion/MotionManager.cpp.o[0m
[0.171s] [ 30%] [32mBuilding CXX object CMakeFiles/motion.dir/src/motion/JointData.cpp.o[0m
[0.175s] [ 34%] [32mBuilding CXX object CMakeFiles/motion.dir/src/motion/modules/Walking.cpp.o[0m
[0.831s] [ 39%] [32mBuilding CXX object CMakeFiles/motion.dir/src/GaitMove.cpp.o[0m
[2.967s] In file included from [01m[K/home/robofei/Desktop/ROS2/walk_test/src/control/src/motion/MotionManager.cpp:25[m[K:
[2.967s] [01m[K/home/robofei/Desktop/ROS2/walk_test/src/control/include/MotionManager.h:[m[K In constructor â€˜[01m[KRobot::MotionManager::MotionManager(const rclcpp::NodeOptions&)[m[Kâ€™:
[2.967s] [01m[K/home/robofei/Desktop/ROS2/walk_test/src/control/include/MotionManager.h:86:8:[m[K [01;35m[Kwarning: [m[Kâ€˜[01m[KRobot::MotionManager::DEBUG_PRINT[m[Kâ€™ will be initialized after [[01;35m[K-Wreorder[m[K]
[2.967s]    86 |   bool [01;35m[KDEBUG_PRINT[m[K;
[2.968s]       |        [01;35m[K^~~~~~~~~~~[m[K
[2.968s] [01m[K/home/robofei/Desktop/ROS2/walk_test/src/control/src/motion/MotionManager.cpp:67:41:[m[K [01;35m[Kwarning: [m[K  base â€˜[01m[Krclcpp::Node[m[Kâ€™ [[01;35m[K-Wreorder[m[K]
[2.968s]    67 |   rclcpp::Node("gait_publisher", options[01;35m[K)[m[K
[2.968s]       |                                         [01;35m[K^[m[K
[2.968s] [01m[K/home/robofei/Desktop/ROS2/walk_test/src/control/src/motion/MotionManager.cpp:59:1:[m[K [01;35m[Kwarning: [m[K  when initialized here [[01;35m[K-Wreorder[m[K]
[2.969s]    59 | [01;35m[KMotionManager[m[K::MotionManager(const rclcpp::NodeOptions & options) :
[2.969s]       | [01;35m[K^~~~~~~~~~~~~[m[K
[3.026s] [01m[K/home/robofei/Desktop/ROS2/walk_test/src/control/src/motion/MotionManager.cpp:[m[K In member function â€˜[01m[Kvoid Robot::MotionManager::topic_callback(std::shared_ptr<sensor_msgs::msg::Imu_<std::allocator<void> > >) const[m[Kâ€™:
[3.027s] [01m[K/home/robofei/Desktop/ROS2/walk_test/src/control/src/motion/MotionManager.cpp:99:15:[m[K [01;35m[Kwarning: [m[Kunused variable â€˜[01m[KIMU_GYRO_X[m[Kâ€™ [[01;35m[K-Wunused-variable[m[K]
[3.027s]    99 |         float [01;35m[KIMU_GYRO_X[m[K = -imu_msg_->angular_velocity.x/10;
[3.027s]       |               [01;35m[K^~~~~~~~~~[m[K
[3.028s] [01m[K/home/robofei/Desktop/ROS2/walk_test/src/control/src/motion/MotionManager.cpp:100:15:[m[K [01;35m[Kwarning: [m[Kunused variable â€˜[01m[KIMU_GYRO_Y[m[Kâ€™ [[01;35m[K-Wunused-variable[m[K]
[3.028s]   100 |         float [01;35m[KIMU_GYRO_Y[m[K  = -imu_msg_->angular_velocity.y/10;
[3.029s]       |               [01;35m[K^~~~~~~~~~[m[K
[3.032s] [01m[K/home/robofei/Desktop/ROS2/walk_test/src/control/src/motion/MotionManager.cpp:[m[K In member function â€˜[01m[Kbool Robot::MotionManager::Initialize(bool)[m[Kâ€™:
[3.032s] [01m[K/home/robofei/Desktop/ROS2/walk_test/src/control/src/motion/MotionManager.cpp:141:6:[m[K [01;35m[Kwarning: [m[Kunused variable â€˜[01m[Kvalue[m[Kâ€™ [[01;35m[K-Wunused-variable[m[K]
[3.033s]   141 |  int [01;35m[Kvalue[m[K, error;
[3.033s]       |      [01;35m[K^~~~~[m[K
[3.033s] [01m[K/home/robofei/Desktop/ROS2/walk_test/src/control/src/motion/MotionManager.cpp:141:13:[m[K [01;35m[Kwarning: [m[Kunused variable â€˜[01m[Kerror[m[Kâ€™ [[01;35m[K-Wunused-variable[m[K]
[3.034s]   141 |  int value, [01;35m[Kerror[m[K;
[3.034s]       |             [01;35m[K^~~~~[m[K
[3.035s] [01m[K/home/robofei/Desktop/ROS2/walk_test/src/control/src/motion/MotionManager.cpp:[m[K In member function â€˜[01m[Kbool Robot::MotionManager::Reinitialize()[m[Kâ€™:
[3.035s] [01m[K/home/robofei/Desktop/ROS2/walk_test/src/control/src/motion/MotionManager.cpp:227:6:[m[K [01;35m[Kwarning: [m[Kunused variable â€˜[01m[Kvalue[m[Kâ€™ [[01;35m[K-Wunused-variable[m[K]
[3.035s]   227 |  int [01;35m[Kvalue[m[K, error;
[3.036s]       |      [01;35m[K^~~~~[m[K
[3.036s] [01m[K/home/robofei/Desktop/ROS2/walk_test/src/control/src/motion/MotionManager.cpp:227:13:[m[K [01;35m[Kwarning: [m[Kunused variable â€˜[01m[Kerror[m[Kâ€™ [[01;35m[K-Wunused-variable[m[K]
[3.036s]   227 |  int value, [01;35m[Kerror[m[K;
[3.037s]       |             [01;35m[K^~~~~[m[K
[3.057s] [01m[K/home/robofei/Desktop/ROS2/walk_test/src/control/src/motion/MotionManager.cpp:[m[K In member function â€˜[01m[Kvoid Robot::MotionManager::Process()[m[Kâ€™:
[3.058s] [01m[K/home/robofei/Desktop/ROS2/walk_test/src/control/src/motion/MotionManager.cpp:385:5:[m[K [01;35m[Kwarning: [m[Kthis â€˜[01m[Kif[m[Kâ€™ clause does not guard... [[01;35m[K-Wmisleading-indentation[m[K]
[3.058s]   385 |     [01;35m[Kif[m[K(MotionManager::GetInstance()->m_ProcessEnable == false || MotionManager::GetInstance()->m_IsRunning == true)
[3.059s]       |     [01;35m[K^~[m[K
[3.059s] [01m[K/home/robofei/Desktop/ROS2/walk_test/src/control/src/motion/MotionManager.cpp:388:2:[m[K [01;36m[Knote: [m[K...this statement, but the latter is misleadingly indented as if it were guarded by the â€˜[01m[Kif[m[Kâ€™
[3.060s]   388 |  [01;36m[KMotionManager[m[K::GetInstance()->m_IsRunning = true;
[3.060s]       |  [01;36m[K^~~~~~~~~~~~~[m[K
[3.060s] [01m[K/home/robofei/Desktop/ROS2/walk_test/src/control/src/motion/MotionManager.cpp:406:12:[m[K [01;31m[Kerror: [m[Kinvalid use of non-static data member â€˜[01m[KRobot::Walking::X_MOVE_AMPLITUDE[m[Kâ€™
[3.061s]   406 |   Walking::[01;31m[KX_MOVE_AMPLITUDE[m[K = -2;
[3.061s]       |            [01;31m[K^~~~~~~~~~~~~~~~[m[K
[3.062s] In file included from [01m[K/home/robofei/Desktop/ROS2/walk_test/src/control/include/MotionManager.h:22[m[K,
[3.062s]                  from [01m[K/home/robofei/Desktop/ROS2/walk_test/src/control/src/motion/MotionManager.cpp:25[m[K:
[3.062s] [01m[K/home/robofei/Desktop/ROS2/walk_test/src/control/include/Walking.h:124:10:[m[K [01;36m[Knote: [m[Kdeclared here
[3.063s]   124 |   double [01;36m[KX_MOVE_AMPLITUDE[m[K;
[3.063s]       |          [01;36m[K^~~~~~~~~~~~~~~~[m[K
[3.075s] [01m[K/home/robofei/Desktop/ROS2/walk_test/src/control/src/motion/MotionManager.cpp:435:7:[m[K [01;35m[Kwarning: [m[Kunused variable â€˜[01m[Kjoint_num[m[Kâ€™ [[01;35m[K-Wunused-variable[m[K]
[3.075s]   435 |   int [01;35m[Kjoint_num[m[K = 0;
[3.076s]       |       [01;35m[K^~~~~~~~~[m[K
[3.804s] [ 43%] [32mBuilding CXX object CMakeFiles/motion.dir/src/ReadConfig.cpp.o[0m
[3.825s] [01m[K/home/robofei/Desktop/ROS2/walk_test/src/control/src/GaitMove.cpp:[m[K In member function â€˜[01m[Kvoid GaitMove::walk_foward_slow(bool&, bool, bool)[m[Kâ€™:
[3.826s] [01m[K/home/robofei/Desktop/ROS2/walk_test/src/control/src/GaitMove.cpp:101:55:[m[K [01;35m[Kwarning: [m[Kunused parameter â€˜[01m[Kmax_speed[m[Kâ€™ [[01;35m[K-Wunused-parameter[m[K]
[3.826s]   101 | void GaitMove::walk_foward_slow(bool &stop_gait, [01;35m[Kbool max_speed[m[K, bool same_moviment)
[3.827s]       |                                                  [01;35m[K~~~~~^~~~~~~~~[m[K
[3.828s] [01m[K/home/robofei/Desktop/ROS2/walk_test/src/control/src/GaitMove.cpp:[m[K In member function â€˜[01m[Kvoid GaitMove::turn_right(bool&, bool, bool)[m[Kâ€™:
[3.828s] [01m[K/home/robofei/Desktop/ROS2/walk_test/src/control/src/GaitMove.cpp:157:49:[m[K [01;35m[Kwarning: [m[Kunused parameter â€˜[01m[Kmax_angle[m[Kâ€™ [[01;35m[K-Wunused-parameter[m[K]
[3.829s]   157 | void GaitMove::turn_right(bool &stop_gait, [01;35m[Kbool max_angle[m[K, bool same_moviment)
[3.829s]       |                                            [01;35m[K~~~~~^~~~~~~~~[m[K
[3.829s] [01m[K/home/robofei/Desktop/ROS2/walk_test/src/control/src/GaitMove.cpp:[m[K In member function â€˜[01m[Kvoid GaitMove::turn_left(bool&, bool, bool)[m[Kâ€™:
[3.830s] [01m[K/home/robofei/Desktop/ROS2/walk_test/src/control/src/GaitMove.cpp:169:48:[m[K [01;35m[Kwarning: [m[Kunused parameter â€˜[01m[Kmax_angle[m[Kâ€™ [[01;35m[K-Wunused-parameter[m[K]
[3.830s]   169 | void GaitMove::turn_left(bool &stop_gait, [01;35m[Kbool max_angle[m[K, bool same_moviment)
[3.830s]       |                                           [01;35m[K~~~~~^~~~~~~~~[m[K
[3.832s] [01m[K/home/robofei/Desktop/ROS2/walk_test/src/control/src/GaitMove.cpp:[m[K In member function â€˜[01m[Kvoid GaitMove::walk_backward_slow(bool&, bool, bool)[m[Kâ€™:
[3.832s] [01m[K/home/robofei/Desktop/ROS2/walk_test/src/control/src/GaitMove.cpp:225:57:[m[K [01;35m[Kwarning: [m[Kunused parameter â€˜[01m[Kmax_speed[m[Kâ€™ [[01;35m[K-Wunused-parameter[m[K]
[3.832s]   225 | void GaitMove::walk_backward_slow(bool &stop_gait, [01;35m[Kbool max_speed[m[K, bool same_moviment)
[3.833s]       |                                                    [01;35m[K~~~~~^~~~~~~~~[m[K
[7.244s] make[2]: *** [CMakeFiles/motion.dir/build.make:63: CMakeFiles/motion.dir/src/motion/MotionManager.cpp.o] Error 1
[7.244s] make[1]: *** [CMakeFiles/Makefile2:165: CMakeFiles/motion.dir/all] Error 2
[7.244s] make[1]: *** Waiting for unfinished jobs....
[11.187s] [ 47%] [32m[1mLinking CXX executable control[0m
[11.662s] [ 47%] Built target control
[11.663s] make: *** [Makefile:141: all] Error 2
[11.666s] Invoked command in '/home/robofei/Desktop/ROS2/walk_test/build/control' returned '2': CMAKE_PREFIX_PATH=/home/robofei/Desktop/ROS2/walk_test/install/dynamixel_sdk_custom_interfaces:/home/robofei/Desktop/ROS2/walk_test/install/control:/opt/ros/foxy LD_LIBRARY_PATH=/home/robofei/Desktop/ROS2/walk_test/install/dynamixel_sdk_custom_interfaces/lib:/home/robofei/Desktop/ROS2/walk_test/install/control/lib:/opt/ros/foxy/opt/yaml_cpp_vendor/lib:/opt/ros/foxy/opt/rviz_ogre_vendor/lib:/opt/ros/foxy/lib/x86_64-linux-gnu:/opt/ros/foxy/lib /usr/bin/cmake --build /home/robofei/Desktop/ROS2/walk_test/build/control -- -j4 -l4
