-- Found ament_cmake: 0.9.9 (/opt/ros/foxy/share/ament_cmake/cmake)
-- Using PYTHON_EXECUTABLE: /usr/bin/python3
-- Override CMake install command with custom implementation using symlinks instead of copying resources
-- Found rclcpp: 2.4.1 (/opt/ros/foxy/share/rclcpp/cmake)
-- Using all available rosidl_typesupport_c: rosidl_typesupport_fastrtps_c;rosidl_typesupport_introspection_c
-- Found rosidl_adapter: 1.2.1 (/opt/ros/foxy/share/rosidl_adapter/cmake)
-- Using all available rosidl_typesupport_cpp: rosidl_typesupport_fastrtps_cpp;rosidl_typesupport_introspection_cpp
-- Found rmw_implementation_cmake: 1.0.3 (/opt/ros/foxy/share/rmw_implementation_cmake/cmake)
-- Using RMW implementation 'rmw_fastrtps_cpp' as default
-- Found rclcpp_components: 2.4.1 (/opt/ros/foxy/share/rclcpp_components/cmake)
-- Found rosidl_default_generators: 1.0.1 (/opt/ros/foxy/share/rosidl_default_generators/cmake)
-- Found serial: 1.2.1 (/home/robofei/ROS2/install/serial/share/serial/cmake)
-- Found sensor_msgs: 2.0.5 (/opt/ros/foxy/share/sensor_msgs/cmake)
-- Found custom_interfaces: 3.7.40 (/home/robofei/ROS2/install/custom_interfaces/share/custom_interfaces/cmake)
-- Configuring done
-- Generating done
-- Build files have been written to: /home/robofei/ROS2/build/um7
[35m[1mScanning dependencies of target um7_node[0m
[35m[1mScanning dependencies of target um7_driver[0m
[ 16%] [32mBuilding CXX object CMakeFiles/um7_node.dir/rclcpp_components/node_main_um7_node.cpp.o[0m
[ 33%] [32mBuilding CXX object CMakeFiles/um7_driver.dir/um7/comms.cpp.o[0m
[ 50%] [32mBuilding CXX object CMakeFiles/um7_driver.dir/um7/main.cpp.o[0m
[ 66%] [32mBuilding CXX object CMakeFiles/um7_driver.dir/um7/registers.cpp.o[0m
In file included from [01m[K/home/robofei/ROS2/src/um7/src/um7/main.cpp:39[m[K:
[01m[K/home/robofei/ROS2/src/um7/src/include/um7/um7.h:50:10:[m[K [01;31m[Kfatal error: [m[Kum7/srv/reset.hpp: No such file or directory
   50 | #include [01;31m[K"um7/srv/reset.hpp"[m[K
      |          [01;31m[K^~~~~~~~~~~~~~~~~~~[m[K
compilation terminated.
make[2]: *** [CMakeFiles/um7_driver.dir/build.make:63: CMakeFiles/um7_driver.dir/um7/main.cpp.o] Error 1
make[2]: *** Waiting for unfinished jobs....
make[1]: *** [CMakeFiles/Makefile2:107: CMakeFiles/um7_driver.dir/all] Error 2
make[1]: *** Waiting for unfinished jobs....
[ 83%] [32m[1mLinking CXX executable um7_node[0m
[ 83%] Built target um7_node
make: *** [Makefile:141: all] Error 2
