[0.490s] Invoking command in '/home/robofei/ROS2/build/um7': CMAKE_PREFIX_PATH=/home/robofei/ROS2/install/serial:/home/robofei/ROS2/install/custom_interfaces:/home/robofei/ROS2/install/um7:/home/robofei/ROS2/install/start:/home/robofei/ROS2/install/control:/home/robofei/ROS2/install/dynamixel_sdk_examples:/home/robofei/ROS2/install/dynamixel_sdk:/home/robofei/ROS2/install/vision_pkg:/home/robofei/ROS2/install/localization_pkg:/home/robofei/ROS2/install/decision_pkg:/home/robofei/ROS2/install/controller:/opt/ros/foxy LD_LIBRARY_PATH=/home/robofei/ROS2/install/custom_interfaces/lib:/home/robofei/ROS2/install/um7/lib:/home/robofei/ROS2/install/control/lib:/home/robofei/ROS2/install/serial/lib:/home/robofei/ROS2/install/dynamixel_sdk/lib:/opt/ros/foxy/opt/yaml_cpp_vendor/lib:/opt/ros/foxy/lib/x86_64-linux-gnu:/opt/ros/foxy/lib PYTHONPATH=/home/robofei/ROS2/install/custom_interfaces/lib/python3.8/site-packages:/home/robofei/ROS2/build/vision_pkg:/home/robofei/ROS2/install/vision_pkg/lib/python3.8/site-packages:/home/robofei/ROS2/install/um7/lib/python3.8/site-packages:/home/robofei/ROS2/build/localization_pkg:/home/robofei/ROS2/install/localization_pkg/lib/python3.8/site-packages:/home/robofei/ROS2/build/decision_pkg:/home/robofei/ROS2/install/decision_pkg/lib/python3.8/site-packages:/home/robofei/ROS2/build/controller:/home/robofei/ROS2/install/controller/lib/python3.8/site-packages:/opt/ros/foxy/lib/python3.8/site-packages:/home/robofei/models/research/slim:/home/robofei/models/research/object_detection/utils:/home/robofei/models/research /usr/bin/cmake /home/robofei/ROS2/src/um7/src -DAMENT_CMAKE_SYMLINK_INSTALL=1 -DCMAKE_INSTALL_PREFIX=/home/robofei/ROS2/install/um7
[0.608s] -- Found ament_cmake: 0.9.9 (/opt/ros/foxy/share/ament_cmake/cmake)
[0.639s] -- Using PYTHON_EXECUTABLE: /usr/bin/python3
[1.163s] -- Override CMake install command with custom implementation using symlinks instead of copying resources
[1.177s] -- Found rclcpp: 2.4.1 (/opt/ros/foxy/share/rclcpp/cmake)
[1.252s] -- Using all available rosidl_typesupport_c: rosidl_typesupport_fastrtps_c;rosidl_typesupport_introspection_c
[1.258s] -- Found rosidl_adapter: 1.2.1 (/opt/ros/foxy/share/rosidl_adapter/cmake)
[1.576s] -- Using all available rosidl_typesupport_cpp: rosidl_typesupport_fastrtps_cpp;rosidl_typesupport_introspection_cpp
[1.671s] -- Found rmw_implementation_cmake: 1.0.3 (/opt/ros/foxy/share/rmw_implementation_cmake/cmake)
[1.675s] -- Using RMW implementation 'rmw_fastrtps_cpp' as default
[1.960s] -- Found rclcpp_components: 2.4.1 (/opt/ros/foxy/share/rclcpp_components/cmake)
[2.076s] -- Found rosidl_default_generators: 1.0.1 (/opt/ros/foxy/share/rosidl_default_generators/cmake)
[2.089s] -- Found serial: 1.2.1 (/home/robofei/ROS2/install/serial/share/serial/cmake)
[2.092s] -- Found sensor_msgs: 2.0.5 (/opt/ros/foxy/share/sensor_msgs/cmake)
[2.367s] -- Found custom_interfaces: 3.7.40 (/home/robofei/ROS2/install/custom_interfaces/share/custom_interfaces/cmake)
[2.529s] -- Configuring done
[2.551s] -- Generating done
[2.563s] -- Build files have been written to: /home/robofei/ROS2/build/um7
[2.579s] Invoked command in '/home/robofei/ROS2/build/um7' returned '0': CMAKE_PREFIX_PATH=/home/robofei/ROS2/install/serial:/home/robofei/ROS2/install/custom_interfaces:/home/robofei/ROS2/install/um7:/home/robofei/ROS2/install/start:/home/robofei/ROS2/install/control:/home/robofei/ROS2/install/dynamixel_sdk_examples:/home/robofei/ROS2/install/dynamixel_sdk:/home/robofei/ROS2/install/vision_pkg:/home/robofei/ROS2/install/localization_pkg:/home/robofei/ROS2/install/decision_pkg:/home/robofei/ROS2/install/controller:/opt/ros/foxy LD_LIBRARY_PATH=/home/robofei/ROS2/install/custom_interfaces/lib:/home/robofei/ROS2/install/um7/lib:/home/robofei/ROS2/install/control/lib:/home/robofei/ROS2/install/serial/lib:/home/robofei/ROS2/install/dynamixel_sdk/lib:/opt/ros/foxy/opt/yaml_cpp_vendor/lib:/opt/ros/foxy/lib/x86_64-linux-gnu:/opt/ros/foxy/lib PYTHONPATH=/home/robofei/ROS2/install/custom_interfaces/lib/python3.8/site-packages:/home/robofei/ROS2/build/vision_pkg:/home/robofei/ROS2/install/vision_pkg/lib/python3.8/site-packages:/home/robofei/ROS2/install/um7/lib/python3.8/site-packages:/home/robofei/ROS2/build/localization_pkg:/home/robofei/ROS2/install/localization_pkg/lib/python3.8/site-packages:/home/robofei/ROS2/build/decision_pkg:/home/robofei/ROS2/install/decision_pkg/lib/python3.8/site-packages:/home/robofei/ROS2/build/controller:/home/robofei/ROS2/install/controller/lib/python3.8/site-packages:/opt/ros/foxy/lib/python3.8/site-packages:/home/robofei/models/research/slim:/home/robofei/models/research/object_detection/utils:/home/robofei/models/research /usr/bin/cmake /home/robofei/ROS2/src/um7/src -DAMENT_CMAKE_SYMLINK_INSTALL=1 -DCMAKE_INSTALL_PREFIX=/home/robofei/ROS2/install/um7
[2.581s] Invoking command in '/home/robofei/ROS2/build/um7': CMAKE_PREFIX_PATH=/home/robofei/ROS2/install/serial:/home/robofei/ROS2/install/custom_interfaces:/home/robofei/ROS2/install/um7:/home/robofei/ROS2/install/start:/home/robofei/ROS2/install/control:/home/robofei/ROS2/install/dynamixel_sdk_examples:/home/robofei/ROS2/install/dynamixel_sdk:/home/robofei/ROS2/install/vision_pkg:/home/robofei/ROS2/install/localization_pkg:/home/robofei/ROS2/install/decision_pkg:/home/robofei/ROS2/install/controller:/opt/ros/foxy LD_LIBRARY_PATH=/home/robofei/ROS2/install/custom_interfaces/lib:/home/robofei/ROS2/install/um7/lib:/home/robofei/ROS2/install/control/lib:/home/robofei/ROS2/install/serial/lib:/home/robofei/ROS2/install/dynamixel_sdk/lib:/opt/ros/foxy/opt/yaml_cpp_vendor/lib:/opt/ros/foxy/lib/x86_64-linux-gnu:/opt/ros/foxy/lib PYTHONPATH=/home/robofei/ROS2/install/custom_interfaces/lib/python3.8/site-packages:/home/robofei/ROS2/build/vision_pkg:/home/robofei/ROS2/install/vision_pkg/lib/python3.8/site-packages:/home/robofei/ROS2/install/um7/lib/python3.8/site-packages:/home/robofei/ROS2/build/localization_pkg:/home/robofei/ROS2/install/localization_pkg/lib/python3.8/site-packages:/home/robofei/ROS2/build/decision_pkg:/home/robofei/ROS2/install/decision_pkg/lib/python3.8/site-packages:/home/robofei/ROS2/build/controller:/home/robofei/ROS2/install/controller/lib/python3.8/site-packages:/opt/ros/foxy/lib/python3.8/site-packages:/home/robofei/models/research/slim:/home/robofei/models/research/object_detection/utils:/home/robofei/models/research /usr/bin/cmake --build /home/robofei/ROS2/build/um7 -- -j8 -l8
[2.649s] [35m[1mScanning dependencies of target um7_node[0m
[2.663s] [35m[1mScanning dependencies of target um7_driver[0m
[2.706s] [ 16%] [32mBuilding CXX object CMakeFiles/um7_node.dir/rclcpp_components/node_main_um7_node.cpp.o[0m
[2.800s] [ 33%] [32mBuilding CXX object CMakeFiles/um7_driver.dir/um7/comms.cpp.o[0m
[2.816s] [ 50%] [32mBuilding CXX object CMakeFiles/um7_driver.dir/um7/main.cpp.o[0m
[2.820s] [ 66%] [32mBuilding CXX object CMakeFiles/um7_driver.dir/um7/registers.cpp.o[0m
[3.108s] In file included from [01m[K/home/robofei/ROS2/src/um7/src/um7/main.cpp:39[m[K:
[3.108s] [01m[K/home/robofei/ROS2/src/um7/src/include/um7/um7.h:50:10:[m[K [01;31m[Kfatal error: [m[Kum7/srv/reset.hpp: No such file or directory
[3.108s]    50 | #include [01;31m[K"um7/srv/reset.hpp"[m[K
[3.109s]       |          [01;31m[K^~~~~~~~~~~~~~~~~~~[m[K
[3.109s] compilation terminated.
[3.110s] make[2]: *** [CMakeFiles/um7_driver.dir/build.make:63: CMakeFiles/um7_driver.dir/um7/main.cpp.o] Error 1
[3.111s] make[2]: *** Waiting for unfinished jobs....
[4.431s] make[1]: *** [CMakeFiles/Makefile2:107: CMakeFiles/um7_driver.dir/all] Error 2
[4.431s] make[1]: *** Waiting for unfinished jobs....
[5.668s] [ 83%] [32m[1mLinking CXX executable um7_node[0m
[5.847s] [ 83%] Built target um7_node
[5.848s] make: *** [Makefile:141: all] Error 2
[5.850s] Invoked command in '/home/robofei/ROS2/build/um7' returned '2': CMAKE_PREFIX_PATH=/home/robofei/ROS2/install/serial:/home/robofei/ROS2/install/custom_interfaces:/home/robofei/ROS2/install/um7:/home/robofei/ROS2/install/start:/home/robofei/ROS2/install/control:/home/robofei/ROS2/install/dynamixel_sdk_examples:/home/robofei/ROS2/install/dynamixel_sdk:/home/robofei/ROS2/install/vision_pkg:/home/robofei/ROS2/install/localization_pkg:/home/robofei/ROS2/install/decision_pkg:/home/robofei/ROS2/install/controller:/opt/ros/foxy LD_LIBRARY_PATH=/home/robofei/ROS2/install/custom_interfaces/lib:/home/robofei/ROS2/install/um7/lib:/home/robofei/ROS2/install/control/lib:/home/robofei/ROS2/install/serial/lib:/home/robofei/ROS2/install/dynamixel_sdk/lib:/opt/ros/foxy/opt/yaml_cpp_vendor/lib:/opt/ros/foxy/lib/x86_64-linux-gnu:/opt/ros/foxy/lib PYTHONPATH=/home/robofei/ROS2/install/custom_interfaces/lib/python3.8/site-packages:/home/robofei/ROS2/build/vision_pkg:/home/robofei/ROS2/install/vision_pkg/lib/python3.8/site-packages:/home/robofei/ROS2/install/um7/lib/python3.8/site-packages:/home/robofei/ROS2/build/localization_pkg:/home/robofei/ROS2/install/localization_pkg/lib/python3.8/site-packages:/home/robofei/ROS2/build/decision_pkg:/home/robofei/ROS2/install/decision_pkg/lib/python3.8/site-packages:/home/robofei/ROS2/build/controller:/home/robofei/ROS2/install/controller/lib/python3.8/site-packages:/opt/ros/foxy/lib/python3.8/site-packages:/home/robofei/models/research/slim:/home/robofei/models/research/object_detection/utils:/home/robofei/models/research /usr/bin/cmake --build /home/robofei/ROS2/build/um7 -- -j8 -l8
