make[2]: *** No rule to make target '/home/robofei/ROS2/action/src/control/src/MotionManager.cpp', needed by 'CMakeFiles/motion.dir/src/MotionManager.cpp.o'.  Stop.
make[1]: *** [CMakeFiles/Makefile2:80: CMakeFiles/motion.dir/all] Error 2
make[1]: *** Waiting for unfinished jobs....
[01m[K/home/robofei/ROS2/action/src/control/src/control.cpp:[m[K In constructor â€˜[01m[KControl::Control()[m[Kâ€™:
[01m[K/home/robofei/ROS2/action/src/control/src/control.cpp:28:23:[m[K [01;31m[Kerror: [m[Kâ€˜[01m[Kini[m[Kâ€™ was not declared in this scope; did you mean â€˜[01m[Kint[m[Kâ€™?
   28 |     GaitMove gaitMove([01;31m[Kini[m[K);
      |                       [01;31m[K^~~[m[K
      |                       [32m[Kint[m[K
make[2]: *** [CMakeFiles/control.dir/build.make:63: CMakeFiles/control.dir/src/control.cpp.o] Error 1
make[1]: *** [CMakeFiles/Makefile2:107: CMakeFiles/control.dir/all] Error 2
make: *** [Makefile:141: all] Error 2
