[0.008s] Invoking command in '/home/robo/ROS2/walk_test/build/control': CMAKE_PREFIX_PATH=/home/robo/ROS2/walk_test/install/dynamixel_sdk_custom_interfaces:/home/robo/ROS2/walk_test/install/control:/opt/ros/foxy LD_LIBRARY_PATH=/home/robo/ROS2/walk_test/install/dynamixel_sdk_custom_interfaces/lib:/home/robo/ROS2/walk_test/install/control/lib:/opt/ros/foxy/opt/yaml_cpp_vendor/lib:/opt/ros/foxy/opt/rviz_ogre_vendor/lib:/opt/ros/foxy/lib/x86_64-linux-gnu:/opt/ros/foxy/lib /usr/bin/cmake /home/robo/ROS2/walk_test/src/control -DAMENT_CMAKE_SYMLINK_INSTALL=1 -DCMAKE_INSTALL_PREFIX=/home/robo/ROS2/walk_test/install/control
[0.046s] -- The C compiler identification is GNU 9.4.0
[0.086s] -- The CXX compiler identification is GNU 9.4.0
[0.089s] -- Check for working C compiler: /usr/bin/cc
[0.146s] -- Check for working C compiler: /usr/bin/cc -- works
[0.147s] -- Detecting C compiler ABI info
[0.222s] -- Detecting C compiler ABI info - done
[0.236s] -- Detecting C compile features
[0.236s] -- Detecting C compile features - done
[0.239s] -- Check for working CXX compiler: /usr/bin/c++
[0.311s] -- Check for working CXX compiler: /usr/bin/c++ -- works
[0.312s] -- Detecting CXX compiler ABI info
[0.395s] -- Detecting CXX compiler ABI info - done
[0.407s] -- Detecting CXX compile features
[0.407s] -- Detecting CXX compile features - done
[0.409s] -- Found ament_cmake: 0.9.9 (/opt/ros/foxy/share/ament_cmake/cmake)
[0.427s] -- Found PythonInterp: /usr/bin/python3 (found suitable version "3.8.10", minimum required is "3") 
[0.427s] -- Using PYTHON_EXECUTABLE: /usr/bin/python3
[0.554s] -- Override CMake install command with custom implementation using symlinks instead of copying resources
[0.570s] -- Found dynamixel_sdk_custom_interfaces: 3.7.40 (/home/robo/ROS2/walk_test/install/dynamixel_sdk_custom_interfaces/share/dynamixel_sdk_custom_interfaces/cmake)
[0.594s] -- Using all available rosidl_typesupport_c: rosidl_typesupport_fastrtps_c;rosidl_typesupport_introspection_c
[0.600s] -- Found rosidl_adapter: 1.2.1 (/opt/ros/foxy/share/rosidl_adapter/cmake)
[0.656s] -- Found OpenSSL: /usr/lib/x86_64-linux-gnu/libcrypto.so (found version "1.1.1f")  
[0.678s] -- Found FastRTPS: /opt/ros/foxy/include  
[0.736s] -- Using all available rosidl_typesupport_cpp: rosidl_typesupport_fastrtps_cpp;rosidl_typesupport_introspection_cpp
[0.772s] -- Found rclcpp: 2.4.1 (/opt/ros/foxy/share/rclcpp/cmake)
[0.805s] -- Found rmw_implementation_cmake: 1.0.3 (/opt/ros/foxy/share/rmw_implementation_cmake/cmake)
[0.806s] -- Using RMW implementation 'rmw_fastrtps_cpp' as default
[0.807s] -- Looking for pthread.h
[0.858s] -- Looking for pthread.h - found
[0.858s] -- Performing Test CMAKE_HAVE_LIBC_PTHREAD
[0.915s] -- Performing Test CMAKE_HAVE_LIBC_PTHREAD - Failed
[0.916s] -- Looking for pthread_create in pthreads
[0.965s] -- Looking for pthread_create in pthreads - not found
[0.965s] -- Looking for pthread_create in pthread
[1.028s] -- Looking for pthread_create in pthread - found
[1.028s] -- Found Threads: TRUE  
[1.150s] -- Found sensor_msgs: 2.0.5 (/opt/ros/foxy/share/sensor_msgs/cmake)
[1.242s] -- Found rclcpp_components: 2.4.1 (/opt/ros/foxy/share/rclcpp_components/cmake)
[1.289s] -- Found rosidl_default_generators: 1.0.1 (/opt/ros/foxy/share/rosidl_default_generators/cmake)
[1.299s] -- Looking for wsyncup in /usr/lib/x86_64-linux-gnu/libcurses.so
[1.353s] -- Looking for wsyncup in /usr/lib/x86_64-linux-gnu/libcurses.so - found
[1.353s] -- Looking for cbreak in /usr/lib/x86_64-linux-gnu/libncurses.so
[1.417s] -- Looking for cbreak in /usr/lib/x86_64-linux-gnu/libncurses.so - found
[1.472s] -- Found Curses: /usr/lib/x86_64-linux-gnu/libncurses.so  
[1.481s] -- Found ament_lint_auto: 0.9.6 (/opt/ros/foxy/share/ament_lint_auto/cmake)
[1.543s] -- Added test 'copyright' to check source files copyright and LICENSE
[1.548s] -- Added test 'cppcheck' to perform static code analysis on C / C++ code
[1.548s] -- Configured cppcheck include dirs: /home/robo/ROS2/walk_test/src/control/include;/home/robo/ROS2/walk_test/src/control/src/minIni
[1.548s] -- Configured cppcheck exclude dirs and/or files: 
[1.553s] -- Added test 'cpplint' to check C / C++ code against the Google style
[1.553s] -- Configured cpplint exclude dirs and/or files: 
[1.554s] -- Added test 'flake8' to check Python code syntax and style conventions
[1.555s] -- Added test 'lint_cmake' to check CMake code style
[1.556s] -- Added test 'pep257' to check Python code against some of the style conventions in PEP 257
[1.561s] -- Added test 'uncrustify' to check C / C++ code style
[1.561s] -- Configured uncrustify additional arguments: 
[1.562s] -- Added test 'xmllint' to check XML markup files
[1.565s] -- Configuring done
[1.585s] -- Generating done
[1.587s] -- Build files have been written to: /home/robo/ROS2/walk_test/build/control
[1.593s] Invoked command in '/home/robo/ROS2/walk_test/build/control' returned '0': CMAKE_PREFIX_PATH=/home/robo/ROS2/walk_test/install/dynamixel_sdk_custom_interfaces:/home/robo/ROS2/walk_test/install/control:/opt/ros/foxy LD_LIBRARY_PATH=/home/robo/ROS2/walk_test/install/dynamixel_sdk_custom_interfaces/lib:/home/robo/ROS2/walk_test/install/control/lib:/opt/ros/foxy/opt/yaml_cpp_vendor/lib:/opt/ros/foxy/opt/rviz_ogre_vendor/lib:/opt/ros/foxy/lib/x86_64-linux-gnu:/opt/ros/foxy/lib /usr/bin/cmake /home/robo/ROS2/walk_test/src/control -DAMENT_CMAKE_SYMLINK_INSTALL=1 -DCMAKE_INSTALL_PREFIX=/home/robo/ROS2/walk_test/install/control
[1.595s] Invoking command in '/home/robo/ROS2/walk_test/build/control': CMAKE_PREFIX_PATH=/home/robo/ROS2/walk_test/install/dynamixel_sdk_custom_interfaces:/home/robo/ROS2/walk_test/install/control:/opt/ros/foxy LD_LIBRARY_PATH=/home/robo/ROS2/walk_test/install/dynamixel_sdk_custom_interfaces/lib:/home/robo/ROS2/walk_test/install/control/lib:/opt/ros/foxy/opt/yaml_cpp_vendor/lib:/opt/ros/foxy/opt/rviz_ogre_vendor/lib:/opt/ros/foxy/lib/x86_64-linux-gnu:/opt/ros/foxy/lib /usr/bin/cmake --build /home/robo/ROS2/walk_test/build/control -- -j12 -l12
[1.624s] [35m[1mScanning dependencies of target control[0m
[1.624s] [35m[1mScanning dependencies of target gait_publisher[0m
[1.624s] [35m[1mScanning dependencies of target action[0m
[1.624s] [35m[1mScanning dependencies of target decision[0m
[1.624s] [35m[1mScanning dependencies of target motion[0m
[1.652s] [  7%] [32mBuilding CXX object CMakeFiles/gait_publisher.dir/rclcpp_components/node_main_gait_publisher.cpp.o[0m
[1.652s] [  7%] [32mBuilding CXX object CMakeFiles/decision.dir/src/dec.cpp.o[0m
[1.656s] [ 11%] [32mBuilding CXX object CMakeFiles/control.dir/src/control.cpp.o[0m
[1.660s] [ 18%] [32mBuilding CXX object CMakeFiles/action.dir/src/action_editor/main.cpp.o[0m
[1.660s] [ 18%] [32mBuilding CXX object CMakeFiles/action.dir/src/minIni/minIni.cpp.o[0m
[1.664s] [ 22%] [32mBuilding CXX object CMakeFiles/action.dir/src/action_editor/cmd_process.cpp.o[0m
[1.673s] [ 33%] [32mBuilding CXX object CMakeFiles/motion.dir/src/motion/modules/Walking.cpp.o[0m
[1.673s] [ 33%] [32mBuilding CXX object CMakeFiles/motion.dir/src/motion/AngleEstimator.cpp.o[0m
[1.674s] [ 33%] [32mBuilding CXX object CMakeFiles/motion.dir/src/motion/MotionManager.cpp.o[0m
[1.674s] [ 40%] [32mBuilding CXX object CMakeFiles/motion.dir/src/math/Matrix.cpp.o[0m
[1.675s] [ 40%] [32mBuilding CXX object CMakeFiles/motion.dir/src/math/Plane.cpp.o[0m
[1.682s] [ 44%] [32mBuilding CXX object CMakeFiles/motion.dir/src/math/Point.cpp.o[0m
[1.735s] [ 48%] [32mBuilding CXX object CMakeFiles/motion.dir/src/math/Vector.cpp.o[0m
[1.797s] [ 51%] [32mBuilding CXX object CMakeFiles/motion.dir/src/math/QuadraticStateTransform.cpp.o[0m
[1.816s] [ 55%] [32mBuilding CXX object CMakeFiles/motion.dir/src/math/MotionState.cpp.o[0m
[1.826s] [01m[K/home/robo/ROS2/walk_test/src/control/src/action_editor/cmd_process.cpp:980:1:[m[K [01;35m[Kwarning: [m[Kmulti-line comment [[01;35m[K-Wcomment[m[K]
[1.826s]   980 | [01;35m[K/[m[K/  printf(" i                  Inserts data from STP7 to STP0. \n" \
[1.826s]       | [01;35m[K^[m[K
[1.826s] [01m[K/home/robo/ROS2/walk_test/src/control/src/action_editor/cmd_process.cpp:982:1:[m[K [01;35m[Kwarning: [m[Kmulti-line comment [[01;35m[K-Wcomment[m[K]
[1.826s]   982 | [01;35m[K/[m[K/  printf(" i [index]          Inserts data from STP7 to STP[index]. \n" \
[1.826s]       | [01;35m[K^[m[K
[1.834s] [ 59%] [32mBuilding CXX object CMakeFiles/motion.dir/src/motion/JointData.cpp.o[0m
[1.847s] [ 62%] [32mBuilding CXX object CMakeFiles/motion.dir/src/motion/Kinematics.cpp.o[0m
[1.876s] [01m[K/home/robo/ROS2/walk_test/src/control/src/motion/AngleEstimator.cpp:[m[K In member function â€˜[01m[Kvoid AngleEstimator::predict(double, double, double)[m[Kâ€™:
[1.879s] [01m[K/home/robo/ROS2/walk_test/src/control/src/motion/AngleEstimator.cpp:19:76:[m[K [01;35m[Kwarning: [m[Kunused parameter â€˜[01m[Kgyro_dyaw[m[Kâ€™ [[01;35m[K-Wunused-parameter[m[K]
[1.881s]    19 | void AngleEstimator::predict(double gyro_dpitch, double gyro_droll, [01;35m[Kdouble gyro_dyaw[m[K)
[1.881s]       |                                                                     [01;35m[K~~~~~~~^~~~~~~~~[m[K
[1.901s] [ 66%] [32mBuilding CXX object CMakeFiles/motion.dir/src/motion/MotionStatus.cpp.o[0m
[1.918s] [ 70%] [32mBuilding CXX object CMakeFiles/motion.dir/src/motion/modules/Action.cpp.o[0m
[1.932s] [ 74%] [32mBuilding CXX object CMakeFiles/motion.dir/src/minIni/minIni.cpp.o[0m
[1.933s] [ 77%] [32mBuilding CXX object CMakeFiles/motion.dir/src/GaitMove.cpp.o[0m
[1.943s] [ 81%] [32mBuilding CXX object CMakeFiles/motion.dir/src/ReadConfig.cpp.o[0m
[1.944s] [01m[K/home/robo/ROS2/walk_test/src/control/src/motion/modules/Action.cpp:[m[K In member function â€˜[01m[Kbool Robot::Action::SavePage(int, Robot::Action::PAGE*)[m[Kâ€™:
[1.944s] [01m[K/home/robo/ROS2/walk_test/src/control/src/motion/modules/Action.cpp:261:5:[m[K [01;35m[Kwarning: [m[Kthis â€˜[01m[Kif[m[Kâ€™ clause does not guard... [[01;35m[K-Wmisleading-indentation[m[K]
[1.944s]   261 |     [01;35m[Kif[m[K( fwrite( pPage, 1, sizeof(PAGE), m_ActionFile ) != sizeof(PAGE) )
[1.945s]       |     [01;35m[K^~[m[K
[1.945s] [01m[K/home/robo/ROS2/walk_test/src/control/src/motion/modules/Action.cpp:264:2:[m[K [01;36m[Knote: [m[K...this statement, but the latter is misleadingly indented as if it were guarded by the â€˜[01m[Kif[m[Kâ€™
[1.945s]   264 |  [01;36m[Kreturn[m[K true;
[1.945s]       |  [01;36m[K^~~~~~[m[K
[3.321s] [01m[K/home/robo/ROS2/walk_test/src/control/src/action_editor/main.cpp:[m[K In function â€˜[01m[Kvoid sighandler(int)[m[Kâ€™:
[3.321s] [01m[K/home/robo/ROS2/walk_test/src/control/src/action_editor/main.cpp:325:21:[m[K [01;35m[Kwarning: [m[Kunused parameter â€˜[01m[Ksig[m[Kâ€™ [[01;35m[K-Wunused-parameter[m[K]
[3.321s]   325 | void sighandler([01;35m[Kint sig[m[K)
[3.321s]       |                 [01;35m[K~~~~^~~[m[K
[3.326s] [01m[K/home/robo/ROS2/walk_test/src/control/src/action_editor/main.cpp:[m[K In function â€˜[01m[Kint main(int, char**)[m[Kâ€™:
[3.326s] [01m[K/home/robo/ROS2/walk_test/src/control/src/action_editor/main.cpp:390:13:[m[K [01;35m[Kwarning: [m[Kvariable â€˜[01m[Kini[m[Kâ€™ set but not used [[01;35m[K-Wunused-but-set-variable[m[K]
[3.326s]   390 |     minIni* [01;35m[Kini[m[K;
[3.326s]       |             [01;35m[K^~~[m[K
[3.443s] [01m[K/home/robo/ROS2/walk_test/src/control/src/action_editor/cmd_process.cpp:27:26:[m[K [01;35m[Kwarning: [m[Knon-ISO-standard escape sequence, '\e'
[3.443s]    27 | const std::string azul = [01;35m[K"\e[0;36m"[m[K;
[3.443s]       |                          [01;35m[K^~~~~~~~~~[m[K
[3.443s] [01m[K/home/robo/ROS2/walk_test/src/control/src/action_editor/cmd_process.cpp:28:27:[m[K [01;35m[Kwarning: [m[Knon-ISO-standard escape sequence, '\e'
[3.443s]    28 | const std::string azulE = [01;35m[K"\e[0;34m"[m[K;
[3.443s]       |                           [01;35m[K^~~~~~~~~~[m[K
[3.443s] [01m[K/home/robo/ROS2/walk_test/src/control/src/action_editor/cmd_process.cpp:29:27:[m[K [01;35m[Kwarning: [m[Knon-ISO-standard escape sequence, '\e'
[3.443s]    29 | const std::string amare = [01;35m[K"\e[0;33m"[m[K;
[3.444s]       |                           [01;35m[K^~~~~~~~~~[m[K
[3.444s] [01m[K/home/robo/ROS2/walk_test/src/control/src/action_editor/cmd_process.cpp:30:27:[m[K [01;35m[Kwarning: [m[Knon-ISO-standard escape sequence, '\e'
[3.444s]    30 | const std::string verde = [01;35m[K"\e[0;32m"[m[K;
[3.444s]       |                           [01;35m[K^~~~~~~~~~[m[K
[3.444s] [01m[K/home/robo/ROS2/walk_test/src/control/src/action_editor/cmd_process.cpp:31:25:[m[K [01;35m[Kwarning: [m[Knon-ISO-standard escape sequence, '\e'
[3.444s]    31 | const std::string red = [01;35m[K"\e[0;31m"[m[K;
[3.444s]       |                         [01;35m[K^~~~~~~~~~[m[K
[3.444s] [01m[K/home/robo/ROS2/walk_test/src/control/src/action_editor/cmd_process.cpp:32:26:[m[K [01;35m[Kwarning: [m[Knon-ISO-standard escape sequence, '\e'
[3.444s]    32 | const std::string gray = [01;35m[K"\e[0;37m"[m[K;
[3.444s]       |                          [01;35m[K^~~~~~~~~~[m[K
[3.445s] [01m[K/home/robo/ROS2/walk_test/src/control/src/action_editor/cmd_process.cpp:33:26:[m[K [01;35m[Kwarning: [m[Knon-ISO-standard escape sequence, '\e'
[3.445s]    33 | const std::string nulo = [01;35m[K"\e[0m"[m[K;
[3.445s]       |                          [01;35m[K^~~~~~~[m[K
[3.445s] [01m[K/home/robo/ROS2/walk_test/src/control/src/action_editor/cmd_process.cpp:35:27:[m[K [01;35m[Kwarning: [m[Knon-ISO-standard escape sequence, '\e'
[3.445s]    35 | const std::string Lazul = [01;35m[K"\e[96m"[m[K;
[3.445s]       |                           [01;35m[K^~~~~~~~[m[K
[3.445s] [01m[K/home/robo/ROS2/walk_test/src/control/src/action_editor/cmd_process.cpp:36:28:[m[K [01;35m[Kwarning: [m[Knon-ISO-standard escape sequence, '\e'
[3.445s]    36 | const std::string LazulE = [01;35m[K"\e[94m"[m[K;
[3.445s]       |                            [01;35m[K^~~~~~~~[m[K
[3.445s] [01m[K/home/robo/ROS2/walk_test/src/control/src/action_editor/cmd_process.cpp:37:28:[m[K [01;35m[Kwarning: [m[Knon-ISO-standard escape sequence, '\e'
[3.445s]    37 | const std::string Lamare = [01;35m[K"\e[93m"[m[K;
[3.446s]       |                            [01;35m[K^~~~~~~~[m[K
[3.446s] [01m[K/home/robo/ROS2/walk_test/src/control/src/action_editor/cmd_process.cpp:38:28:[m[K [01;35m[Kwarning: [m[Knon-ISO-standard escape sequence, '\e'
[3.446s]    38 | const std::string Lverde = [01;35m[K"\e[92m"[m[K;
[3.446s]       |                            [01;35m[K^~~~~~~~[m[K
[3.446s] [01m[K/home/robo/ROS2/walk_test/src/control/src/action_editor/cmd_process.cpp:39:26:[m[K [01;35m[Kwarning: [m[Knon-ISO-standard escape sequence, '\e'
[3.446s]    39 | const std::string Lred = [01;35m[K"\e[91m"[m[K;
[3.446s]       |                          [01;35m[K^~~~~~~~[m[K
[3.446s] [01m[K/home/robo/ROS2/walk_test/src/control/src/action_editor/cmd_process.cpp:40:27:[m[K [01;35m[Kwarning: [m[Knon-ISO-standard escape sequence, '\e'
[3.446s]    40 | const std::string Lgray = [01;35m[K"\e[97m"[m[K;
[3.446s]       |                           [01;35m[K^~~~~~~~[m[K
[3.447s] [01m[K/home/robo/ROS2/walk_test/src/control/src/action_editor/cmd_process.cpp:[m[K In function â€˜[01m[Kvoid ReadStep()[m[Kâ€™:
[3.447s] [01m[K/home/robo/ROS2/walk_test/src/control/src/action_editor/cmd_process.cpp:119:10:[m[K [01;35m[Kwarning: [m[Kunused variable â€˜[01m[Kvalue8[m[Kâ€™ [[01;35m[K-Wunused-variable[m[K]
[3.447s]   119 |  uint8_t [01;35m[Kvalue8[m[K;
[3.447s]       |          [01;35m[K^~~~~~[m[K
[3.447s] [01m[K/home/robo/ROS2/walk_test/src/control/src/action_editor/cmd_process.cpp:120:11:[m[K [01;35m[Kwarning: [m[Kunused variable â€˜[01m[Kvalue32[m[Kâ€™ [[01;35m[K-Wunused-variable[m[K]
[3.447s]   120 |  uint32_t [01;35m[Kvalue32[m[K;
[3.447s]       |           [01;35m[K^~~~~~~[m[K
[3.447s] [01m[K/home/robo/ROS2/walk_test/src/control/src/action_editor/cmd_process.cpp:[m[K In function â€˜[01m[Kvoid DrawIntro()[m[Kâ€™:
[3.447s] [01m[K/home/robo/ROS2/walk_test/src/control/src/action_editor/cmd_process.cpp:323:9:[m[K [01;35m[Kwarning: [m[Knon-ISO-standard escape sequence, '\e'
[3.447s]   323 |  system([01;35m[K"printf '\e[8;27;80t'"[m[K);
[3.447s]       |         [01;35m[K^~~~~~~~~~~~~~~~~~~~~~[m[K
[3.453s] In file included from [01m[K/home/robo/ROS2/walk_test/src/control/src/motion/MotionManager.cpp:25[m[K:
[3.453s] [01m[K/home/robo/ROS2/walk_test/src/control/include/MotionManager.h:[m[K In constructor â€˜[01m[KRobot::MotionManager::MotionManager(const rclcpp::NodeOptions&)[m[Kâ€™:
[3.453s] [01m[K/home/robo/ROS2/walk_test/src/control/include/MotionManager.h:86:8:[m[K [01;35m[Kwarning: [m[Kâ€˜[01m[KRobot::MotionManager::DEBUG_PRINT[m[Kâ€™ will be initialized after [[01;35m[K-Wreorder[m[K]
[3.453s]    86 |   bool [01;35m[KDEBUG_PRINT[m[K;
[3.453s]       |        [01;35m[K^~~~~~~~~~~[m[K
[3.453s] [01m[K/home/robo/ROS2/walk_test/src/control/src/motion/MotionManager.cpp:68:41:[m[K [01;35m[Kwarning: [m[K  base â€˜[01m[Krclcpp::Node[m[Kâ€™ [[01;35m[K-Wreorder[m[K]
[3.454s]    68 |   rclcpp::Node("gait_publisher", options[01;35m[K)[m[K
[3.454s]       |                                         [01;35m[K^[m[K
[3.454s] [01m[K/home/robo/ROS2/walk_test/src/control/src/motion/MotionManager.cpp:60:1:[m[K [01;35m[Kwarning: [m[K  when initialized here [[01;35m[K-Wreorder[m[K]
[3.454s]    60 | [01;35m[KMotionManager[m[K::MotionManager(const rclcpp::NodeOptions & options) :
[3.454s]       | [01;35m[K^~~~~~~~~~~~~[m[K
[3.454s] [01m[K/home/robo/ROS2/walk_test/src/control/src/action_editor/cmd_process.cpp:[m[K In function â€˜[01m[Kvoid SetValue(uint32_t)[m[Kâ€™:
[3.454s] [01m[K/home/robo/ROS2/walk_test/src/control/src/action_editor/cmd_process.cpp:688:2:[m[K [01;31m[Kerror: [m[Kâ€˜[01m[Kcmd_process[m[Kâ€™ was not declared in this scope
[3.454s]   688 |  [01;31m[Kcmd_process[m[K();
[3.454s]       |  [01;31m[K^~~~~~~~~~~[m[K
[3.454s] [01m[K/home/robo/ROS2/walk_test/src/control/src/action_editor/cmd_process.cpp:708:13:[m[K [01;35m[Kwarning: [m[Kcomparison of unsigned expression >= 0 is always true [[01;35m[K-Wtype-limits[m[K]
[3.455s]   708 |    if([01;35m[Kvalue >= 0[m[K && value <= 255)
[3.455s]       |       [01;35m[K~~~~~~^~~~[m[K
[3.455s] [01m[K/home/robo/ROS2/walk_test/src/control/src/action_editor/cmd_process.cpp:717:13:[m[K [01;35m[Kwarning: [m[Kcomparison of unsigned expression >= 0 is always true [[01;35m[K-Wtype-limits[m[K]
[3.455s]   717 |    if([01;35m[Kvalue >= 0[m[K && value <= 255)
[3.455s]       |       [01;35m[K~~~~~~^~~~[m[K
[3.455s] [01m[K/home/robo/ROS2/walk_test/src/control/src/action_editor/cmd_process.cpp:726:64:[m[K [01;35m[Kwarning: [m[Kcomparison of unsigned expression >= 0 is always true [[01;35m[K-Wtype-limits[m[K]
[3.455s]   726 |    if([01;35m[Kvalue  + MotionManager::GetInstance()->m_Offset[row + 1] >= 0[m[K && value  + MotionManager::GetInstance()->m_Offset[row + 1] <= MX28::MAX_VALUE)
[3.455s]       |       [01;35m[K~~~~~~~~~~~~~~~~~~~~~~~~~~~~~~~~~~~~~~~~~~~~~~~~~~~~~~~~~^~~~[m[K
[3.455s] [01m[K/home/robo/ROS2/walk_test/src/control/src/action_editor/cmd_process.cpp:726:132:[m[K [01;31m[Kerror: [m[Kâ€˜[01m[KMX28[m[Kâ€™ has not been declared
[3.455s]   726 |    if(value  + MotionManager::GetInstance()->m_Offset[row + 1] >= 0 && value  + MotionManager::GetInstance()->m_Offset[row + 1] <= [01;31m[KMX28[m[K::MAX_VALUE)
[3.455s]       |                                                                                                                                    [01;31m[K^~~~[m[K
[3.456s] [01m[K/home/robo/ROS2/walk_test/src/control/src/action_editor/cmd_process.cpp:734:46:[m[K [01;31m[Kerror: [m[Kâ€˜[01m[KMX28[m[Kâ€™ has not been declared
[3.456s]   734 |                     message_single.address = [01;31m[KMX28[m[K::P_GOAL_POSITION;
[3.456s]       |                                              [01;31m[K^~~~[m[K
[3.460s] [01m[K/home/robo/ROS2/walk_test/src/control/src/action_editor/cmd_process.cpp:736:21:[m[K [01;31m[Kerror: [m[Kâ€˜[01m[Kpublisher_single[m[Kâ€™ was not declared in this scope
[3.460s]   736 |                     [01;31m[Kpublisher_single[m[K->publish(message_single);
[3.460s]       |                     [01;31m[K^~~~~~~~~~~~~~~~[m[K
[3.461s] [01m[K/home/robo/ROS2/walk_test/src/control/src/action_editor/cmd_process.cpp:730:10:[m[K [01;35m[Kwarning: [m[Kunused variable â€˜[01m[Kerror[m[Kâ€™ [[01;35m[K-Wunused-variable[m[K]
[3.461s]   730 |      int [01;35m[Kerror[m[K;
[3.461s]       |          [01;35m[K^~~~~[m[K
[3.461s] [01m[K/home/robo/ROS2/walk_test/src/control/src/action_editor/cmd_process.cpp:794:13:[m[K [01;35m[Kwarning: [m[Kcomparison of unsigned expression >= 0 is always true [[01;35m[K-Wtype-limits[m[K]
[3.461s]   794 |    if([01;35m[Kvalue >= 0[m[K && value <= 255)
[3.461s]       |       [01;35m[K~~~~~~^~~~[m[K
[3.461s] [01m[K/home/robo/ROS2/walk_test/src/control/src/action_editor/cmd_process.cpp:803:13:[m[K [01;35m[Kwarning: [m[Kcomparison of unsigned expression >= 0 is always true [[01;35m[K-Wtype-limits[m[K]
[3.461s]   803 |    if([01;35m[Kvalue >= 0[m[K && value <= 255)
[3.461s]       |       [01;35m[K~~~~~~^~~~[m[K
[3.462s] [01m[K/home/robo/ROS2/walk_test/src/control/src/action_editor/cmd_process.cpp:812:64:[m[K [01;35m[Kwarning: [m[Kcomparison of unsigned expression >= 0 is always true [[01;35m[K-Wtype-limits[m[K]
[3.462s]   812 |    if([01;35m[Kvalue  + MotionManager::GetInstance()->m_Offset[row + 1] >= 0[m[K && value  + MotionManager::GetInstance()->m_Offset[row + 1] <= MX28::MAX_VALUE) //Aumentando o valor da entrada
[3.462s]       |       [01;35m[K~~~~~~~~~~~~~~~~~~~~~~~~~~~~~~~~~~~~~~~~~~~~~~~~~~~~~~~~~^~~~[m[K
[3.462s] [01m[K/home/robo/ROS2/walk_test/src/control/src/action_editor/cmd_process.cpp:812:132:[m[K [01;31m[Kerror: [m[Kâ€˜[01m[KMX28[m[Kâ€™ has not been declared
[3.462s]   812 |    if(value  + MotionManager::GetInstance()->m_Offset[row + 1] >= 0 && value  + MotionManager::GetInstance()->m_Offset[row + 1] <= [01;31m[KMX28[m[K::MAX_VALUE) //Aumentando o valor da entrada
[3.462s]       |                                                                                                                                    [01;31m[K^~~~[m[K
[3.462s] [01m[K/home/robo/ROS2/walk_test/src/control/src/action_editor/cmd_process.cpp:848:13:[m[K [01;35m[Kwarning: [m[Kcomparison of unsigned expression >= 0 is always true [[01;35m[K-Wtype-limits[m[K]
[3.462s]   848 |    if([01;35m[Kvalue >= 0[m[K && value <= 255)
[3.462s]       |       [01;35m[K~~~~~~^~~~[m[K
[3.462s] [01m[K/home/robo/ROS2/walk_test/src/control/src/action_editor/cmd_process.cpp:857:13:[m[K [01;35m[Kwarning: [m[Kcomparison of unsigned expression >= 0 is always true [[01;35m[K-Wtype-limits[m[K]
[3.462s]   857 |    if([01;35m[Kvalue >= 0[m[K && value <= Action::MAXNUM_STEP)
[3.463s]       |       [01;35m[K~~~~~~^~~~[m[K
[3.463s] [01m[K/home/robo/ROS2/walk_test/src/control/src/action_editor/cmd_process.cpp:873:13:[m[K [01;35m[Kwarning: [m[Kcomparison of unsigned expression >= 0 is always true [[01;35m[K-Wtype-limits[m[K]
[3.463s]   873 |    if([01;35m[Kvalue >= 0[m[K && value <= 255)
[3.463s]       |       [01;35m[K~~~~~~^~~~[m[K
[3.463s] [01m[K/home/robo/ROS2/walk_test/src/control/src/action_editor/cmd_process.cpp:882:13:[m[K [01;35m[Kwarning: [m[Kcomparison of unsigned expression >= 0 is always true [[01;35m[K-Wtype-limits[m[K]
[3.463s]   882 |    if([01;35m[Kvalue >= 0[m[K && value <= 255)
[3.463s]       |       [01;35m[K~~~~~~^~~~[m[K
[3.463s] [01m[K/home/robo/ROS2/walk_test/src/control/src/action_editor/cmd_process.cpp:891:13:[m[K [01;35m[Kwarning: [m[Kcomparison of unsigned expression >= 0 is always true [[01;35m[K-Wtype-limits[m[K]
[3.463s]   891 |    if([01;35m[Kvalue >= 0[m[K && value <= 255)
[3.463s]       |       [01;35m[K~~~~~~^~~~[m[K
[3.463s] [01m[K/home/robo/ROS2/walk_test/src/control/src/action_editor/cmd_process.cpp:900:13:[m[K [01;35m[Kwarning: [m[Kcomparison of unsigned expression >= 0 is always true [[01;35m[K-Wtype-limits[m[K]
[3.464s]   900 |    if([01;35m[Kvalue >= 0[m[K && value <= 255)
[3.464s]       |       [01;35m[K~~~~~~^~~~[m[K
[3.490s] [01m[K/home/robo/ROS2/walk_test/src/control/src/motion/MotionManager.cpp:[m[K In member function â€˜[01m[Kvoid Robot::MotionManager::topic_callback(std::shared_ptr<sensor_msgs::msg::Imu_<std::allocator<void> > >) const[m[Kâ€™:
[3.490s] [01m[K/home/robo/ROS2/walk_test/src/control/src/motion/MotionManager.cpp:100:15:[m[K [01;35m[Kwarning: [m[Kunused variable â€˜[01m[KIMU_GYRO_X[m[Kâ€™ [[01;35m[K-Wunused-variable[m[K]
[3.490s]   100 |         float [01;35m[KIMU_GYRO_X[m[K = -imu_msg_->angular_velocity.x/10;
[3.491s]       |               [01;35m[K^~~~~~~~~~[m[K
[3.491s] [01m[K/home/robo/ROS2/walk_test/src/control/src/motion/MotionManager.cpp:101:15:[m[K [01;35m[Kwarning: [m[Kunused variable â€˜[01m[KIMU_GYRO_Y[m[Kâ€™ [[01;35m[K-Wunused-variable[m[K]
[3.491s]   101 |         float [01;35m[KIMU_GYRO_Y[m[K  = -imu_msg_->angular_velocity.y/10;
[3.491s]       |               [01;35m[K^~~~~~~~~~[m[K
[3.494s] [01m[K/home/robo/ROS2/walk_test/src/control/src/motion/MotionManager.cpp:[m[K In member function â€˜[01m[Kvoid Robot::MotionManager::topic_callback_walk(std::shared_ptr<dynamixel_sdk_custom_interfaces::msg::Walk_<std::allocator<void> > >) const[m[Kâ€™:
[3.494s] [01m[K/home/robo/ROS2/walk_test/src/control/src/motion/MotionManager.cpp:42:29:[m[K [01;35m[Kwarning: [m[KISO C++ forbids converting a string constant to â€˜[01m[Kchar*[m[Kâ€™ [[01;35m[K-Wwrite-strings[m[K]
[3.494s]    42 | #define MOTION_FILE_PATH    [01;35m[K"/home/robo/ROS2/walk_test/src/control/Data/motion_4096.bin"[m[K
[3.494s]       |                             [01;35m[K^~~~~~~~~~~~~~~~~~~~~~~~~~~~~~~~~~~~~~~~~~~~~~~~~~~~~~~~~~~~[m[K
[3.495s] [01m[K/home/robo/ROS2/walk_test/src/control/src/motion/MotionManager.cpp:42:29:[m[K [01;36m[Knote: [m[Kin definition of macro â€˜[01m[KMOTION_FILE_PATH[m[Kâ€™
[3.495s]    42 | #define MOTION_FILE_PATH    [01;36m[K"/home/robo/ROS2/walk_test/src/control/Data/motion_4096.bin"[m[K
[3.495s]       |                             [01;36m[K^~~~~~~~~~~~~~~~~~~~~~~~~~~~~~~~~~~~~~~~~~~~~~~~~~~~~~~~~~~~[m[K
[3.495s] [01m[K/home/robo/ROS2/walk_test/src/control/src/motion/MotionManager.cpp:[m[K In member function â€˜[01m[Kbool Robot::MotionManager::Initialize(bool)[m[Kâ€™:
[3.495s] [01m[K/home/robo/ROS2/walk_test/src/control/src/motion/MotionManager.cpp:178:6:[m[K [01;35m[Kwarning: [m[Kunused variable â€˜[01m[Kvalue[m[Kâ€™ [[01;35m[K-Wunused-variable[m[K]
[3.495s]   178 |  int [01;35m[Kvalue[m[K, error;
[3.495s]       |      [01;35m[K^~~~~[m[K
[3.495s] [01m[K/home/robo/ROS2/walk_test/src/control/src/motion/MotionManager.cpp:178:13:[m[K [01;35m[Kwarning: [m[Kunused variable â€˜[01m[Kerror[m[Kâ€™ [[01;35m[K-Wunused-variable[m[K]
[3.495s]   178 |  int value, [01;35m[Kerror[m[K;
[3.496s]       |             [01;35m[K^~~~~[m[K
[3.496s] [01m[K/home/robo/ROS2/walk_test/src/control/src/motion/MotionManager.cpp:[m[K In member function â€˜[01m[Kbool Robot::MotionManager::Reinitialize()[m[Kâ€™:
[3.496s] [01m[K/home/robo/ROS2/walk_test/src/control/src/motion/MotionManager.cpp:264:6:[m[K [01;35m[Kwarning: [m[Kunused variable â€˜[01m[Kvalue[m[Kâ€™ [[01;35m[K-Wunused-variable[m[K]
[3.496s]   264 |  int [01;35m[Kvalue[m[K, error;
[3.496s]       |      [01;35m[K^~~~~[m[K
[3.496s] [01m[K/home/robo/ROS2/walk_test/src/control/src/motion/MotionManager.cpp:264:13:[m[K [01;35m[Kwarning: [m[Kunused variable â€˜[01m[Kerror[m[Kâ€™ [[01;35m[K-Wunused-variable[m[K]
[3.496s]   264 |  int value, [01;35m[Kerror[m[K;
[3.496s]       |             [01;35m[K^~~~~[m[K
[3.512s] [01m[K/home/robo/ROS2/walk_test/src/control/src/motion/MotionManager.cpp:[m[K In member function â€˜[01m[Kvoid Robot::MotionManager::Process()[m[Kâ€™:
[3.512s] [01m[K/home/robo/ROS2/walk_test/src/control/src/motion/MotionManager.cpp:430:5:[m[K [01;35m[Kwarning: [m[Kthis â€˜[01m[Kif[m[Kâ€™ clause does not guard... [[01;35m[K-Wmisleading-indentation[m[K]
[3.512s]   430 |     [01;35m[Kif[m[K(MotionManager::GetInstance()->m_ProcessEnable == false || MotionManager::GetInstance()->m_IsRunning == true)
[3.512s]       |     [01;35m[K^~[m[K
[3.512s] [01m[K/home/robo/ROS2/walk_test/src/control/src/motion/MotionManager.cpp:433:2:[m[K [01;36m[Knote: [m[K...this statement, but the latter is misleadingly indented as if it were guarded by the â€˜[01m[Kif[m[Kâ€™
[3.512s]   433 |  [01;36m[KMotionManager[m[K::GetInstance()->m_IsRunning = true;
[3.512s]       |  [01;36m[K^~~~~~~~~~~~~[m[K
[3.523s] [01m[K/home/robo/ROS2/walk_test/src/control/src/motion/MotionManager.cpp:490:7:[m[K [01;35m[Kwarning: [m[Kvariable â€˜[01m[Kparam[m[Kâ€™ set but not used [[01;35m[K-Wunused-but-set-variable[m[K]
[3.523s]   490 |   int [01;35m[Kparam[m[K[JointData::NUMBER_OF_JOINTS * MX28::PARAM_BYTES];
[3.523s]       |       [01;35m[K^~~~~[m[K
[3.524s] [01m[K/home/robo/ROS2/walk_test/src/control/src/motion/MotionManager.cpp:491:7:[m[K [01;35m[Kwarning: [m[Kunused variable â€˜[01m[Kjoint_num[m[Kâ€™ [[01;35m[K-Wunused-variable[m[K]
[3.524s]   491 |   int [01;35m[Kjoint_num[m[K = 0;
[3.524s]       |       [01;35m[K^~~~~~~~~[m[K
[3.691s] [01m[K/home/robo/ROS2/walk_test/src/control/src/GaitMove.cpp:[m[K In member function â€˜[01m[Kvoid GaitMove::walk_foward_slow(bool&, bool, bool)[m[Kâ€™:
[3.693s] [01m[K/home/robo/ROS2/walk_test/src/control/src/GaitMove.cpp:101:55:[m[K [01;35m[Kwarning: [m[Kunused parameter â€˜[01m[Kmax_speed[m[Kâ€™ [[01;35m[K-Wunused-parameter[m[K]
[3.693s]   101 | void GaitMove::walk_foward_slow(bool &stop_gait, [01;35m[Kbool max_speed[m[K, bool same_moviment)
[3.693s]       |                                                  [01;35m[K~~~~~^~~~~~~~~[m[K
[3.693s] [01m[K/home/robo/ROS2/walk_test/src/control/src/GaitMove.cpp:[m[K In member function â€˜[01m[Kvoid GaitMove::turn_right(bool&, bool, bool)[m[Kâ€™:
[3.693s] [01m[K/home/robo/ROS2/walk_test/src/control/src/GaitMove.cpp:157:49:[m[K [01;35m[Kwarning: [m[Kunused parameter â€˜[01m[Kmax_angle[m[Kâ€™ [[01;35m[K-Wunused-parameter[m[K]
[3.693s]   157 | void GaitMove::turn_right(bool &stop_gait, [01;35m[Kbool max_angle[m[K, bool same_moviment)
[3.693s]       |                                            [01;35m[K~~~~~^~~~~~~~~[m[K
[3.693s] [01m[K/home/robo/ROS2/walk_test/src/control/src/GaitMove.cpp:[m[K In member function â€˜[01m[Kvoid GaitMove::turn_left(bool&, bool, bool)[m[Kâ€™:
[3.693s] [01m[K/home/robo/ROS2/walk_test/src/control/src/GaitMove.cpp:169:48:[m[K [01;35m[Kwarning: [m[Kunused parameter â€˜[01m[Kmax_angle[m[Kâ€™ [[01;35m[K-Wunused-parameter[m[K]
[3.693s]   169 | void GaitMove::turn_left(bool &stop_gait, [01;35m[Kbool max_angle[m[K, bool same_moviment)
[3.694s]       |                                           [01;35m[K~~~~~^~~~~~~~~[m[K
[3.695s] [01m[K/home/robo/ROS2/walk_test/src/control/src/GaitMove.cpp:[m[K In member function â€˜[01m[Kvoid GaitMove::walk_backward_slow(bool&, bool, bool)[m[Kâ€™:
[3.695s] [01m[K/home/robo/ROS2/walk_test/src/control/src/GaitMove.cpp:225:57:[m[K [01;35m[Kwarning: [m[Kunused parameter â€˜[01m[Kmax_speed[m[Kâ€™ [[01;35m[K-Wunused-parameter[m[K]
[3.695s]   225 | void GaitMove::walk_backward_slow(bool &stop_gait, [01;35m[Kbool max_speed[m[K, bool same_moviment)
[3.695s]       |                                                    [01;35m[K~~~~~^~~~~~~~~[m[K
[3.807s] make[2]: *** [CMakeFiles/action.dir/build.make:89: CMakeFiles/action.dir/src/action_editor/cmd_process.cpp.o] Error 1
[3.807s] make[2]: *** Waiting for unfinished jobs....
[3.932s] [ 85%] [32m[1mLinking CXX executable gait_publisher[0m
[4.048s] [ 85%] Built target gait_publisher
[4.677s] [ 88%] [32m[1mLinking CXX executable decision[0m
[4.806s] [ 88%] Built target decision
[5.147s] make[1]: *** [CMakeFiles/Makefile2:221: CMakeFiles/action.dir/all] Error 2
[5.147s] make[1]: *** Waiting for unfinished jobs....
[7.510s] [ 92%] [32m[1mLinking CXX executable control[0m
[7.765s] [ 92%] Built target control
[8.388s] [ 96%] [32m[1mLinking CXX shared library libmotion.so[0m
[8.657s] [ 96%] Built target motion
[8.658s] make: *** [Makefile:141: all] Error 2
[8.659s] Invoked command in '/home/robo/ROS2/walk_test/build/control' returned '2': CMAKE_PREFIX_PATH=/home/robo/ROS2/walk_test/install/dynamixel_sdk_custom_interfaces:/home/robo/ROS2/walk_test/install/control:/opt/ros/foxy LD_LIBRARY_PATH=/home/robo/ROS2/walk_test/install/dynamixel_sdk_custom_interfaces/lib:/home/robo/ROS2/walk_test/install/control/lib:/opt/ros/foxy/opt/yaml_cpp_vendor/lib:/opt/ros/foxy/opt/rviz_ogre_vendor/lib:/opt/ros/foxy/lib/x86_64-linux-gnu:/opt/ros/foxy/lib /usr/bin/cmake --build /home/robo/ROS2/walk_test/build/control -- -j12 -l12
