-- Found ament_cmake: 0.9.9 (/opt/ros/foxy/share/ament_cmake/cmake)
-- Using PYTHON_EXECUTABLE: /usr/bin/python3
-- Override CMake install command with custom implementation using symlinks instead of copying resources
-- Found dynamixel_sdk_custom_interfaces: 3.7.40 (/home/robo/ROS2/walk_test/install/dynamixel_sdk_custom_interfaces/share/dynamixel_sdk_custom_interfaces/cmake)
-- Using all available rosidl_typesupport_c: rosidl_typesupport_fastrtps_c;rosidl_typesupport_introspection_c
-- Found rosidl_adapter: 1.2.1 (/opt/ros/foxy/share/rosidl_adapter/cmake)
-- Using all available rosidl_typesupport_cpp: rosidl_typesupport_fastrtps_cpp;rosidl_typesupport_introspection_cpp
-- Found rclcpp: 2.4.1 (/opt/ros/foxy/share/rclcpp/cmake)
-- Found rmw_implementation_cmake: 1.0.3 (/opt/ros/foxy/share/rmw_implementation_cmake/cmake)
-- Using RMW implementation 'rmw_fastrtps_cpp' as default
-- Found sensor_msgs: 2.0.5 (/opt/ros/foxy/share/sensor_msgs/cmake)
-- Found rclcpp_components: 2.4.1 (/opt/ros/foxy/share/rclcpp_components/cmake)
-- Found rosidl_default_generators: 1.0.1 (/opt/ros/foxy/share/rosidl_default_generators/cmake)
-- Found ament_lint_auto: 0.9.6 (/opt/ros/foxy/share/ament_lint_auto/cmake)
-- Added test 'copyright' to check source files copyright and LICENSE
-- Added test 'cppcheck' to perform static code analysis on C / C++ code
-- Configured cppcheck include dirs: /home/robo/ROS2/walk_test/src/control/include;/home/robo/ROS2/walk_test/src/control/src/minIni;/home/robo/ROS2/walk_test/src/control/src/action_editor
-- Configured cppcheck exclude dirs and/or files: 
-- Added test 'cpplint' to check C / C++ code against the Google style
-- Configured cpplint exclude dirs and/or files: 
-- Added test 'flake8' to check Python code syntax and style conventions
-- Added test 'lint_cmake' to check CMake code style
-- Added test 'pep257' to check Python code against some of the style conventions in PEP 257
-- Added test 'uncrustify' to check C / C++ code style
-- Configured uncrustify additional arguments: 
-- Added test 'xmllint' to check XML markup files
-- Configuring done
-- Generating done
-- Build files have been written to: /home/robo/ROS2/walk_test/build/control
[35m[1mScanning dependencies of target action[0m
[35m[1mScanning dependencies of target gait_publisher[0m
[35m[1mScanning dependencies of target control[0m
[35m[1mScanning dependencies of target decision[0m
[35m[1mScanning dependencies of target motion[0m
[  4%] [32mBuilding CXX object CMakeFiles/action.dir/src/action_editor/main.cpp.o[0m
[  8%] [32mBuilding CXX object CMakeFiles/decision.dir/src/dec.cpp.o[0m
[ 12%] [32mBuilding CXX object CMakeFiles/control.dir/src/control.cpp.o[0m
[ 16%] [32mBuilding CXX object CMakeFiles/gait_publisher.dir/rclcpp_components/node_main_gait_publisher.cpp.o[0m
[ 20%] [32mBuilding CXX object CMakeFiles/motion.dir/src/math/Point.cpp.o[0m
[ 24%] [32mBuilding CXX object CMakeFiles/motion.dir/src/motion/modules/Walking.cpp.o[0m
[ 28%] [32mBuilding CXX object CMakeFiles/motion.dir/src/motion/AngleEstimator.cpp.o[0m
[ 32%] [32mBuilding CXX object CMakeFiles/motion.dir/src/math/Matrix.cpp.o[0m
[ 36%] [32mBuilding CXX object CMakeFiles/motion.dir/src/math/Plane.cpp.o[0m
[ 40%] [32mBuilding CXX object CMakeFiles/motion.dir/src/motion/MotionManager.cpp.o[0m
[ 44%] [32mBuilding CXX object CMakeFiles/motion.dir/src/math/QuadraticStateTransform.cpp.o[0m
[ 48%] [32mBuilding CXX object CMakeFiles/motion.dir/src/math/Vector.cpp.o[0m
[ 52%] [32mBuilding CXX object CMakeFiles/motion.dir/src/math/MotionState.cpp.o[0m
[ 56%] [32mBuilding CXX object CMakeFiles/motion.dir/src/motion/JointData.cpp.o[0m
[ 60%] [32mBuilding CXX object CMakeFiles/motion.dir/src/motion/Kinematics.cpp.o[0m
[ 64%] [32mBuilding CXX object CMakeFiles/motion.dir/src/motion/MotionStatus.cpp.o[0m
[ 68%] [32mBuilding CXX object CMakeFiles/motion.dir/src/motion/modules/Action.cpp.o[0m
[ 72%] [32mBuilding CXX object CMakeFiles/motion.dir/src/minIni/minIni.cpp.o[0m
[ 76%] [32mBuilding CXX object CMakeFiles/motion.dir/src/GaitMove.cpp.o[0m
[01m[K/home/robo/ROS2/walk_test/src/control/src/motion/modules/Action.cpp:[m[K In member function â€˜[01m[Kbool Robot::Action::SavePage(int, Robot::Action::PAGE*)[m[Kâ€™:
[01m[K/home/robo/ROS2/walk_test/src/control/src/motion/modules/Action.cpp:261:5:[m[K [01;35m[Kwarning: [m[Kthis â€˜[01m[Kif[m[Kâ€™ clause does not guard... [[01;35m[K-Wmisleading-indentation[m[K]
  261 |     [01;35m[Kif[m[K( fwrite( pPage, 1, sizeof(PAGE), m_ActionFile ) != sizeof(PAGE) )
      |     [01;35m[K^~[m[K
[01m[K/home/robo/ROS2/walk_test/src/control/src/motion/modules/Action.cpp:264:2:[m[K [01;36m[Knote: [m[K...this statement, but the latter is misleadingly indented as if it were guarded by the â€˜[01m[Kif[m[Kâ€™
  264 |  [01;36m[Kreturn[m[K true;
      |  [01;36m[K^~~~~~[m[K
[ 80%] [32mBuilding CXX object CMakeFiles/motion.dir/src/ReadConfig.cpp.o[0m
[01m[K/home/robo/ROS2/walk_test/src/control/src/motion/AngleEstimator.cpp:[m[K In member function â€˜[01m[Kvoid AngleEstimator::predict(double, double, double)[m[Kâ€™:
[01m[K/home/robo/ROS2/walk_test/src/control/src/motion/AngleEstimator.cpp:19:76:[m[K [01;35m[Kwarning: [m[Kunused parameter â€˜[01m[Kgyro_dyaw[m[Kâ€™ [[01;35m[K-Wunused-parameter[m[K]
   19 | void AngleEstimator::predict(double gyro_dpitch, double gyro_droll, [01;35m[Kdouble gyro_dyaw[m[K)
      |                                                                     [01;35m[K~~~~~~~^~~~~~~~~[m[K
[01m[K/home/robo/ROS2/walk_test/src/control/src/action_editor/main.cpp:[m[K In function â€˜[01m[Kvoid sighandler(int)[m[Kâ€™:
[01m[K/home/robo/ROS2/walk_test/src/control/src/action_editor/main.cpp:317:21:[m[K [01;35m[Kwarning: [m[Kunused parameter â€˜[01m[Ksig[m[Kâ€™ [[01;35m[K-Wunused-parameter[m[K]
  317 | void sighandler([01;35m[Kint sig[m[K)
      |                 [01;35m[K~~~~^~~[m[K
[01m[K/home/robo/ROS2/walk_test/src/control/src/action_editor/main.cpp:[m[K In function â€˜[01m[Kint main(int, char**)[m[Kâ€™:
[01m[K/home/robo/ROS2/walk_test/src/control/src/action_editor/main.cpp:382:13:[m[K [01;35m[Kwarning: [m[Kvariable â€˜[01m[Kini[m[Kâ€™ set but not used [[01;35m[K-Wunused-but-set-variable[m[K]
  382 |     minIni* [01;35m[Kini[m[K;
      |             [01;35m[K^~~[m[K
In file included from [01m[K/home/robo/ROS2/walk_test/src/control/src/motion/MotionManager.cpp:25[m[K:
[01m[K/home/robo/ROS2/walk_test/src/control/include/MotionManager.h:[m[K In constructor â€˜[01m[KRobot::MotionManager::MotionManager(const rclcpp::NodeOptions&)[m[Kâ€™:
[01m[K/home/robo/ROS2/walk_test/src/control/include/MotionManager.h:86:8:[m[K [01;35m[Kwarning: [m[Kâ€˜[01m[KRobot::MotionManager::DEBUG_PRINT[m[Kâ€™ will be initialized after [[01;35m[K-Wreorder[m[K]
   86 |   bool [01;35m[KDEBUG_PRINT[m[K;
      |        [01;35m[K^~~~~~~~~~~[m[K
[01m[K/home/robo/ROS2/walk_test/src/control/src/motion/MotionManager.cpp:68:41:[m[K [01;35m[Kwarning: [m[K  base â€˜[01m[Krclcpp::Node[m[Kâ€™ [[01;35m[K-Wreorder[m[K]
   68 |   rclcpp::Node("gait_publisher", options[01;35m[K)[m[K
      |                                         [01;35m[K^[m[K
[01m[K/home/robo/ROS2/walk_test/src/control/src/motion/MotionManager.cpp:60:1:[m[K [01;35m[Kwarning: [m[K  when initialized here [[01;35m[K-Wreorder[m[K]
   60 | [01;35m[KMotionManager[m[K::MotionManager(const rclcpp::NodeOptions & options) :
      | [01;35m[K^~~~~~~~~~~~~[m[K
[01m[K/home/robo/ROS2/walk_test/src/control/src/motion/MotionManager.cpp:[m[K In member function â€˜[01m[Kvoid Robot::MotionManager::topic_callback(std::shared_ptr<sensor_msgs::msg::Imu_<std::allocator<void> > >) const[m[Kâ€™:
[01m[K/home/robo/ROS2/walk_test/src/control/src/motion/MotionManager.cpp:100:15:[m[K [01;35m[Kwarning: [m[Kunused variable â€˜[01m[KIMU_GYRO_X[m[Kâ€™ [[01;35m[K-Wunused-variable[m[K]
  100 |         float [01;35m[KIMU_GYRO_X[m[K = -imu_msg_->angular_velocity.x/10;
      |               [01;35m[K^~~~~~~~~~[m[K
[01m[K/home/robo/ROS2/walk_test/src/control/src/motion/MotionManager.cpp:101:15:[m[K [01;35m[Kwarning: [m[Kunused variable â€˜[01m[KIMU_GYRO_Y[m[Kâ€™ [[01;35m[K-Wunused-variable[m[K]
  101 |         float [01;35m[KIMU_GYRO_Y[m[K  = -imu_msg_->angular_velocity.y/10;
      |               [01;35m[K^~~~~~~~~~[m[K
[01m[K/home/robo/ROS2/walk_test/src/control/src/motion/MotionManager.cpp:[m[K In member function â€˜[01m[Kvoid Robot::MotionManager::topic_callback_walk(std::shared_ptr<dynamixel_sdk_custom_interfaces::msg::Walk_<std::allocator<void> > >) const[m[Kâ€™:
[01m[K/home/robo/ROS2/walk_test/src/control/src/motion/MotionManager.cpp:42:29:[m[K [01;35m[Kwarning: [m[KISO C++ forbids converting a string constant to â€˜[01m[Kchar*[m[Kâ€™ [[01;35m[K-Wwrite-strings[m[K]
   42 | #define MOTION_FILE_PATH    [01;35m[K"/home/robo/ROS2/walk_test/src/control/Data/motion_4096.bin"[m[K
      |                             [01;35m[K^~~~~~~~~~~~~~~~~~~~~~~~~~~~~~~~~~~~~~~~~~~~~~~~~~~~~~~~~~~~[m[K
[01m[K/home/robo/ROS2/walk_test/src/control/src/motion/MotionManager.cpp:42:29:[m[K [01;36m[Knote: [m[Kin definition of macro â€˜[01m[KMOTION_FILE_PATH[m[Kâ€™
   42 | #define MOTION_FILE_PATH    [01;36m[K"/home/robo/ROS2/walk_test/src/control/Data/motion_4096.bin"[m[K
      |                             [01;36m[K^~~~~~~~~~~~~~~~~~~~~~~~~~~~~~~~~~~~~~~~~~~~~~~~~~~~~~~~~~~~[m[K
[01m[K/home/robo/ROS2/walk_test/src/control/src/motion/MotionManager.cpp:[m[K In member function â€˜[01m[Kbool Robot::MotionManager::Initialize(bool)[m[Kâ€™:
[01m[K/home/robo/ROS2/walk_test/src/control/src/motion/MotionManager.cpp:178:6:[m[K [01;35m[Kwarning: [m[Kunused variable â€˜[01m[Kvalue[m[Kâ€™ [[01;35m[K-Wunused-variable[m[K]
  178 |  int [01;35m[Kvalue[m[K, error;
      |      [01;35m[K^~~~~[m[K
[01m[K/home/robo/ROS2/walk_test/src/control/src/motion/MotionManager.cpp:178:13:[m[K [01;35m[Kwarning: [m[Kunused variable â€˜[01m[Kerror[m[Kâ€™ [[01;35m[K-Wunused-variable[m[K]
  178 |  int value, [01;35m[Kerror[m[K;
      |             [01;35m[K^~~~~[m[K
[01m[K/home/robo/ROS2/walk_test/src/control/src/motion/MotionManager.cpp:[m[K In member function â€˜[01m[Kbool Robot::MotionManager::Reinitialize()[m[Kâ€™:
[01m[K/home/robo/ROS2/walk_test/src/control/src/motion/MotionManager.cpp:264:6:[m[K [01;35m[Kwarning: [m[Kunused variable â€˜[01m[Kvalue[m[Kâ€™ [[01;35m[K-Wunused-variable[m[K]
  264 |  int [01;35m[Kvalue[m[K, error;
      |      [01;35m[K^~~~~[m[K
[01m[K/home/robo/ROS2/walk_test/src/control/src/motion/MotionManager.cpp:264:13:[m[K [01;35m[Kwarning: [m[Kunused variable â€˜[01m[Kerror[m[Kâ€™ [[01;35m[K-Wunused-variable[m[K]
  264 |  int value, [01;35m[Kerror[m[K;
      |             [01;35m[K^~~~~[m[K
[01m[K/home/robo/ROS2/walk_test/src/control/src/motion/MotionManager.cpp:[m[K In member function â€˜[01m[Kvoid Robot::MotionManager::Process()[m[Kâ€™:
[01m[K/home/robo/ROS2/walk_test/src/control/src/motion/MotionManager.cpp:430:5:[m[K [01;35m[Kwarning: [m[Kthis â€˜[01m[Kif[m[Kâ€™ clause does not guard... [[01;35m[K-Wmisleading-indentation[m[K]
  430 |     [01;35m[Kif[m[K(MotionManager::GetInstance()->m_ProcessEnable == false || MotionManager::GetInstance()->m_IsRunning == true)
      |     [01;35m[K^~[m[K
[01m[K/home/robo/ROS2/walk_test/src/control/src/motion/MotionManager.cpp:433:2:[m[K [01;36m[Knote: [m[K...this statement, but the latter is misleadingly indented as if it were guarded by the â€˜[01m[Kif[m[Kâ€™
  433 |  [01;36m[KMotionManager[m[K::GetInstance()->m_IsRunning = true;
      |  [01;36m[K^~~~~~~~~~~~~[m[K
[01m[K/home/robo/ROS2/walk_test/src/control/src/GaitMove.cpp:[m[K In member function â€˜[01m[Kvoid GaitMove::walk_foward_slow(bool&, bool, bool)[m[Kâ€™:
[01m[K/home/robo/ROS2/walk_test/src/control/src/GaitMove.cpp:101:55:[m[K [01;35m[Kwarning: [m[Kunused parameter â€˜[01m[Kmax_speed[m[Kâ€™ [[01;35m[K-Wunused-parameter[m[K]
  101 | void GaitMove::walk_foward_slow(bool &stop_gait, [01;35m[Kbool max_speed[m[K, bool same_moviment)
      |                                                  [01;35m[K~~~~~^~~~~~~~~[m[K
[01m[K/home/robo/ROS2/walk_test/src/control/src/GaitMove.cpp:[m[K In member function â€˜[01m[Kvoid GaitMove::turn_right(bool&, bool, bool)[m[Kâ€™:
[01m[K/home/robo/ROS2/walk_test/src/control/src/GaitMove.cpp:157:49:[m[K [01;35m[Kwarning: [m[Kunused parameter â€˜[01m[Kmax_angle[m[Kâ€™ [[01;35m[K-Wunused-parameter[m[K]
  157 | void GaitMove::turn_right(bool &stop_gait, [01;35m[Kbool max_angle[m[K, bool same_moviment)
      |                                            [01;35m[K~~~~~^~~~~~~~~[m[K
[01m[K/home/robo/ROS2/walk_test/src/control/src/GaitMove.cpp:[m[K In member function â€˜[01m[Kvoid GaitMove::turn_left(bool&, bool, bool)[m[Kâ€™:
[01m[K/home/robo/ROS2/walk_test/src/control/src/GaitMove.cpp:169:48:[m[K [01;35m[Kwarning: [m[Kunused parameter â€˜[01m[Kmax_angle[m[Kâ€™ [[01;35m[K-Wunused-parameter[m[K]
  169 | void GaitMove::turn_left(bool &stop_gait, [01;35m[Kbool max_angle[m[K, bool same_moviment)
      |                                           [01;35m[K~~~~~^~~~~~~~~[m[K
[01m[K/home/robo/ROS2/walk_test/src/control/src/GaitMove.cpp:[m[K In member function â€˜[01m[Kvoid GaitMove::walk_backward_slow(bool&, bool, bool)[m[Kâ€™:
[01m[K/home/robo/ROS2/walk_test/src/control/src/GaitMove.cpp:225:57:[m[K [01;35m[Kwarning: [m[Kunused parameter â€˜[01m[Kmax_speed[m[Kâ€™ [[01;35m[K-Wunused-parameter[m[K]
  225 | void GaitMove::walk_backward_slow(bool &stop_gait, [01;35m[Kbool max_speed[m[K, bool same_moviment)
      |                                                    [01;35m[K~~~~~^~~~~~~~~[m[K
[01m[K/home/robo/ROS2/walk_test/src/control/src/motion/MotionManager.cpp:490:7:[m[K [01;35m[Kwarning: [m[Kvariable â€˜[01m[Kparam[m[Kâ€™ set but not used [[01;35m[K-Wunused-but-set-variable[m[K]
  490 |   int [01;35m[Kparam[m[K[JointData::NUMBER_OF_JOINTS * MX28::PARAM_BYTES];
      |       [01;35m[K^~~~~[m[K
[01m[K/home/robo/ROS2/walk_test/src/control/src/motion/MotionManager.cpp:491:7:[m[K [01;35m[Kwarning: [m[Kunused variable â€˜[01m[Kjoint_num[m[Kâ€™ [[01;35m[K-Wunused-variable[m[K]
  491 |   int [01;35m[Kjoint_num[m[K = 0;
      |       [01;35m[K^~~~~~~~~[m[K
[ 84%] [32m[1mLinking CXX executable action[0m
[ 88%] [32m[1mLinking CXX executable gait_publisher[0m
/usr/bin/ld: CMakeFiles/action.dir/src/action_editor/main.cpp.o: in function `main':
main.cpp:(.text+0x415): undefined reference to `DrawIntro()'
/usr/bin/ld: main.cpp:(.text+0x46f): undefined reference to `DrawEnding()'
/usr/bin/ld: CMakeFiles/action.dir/src/action_editor/main.cpp.o: in function `MinimalPublisher::process()':
main.cpp:(.text._ZN16MinimalPublisher7processEv[_ZN16MinimalPublisher7processEv]+0x33): undefined reference to `_getch()'
/usr/bin/ld: main.cpp:(.text._ZN16MinimalPublisher7processEv[_ZN16MinimalPublisher7processEv]+0x49): undefined reference to `_getch()'
/usr/bin/ld: main.cpp:(.text._ZN16MinimalPublisher7processEv[_ZN16MinimalPublisher7processEv]+0x63): undefined reference to `_getch()'
/usr/bin/ld: main.cpp:(.text._ZN16MinimalPublisher7processEv[_ZN16MinimalPublisher7processEv]+0x79): undefined reference to `MoveUpCursor()'
/usr/bin/ld: main.cpp:(.text._ZN16MinimalPublisher7processEv[_ZN16MinimalPublisher7processEv]+0x8e): undefined reference to `MoveDownCursor()'
/usr/bin/ld: main.cpp:(.text._ZN16MinimalPublisher7processEv[_ZN16MinimalPublisher7processEv]+0xa3): undefined reference to `MoveLeftCursor()'
/usr/bin/ld: main.cpp:(.text._ZN16MinimalPublisher7processEv[_ZN16MinimalPublisher7processEv]+0xbc): undefined reference to `MoveRightCursor()'
/usr/bin/ld: main.cpp:(.text._ZN16MinimalPublisher7processEv[_ZN16MinimalPublisher7processEv]+0xd6): undefined reference to `UpDownValue(int)'
/usr/bin/ld: main.cpp:(.text._ZN16MinimalPublisher7processEv[_ZN16MinimalPublisher7processEv]+0xf0): undefined reference to `UpDownValue(int)'
/usr/bin/ld: main.cpp:(.text._ZN16MinimalPublisher7processEv[_ZN16MinimalPublisher7processEv]+0x10a): undefined reference to `UpDownValue(int)'
/usr/bin/ld: main.cpp:(.text._ZN16MinimalPublisher7processEv[_ZN16MinimalPublisher7processEv]+0x124): undefined reference to `UpDownValue(int)'
/usr/bin/ld: main.cpp:(.text._ZN16MinimalPublisher7processEv[_ZN16MinimalPublisher7processEv]+0x139): undefined reference to `ToggleTorque()'
/usr/bin/ld: main.cpp:(.text._ZN16MinimalPublisher7processEv[_ZN16MinimalPublisher7processEv]+0x1f7): undefined reference to `BeginCommandMode()'
/usr/bin/ld: main.cpp:(.text._ZN16MinimalPublisher7processEv[_ZN16MinimalPublisher7processEv]+0x229): undefined reference to `_getch()'
/usr/bin/ld: main.cpp:(.text._ZN16MinimalPublisher7processEv[_ZN16MinimalPublisher7processEv]+0x443): undefined reference to `AskSave()'
/usr/bin/ld: main.cpp:(.text._ZN16MinimalPublisher7processEv[_ZN16MinimalPublisher7processEv]+0x4fd): undefined reference to `DrawPage()'
/usr/bin/ld: main.cpp:(.text._ZN16MinimalPublisher7processEv[_ZN16MinimalPublisher7processEv]+0x521): undefined reference to `HelpCmd()'
/usr/bin/ld: main.cpp:(.text._ZN16MinimalPublisher7processEv[_ZN16MinimalPublisher7processEv]+0x545): undefined reference to `NextCmd()'
/usr/bin/ld: main.cpp:(.text._ZN16MinimalPublisher7processEv[_ZN16MinimalPublisher7processEv]+0x569): undefined reference to `PrevCmd()'
/usr/bin/ld: main.cpp:(.text._ZN16MinimalPublisher7processEv[_ZN16MinimalPublisher7processEv]+0x58d): undefined reference to `TimeCmd()'
/usr/bin/ld: main.cpp:(.text._ZN16MinimalPublisher7processEv[_ZN16MinimalPublisher7processEv]+0x5b1): undefined reference to `SpeedCmd()'
/usr/bin/ld: main.cpp:(.text._ZN16MinimalPublisher7processEv[_ZN16MinimalPublisher7processEv]+0x5e6): undefined reference to `PageCmd(int)'
/usr/bin/ld: main.cpp:(.text._ZN16MinimalPublisher7processEv[_ZN16MinimalPublisher7processEv]+0x5f7): undefined reference to `PrintCmd(char const*)'
/usr/bin/ld: main.cpp:(.text._ZN16MinimalPublisher7processEv[_ZN16MinimalPublisher7processEv]+0x61b): undefined reference to `PlayCmd()'
/usr/bin/ld: main.cpp:(.text._ZN16MinimalPublisher7processEv[_ZN16MinimalPublisher7processEv]+0x653): undefined reference to `SetValue(unsigned int)'
/usr/bin/ld: main.cpp:(.text._ZN16MinimalPublisher7processEv[_ZN16MinimalPublisher7processEv]+0x664): undefined reference to `PrintCmd(char const*)'
/usr/bin/ld: main.cpp:(.text._ZN16MinimalPublisher7processEv[_ZN16MinimalPublisher7processEv]+0x688): undefined reference to `ListCmd()'
/usr/bin/ld: main.cpp:(.text._ZN16MinimalPublisher7processEv[_ZN16MinimalPublisher7processEv]+0x6c0): undefined reference to `OnOffCmd(bool, int, int*)'
/usr/bin/ld: main.cpp:(.text._ZN16MinimalPublisher7processEv[_ZN16MinimalPublisher7processEv]+0x6f8): undefined reference to `OnOffCmd(bool, int, int*)'
/usr/bin/ld: main.cpp:(.text._ZN16MinimalPublisher7processEv[_ZN16MinimalPublisher7processEv]+0x72d): undefined reference to `WriteStepCmd(int)'
/usr/bin/ld: main.cpp:(.text._ZN16MinimalPublisher7processEv[_ZN16MinimalPublisher7processEv]+0x73e): undefined reference to `PrintCmd(char const*)'
/usr/bin/ld: main.cpp:(.text._ZN16MinimalPublisher7processEv[_ZN16MinimalPublisher7processEv]+0x773): undefined reference to `DeleteStepCmd(int)'
/usr/bin/ld: main.cpp:(.text._ZN16MinimalPublisher7processEv[_ZN16MinimalPublisher7processEv]+0x784): undefined reference to `PrintCmd(char const*)'
/usr/bin/ld: main.cpp:(.text._ZN16MinimalPublisher7processEv[_ZN16MinimalPublisher7processEv]+0x7b6): undefined reference to `InsertStepCmd(int)'
/usr/bin/ld: main.cpp:(.text._ZN16MinimalPublisher7processEv[_ZN16MinimalPublisher7processEv]+0x7c8): undefined reference to `InsertStepCmd(int)'
/usr/bin/ld: main.cpp:(.text._ZN16MinimalPublisher7processEv[_ZN16MinimalPublisher7processEv]+0x805): undefined reference to `MoveStepCmd(int, int)'
/usr/bin/ld: main.cpp:(.text._ZN16MinimalPublisher7processEv[_ZN16MinimalPublisher7processEv]+0x816): undefined reference to `PrintCmd(char const*)'
/usr/bin/ld: main.cpp:(.text._ZN16MinimalPublisher7processEv[_ZN16MinimalPublisher7processEv]+0x84b): undefined reference to `CopyCmd(int)'
/usr/bin/ld: main.cpp:(.text._ZN16MinimalPublisher7processEv[_ZN16MinimalPublisher7processEv]+0x85c): undefined reference to `PrintCmd(char const*)'
/usr/bin/ld: main.cpp:(.text._ZN16MinimalPublisher7processEv[_ZN16MinimalPublisher7processEv]+0x880): undefined reference to `NewCmd()'
/usr/bin/ld: main.cpp:(.text._ZN16MinimalPublisher7processEv[_ZN16MinimalPublisher7processEv]+0x8b5): undefined reference to `GoCmd(int)'
/usr/bin/ld: main.cpp:(.text._ZN16MinimalPublisher7processEv[_ZN16MinimalPublisher7processEv]+0x8c6): undefined reference to `PrintCmd(char const*)'
/usr/bin/ld: main.cpp:(.text._ZN16MinimalPublisher7processEv[_ZN16MinimalPublisher7processEv]+0x8ea): undefined reference to `SaveCmd()'
/usr/bin/ld: main.cpp:(.text._ZN16MinimalPublisher7processEv[_ZN16MinimalPublisher7processEv]+0x90b): undefined reference to `NameCmd()'
/usr/bin/ld: main.cpp:(.text._ZN16MinimalPublisher7processEv[_ZN16MinimalPublisher7processEv]+0x92c): undefined reference to `goInitPage()'
/usr/bin/ld: main.cpp:(.text._ZN16MinimalPublisher7processEv[_ZN16MinimalPublisher7processEv]+0x931): undefined reference to `PlayCmd()'
/usr/bin/ld: main.cpp:(.text._ZN16MinimalPublisher7processEv[_ZN16MinimalPublisher7processEv]+0x936): undefined reference to `backToPage()'
/usr/bin/ld: main.cpp:(.text._ZN16MinimalPublisher7processEv[_ZN16MinimalPublisher7processEv]+0x957): undefined reference to `readServo()'
/usr/bin/ld: main.cpp:(.text._ZN16MinimalPublisher7processEv[_ZN16MinimalPublisher7processEv]+0x965): undefined reference to `PrintCmd(char const*)'
/usr/bin/ld: main.cpp:(.text._ZN16MinimalPublisher7processEv[_ZN16MinimalPublisher7processEv]+0x96a): undefined reference to `EndCommandMode()'
collect2: error: ld returned 1 exit status
make[2]: *** [CMakeFiles/action.dir/build.make:136: action] Error 1
make[1]: *** [CMakeFiles/Makefile2:248: CMakeFiles/action.dir/all] Error 2
make[1]: *** Waiting for unfinished jobs....
[ 88%] Built target gait_publisher
[ 92%] [32m[1mLinking CXX executable decision[0m
[ 92%] Built target decision
[ 96%] [32m[1mLinking CXX executable control[0m
[ 96%] Built target control
[100%] [32m[1mLinking CXX shared library libmotion.so[0m
[100%] Built target motion
make: *** [Makefile:141: all] Error 2
