[0.009s] Invoking command in '/home/robo/ROS2/walk_test/build/control': CMAKE_PREFIX_PATH=/home/robo/ROS2/walk_test/install/dynamixel_sdk_custom_interfaces:/home/robo/ROS2/walk_test/install/control:/opt/ros/foxy LD_LIBRARY_PATH=/home/robo/ROS2/walk_test/install/dynamixel_sdk_custom_interfaces/lib:/home/robo/ROS2/walk_test/install/control/lib:/opt/ros/foxy/opt/yaml_cpp_vendor/lib:/opt/ros/foxy/opt/rviz_ogre_vendor/lib:/opt/ros/foxy/lib/x86_64-linux-gnu:/opt/ros/foxy/lib /usr/bin/cmake --build /home/robo/ROS2/walk_test/build/control -- -j12 -l12
[0.040s] [35m[1mScanning dependencies of target control[0m
[0.041s] [35m[1mScanning dependencies of target motion[0m
[0.054s] [ 19%] Built target decision
[0.054s] [ 19%] Built target gait_publisher
[0.062s] [ 23%] [32mBuilding CXX object CMakeFiles/control.dir/src/control.cpp.o[0m
[0.067s] [ 28%] [32mBuilding CXX object CMakeFiles/motion.dir/src/motion/MotionManager.cpp.o[0m
[0.067s] [ 33%] [32mBuilding CXX object CMakeFiles/motion.dir/src/motion/JointData.cpp.o[0m
[1.078s] [01m[K/home/robo/ROS2/walk_test/src/control/src/motion/MotionManager.cpp:[m[K In constructor â€˜[01m[KRobot::MotionManager::MotionManager(const rclcpp::NodeOptions&)[m[Kâ€™:
[1.078s] [01m[K/home/robo/ROS2/walk_test/src/control/src/motion/MotionManager.cpp:64:26:[m[K [01;31m[Kerror: [m[Kno matching function for call to â€˜[01m[Krclcpp::Node::Node()[m[Kâ€™
[1.078s]    64 |         DEBUG_PRINT(false[01;31m[K)[m[K
[1.078s]       |                          [01;31m[K^[m[K
[1.078s] In file included from [01m[K/opt/ros/foxy/include/rclcpp/executors/single_threaded_executor.hpp:28[m[K,
[1.079s]                  from [01m[K/opt/ros/foxy/include/rclcpp/executors.hpp:22[m[K,
[1.079s]                  from [01m[K/opt/ros/foxy/include/rclcpp/rclcpp.hpp:146[m[K,
[1.079s]                  from [01m[K/home/robo/ROS2/walk_test/src/control/include/MotionManager.h:20[m[K,
[1.079s]                  from [01m[K/home/robo/ROS2/walk_test/src/control/src/motion/MotionManager.cpp:25[m[K:
[1.079s] [01m[K/opt/ros/foxy/include/rclcpp/node.hpp:1193:3:[m[K [01;36m[Knote: [m[Kcandidate: â€˜[01m[Krclcpp::Node::Node(const rclcpp::Node&, const string&)[m[Kâ€™
[1.079s]  1193 |   [01;36m[KNode[m[K(
[1.079s]       |   [01;36m[K^~~~[m[K
[1.079s] [01m[K/opt/ros/foxy/include/rclcpp/node.hpp:1193:3:[m[K [01;36m[Knote: [m[K  candidate expects 2 arguments, 0 provided
[1.079s] [01m[K/opt/ros/foxy/include/rclcpp/node.hpp:98:12:[m[K [01;36m[Knote: [m[Kcandidate: â€˜[01m[Krclcpp::Node::Node(const string&, const string&, const rclcpp::NodeOptions&)[m[Kâ€™
[1.079s]    98 |   explicit [01;36m[KNode[m[K(
[1.079s]       |            [01;36m[K^~~~[m[K
[1.079s] [01m[K/opt/ros/foxy/include/rclcpp/node.hpp:98:12:[m[K [01;36m[Knote: [m[K  candidate expects 3 arguments, 0 provided
[1.079s] [01m[K/opt/ros/foxy/include/rclcpp/node.hpp:86:12:[m[K [01;36m[Knote: [m[Kcandidate: â€˜[01m[Krclcpp::Node::Node(const string&, const rclcpp::NodeOptions&)[m[Kâ€™
[1.079s]    86 |   explicit [01;36m[KNode[m[K(
[1.079s]       |            [01;36m[K^~~~[m[K
[1.079s] [01m[K/opt/ros/foxy/include/rclcpp/node.hpp:86:12:[m[K [01;36m[Knote: [m[K  candidate expects 2 arguments, 0 provided
[1.100s] [01m[K/home/robo/ROS2/walk_test/src/control/src/motion/MotionManager.cpp:[m[K In member function â€˜[01m[Kvoid Robot::MotionManager::topic_callback(std::shared_ptr<sensor_msgs::msg::Imu_<std::allocator<void> > >) const[m[Kâ€™:
[1.100s] [01m[K/home/robo/ROS2/walk_test/src/control/src/motion/MotionManager.cpp:94:15:[m[K [01;35m[Kwarning: [m[Kunused variable â€˜[01m[KIMU_GYRO_X[m[Kâ€™ [[01;35m[K-Wunused-variable[m[K]
[1.100s]    94 |         float [01;35m[KIMU_GYRO_X[m[K = -imu_msg_->angular_velocity.x/10;
[1.100s]       |               [01;35m[K^~~~~~~~~~[m[K
[1.100s] [01m[K/home/robo/ROS2/walk_test/src/control/src/motion/MotionManager.cpp:95:15:[m[K [01;35m[Kwarning: [m[Kunused variable â€˜[01m[KIMU_GYRO_Y[m[Kâ€™ [[01;35m[K-Wunused-variable[m[K]
[1.100s]    95 |         float [01;35m[KIMU_GYRO_Y[m[K  = -imu_msg_->angular_velocity.y/10;
[1.100s]       |               [01;35m[K^~~~~~~~~~[m[K
[1.101s] [01m[K/home/robo/ROS2/walk_test/src/control/src/motion/MotionManager.cpp:[m[K In member function â€˜[01m[Kvoid Robot::MotionManager::topic_callback_walk(std::shared_ptr<dynamixel_sdk_custom_interfaces::msg::Walk_<std::allocator<void> > >) const[m[Kâ€™:
[1.101s] [01m[K/home/robo/ROS2/walk_test/src/control/src/motion/MotionManager.cpp:106:17:[m[K [01;35m[Kwarning: [m[Kstatement has no effect [[01;35m[K-Wunused-value[m[K]
[1.102s]   106 |     [01;35m[Kkeep_walking==true[m[K;
[1.102s]       |     [01;35m[K~~~~~~~~~~~~^~~~~~[m[K
[1.102s] [01m[K/home/robo/ROS2/walk_test/src/control/src/motion/MotionManager.cpp:113:17:[m[K [01;35m[Kwarning: [m[Kstatement has no effect [[01;35m[K-Wunused-value[m[K]
[1.102s]   113 |     [01;35m[Kkeep_walking==false[m[K;
[1.102s]       |     [01;35m[K~~~~~~~~~~~~^~~~~~~[m[K
[1.108s] [01m[K/home/robo/ROS2/walk_test/src/control/src/motion/MotionManager.cpp:[m[K In member function â€˜[01m[Kbool Robot::MotionManager::Initialize(bool)[m[Kâ€™:
[1.108s] [01m[K/home/robo/ROS2/walk_test/src/control/src/motion/MotionManager.cpp:121:6:[m[K [01;35m[Kwarning: [m[Kunused variable â€˜[01m[Kvalue[m[Kâ€™ [[01;35m[K-Wunused-variable[m[K]
[1.108s]   121 |  int [01;35m[Kvalue[m[K, error;
[1.108s]       |      [01;35m[K^~~~~[m[K
[1.108s] [01m[K/home/robo/ROS2/walk_test/src/control/src/motion/MotionManager.cpp:121:13:[m[K [01;35m[Kwarning: [m[Kunused variable â€˜[01m[Kerror[m[Kâ€™ [[01;35m[K-Wunused-variable[m[K]
[1.108s]   121 |  int value, [01;35m[Kerror[m[K;
[1.109s]       |             [01;35m[K^~~~~[m[K
[1.109s] [01m[K/home/robo/ROS2/walk_test/src/control/src/motion/MotionManager.cpp:[m[K In member function â€˜[01m[Kbool Robot::MotionManager::Reinitialize()[m[Kâ€™:
[1.109s] [01m[K/home/robo/ROS2/walk_test/src/control/src/motion/MotionManager.cpp:206:6:[m[K [01;35m[Kwarning: [m[Kunused variable â€˜[01m[Kvalue[m[Kâ€™ [[01;35m[K-Wunused-variable[m[K]
[1.109s]   206 |  int [01;35m[Kvalue[m[K, error;
[1.109s]       |      [01;35m[K^~~~~[m[K
[1.109s] [01m[K/home/robo/ROS2/walk_test/src/control/src/motion/MotionManager.cpp:206:13:[m[K [01;35m[Kwarning: [m[Kunused variable â€˜[01m[Kerror[m[Kâ€™ [[01;35m[K-Wunused-variable[m[K]
[1.109s]   206 |  int value, [01;35m[Kerror[m[K;
[1.109s]       |             [01;35m[K^~~~~[m[K
[1.118s] [01m[K/home/robo/ROS2/walk_test/src/control/src/motion/MotionManager.cpp:[m[K In member function â€˜[01m[Kvoid Robot::MotionManager::Process()[m[Kâ€™:
[1.118s] [01m[K/home/robo/ROS2/walk_test/src/control/src/motion/MotionManager.cpp:361:18:[m[K [01;35m[Kwarning: [m[Kstatement has no effect [[01;35m[K-Wunused-value[m[K]
[1.118s]   361 |  [01;35m[Km_ProcessEnable == true[m[K; // TIRAR DEPOIS
[1.119s]       |  [01;35m[K~~~~~~~~~~~~~~~~^~~~~~~[m[K
[1.119s] [01m[K/home/robo/ROS2/walk_test/src/control/src/motion/MotionManager.cpp:362:14:[m[K [01;35m[Kwarning: [m[Kstatement has no effect [[01;35m[K-Wunused-value[m[K]
[1.119s]   362 |  [01;35m[Km_IsRunning == false[m[K; // TIRAR DEPOIS
[1.119s]       |  [01;35m[K~~~~~~~~~~~~^~~~~~~~[m[K
[1.125s] [01m[K/home/robo/ROS2/walk_test/src/control/src/motion/MotionManager.cpp:404:7:[m[K [01;35m[Kwarning: [m[Kunused variable â€˜[01m[Kjoint_num[m[Kâ€™ [[01;35m[K-Wunused-variable[m[K]
[1.125s]   404 |   int [01;35m[Kjoint_num[m[K = 0;
[1.125s]       |       [01;35m[K^~~~~~~~~[m[K
[3.111s] make[2]: *** [CMakeFiles/motion.dir/build.make:63: CMakeFiles/motion.dir/src/motion/MotionManager.cpp.o] Error 1
[3.111s] make[1]: *** [CMakeFiles/Makefile2:165: CMakeFiles/motion.dir/all] Error 2
[3.111s] make[1]: *** Waiting for unfinished jobs....
[5.273s] [ 38%] [32m[1mLinking CXX executable control[0m
[5.512s] [ 38%] Built target control
[5.512s] make: *** [Makefile:141: all] Error 2
[5.514s] Invoked command in '/home/robo/ROS2/walk_test/build/control' returned '2': CMAKE_PREFIX_PATH=/home/robo/ROS2/walk_test/install/dynamixel_sdk_custom_interfaces:/home/robo/ROS2/walk_test/install/control:/opt/ros/foxy LD_LIBRARY_PATH=/home/robo/ROS2/walk_test/install/dynamixel_sdk_custom_interfaces/lib:/home/robo/ROS2/walk_test/install/control/lib:/opt/ros/foxy/opt/yaml_cpp_vendor/lib:/opt/ros/foxy/opt/rviz_ogre_vendor/lib:/opt/ros/foxy/lib/x86_64-linux-gnu:/opt/ros/foxy/lib /usr/bin/cmake --build /home/robo/ROS2/walk_test/build/control -- -j12 -l12
