[0.009s] Invoking command in '/home/robo/ROS2/walk_test/build/control': CMAKE_PREFIX_PATH=/home/robo/ROS2/walk_test/install/dynamixel_sdk_custom_interfaces:/home/robo/ROS2/walk_test/install/control:/opt/ros/foxy LD_LIBRARY_PATH=/home/robo/ROS2/walk_test/install/dynamixel_sdk_custom_interfaces/lib:/home/robo/ROS2/walk_test/install/control/lib:/opt/ros/foxy/opt/yaml_cpp_vendor/lib:/opt/ros/foxy/opt/rviz_ogre_vendor/lib:/opt/ros/foxy/lib/x86_64-linux-gnu:/opt/ros/foxy/lib /usr/bin/cmake --build /home/robo/ROS2/walk_test/build/control -- -j12 -l12
[0.043s] [35m[1mScanning dependencies of target control[0m
[0.044s] [35m[1mScanning dependencies of target motion[0m
[0.056s] [ 19%] Built target decision
[0.056s] [ 19%] Built target gait_publisher
[0.065s] [ 23%] [32mBuilding CXX object CMakeFiles/control.dir/src/control.cpp.o[0m
[0.070s] [ 28%] [32mBuilding CXX object CMakeFiles/motion.dir/src/motion/MotionManager.cpp.o[0m
[0.070s] [ 33%] [32mBuilding CXX object CMakeFiles/motion.dir/src/motion/JointData.cpp.o[0m
[1.061s] In file included from [01m[K/home/robo/ROS2/walk_test/src/control/src/control.cpp:18[m[K:
[1.062s] [01m[K/home/robo/ROS2/walk_test/src/control/include/MotionManager.h:[m[K In member function â€˜[01m[Kbool Robot::MotionManager::GetEnable()[m[Kâ€™:
[1.062s] [01m[K/home/robo/ROS2/walk_test/src/control/include/MotionManager.h:100:32:[m[K [01;31m[Kerror: [m[Kâ€˜[01m[Km_Enabled[m[Kâ€™ was not declared in this scope
[1.062s]   100 |   bool GetEnable()    { return [01;31m[Km_Enabled[m[K; }
[1.062s]       |                                [01;31m[K^~~~~~~~~[m[K
[1.068s] In file included from [01m[K/home/robo/ROS2/walk_test/src/control/src/motion/JointData.cpp:10[m[K:
[1.068s] [01m[K/home/robo/ROS2/walk_test/src/control/include/MotionManager.h:[m[K In member function â€˜[01m[Kbool Robot::MotionManager::GetEnable()[m[Kâ€™:
[1.068s] [01m[K/home/robo/ROS2/walk_test/src/control/include/MotionManager.h:100:32:[m[K [01;31m[Kerror: [m[Kâ€˜[01m[Km_Enabled[m[Kâ€™ was not declared in this scope
[1.068s]   100 |   bool GetEnable()    { return [01;31m[Km_Enabled[m[K; }
[1.068s]       |                                [01;31m[K^~~~~~~~~[m[K
[1.088s] In file included from [01m[K/home/robo/ROS2/walk_test/src/control/src/motion/MotionManager.cpp:25[m[K:
[1.088s] [01m[K/home/robo/ROS2/walk_test/src/control/include/MotionManager.h:[m[K In member function â€˜[01m[Kbool Robot::MotionManager::GetEnable()[m[Kâ€™:
[1.088s] [01m[K/home/robo/ROS2/walk_test/src/control/include/MotionManager.h:100:32:[m[K [01;31m[Kerror: [m[Kâ€˜[01m[Km_Enabled[m[Kâ€™ was not declared in this scope
[1.088s]   100 |   bool GetEnable()    { return [01;31m[Km_Enabled[m[K; }
[1.088s]       |                                [01;31m[K^~~~~~~~~[m[K
[1.090s] [01m[K/home/robo/ROS2/walk_test/src/control/include/MotionManager.h:[m[K In constructor â€˜[01m[KRobot::MotionManager::MotionManager(const rclcpp::NodeOptions&)[m[Kâ€™:
[1.090s] [01m[K/home/robo/ROS2/walk_test/src/control/include/MotionManager.h:86:8:[m[K [01;35m[Kwarning: [m[Kâ€˜[01m[KRobot::MotionManager::DEBUG_PRINT[m[Kâ€™ will be initialized after [[01;35m[K-Wreorder[m[K]
[1.090s]    86 |   bool [01;35m[KDEBUG_PRINT[m[K;
[1.090s]       |        [01;35m[K^~~~~~~~~~~[m[K
[1.090s] [01m[K/home/robo/ROS2/walk_test/src/control/src/motion/MotionManager.cpp:64:41:[m[K [01;35m[Kwarning: [m[K  base â€˜[01m[Krclcpp::Node[m[Kâ€™ [[01;35m[K-Wreorder[m[K]
[1.090s]    64 |   rclcpp::Node("gait_publisher", options[01;35m[K)[m[K
[1.090s]       |                                         [01;35m[K^[m[K
[1.090s] [01m[K/home/robo/ROS2/walk_test/src/control/src/motion/MotionManager.cpp:56:1:[m[K [01;35m[Kwarning: [m[K  when initialized here [[01;35m[K-Wreorder[m[K]
[1.090s]    56 | [01;35m[KMotionManager[m[K::MotionManager(const rclcpp::NodeOptions & options) :
[1.090s]       | [01;35m[K^~~~~~~~~~~~~[m[K
[1.112s] [01m[K/home/robo/ROS2/walk_test/src/control/src/motion/MotionManager.cpp:[m[K In member function â€˜[01m[Kvoid Robot::MotionManager::topic_callback(std::shared_ptr<sensor_msgs::msg::Imu_<std::allocator<void> > >) const[m[Kâ€™:
[1.112s] [01m[K/home/robo/ROS2/walk_test/src/control/src/motion/MotionManager.cpp:94:15:[m[K [01;35m[Kwarning: [m[Kunused variable â€˜[01m[KIMU_GYRO_X[m[Kâ€™ [[01;35m[K-Wunused-variable[m[K]
[1.112s]    94 |         float [01;35m[KIMU_GYRO_X[m[K = -imu_msg_->angular_velocity.x/10;
[1.112s]       |               [01;35m[K^~~~~~~~~~[m[K
[1.112s] [01m[K/home/robo/ROS2/walk_test/src/control/src/motion/MotionManager.cpp:95:15:[m[K [01;35m[Kwarning: [m[Kunused variable â€˜[01m[KIMU_GYRO_Y[m[Kâ€™ [[01;35m[K-Wunused-variable[m[K]
[1.112s]    95 |         float [01;35m[KIMU_GYRO_Y[m[K  = -imu_msg_->angular_velocity.y/10;
[1.112s]       |               [01;35m[K^~~~~~~~~~[m[K
[1.113s] [01m[K/home/robo/ROS2/walk_test/src/control/src/motion/MotionManager.cpp:[m[K In member function â€˜[01m[Kvoid Robot::MotionManager::topic_callback_walk(std::shared_ptr<dynamixel_sdk_custom_interfaces::msg::Walk_<std::allocator<void> > >) const[m[Kâ€™:
[1.114s] [01m[K/home/robo/ROS2/walk_test/src/control/src/motion/MotionManager.cpp:110:17:[m[K [01;35m[Kwarning: [m[Kstatement has no effect [[01;35m[K-Wunused-value[m[K]
[1.114s]   110 |     [01;35m[Kkeep_walking==true[m[K;
[1.114s]       |     [01;35m[K~~~~~~~~~~~~^~~~~~[m[K
[1.114s] [01m[K/home/robo/ROS2/walk_test/src/control/src/motion/MotionManager.cpp:117:17:[m[K [01;35m[Kwarning: [m[Kstatement has no effect [[01;35m[K-Wunused-value[m[K]
[1.114s]   117 |     [01;35m[Kkeep_walking==false[m[K;
[1.114s]       |     [01;35m[K~~~~~~~~~~~~^~~~~~~[m[K
[1.116s] [01m[K/home/robo/ROS2/walk_test/src/control/src/motion/MotionManager.cpp:[m[K In member function â€˜[01m[Kbool Robot::MotionManager::Initialize(bool)[m[Kâ€™:
[1.116s] [01m[K/home/robo/ROS2/walk_test/src/control/src/motion/MotionManager.cpp:129:2:[m[K [01;31m[Kerror: [m[Kâ€˜[01m[Km_Enabled[m[Kâ€™ was not declared in this scope
[1.116s]   129 |  [01;31m[Km_Enabled[m[K = false;
[1.116s]       |  [01;31m[K^~~~~~~~~[m[K
[1.116s] [01m[K/home/robo/ROS2/walk_test/src/control/src/motion/MotionManager.cpp:125:6:[m[K [01;35m[Kwarning: [m[Kunused variable â€˜[01m[Kvalue[m[Kâ€™ [[01;35m[K-Wunused-variable[m[K]
[1.116s]   125 |  int [01;35m[Kvalue[m[K, error;
[1.116s]       |      [01;35m[K^~~~~[m[K
[1.116s] [01m[K/home/robo/ROS2/walk_test/src/control/src/motion/MotionManager.cpp:125:13:[m[K [01;35m[Kwarning: [m[Kunused variable â€˜[01m[Kerror[m[Kâ€™ [[01;35m[K-Wunused-variable[m[K]
[1.116s]   125 |  int value, [01;35m[Kerror[m[K;
[1.116s]       |             [01;35m[K^~~~~[m[K
[1.116s] [01m[K/home/robo/ROS2/walk_test/src/control/src/motion/MotionManager.cpp:[m[K In member function â€˜[01m[Kbool Robot::MotionManager::Reinitialize()[m[Kâ€™:
[1.116s] [01m[K/home/robo/ROS2/walk_test/src/control/src/motion/MotionManager.cpp:210:6:[m[K [01;35m[Kwarning: [m[Kunused variable â€˜[01m[Kvalue[m[Kâ€™ [[01;35m[K-Wunused-variable[m[K]
[1.116s]   210 |  int [01;35m[Kvalue[m[K, error;
[1.116s]       |      [01;35m[K^~~~~[m[K
[1.116s] [01m[K/home/robo/ROS2/walk_test/src/control/src/motion/MotionManager.cpp:210:13:[m[K [01;35m[Kwarning: [m[Kunused variable â€˜[01m[Kerror[m[Kâ€™ [[01;35m[K-Wunused-variable[m[K]
[1.117s]   210 |  int value, [01;35m[Kerror[m[K;
[1.117s]       |             [01;35m[K^~~~~[m[K
[1.126s] [01m[K/home/robo/ROS2/walk_test/src/control/src/motion/MotionManager.cpp:[m[K In member function â€˜[01m[Kvoid Robot::MotionManager::Process()[m[Kâ€™:
[1.126s] [01m[K/home/robo/ROS2/walk_test/src/control/src/motion/MotionManager.cpp:365:18:[m[K [01;35m[Kwarning: [m[Kstatement has no effect [[01;35m[K-Wunused-value[m[K]
[1.126s]   365 |  [01;35m[Km_ProcessEnable == true[m[K; // TIRAR DEPOIS
[1.126s]       |  [01;35m[K~~~~~~~~~~~~~~~~^~~~~~~[m[K
[1.126s] [01m[K/home/robo/ROS2/walk_test/src/control/src/motion/MotionManager.cpp:366:14:[m[K [01;35m[Kwarning: [m[Kstatement has no effect [[01;35m[K-Wunused-value[m[K]
[1.126s]   366 |  [01;35m[Km_IsRunning == false[m[K; // TIRAR DEPOIS
[1.126s]       |  [01;35m[K~~~~~~~~~~~~^~~~~~~~[m[K
[1.129s] In file included from [01m[K/opt/ros/foxy/include/rclcpp/client.hpp:40[m[K,
[1.129s]                  from [01m[K/opt/ros/foxy/include/rclcpp/callback_group.hpp:23[m[K,
[1.129s]                  from [01m[K/opt/ros/foxy/include/rclcpp/any_executable.hpp:20[m[K,
[1.129s]                  from [01m[K/opt/ros/foxy/include/rclcpp/memory_strategy.hpp:24[m[K,
[1.129s]                  from [01m[K/opt/ros/foxy/include/rclcpp/memory_strategies.hpp:18[m[K,
[1.129s]                  from [01m[K/opt/ros/foxy/include/rclcpp/executor_options.hpp:20[m[K,
[1.129s]                  from [01m[K/opt/ros/foxy/include/rclcpp/executor.hpp:33[m[K,
[1.129s]                  from [01m[K/opt/ros/foxy/include/rclcpp/executors/multi_threaded_executor.hpp:26[m[K,
[1.129s]                  from [01m[K/opt/ros/foxy/include/rclcpp/executors.hpp:21[m[K,
[1.129s]                  from [01m[K/opt/ros/foxy/include/rclcpp/rclcpp.hpp:146[m[K,
[1.129s]                  from [01m[K/home/robo/ROS2/walk_test/src/control/include/MotionManager.h:20[m[K,
[1.129s]                  from [01m[K/home/robo/ROS2/walk_test/src/control/src/motion/MotionManager.cpp:25[m[K:
[1.129s] [01m[K/home/robo/ROS2/walk_test/src/control/src/motion/MotionManager.cpp:376:50:[m[K [01;31m[Kerror: [m[Kâ€˜[01m[Km_Enabled[m[Kâ€™ was not declared in this scope
[1.129s]   376 |  RCLCPP_INFO(rclcpp::get_logger("rclcpp"), "%d", [01;31m[Km_Enabled[m[K);
[1.129s]       |                                                  [01;31m[K^~~~~~~~~[m[K
[1.130s] [01m[K/home/robo/ROS2/walk_test/src/control/src/motion/MotionManager.cpp:379:36:[m[K [01;31m[Kerror: [m[Kâ€˜[01m[Km_Enabled[m[Kâ€™ was not declared in this scope
[1.130s]   379 |     if(m_CalibrationStatus == 1 && [01;31m[Km_Enabled[m[K == true)
[1.130s]       |                                    [01;31m[K^~~~~~~~~[m[K
[1.137s] [01m[K/home/robo/ROS2/walk_test/src/control/src/motion/MotionManager.cpp:408:7:[m[K [01;35m[Kwarning: [m[Kunused variable â€˜[01m[Kjoint_num[m[Kâ€™ [[01;35m[K-Wunused-variable[m[K]
[1.137s]   408 |   int [01;35m[Kjoint_num[m[K = 0;
[1.137s]       |       [01;35m[K^~~~~~~~~[m[K
[1.343s] make[2]: *** [CMakeFiles/motion.dir/build.make:180: CMakeFiles/motion.dir/src/motion/JointData.cpp.o] Error 1
[1.343s] make[2]: *** Waiting for unfinished jobs....
[2.891s] make[2]: *** [CMakeFiles/control.dir/build.make:63: CMakeFiles/control.dir/src/control.cpp.o] Error 1
[2.891s] make[1]: *** [CMakeFiles/Makefile2:111: CMakeFiles/control.dir/all] Error 2
[2.891s] make[1]: *** Waiting for unfinished jobs....
[3.099s] make[2]: *** [CMakeFiles/motion.dir/build.make:63: CMakeFiles/motion.dir/src/motion/MotionManager.cpp.o] Error 1
[3.099s] make[1]: *** [CMakeFiles/Makefile2:165: CMakeFiles/motion.dir/all] Error 2
[3.099s] make: *** [Makefile:141: all] Error 2
[3.100s] Invoked command in '/home/robo/ROS2/walk_test/build/control' returned '2': CMAKE_PREFIX_PATH=/home/robo/ROS2/walk_test/install/dynamixel_sdk_custom_interfaces:/home/robo/ROS2/walk_test/install/control:/opt/ros/foxy LD_LIBRARY_PATH=/home/robo/ROS2/walk_test/install/dynamixel_sdk_custom_interfaces/lib:/home/robo/ROS2/walk_test/install/control/lib:/opt/ros/foxy/opt/yaml_cpp_vendor/lib:/opt/ros/foxy/opt/rviz_ogre_vendor/lib:/opt/ros/foxy/lib/x86_64-linux-gnu:/opt/ros/foxy/lib /usr/bin/cmake --build /home/robo/ROS2/walk_test/build/control -- -j12 -l12
