[0.008s] Invoking command in '/home/robo/ROS2/walk_test/build/control': AMENT_PREFIX_PATH=/home/robo/ROS2/walk_test/install/dynamixel_sdk_custom_interfaces:${AMENT_PREFIX_PATH} CMAKE_PREFIX_PATH=/home/robo/ROS2/walk_test/install/dynamixel_sdk_custom_interfaces:/opt/ros/foxy LD_LIBRARY_PATH=/home/robo/ROS2/walk_test/install/dynamixel_sdk_custom_interfaces/lib:${LD_LIBRARY_PATH} PYTHONPATH=/home/robo/ROS2/walk_test/install/dynamixel_sdk_custom_interfaces/lib/python3.8/site-packages:${PYTHONPATH} /usr/bin/cmake --build /home/robo/ROS2/walk_test/build/control -- -j12 -l12
[0.039s] [35m[1mScanning dependencies of target control[0m
[0.039s] [35m[1mScanning dependencies of target motion[0m
[0.052s] [ 19%] Built target decision
[0.052s] [ 19%] Built target gait_publisher
[0.061s] [ 23%] [32mBuilding CXX object CMakeFiles/control.dir/src/control.cpp.o[0m
[0.065s] [ 28%] [32mBuilding CXX object CMakeFiles/motion.dir/src/motion/MotionManager.cpp.o[0m
[0.065s] [ 33%] [32mBuilding CXX object CMakeFiles/motion.dir/src/motion/JointData.cpp.o[0m
[1.101s] In file included from [01m[K/home/robo/ROS2/walk_test/src/control/src/motion/MotionManager.cpp:25[m[K:
[1.101s] [01m[K/home/robo/ROS2/walk_test/src/control/include/MotionManager.h:[m[K In constructor â€˜[01m[KRobot::MotionManager::MotionManager(const rclcpp::NodeOptions&)[m[Kâ€™:
[1.101s] [01m[K/home/robo/ROS2/walk_test/src/control/include/MotionManager.h:82:8:[m[K [01;35m[Kwarning: [m[Kâ€˜[01m[KRobot::MotionManager::DEBUG_PRINT[m[Kâ€™ will be initialized after [[01;35m[K-Wreorder[m[K]
[1.101s]    82 |   bool [01;35m[KDEBUG_PRINT[m[K;
[1.101s]       |        [01;35m[K^~~~~~~~~~~[m[K
[1.101s] [01m[K/home/robo/ROS2/walk_test/src/control/src/motion/MotionManager.cpp:64:41:[m[K [01;35m[Kwarning: [m[K  base â€˜[01m[Krclcpp::Node[m[Kâ€™ [[01;35m[K-Wreorder[m[K]
[1.101s]    64 |   rclcpp::Node("gait_publisher", options[01;35m[K)[m[K
[1.101s]       |                                         [01;35m[K^[m[K
[1.101s] [01m[K/home/robo/ROS2/walk_test/src/control/src/motion/MotionManager.cpp:55:1:[m[K [01;35m[Kwarning: [m[K  when initialized here [[01;35m[K-Wreorder[m[K]
[1.101s]    55 | [01;35m[KMotionManager[m[K::MotionManager(const rclcpp::NodeOptions & options) :
[1.102s]       | [01;35m[K^~~~~~~~~~~~~[m[K
[1.111s] [01m[K/home/robo/ROS2/walk_test/src/control/src/motion/MotionManager.cpp:67:2:[m[K [01;31m[Kerror: [m[Kâ€˜[01m[Ksubscription_walk[m[Kâ€™ was not declared in this scope; did you mean â€˜[01m[Ksubscription_imu[m[Kâ€™?
[1.111s]    67 |  [01;31m[Ksubscription_walk[m[K = this->create_subscription<dynamixel_sdk_custom_interfaces::msg::Walk>("walking", 10, std::bind(&MotionManager::topic_callback_walk, this, _1));
[1.111s]       |  [01;31m[K^~~~~~~~~~~~~~~~~[m[K
[1.111s]       |  [32m[Ksubscription_imu[m[K
[1.130s] [01m[K/home/robo/ROS2/walk_test/src/control/src/motion/MotionManager.cpp:[m[K In member function â€˜[01m[Kvoid Robot::MotionManager::topic_callback(std::shared_ptr<sensor_msgs::msg::Imu_<std::allocator<void> > >) const[m[Kâ€™:
[1.130s] [01m[K/home/robo/ROS2/walk_test/src/control/src/motion/MotionManager.cpp:94:15:[m[K [01;35m[Kwarning: [m[Kunused variable â€˜[01m[KIMU_GYRO_X[m[Kâ€™ [[01;35m[K-Wunused-variable[m[K]
[1.130s]    94 |         float [01;35m[KIMU_GYRO_X[m[K = -imu_msg_->angular_velocity.x/10;
[1.130s]       |               [01;35m[K^~~~~~~~~~[m[K
[1.130s] [01m[K/home/robo/ROS2/walk_test/src/control/src/motion/MotionManager.cpp:95:15:[m[K [01;35m[Kwarning: [m[Kunused variable â€˜[01m[KIMU_GYRO_Y[m[Kâ€™ [[01;35m[K-Wunused-variable[m[K]
[1.130s]    95 |         float [01;35m[KIMU_GYRO_Y[m[K  = -imu_msg_->angular_velocity.y/10;
[1.130s]       |               [01;35m[K^~~~~~~~~~[m[K
[1.132s] [01m[K/home/robo/ROS2/walk_test/src/control/src/motion/MotionManager.cpp:[m[K In member function â€˜[01m[Kvoid Robot::MotionManager::topic_callback_walk(std::shared_ptr<dynamixel_sdk_custom_interfaces::msg::Walk_<std::allocator<void> > >) const[m[Kâ€™:
[1.132s] [01m[K/home/robo/ROS2/walk_test/src/control/src/motion/MotionManager.cpp:100:29:[m[K [01;31m[Kerror: [m[Kâ€˜[01m[Kconst class std::shared_ptr<dynamixel_sdk_custom_interfaces::msg::Walk_<std::allocator<void> > >[m[Kâ€™ has no member named â€˜[01m[Kwalk[m[Kâ€™
[1.132s]   100 |         int walk = walk_msg.[01;31m[Kwalk[m[K;
[1.132s]       |                             [01;31m[K^~~~[m[K
[1.132s] [01m[K/home/robo/ROS2/walk_test/src/control/src/motion/MotionManager.cpp:102:33:[m[K [01;31m[Kerror: [m[Kpassing â€˜[01m[Kconst Robot::MotionManager[m[Kâ€™ as â€˜[01m[Kthis[m[Kâ€™ argument discards qualifiers [[01;31m[K-fpermissive[m[K]
[1.132s]   102 |    MotionManager::SetEnable(true[01;31m[K)[m[K;
[1.132s]       |                                 [01;31m[K^[m[K
[1.132s] In file included from [01m[K/home/robo/ROS2/walk_test/src/control/src/motion/MotionManager.cpp:25[m[K:
[1.132s] [01m[K/home/robo/ROS2/walk_test/src/control/include/MotionManager.h:95:8:[m[K [01;36m[Knote: [m[K  in call to â€˜[01m[Kvoid Robot::MotionManager::SetEnable(bool)[m[Kâ€™
[1.132s]    95 |   void [01;36m[KSetEnable[m[K(bool enable);
[1.132s]       |        [01;36m[K^~~~~~~~~[m[K
[1.132s] [01m[K/home/robo/ROS2/walk_test/src/control/src/motion/MotionManager.cpp:105:34:[m[K [01;31m[Kerror: [m[Kpassing â€˜[01m[Kconst Robot::MotionManager[m[Kâ€™ as â€˜[01m[Kthis[m[Kâ€™ argument discards qualifiers [[01;31m[K-fpermissive[m[K]
[1.132s]   105 |    MotionManager::SetEnable(false[01;31m[K)[m[K;
[1.132s]       |                                  [01;31m[K^[m[K
[1.132s] In file included from [01m[K/home/robo/ROS2/walk_test/src/control/src/motion/MotionManager.cpp:25[m[K:
[1.132s] [01m[K/home/robo/ROS2/walk_test/src/control/include/MotionManager.h:95:8:[m[K [01;36m[Knote: [m[K  in call to â€˜[01m[Kvoid Robot::MotionManager::SetEnable(bool)[m[Kâ€™
[1.132s]    95 |   void [01;36m[KSetEnable[m[K(bool enable);
[1.132s]       |        [01;36m[K^~~~~~~~~[m[K
[1.138s] [01m[K/home/robo/ROS2/walk_test/src/control/src/motion/MotionManager.cpp:[m[K In member function â€˜[01m[Kbool Robot::MotionManager::Initialize(bool)[m[Kâ€™:
[1.138s] [01m[K/home/robo/ROS2/walk_test/src/control/src/motion/MotionManager.cpp:112:6:[m[K [01;35m[Kwarning: [m[Kunused variable â€˜[01m[Kvalue[m[Kâ€™ [[01;35m[K-Wunused-variable[m[K]
[1.138s]   112 |  int [01;35m[Kvalue[m[K, error;
[1.138s]       |      [01;35m[K^~~~~[m[K
[1.138s] [01m[K/home/robo/ROS2/walk_test/src/control/src/motion/MotionManager.cpp:112:13:[m[K [01;35m[Kwarning: [m[Kunused variable â€˜[01m[Kerror[m[Kâ€™ [[01;35m[K-Wunused-variable[m[K]
[1.138s]   112 |  int value, [01;35m[Kerror[m[K;
[1.139s]       |             [01;35m[K^~~~~[m[K
[1.139s] [01m[K/home/robo/ROS2/walk_test/src/control/src/motion/MotionManager.cpp:[m[K In member function â€˜[01m[Kbool Robot::MotionManager::Reinitialize()[m[Kâ€™:
[1.139s] [01m[K/home/robo/ROS2/walk_test/src/control/src/motion/MotionManager.cpp:197:6:[m[K [01;35m[Kwarning: [m[Kunused variable â€˜[01m[Kvalue[m[Kâ€™ [[01;35m[K-Wunused-variable[m[K]
[1.139s]   197 |  int [01;35m[Kvalue[m[K, error;
[1.139s]       |      [01;35m[K^~~~~[m[K
[1.139s] [01m[K/home/robo/ROS2/walk_test/src/control/src/motion/MotionManager.cpp:197:13:[m[K [01;35m[Kwarning: [m[Kunused variable â€˜[01m[Kerror[m[Kâ€™ [[01;35m[K-Wunused-variable[m[K]
[1.139s]   197 |  int value, [01;35m[Kerror[m[K;
[1.139s]       |             [01;35m[K^~~~~[m[K
[1.148s] [01m[K/home/robo/ROS2/walk_test/src/control/src/motion/MotionManager.cpp:[m[K In member function â€˜[01m[Kvoid Robot::MotionManager::Process()[m[Kâ€™:
[1.148s] [01m[K/home/robo/ROS2/walk_test/src/control/src/motion/MotionManager.cpp:352:18:[m[K [01;35m[Kwarning: [m[Kstatement has no effect [[01;35m[K-Wunused-value[m[K]
[1.148s]   352 |  [01;35m[Km_ProcessEnable == true[m[K; // TIRAR DEPOIS
[1.149s]       |  [01;35m[K~~~~~~~~~~~~~~~~^~~~~~~[m[K
[1.149s] [01m[K/home/robo/ROS2/walk_test/src/control/src/motion/MotionManager.cpp:353:14:[m[K [01;35m[Kwarning: [m[Kstatement has no effect [[01;35m[K-Wunused-value[m[K]
[1.149s]   353 |  [01;35m[Km_IsRunning == false[m[K; // TIRAR DEPOIS
[1.149s]       |  [01;35m[K~~~~~~~~~~~~^~~~~~~~[m[K
[1.155s] [01m[K/home/robo/ROS2/walk_test/src/control/src/motion/MotionManager.cpp:394:7:[m[K [01;35m[Kwarning: [m[Kunused variable â€˜[01m[Kjoint_num[m[Kâ€™ [[01;35m[K-Wunused-variable[m[K]
[1.155s]   394 |   int [01;35m[Kjoint_num[m[K = 0;
[1.155s]       |       [01;35m[K^~~~~~~~~[m[K
[3.115s] make[2]: *** [CMakeFiles/motion.dir/build.make:63: CMakeFiles/motion.dir/src/motion/MotionManager.cpp.o] Error 1
[3.115s] make[1]: *** [CMakeFiles/Makefile2:165: CMakeFiles/motion.dir/all] Error 2
[3.115s] make[1]: *** Waiting for unfinished jobs....
[5.367s] [ 38%] [32m[1mLinking CXX executable control[0m
[5.603s] [ 38%] Built target control
[5.604s] make: *** [Makefile:141: all] Error 2
[5.606s] Invoked command in '/home/robo/ROS2/walk_test/build/control' returned '2': AMENT_PREFIX_PATH=/home/robo/ROS2/walk_test/install/dynamixel_sdk_custom_interfaces:${AMENT_PREFIX_PATH} CMAKE_PREFIX_PATH=/home/robo/ROS2/walk_test/install/dynamixel_sdk_custom_interfaces:/opt/ros/foxy LD_LIBRARY_PATH=/home/robo/ROS2/walk_test/install/dynamixel_sdk_custom_interfaces/lib:${LD_LIBRARY_PATH} PYTHONPATH=/home/robo/ROS2/walk_test/install/dynamixel_sdk_custom_interfaces/lib/python3.8/site-packages:${PYTHONPATH} /usr/bin/cmake --build /home/robo/ROS2/walk_test/build/control -- -j12 -l12
