[01m[K/home/robo/ROS2/walk_test/src/control/src/action_editor/main.cpp:[m[K In member function â€˜[01m[Kint MinimalPublisher::process()[m[Kâ€™:
[01m[K/home/robo/ROS2/walk_test/src/control/src/action_editor/main.cpp:62:22:[m[K [01;31m[Kerror: [m[Kâ€˜[01m[Ksighandler[m[Kâ€™ was not declared in this scope; did you mean â€˜[01m[Ksighandler_t[m[Kâ€™?
   62 |     signal(SIGABRT, &[01;31m[Ksighandler[m[K);
      |                      [01;31m[K^~~~~~~~~~[m[K
      |                      [32m[Ksighandler_t[m[K
[01m[K/home/robo/ROS2/walk_test/src/control/src/action_editor/main.cpp:67:5:[m[K [01;31m[Kerror: [m[Kâ€˜[01m[Kchange_current_dir[m[Kâ€™ was not declared in this scope
   67 |     [01;31m[Kchange_current_dir[m[K();
      |     [01;31m[K^~~~~~~~~~~~~~~~~~[m[K
[01m[K/home/robo/ROS2/walk_test/src/control/src/action_editor/main.cpp:69:5:[m[K [01;31m[Kerror: [m[Kâ€˜[01m[KminIni[m[Kâ€™ was not declared in this scope
   69 |     [01;31m[KminIni[m[K* ini;
      |     [01;31m[K^~~~~~[m[K
[01m[K/home/robo/ROS2/walk_test/src/control/src/action_editor/main.cpp:69:13:[m[K [01;31m[Kerror: [m[Kâ€˜[01m[Kini[m[Kâ€™ was not declared in this scope; did you mean â€˜[01m[Kint[m[Kâ€™?
   69 |     minIni* [01;31m[Kini[m[K;
      |             [01;31m[K^~~[m[K
      |             [32m[Kint[m[K
[01m[K/home/robo/ROS2/walk_test/src/control/src/action_editor/main.cpp:70:15:[m[K [01;31m[Kerror: [m[Kexpected type-specifier before â€˜[01m[KminIni[m[Kâ€™
   70 |     ini = new [01;31m[KminIni[m[K((char *)INI_FILE_PATH);
      |               [01;31m[K^~~~~~[m[K
[01m[K/home/robo/ROS2/walk_test/src/control/src/action_editor/main.cpp:75:8:[m[K [01;31m[Kerror: [m[Kâ€˜[01m[Kargc[m[Kâ€™ was not declared in this scope
   75 |     if([01;31m[Kargc[m[K < 2)
      |        [01;31m[K^~~~[m[K
[01m[K/home/robo/ROS2/walk_test/src/control/src/action_editor/main.cpp:78:26:[m[K [01;31m[Kerror: [m[Kâ€˜[01m[Kargv[m[Kâ€™ was not declared in this scope
   78 |         strcpy(filename, [01;31m[Kargv[m[K[1]);
      |                          [01;31m[K^~~~[m[K
[01m[K/home/robo/ROS2/walk_test/src/control/src/action_editor/main.cpp:85:8:[m[K [01;31m[Kerror: [m[Kâ€˜[01m[KAction[m[Kâ€™ has not been declared
   85 |     if([01;31m[KAction[m[K::GetInstance()->LoadFile(filename) == false)
      |        [01;31m[K^~~~~~[m[K
[01m[K/home/robo/ROS2/walk_test/src/control/src/action_editor/main.cpp:87:16:[m[K [01;35m[Kwarning: [m[Knon-ISO-standard escape sequence, '\e'
   87 |         printf([01;35m[K"Can not open \e[0;31m%s\e[0m\n"[m[K, filename);
      |                [01;35m[K^~~~~~~~~~~~~~~~~~~~~~~~~~~~~~~~[m[K
[01m[K/home/robo/ROS2/walk_test/src/control/src/action_editor/main.cpp:87:16:[m[K [01;35m[Kwarning: [m[Knon-ISO-standard escape sequence, '\e'
[01m[K/home/robo/ROS2/walk_test/src/control/src/action_editor/main.cpp:96:12:[m[K [01;31m[Kerror: [m[Kâ€˜[01m[KAction[m[Kâ€™ has not been declared
   96 |         if([01;31m[KAction[m[K::GetInstance()->CreateFile(filename) == false)
      |            [01;31m[K^~~~~~[m[K
[01m[K/home/robo/ROS2/walk_test/src/control/src/action_editor/main.cpp:98:20:[m[K [01;35m[Kwarning: [m[Knon-ISO-standard escape sequence, '\e'
   98 |             printf([01;35m[K"\e[1;31mFail to create %s\e[0m\n"[m[K, filename);
      |                    [01;35m[K^~~~~~~~~~~~~~~~~~~~~~~~~~~~~~~~~~[m[K
[01m[K/home/robo/ROS2/walk_test/src/control/src/action_editor/main.cpp:98:20:[m[K [01;35m[Kwarning: [m[Knon-ISO-standard escape sequence, '\e'
make[2]: *** [CMakeFiles/action.dir/build.make:63: CMakeFiles/action.dir/src/action_editor/main.cpp.o] Error 1
make[1]: *** [CMakeFiles/Makefile2:248: CMakeFiles/action.dir/all] Error 2
make: *** [Makefile:141: all] Error 2
