[0.009s] Invoking command in '/home/robo/ROS2/walk_test/build/control': CMAKE_PREFIX_PATH=/home/robo/ROS2/walk_test/install/dynamixel_sdk_custom_interfaces:/home/robo/ROS2/walk_test/install/control:/opt/ros/foxy LD_LIBRARY_PATH=/home/robo/ROS2/walk_test/install/dynamixel_sdk_custom_interfaces/lib:/home/robo/ROS2/walk_test/install/control/lib:/opt/ros/foxy/opt/yaml_cpp_vendor/lib:/opt/ros/foxy/opt/rviz_ogre_vendor/lib:/opt/ros/foxy/lib/x86_64-linux-gnu:/opt/ros/foxy/lib /usr/bin/cmake --build /home/robo/ROS2/walk_test/build/control -- -j12 -l12
[0.042s] [35m[1mScanning dependencies of target motion[0m
[0.053s] [ 17%] Built target decision
[0.053s] [ 17%] Built target gait_publisher
[0.054s] [ 26%] Built target control
[0.068s] [ 30%] [32mBuilding CXX object CMakeFiles/motion.dir/src/motion/MotionManager.cpp.o[0m
[1.030s] In file included from [01m[K/home/robo/ROS2/walk_test/src/control/src/motion/MotionManager.cpp:25[m[K:
[1.030s] [01m[K/home/robo/ROS2/walk_test/src/control/include/MotionManager.h:[m[K In constructor â€˜[01m[KRobot::MotionManager::MotionManager(const rclcpp::NodeOptions&)[m[Kâ€™:
[1.030s] [01m[K/home/robo/ROS2/walk_test/src/control/include/MotionManager.h:89:8:[m[K [01;35m[Kwarning: [m[Kâ€˜[01m[KRobot::MotionManager::DEBUG_PRINT[m[Kâ€™ will be initialized after [[01;35m[K-Wreorder[m[K]
[1.030s]    89 |   bool [01;35m[KDEBUG_PRINT[m[K;
[1.030s]       |        [01;35m[K^~~~~~~~~~~[m[K
[1.030s] [01m[K/home/robo/ROS2/walk_test/src/control/src/motion/MotionManager.cpp:74:41:[m[K [01;35m[Kwarning: [m[K  base â€˜[01m[Krclcpp::Node[m[Kâ€™ [[01;35m[K-Wreorder[m[K]
[1.030s]    74 |   rclcpp::Node("gait_publisher", options[01;35m[K)[m[K
[1.030s]       |                                         [01;35m[K^[m[K
[1.030s] [01m[K/home/robo/ROS2/walk_test/src/control/src/motion/MotionManager.cpp:66:1:[m[K [01;35m[Kwarning: [m[K  when initialized here [[01;35m[K-Wreorder[m[K]
[1.030s]    66 | [01;35m[KMotionManager[m[K::MotionManager(const rclcpp::NodeOptions & options) :
[1.030s]       | [01;35m[K^~~~~~~~~~~~~[m[K
[1.054s] [01m[K/home/robo/ROS2/walk_test/src/control/src/motion/MotionManager.cpp:[m[K In member function â€˜[01m[Kvoid Robot::MotionManager::topic_callback(std::shared_ptr<sensor_msgs::msg::Imu_<std::allocator<void> > >) const[m[Kâ€™:
[1.054s] [01m[K/home/robo/ROS2/walk_test/src/control/src/motion/MotionManager.cpp:115:15:[m[K [01;35m[Kwarning: [m[Kunused variable â€˜[01m[KIMU_GYRO_X[m[Kâ€™ [[01;35m[K-Wunused-variable[m[K]
[1.054s]   115 |         float [01;35m[KIMU_GYRO_X[m[K = -imu_msg_->angular_velocity.x/10;
[1.054s]       |               [01;35m[K^~~~~~~~~~[m[K
[1.054s] [01m[K/home/robo/ROS2/walk_test/src/control/src/motion/MotionManager.cpp:116:15:[m[K [01;35m[Kwarning: [m[Kunused variable â€˜[01m[KIMU_GYRO_Y[m[Kâ€™ [[01;35m[K-Wunused-variable[m[K]
[1.054s]   116 |         float [01;35m[KIMU_GYRO_Y[m[K  = -imu_msg_->angular_velocity.y/10;
[1.054s]       |               [01;35m[K^~~~~~~~~~[m[K
[1.056s] [01m[K/home/robo/ROS2/walk_test/src/control/src/motion/MotionManager.cpp:[m[K In member function â€˜[01m[Kvoid Robot::MotionManager::topic_callback_walk(std::shared_ptr<dynamixel_sdk_custom_interfaces::msg::Walk_<std::allocator<void> > >) const[m[Kâ€™:
[1.056s] [01m[K/home/robo/ROS2/walk_test/src/control/src/motion/MotionManager.cpp:122:57:[m[K [01;31m[Kerror: [m[Kâ€˜[01m[Kclass Robot::MotionManager[m[Kâ€™ has no member named â€˜[01m[Kwalk[m[Kâ€™
[1.056s]   122 |   printf("MOVEMENT %d\n", MotionManager::GetInstance()->[01;31m[Kwalk[m[K);
[1.056s]       |                                                         [01;31m[K^~~~[m[K
[1.056s] [01m[K/home/robo/ROS2/walk_test/src/control/src/motion/MotionManager.cpp:123:62:[m[K [01;31m[Kerror: [m[Kâ€˜[01m[Kclass Robot::MotionManager[m[Kâ€™ has no member named â€˜[01m[Kwalk[m[Kâ€™
[1.056s]   123 |   printf("LAST MOVEMENT %d\n", MotionManager::GetInstance()->[01;31m[Kwalk[m[K);
[1.056s]       |                                                              [01;31m[K^~~~[m[K
[1.058s] [01m[K/home/robo/ROS2/walk_test/src/control/src/motion/MotionManager.cpp:[m[K In member function â€˜[01m[Kbool Robot::MotionManager::Initialize(bool)[m[Kâ€™:
[1.058s] [01m[K/home/robo/ROS2/walk_test/src/control/src/motion/MotionManager.cpp:214:6:[m[K [01;35m[Kwarning: [m[Kunused variable â€˜[01m[Kvalue[m[Kâ€™ [[01;35m[K-Wunused-variable[m[K]
[1.058s]   214 |  int [01;35m[Kvalue[m[K, error;
[1.058s]       |      [01;35m[K^~~~~[m[K
[1.058s] [01m[K/home/robo/ROS2/walk_test/src/control/src/motion/MotionManager.cpp:214:13:[m[K [01;35m[Kwarning: [m[Kunused variable â€˜[01m[Kerror[m[Kâ€™ [[01;35m[K-Wunused-variable[m[K]
[1.059s]   214 |  int value, [01;35m[Kerror[m[K;
[1.059s]       |             [01;35m[K^~~~~[m[K
[1.059s] [01m[K/home/robo/ROS2/walk_test/src/control/src/motion/MotionManager.cpp:[m[K In member function â€˜[01m[Kbool Robot::MotionManager::Reinitialize()[m[Kâ€™:
[1.059s] [01m[K/home/robo/ROS2/walk_test/src/control/src/motion/MotionManager.cpp:300:6:[m[K [01;35m[Kwarning: [m[Kunused variable â€˜[01m[Kvalue[m[Kâ€™ [[01;35m[K-Wunused-variable[m[K]
[1.059s]   300 |  int [01;35m[Kvalue[m[K, error;
[1.059s]       |      [01;35m[K^~~~~[m[K
[1.059s] [01m[K/home/robo/ROS2/walk_test/src/control/src/motion/MotionManager.cpp:300:13:[m[K [01;35m[Kwarning: [m[Kunused variable â€˜[01m[Kerror[m[Kâ€™ [[01;35m[K-Wunused-variable[m[K]
[1.059s]   300 |  int value, [01;35m[Kerror[m[K;
[1.059s]       |             [01;35m[K^~~~~[m[K
[1.067s] [01m[K/home/robo/ROS2/walk_test/src/control/src/motion/MotionManager.cpp:[m[K In member function â€˜[01m[Kvoid Robot::MotionManager::Process()[m[Kâ€™:
[1.067s] [01m[K/home/robo/ROS2/walk_test/src/control/src/motion/MotionManager.cpp:466:5:[m[K [01;35m[Kwarning: [m[Kthis â€˜[01m[Kif[m[Kâ€™ clause does not guard... [[01;35m[K-Wmisleading-indentation[m[K]
[1.067s]   466 |     [01;35m[Kif[m[K(MotionManager::GetInstance()->m_ProcessEnable == false || MotionManager::GetInstance()->m_IsRunning == true)
[1.067s]       |     [01;35m[K^~[m[K
[1.067s] [01m[K/home/robo/ROS2/walk_test/src/control/src/motion/MotionManager.cpp:469:2:[m[K [01;36m[Knote: [m[K...this statement, but the latter is misleadingly indented as if it were guarded by the â€˜[01m[Kif[m[Kâ€™
[1.067s]   469 |  [01;36m[KMotionManager[m[K::GetInstance()->m_IsRunning = true;
[1.067s]       |  [01;36m[K^~~~~~~~~~~~~[m[K
[1.073s] [01m[K/home/robo/ROS2/walk_test/src/control/src/motion/MotionManager.cpp:527:7:[m[K [01;35m[Kwarning: [m[Kunused variable â€˜[01m[Kjoint_num[m[Kâ€™ [[01;35m[K-Wunused-variable[m[K]
[1.073s]   527 |   int [01;35m[Kjoint_num[m[K = 0;
[1.073s]       |       [01;35m[K^~~~~~~~~[m[K
[3.281s] make[2]: *** [CMakeFiles/motion.dir/build.make:63: CMakeFiles/motion.dir/src/motion/MotionManager.cpp.o] Error 1
[3.282s] make[1]: *** [CMakeFiles/Makefile2:165: CMakeFiles/motion.dir/all] Error 2
[3.282s] make: *** [Makefile:141: all] Error 2
[3.283s] Invoked command in '/home/robo/ROS2/walk_test/build/control' returned '2': CMAKE_PREFIX_PATH=/home/robo/ROS2/walk_test/install/dynamixel_sdk_custom_interfaces:/home/robo/ROS2/walk_test/install/control:/opt/ros/foxy LD_LIBRARY_PATH=/home/robo/ROS2/walk_test/install/dynamixel_sdk_custom_interfaces/lib:/home/robo/ROS2/walk_test/install/control/lib:/opt/ros/foxy/opt/yaml_cpp_vendor/lib:/opt/ros/foxy/opt/rviz_ogre_vendor/lib:/opt/ros/foxy/lib/x86_64-linux-gnu:/opt/ros/foxy/lib /usr/bin/cmake --build /home/robo/ROS2/walk_test/build/control -- -j12 -l12
