[01m[K/home/robofei/ROS2/action/src/control/src/minimal_pub.cpp:[m[K In lambda function:
[01m[K/home/robofei/ROS2/action/src/control/src/minimal_pub.cpp:52:11:[m[K [01;31m[Kerror: [m[Kâ€˜[01m[Kpublisher_[m[Kâ€™ is not captured
   52 |           [01;31m[Kpublisher_[m[K->publish(message);
      |           [01;31m[K^~~~~~~~~~[m[K
[01m[K/home/robofei/ROS2/action/src/control/src/minimal_pub.cpp:38:10:[m[K [01;36m[Knote: [m[Kthe lambda has no capture-default
   38 |     [this[01;36m[K][m[K(const std::shared_ptr<custom_interfaces::msg::Decision> msg) -> void
      |          [01;36m[K^[m[K
[01m[K/home/robofei/ROS2/action/src/control/src/minimal_pub.cpp:26:71:[m[K [01;36m[Knote: [m[Kâ€˜[01m[Krclcpp::Publisher<custom_interfaces::msg::SetPosition_<std::allocator<void> > >::SharedPtr publisher_[m[Kâ€™ declared here
   26 | clcpp::Publisher<custom_interfaces::msg::SetPosition>::SharedPtr [01;36m[Kpublisher_[m[K;
      |                                                                  [01;36m[K^~~~~~~~~~[m[K

[01m[K/home/robofei/ROS2/action/src/control/src/minimal_pub.cpp:56:11:[m[K [01;31m[Kerror: [m[Kâ€˜[01m[Kpublisher_[m[Kâ€™ is not captured
   56 |           [01;31m[Kpublisher_[m[K->publish(message);
      |           [01;31m[K^~~~~~~~~~[m[K
[01m[K/home/robofei/ROS2/action/src/control/src/minimal_pub.cpp:38:10:[m[K [01;36m[Knote: [m[Kthe lambda has no capture-default
   38 |     [this[01;36m[K][m[K(const std::shared_ptr<custom_interfaces::msg::Decision> msg) -> void
      |          [01;36m[K^[m[K
[01m[K/home/robofei/ROS2/action/src/control/src/minimal_pub.cpp:26:71:[m[K [01;36m[Knote: [m[Kâ€˜[01m[Krclcpp::Publisher<custom_interfaces::msg::SetPosition_<std::allocator<void> > >::SharedPtr publisher_[m[Kâ€™ declared here
   26 | clcpp::Publisher<custom_interfaces::msg::SetPosition>::SharedPtr [01;36m[Kpublisher_[m[K;
      |                                                                  [01;36m[K^~~~~~~~~~[m[K

make[2]: *** [CMakeFiles/minimal_publisher.dir/build.make:63: CMakeFiles/minimal_publisher.dir/src/minimal_pub.cpp.o] Error 1
make[1]: *** [CMakeFiles/Makefile2:105: CMakeFiles/minimal_publisher.dir/all] Error 2
make: *** [Makefile:141: all] Error 2
