[0.011s] Invoking command in '/home/robofei/ROS2/action/build/control': AMENT_PREFIX_PATH=/home/robofei/ROS2/action/install/custom_interfaces:${AMENT_PREFIX_PATH} CMAKE_PREFIX_PATH=/home/robofei/ROS2/action/install/custom_interfaces:/opt/ros/foxy LD_LIBRARY_PATH=/home/robofei/ROS2/action/install/custom_interfaces/lib:${LD_LIBRARY_PATH} PYTHONPATH=/home/robofei/ROS2/action/install/custom_interfaces/lib/python3.8/site-packages:${PYTHONPATH} /usr/bin/cmake --build /home/robofei/ROS2/action/build/control -- -j4 -l4
[0.057s] [35m[1mScanning dependencies of target control[0m
[0.058s] make[2]: *** No rule to make target '/home/robofei/ROS2/action/src/control/src/MotionManager.cpp', needed by 'CMakeFiles/motion.dir/src/MotionManager.cpp.o'.  Stop.
[0.059s] make[1]: *** [CMakeFiles/Makefile2:80: CMakeFiles/motion.dir/all] Error 2
[0.059s] make[1]: *** Waiting for unfinished jobs....
[0.089s] [ 25%] [32mBuilding CXX object CMakeFiles/control.dir/src/control.cpp.o[0m
[1.368s] [01m[K/home/robofei/ROS2/action/src/control/src/control.cpp:44:4:[m[K [01;31m[Kerror: [m[Kexpected â€˜[01m[K;[m[Kâ€™ after class definition
[1.368s]    44 |   }
[1.368s]       |    [01;31m[K^[m[K
[1.368s]       |    [32m[K;[m[K
[1.368s] [01m[K/home/robofei/ROS2/action/src/control/src/control.cpp:[m[K In constructor â€˜[01m[KControl::Control()[m[Kâ€™:
[1.369s] [01m[K/home/robofei/ROS2/action/src/control/src/control.cpp:25:22:[m[K [01;31m[Kerror: [m[Kclass â€˜[01m[KControl[m[Kâ€™ does not have any field named â€˜[01m[Kcount_[m[Kâ€™
[1.369s]    25 |   : Node("control"), [01;31m[Kcount_[m[K(0)
[1.369s]       |                      [01;31m[K^~~~~~[m[K
[1.372s] [01m[K/home/robofei/ROS2/action/src/control/src/control.cpp:28:5:[m[K [01;31m[Kerror: [m[Kâ€˜[01m[Ksubscription_[m[Kâ€™ was not declared in this scope; did you mean â€˜[01m[Krcl_subscription_t[m[Kâ€™?
[1.372s]    28 |     [01;31m[Ksubscription_[m[K = this->create_subscription<custom_interfaces::msg::Decision>(
[1.372s]       |     [01;31m[K^~~~~~~~~~~~~[m[K
[1.372s]       |     [32m[Krcl_subscription_t[m[K
[1.372s] [01m[K/home/robofei/ROS2/action/src/control/src/control.cpp:29:44:[m[K [01;31m[Kerror: [m[Kâ€˜[01m[Ktopic_callback[m[Kâ€™ is not a member of â€˜[01m[KControl[m[Kâ€™
[1.373s]    29 |       "/decision", 10, std::bind(&Control::[01;31m[Ktopic_callback[m[K, this, _1));
[1.373s]       |                                            [01;31m[K^~~~~~~~~~~~~~[m[K
[1.753s] make[2]: *** [CMakeFiles/control.dir/build.make:63: CMakeFiles/control.dir/src/control.cpp.o] Error 1
[1.753s] make[1]: *** [CMakeFiles/Makefile2:107: CMakeFiles/control.dir/all] Error 2
[1.753s] make: *** [Makefile:141: all] Error 2
[1.755s] Invoked command in '/home/robofei/ROS2/action/build/control' returned '2': AMENT_PREFIX_PATH=/home/robofei/ROS2/action/install/custom_interfaces:${AMENT_PREFIX_PATH} CMAKE_PREFIX_PATH=/home/robofei/ROS2/action/install/custom_interfaces:/opt/ros/foxy LD_LIBRARY_PATH=/home/robofei/ROS2/action/install/custom_interfaces/lib:${LD_LIBRARY_PATH} PYTHONPATH=/home/robofei/ROS2/action/install/custom_interfaces/lib/python3.8/site-packages:${PYTHONPATH} /usr/bin/cmake --build /home/robofei/ROS2/action/build/control -- -j4 -l4
