In file included from [01m[K/home/robo/ROS2/walk_test/src/control/src/action_editor/main.cpp:26[m[K:
[01m[K/home/robo/ROS2/walk_test/src/control/include/cmd_process.h:6:10:[m[K [01;31m[Kfatal error: [m[Kdynamixel_sdk_custom_interfaces/msg/set_position.hpp: No such file or directory
    6 | #include [01;31m[K"dynamixel_sdk_custom_interfaces/msg/set_position.hpp"[m[K
      |          [01;31m[K^~~~~~~~~~~~~~~~~~~~~~~~~~~~~~~~~~~~~~~~~~~~~~~~~~~~~~[m[K
compilation terminated.
make[2]: *** [CMakeFiles/action.dir/build.make:63: CMakeFiles/action.dir/src/action_editor/main.cpp.o] Error 1
make[1]: *** [CMakeFiles/Makefile2:248: CMakeFiles/action.dir/all] Error 2
make: *** [Makefile:141: all] Error 2
