[0.008s] Invoking command in '/home/robo/ROS2/walk_test/build/control': AMENT_PREFIX_PATH=/home/robo/ROS2/walk_test/install/dynamixel_sdk_custom_interfaces:${AMENT_PREFIX_PATH} CMAKE_PREFIX_PATH=/home/robo/ROS2/walk_test/install/dynamixel_sdk_custom_interfaces:/opt/ros/foxy LD_LIBRARY_PATH=/home/robo/ROS2/walk_test/install/dynamixel_sdk_custom_interfaces/lib:${LD_LIBRARY_PATH} PYTHONPATH=/home/robo/ROS2/walk_test/install/dynamixel_sdk_custom_interfaces/lib/python3.8/site-packages:${PYTHONPATH} /usr/bin/cmake --build /home/robo/ROS2/walk_test/build/control -- -j12 -l12
[0.041s] [35m[1mScanning dependencies of target action[0m
[0.055s] [ 15%] Built target decision
[0.055s] [ 15%] Built target gait_publisher
[0.056s] [ 23%] Built target control
[0.060s] [ 88%] Built target motion
[0.064s] [ 92%] [32mBuilding CXX object CMakeFiles/action.dir/src/action_editor/cmd_process.cpp.o[0m
[1.013s] [01m[K/home/robo/ROS2/walk_test/src/control/src/action_editor/cmd_process.cpp:34:26:[m[K [01;35m[Kwarning: [m[Knon-ISO-standard escape sequence, '\e'
[1.013s]    34 | const std::string azul = [01;35m[K"\e[0;36m"[m[K;
[1.013s]       |                          [01;35m[K^~~~~~~~~~[m[K
[1.013s] [01m[K/home/robo/ROS2/walk_test/src/control/src/action_editor/cmd_process.cpp:35:27:[m[K [01;35m[Kwarning: [m[Knon-ISO-standard escape sequence, '\e'
[1.013s]    35 | const std::string azulE = [01;35m[K"\e[0;34m"[m[K;
[1.013s]       |                           [01;35m[K^~~~~~~~~~[m[K
[1.014s] [01m[K/home/robo/ROS2/walk_test/src/control/src/action_editor/cmd_process.cpp:36:27:[m[K [01;35m[Kwarning: [m[Knon-ISO-standard escape sequence, '\e'
[1.014s]    36 | const std::string amare = [01;35m[K"\e[0;33m"[m[K;
[1.014s]       |                           [01;35m[K^~~~~~~~~~[m[K
[1.014s] [01m[K/home/robo/ROS2/walk_test/src/control/src/action_editor/cmd_process.cpp:37:27:[m[K [01;35m[Kwarning: [m[Knon-ISO-standard escape sequence, '\e'
[1.014s]    37 | const std::string verde = [01;35m[K"\e[0;32m"[m[K;
[1.014s]       |                           [01;35m[K^~~~~~~~~~[m[K
[1.014s] [01m[K/home/robo/ROS2/walk_test/src/control/src/action_editor/cmd_process.cpp:38:25:[m[K [01;35m[Kwarning: [m[Knon-ISO-standard escape sequence, '\e'
[1.014s]    38 | const std::string red = [01;35m[K"\e[0;31m"[m[K;
[1.014s]       |                         [01;35m[K^~~~~~~~~~[m[K
[1.014s] [01m[K/home/robo/ROS2/walk_test/src/control/src/action_editor/cmd_process.cpp:39:26:[m[K [01;35m[Kwarning: [m[Knon-ISO-standard escape sequence, '\e'
[1.014s]    39 | const std::string gray = [01;35m[K"\e[0;37m"[m[K;
[1.014s]       |                          [01;35m[K^~~~~~~~~~[m[K
[1.014s] [01m[K/home/robo/ROS2/walk_test/src/control/src/action_editor/cmd_process.cpp:40:26:[m[K [01;35m[Kwarning: [m[Knon-ISO-standard escape sequence, '\e'
[1.014s]    40 | const std::string nulo = [01;35m[K"\e[0m"[m[K;
[1.014s]       |                          [01;35m[K^~~~~~~[m[K
[1.014s] [01m[K/home/robo/ROS2/walk_test/src/control/src/action_editor/cmd_process.cpp:42:27:[m[K [01;35m[Kwarning: [m[Knon-ISO-standard escape sequence, '\e'
[1.014s]    42 | const std::string Lazul = [01;35m[K"\e[96m"[m[K;
[1.014s]       |                           [01;35m[K^~~~~~~~[m[K
[1.014s] [01m[K/home/robo/ROS2/walk_test/src/control/src/action_editor/cmd_process.cpp:43:28:[m[K [01;35m[Kwarning: [m[Knon-ISO-standard escape sequence, '\e'
[1.014s]    43 | const std::string LazulE = [01;35m[K"\e[94m"[m[K;
[1.014s]       |                            [01;35m[K^~~~~~~~[m[K
[1.014s] [01m[K/home/robo/ROS2/walk_test/src/control/src/action_editor/cmd_process.cpp:44:28:[m[K [01;35m[Kwarning: [m[Knon-ISO-standard escape sequence, '\e'
[1.015s]    44 | const std::string Lamare = [01;35m[K"\e[93m"[m[K;
[1.015s]       |                            [01;35m[K^~~~~~~~[m[K
[1.015s] [01m[K/home/robo/ROS2/walk_test/src/control/src/action_editor/cmd_process.cpp:45:28:[m[K [01;35m[Kwarning: [m[Knon-ISO-standard escape sequence, '\e'
[1.015s]    45 | const std::string Lverde = [01;35m[K"\e[92m"[m[K;
[1.015s]       |                            [01;35m[K^~~~~~~~[m[K
[1.015s] [01m[K/home/robo/ROS2/walk_test/src/control/src/action_editor/cmd_process.cpp:46:26:[m[K [01;35m[Kwarning: [m[Knon-ISO-standard escape sequence, '\e'
[1.015s]    46 | const std::string Lred = [01;35m[K"\e[91m"[m[K;
[1.015s]       |                          [01;35m[K^~~~~~~~[m[K
[1.015s] [01m[K/home/robo/ROS2/walk_test/src/control/src/action_editor/cmd_process.cpp:47:27:[m[K [01;35m[Kwarning: [m[Knon-ISO-standard escape sequence, '\e'
[1.015s]    47 | const std::string Lgray = [01;35m[K"\e[97m"[m[K;
[1.015s]       |                           [01;35m[K^~~~~~~~[m[K
[1.025s] [01m[K/home/robo/ROS2/walk_test/src/control/src/action_editor/cmd_process.cpp:[m[K In static member function â€˜[01m[Kstatic void MinimalPublisher::ReadStep()[m[Kâ€™:
[1.026s] [01m[K/home/robo/ROS2/walk_test/src/control/src/action_editor/cmd_process.cpp:334:10:[m[K [01;35m[Kwarning: [m[Kunused variable â€˜[01m[Kvalue8[m[Kâ€™ [[01;35m[K-Wunused-variable[m[K]
[1.026s]   334 |  uint8_t [01;35m[Kvalue8[m[K;
[1.026s]       |          [01;35m[K^~~~~~[m[K
[1.026s] [01m[K/home/robo/ROS2/walk_test/src/control/src/action_editor/cmd_process.cpp:335:11:[m[K [01;35m[Kwarning: [m[Kunused variable â€˜[01m[Kvalue32[m[Kâ€™ [[01;35m[K-Wunused-variable[m[K]
[1.026s]   335 |  uint32_t [01;35m[Kvalue32[m[K;
[1.026s]       |           [01;35m[K^~~~~~~[m[K
[1.027s] [01m[K/home/robo/ROS2/walk_test/src/control/src/action_editor/cmd_process.cpp:[m[K In static member function â€˜[01m[Kstatic void MinimalPublisher::DrawIntro()[m[Kâ€™:
[1.027s] [01m[K/home/robo/ROS2/walk_test/src/control/src/action_editor/cmd_process.cpp:538:9:[m[K [01;35m[Kwarning: [m[Knon-ISO-standard escape sequence, '\e'
[1.027s]   538 |  system([01;35m[K"printf '\e[8;27;80t'"[m[K);
[1.027s]       |         [01;35m[K^~~~~~~~~~~~~~~~~~~~~~[m[K
[1.031s] [01m[K/home/robo/ROS2/walk_test/src/control/src/action_editor/cmd_process.cpp:[m[K In member function â€˜[01m[Kvoid MinimalPublisher::SetValue(uint32_t)[m[Kâ€™:
[1.031s] [01m[K/home/robo/ROS2/walk_test/src/control/src/action_editor/cmd_process.cpp:922:13:[m[K [01;35m[Kwarning: [m[Kcomparison of unsigned expression >= 0 is always true [[01;35m[K-Wtype-limits[m[K]
[1.031s]   922 |    if([01;35m[Kvalue >= 0[m[K && value <= 255)
[1.031s]       |       [01;35m[K~~~~~~^~~~[m[K
[1.031s] [01m[K/home/robo/ROS2/walk_test/src/control/src/action_editor/cmd_process.cpp:931:13:[m[K [01;35m[Kwarning: [m[Kcomparison of unsigned expression >= 0 is always true [[01;35m[K-Wtype-limits[m[K]
[1.031s]   931 |    if([01;35m[Kvalue >= 0[m[K && value <= 255)
[1.031s]       |       [01;35m[K~~~~~~^~~~[m[K
[1.035s] [01m[K/home/robo/ROS2/walk_test/src/control/src/action_editor/cmd_process.cpp:1009:13:[m[K [01;35m[Kwarning: [m[Kcomparison of unsigned expression >= 0 is always true [[01;35m[K-Wtype-limits[m[K]
[1.035s]  1009 |    if([01;35m[Kvalue >= 0[m[K && value <= 255)
[1.036s]       |       [01;35m[K~~~~~~^~~~[m[K
[1.036s] [01m[K/home/robo/ROS2/walk_test/src/control/src/action_editor/cmd_process.cpp:1018:13:[m[K [01;35m[Kwarning: [m[Kcomparison of unsigned expression >= 0 is always true [[01;35m[K-Wtype-limits[m[K]
[1.036s]  1018 |    if([01;35m[Kvalue >= 0[m[K && value <= 255)
[1.036s]       |       [01;35m[K~~~~~~^~~~[m[K
[1.036s] [01m[K/home/robo/ROS2/walk_test/src/control/src/action_editor/cmd_process.cpp:1063:13:[m[K [01;35m[Kwarning: [m[Kcomparison of unsigned expression >= 0 is always true [[01;35m[K-Wtype-limits[m[K]
[1.036s]  1063 |    if([01;35m[Kvalue >= 0[m[K && value <= 255)
[1.036s]       |       [01;35m[K~~~~~~^~~~[m[K
[1.036s] [01m[K/home/robo/ROS2/walk_test/src/control/src/action_editor/cmd_process.cpp:1072:13:[m[K [01;35m[Kwarning: [m[Kcomparison of unsigned expression >= 0 is always true [[01;35m[K-Wtype-limits[m[K]
[1.036s]  1072 |    if([01;35m[Kvalue >= 0[m[K && value <= Action::MAXNUM_STEP)
[1.036s]       |       [01;35m[K~~~~~~^~~~[m[K
[1.036s] [01m[K/home/robo/ROS2/walk_test/src/control/src/action_editor/cmd_process.cpp:1088:13:[m[K [01;35m[Kwarning: [m[Kcomparison of unsigned expression >= 0 is always true [[01;35m[K-Wtype-limits[m[K]
[1.036s]  1088 |    if([01;35m[Kvalue >= 0[m[K && value <= 255)
[1.036s]       |       [01;35m[K~~~~~~^~~~[m[K
[1.036s] [01m[K/home/robo/ROS2/walk_test/src/control/src/action_editor/cmd_process.cpp:1097:13:[m[K [01;35m[Kwarning: [m[Kcomparison of unsigned expression >= 0 is always true [[01;35m[K-Wtype-limits[m[K]
[1.036s]  1097 |    if([01;35m[Kvalue >= 0[m[K && value <= 255)
[1.037s]       |       [01;35m[K~~~~~~^~~~[m[K
[1.037s] [01m[K/home/robo/ROS2/walk_test/src/control/src/action_editor/cmd_process.cpp:1106:13:[m[K [01;35m[Kwarning: [m[Kcomparison of unsigned expression >= 0 is always true [[01;35m[K-Wtype-limits[m[K]
[1.037s]  1106 |    if([01;35m[Kvalue >= 0[m[K && value <= 255)
[1.037s]       |       [01;35m[K~~~~~~^~~~[m[K
[1.037s] [01m[K/home/robo/ROS2/walk_test/src/control/src/action_editor/cmd_process.cpp:1115:13:[m[K [01;35m[Kwarning: [m[Kcomparison of unsigned expression >= 0 is always true [[01;35m[K-Wtype-limits[m[K]
[1.037s]  1115 |    if([01;35m[Kvalue >= 0[m[K && value <= 255)
[1.037s]       |       [01;35m[K~~~~~~^~~~[m[K
[1.037s] [01m[K/home/robo/ROS2/walk_test/src/control/src/action_editor/cmd_process.cpp:[m[K In member function â€˜[01m[Kvoid MinimalPublisher::PlayCmd()[m[Kâ€™:
[1.037s] [01m[K/home/robo/ROS2/walk_test/src/control/src/action_editor/cmd_process.cpp:1263:6:[m[K [01;35m[Kwarning: [m[Kunused variable â€˜[01m[Kvalue[m[Kâ€™ [[01;35m[K-Wunused-variable[m[K]
[1.037s]  1263 |  int [01;35m[Kvalue[m[K;
[1.037s]       |      [01;35m[K^~~~~[m[K
[1.038s] [01m[K/home/robo/ROS2/walk_test/src/control/src/action_editor/cmd_process.cpp:[m[K In member function â€˜[01m[Kvoid MinimalPublisher::OnOffCmd(bool, int, int*)[m[Kâ€™:
[1.038s] [01m[K/home/robo/ROS2/walk_test/src/control/src/action_editor/cmd_process.cpp:1389:38:[m[K [01;35m[Kwarning: [m[Kunused parameter â€˜[01m[Kon[m[Kâ€™ [[01;35m[K-Wunused-parameter[m[K]
[1.038s]  1389 | void MinimalPublisher::OnOffCmd([01;35m[Kbool on[m[K, int num_param, int *list)
[1.038s]       |                                 [01;35m[K~~~~~^~[m[K
[1.038s] [01m[K/home/robo/ROS2/walk_test/src/control/src/action_editor/cmd_process.cpp:1389:46:[m[K [01;35m[Kwarning: [m[Kunused parameter â€˜[01m[Knum_param[m[Kâ€™ [[01;35m[K-Wunused-parameter[m[K]
[1.038s]  1389 | void MinimalPublisher::OnOffCmd(bool on, [01;35m[Kint num_param[m[K, int *list)
[1.038s]       |                                          [01;35m[K~~~~^~~~~~~~~[m[K
[1.038s] [01m[K/home/robo/ROS2/walk_test/src/control/src/action_editor/cmd_process.cpp:1389:62:[m[K [01;35m[Kwarning: [m[Kunused parameter â€˜[01m[Klist[m[Kâ€™ [[01;35m[K-Wunused-parameter[m[K]
[1.038s]  1389 | void MinimalPublisher::OnOffCmd(bool on, int num_param, [01;35m[Kint *list[m[K)
[1.038s]       |                                                         [01;35m[K~~~~~^~~~[m[K
[1.039s] [01m[K/home/robo/ROS2/walk_test/src/control/src/action_editor/cmd_process.cpp:[m[K In member function â€˜[01m[Kvoid MinimalPublisher::GoCmd(int)[m[Kâ€™:
[1.039s] [01m[K/home/robo/ROS2/walk_test/src/control/src/action_editor/cmd_process.cpp:1589:6:[m[K [01;35m[Kwarning: [m[Kunused variable â€˜[01m[Kn[m[Kâ€™ [[01;35m[K-Wunused-variable[m[K]
[1.039s]  1589 |  int [01;35m[Kn[m[K = 0;
[1.039s]       |      [01;35m[K^[m[K
[1.040s] [01m[K/home/robo/ROS2/walk_test/src/control/src/action_editor/cmd_process.cpp:1590:10:[m[K [01;35m[Kwarning: [m[Kunused variable â€˜[01m[Kparam[m[Kâ€™ [[01;35m[K-Wunused-variable[m[K]
[1.040s]  1590 |  uint8_t [01;35m[Kparam[m[K[JointData::NUMBER_OF_JOINTS * (1 + MX28::PARAM_BYTES)];
[1.040s]       |          [01;35m[K^~~~~[m[K
[1.040s] [01m[K/home/robo/ROS2/walk_test/src/control/src/action_editor/cmd_process.cpp:1591:11:[m[K [01;35m[Kwarning: [m[Kunused variable â€˜[01m[KwGoalPosition[m[Kâ€™ [[01;35m[K-Wunused-variable[m[K]
[1.040s]  1591 |  uint32_t [01;35m[KwGoalPosition[m[K, wStartPosition, wDistance;
[1.040s]       |           [01;35m[K^~~~~~~~~~~~~[m[K
[1.040s] [01m[K/home/robo/ROS2/walk_test/src/control/src/action_editor/cmd_process.cpp:1591:26:[m[K [01;35m[Kwarning: [m[Kunused variable â€˜[01m[KwStartPosition[m[Kâ€™ [[01;35m[K-Wunused-variable[m[K]
[1.040s]  1591 |  uint32_t wGoalPosition, [01;35m[KwStartPosition[m[K, wDistance;
[1.040s]       |                          [01;35m[K^~~~~~~~~~~~~~[m[K
[1.040s] [01m[K/home/robo/ROS2/walk_test/src/control/src/action_editor/cmd_process.cpp:1591:42:[m[K [01;35m[Kwarning: [m[Kunused variable â€˜[01m[KwDistance[m[Kâ€™ [[01;35m[K-Wunused-variable[m[K]
[1.040s]  1591 |  uint32_t wGoalPosition, wStartPosition, [01;35m[KwDistance[m[K;
[1.040s]       |                                          [01;35m[K^~~~~~~~~[m[K
[1.040s] [01m[K/home/robo/ROS2/walk_test/src/control/src/action_editor/cmd_process.cpp:[m[K In member function â€˜[01m[Kvoid MinimalPublisher::readServo()[m[Kâ€™:
[1.040s] [01m[K/home/robo/ROS2/walk_test/src/control/src/action_editor/cmd_process.cpp:1675:11:[m[K [01;35m[Kwarning: [m[Kunused variable â€˜[01m[Kvalue[m[Kâ€™ [[01;35m[K-Wunused-variable[m[K]
[1.040s]  1675 |  uint32_t [01;35m[Kvalue[m[K;
[1.040s]       |           [01;35m[K^~~~~[m[K
[1.040s] [01m[K/home/robo/ROS2/walk_test/src/control/src/action_editor/cmd_process.cpp:[m[K In static member function â€˜[01m[Kstatic void MinimalPublisher::sighandler(int)[m[Kâ€™:
[1.040s] [01m[K/home/robo/ROS2/walk_test/src/control/src/action_editor/cmd_process.cpp:1707:39:[m[K [01;35m[Kwarning: [m[Kunused parameter â€˜[01m[Ksig[m[Kâ€™ [[01;35m[K-Wunused-parameter[m[K]
[1.040s]  1707 | void MinimalPublisher::sighandler([01;35m[Kint sig[m[K)
[1.041s]       |                                   [01;35m[K~~~~^~~[m[K
[1.043s] [01m[K/home/robo/ROS2/walk_test/src/control/src/action_editor/cmd_process.cpp:[m[K In function â€˜[01m[Kint main(int, char**)[m[Kâ€™:
[1.043s] [01m[K/home/robo/ROS2/walk_test/src/control/src/action_editor/cmd_process.cpp:1730:13:[m[K [01;35m[Kwarning: [m[Kvariable â€˜[01m[Kini[m[Kâ€™ set but not used [[01;35m[K-Wunused-but-set-variable[m[K]
[1.043s]  1730 |     minIni* [01;35m[Kini[m[K;
[1.043s]       |             [01;35m[K^~~[m[K
[1.748s] [01m[K/home/robo/ROS2/walk_test/src/control/src/action_editor/cmd_process.cpp:[m[K In member function â€˜[01m[Kvoid MinimalPublisher::ToggleTorque()[m[Kâ€™:
[1.748s] [01m[K/home/robo/ROS2/walk_test/src/control/src/action_editor/cmd_process.cpp:1144:21:[m[K [01;35m[Kwarning: [m[Kâ€˜[01m[Kvalue[m[Kâ€™ may be used uninitialized in this function [[01;35m[K-Wmaybe-uninitialized[m[K]
[1.748s]  1144 |   [01;35m[KStep.position[id] = value[m[K;
[1.748s]       |   [01;35m[K~~~~~~~~~~~~~~~~~~^~~~~~~[m[K
[2.563s] [ 96%] [32m[1mLinking CXX executable action[0m
[2.685s] /usr/bin/ld: CMakeFiles/action.dir/src/action_editor/cmd_process.cpp.o: in function `MinimalPublisher::process()':
[2.685s] cmd_process.cpp:(.text+0xce3): undefined reference to `MinimalPublisher::PrintCmd(char const*)'
[2.685s] /usr/bin/ld: cmd_process.cpp:(.text+0xd66): undefined reference to `MinimalPublisher::PrintCmd(char const*)'
[2.686s] /usr/bin/ld: cmd_process.cpp:(.text+0xe64): undefined reference to `MinimalPublisher::PrintCmd(char const*)'
[2.686s] /usr/bin/ld: cmd_process.cpp:(.text+0xeb4): undefined reference to `MinimalPublisher::PrintCmd(char const*)'
[2.686s] /usr/bin/ld: cmd_process.cpp:(.text+0xf62): undefined reference to `MinimalPublisher::PrintCmd(char const*)'
[2.686s] /usr/bin/ld: CMakeFiles/action.dir/src/action_editor/cmd_process.cpp.o:cmd_process.cpp:(.text+0xfb2): more undefined references to `MinimalPublisher::PrintCmd(char const*)' follow
[2.686s] collect2: error: ld returned 1 exit status
[2.686s] make[2]: *** [CMakeFiles/action.dir/build.make:152: action] Error 1
[2.687s] make[1]: *** [CMakeFiles/Makefile2:221: CMakeFiles/action.dir/all] Error 2
[2.687s] make: *** [Makefile:141: all] Error 2
[2.688s] Invoked command in '/home/robo/ROS2/walk_test/build/control' returned '2': AMENT_PREFIX_PATH=/home/robo/ROS2/walk_test/install/dynamixel_sdk_custom_interfaces:${AMENT_PREFIX_PATH} CMAKE_PREFIX_PATH=/home/robo/ROS2/walk_test/install/dynamixel_sdk_custom_interfaces:/opt/ros/foxy LD_LIBRARY_PATH=/home/robo/ROS2/walk_test/install/dynamixel_sdk_custom_interfaces/lib:${LD_LIBRARY_PATH} PYTHONPATH=/home/robo/ROS2/walk_test/install/dynamixel_sdk_custom_interfaces/lib/python3.8/site-packages:${PYTHONPATH} /usr/bin/cmake --build /home/robo/ROS2/walk_test/build/control -- -j12 -l12
