[0.012s] Invoking command in '/home/robofei/ROS2/action/build/control': AMENT_PREFIX_PATH=/home/robofei/ROS2/action/install/custom_interfaces:${AMENT_PREFIX_PATH} CMAKE_PREFIX_PATH=/home/robofei/ROS2/action/install/custom_interfaces:/opt/ros/foxy LD_LIBRARY_PATH=/home/robofei/ROS2/action/install/custom_interfaces/lib:${LD_LIBRARY_PATH} PYTHONPATH=/home/robofei/ROS2/action/install/custom_interfaces/lib/python3.8/site-packages:${PYTHONPATH} /usr/bin/cmake --build /home/robofei/ROS2/action/build/control -- -j4 -l4
[0.062s] [35m[1mScanning dependencies of target action_node[0m
[0.096s] [ 50%] [32mBuilding CXX object CMakeFiles/action_node.dir/src/main.cpp.o[0m
[2.386s] [01m[K/home/robofei/ROS2/action/src/control/src/main.cpp:[m[K In member function â€˜[01m[Kvoid ActionNode::topic_callback(std_msgs::msg::String_<std::allocator<void> >::SharedPtr) const[m[Kâ€™:
[2.386s] [01m[K/home/robofei/ROS2/action/src/control/src/main.cpp:90:5:[m[K [01;31m[Kerror: [m[Kâ€˜[01m[KlogInit[m[Kâ€™ was not declared in this scope
[2.386s]    90 |     [01;31m[KlogInit[m[K(); // save the time when start the control process
[2.387s]       |     [01;31m[K^~~~~~~[m[K
[2.387s] [01m[K/home/robofei/ROS2/action/src/control/src/main.cpp:194:26:[m[K [01;35m[Kwarning: [m[Kcomparison with string literal results in unspecified behavior [[01;35m[K-Waddress[m[K]
[2.387s]   194 |             if(movement==[01;35m[K"goodbye"[m[K)
[2.387s]       |                          [01;35m[K^~~~~~~~~[m[K
[2.390s] [01m[K/home/robofei/ROS2/action/src/control/src/main.cpp:195:17:[m[K [01;31m[Kerror: [m[Kâ€˜[01m[KgoodBye[m[Kâ€™ was not declared in this scope
[2.390s]   195 |                 [01;31m[KgoodBye[m[K();
[2.390s]       |                 [01;31m[K^~~~~~~[m[K
[2.390s] [01m[K/home/robofei/ROS2/action/src/control/src/main.cpp:208:51:[m[K [01;35m[Kwarning: [m[Knon-ISO-standard escape sequence, '\e'
[2.390s]   208 |             std::cout << "\rReading BlackBoard" <<[01;35m[K"[\e[38;5;82m"[m[K<< count_read<<"\e[0m] | Tempo ocioso"<<"[\e[38;5;82m"<< count_read*step_time/1000<<"s\e[0m]";
[2.391s]       |                                                   [01;35m[K^~~~~~~~~~~~~~[m[K
[2.391s] [01m[K/home/robofei/ROS2/action/src/control/src/main.cpp:208:80:[m[K [01;35m[Kwarning: [m[Knon-ISO-standard escape sequence, '\e'
[2.391s]   208 | out << "\rReading BlackBoard" <<"[\e[38;5;82m"<< count_read<<[01;35m[K"\e[0m] | Tempo ocioso"[m[K<<"[\e[38;5;82m"<< count_read*step_time/1000<<"s\e[0m]";
[2.391s]       |                                                              [01;35m[K^~~~~~~~~~~~~~~~~~~~~~~[m[K
[2.391s] 
[2.391s] [01m[K/home/robofei/ROS2/action/src/control/src/main.cpp:208:105:[m[K [01;35m[Kwarning: [m[Knon-ISO-standard escape sequence, '\e'
[2.391s]   208 | ard" <<"[\e[38;5;82m"<< count_read<<"\e[0m] | Tempo ocioso"<<[01;35m[K"[\e[38;5;82m"[m[K<< count_read*step_time/1000<<"s\e[0m]";
[2.391s]       |                                                              [01;35m[K^~~~~~~~~~~~~~[m[K
[2.392s] 
[2.392s] [01m[K/home/robofei/ROS2/action/src/control/src/main.cpp:208:149:[m[K [01;35m[Kwarning: [m[Knon-ISO-standard escape sequence, '\e'
[2.392s]   208 | "\e[0m] | Tempo ocioso"<<"[\e[38;5;82m"<< count_read*step_time/1000<<[01;35m[K"s\e[0m]"[m[K;
[2.392s]       |                                                                      [01;35m[K^~~~~~~~~[m[K
[2.392s] 
[2.392s] [01m[K/home/robofei/ROS2/action/src/control/src/main.cpp:226:5:[m[K [01;31m[Kerror: [m[Ka function-definition is not allowed here before â€˜[01m[K{[m[Kâ€™ token
[2.392s]   226 |     [01;31m[K{[m[K
[2.392s]       |     [01;31m[K^[m[K
[2.392s] [01m[K/home/robofei/ROS2/action/src/control/src/main.cpp:242:19:[m[K [01;31m[Kerror: [m[Ka function-definition is not allowed here before â€˜[01m[K{[m[Kâ€™ token
[2.392s]   242 |     void goodbye()[01;31m[K{[m[K
[2.392s]       |                   [01;31m[K^[m[K
[2.392s] [01m[K/home/robofei/ROS2/action/src/control/src/main.cpp:249:5:[m[K [01;31m[Kerror: [m[Ka function-definition is not allowed here before â€˜[01m[K{[m[Kâ€™ token
[2.392s]   249 |     [01;31m[K{[m[K
[2.392s]       |     [01;31m[K^[m[K
[2.393s] [01m[K/home/robofei/ROS2/action/src/control/src/main.cpp:[m[K In function â€˜[01m[Kvoid sighandler(int)[m[Kâ€™:
[2.393s] [01m[K/home/robofei/ROS2/action/src/control/src/main.cpp:277:21:[m[K [01;35m[Kwarning: [m[Kunused parameter â€˜[01m[Ksig[m[Kâ€™ [[01;35m[K-Wunused-parameter[m[K]
[2.393s]   277 | void sighandler([01;35m[Kint sig[m[K)
[2.393s]       |                 [01;35m[K~~~~^~~[m[K
[2.393s] [01m[K/home/robofei/ROS2/action/src/control/src/main.cpp:[m[K In function â€˜[01m[Kint main(int, char**)[m[Kâ€™:
[2.393s] [01m[K/home/robofei/ROS2/action/src/control/src/main.cpp:331:26:[m[K [01;31m[Kerror: [m[Kno matching function for call to â€˜[01m[KGaitMove::GaitMove(minIni*&)[m[Kâ€™
[2.393s]   331 |     GaitMove gaitMove(ini[01;31m[K)[m[K;
[2.393s]       |                          [01;31m[K^[m[K
[2.393s] In file included from [01m[K/home/robofei/ROS2/action/src/control/src/main.cpp:43[m[K:
[2.394s] [01m[K/home/robofei/ROS2/action/src/control/include/GaitMove.hpp:36:9:[m[K [01;36m[Knote: [m[Kcandidate: â€˜[01m[KGaitMove::GaitMove(int*, minIni*)[m[Kâ€™
[2.394s]    36 |         [01;36m[KGaitMove[m[K(int *mem_t, minIni* ini);
[2.394s]       |         [01;36m[K^~~~~~~~[m[K
[2.394s] [01m[K/home/robofei/ROS2/action/src/control/include/GaitMove.hpp:36:9:[m[K [01;36m[Knote: [m[K  candidate expects 2 arguments, 1 provided
[2.394s] [01m[K/home/robofei/ROS2/action/src/control/include/GaitMove.hpp:31:7:[m[K [01;36m[Knote: [m[Kcandidate: â€˜[01m[Kconstexpr GaitMove::GaitMove(const GaitMove&)[m[Kâ€™
[2.394s]    31 | class [01;36m[KGaitMove[m[K
[2.394s]       |       [01;36m[K^~~~~~~~[m[K
[2.394s] [01m[K/home/robofei/ROS2/action/src/control/include/GaitMove.hpp:31:7:[m[K [01;36m[Knote: [m[K  no known conversion for argument 1 from â€˜[01m[KminIni*[m[Kâ€™ to â€˜[01m[Kconst GaitMove&[m[Kâ€™
[4.260s] make[2]: *** [CMakeFiles/action_node.dir/build.make:63: CMakeFiles/action_node.dir/src/main.cpp.o] Error 1
[4.261s] make[1]: *** [CMakeFiles/Makefile2:78: CMakeFiles/action_node.dir/all] Error 2
[4.261s] make: *** [Makefile:141: all] Error 2
[4.263s] Invoked command in '/home/robofei/ROS2/action/build/control' returned '2': AMENT_PREFIX_PATH=/home/robofei/ROS2/action/install/custom_interfaces:${AMENT_PREFIX_PATH} CMAKE_PREFIX_PATH=/home/robofei/ROS2/action/install/custom_interfaces:/opt/ros/foxy LD_LIBRARY_PATH=/home/robofei/ROS2/action/install/custom_interfaces/lib:${LD_LIBRARY_PATH} PYTHONPATH=/home/robofei/ROS2/action/install/custom_interfaces/lib/python3.8/site-packages:${PYTHONPATH} /usr/bin/cmake --build /home/robofei/ROS2/action/build/control -- -j4 -l4
