[0.009s] Invoking command in '/home/robo/ROS2/walk_test/build/control': CMAKE_PREFIX_PATH=/home/robo/ROS2/walk_test/install/dynamixel_sdk_custom_interfaces:/home/robo/ROS2/walk_test/install/control:/opt/ros/foxy LD_LIBRARY_PATH=/home/robo/ROS2/walk_test/install/dynamixel_sdk_custom_interfaces/lib:/home/robo/ROS2/walk_test/install/control/lib:/opt/ros/foxy/opt/yaml_cpp_vendor/lib:/opt/ros/foxy/opt/rviz_ogre_vendor/lib:/opt/ros/foxy/lib/x86_64-linux-gnu:/opt/ros/foxy/lib /usr/bin/cmake --build /home/robo/ROS2/walk_test/build/control -- -j12 -l12
[0.028s] -- Found ament_cmake: 0.9.9 (/opt/ros/foxy/share/ament_cmake/cmake)
[0.044s] -- Using PYTHON_EXECUTABLE: /usr/bin/python3
[0.175s] -- Override CMake install command with custom implementation using symlinks instead of copying resources
[0.180s] -- Found dynamixel_sdk_custom_interfaces: 3.7.40 (/home/robo/ROS2/walk_test/install/dynamixel_sdk_custom_interfaces/share/dynamixel_sdk_custom_interfaces/cmake)
[0.196s] -- Using all available rosidl_typesupport_c: rosidl_typesupport_fastrtps_c;rosidl_typesupport_introspection_c
[0.199s] -- Found rosidl_adapter: 1.2.1 (/opt/ros/foxy/share/rosidl_adapter/cmake)
[0.290s] -- Using all available rosidl_typesupport_cpp: rosidl_typesupport_fastrtps_cpp;rosidl_typesupport_introspection_cpp
[0.324s] -- Found rclcpp: 2.4.1 (/opt/ros/foxy/share/rclcpp/cmake)
[0.352s] -- Found rmw_implementation_cmake: 1.0.3 (/opt/ros/foxy/share/rmw_implementation_cmake/cmake)
[0.353s] -- Using RMW implementation 'rmw_fastrtps_cpp' as default
[0.465s] -- Found sensor_msgs: 2.0.5 (/opt/ros/foxy/share/sensor_msgs/cmake)
[0.555s] -- Found rclcpp_components: 2.4.1 (/opt/ros/foxy/share/rclcpp_components/cmake)
[0.597s] -- Found rosidl_default_generators: 1.0.1 (/opt/ros/foxy/share/rosidl_default_generators/cmake)
[0.610s] -- Found ament_lint_auto: 0.9.6 (/opt/ros/foxy/share/ament_lint_auto/cmake)
[0.659s] -- Added test 'copyright' to check source files copyright and LICENSE
[0.663s] -- Added test 'cppcheck' to perform static code analysis on C / C++ code
[0.664s] -- Configured cppcheck include dirs: /home/robo/ROS2/walk_test/src/control/include;/home/robo/ROS2/walk_test/src/control/src/minIni
[0.664s] -- Configured cppcheck exclude dirs and/or files: 
[0.668s] -- Added test 'cpplint' to check C / C++ code against the Google style
[0.668s] -- Configured cpplint exclude dirs and/or files: 
[0.669s] -- Added test 'flake8' to check Python code syntax and style conventions
[0.671s] -- Added test 'lint_cmake' to check CMake code style
[0.671s] -- Added test 'pep257' to check Python code against some of the style conventions in PEP 257
[0.676s] -- Added test 'uncrustify' to check C / C++ code style
[0.676s] -- Configured uncrustify additional arguments: 
[0.677s] -- Added test 'xmllint' to check XML markup files
[0.679s] -- Configuring done
[0.699s] -- Generating done
[0.701s] -- Build files have been written to: /home/robo/ROS2/walk_test/build/control
[0.721s] [35m[1mScanning dependencies of target action[0m
[0.735s] [ 15%] Built target gait_publisher
[0.735s] [ 15%] Built target decision
[0.735s] [ 23%] Built target control
[0.739s] [ 88%] Built target motion
[0.742s] [ 96%] [32mBuilding CXX object CMakeFiles/action.dir/src/motion/modules/Action.cpp.o[0m
[0.742s] [ 96%] [32mBuilding CXX object CMakeFiles/action.dir/src/action_editor/main.cpp.o[0m
[0.758s] [01m[K/home/robo/ROS2/walk_test/src/control/src/motion/modules/Action.cpp:[m[K In member function â€˜[01m[Kbool Robot::Action::SavePage(int, Robot::Action::PAGE*)[m[Kâ€™:
[0.758s] [01m[K/home/robo/ROS2/walk_test/src/control/src/motion/modules/Action.cpp:261:5:[m[K [01;35m[Kwarning: [m[Kthis â€˜[01m[Kif[m[Kâ€™ clause does not guard... [[01;35m[K-Wmisleading-indentation[m[K]
[0.758s]   261 |     [01;35m[Kif[m[K( fwrite( pPage, 1, sizeof(PAGE), m_ActionFile ) != sizeof(PAGE) )
[0.758s]       |     [01;35m[K^~[m[K
[0.758s] [01m[K/home/robo/ROS2/walk_test/src/control/src/motion/modules/Action.cpp:264:2:[m[K [01;36m[Knote: [m[K...this statement, but the latter is misleadingly indented as if it were guarded by the â€˜[01m[Kif[m[Kâ€™
[0.758s]   264 |  [01;36m[Kreturn[m[K true;
[0.758s]       |  [01;36m[K^~~~~~[m[K
[1.661s] [01m[K/home/robo/ROS2/walk_test/src/control/src/action_editor/main.cpp:[m[K In member function â€˜[01m[Kint MinimalPublisher::process()[m[Kâ€™:
[1.661s] [01m[K/home/robo/ROS2/walk_test/src/control/src/action_editor/main.cpp:89:8:[m[K [01;31m[Kerror: [m[Kâ€˜[01m[KAction[m[Kâ€™ has not been declared
[1.661s]    89 |     if([01;31m[KAction[m[K::GetInstance()->LoadFile(filename) == false)
[1.661s]       |        [01;31m[K^~~~~~[m[K
[1.661s] [01m[K/home/robo/ROS2/walk_test/src/control/src/action_editor/main.cpp:91:16:[m[K [01;35m[Kwarning: [m[Knon-ISO-standard escape sequence, '\e'
[1.661s]    91 |         printf([01;35m[K"Can not open \e[0;31m%s\e[0m\n"[m[K, filename);
[1.661s]       |                [01;35m[K^~~~~~~~~~~~~~~~~~~~~~~~~~~~~~~~[m[K
[1.661s] [01m[K/home/robo/ROS2/walk_test/src/control/src/action_editor/main.cpp:91:16:[m[K [01;35m[Kwarning: [m[Knon-ISO-standard escape sequence, '\e'
[1.662s] [01m[K/home/robo/ROS2/walk_test/src/control/src/action_editor/main.cpp:100:12:[m[K [01;31m[Kerror: [m[Kâ€˜[01m[KAction[m[Kâ€™ has not been declared
[1.662s]   100 |         if([01;31m[KAction[m[K::GetInstance()->CreateFile(filename) == false)
[1.662s]       |            [01;31m[K^~~~~~[m[K
[1.662s] [01m[K/home/robo/ROS2/walk_test/src/control/src/action_editor/main.cpp:102:20:[m[K [01;35m[Kwarning: [m[Knon-ISO-standard escape sequence, '\e'
[1.662s]   102 |             printf([01;35m[K"\e[1;31mFail to create %s\e[0m\n"[m[K, filename);
[1.662s]       |                    [01;35m[K^~~~~~~~~~~~~~~~~~~~~~~~~~~~~~~~~~[m[K
[1.662s] [01m[K/home/robo/ROS2/walk_test/src/control/src/action_editor/main.cpp:102:20:[m[K [01;35m[Kwarning: [m[Knon-ISO-standard escape sequence, '\e'
[1.662s] [01m[K/home/robo/ROS2/walk_test/src/control/src/action_editor/main.cpp:[m[K In function â€˜[01m[Kvoid sighandler(int)[m[Kâ€™:
[1.662s] [01m[K/home/robo/ROS2/walk_test/src/control/src/action_editor/main.cpp:341:21:[m[K [01;35m[Kwarning: [m[Kunused parameter â€˜[01m[Ksig[m[Kâ€™ [[01;35m[K-Wunused-parameter[m[K]
[1.662s]   341 | void sighandler([01;35m[Kint sig[m[K)
[1.662s]       |                 [01;35m[K~~~~^~~[m[K
[1.960s] make[2]: *** [CMakeFiles/action.dir/build.make:63: CMakeFiles/action.dir/src/action_editor/main.cpp.o] Error 1
[1.960s] make[1]: *** [CMakeFiles/Makefile2:248: CMakeFiles/action.dir/all] Error 2
[1.960s] make: *** [Makefile:141: all] Error 2
[1.961s] Invoked command in '/home/robo/ROS2/walk_test/build/control' returned '2': CMAKE_PREFIX_PATH=/home/robo/ROS2/walk_test/install/dynamixel_sdk_custom_interfaces:/home/robo/ROS2/walk_test/install/control:/opt/ros/foxy LD_LIBRARY_PATH=/home/robo/ROS2/walk_test/install/dynamixel_sdk_custom_interfaces/lib:/home/robo/ROS2/walk_test/install/control/lib:/opt/ros/foxy/opt/yaml_cpp_vendor/lib:/opt/ros/foxy/opt/rviz_ogre_vendor/lib:/opt/ros/foxy/lib/x86_64-linux-gnu:/opt/ros/foxy/lib /usr/bin/cmake --build /home/robo/ROS2/walk_test/build/control -- -j12 -l12
