-- Found ament_cmake: 0.9.9 (/opt/ros/foxy/share/ament_cmake/cmake)
-- Using PYTHON_EXECUTABLE: /usr/bin/python3
-- Override CMake install command with custom implementation using symlinks instead of copying resources
-- Found dynamixel_sdk_custom_interfaces: 3.7.40 (/home/robo/ROS2/walk_test/install/dynamixel_sdk_custom_interfaces/share/dynamixel_sdk_custom_interfaces/cmake)
-- Using all available rosidl_typesupport_c: rosidl_typesupport_fastrtps_c;rosidl_typesupport_introspection_c
-- Found rosidl_adapter: 1.2.1 (/opt/ros/foxy/share/rosidl_adapter/cmake)
-- Using all available rosidl_typesupport_cpp: rosidl_typesupport_fastrtps_cpp;rosidl_typesupport_introspection_cpp
-- Found rclcpp: 2.4.1 (/opt/ros/foxy/share/rclcpp/cmake)
-- Found rmw_implementation_cmake: 1.0.3 (/opt/ros/foxy/share/rmw_implementation_cmake/cmake)
-- Using RMW implementation 'rmw_fastrtps_cpp' as default
-- Found sensor_msgs: 2.0.5 (/opt/ros/foxy/share/sensor_msgs/cmake)
-- Found rclcpp_components: 2.4.1 (/opt/ros/foxy/share/rclcpp_components/cmake)
-- Found rosidl_default_generators: 1.0.1 (/opt/ros/foxy/share/rosidl_default_generators/cmake)
-- Found ament_lint_auto: 0.9.6 (/opt/ros/foxy/share/ament_lint_auto/cmake)
-- Added test 'copyright' to check source files copyright and LICENSE
-- Added test 'cppcheck' to perform static code analysis on C / C++ code
-- Configured cppcheck include dirs: /home/robo/ROS2/walk_test/src/control/include;/home/robo/ROS2/walk_test/src/control/src/minIni
-- Configured cppcheck exclude dirs and/or files: 
-- Added test 'cpplint' to check C / C++ code against the Google style
-- Configured cpplint exclude dirs and/or files: 
-- Added test 'flake8' to check Python code syntax and style conventions
-- Added test 'lint_cmake' to check CMake code style
-- Added test 'pep257' to check Python code against some of the style conventions in PEP 257
-- Added test 'uncrustify' to check C / C++ code style
-- Configured uncrustify additional arguments: 
-- Added test 'xmllint' to check XML markup files
-- Configuring done
-- Generating done
-- Build files have been written to: /home/robo/ROS2/walk_test/build/control
[35m[1mScanning dependencies of target action[0m
[ 14%] Built target gait_publisher
[ 14%] Built target decision
[ 22%] Built target control
[ 85%] Built target motion
[ 88%] [32mBuilding CXX object CMakeFiles/action.dir/src/action_editor/cmd_process.cpp.o[0m
[01m[K/home/robo/ROS2/walk_test/src/control/src/action_editor/cmd_process.cpp:983:1:[m[K [01;35m[Kwarning: [m[Kmulti-line comment [[01;35m[K-Wcomment[m[K]
  983 | [01;35m[K/[m[K/  printf(" i                  Inserts data from STP7 to STP0. \n" \
      | [01;35m[K^[m[K
[01m[K/home/robo/ROS2/walk_test/src/control/src/action_editor/cmd_process.cpp:985:1:[m[K [01;35m[Kwarning: [m[Kmulti-line comment [[01;35m[K-Wcomment[m[K]
  985 | [01;35m[K/[m[K/  printf(" i [index]          Inserts data from STP7 to STP[index]. \n" \
      | [01;35m[K^[m[K
[01m[K/home/robo/ROS2/walk_test/src/control/src/action_editor/cmd_process.cpp:25:26:[m[K [01;35m[Kwarning: [m[Knon-ISO-standard escape sequence, '\e'
   25 | const std::string azul = [01;35m[K"\e[0;36m"[m[K;
      |                          [01;35m[K^~~~~~~~~~[m[K
[01m[K/home/robo/ROS2/walk_test/src/control/src/action_editor/cmd_process.cpp:26:27:[m[K [01;35m[Kwarning: [m[Knon-ISO-standard escape sequence, '\e'
   26 | const std::string azulE = [01;35m[K"\e[0;34m"[m[K;
      |                           [01;35m[K^~~~~~~~~~[m[K
[01m[K/home/robo/ROS2/walk_test/src/control/src/action_editor/cmd_process.cpp:27:27:[m[K [01;35m[Kwarning: [m[Knon-ISO-standard escape sequence, '\e'
   27 | const std::string amare = [01;35m[K"\e[0;33m"[m[K;
      |                           [01;35m[K^~~~~~~~~~[m[K
[01m[K/home/robo/ROS2/walk_test/src/control/src/action_editor/cmd_process.cpp:28:27:[m[K [01;35m[Kwarning: [m[Knon-ISO-standard escape sequence, '\e'
   28 | const std::string verde = [01;35m[K"\e[0;32m"[m[K;
      |                           [01;35m[K^~~~~~~~~~[m[K
[01m[K/home/robo/ROS2/walk_test/src/control/src/action_editor/cmd_process.cpp:29:25:[m[K [01;35m[Kwarning: [m[Knon-ISO-standard escape sequence, '\e'
   29 | const std::string red = [01;35m[K"\e[0;31m"[m[K;
      |                         [01;35m[K^~~~~~~~~~[m[K
[01m[K/home/robo/ROS2/walk_test/src/control/src/action_editor/cmd_process.cpp:30:26:[m[K [01;35m[Kwarning: [m[Knon-ISO-standard escape sequence, '\e'
   30 | const std::string gray = [01;35m[K"\e[0;37m"[m[K;
      |                          [01;35m[K^~~~~~~~~~[m[K
[01m[K/home/robo/ROS2/walk_test/src/control/src/action_editor/cmd_process.cpp:31:26:[m[K [01;35m[Kwarning: [m[Knon-ISO-standard escape sequence, '\e'
   31 | const std::string nulo = [01;35m[K"\e[0m"[m[K;
      |                          [01;35m[K^~~~~~~[m[K
[01m[K/home/robo/ROS2/walk_test/src/control/src/action_editor/cmd_process.cpp:33:27:[m[K [01;35m[Kwarning: [m[Knon-ISO-standard escape sequence, '\e'
   33 | const std::string Lazul = [01;35m[K"\e[96m"[m[K;
      |                           [01;35m[K^~~~~~~~[m[K
[01m[K/home/robo/ROS2/walk_test/src/control/src/action_editor/cmd_process.cpp:34:28:[m[K [01;35m[Kwarning: [m[Knon-ISO-standard escape sequence, '\e'
   34 | const std::string LazulE = [01;35m[K"\e[94m"[m[K;
      |                            [01;35m[K^~~~~~~~[m[K
[01m[K/home/robo/ROS2/walk_test/src/control/src/action_editor/cmd_process.cpp:35:28:[m[K [01;35m[Kwarning: [m[Knon-ISO-standard escape sequence, '\e'
   35 | const std::string Lamare = [01;35m[K"\e[93m"[m[K;
      |                            [01;35m[K^~~~~~~~[m[K
[01m[K/home/robo/ROS2/walk_test/src/control/src/action_editor/cmd_process.cpp:36:28:[m[K [01;35m[Kwarning: [m[Knon-ISO-standard escape sequence, '\e'
   36 | const std::string Lverde = [01;35m[K"\e[92m"[m[K;
      |                            [01;35m[K^~~~~~~~[m[K
[01m[K/home/robo/ROS2/walk_test/src/control/src/action_editor/cmd_process.cpp:37:26:[m[K [01;35m[Kwarning: [m[Knon-ISO-standard escape sequence, '\e'
   37 | const std::string Lred = [01;35m[K"\e[91m"[m[K;
      |                          [01;35m[K^~~~~~~~[m[K
[01m[K/home/robo/ROS2/walk_test/src/control/src/action_editor/cmd_process.cpp:38:27:[m[K [01;35m[Kwarning: [m[Knon-ISO-standard escape sequence, '\e'
   38 | const std::string Lgray = [01;35m[K"\e[97m"[m[K;
      |                           [01;35m[K^~~~~~~~[m[K
[ 92%] [32m[1mLinking CXX executable action[0m
/usr/bin/ld: CMakeFiles/action.dir/src/action_editor/cmd_process.cpp.o:(.bss+0x0): multiple definition of `publisher_'; CMakeFiles/action.dir/src/action_editor/main.cpp.o:(.bss+0x0): first defined here
/usr/bin/ld: CMakeFiles/action.dir/src/action_editor/cmd_process.cpp.o:(.bss+0x10): multiple definition of `publisher_single'; CMakeFiles/action.dir/src/action_editor/main.cpp.o:(.bss+0x10): first defined here
collect2: error: ld returned 1 exit status
make[2]: *** [CMakeFiles/action.dir/build.make:166: action] Error 1
make[1]: *** [CMakeFiles/Makefile2:221: CMakeFiles/action.dir/all] Error 2
make: *** [Makefile:141: all] Error 2
