[0.009s] Invoking command in '/home/robo/ROS2/walk_test/build/control': CMAKE_PREFIX_PATH=/home/robo/ROS2/walk_test/install/dynamixel_sdk_custom_interfaces:/home/robo/ROS2/walk_test/install/control:/opt/ros/foxy LD_LIBRARY_PATH=/home/robo/ROS2/walk_test/install/dynamixel_sdk_custom_interfaces/lib:/home/robo/ROS2/walk_test/install/control/lib:/opt/ros/foxy/opt/yaml_cpp_vendor/lib:/opt/ros/foxy/opt/rviz_ogre_vendor/lib:/opt/ros/foxy/lib/x86_64-linux-gnu:/opt/ros/foxy/lib /usr/bin/cmake --build /home/robo/ROS2/walk_test/build/control -- -j12 -l12
[0.028s] -- Found ament_cmake: 0.9.9 (/opt/ros/foxy/share/ament_cmake/cmake)
[0.044s] -- Using PYTHON_EXECUTABLE: /usr/bin/python3
[0.174s] -- Override CMake install command with custom implementation using symlinks instead of copying resources
[0.179s] -- Found dynamixel_sdk_custom_interfaces: 3.7.40 (/home/robo/ROS2/walk_test/install/dynamixel_sdk_custom_interfaces/share/dynamixel_sdk_custom_interfaces/cmake)
[0.196s] -- Using all available rosidl_typesupport_c: rosidl_typesupport_fastrtps_c;rosidl_typesupport_introspection_c
[0.198s] -- Found rosidl_adapter: 1.2.1 (/opt/ros/foxy/share/rosidl_adapter/cmake)
[0.289s] -- Using all available rosidl_typesupport_cpp: rosidl_typesupport_fastrtps_cpp;rosidl_typesupport_introspection_cpp
[0.324s] -- Found rclcpp: 2.4.1 (/opt/ros/foxy/share/rclcpp/cmake)
[0.355s] -- Found rmw_implementation_cmake: 1.0.3 (/opt/ros/foxy/share/rmw_implementation_cmake/cmake)
[0.356s] -- Using RMW implementation 'rmw_fastrtps_cpp' as default
[0.478s] -- Found sensor_msgs: 2.0.5 (/opt/ros/foxy/share/sensor_msgs/cmake)
[0.573s] -- Found rclcpp_components: 2.4.1 (/opt/ros/foxy/share/rclcpp_components/cmake)
[0.616s] -- Found rosidl_default_generators: 1.0.1 (/opt/ros/foxy/share/rosidl_default_generators/cmake)
[0.633s] -- Found ament_lint_auto: 0.9.6 (/opt/ros/foxy/share/ament_lint_auto/cmake)
[0.681s] -- Added test 'copyright' to check source files copyright and LICENSE
[0.686s] -- Added test 'cppcheck' to perform static code analysis on C / C++ code
[0.687s] -- Configured cppcheck include dirs: /home/robo/ROS2/walk_test/src/control/include;/home/robo/ROS2/walk_test/src/control/src/minIni
[0.687s] -- Configured cppcheck exclude dirs and/or files: 
[0.691s] -- Added test 'cpplint' to check C / C++ code against the Google style
[0.691s] -- Configured cpplint exclude dirs and/or files: 
[0.692s] -- Added test 'flake8' to check Python code syntax and style conventions
[0.693s] -- Added test 'lint_cmake' to check CMake code style
[0.694s] -- Added test 'pep257' to check Python code against some of the style conventions in PEP 257
[0.698s] -- Added test 'uncrustify' to check C / C++ code style
[0.698s] -- Configured uncrustify additional arguments: 
[0.699s] -- Added test 'xmllint' to check XML markup files
[0.702s] -- Configuring done
[0.722s] -- Generating done
[0.724s] -- Build files have been written to: /home/robo/ROS2/walk_test/build/control
[0.745s] [35m[1mScanning dependencies of target action[0m
[0.759s] [ 14%] Built target gait_publisher
[0.759s] [ 14%] Built target decision
[0.760s] [ 22%] Built target control
[0.763s] [ 85%] Built target motion
[0.769s] [ 88%] [32mBuilding CXX object CMakeFiles/action.dir/src/action_editor/cmd_process.cpp.o[0m
[0.861s] [01m[K/home/robo/ROS2/walk_test/src/control/src/action_editor/cmd_process.cpp:983:1:[m[K [01;35m[Kwarning: [m[Kmulti-line comment [[01;35m[K-Wcomment[m[K]
[0.861s]   983 | [01;35m[K/[m[K/  printf(" i                  Inserts data from STP7 to STP0. \n" \
[0.861s]       | [01;35m[K^[m[K
[0.861s] [01m[K/home/robo/ROS2/walk_test/src/control/src/action_editor/cmd_process.cpp:985:1:[m[K [01;35m[Kwarning: [m[Kmulti-line comment [[01;35m[K-Wcomment[m[K]
[0.861s]   985 | [01;35m[K/[m[K/  printf(" i [index]          Inserts data from STP7 to STP[index]. \n" \
[0.861s]       | [01;35m[K^[m[K
[1.729s] [01m[K/home/robo/ROS2/walk_test/src/control/src/action_editor/cmd_process.cpp:25:26:[m[K [01;35m[Kwarning: [m[Knon-ISO-standard escape sequence, '\e'
[1.729s]    25 | const std::string azul = [01;35m[K"\e[0;36m"[m[K;
[1.729s]       |                          [01;35m[K^~~~~~~~~~[m[K
[1.729s] [01m[K/home/robo/ROS2/walk_test/src/control/src/action_editor/cmd_process.cpp:26:27:[m[K [01;35m[Kwarning: [m[Knon-ISO-standard escape sequence, '\e'
[1.729s]    26 | const std::string azulE = [01;35m[K"\e[0;34m"[m[K;
[1.729s]       |                           [01;35m[K^~~~~~~~~~[m[K
[1.730s] [01m[K/home/robo/ROS2/walk_test/src/control/src/action_editor/cmd_process.cpp:27:27:[m[K [01;35m[Kwarning: [m[Knon-ISO-standard escape sequence, '\e'
[1.730s]    27 | const std::string amare = [01;35m[K"\e[0;33m"[m[K;
[1.730s]       |                           [01;35m[K^~~~~~~~~~[m[K
[1.730s] [01m[K/home/robo/ROS2/walk_test/src/control/src/action_editor/cmd_process.cpp:28:27:[m[K [01;35m[Kwarning: [m[Knon-ISO-standard escape sequence, '\e'
[1.730s]    28 | const std::string verde = [01;35m[K"\e[0;32m"[m[K;
[1.730s]       |                           [01;35m[K^~~~~~~~~~[m[K
[1.730s] [01m[K/home/robo/ROS2/walk_test/src/control/src/action_editor/cmd_process.cpp:29:25:[m[K [01;35m[Kwarning: [m[Knon-ISO-standard escape sequence, '\e'
[1.730s]    29 | const std::string red = [01;35m[K"\e[0;31m"[m[K;
[1.730s]       |                         [01;35m[K^~~~~~~~~~[m[K
[1.730s] [01m[K/home/robo/ROS2/walk_test/src/control/src/action_editor/cmd_process.cpp:30:26:[m[K [01;35m[Kwarning: [m[Knon-ISO-standard escape sequence, '\e'
[1.730s]    30 | const std::string gray = [01;35m[K"\e[0;37m"[m[K;
[1.730s]       |                          [01;35m[K^~~~~~~~~~[m[K
[1.730s] [01m[K/home/robo/ROS2/walk_test/src/control/src/action_editor/cmd_process.cpp:31:26:[m[K [01;35m[Kwarning: [m[Knon-ISO-standard escape sequence, '\e'
[1.731s]    31 | const std::string nulo = [01;35m[K"\e[0m"[m[K;
[1.731s]       |                          [01;35m[K^~~~~~~[m[K
[1.731s] [01m[K/home/robo/ROS2/walk_test/src/control/src/action_editor/cmd_process.cpp:33:27:[m[K [01;35m[Kwarning: [m[Knon-ISO-standard escape sequence, '\e'
[1.731s]    33 | const std::string Lazul = [01;35m[K"\e[96m"[m[K;
[1.731s]       |                           [01;35m[K^~~~~~~~[m[K
[1.731s] [01m[K/home/robo/ROS2/walk_test/src/control/src/action_editor/cmd_process.cpp:34:28:[m[K [01;35m[Kwarning: [m[Knon-ISO-standard escape sequence, '\e'
[1.731s]    34 | const std::string LazulE = [01;35m[K"\e[94m"[m[K;
[1.731s]       |                            [01;35m[K^~~~~~~~[m[K
[1.731s] [01m[K/home/robo/ROS2/walk_test/src/control/src/action_editor/cmd_process.cpp:35:28:[m[K [01;35m[Kwarning: [m[Knon-ISO-standard escape sequence, '\e'
[1.731s]    35 | const std::string Lamare = [01;35m[K"\e[93m"[m[K;
[1.731s]       |                            [01;35m[K^~~~~~~~[m[K
[1.731s] [01m[K/home/robo/ROS2/walk_test/src/control/src/action_editor/cmd_process.cpp:36:28:[m[K [01;35m[Kwarning: [m[Knon-ISO-standard escape sequence, '\e'
[1.731s]    36 | const std::string Lverde = [01;35m[K"\e[92m"[m[K;
[1.732s]       |                            [01;35m[K^~~~~~~~[m[K
[1.732s] [01m[K/home/robo/ROS2/walk_test/src/control/src/action_editor/cmd_process.cpp:37:26:[m[K [01;35m[Kwarning: [m[Knon-ISO-standard escape sequence, '\e'
[1.732s]    37 | const std::string Lred = [01;35m[K"\e[91m"[m[K;
[1.732s]       |                          [01;35m[K^~~~~~~~[m[K
[1.732s] [01m[K/home/robo/ROS2/walk_test/src/control/src/action_editor/cmd_process.cpp:38:27:[m[K [01;35m[Kwarning: [m[Knon-ISO-standard escape sequence, '\e'
[1.732s]    38 | const std::string Lgray = [01;35m[K"\e[97m"[m[K;
[1.732s]       |                           [01;35m[K^~~~~~~~[m[K
[2.010s] [ 92%] [32m[1mLinking CXX executable action[0m
[2.087s] /usr/bin/ld: CMakeFiles/action.dir/src/action_editor/cmd_process.cpp.o:(.bss+0x0): multiple definition of `publisher_'; CMakeFiles/action.dir/src/action_editor/main.cpp.o:(.bss+0x0): first defined here
[2.087s] /usr/bin/ld: CMakeFiles/action.dir/src/action_editor/cmd_process.cpp.o:(.bss+0x10): multiple definition of `publisher_single'; CMakeFiles/action.dir/src/action_editor/main.cpp.o:(.bss+0x10): first defined here
[2.088s] collect2: error: ld returned 1 exit status
[2.088s] make[2]: *** [CMakeFiles/action.dir/build.make:166: action] Error 1
[2.089s] make[1]: *** [CMakeFiles/Makefile2:221: CMakeFiles/action.dir/all] Error 2
[2.089s] make: *** [Makefile:141: all] Error 2
[2.090s] Invoked command in '/home/robo/ROS2/walk_test/build/control' returned '2': CMAKE_PREFIX_PATH=/home/robo/ROS2/walk_test/install/dynamixel_sdk_custom_interfaces:/home/robo/ROS2/walk_test/install/control:/opt/ros/foxy LD_LIBRARY_PATH=/home/robo/ROS2/walk_test/install/dynamixel_sdk_custom_interfaces/lib:/home/robo/ROS2/walk_test/install/control/lib:/opt/ros/foxy/opt/yaml_cpp_vendor/lib:/opt/ros/foxy/opt/rviz_ogre_vendor/lib:/opt/ros/foxy/lib/x86_64-linux-gnu:/opt/ros/foxy/lib /usr/bin/cmake --build /home/robo/ROS2/walk_test/build/control -- -j12 -l12
