In file included from [01m[K/home/robo/ROS2/walk_test/src/control/src/motion/MotionManager.cpp:25[m[K:
[01m[K/home/robo/ROS2/walk_test/src/control/include/MotionManager.h:[m[K In constructor â€˜[01m[KRobot::MotionManager::MotionManager(const rclcpp::NodeOptions&)[m[Kâ€™:
[01m[K/home/robo/ROS2/walk_test/src/control/include/MotionManager.h:89:8:[m[K [01;35m[Kwarning: [m[Kâ€˜[01m[KRobot::MotionManager::DEBUG_PRINT[m[Kâ€™ will be initialized after [[01;35m[K-Wreorder[m[K]
   89 |   bool [01;35m[KDEBUG_PRINT[m[K;
      |        [01;35m[K^~~~~~~~~~~[m[K
[01m[K/home/robo/ROS2/walk_test/src/control/src/motion/MotionManager.cpp:74:41:[m[K [01;35m[Kwarning: [m[K  base â€˜[01m[Krclcpp::Node[m[Kâ€™ [[01;35m[K-Wreorder[m[K]
   74 |   rclcpp::Node("gait_publisher", options[01;35m[K)[m[K
      |                                         [01;35m[K^[m[K
[01m[K/home/robo/ROS2/walk_test/src/control/src/motion/MotionManager.cpp:66:1:[m[K [01;35m[Kwarning: [m[K  when initialized here [[01;35m[K-Wreorder[m[K]
   66 | [01;35m[KMotionManager[m[K::MotionManager(const rclcpp::NodeOptions & options) :
      | [01;35m[K^~~~~~~~~~~~~[m[K
[01m[K/home/robo/ROS2/walk_test/src/control/src/motion/MotionManager.cpp:[m[K In member function â€˜[01m[Kvoid Robot::MotionManager::topic_callback(std::shared_ptr<sensor_msgs::msg::Imu_<std::allocator<void> > >) const[m[Kâ€™:
[01m[K/home/robo/ROS2/walk_test/src/control/src/motion/MotionManager.cpp:115:15:[m[K [01;35m[Kwarning: [m[Kunused variable â€˜[01m[KIMU_GYRO_X[m[Kâ€™ [[01;35m[K-Wunused-variable[m[K]
  115 |         float [01;35m[KIMU_GYRO_X[m[K = -imu_msg_->angular_velocity.x/10;
      |               [01;35m[K^~~~~~~~~~[m[K
[01m[K/home/robo/ROS2/walk_test/src/control/src/motion/MotionManager.cpp:116:15:[m[K [01;35m[Kwarning: [m[Kunused variable â€˜[01m[KIMU_GYRO_Y[m[Kâ€™ [[01;35m[K-Wunused-variable[m[K]
  116 |         float [01;35m[KIMU_GYRO_Y[m[K  = -imu_msg_->angular_velocity.y/10;
      |               [01;35m[K^~~~~~~~~~[m[K
[01m[K/home/robo/ROS2/walk_test/src/control/src/motion/MotionManager.cpp:[m[K In member function â€˜[01m[Kvoid Robot::MotionManager::topic_callback_walk(std::shared_ptr<dynamixel_sdk_custom_interfaces::msg::Walk_<std::allocator<void> > >) const[m[Kâ€™:
[01m[K/home/robo/ROS2/walk_test/src/control/src/motion/MotionManager.cpp:126:7:[m[K [01;31m[Kerror: [m[Kâ€˜[01m[Kwalk[m[Kâ€™ was not declared in this scope
  126 |   if ([01;31m[Kwalk[m[K != last_movement && walk!=0){ // se a movimentacao mudar e walk for 0 => permite que entra nas movimentacoes. se isso tiver embaixo, da problema pois ele pula movimentacao
      |       [01;31m[K^~~~[m[K
[01m[K/home/robo/ROS2/walk_test/src/control/src/motion/MotionManager.cpp:135:41:[m[K [01;31m[Kerror: [m[Kâ€˜[01m[Kwalk[m[Kâ€™ was not declared in this scope
  135 |    printf("MOVEMENT DENTRO DO IF %d\n", [01;31m[Kwalk[m[K);
      |                                         [01;31m[K^~~~[m[K
[01m[K/home/robo/ROS2/walk_test/src/control/src/motion/MotionManager.cpp:119:107:[m[K [01;35m[Kwarning: [m[Kunused parameter â€˜[01m[Kwalk_msg_[m[Kâ€™ [[01;35m[K-Wunused-parameter[m[K]
  119 | void MotionManager::topic_callback_walk([01;35m[Kconst std::shared_ptr<dynamixel_sdk_custom_interfaces::msg::Walk> walk_msg_[m[K) const
      |                                         [01;35m[K~~~~~~~~~~~~~~~~~~~~~~~~~~~~~~~~~~~~~~~~~~~~~~~~~~~~~~~~~~~~~~~~~~^~~~~~~~~[m[K
[01m[K/home/robo/ROS2/walk_test/src/control/src/motion/MotionManager.cpp:[m[K In member function â€˜[01m[Kbool Robot::MotionManager::Initialize(bool)[m[Kâ€™:
[01m[K/home/robo/ROS2/walk_test/src/control/src/motion/MotionManager.cpp:224:6:[m[K [01;35m[Kwarning: [m[Kunused variable â€˜[01m[Kvalue[m[Kâ€™ [[01;35m[K-Wunused-variable[m[K]
  224 |  int [01;35m[Kvalue[m[K, error;
      |      [01;35m[K^~~~~[m[K
[01m[K/home/robo/ROS2/walk_test/src/control/src/motion/MotionManager.cpp:224:13:[m[K [01;35m[Kwarning: [m[Kunused variable â€˜[01m[Kerror[m[Kâ€™ [[01;35m[K-Wunused-variable[m[K]
  224 |  int value, [01;35m[Kerror[m[K;
      |             [01;35m[K^~~~~[m[K
[01m[K/home/robo/ROS2/walk_test/src/control/src/motion/MotionManager.cpp:[m[K In member function â€˜[01m[Kbool Robot::MotionManager::Reinitialize()[m[Kâ€™:
[01m[K/home/robo/ROS2/walk_test/src/control/src/motion/MotionManager.cpp:310:6:[m[K [01;35m[Kwarning: [m[Kunused variable â€˜[01m[Kvalue[m[Kâ€™ [[01;35m[K-Wunused-variable[m[K]
  310 |  int [01;35m[Kvalue[m[K, error;
      |      [01;35m[K^~~~~[m[K
[01m[K/home/robo/ROS2/walk_test/src/control/src/motion/MotionManager.cpp:310:13:[m[K [01;35m[Kwarning: [m[Kunused variable â€˜[01m[Kerror[m[Kâ€™ [[01;35m[K-Wunused-variable[m[K]
  310 |  int value, [01;35m[Kerror[m[K;
      |             [01;35m[K^~~~~[m[K
[01m[K/home/robo/ROS2/walk_test/src/control/src/motion/MotionManager.cpp:[m[K In member function â€˜[01m[Kvoid Robot::MotionManager::Process()[m[Kâ€™:
[01m[K/home/robo/ROS2/walk_test/src/control/src/motion/MotionManager.cpp:476:5:[m[K [01;35m[Kwarning: [m[Kthis â€˜[01m[Kif[m[Kâ€™ clause does not guard... [[01;35m[K-Wmisleading-indentation[m[K]
  476 |     [01;35m[Kif[m[K(MotionManager::GetInstance()->m_ProcessEnable == false || MotionManager::GetInstance()->m_IsRunning == true)
      |     [01;35m[K^~[m[K
[01m[K/home/robo/ROS2/walk_test/src/control/src/motion/MotionManager.cpp:479:2:[m[K [01;36m[Knote: [m[K...this statement, but the latter is misleadingly indented as if it were guarded by the â€˜[01m[Kif[m[Kâ€™
  479 |  [01;36m[KMotionManager[m[K::GetInstance()->m_IsRunning = true;
      |  [01;36m[K^~~~~~~~~~~~~[m[K
[01m[K/home/robo/ROS2/walk_test/src/control/src/motion/MotionManager.cpp:537:7:[m[K [01;35m[Kwarning: [m[Kunused variable â€˜[01m[Kjoint_num[m[Kâ€™ [[01;35m[K-Wunused-variable[m[K]
  537 |   int [01;35m[Kjoint_num[m[K = 0;
      |       [01;35m[K^~~~~~~~~[m[K
make[2]: *** [CMakeFiles/motion.dir/build.make:63: CMakeFiles/motion.dir/src/motion/MotionManager.cpp.o] Error 1
make[1]: *** [CMakeFiles/Makefile2:165: CMakeFiles/motion.dir/all] Error 2
make: *** [Makefile:141: all] Error 2
