[0.009s] Invoking command in '/home/robo/ROS2/walk_test/build/control': CMAKE_PREFIX_PATH=/home/robo/ROS2/walk_test/install/dynamixel_sdk_custom_interfaces:/home/robo/ROS2/walk_test/install/control:/opt/ros/foxy LD_LIBRARY_PATH=/home/robo/ROS2/walk_test/install/dynamixel_sdk_custom_interfaces/lib:/home/robo/ROS2/walk_test/install/control/lib:/opt/ros/foxy/opt/yaml_cpp_vendor/lib:/opt/ros/foxy/opt/rviz_ogre_vendor/lib:/opt/ros/foxy/lib/x86_64-linux-gnu:/opt/ros/foxy/lib /usr/bin/cmake --build /home/robo/ROS2/walk_test/build/control -- -j12 -l12
[0.042s] [35m[1mScanning dependencies of target motion[0m
[0.054s] [ 19%] Built target decision
[0.054s] [ 19%] Built target gait_publisher
[0.055s] [ 28%] Built target control
[0.067s] [ 33%] [32mBuilding CXX object CMakeFiles/motion.dir/src/motion/MotionManager.cpp.o[0m
[1.030s] In file included from [01m[K/home/robo/ROS2/walk_test/src/control/src/motion/MotionManager.cpp:25[m[K:
[1.030s] [01m[K/home/robo/ROS2/walk_test/src/control/include/MotionManager.h:[m[K In constructor â€˜[01m[KRobot::MotionManager::MotionManager(const rclcpp::NodeOptions&)[m[Kâ€™:
[1.030s] [01m[K/home/robo/ROS2/walk_test/src/control/include/MotionManager.h:84:8:[m[K [01;35m[Kwarning: [m[Kâ€˜[01m[KRobot::MotionManager::DEBUG_PRINT[m[Kâ€™ will be initialized after [[01;35m[K-Wreorder[m[K]
[1.030s]    84 |   bool [01;35m[KDEBUG_PRINT[m[K;
[1.030s]       |        [01;35m[K^~~~~~~~~~~[m[K
[1.030s] [01m[K/home/robo/ROS2/walk_test/src/control/src/motion/MotionManager.cpp:64:41:[m[K [01;35m[Kwarning: [m[K  base â€˜[01m[Krclcpp::Node[m[Kâ€™ [[01;35m[K-Wreorder[m[K]
[1.030s]    64 |   rclcpp::Node("gait_publisher", options[01;35m[K)[m[K
[1.030s]       |                                         [01;35m[K^[m[K
[1.030s] [01m[K/home/robo/ROS2/walk_test/src/control/src/motion/MotionManager.cpp:56:1:[m[K [01;35m[Kwarning: [m[K  when initialized here [[01;35m[K-Wreorder[m[K]
[1.030s]    56 | [01;35m[KMotionManager[m[K::MotionManager(const rclcpp::NodeOptions & options) :
[1.030s]       | [01;35m[K^~~~~~~~~~~~~[m[K
[1.050s] [01m[K/home/robo/ROS2/walk_test/src/control/src/motion/MotionManager.cpp:[m[K In member function â€˜[01m[Kvoid Robot::MotionManager::topic_callback(std::shared_ptr<sensor_msgs::msg::Imu_<std::allocator<void> > >) const[m[Kâ€™:
[1.050s] [01m[K/home/robo/ROS2/walk_test/src/control/src/motion/MotionManager.cpp:94:15:[m[K [01;35m[Kwarning: [m[Kunused variable â€˜[01m[KIMU_GYRO_X[m[Kâ€™ [[01;35m[K-Wunused-variable[m[K]
[1.050s]    94 |         float [01;35m[KIMU_GYRO_X[m[K = -imu_msg_->angular_velocity.x/10;
[1.050s]       |               [01;35m[K^~~~~~~~~~[m[K
[1.050s] [01m[K/home/robo/ROS2/walk_test/src/control/src/motion/MotionManager.cpp:95:15:[m[K [01;35m[Kwarning: [m[Kunused variable â€˜[01m[KIMU_GYRO_Y[m[Kâ€™ [[01;35m[K-Wunused-variable[m[K]
[1.050s]    95 |         float [01;35m[KIMU_GYRO_Y[m[K  = -imu_msg_->angular_velocity.y/10;
[1.050s]       |               [01;35m[K^~~~~~~~~~[m[K
[1.051s] [01m[K/home/robo/ROS2/walk_test/src/control/src/motion/MotionManager.cpp:[m[K In member function â€˜[01m[Kvoid Robot::MotionManager::topic_callback_walk(std::shared_ptr<dynamixel_sdk_custom_interfaces::msg::Walk_<std::allocator<void> > >) const[m[Kâ€™:
[1.051s] [01m[K/home/robo/ROS2/walk_test/src/control/src/motion/MotionManager.cpp:105:5:[m[K [01;31m[Kerror: [m[Kâ€˜[01m[KWalking[m[Kâ€™ has not been declared
[1.051s]   105 |     [01;31m[KWalking[m[K::GetInstance()->m_Joint.SetEnableBody(false);
[1.051s]       |     [01;31m[K^~~~~~~[m[K
[1.052s] [01m[K/home/robo/ROS2/walk_test/src/control/src/motion/MotionManager.cpp:106:14:[m[K [01;31m[Kerror: [m[Kâ€˜[01m[KAction[m[Kâ€™ has not been declared
[1.052s]   106 |              [01;31m[KAction[m[K::GetInstance()->m_Joint.SetEnableBody(true);
[1.052s]       |              [01;31m[K^~~~~~[m[K
[1.052s] [01m[K/home/robo/ROS2/walk_test/src/control/src/motion/MotionManager.cpp:108:17:[m[K [01;35m[Kwarning: [m[Kstatement has no effect [[01;35m[K-Wunused-value[m[K]
[1.052s]   108 |     [01;35m[Kkeep_walking==true[m[K;
[1.052s]       |     [01;35m[K~~~~~~~~~~~~^~~~~~[m[K
[1.052s] [01m[K/home/robo/ROS2/walk_test/src/control/src/motion/MotionManager.cpp:115:17:[m[K [01;35m[Kwarning: [m[Kstatement has no effect [[01;35m[K-Wunused-value[m[K]
[1.052s]   115 |     [01;35m[Kkeep_walking==false[m[K;
[1.052s]       |     [01;35m[K~~~~~~~~~~~~^~~~~~~[m[K
[1.052s] [01m[K/home/robo/ROS2/walk_test/src/control/src/motion/MotionManager.cpp:[m[K In member function â€˜[01m[Kbool Robot::MotionManager::Initialize(bool)[m[Kâ€™:
[1.052s] [01m[K/home/robo/ROS2/walk_test/src/control/src/motion/MotionManager.cpp:123:6:[m[K [01;35m[Kwarning: [m[Kunused variable â€˜[01m[Kvalue[m[Kâ€™ [[01;35m[K-Wunused-variable[m[K]
[1.052s]   123 |  int [01;35m[Kvalue[m[K, error;
[1.052s]       |      [01;35m[K^~~~~[m[K
[1.052s] [01m[K/home/robo/ROS2/walk_test/src/control/src/motion/MotionManager.cpp:123:13:[m[K [01;35m[Kwarning: [m[Kunused variable â€˜[01m[Kerror[m[Kâ€™ [[01;35m[K-Wunused-variable[m[K]
[1.052s]   123 |  int value, [01;35m[Kerror[m[K;
[1.052s]       |             [01;35m[K^~~~~[m[K
[1.052s] [01m[K/home/robo/ROS2/walk_test/src/control/src/motion/MotionManager.cpp:[m[K In member function â€˜[01m[Kbool Robot::MotionManager::Reinitialize()[m[Kâ€™:
[1.052s] [01m[K/home/robo/ROS2/walk_test/src/control/src/motion/MotionManager.cpp:208:6:[m[K [01;35m[Kwarning: [m[Kunused variable â€˜[01m[Kvalue[m[Kâ€™ [[01;35m[K-Wunused-variable[m[K]
[1.052s]   208 |  int [01;35m[Kvalue[m[K, error;
[1.052s]       |      [01;35m[K^~~~~[m[K
[1.052s] [01m[K/home/robo/ROS2/walk_test/src/control/src/motion/MotionManager.cpp:208:13:[m[K [01;35m[Kwarning: [m[Kunused variable â€˜[01m[Kerror[m[Kâ€™ [[01;35m[K-Wunused-variable[m[K]
[1.053s]   208 |  int value, [01;35m[Kerror[m[K;
[1.053s]       |             [01;35m[K^~~~~[m[K
[1.061s] [01m[K/home/robo/ROS2/walk_test/src/control/src/motion/MotionManager.cpp:[m[K In member function â€˜[01m[Kvoid Robot::MotionManager::Process()[m[Kâ€™:
[1.061s] [01m[K/home/robo/ROS2/walk_test/src/control/src/motion/MotionManager.cpp:363:18:[m[K [01;35m[Kwarning: [m[Kstatement has no effect [[01;35m[K-Wunused-value[m[K]
[1.061s]   363 |  [01;35m[Km_ProcessEnable == true[m[K; // TIRAR DEPOIS
[1.061s]       |  [01;35m[K~~~~~~~~~~~~~~~~^~~~~~~[m[K
[1.061s] [01m[K/home/robo/ROS2/walk_test/src/control/src/motion/MotionManager.cpp:364:14:[m[K [01;35m[Kwarning: [m[Kstatement has no effect [[01;35m[K-Wunused-value[m[K]
[1.061s]   364 |  [01;35m[Km_IsRunning == false[m[K; // TIRAR DEPOIS
[1.061s]       |  [01;35m[K~~~~~~~~~~~~^~~~~~~~[m[K
[1.067s] [01m[K/home/robo/ROS2/walk_test/src/control/src/motion/MotionManager.cpp:406:7:[m[K [01;35m[Kwarning: [m[Kunused variable â€˜[01m[Kjoint_num[m[Kâ€™ [[01;35m[K-Wunused-variable[m[K]
[1.067s]   406 |   int [01;35m[Kjoint_num[m[K = 0;
[1.067s]       |       [01;35m[K^~~~~~~~~[m[K
[2.954s] make[2]: *** [CMakeFiles/motion.dir/build.make:63: CMakeFiles/motion.dir/src/motion/MotionManager.cpp.o] Error 1
[2.954s] make[1]: *** [CMakeFiles/Makefile2:165: CMakeFiles/motion.dir/all] Error 2
[2.954s] make: *** [Makefile:141: all] Error 2
[2.955s] Invoked command in '/home/robo/ROS2/walk_test/build/control' returned '2': CMAKE_PREFIX_PATH=/home/robo/ROS2/walk_test/install/dynamixel_sdk_custom_interfaces:/home/robo/ROS2/walk_test/install/control:/opt/ros/foxy LD_LIBRARY_PATH=/home/robo/ROS2/walk_test/install/dynamixel_sdk_custom_interfaces/lib:/home/robo/ROS2/walk_test/install/control/lib:/opt/ros/foxy/opt/yaml_cpp_vendor/lib:/opt/ros/foxy/opt/rviz_ogre_vendor/lib:/opt/ros/foxy/lib/x86_64-linux-gnu:/opt/ros/foxy/lib /usr/bin/cmake --build /home/robo/ROS2/walk_test/build/control -- -j12 -l12
