[0.012s] Invoking command in '/home/robofei/ROS2/action/build/control': AMENT_PREFIX_PATH=/home/robofei/ROS2/action/install/custom_interfaces:${AMENT_PREFIX_PATH} CMAKE_PREFIX_PATH=/home/robofei/ROS2/action/install/custom_interfaces:/opt/ros/foxy LD_LIBRARY_PATH=/home/robofei/ROS2/action/install/custom_interfaces/lib:${LD_LIBRARY_PATH} PYTHONPATH=/home/robofei/ROS2/action/install/custom_interfaces/lib/python3.8/site-packages:${PYTHONPATH} /usr/bin/cmake --build /home/robofei/ROS2/action/build/control -- -j4 -l4
[0.063s] [35m[1mScanning dependencies of target action_node[0m
[0.098s] [ 50%] [32mBuilding CXX object CMakeFiles/action_node.dir/src/main.cpp.o[0m
[0.750s] [01m[K/home/robofei/ROS2/action/src/control/src/main.cpp:337:35:[m[K [01;35m[Kwarning: [m[Kcharacter constant too long for its type
[0.750s]   337 |             if(read_int(movement==[01;35m[K'goodbye'[m[K) == 20)
[0.750s]       |                                   [01;35m[K^~~~~~~~~[m[K
[0.750s] [01m[K/home/robofei/ROS2/action/src/control/src/main.cpp:499:21:[m[K [01;35m[Kwarning: [m[Kcharacter constant too long for its type
[0.750s]   499 |     last_movement = [01;35m[K'pose_stand_up'[m[K;
[0.750s]       |                     [01;35m[K^~~~~~~~~~~~~~~[m[K
[0.750s] [01m[K/home/robofei/ROS2/action/src/control/src/main.cpp:500:16:[m[K [01;35m[Kwarning: [m[Kcharacter constant too long for its type
[0.750s]   500 |     movement = [01;35m[K'pose_stand_up'[m[K;
[0.750s]       |                [01;35m[K^~~~~~~~~~~~~~~[m[K
[2.398s] [01m[K/home/robofei/ROS2/action/src/control/src/main.cpp:81:5:[m[K [01;31m[Kerror: [m[Kexpected unqualified-id before â€˜[01m[Kif[m[Kâ€™
[2.398s]    81 |     [01;31m[Kif[m[K(variables.count("k")) //verifica se foi chamado o argumento de controle pelo teclado
[2.398s]       |     [01;31m[K^~[m[K
[2.398s] [01m[K/home/robofei/ROS2/action/src/control/src/main.cpp:232:13:[m[K [01;31m[Kerror: [m[KISO C++ forbids declaration of â€˜[01m[KlogInit[m[Kâ€™ with no type [[01;31m[K-fpermissive[m[K]
[2.398s]   232 |     logInit([01;31m[K)[m[K; // save the time when start the control process
[2.398s]       |             [01;31m[K^[m[K
[2.398s] [01m[K/home/robofei/ROS2/action/src/control/src/main.cpp:233:5:[m[K [01;31m[Kerror: [m[Kexpected unqualified-id before â€˜[01m[Kwhile[m[Kâ€™
[2.398s]   233 |     [01;31m[Kwhile[m[K(1)
[2.398s]       |     [01;31m[K^~~~~[m[K
[2.398s] [01m[K/home/robofei/ROS2/action/src/control/src/main.cpp:359:10:[m[K [01;31m[Kerror: [m[Kâ€˜[01m[Kcout[m[Kâ€™ in namespace â€˜[01m[Kstd[m[Kâ€™ does not name a type
[2.398s]   359 |     std::[01;31m[Kcout[m[K<<"Press some key to end!\n"<<std::endl;
[2.398s]       |          [01;31m[K^~~~[m[K
[2.399s] In file included from [01m[K/opt/ros/foxy/include/rclcpp/executor.hpp:22[m[K,
[2.399s]                  from [01m[K/opt/ros/foxy/include/rclcpp/executors/multi_threaded_executor.hpp:26[m[K,
[2.399s]                  from [01m[K/opt/ros/foxy/include/rclcpp/executors.hpp:21[m[K,
[2.399s]                  from [01m[K/opt/ros/foxy/include/rclcpp/rclcpp.hpp:146[m[K,
[2.399s]                  from [01m[K/home/robofei/ROS2/action/src/control/src/main.cpp:32[m[K:
[2.399s] [01m[K/usr/include/c++/9/iostream:61:18:[m[K [01;36m[Knote: [m[Kâ€˜[01m[Kstd::cout[m[Kâ€™ declared here
[2.399s]    61 |   extern ostream [01;36m[Kcout[m[K;  /// Linked to standard output
[2.399s]       |                  [01;36m[K^~~~[m[K
[2.400s] [01m[K/home/robofei/ROS2/action/src/control/src/main.cpp:360:13:[m[K [01;31m[Kerror: [m[KISO C++ forbids declaration of â€˜[01m[Kgetchar[m[Kâ€™ with no type [[01;31m[K-fpermissive[m[K]
[2.400s]   360 |     getchar([01;31m[K)[m[K;
[2.400s]       |             [01;31m[K^[m[K
[2.400s] [01m[K/home/robofei/ROS2/action/src/control/src/main.cpp:365:5:[m[K [01;31m[Kerror: [m[Kexpected unqualified-id before â€˜[01m[Kreturn[m[Kâ€™
[2.400s]   365 |     [01;31m[Kreturn[m[K 0;
[2.400s]       |     [01;31m[K^~~~~~[m[K
[2.400s] [01m[K/home/robofei/ROS2/action/src/control/src/main.cpp:366:2:[m[K [01;31m[Kerror: [m[Kexpected â€˜[01m[K;[m[Kâ€™ after class definition
[2.400s]   366 | }
[2.400s]       |  [01;31m[K^[m[K
[2.400s]       |  [32m[K;[m[K
[2.400s] [01m[K/home/robofei/ROS2/action/src/control/src/main.cpp:[m[K In constructor â€˜[01m[KActionNode::ActionNode()[m[Kâ€™:
[2.400s] [01m[K/home/robofei/ROS2/action/src/control/src/main.cpp:68:69:[m[K [01;31m[Kerror: [m[Kâ€˜[01m[K_1[m[Kâ€™ was not declared in this scope
[2.400s]    68 |       "/decision", 10, std::bind(&ActionNode::topic_callback, this, [01;31m[K_1[m[K));
[2.400s]       |                                                                     [01;31m[K^~[m[K
[2.400s] [01m[K/home/robofei/ROS2/action/src/control/src/main.cpp:68:69:[m[K [01;36m[Knote: [m[Ksuggested alternatives:
[2.400s] In file included from [01m[K/usr/include/boost/mpl/aux_/include_preprocessed.hpp:37[m[K,
[2.401s]                  from [01m[K/usr/include/boost/mpl/placeholders.hpp:43[m[K,
[2.401s]                  from [01m[K/usr/include/boost/iterator/iterator_categories.hpp:16[m[K,
[2.401s]                  from [01m[K/usr/include/boost/iterator/iterator_facade.hpp:13[m[K,
[2.401s]                  from [01m[K/usr/include/boost/range/iterator_range_core.hpp:27[m[K,
[2.401s]                  from [01m[K/usr/include/boost/lexical_cast.hpp:30[m[K,
[2.401s]                  from [01m[K/usr/include/boost/program_options/value_semantic.hpp:14[m[K,
[2.401s]                  from [01m[K/usr/include/boost/program_options/options_description.hpp:13[m[K,
[2.401s]                  from [01m[K/usr/include/boost/program_options.hpp:15[m[K,
[2.401s]                  from [01m[K/home/robofei/ROS2/action/src/control/src/main.cpp:41[m[K:
[2.401s] [01m[K/usr/include/boost/mpl/aux_/preprocessed/gcc/placeholders.hpp:29:16:[m[K [01;36m[Knote: [m[K  â€˜[01m[Kmpl_::_1[m[Kâ€™
[2.401s]    29 | typedef arg<1> [01;36m[K_1[m[K;
[2.401s]       |                [01;36m[K^~[m[K
[2.401s] In file included from [01m[K/opt/ros/foxy/include/rclcpp/context.hpp:19[m[K,
[2.401s]                  from [01m[K/opt/ros/foxy/include/rclcpp/contexts/default_context.hpp:18[m[K,
[2.401s]                  from [01m[K/opt/ros/foxy/include/rclcpp/executor.hpp:32[m[K,
[2.402s]                  from [01m[K/opt/ros/foxy/include/rclcpp/executors/multi_threaded_executor.hpp:26[m[K,
[2.402s]                  from [01m[K/opt/ros/foxy/include/rclcpp/executors.hpp:21[m[K,
[2.402s]                  from [01m[K/opt/ros/foxy/include/rclcpp/rclcpp.hpp:146[m[K,
[2.402s]                  from [01m[K/home/robofei/ROS2/action/src/control/src/main.cpp:32[m[K:
[2.402s] [01m[K/usr/include/c++/9/functional:211:34:[m[K [01;36m[Knote: [m[K  â€˜[01m[Kstd::placeholders::_1[m[Kâ€™
[2.402s]   211 |     extern const _Placeholder<1> [01;36m[K_1[m[K;
[2.402s]       |                                  [01;36m[K^~[m[K
[2.402s] In file included from [01m[K/usr/include/boost/mpl/aux_/include_preprocessed.hpp:37[m[K,
[2.402s]                  from [01m[K/usr/include/boost/mpl/placeholders.hpp:43[m[K,
[2.402s]                  from [01m[K/usr/include/boost/iterator/iterator_categories.hpp:16[m[K,
[2.402s]                  from [01m[K/usr/include/boost/iterator/iterator_facade.hpp:13[m[K,
[2.402s]                  from [01m[K/usr/include/boost/range/iterator_range_core.hpp:27[m[K,
[2.402s]                  from [01m[K/usr/include/boost/lexical_cast.hpp:30[m[K,
[2.402s]                  from [01m[K/usr/include/boost/program_options/value_semantic.hpp:14[m[K,
[2.402s]                  from [01m[K/usr/include/boost/program_options/options_description.hpp:13[m[K,
[2.402s]                  from [01m[K/usr/include/boost/program_options.hpp:15[m[K,
[2.403s]                  from [01m[K/home/robofei/ROS2/action/src/control/src/main.cpp:41[m[K:
[2.403s] [01m[K/usr/include/boost/mpl/aux_/preprocessed/gcc/placeholders.hpp:29:16:[m[K [01;36m[Knote: [m[K  â€˜[01m[Kmpl_::_1[m[Kâ€™
[2.403s]    29 | typedef arg<1> [01;36m[K_1[m[K;
[2.403s]       |                [01;36m[K^~[m[K
[2.403s] [01m[K/usr/include/boost/mpl/aux_/preprocessed/gcc/placeholders.hpp:29:16:[m[K [01;36m[Knote: [m[K  â€˜[01m[Kmpl_::_1[m[Kâ€™
[2.403s] [01m[K/home/robofei/ROS2/action/src/control/src/main.cpp:69:7:[m[K [01;31m[Kerror: [m[Kâ€˜[01m[Kpublisher_[m[Kâ€™ was not declared in this scope; did you mean â€˜[01m[Krcl_publisher_t[m[Kâ€™?
[2.403s]    69 |       [01;31m[Kpublisher_[m[K = this->create_publisher<dynamixel_sdk_custom_interfaces::msg::SetPosition>("set_position", 10);
[2.403s]       |       [01;31m[K^~~~~~~~~~[m[K
[2.403s]       |       [32m[Krcl_publisher_t[m[K
[2.429s] [01m[K/home/robofei/ROS2/action/src/control/src/main.cpp:69:43:[m[K [01;31m[Kerror: [m[Kâ€˜[01m[Kdynamixel_sdk_custom_interfaces[m[Kâ€™ was not declared in this scope
[2.429s]    69 |       publisher_ = this->create_publisher<[01;31m[Kdynamixel_sdk_custom_interfaces[m[K::msg::SetPosition>("set_position", 10);
[2.429s]       |                                           [01;31m[K^~~~~~~~~~~~~~~~~~~~~~~~~~~~~~~[m[K
[2.430s] [01m[K/home/robofei/ROS2/action/src/control/src/main.cpp:69:26:[m[K [01;31m[Kerror: [m[Kparse error in template argument list
[2.430s]    69 |       publisher_ = this->[01;31m[Kcreate_publisher<dynamixel_sdk_custom_interfaces::msg::SetPosition>[m[K("set_position", 10);
[2.430s]       |                          [01;31m[K^~~~~~~~~~~~~~~~~~~~~~~~~~~~~~~~~~~~~~~~~~~~~~~~~~~~~~~~~~~~~~~~~~~[m[K
[2.430s] [01m[K/home/robofei/ROS2/action/src/control/src/main.cpp:69:112:[m[K [01;31m[Kerror: [m[Kno matching function for call to â€˜[01m[KActionNode::create_publisher<<expression error> >(const char [13], int)[m[Kâ€™
[2.430s]    69 | l_sdk_custom_interfaces::msg::SetPosition>("set_position", 10[01;31m[K)[m[K;
[2.430s]       |                                                              [01;31m[K^[m[K
[2.430s] 
[2.430s] In file included from [01m[K/opt/ros/foxy/include/rclcpp/executors/single_threaded_executor.hpp:28[m[K,
[2.430s]                  from [01m[K/opt/ros/foxy/include/rclcpp/executors.hpp:22[m[K,
[2.430s]                  from [01m[K/opt/ros/foxy/include/rclcpp/rclcpp.hpp:146[m[K,
[2.430s]                  from [01m[K/home/robofei/ROS2/action/src/control/src/main.cpp:32[m[K:
[2.430s] [01m[K/opt/ros/foxy/include/rclcpp/node.hpp:184:3:[m[K [01;36m[Knote: [m[Kcandidate: â€˜[01m[Ktemplate<class MessageT, class AllocatorT, class PublisherT> std::shared_ptr<PublisherT> rclcpp::Node::create_publisher(const string&, const rclcpp::QoS&, const rclcpp::PublisherOptionsWithAllocator<AllocatorT>&)[m[Kâ€™
[2.430s]   184 |   [01;36m[Kcreate_publisher[m[K(
[2.430s]       |   [01;36m[K^~~~~~~~~~~~~~~~[m[K
[2.430s] [01m[K/opt/ros/foxy/include/rclcpp/node.hpp:184:3:[m[K [01;36m[Knote: [m[K  template argument deduction/substitution failed:
[2.431s] [01m[K/home/robofei/ROS2/action/src/control/src/main.cpp:69:112:[m[K [01;31m[Kerror: [m[Ktemplate argument 1 is invalid
[2.431s]    69 | l_sdk_custom_interfaces::msg::SetPosition>("set_position", 10[01;31m[K)[m[K;
[2.431s]       |                                                              [01;31m[K^[m[K
[2.431s] 
[2.432s] [01m[K/home/robofei/ROS2/action/src/control/src/main.cpp:[m[K In member function â€˜[01m[Kvoid ActionNode::topic_callback(std_msgs::msg::String_<std::allocator<void> >::SharedPtr) const[m[Kâ€™:
[2.432s] [01m[K/home/robofei/ROS2/action/src/control/src/main.cpp:74:34:[m[K [01;31m[Kerror: [m[Kincompatible types in assignment of â€˜[01m[Kconst char*[m[Kâ€™ to â€˜[01m[Kchar [20][m[Kâ€™
[2.432s]    74 |       movement = msg->data.c_str([01;31m[K)[m[K);
[2.432s]       |                                  [01;31m[K^[m[K
[2.433s] [01m[K/home/robofei/ROS2/action/src/control/src/main.cpp:[m[K At global scope:
[2.433s] [01m[K/home/robofei/ROS2/action/src/control/src/main.cpp:383:2:[m[K [01;35m[Kwarning: [m[Kextra â€˜[01m[K;[m[Kâ€™ [[01;35m[K-Wpedantic[m[K]
[2.433s]   383 | }[01;35m[K;[m[K
[2.434s]       |  [01;35m[K^[m[K
[2.434s] [01m[K/home/robofei/ROS2/action/src/control/src/main.cpp:[m[K In function â€˜[01m[Kvoid sighandler(int)[m[Kâ€™:
[2.434s] [01m[K/home/robofei/ROS2/action/src/control/src/main.cpp:396:21:[m[K [01;35m[Kwarning: [m[Kunused parameter â€˜[01m[Ksig[m[Kâ€™ [[01;35m[K-Wunused-parameter[m[K]
[2.434s]   396 | void sighandler([01;35m[Kint sig[m[K)
[2.434s]       |                 [01;35m[K~~~~^~~[m[K
[2.436s] [01m[K/home/robofei/ROS2/action/src/control/src/main.cpp:[m[K In function â€˜[01m[Kvoid goodbye()[m[Kâ€™:
[2.436s] [01m[K/home/robofei/ROS2/action/src/control/src/main.cpp:403:5:[m[K [01;31m[Kerror: [m[Kâ€˜[01m[Ktimer_[m[Kâ€™ was not declared in this scope; did you mean â€˜[01m[Ktimer_t[m[Kâ€™?
[2.436s]   403 |     [01;31m[Ktimer_[m[K = this->create_wall_timer(
[2.437s]       |     [01;31m[K^~~~~~[m[K
[2.437s]       |     [32m[Ktimer_t[m[K
[2.437s] [01m[K/home/robofei/ROS2/action/src/control/src/main.cpp:403:14:[m[K [01;31m[Kerror: [m[Kinvalid use of â€˜[01m[Kthis[m[Kâ€™ in non-member function
[2.437s]   403 |     timer_ = [01;31m[Kthis[m[K->create_wall_timer(
[2.437s]       |              [01;31m[K^~~~[m[K
[2.437s] [01m[K/home/robofei/ROS2/action/src/control/src/main.cpp:404:25:[m[K [01;31m[Kerror: [m[Kâ€˜[01m[KMinimalPublisher[m[Kâ€™ has not been declared
[2.437s]   404 |       500ms, std::bind(&[01;31m[KMinimalPublisher[m[K::timer_callback, this));
[2.437s]       |                         [01;31m[K^~~~~~~~~~~~~~~~[m[K
[2.437s] [01m[K/home/robofei/ROS2/action/src/control/src/main.cpp:404:59:[m[K [01;31m[Kerror: [m[Kinvalid use of â€˜[01m[Kthis[m[Kâ€™ in non-member function
[2.437s]   404 |       500ms, std::bind(&MinimalPublisher::timer_callback, [01;31m[Kthis[m[K));
[2.438s]       |                                                           [01;31m[K^~~~[m[K
[2.438s] [01m[K/home/robofei/ROS2/action/src/control/src/main.cpp:[m[K In function â€˜[01m[Kvoid timer_callback()[m[Kâ€™:
[2.438s] [01m[K/home/robofei/ROS2/action/src/control/src/main.cpp:410:20:[m[K [01;31m[Kerror: [m[Kâ€˜[01m[Kdynamixel_sdk_custom_interfaces[m[Kâ€™ has not been declared
[2.438s]   410 |     auto message = [01;31m[Kdynamixel_sdk_custom_interfaces[m[K::msg::SetPosition();
[2.438s]       |                    [01;31m[K^~~~~~~~~~~~~~~~~~~~~~~~~~~~~~~[m[K
[2.440s] [01m[K/home/robofei/ROS2/action/src/control/src/main.cpp:414:9:[m[K [01;31m[Kerror: [m[Kâ€˜[01m[Kpublisher_[m[Kâ€™ was not declared in this scope; did you mean â€˜[01m[Krcl_publisher_t[m[Kâ€™?
[2.440s]   414 |         [01;31m[Kpublisher_[m[K->publish(message);
[2.440s]       |         [01;31m[K^~~~~~~~~~[m[K
[2.440s]       |         [32m[Krcl_publisher_t[m[K
[2.465s] [01m[K/home/robofei/ROS2/action/src/control/src/main.cpp:429:21:[m[K [01;31m[Kerror: [m[Kâ€˜[01m[Kdynamixel_sdk_custom_interfaces[m[Kâ€™ was not declared in this scope
[2.465s]   429 |   rclcpp::Publisher<[01;31m[Kdynamixel_sdk_custom_interfaces[m[K::msg::SetPosition>::SharedPtr publisher_;         // CHANGE
[2.465s]       |                     [01;31m[K^~~~~~~~~~~~~~~~~~~~~~~~~~~~~~~[m[K
[2.465s] [01m[K/home/robofei/ROS2/action/src/control/src/main.cpp:429:70:[m[K [01;31m[Kerror: [m[Ktemplate argument 1 is invalid
[2.465s]   429 | ::Publisher<dynamixel_sdk_custom_interfaces::msg::SetPosition[01;31m[K>[m[K::SharedPtr publisher_;         // CHANGE
[2.465s]       |                                                              [01;31m[K^[m[K
[2.465s] 
[2.465s] [01m[K/home/robofei/ROS2/action/src/control/src/main.cpp:429:83:[m[K [01;31m[Kerror: [m[Kqualified-id in declaration before â€˜[01m[Kpublisher_[m[Kâ€™
[2.465s]   429 | ynamixel_sdk_custom_interfaces::msg::SetPosition>::SharedPtr [01;31m[Kpublisher_[m[K;         // CHANGE
[2.465s]       |                                                              [01;31m[K^~~~~~~~~~[m[K
[2.465s] 
[2.465s] [01m[K/home/robofei/ROS2/action/src/control/src/main.cpp:430:10:[m[K [01;35m[Kwarning: [m[Kunused variable â€˜[01m[Kcount_[m[Kâ€™ [[01;35m[K-Wunused-variable[m[K]
[2.465s]   430 |   size_t [01;35m[Kcount_[m[K;
[2.466s]       |          [01;35m[K^~~~~~[m[K
[2.466s] [01m[K/home/robofei/ROS2/action/src/control/src/main.cpp:[m[K In function â€˜[01m[Kint main(int, char**)[m[Kâ€™:
[2.466s] [01m[K/home/robofei/ROS2/action/src/control/src/main.cpp:486:26:[m[K [01;31m[Kerror: [m[Kno matching function for call to â€˜[01m[KGaitMove::GaitMove(minIni*&)[m[Kâ€™
[2.466s]   486 |     GaitMove gaitMove(ini[01;31m[K)[m[K;
[2.466s]       |                          [01;31m[K^[m[K
[2.466s] In file included from [01m[K/home/robofei/ROS2/action/src/control/src/main.cpp:43[m[K:
[2.467s] [01m[K/home/robofei/ROS2/action/src/control/include/GaitMove.hpp:36:9:[m[K [01;36m[Knote: [m[Kcandidate: â€˜[01m[KGaitMove::GaitMove(int*, minIni*)[m[Kâ€™
[2.467s]    36 |         [01;36m[KGaitMove[m[K(int *mem_t, minIni* ini);
[2.467s]       |         [01;36m[K^~~~~~~~[m[K
[2.467s] [01m[K/home/robofei/ROS2/action/src/control/include/GaitMove.hpp:36:9:[m[K [01;36m[Knote: [m[K  candidate expects 2 arguments, 1 provided
[2.467s] [01m[K/home/robofei/ROS2/action/src/control/include/GaitMove.hpp:31:7:[m[K [01;36m[Knote: [m[Kcandidate: â€˜[01m[Kconstexpr GaitMove::GaitMove(const GaitMove&)[m[Kâ€™
[2.467s]    31 | class [01;36m[KGaitMove[m[K
[2.467s]       |       [01;36m[K^~~~~~~~[m[K
[2.467s] [01m[K/home/robofei/ROS2/action/src/control/include/GaitMove.hpp:31:7:[m[K [01;36m[Knote: [m[K  no known conversion for argument 1 from â€˜[01m[KminIni*[m[Kâ€™ to â€˜[01m[Kconst GaitMove&[m[Kâ€™
[2.467s] [01m[K/home/robofei/ROS2/action/src/control/src/main.cpp:499:21:[m[K [01;31m[Kerror: [m[Kincompatible types in assignment of â€˜[01m[Kint[m[Kâ€™ to â€˜[01m[Kchar [20][m[Kâ€™
[2.467s]   499 |     last_movement = [01;31m[K'pose_stand_up'[m[K;
[2.467s]       |                     [01;31m[K^~~~~~~~~~~~~~~[m[K
[2.467s] [01m[K/home/robofei/ROS2/action/src/control/src/main.cpp:500:16:[m[K [01;31m[Kerror: [m[Kincompatible types in assignment of â€˜[01m[Kint[m[Kâ€™ to â€˜[01m[Kchar [20][m[Kâ€™
[2.467s]   500 |     movement = [01;31m[K'pose_stand_up'[m[K;
[2.467s]       |                [01;31m[K^~~~~~~~~~~~~~~[m[K
[2.471s] [01m[K/home/robofei/ROS2/action/src/control/src/main.cpp:448:10:[m[K [01;35m[Kwarning: [m[Kunused variable â€˜[01m[Kstop_gait[m[Kâ€™ [[01;35m[K-Wunused-variable[m[K]
[2.471s]   448 |     bool [01;35m[Kstop_gait[m[K = true;
[2.471s]       |          [01;35m[K^~~~~~~~~[m[K
[2.471s] [01m[K/home/robofei/ROS2/action/src/control/src/main.cpp:449:11:[m[K [01;35m[Kwarning: [m[Kunused variable â€˜[01m[KServoport[m[Kâ€™ [[01;35m[K-Wunused-variable[m[K]
[2.471s]   449 |     char *[01;35m[KServoport[m[K;
[2.471s]       |           [01;35m[K^~~~~~~~~[m[K
[2.471s] [01m[K/home/robofei/ROS2/action/src/control/src/main.cpp:450:9:[m[K [01;35m[Kwarning: [m[Kunused variable â€˜[01m[Kvalue[m[Kâ€™ [[01;35m[K-Wunused-variable[m[K]
[2.471s]   450 |     int [01;35m[Kvalue[m[K;
[2.471s]       |         [01;35m[K^~~~~[m[K
[2.471s] [01m[K/home/robofei/ROS2/action/src/control/src/main.cpp:451:9:[m[K [01;35m[Kwarning: [m[Kunused variable â€˜[01m[KidServo[m[Kâ€™ [[01;35m[K-Wunused-variable[m[K]
[2.471s]   451 |     int [01;35m[KidServo[m[K;
[2.471s]       |         [01;35m[K^~~~~~~[m[K
[2.471s] [01m[K/home/robofei/ROS2/action/src/control/src/main.cpp:452:10:[m[K [01;35m[Kwarning: [m[Kunused variable â€˜[01m[Kflag_stop[m[Kâ€™ [[01;35m[K-Wunused-variable[m[K]
[2.472s]   452 |     bool [01;35m[Kflag_stop[m[K = 0;
[2.472s]       |          [01;35m[K^~~~~~~~~[m[K
[2.472s] [01m[K/home/robofei/ROS2/action/src/control/src/main.cpp:455:10:[m[K [01;35m[Kwarning: [m[Kunused variable â€˜[01m[Ksame_moviment[m[Kâ€™ [[01;35m[K-Wunused-variable[m[K]
[2.472s]   455 |     bool [01;35m[Ksame_moviment[m[K = false;
[2.472s]       |          [01;35m[K^~~~~~~~~~~~~[m[K
[2.472s] [01m[K/home/robofei/ROS2/action/src/control/src/main.cpp:456:18:[m[K [01;35m[Kwarning: [m[Kunused variable â€˜[01m[Kbuffer[m[Kâ€™ [[01;35m[K-Wunused-variable[m[K]
[2.472s]   456 |     unsigned int [01;35m[Kbuffer[m[K = 10000;
[2.472s]       |                  [01;35m[K^~~~~~[m[K
[2.472s] [01m[K/home/robofei/ROS2/action/src/control/src/main.cpp:457:18:[m[K [01;35m[Kwarning: [m[Kunused variable â€˜[01m[Kcount_read[m[Kâ€™ [[01;35m[K-Wunused-variable[m[K]
[2.472s]   457 |     unsigned int [01;35m[Kcount_read[m[K=0;
[2.472s]       |                  [01;35m[K^~~~~~~~~~[m[K
[2.472s] [01m[K/home/robofei/ROS2/action/src/control/src/main.cpp:458:18:[m[K [01;35m[Kwarning: [m[Kunused variable â€˜[01m[Kstep_time[m[Kâ€™ [[01;35m[K-Wunused-variable[m[K]
[2.472s]   458 |     unsigned int [01;35m[Kstep_time[m[K=20; // Determina a frequencia de leitura do blackboard
[2.472s]       |                  [01;35m[K^~~~~~~~~[m[K
[2.980s] make[2]: *** [CMakeFiles/action_node.dir/build.make:63: CMakeFiles/action_node.dir/src/main.cpp.o] Error 1
[2.980s] make[1]: *** [CMakeFiles/Makefile2:78: CMakeFiles/action_node.dir/all] Error 2
[2.980s] make: *** [Makefile:141: all] Error 2
[2.982s] Invoked command in '/home/robofei/ROS2/action/build/control' returned '2': AMENT_PREFIX_PATH=/home/robofei/ROS2/action/install/custom_interfaces:${AMENT_PREFIX_PATH} CMAKE_PREFIX_PATH=/home/robofei/ROS2/action/install/custom_interfaces:/opt/ros/foxy LD_LIBRARY_PATH=/home/robofei/ROS2/action/install/custom_interfaces/lib:${LD_LIBRARY_PATH} PYTHONPATH=/home/robofei/ROS2/action/install/custom_interfaces/lib/python3.8/site-packages:${PYTHONPATH} /usr/bin/cmake --build /home/robofei/ROS2/action/build/control -- -j4 -l4
