[0.009s] Invoking command in '/home/robo/ROS2/walk_test/build/control': CMAKE_PREFIX_PATH=/home/robo/ROS2/walk_test/install/dynamixel_sdk_custom_interfaces:/home/robo/ROS2/walk_test/install/control:/opt/ros/foxy LD_LIBRARY_PATH=/home/robo/ROS2/walk_test/install/dynamixel_sdk_custom_interfaces/lib:/home/robo/ROS2/walk_test/install/control/lib:/opt/ros/foxy/opt/yaml_cpp_vendor/lib:/opt/ros/foxy/opt/rviz_ogre_vendor/lib:/opt/ros/foxy/lib/x86_64-linux-gnu:/opt/ros/foxy/lib /usr/bin/cmake --build /home/robo/ROS2/walk_test/build/control -- -j12 -l12
[0.041s] [35m[1mScanning dependencies of target motion[0m
[0.054s] [ 21%] Built target gait_publisher
[0.054s] [ 21%] Built target decision
[0.066s] [ 26%] [32mBuilding CXX object CMakeFiles/motion.dir/src/motion/MotionManager.cpp.o[0m
[0.980s] In file included from [01m[K/home/robo/ROS2/walk_test/src/control/src/motion/MotionManager.cpp:23[m[K:
[0.980s] [01m[K/home/robo/ROS2/walk_test/src/control/include/MotionManager.h:[m[K In constructor â€˜[01m[KRobot::MotionManager::MotionManager(const rclcpp::NodeOptions&)[m[Kâ€™:
[0.980s] [01m[K/home/robo/ROS2/walk_test/src/control/include/MotionManager.h:75:8:[m[K [01;35m[Kwarning: [m[Kâ€˜[01m[KRobot::MotionManager::DEBUG_PRINT[m[Kâ€™ will be initialized after [[01;35m[K-Wreorder[m[K]
[0.980s]    75 |   bool [01;35m[KDEBUG_PRINT[m[K;
[0.980s]       |        [01;35m[K^~~~~~~~~~~[m[K
[0.980s] [01m[K/home/robo/ROS2/walk_test/src/control/src/motion/MotionManager.cpp:55:41:[m[K [01;35m[Kwarning: [m[K  base â€˜[01m[Krclcpp::Node[m[Kâ€™ [[01;35m[K-Wreorder[m[K]
[0.980s]    55 |   rclcpp::Node("gait_publisher", options[01;35m[K)[m[K
[0.980s]       |                                         [01;35m[K^[m[K
[0.980s] [01m[K/home/robo/ROS2/walk_test/src/control/src/motion/MotionManager.cpp:46:1:[m[K [01;35m[Kwarning: [m[K  when initialized here [[01;35m[K-Wreorder[m[K]
[0.980s]    46 | [01;35m[KMotionManager[m[K::MotionManager(const rclcpp::NodeOptions & options) :
[0.980s]       | [01;35m[K^~~~~~~~~~~~~[m[K
[0.993s] [01m[K/home/robo/ROS2/walk_test/src/control/src/motion/MotionManager.cpp:[m[K In member function â€˜[01m[Kvoid Robot::MotionManager::topic_callback(std::shared_ptr<sensor_msgs::msg::Imu_<std::allocator<void> > >) const[m[Kâ€™:
[0.993s] [01m[K/home/robo/ROS2/walk_test/src/control/src/motion/MotionManager.cpp:83:15:[m[K [01;35m[Kwarning: [m[Kunused variable â€˜[01m[KIMU_GYRO_X[m[Kâ€™ [[01;35m[K-Wunused-variable[m[K]
[0.993s]    83 |         float [01;35m[KIMU_GYRO_X[m[K = -imu_msg_->angular_velocity.x/10;
[0.993s]       |               [01;35m[K^~~~~~~~~~[m[K
[0.993s] [01m[K/home/robo/ROS2/walk_test/src/control/src/motion/MotionManager.cpp:84:15:[m[K [01;35m[Kwarning: [m[Kunused variable â€˜[01m[KIMU_GYRO_Y[m[Kâ€™ [[01;35m[K-Wunused-variable[m[K]
[0.993s]    84 |         float [01;35m[KIMU_GYRO_Y[m[K  = -imu_msg_->angular_velocity.y/10;
[0.994s]       |               [01;35m[K^~~~~~~~~~[m[K
[0.994s] [01m[K/home/robo/ROS2/walk_test/src/control/src/motion/MotionManager.cpp:[m[K In member function â€˜[01m[Kbool Robot::MotionManager::Initialize(bool)[m[Kâ€™:
[0.994s] [01m[K/home/robo/ROS2/walk_test/src/control/src/motion/MotionManager.cpp:90:6:[m[K [01;35m[Kwarning: [m[Kunused variable â€˜[01m[Kvalue[m[Kâ€™ [[01;35m[K-Wunused-variable[m[K]
[0.994s]    90 |  int [01;35m[Kvalue[m[K, error;
[0.994s]       |      [01;35m[K^~~~~[m[K
[0.994s] [01m[K/home/robo/ROS2/walk_test/src/control/src/motion/MotionManager.cpp:90:13:[m[K [01;35m[Kwarning: [m[Kunused variable â€˜[01m[Kerror[m[Kâ€™ [[01;35m[K-Wunused-variable[m[K]
[0.994s]    90 |  int value, [01;35m[Kerror[m[K;
[0.994s]       |             [01;35m[K^~~~~[m[K
[0.994s] [01m[K/home/robo/ROS2/walk_test/src/control/src/motion/MotionManager.cpp:[m[K In member function â€˜[01m[Kbool Robot::MotionManager::Reinitialize()[m[Kâ€™:
[0.994s] [01m[K/home/robo/ROS2/walk_test/src/control/src/motion/MotionManager.cpp:149:6:[m[K [01;35m[Kwarning: [m[Kunused variable â€˜[01m[Kvalue[m[Kâ€™ [[01;35m[K-Wunused-variable[m[K]
[0.994s]   149 |  int [01;35m[Kvalue[m[K, error;
[0.994s]       |      [01;35m[K^~~~~[m[K
[0.994s] [01m[K/home/robo/ROS2/walk_test/src/control/src/motion/MotionManager.cpp:149:13:[m[K [01;35m[Kwarning: [m[Kunused variable â€˜[01m[Kerror[m[Kâ€™ [[01;35m[K-Wunused-variable[m[K]
[0.994s]   149 |  int value, [01;35m[Kerror[m[K;
[0.994s]       |             [01;35m[K^~~~~[m[K
[0.996s] [01m[K/home/robo/ROS2/walk_test/src/control/src/motion/MotionManager.cpp:[m[K In member function â€˜[01m[Kvoid Robot::MotionManager::Process()[m[Kâ€™:
[0.996s] [01m[K/home/robo/ROS2/walk_test/src/control/src/motion/MotionManager.cpp:259:20:[m[K [01;31m[Kerror: [m[Kexpected â€˜[01m[K;[m[Kâ€™ before â€˜[01m[Kif[m[Kâ€™
[0.996s]   259 |   m_Enabled == true
[0.996s]       |                    [01;31m[K^[m[K
[0.996s]       |                    [32m[K;[m[K
[0.996s] ......
[0.996s]   262 |     [32m[Kif[m[K(m_CalibrationStatus == 1 && m_Enabled == true)
[0.996s]       |     [32m[K~~[m[K              
[0.996s] [01m[K/home/robo/ROS2/walk_test/src/control/src/motion/MotionManager.cpp:259:13:[m[K [01;35m[Kwarning: [m[Kstatement has no effect [[01;35m[K-Wunused-value[m[K]
[0.996s]   259 |   [01;35m[Km_Enabled == true[m[K
[0.996s]       |   [01;35m[K~~~~~~~~~~^~~~~~~[m[K
[0.996s] [01m[K/home/robo/ROS2/walk_test/src/control/src/motion/MotionManager.cpp:[m[K In member function â€˜[01m[Kvoid Robot::MotionManager::SetEnable(bool)[m[Kâ€™:
[0.996s] [01m[K/home/robo/ROS2/walk_test/src/control/src/motion/MotionManager.cpp:317:36:[m[K [01;35m[Kwarning: [m[Kunused parameter â€˜[01m[Kenable[m[Kâ€™ [[01;35m[K-Wunused-parameter[m[K]
[0.996s]   317 | void MotionManager::SetEnable([01;35m[Kbool enable[m[K)
[0.996s]       |                               [01;35m[K~~~~~^~~~~~[m[K
[2.144s] make[2]: *** [CMakeFiles/motion.dir/build.make:63: CMakeFiles/motion.dir/src/motion/MotionManager.cpp.o] Error 1
[2.144s] make[1]: *** [CMakeFiles/Makefile2:136: CMakeFiles/motion.dir/all] Error 2
[2.144s] make: *** [Makefile:141: all] Error 2
[2.146s] Invoked command in '/home/robo/ROS2/walk_test/build/control' returned '2': CMAKE_PREFIX_PATH=/home/robo/ROS2/walk_test/install/dynamixel_sdk_custom_interfaces:/home/robo/ROS2/walk_test/install/control:/opt/ros/foxy LD_LIBRARY_PATH=/home/robo/ROS2/walk_test/install/dynamixel_sdk_custom_interfaces/lib:/home/robo/ROS2/walk_test/install/control/lib:/opt/ros/foxy/opt/yaml_cpp_vendor/lib:/opt/ros/foxy/opt/rviz_ogre_vendor/lib:/opt/ros/foxy/lib/x86_64-linux-gnu:/opt/ros/foxy/lib /usr/bin/cmake --build /home/robo/ROS2/walk_test/build/control -- -j12 -l12
