[35m[1mScanning dependencies of target control[0m
[ 17%] Built target gait_publisher
[ 17%] Built target decision
[ 91%] Built target motion
[ 95%] [32mBuilding CXX object CMakeFiles/control.dir/src/control.cpp.o[0m
[01m[K/home/robo/ROS2/walk_test/src/control/src/control.cpp:[m[K In function â€˜[01m[Kint main(int, char**)[m[Kâ€™:
[01m[K/home/robo/ROS2/walk_test/src/control/src/control.cpp:266:18:[m[K [01;35m[Kwarning: [m[Kunused variable â€˜[01m[KManager[m[Kâ€™ [[01;35m[K-Wunused-variable[m[K]
  266 |   MotionManager* [01;35m[KManager[m[K = new MotionManager(options);
      |                  [01;35m[K^~~~~~~[m[K
[100%] [32m[1mLinking CXX executable control[0m
/usr/bin/ld: CMakeFiles/control.dir/src/control.cpp.o: in function `main':
control.cpp:(.text+0x2dc): undefined reference to `Robot::MotionManager::MotionManager(rclcpp::NodeOptions const&)'
/usr/bin/ld: control.cpp:(.text+0x2f5): undefined reference to `Robot::MotionManager::Initialize(bool)'
/usr/bin/ld: CMakeFiles/control.dir/src/control.cpp.o: in function `Robot::MotionManager::GetInstance()':
control.cpp:(.text._ZN5Robot13MotionManager11GetInstanceEv[_ZN5Robot13MotionManager11GetInstanceEv]+0xb): undefined reference to `Robot::MotionManager::m_UniqueInstance'
collect2: error: ld returned 1 exit status
make[2]: *** [CMakeFiles/control.dir/build.make:146: control] Error 1
make[1]: *** [CMakeFiles/Makefile2:111: CMakeFiles/control.dir/all] Error 2
make: *** [Makefile:141: all] Error 2
