[0.009s] Invoking command in '/home/robo/ROS2/walk_test/build/control': CMAKE_PREFIX_PATH=/home/robo/ROS2/walk_test/install/dynamixel_sdk_custom_interfaces:/home/robo/ROS2/walk_test/install/control:/opt/ros/foxy LD_LIBRARY_PATH=/home/robo/ROS2/walk_test/install/dynamixel_sdk_custom_interfaces/lib:/home/robo/ROS2/walk_test/install/control/lib:/opt/ros/foxy/opt/yaml_cpp_vendor/lib:/opt/ros/foxy/opt/rviz_ogre_vendor/lib:/opt/ros/foxy/lib/x86_64-linux-gnu:/opt/ros/foxy/lib /usr/bin/cmake --build /home/robo/ROS2/walk_test/build/control -- -j12 -l12
[0.040s] [35m[1mScanning dependencies of target control[0m
[0.053s] [ 17%] Built target gait_publisher
[0.053s] [ 17%] Built target decision
[0.058s] [ 91%] Built target motion
[0.061s] [ 95%] [32mBuilding CXX object CMakeFiles/control.dir/src/control.cpp.o[0m
[1.038s] [01m[K/home/robo/ROS2/walk_test/src/control/src/control.cpp:[m[K In function â€˜[01m[Kint main(int, char**)[m[Kâ€™:
[1.038s] [01m[K/home/robo/ROS2/walk_test/src/control/src/control.cpp:266:18:[m[K [01;35m[Kwarning: [m[Kunused variable â€˜[01m[KManager[m[Kâ€™ [[01;35m[K-Wunused-variable[m[K]
[1.038s]   266 |   MotionManager* [01;35m[KManager[m[K = new MotionManager(options);
[1.038s]       |                  [01;35m[K^~~~~~~[m[K
[5.114s] [100%] [32m[1mLinking CXX executable control[0m
[5.348s] /usr/bin/ld: CMakeFiles/control.dir/src/control.cpp.o: in function `main':
[5.348s] control.cpp:(.text+0x2dc): undefined reference to `Robot::MotionManager::MotionManager(rclcpp::NodeOptions const&)'
[5.348s] /usr/bin/ld: control.cpp:(.text+0x2f5): undefined reference to `Robot::MotionManager::Initialize(bool)'
[5.348s] /usr/bin/ld: CMakeFiles/control.dir/src/control.cpp.o: in function `Robot::MotionManager::GetInstance()':
[5.348s] control.cpp:(.text._ZN5Robot13MotionManager11GetInstanceEv[_ZN5Robot13MotionManager11GetInstanceEv]+0xb): undefined reference to `Robot::MotionManager::m_UniqueInstance'
[5.348s] collect2: error: ld returned 1 exit status
[5.349s] make[2]: *** [CMakeFiles/control.dir/build.make:146: control] Error 1
[5.349s] make[1]: *** [CMakeFiles/Makefile2:111: CMakeFiles/control.dir/all] Error 2
[5.349s] make: *** [Makefile:141: all] Error 2
[5.351s] Invoked command in '/home/robo/ROS2/walk_test/build/control' returned '2': CMAKE_PREFIX_PATH=/home/robo/ROS2/walk_test/install/dynamixel_sdk_custom_interfaces:/home/robo/ROS2/walk_test/install/control:/opt/ros/foxy LD_LIBRARY_PATH=/home/robo/ROS2/walk_test/install/dynamixel_sdk_custom_interfaces/lib:/home/robo/ROS2/walk_test/install/control/lib:/opt/ros/foxy/opt/yaml_cpp_vendor/lib:/opt/ros/foxy/opt/rviz_ogre_vendor/lib:/opt/ros/foxy/lib/x86_64-linux-gnu:/opt/ros/foxy/lib /usr/bin/cmake --build /home/robo/ROS2/walk_test/build/control -- -j12 -l12
