[0.009s] Invoking command in '/home/robo/ROS2/walk_test/build/control': CMAKE_PREFIX_PATH=/home/robo/ROS2/walk_test/install/dynamixel_sdk_custom_interfaces:/home/robo/ROS2/walk_test/install/control:/opt/ros/foxy LD_LIBRARY_PATH=/home/robo/ROS2/walk_test/install/dynamixel_sdk_custom_interfaces/lib:/home/robo/ROS2/walk_test/install/control/lib:/opt/ros/foxy/opt/yaml_cpp_vendor/lib:/opt/ros/foxy/opt/rviz_ogre_vendor/lib:/opt/ros/foxy/lib/x86_64-linux-gnu:/opt/ros/foxy/lib /usr/bin/cmake --build /home/robo/ROS2/walk_test/build/control -- -j12 -l12
[0.029s] -- Found ament_cmake: 0.9.9 (/opt/ros/foxy/share/ament_cmake/cmake)
[0.045s] -- Using PYTHON_EXECUTABLE: /usr/bin/python3
[0.185s] -- Override CMake install command with custom implementation using symlinks instead of copying resources
[0.191s] -- Found dynamixel_sdk_custom_interfaces: 3.7.40 (/home/robo/ROS2/walk_test/install/dynamixel_sdk_custom_interfaces/share/dynamixel_sdk_custom_interfaces/cmake)
[0.207s] -- Using all available rosidl_typesupport_c: rosidl_typesupport_fastrtps_c;rosidl_typesupport_introspection_c
[0.210s] -- Found rosidl_adapter: 1.2.1 (/opt/ros/foxy/share/rosidl_adapter/cmake)
[0.300s] -- Using all available rosidl_typesupport_cpp: rosidl_typesupport_fastrtps_cpp;rosidl_typesupport_introspection_cpp
[0.334s] -- Found rclcpp: 2.4.1 (/opt/ros/foxy/share/rclcpp/cmake)
[0.362s] -- Found rmw_implementation_cmake: 1.0.3 (/opt/ros/foxy/share/rmw_implementation_cmake/cmake)
[0.363s] -- Using RMW implementation 'rmw_fastrtps_cpp' as default
[0.476s] -- Found sensor_msgs: 2.0.5 (/opt/ros/foxy/share/sensor_msgs/cmake)
[0.568s] -- Found rclcpp_components: 2.4.1 (/opt/ros/foxy/share/rclcpp_components/cmake)
[0.611s] -- Found rosidl_default_generators: 1.0.1 (/opt/ros/foxy/share/rosidl_default_generators/cmake)
[0.624s] -- Found ament_lint_auto: 0.9.6 (/opt/ros/foxy/share/ament_lint_auto/cmake)
[0.673s] -- Added test 'copyright' to check source files copyright and LICENSE
[0.677s] -- Added test 'cppcheck' to perform static code analysis on C / C++ code
[0.678s] -- Configured cppcheck include dirs: /home/robo/ROS2/walk_test/src/control/include;/home/robo/ROS2/walk_test/src/control/src/minIni
[0.678s] -- Configured cppcheck exclude dirs and/or files: 
[0.682s] -- Added test 'cpplint' to check C / C++ code against the Google style
[0.682s] -- Configured cpplint exclude dirs and/or files: 
[0.683s] -- Added test 'flake8' to check Python code syntax and style conventions
[0.684s] -- Added test 'lint_cmake' to check CMake code style
[0.685s] -- Added test 'pep257' to check Python code against some of the style conventions in PEP 257
[0.689s] -- Added test 'uncrustify' to check C / C++ code style
[0.689s] -- Configured uncrustify additional arguments: 
[0.690s] -- Added test 'xmllint' to check XML markup files
[0.693s] -- Configuring done
[0.712s] -- Generating done
[0.714s] -- Build files have been written to: /home/robo/ROS2/walk_test/build/control
[0.734s] [35m[1mScanning dependencies of target action[0m
[0.749s] [ 16%] Built target decision
[0.749s] [ 16%] Built target gait_publisher
[0.749s] [ 24%] Built target control
[0.753s] [ 92%] Built target motion
[0.755s] [ 96%] [32mBuilding CXX object CMakeFiles/action.dir/src/action_editor/main.cpp.o[0m
[1.678s] [01m[K/home/robo/ROS2/walk_test/src/control/src/action_editor/main.cpp:[m[K In member function â€˜[01m[Kint MinimalPublisher::process()[m[Kâ€™:
[1.678s] [01m[K/home/robo/ROS2/walk_test/src/control/src/action_editor/main.cpp:91:16:[m[K [01;35m[Kwarning: [m[Knon-ISO-standard escape sequence, '\e'
[1.678s]    91 |         printf([01;35m[K"Can not open \e[0;31m%s\e[0m\n"[m[K, filename);
[1.678s]       |                [01;35m[K^~~~~~~~~~~~~~~~~~~~~~~~~~~~~~~~[m[K
[1.678s] [01m[K/home/robo/ROS2/walk_test/src/control/src/action_editor/main.cpp:91:16:[m[K [01;35m[Kwarning: [m[Knon-ISO-standard escape sequence, '\e'
[1.678s] [01m[K/home/robo/ROS2/walk_test/src/control/src/action_editor/main.cpp:102:20:[m[K [01;35m[Kwarning: [m[Knon-ISO-standard escape sequence, '\e'
[1.678s]   102 |             printf([01;35m[K"\e[1;31mFail to create %s\e[0m\n"[m[K, filename);
[1.678s]       |                    [01;35m[K^~~~~~~~~~~~~~~~~~~~~~~~~~~~~~~~~~[m[K
[1.678s] [01m[K/home/robo/ROS2/walk_test/src/control/src/action_editor/main.cpp:102:20:[m[K [01;35m[Kwarning: [m[Knon-ISO-standard escape sequence, '\e'
[1.678s] [01m[K/home/robo/ROS2/walk_test/src/control/src/action_editor/main.cpp:73:13:[m[K [01;35m[Kwarning: [m[Kvariable â€˜[01m[Kini[m[Kâ€™ set but not used [[01;35m[K-Wunused-but-set-variable[m[K]
[1.678s]    73 |     minIni* [01;35m[Kini[m[K;
[1.678s]       |             [01;35m[K^~~[m[K
[1.679s] [01m[K/home/robo/ROS2/walk_test/src/control/src/action_editor/main.cpp:[m[K In function â€˜[01m[Kvoid sighandler(int)[m[Kâ€™:
[1.679s] [01m[K/home/robo/ROS2/walk_test/src/control/src/action_editor/main.cpp:341:21:[m[K [01;35m[Kwarning: [m[Kunused parameter â€˜[01m[Ksig[m[Kâ€™ [[01;35m[K-Wunused-parameter[m[K]
[1.679s]   341 | void sighandler([01;35m[Kint sig[m[K)
[1.679s]       |                 [01;35m[K~~~~^~~[m[K
[2.128s] [100%] [32m[1mLinking CXX executable action[0m
[2.207s] /usr/bin/ld: CMakeFiles/action.dir/src/action_editor/main.cpp.o: in function `Robot::Action::GetInstance()':
[2.208s] main.cpp:(.text._ZN5Robot6Action11GetInstanceEv[_ZN5Robot6Action11GetInstanceEv]+0xb): undefined reference to `Robot::Action::m_UniqueInstance'
[2.208s] /usr/bin/ld: CMakeFiles/action.dir/src/action_editor/main.cpp.o: in function `MinimalPublisher::process()':
[2.208s] main.cpp:(.text._ZN16MinimalPublisher7processEv[_ZN16MinimalPublisher7processEv]+0x1a6): undefined reference to `Robot::Action::LoadFile(char*)'
[2.208s] /usr/bin/ld: main.cpp:(.text._ZN16MinimalPublisher7processEv[_ZN16MinimalPublisher7processEv]+0x1e7): undefined reference to `_getch()'
[2.208s] /usr/bin/ld: main.cpp:(.text._ZN16MinimalPublisher7processEv[_ZN16MinimalPublisher7processEv]+0x221): undefined reference to `Robot::Action::CreateFile(char*)'
[2.208s] collect2: error: ld returned 1 exit status
[2.208s] make[2]: *** [CMakeFiles/action.dir/build.make:136: action] Error 1
[2.209s] make[1]: *** [CMakeFiles/Makefile2:248: CMakeFiles/action.dir/all] Error 2
[2.209s] make: *** [Makefile:141: all] Error 2
[2.210s] Invoked command in '/home/robo/ROS2/walk_test/build/control' returned '2': CMAKE_PREFIX_PATH=/home/robo/ROS2/walk_test/install/dynamixel_sdk_custom_interfaces:/home/robo/ROS2/walk_test/install/control:/opt/ros/foxy LD_LIBRARY_PATH=/home/robo/ROS2/walk_test/install/dynamixel_sdk_custom_interfaces/lib:/home/robo/ROS2/walk_test/install/control/lib:/opt/ros/foxy/opt/yaml_cpp_vendor/lib:/opt/ros/foxy/opt/rviz_ogre_vendor/lib:/opt/ros/foxy/lib/x86_64-linux-gnu:/opt/ros/foxy/lib /usr/bin/cmake --build /home/robo/ROS2/walk_test/build/control -- -j12 -l12
