[35m[1mScanning dependencies of target action[0m
[ 16%] Built target gait_publisher
[ 16%] Built target decision
[ 24%] Built target control
[ 92%] Built target motion
[ 96%] [32mBuilding CXX object CMakeFiles/action.dir/src/action_editor/main.cpp.o[0m
[01m[K/home/robo/ROS2/walk_test/src/control/src/action_editor/main.cpp:[m[K In member function â€˜[01m[Kint MinimalPublisher::process()[m[Kâ€™:
[01m[K/home/robo/ROS2/walk_test/src/control/src/action_editor/main.cpp:107:9:[m[K [01;31m[Kerror: [m[Kâ€˜[01m[Kch[m[Kâ€™ was not declared in this scope
  107 |         [01;31m[Kch[m[K = _getch();
      |         [01;31m[K^~[m[K
[01m[K/home/robo/ROS2/walk_test/src/control/src/action_editor/main.cpp:198:29:[m[K [01;31m[Kerror: [m[Kbreak statement not within loop or switch
  198 |                             [01;31m[Kbreak[m[K;
      |                             [01;31m[K^~~~~[m[K
[01m[K/home/robo/ROS2/walk_test/src/control/src/action_editor/main.cpp:[m[K In function â€˜[01m[Kvoid sighandler(int)[m[Kâ€™:
[01m[K/home/robo/ROS2/walk_test/src/control/src/action_editor/main.cpp:315:21:[m[K [01;35m[Kwarning: [m[Kunused parameter â€˜[01m[Ksig[m[Kâ€™ [[01;35m[K-Wunused-parameter[m[K]
  315 | void sighandler([01;35m[Kint sig[m[K)
      |                 [01;35m[K~~~~^~~[m[K
[01m[K/home/robo/ROS2/walk_test/src/control/src/action_editor/main.cpp:[m[K In function â€˜[01m[Kint main(int, char**)[m[Kâ€™:
[01m[K/home/robo/ROS2/walk_test/src/control/src/action_editor/main.cpp:369:7:[m[K [01;35m[Kwarning: [m[Kunused variable â€˜[01m[Kch[m[Kâ€™ [[01;35m[K-Wunused-variable[m[K]
  369 |   int [01;35m[Kch[m[K;
      |       [01;35m[K^~[m[K
make[2]: *** [CMakeFiles/action.dir/build.make:63: CMakeFiles/action.dir/src/action_editor/main.cpp.o] Error 1
make[1]: *** [CMakeFiles/Makefile2:248: CMakeFiles/action.dir/all] Error 2
make: *** [Makefile:141: all] Error 2
