[0.009s] Invoking command in '/home/robo/ROS2/walk_test/build/control': CMAKE_PREFIX_PATH=/home/robo/ROS2/walk_test/install/dynamixel_sdk_custom_interfaces:/home/robo/ROS2/walk_test/install/control:/opt/ros/foxy LD_LIBRARY_PATH=/home/robo/ROS2/walk_test/install/dynamixel_sdk_custom_interfaces/lib:/home/robo/ROS2/walk_test/install/control/lib:/opt/ros/foxy/opt/yaml_cpp_vendor/lib:/opt/ros/foxy/opt/rviz_ogre_vendor/lib:/opt/ros/foxy/lib/x86_64-linux-gnu:/opt/ros/foxy/lib /usr/bin/cmake --build /home/robo/ROS2/walk_test/build/control -- -j12 -l12
[0.040s] [35m[1mScanning dependencies of target action[0m
[0.054s] [ 16%] Built target gait_publisher
[0.054s] [ 16%] Built target decision
[0.055s] [ 24%] Built target control
[0.058s] [ 92%] Built target motion
[0.060s] [ 96%] [32mBuilding CXX object CMakeFiles/action.dir/src/action_editor/main.cpp.o[0m
[0.968s] [01m[K/home/robo/ROS2/walk_test/src/control/src/action_editor/main.cpp:[m[K In member function â€˜[01m[Kint MinimalPublisher::process()[m[Kâ€™:
[0.968s] [01m[K/home/robo/ROS2/walk_test/src/control/src/action_editor/main.cpp:107:9:[m[K [01;31m[Kerror: [m[Kâ€˜[01m[Kch[m[Kâ€™ was not declared in this scope
[0.968s]   107 |         [01;31m[Kch[m[K = _getch();
[0.968s]       |         [01;31m[K^~[m[K
[0.969s] [01m[K/home/robo/ROS2/walk_test/src/control/src/action_editor/main.cpp:198:29:[m[K [01;31m[Kerror: [m[Kbreak statement not within loop or switch
[0.969s]   198 |                             [01;31m[Kbreak[m[K;
[0.969s]       |                             [01;31m[K^~~~~[m[K
[0.969s] [01m[K/home/robo/ROS2/walk_test/src/control/src/action_editor/main.cpp:[m[K In function â€˜[01m[Kvoid sighandler(int)[m[Kâ€™:
[0.970s] [01m[K/home/robo/ROS2/walk_test/src/control/src/action_editor/main.cpp:315:21:[m[K [01;35m[Kwarning: [m[Kunused parameter â€˜[01m[Ksig[m[Kâ€™ [[01;35m[K-Wunused-parameter[m[K]
[0.970s]   315 | void sighandler([01;35m[Kint sig[m[K)
[0.970s]       |                 [01;35m[K~~~~^~~[m[K
[0.972s] [01m[K/home/robo/ROS2/walk_test/src/control/src/action_editor/main.cpp:[m[K In function â€˜[01m[Kint main(int, char**)[m[Kâ€™:
[0.972s] [01m[K/home/robo/ROS2/walk_test/src/control/src/action_editor/main.cpp:369:7:[m[K [01;35m[Kwarning: [m[Kunused variable â€˜[01m[Kch[m[Kâ€™ [[01;35m[K-Wunused-variable[m[K]
[0.972s]   369 |   int [01;35m[Kch[m[K;
[0.973s]       |       [01;35m[K^~[m[K
[1.265s] make[2]: *** [CMakeFiles/action.dir/build.make:63: CMakeFiles/action.dir/src/action_editor/main.cpp.o] Error 1
[1.265s] make[1]: *** [CMakeFiles/Makefile2:248: CMakeFiles/action.dir/all] Error 2
[1.266s] make: *** [Makefile:141: all] Error 2
[1.267s] Invoked command in '/home/robo/ROS2/walk_test/build/control' returned '2': CMAKE_PREFIX_PATH=/home/robo/ROS2/walk_test/install/dynamixel_sdk_custom_interfaces:/home/robo/ROS2/walk_test/install/control:/opt/ros/foxy LD_LIBRARY_PATH=/home/robo/ROS2/walk_test/install/dynamixel_sdk_custom_interfaces/lib:/home/robo/ROS2/walk_test/install/control/lib:/opt/ros/foxy/opt/yaml_cpp_vendor/lib:/opt/ros/foxy/opt/rviz_ogre_vendor/lib:/opt/ros/foxy/lib/x86_64-linux-gnu:/opt/ros/foxy/lib /usr/bin/cmake --build /home/robo/ROS2/walk_test/build/control -- -j12 -l12
