In file included from [01m[K/home/robo/ROS2/walk_test/src/control/src/action_editor/cmd_process.cpp:5[m[K:
[01m[K/opt/ros/foxy/include/rcutils/types/char_array.h:41:10:[m[K [01;31m[Kerror: [m[Kexpected â€˜[01m[K)[m[Kâ€™ before â€˜[01m[K*[m[Kâ€™ token
   41 |   size_t [01;31m[Kbuffer_capacity[m[K;
      |          [01;31m[K^~~~~~~~~~~~~~~[m[K
[01m[K/opt/ros/foxy/include/rcutils/types/char_array.h:41:10:[m[K [01;31m[Kerror: [m[Kexpected â€˜[01m[K)[m[Kâ€™ before â€˜[01m[K*[m[Kâ€™ token
[01m[K/opt/ros/foxy/include/rcutils/types/char_array.h:74:10:[m[K [01;31m[Kerror: [m[Kexpected â€˜[01m[K)[m[Kâ€™ before â€˜[01m[K([m[Kâ€™ token
   74 |   size_t [01;31m[Kbuffer_capacity[m[K,
      |          [01;31m[K^~~~~~~~~~~~~~~[m[K
[01m[K/opt/ros/foxy/include/rcutils/types/char_array.h:74:10:[m[K [01;31m[Kerror: [m[Kexpected â€˜[01m[K)[m[Kâ€™ before â€˜[01m[K([m[Kâ€™ token
In file included from [01m[K/opt/ros/foxy/include/rcutils/types.h:24[m[K,
                 from [01m[K/opt/ros/foxy/include/rcutils/time.h:26[m[K,
                 from [01m[K/opt/ros/foxy/include/rcutils/logging.h:25[m[K,
                 from [01m[K/opt/ros/foxy/include/rmw/types.h:28[m[K,
                 from [01m[K/opt/ros/foxy/include/rcl/types.h:18[m[K,
                 from [01m[K/opt/ros/foxy/include/rcl/arguments.h:20[m[K,
                 from [01m[K/opt/ros/foxy/include/rcl/context.h:26[m[K,
                 from [01m[K/opt/ros/foxy/include/rcl/guard_condition.h:24[m[K,
                 from [01m[K/opt/ros/foxy/include/rclcpp/executor.hpp:29[m[K,
                 from [01m[K/opt/ros/foxy/include/rclcpp/executors/multi_threaded_executor.hpp:26[m[K,
                 from [01m[K/opt/ros/foxy/include/rclcpp/executors.hpp:21[m[K,
                 from [01m[K/opt/ros/foxy/include/rclcpp/rclcpp.hpp:146[m[K,
                 from [01m[K/home/robo/ROS2/walk_test/src/control/include/cmd_process.h:5[m[K,
                 from [01m[K/home/robo/ROS2/walk_test/src/control/src/action_editor/cmd_process.cpp:8[m[K:
[01m[K/opt/ros/foxy/include/rcutils/types/char_array.h:72:24:[m[K [01;36m[Knote: [m[Kto match this â€˜[01m[K([m[Kâ€™
   72 | rcutils_char_array_init[01;36m[K([m[K
      |                        [01;36m[K^[m[K
In file included from [01m[K/home/robo/ROS2/walk_test/src/control/src/action_editor/cmd_process.cpp:5[m[K:
[01m[K/opt/ros/foxy/include/rcutils/types/char_array.h:74:10:[m[K [01;31m[Kerror: [m[Kinitializer provided for function
   74 |   size_t [01;31m[Kbuffer_capacity[m[K,
      |          [01;31m[K^~~~~~~~~~~~~~~[m[K
[01m[K/opt/ros/foxy/include/rcutils/types/char_array.h:74:10:[m[K [01;31m[Kerror: [m[Kexpected â€˜[01m[K,[m[Kâ€™ or â€˜[01m[K;[m[Kâ€™ before â€˜[01m[K->[m[Kâ€™ token
   74 |   size_t [01;31m[Kbuffer_capacity[m[K,
      |          [01;31m[K^~~~~~~~~~~~~~~[m[K
[01m[K/opt/ros/foxy/include/rcutils/types/uint8_array.h:33:10:[m[K [01;31m[Kerror: [m[Kexpected â€˜[01m[K)[m[Kâ€™ before â€˜[01m[K*[m[Kâ€™ token
   33 |   size_t [01;31m[Kbuffer_capacity[m[K;
      |          [01;31m[K^~~~~~~~~~~~~~~[m[K
[01m[K/opt/ros/foxy/include/rcutils/types/uint8_array.h:33:10:[m[K [01;31m[Kerror: [m[Kexpected â€˜[01m[K)[m[Kâ€™ before â€˜[01m[K*[m[Kâ€™ token
[01m[K/opt/ros/foxy/include/rcutils/types/uint8_array.h:65:10:[m[K [01;31m[Kerror: [m[Kexpected â€˜[01m[K)[m[Kâ€™ before â€˜[01m[K([m[Kâ€™ token
   65 |   size_t [01;31m[Kbuffer_capacity[m[K,
      |          [01;31m[K^~~~~~~~~~~~~~~[m[K
[01m[K/opt/ros/foxy/include/rcutils/types/uint8_array.h:65:10:[m[K [01;31m[Kerror: [m[Kexpected â€˜[01m[K)[m[Kâ€™ before â€˜[01m[K([m[Kâ€™ token
In file included from [01m[K/opt/ros/foxy/include/rcutils/types.h:29[m[K,
                 from [01m[K/opt/ros/foxy/include/rcutils/time.h:26[m[K,
                 from [01m[K/opt/ros/foxy/include/rcutils/logging.h:25[m[K,
                 from [01m[K/opt/ros/foxy/include/rmw/types.h:28[m[K,
                 from [01m[K/opt/ros/foxy/include/rcl/types.h:18[m[K,
                 from [01m[K/opt/ros/foxy/include/rcl/arguments.h:20[m[K,
                 from [01m[K/opt/ros/foxy/include/rcl/context.h:26[m[K,
                 from [01m[K/opt/ros/foxy/include/rcl/guard_condition.h:24[m[K,
                 from [01m[K/opt/ros/foxy/include/rclcpp/executor.hpp:29[m[K,
                 from [01m[K/opt/ros/foxy/include/rclcpp/executors/multi_threaded_executor.hpp:26[m[K,
                 from [01m[K/opt/ros/foxy/include/rclcpp/executors.hpp:21[m[K,
                 from [01m[K/opt/ros/foxy/include/rclcpp/rclcpp.hpp:146[m[K,
                 from [01m[K/home/robo/ROS2/walk_test/src/control/include/cmd_process.h:5[m[K,
                 from [01m[K/home/robo/ROS2/walk_test/src/control/src/action_editor/cmd_process.cpp:8[m[K:
[01m[K/opt/ros/foxy/include/rcutils/types/uint8_array.h:63:25:[m[K [01;36m[Knote: [m[Kto match this â€˜[01m[K([m[Kâ€™
   63 | rcutils_uint8_array_init[01;36m[K([m[K
      |                         [01;36m[K^[m[K
In file included from [01m[K/home/robo/ROS2/walk_test/src/control/src/action_editor/cmd_process.cpp:5[m[K:
[01m[K/opt/ros/foxy/include/rcutils/types/uint8_array.h:65:10:[m[K [01;31m[Kerror: [m[Kinitializer provided for function
   65 |   size_t [01;31m[Kbuffer_capacity[m[K,
      |          [01;31m[K^~~~~~~~~~~~~~~[m[K
[01m[K/opt/ros/foxy/include/rcutils/types/uint8_array.h:65:10:[m[K [01;31m[Kerror: [m[Kexpected â€˜[01m[K,[m[Kâ€™ or â€˜[01m[K;[m[Kâ€™ before â€˜[01m[K->[m[Kâ€™ token
   65 |   size_t [01;31m[Kbuffer_capacity[m[K,
      |          [01;31m[K^~~~~~~~~~~~~~~[m[K
[01m[K/home/robo/ROS2/walk_test/src/control/src/action_editor/cmd_process.cpp:25:26:[m[K [01;35m[Kwarning: [m[Knon-ISO-standard escape sequence, '\e'
   25 | const std::string azul = [01;35m[K"\e[0;36m"[m[K;
      |                          [01;35m[K^~~~~~~~~~[m[K
[01m[K/home/robo/ROS2/walk_test/src/control/src/action_editor/cmd_process.cpp:26:27:[m[K [01;35m[Kwarning: [m[Knon-ISO-standard escape sequence, '\e'
   26 | const std::string azulE = [01;35m[K"\e[0;34m"[m[K;
      |                           [01;35m[K^~~~~~~~~~[m[K
[01m[K/home/robo/ROS2/walk_test/src/control/src/action_editor/cmd_process.cpp:27:27:[m[K [01;35m[Kwarning: [m[Knon-ISO-standard escape sequence, '\e'
   27 | const std::string amare = [01;35m[K"\e[0;33m"[m[K;
      |                           [01;35m[K^~~~~~~~~~[m[K
[01m[K/home/robo/ROS2/walk_test/src/control/src/action_editor/cmd_process.cpp:28:27:[m[K [01;35m[Kwarning: [m[Knon-ISO-standard escape sequence, '\e'
   28 | const std::string verde = [01;35m[K"\e[0;32m"[m[K;
      |                           [01;35m[K^~~~~~~~~~[m[K
[01m[K/home/robo/ROS2/walk_test/src/control/src/action_editor/cmd_process.cpp:29:25:[m[K [01;35m[Kwarning: [m[Knon-ISO-standard escape sequence, '\e'
   29 | const std::string red = [01;35m[K"\e[0;31m"[m[K;
      |                         [01;35m[K^~~~~~~~~~[m[K
[01m[K/home/robo/ROS2/walk_test/src/control/src/action_editor/cmd_process.cpp:30:26:[m[K [01;35m[Kwarning: [m[Knon-ISO-standard escape sequence, '\e'
   30 | const std::string gray = [01;35m[K"\e[0;37m"[m[K;
      |                          [01;35m[K^~~~~~~~~~[m[K
[01m[K/home/robo/ROS2/walk_test/src/control/src/action_editor/cmd_process.cpp:31:26:[m[K [01;35m[Kwarning: [m[Knon-ISO-standard escape sequence, '\e'
   31 | const std::string nulo = [01;35m[K"\e[0m"[m[K;
      |                          [01;35m[K^~~~~~~[m[K
[01m[K/home/robo/ROS2/walk_test/src/control/src/action_editor/cmd_process.cpp:33:27:[m[K [01;35m[Kwarning: [m[Knon-ISO-standard escape sequence, '\e'
   33 | const std::string Lazul = [01;35m[K"\e[96m"[m[K;
      |                           [01;35m[K^~~~~~~~[m[K
[01m[K/home/robo/ROS2/walk_test/src/control/src/action_editor/cmd_process.cpp:34:28:[m[K [01;35m[Kwarning: [m[Knon-ISO-standard escape sequence, '\e'
   34 | const std::string LazulE = [01;35m[K"\e[94m"[m[K;
      |                            [01;35m[K^~~~~~~~[m[K
[01m[K/home/robo/ROS2/walk_test/src/control/src/action_editor/cmd_process.cpp:35:28:[m[K [01;35m[Kwarning: [m[Knon-ISO-standard escape sequence, '\e'
   35 | const std::string Lamare = [01;35m[K"\e[93m"[m[K;
      |                            [01;35m[K^~~~~~~~[m[K
[01m[K/home/robo/ROS2/walk_test/src/control/src/action_editor/cmd_process.cpp:36:28:[m[K [01;35m[Kwarning: [m[Knon-ISO-standard escape sequence, '\e'
   36 | const std::string Lverde = [01;35m[K"\e[92m"[m[K;
      |                            [01;35m[K^~~~~~~~[m[K
[01m[K/home/robo/ROS2/walk_test/src/control/src/action_editor/cmd_process.cpp:37:26:[m[K [01;35m[Kwarning: [m[Knon-ISO-standard escape sequence, '\e'
   37 | const std::string Lred = [01;35m[K"\e[91m"[m[K;
      |                          [01;35m[K^~~~~~~~[m[K
[01m[K/home/robo/ROS2/walk_test/src/control/src/action_editor/cmd_process.cpp:38:27:[m[K [01;35m[Kwarning: [m[Knon-ISO-standard escape sequence, '\e'
   38 | const std::string Lgray = [01;35m[K"\e[97m"[m[K;
      |                           [01;35m[K^~~~~~~~[m[K
[01m[K/home/robo/ROS2/walk_test/src/control/src/action_editor/cmd_process.cpp:48:1:[m[K [01;31m[Kerror: [m[Kâ€˜[01m[KAction[m[Kâ€™ does not name a type
   48 | [01;31m[KAction[m[K::PAGE Page;
      | [01;31m[K^~~~~~[m[K
[01m[K/home/robo/ROS2/walk_test/src/control/src/action_editor/cmd_process.cpp:49:1:[m[K [01;31m[Kerror: [m[Kâ€˜[01m[KAction[m[Kâ€™ does not name a type
   49 | [01;31m[KAction[m[K::STEP Step;
      | [01;31m[K^~~~~~[m[K
[01m[K/home/robo/ROS2/walk_test/src/control/src/action_editor/cmd_process.cpp:[m[K In function â€˜[01m[Kvoid cmd_process()[m[Kâ€™:
[01m[K/home/robo/ROS2/walk_test/src/control/src/action_editor/cmd_process.cpp:58:15:[m[K [01;31m[Kerror: [m[Kinvalid use of â€˜[01m[Kthis[m[Kâ€™ in non-member function
   58 |  publisher_ = [01;31m[Kthis[m[K->create_publisher<dynamixel_sdk_custom_interfaces::msg::SetPosition>("set_position", 10);
      |               [01;31m[K^~~~[m[K
[01m[K/home/robo/ROS2/walk_test/src/control/src/action_editor/cmd_process.cpp:58:87:[m[K [01;31m[Kerror: [m[Kexpected primary-expression before â€˜[01m[K>[m[Kâ€™ token
   58 | e_publisher<dynamixel_sdk_custom_interfaces::msg::SetPosition[01;31m[K>[m[K("set_position", 10);
      |                                                              [01;31m[K^[m[K

[01m[K/home/robo/ROS2/walk_test/src/control/src/action_editor/cmd_process.cpp:58:89:[m[K [01;35m[Kwarning: [m[Kleft operand of comma operator has no effect [[01;35m[K-Wunused-value[m[K]
   58 | publisher<dynamixel_sdk_custom_interfaces::msg::SetPosition>([01;35m[K"set_position"[m[K, 10);
      |                                                              [01;35m[K^~~~~~~~~~~~~~[m[K

[01m[K/home/robo/ROS2/walk_test/src/control/src/action_editor/cmd_process.cpp:59:24:[m[K [01;31m[Kerror: [m[Kinvalid use of â€˜[01m[Kthis[m[Kâ€™ in non-member function
   59 |     publisher_single = [01;31m[Kthis[m[K->create_publisher<dynamixel_sdk_custom_interfaces::msg::SetPositionOriginal>("set_position_single", 10);
      |                        [01;31m[K^~~~[m[K
[01m[K/home/robo/ROS2/walk_test/src/control/src/action_editor/cmd_process.cpp:59:104:[m[K [01;31m[Kerror: [m[Kexpected primary-expression before â€˜[01m[K>[m[Kâ€™ token
   59 | her<dynamixel_sdk_custom_interfaces::msg::SetPositionOriginal[01;31m[K>[m[K("set_position_single", 10);
      |                                                              [01;31m[K^[m[K

[01m[K/home/robo/ROS2/walk_test/src/control/src/action_editor/cmd_process.cpp:59:106:[m[K [01;35m[Kwarning: [m[Kleft operand of comma operator has no effect [[01;35m[K-Wunused-value[m[K]
   59 | r<dynamixel_sdk_custom_interfaces::msg::SetPositionOriginal>([01;35m[K"set_position_single"[m[K, 10);
      |                                                              [01;35m[K^~~~~~~~~~~~~~~~~~~~~[m[K

[01m[K/home/robo/ROS2/walk_test/src/control/src/action_editor/cmd_process.cpp:[m[K In function â€˜[01m[Kvoid ReadStep()[m[Kâ€™:
[01m[K/home/robo/ROS2/walk_test/src/control/src/action_editor/cmd_process.cpp:122:10:[m[K [01;35m[Kwarning: [m[Kunused variable â€˜[01m[Kvalue8[m[Kâ€™ [[01;35m[K-Wunused-variable[m[K]
  122 |  uint8_t [01;35m[Kvalue8[m[K;
      |          [01;35m[K^~~~~~[m[K
[01m[K/home/robo/ROS2/walk_test/src/control/src/action_editor/cmd_process.cpp:123:11:[m[K [01;35m[Kwarning: [m[Kunused variable â€˜[01m[Kvalue32[m[Kâ€™ [[01;35m[K-Wunused-variable[m[K]
  123 |  uint32_t [01;35m[Kvalue32[m[K;
      |           [01;35m[K^~~~~~~[m[K
[01m[K/home/robo/ROS2/walk_test/src/control/src/action_editor/cmd_process.cpp:[m[K In function â€˜[01m[Kvoid DrawIntro()[m[Kâ€™:
[01m[K/home/robo/ROS2/walk_test/src/control/src/action_editor/cmd_process.cpp:326:9:[m[K [01;35m[Kwarning: [m[Knon-ISO-standard escape sequence, '\e'
  326 |  system([01;35m[K"printf '\e[8;27;80t'"[m[K);
      |         [01;35m[K^~~~~~~~~~~~~~~~~~~~~~[m[K
[01m[K/home/robo/ROS2/walk_test/src/control/src/action_editor/cmd_process.cpp:328:2:[m[K [01;31m[Kerror: [m[Kâ€˜[01m[KAction[m[Kâ€™ has not been declared
  328 |  [01;31m[KAction[m[K::GetInstance()->LoadPage(indexPage, &Page);
      |  [01;31m[K^~~~~~[m[K
[01m[K/home/robo/ROS2/walk_test/src/control/src/action_editor/cmd_process.cpp:328:46:[m[K [01;31m[Kerror: [m[Kâ€˜[01m[KPage[m[Kâ€™ was not declared in this scope
  328 |  Action::GetInstance()->LoadPage(indexPage, &[01;31m[KPage[m[K);
      |                                              [01;31m[K^~~~[m[K
[01m[K/home/robo/ROS2/walk_test/src/control/src/action_editor/cmd_process.cpp:331:2:[m[K [01;31m[Kerror: [m[Kâ€˜[01m[KStep[m[Kâ€™ was not declared in this scope
  331 |  [01;31m[KStep[m[K.pause = 0;
      |  [01;31m[K^~~~[m[K
[01m[K/home/robo/ROS2/walk_test/src/control/src/action_editor/cmd_process.cpp:[m[K In function â€˜[01m[Kvoid DrawPage()[m[Kâ€™:
[01m[K/home/robo/ROS2/walk_test/src/control/src/action_editor/cmd_process.cpp:376:6:[m[K [01;31m[Kerror: [m[Kâ€˜[01m[KPage[m[Kâ€™ was not declared in this scope
  376 |  if( [01;31m[KPage[m[K.header.schedule == Action::SPEED_BASE_SCHEDULE )
      |      [01;31m[K^~~~[m[K
[01m[K/home/robo/ROS2/walk_test/src/control/src/action_editor/cmd_process.cpp:376:30:[m[K [01;31m[Kerror: [m[Kâ€˜[01m[KAction[m[Kâ€™ has not been declared
  376 |  if( Page.header.schedule == [01;31m[KAction[m[K::SPEED_BASE_SCHEDULE )
      |                              [01;31m[K^~~~~~[m[K
[01m[K/home/robo/ROS2/walk_test/src/control/src/action_editor/cmd_process.cpp:378:35:[m[K [01;31m[Kerror: [m[Kâ€˜[01m[KAction[m[Kâ€™ has not been declared
  378 |  else if( Page.header.schedule == [01;31m[KAction[m[K::TIME_BASE_SCHEDULE )
      |                                   [01;31m[K^~~~~~[m[K
[01m[K/home/robo/ROS2/walk_test/src/control/src/action_editor/cmd_process.cpp:384:18:[m[K [01;31m[Kerror: [m[Kâ€˜[01m[KAction[m[Kâ€™ has not been declared
  384 |  for(int i=0; i<=[01;31m[KAction[m[K::MAXNUM_STEP; i++ )
      |                  [01;31m[K^~~~~~[m[K
[01m[K/home/robo/ROS2/walk_test/src/control/src/action_editor/cmd_process.cpp:388:14:[m[K [01;31m[Kerror: [m[Kâ€˜[01m[KJointData[m[Kâ€™ has not been declared
  388 |  for( int id=[01;31m[KJointData[m[K::ID_R_SHOULDER_PITCH; id<JointData::NUMBER_OF_JOINTS; id++ )
      |              [01;31m[K^~~~~~~~~[m[K
[01m[K/home/robo/ROS2/walk_test/src/control/src/action_editor/cmd_process.cpp:388:49:[m[K [01;31m[Kerror: [m[Kâ€˜[01m[KJointData[m[Kâ€™ has not been declared
  388 |  for( int id=JointData::ID_R_SHOULDER_PITCH; id<[01;31m[KJointData[m[K::NUMBER_OF_JOINTS; id++ )
      |                                                 [01;31m[K^~~~~~~~~[m[K
[01m[K/home/robo/ROS2/walk_test/src/control/src/action_editor/cmd_process.cpp:391:23:[m[K [01;31m[Kerror: [m[Kâ€˜[01m[KPage[m[Kâ€™ was not declared in this scope
  391 |   printf( "%.1d%.1d", [01;31m[KPage[m[K.header.slope[id]>>4, Page.header.slope[id]&0x0f );
      |                       [01;31m[K^~~~[m[K
[01m[K/home/robo/ROS2/walk_test/src/control/src/action_editor/cmd_process.cpp:396:18:[m[K [01;31m[Kerror: [m[Kâ€˜[01m[KPage[m[Kâ€™ was not declared in this scope
  396 |  printf( "%.3d", [01;31m[KPage[m[K.header.repeat );
      |                  [01;31m[K^~~~[m[K
[01m[K/home/robo/ROS2/walk_test/src/control/src/action_editor/cmd_process.cpp:422:43:[m[K [01;31m[Kerror: [m[Kâ€˜[01m[KAction[m[Kâ€™ has not been declared
  422 |  printf( "0x%.5X", (int)(indexPage*sizeof([01;31m[KAction[m[K::PAGE)) );
      |                                           [01;31m[K^~~~~~[m[K
[01m[K/home/robo/ROS2/walk_test/src/control/src/action_editor/cmd_process.cpp:[m[K In function â€˜[01m[Kvoid DrawStep(int)[m[Kâ€™:
[01m[K/home/robo/ROS2/walk_test/src/control/src/action_editor/cmd_process.cpp:433:2:[m[K [01;31m[Kerror: [m[Kâ€˜[01m[KAction[m[Kâ€™ has not been declared
  433 |  [01;31m[KAction[m[K::STEP *step;
      |  [01;31m[K^~~~~~[m[K
[01m[K/home/robo/ROS2/walk_test/src/control/src/action_editor/cmd_process.cpp:433:16:[m[K [01;31m[Kerror: [m[Kâ€˜[01m[Kstep[m[Kâ€™ was not declared in this scope
  433 |  Action::STEP *[01;31m[Kstep[m[K;
      |                [01;31m[K^~~~[m[K
[01m[K/home/robo/ROS2/walk_test/src/control/src/action_editor/cmd_process.cpp:440:11:[m[K [01;31m[Kerror: [m[Kâ€˜[01m[KPage[m[Kâ€™ was not declared in this scope
  440 |   step = &[01;31m[KPage[m[K.step[0];
      |           [01;31m[K^~~~[m[K
[01m[K/home/robo/ROS2/walk_test/src/control/src/action_editor/cmd_process.cpp:475:11:[m[K [01;31m[Kerror: [m[Kâ€˜[01m[KStep[m[Kâ€™ was not declared in this scope
  475 |   step = &[01;31m[KStep[m[K;
      |           [01;31m[K^~~~[m[K
[01m[K/home/robo/ROS2/walk_test/src/control/src/action_editor/cmd_process.cpp:482:14:[m[K [01;31m[Kerror: [m[Kâ€˜[01m[KJointData[m[Kâ€™ has not been declared
  482 |  for( int id=[01;31m[KJointData[m[K::ID_R_SHOULDER_PITCH; id<JointData::NUMBER_OF_JOINTS; id++ )
      |              [01;31m[K^~~~~~~~~[m[K
[01m[K/home/robo/ROS2/walk_test/src/control/src/action_editor/cmd_process.cpp:482:49:[m[K [01;31m[Kerror: [m[Kâ€˜[01m[KJointData[m[Kâ€™ has not been declared
  482 |  for( int id=JointData::ID_R_SHOULDER_PITCH; id<[01;31m[KJointData[m[K::NUMBER_OF_JOINTS; id++ )
      |                                                 [01;31m[K^~~~~~~~~[m[K
[01m[K/home/robo/ROS2/walk_test/src/control/src/action_editor/cmd_process.cpp:485:28:[m[K [01;31m[Kerror: [m[Kâ€˜[01m[KMotionManager[m[Kâ€™ has not been declared
  485 |   if((step->position[id] + [01;31m[KMotionManager[m[K::GetInstance()->m_Offset[id]) & Action::INVALID_BIT_MASK)
      |                            [01;31m[K^~~~~~~~~~~~~[m[K
[01m[K/home/robo/ROS2/walk_test/src/control/src/action_editor/cmd_process.cpp:485:74:[m[K [01;31m[Kerror: [m[Kâ€˜[01m[KAction[m[Kâ€™ has not been declared
  485 | position[id] + MotionManager::GetInstance()->m_Offset[id]) & [01;31m[KAction[m[K::INVALID_BIT_MASK)
      |                                                              [01;31m[K^~~~~~[m[K

[01m[K/home/robo/ROS2/walk_test/src/control/src/action_editor/cmd_process.cpp:487:33:[m[K [01;31m[Kerror: [m[Kâ€˜[01m[KMotionManager[m[Kâ€™ has not been declared
  487 |   else if((step->position[id] + [01;31m[KMotionManager[m[K::GetInstance()->m_Offset[id]) & Action::TORQUE_OFF_BIT_MASK)
      |                                 [01;31m[K^~~~~~~~~~~~~[m[K
[01m[K/home/robo/ROS2/walk_test/src/control/src/action_editor/cmd_process.cpp:487:79:[m[K [01;31m[Kerror: [m[Kâ€˜[01m[KAction[m[Kâ€™ has not been declared
  487 | position[id] + MotionManager::GetInstance()->m_Offset[id]) & [01;31m[KAction[m[K::TORQUE_OFF_BIT_MASK)
      |                                                              [01;31m[K^~~~~~[m[K

[01m[K/home/robo/ROS2/walk_test/src/control/src/action_editor/cmd_process.cpp:[m[K In function â€˜[01m[Kvoid DrawStepLine(bool)[m[Kâ€™:
[01m[K/home/robo/ROS2/walk_test/src/control/src/action_editor/cmd_process.cpp:510:9:[m[K [01;31m[Kerror: [m[Kâ€˜[01m[KPage[m[Kâ€™ was not declared in this scope
  510 |  switch([01;31m[KPage[m[K.header.stepnum)
      |         [01;31m[K^~~~[m[K
[01m[K/home/robo/ROS2/walk_test/src/control/src/action_editor/cmd_process.cpp:549:14:[m[K [01;31m[Kerror: [m[Kâ€˜[01m[KJointData[m[Kâ€™ has not been declared
  549 |  for( int id=[01;31m[KJointData[m[K::ID_R_SHOULDER_PITCH; id<(JointData::NUMBER_OF_JOINTS + 2); id++ )
      |              [01;31m[K^~~~~~~~~[m[K
[01m[K/home/robo/ROS2/walk_test/src/control/src/action_editor/cmd_process.cpp:549:50:[m[K [01;31m[Kerror: [m[Kâ€˜[01m[KJointData[m[Kâ€™ has not been declared
  549 |  for( int id=JointData::ID_R_SHOULDER_PITCH; id<([01;31m[KJointData[m[K::NUMBER_OF_JOINTS + 2); id++ )
      |                                                  [01;31m[K^~~~~~~~~[m[K
[01m[K/home/robo/ROS2/walk_test/src/control/src/action_editor/cmd_process.cpp:[m[K In function â€˜[01m[Kvoid DrawName()[m[Kâ€™:
[01m[K/home/robo/ROS2/walk_test/src/control/src/action_editor/cmd_process.cpp:570:17:[m[K [01;31m[Kerror: [m[Kâ€˜[01m[KAction[m[Kâ€™ has not been declared
  570 |  for(int i=0; i<[01;31m[KAction[m[K::MAXNUM_NAME; i++)
      |                 [01;31m[K^~~~~~[m[K
[01m[K/home/robo/ROS2/walk_test/src/control/src/action_editor/cmd_process.cpp:571:22:[m[K [01;31m[Kerror: [m[Kâ€˜[01m[KPage[m[Kâ€™ was not declared in this scope
  571 |   printf("%c", (char)[01;31m[KPage[m[K.header.name[i]);
      |                      [01;31m[K^~~~[m[K
[01m[K/home/robo/ROS2/walk_test/src/control/src/action_editor/cmd_process.cpp:[m[K In function â€˜[01m[Kint GetValue()[m[Kâ€™:
[01m[K/home/robo/ROS2/walk_test/src/control/src/action_editor/cmd_process.cpp:618:11:[m[K [01;31m[Kerror: [m[Kâ€˜[01m[KStep[m[Kâ€™ was not declared in this scope
  618 |    return [01;31m[KStep[m[K.pause;
      |           [01;31m[K^~~~[m[K
[01m[K/home/robo/ROS2/walk_test/src/control/src/action_editor/cmd_process.cpp:620:11:[m[K [01;31m[Kerror: [m[Kâ€˜[01m[KStep[m[Kâ€™ was not declared in this scope
  620 |    return [01;31m[KStep[m[K.time;
      |           [01;31m[K^~~~[m[K
[01m[K/home/robo/ROS2/walk_test/src/control/src/action_editor/cmd_process.cpp:622:11:[m[K [01;31m[Kerror: [m[Kâ€˜[01m[KStep[m[Kâ€™ was not declared in this scope
  622 |    return [01;31m[KStep[m[K.position[row + 1];
      |           [01;31m[K^~~~[m[K
[01m[K/home/robo/ROS2/walk_test/src/control/src/action_editor/cmd_process.cpp:659:11:[m[K [01;31m[Kerror: [m[Kâ€˜[01m[KPage[m[Kâ€™ was not declared in this scope
  659 |    return [01;31m[KPage[m[K.step[i].pause;
      |           [01;31m[K^~~~[m[K
[01m[K/home/robo/ROS2/walk_test/src/control/src/action_editor/cmd_process.cpp:661:11:[m[K [01;31m[Kerror: [m[Kâ€˜[01m[KPage[m[Kâ€™ was not declared in this scope
  661 |    return [01;31m[KPage[m[K.step[i].time;
      |           [01;31m[K^~~~[m[K
[01m[K/home/robo/ROS2/walk_test/src/control/src/action_editor/cmd_process.cpp:663:11:[m[K [01;31m[Kerror: [m[Kâ€˜[01m[KPage[m[Kâ€™ was not declared in this scope
  663 |    return [01;31m[KPage[m[K.step[i].position[row + 1];
      |           [01;31m[K^~~~[m[K
[01m[K/home/robo/ROS2/walk_test/src/control/src/action_editor/cmd_process.cpp:666:11:[m[K [01;31m[Kerror: [m[Kâ€˜[01m[KPage[m[Kâ€™ was not declared in this scope
  666 |   return ([01;31m[KPage[m[K.header.slope[row + 1] >> 4);
      |           [01;31m[K^~~~[m[K
[01m[K/home/robo/ROS2/walk_test/src/control/src/action_editor/cmd_process.cpp:668:11:[m[K [01;31m[Kerror: [m[Kâ€˜[01m[KPage[m[Kâ€™ was not declared in this scope
  668 |   return ([01;31m[KPage[m[K.header.slope[row + 1] & 0x0f);
      |           [01;31m[K^~~~[m[K
[01m[K/home/robo/ROS2/walk_test/src/control/src/action_editor/cmd_process.cpp:672:11:[m[K [01;31m[Kerror: [m[Kâ€˜[01m[KPage[m[Kâ€™ was not declared in this scope
  672 |    return [01;31m[KPage[m[K.header.repeat;
      |           [01;31m[K^~~~[m[K
[01m[K/home/robo/ROS2/walk_test/src/control/src/action_editor/cmd_process.cpp:674:11:[m[K [01;31m[Kerror: [m[Kâ€˜[01m[KPage[m[Kâ€™ was not declared in this scope
  674 |    return [01;31m[KPage[m[K.header.stepnum;
      |           [01;31m[K^~~~[m[K
[01m[K/home/robo/ROS2/walk_test/src/control/src/action_editor/cmd_process.cpp:676:11:[m[K [01;31m[Kerror: [m[Kâ€˜[01m[KPage[m[Kâ€™ was not declared in this scope
  676 |    return [01;31m[KPage[m[K.header.speed;
      |           [01;31m[K^~~~[m[K
[01m[K/home/robo/ROS2/walk_test/src/control/src/action_editor/cmd_process.cpp:678:11:[m[K [01;31m[Kerror: [m[Kâ€˜[01m[KPage[m[Kâ€™ was not declared in this scope
  678 |    return [01;31m[KPage[m[K.header.accel;
      |           [01;31m[K^~~~[m[K
[01m[K/home/robo/ROS2/walk_test/src/control/src/action_editor/cmd_process.cpp:680:11:[m[K [01;31m[Kerror: [m[Kâ€˜[01m[KPage[m[Kâ€™ was not declared in this scope
  680 |    return [01;31m[KPage[m[K.header.next;
      |           [01;31m[K^~~~[m[K
[01m[K/home/robo/ROS2/walk_test/src/control/src/action_editor/cmd_process.cpp:682:11:[m[K [01;31m[Kerror: [m[Kâ€˜[01m[KPage[m[Kâ€™ was not declared in this scope
  682 |    return [01;31m[KPage[m[K.header.exit;
      |           [01;31m[K^~~~[m[K
[01m[K/home/robo/ROS2/walk_test/src/control/src/action_editor/cmd_process.cpp:[m[K In function â€˜[01m[Kvoid SetValue(uint32_t)[m[Kâ€™:
[01m[K/home/robo/ROS2/walk_test/src/control/src/action_editor/cmd_process.cpp:711:13:[m[K [01;35m[Kwarning: [m[Kcomparison of unsigned expression >= 0 is always true [[01;35m[K-Wtype-limits[m[K]
  711 |    if([01;35m[Kvalue >= 0[m[K && value <= 255)
      |       [01;35m[K~~~~~~^~~~[m[K
[01m[K/home/robo/ROS2/walk_test/src/control/src/action_editor/cmd_process.cpp:713:5:[m[K [01;31m[Kerror: [m[Kâ€˜[01m[KStep[m[Kâ€™ was not declared in this scope
  713 |     [01;31m[KStep[m[K.pause = value;
      |     [01;31m[K^~~~[m[K
[01m[K/home/robo/ROS2/walk_test/src/control/src/action_editor/cmd_process.cpp:720:13:[m[K [01;35m[Kwarning: [m[Kcomparison of unsigned expression >= 0 is always true [[01;35m[K-Wtype-limits[m[K]
  720 |    if([01;35m[Kvalue >= 0[m[K && value <= 255)
      |       [01;35m[K~~~~~~^~~~[m[K
[01m[K/home/robo/ROS2/walk_test/src/control/src/action_editor/cmd_process.cpp:722:5:[m[K [01;31m[Kerror: [m[Kâ€˜[01m[KStep[m[Kâ€™ was not declared in this scope
  722 |     [01;31m[KStep[m[K.time = value;
      |     [01;31m[K^~~~[m[K
[01m[K/home/robo/ROS2/walk_test/src/control/src/action_editor/cmd_process.cpp:729:16:[m[K [01;31m[Kerror: [m[Kâ€˜[01m[KMotionManager[m[Kâ€™ has not been declared
  729 |    if(value  + [01;31m[KMotionManager[m[K::GetInstance()->m_Offset[row + 1] >= 0 && value  + MotionManager::GetInstance()->m_Offset[row + 1] <= MX28::MAX_VALUE)
      |                [01;31m[K^~~~~~~~~~~~~[m[K
[01m[K/home/robo/ROS2/walk_test/src/control/src/action_editor/cmd_process.cpp:729:81:[m[K [01;31m[Kerror: [m[Kâ€˜[01m[KMotionManager[m[Kâ€™ has not been declared
  729 | onManager::GetInstance()->m_Offset[row + 1] >= 0 && value  + [01;31m[KMotionManager[m[K::GetInstance()->m_Offset[row + 1] <= MX28::MAX_VALUE)
      |                                                              [01;31m[K^~~~~~~~~~~~~[m[K

[01m[K/home/robo/ROS2/walk_test/src/control/src/action_editor/cmd_process.cpp:729:132:[m[K [01;31m[Kerror: [m[Kâ€˜[01m[KMX28[m[Kâ€™ has not been declared
  729 | && value  + MotionManager::GetInstance()->m_Offset[row + 1] <= [01;31m[KMX28[m[K::MAX_VALUE)
      |                                                                [01;31m[K^~~~[m[K

[01m[K/home/robo/ROS2/walk_test/src/control/src/action_editor/cmd_process.cpp:731:11:[m[K [01;31m[Kerror: [m[Kâ€˜[01m[KStep[m[Kâ€™ was not declared in this scope
  731 |     if(!(([01;31m[KStep[m[K.position[row + 1] + MotionManager::GetInstance()->m_Offset[row + 1]) & Action::INVALID_BIT_MASK) && !((Step.position[row + 1] + MotionManager::GetInstance()->m_Offset[row + 1])  & Action::TORQUE_OFF_BIT_MASK))
      |           [01;31m[K^~~~[m[K
[01m[K/home/robo/ROS2/walk_test/src/control/src/action_editor/cmd_process.cpp:731:36:[m[K [01;31m[Kerror: [m[Kâ€˜[01m[KMotionManager[m[Kâ€™ has not been declared
  731 |     if(!((Step.position[row + 1] + [01;31m[KMotionManager[m[K::GetInstance()->m_Offset[row + 1]) & Action::INVALID_BIT_MASK) && !((Step.position[row + 1] + MotionManager::GetInstance()->m_Offset[row + 1])  & Action::TORQUE_OFF_BIT_MASK))
      |                                    [01;31m[K^~~~~~~~~~~~~[m[K
[01m[K/home/robo/ROS2/walk_test/src/control/src/action_editor/cmd_process.cpp:731:87:[m[K [01;31m[Kerror: [m[Kâ€˜[01m[KAction[m[Kâ€™ has not been declared
  731 | ow + 1] + MotionManager::GetInstance()->m_Offset[row + 1]) & [01;31m[KAction[m[K::INVALID_BIT_MASK) && !((Step.position[row + 1] + MotionManager::GetInstance()->m_Offset[row + 1])  & Action::TORQUE_OFF_BIT_MASK))
      |                                                              [01;31m[K^~~~~~[m[K

[01m[K/home/robo/ROS2/walk_test/src/control/src/action_editor/cmd_process.cpp:731:144:[m[K [01;31m[Kerror: [m[Kâ€˜[01m[KMotionManager[m[Kâ€™ has not been declared
  731 | ) & Action::INVALID_BIT_MASK) && !((Step.position[row + 1] + [01;31m[KMotionManager[m[K::GetInstance()->m_Offset[row + 1])  & Action::TORQUE_OFF_BIT_MASK))
      |                                                              [01;31m[K^~~~~~~~~~~~~[m[K

[01m[K/home/robo/ROS2/walk_test/src/control/src/action_editor/cmd_process.cpp:731:196:[m[K [01;31m[Kerror: [m[Kâ€˜[01m[KAction[m[Kâ€™ has not been declared
  731 | w + 1] + MotionManager::GetInstance()->m_Offset[row + 1])  & [01;31m[KAction[m[K::TORQUE_OFF_BIT_MASK))
      |                                                              [01;31m[K^~~~~~[m[K

[01m[K/home/robo/ROS2/walk_test/src/control/src/action_editor/cmd_process.cpp:737:46:[m[K [01;31m[Kerror: [m[Kâ€˜[01m[KMX28[m[Kâ€™ has not been declared
  737 |                     message_single.address = [01;31m[KMX28[m[K::P_GOAL_POSITION;
      |                                              [01;31m[K^~~~[m[K
[01m[K/home/robo/ROS2/walk_test/src/control/src/action_editor/cmd_process.cpp:738:56:[m[K [01;31m[Kerror: [m[Kâ€˜[01m[KMotionManager[m[Kâ€™ has not been declared
  738 |                     message_single.position = value  + [01;31m[KMotionManager[m[K::GetInstance()->m_Offset[row + 1];
      |                                                        [01;31m[K^~~~~~~~~~~~~[m[K
[01m[K/home/robo/ROS2/walk_test/src/control/src/action_editor/cmd_process.cpp:733:10:[m[K [01;35m[Kwarning: [m[Kunused variable â€˜[01m[Kerror[m[Kâ€™ [[01;35m[K-Wunused-variable[m[K]
  733 |      int [01;35m[Kerror[m[K;
      |          [01;35m[K^~~~~[m[K
[01m[K/home/robo/ROS2/walk_test/src/control/src/action_editor/cmd_process.cpp:797:13:[m[K [01;35m[Kwarning: [m[Kcomparison of unsigned expression >= 0 is always true [[01;35m[K-Wtype-limits[m[K]
  797 |    if([01;35m[Kvalue >= 0[m[K && value <= 255)
      |       [01;35m[K~~~~~~^~~~[m[K
[01m[K/home/robo/ROS2/walk_test/src/control/src/action_editor/cmd_process.cpp:799:5:[m[K [01;31m[Kerror: [m[Kâ€˜[01m[KPage[m[Kâ€™ was not declared in this scope
  799 |     [01;31m[KPage[m[K.step[i].pause = value;
      |     [01;31m[K^~~~[m[K
[01m[K/home/robo/ROS2/walk_test/src/control/src/action_editor/cmd_process.cpp:806:13:[m[K [01;35m[Kwarning: [m[Kcomparison of unsigned expression >= 0 is always true [[01;35m[K-Wtype-limits[m[K]
  806 |    if([01;35m[Kvalue >= 0[m[K && value <= 255)
      |       [01;35m[K~~~~~~^~~~[m[K
[01m[K/home/robo/ROS2/walk_test/src/control/src/action_editor/cmd_process.cpp:808:5:[m[K [01;31m[Kerror: [m[Kâ€˜[01m[KPage[m[Kâ€™ was not declared in this scope
  808 |     [01;31m[KPage[m[K.step[i].time = value;
      |     [01;31m[K^~~~[m[K
[01m[K/home/robo/ROS2/walk_test/src/control/src/action_editor/cmd_process.cpp:815:16:[m[K [01;31m[Kerror: [m[Kâ€˜[01m[KMotionManager[m[Kâ€™ has not been declared
  815 |    if(value  + [01;31m[KMotionManager[m[K::GetInstance()->m_Offset[row + 1] >= 0 && value  + MotionManager::GetInstance()->m_Offset[row + 1] <= MX28::MAX_VALUE) //Aumentando o valor da entrada
      |                [01;31m[K^~~~~~~~~~~~~[m[K
[01m[K/home/robo/ROS2/walk_test/src/control/src/action_editor/cmd_process.cpp:815:81:[m[K [01;31m[Kerror: [m[Kâ€˜[01m[KMotionManager[m[Kâ€™ has not been declared
  815 | onManager::GetInstance()->m_Offset[row + 1] >= 0 && value  + [01;31m[KMotionManager[m[K::GetInstance()->m_Offset[row + 1] <= MX28::MAX_VALUE) //Aumentando o valor da entrada
      |                                                              [01;31m[K^~~~~~~~~~~~~[m[K

[01m[K/home/robo/ROS2/walk_test/src/control/src/action_editor/cmd_process.cpp:815:132:[m[K [01;31m[Kerror: [m[Kâ€˜[01m[KMX28[m[Kâ€™ has not been declared
  815 |  value  + MotionManager::GetInstance()->m_Offset[row + 1] <= [01;31m[KMX28[m[K::MAX_VALUE) //Aumentando o valor da entrada
      |                                                              [01;31m[K^~~~[m[K

[01m[K/home/robo/ROS2/walk_test/src/control/src/action_editor/cmd_process.cpp:817:11:[m[K [01;31m[Kerror: [m[Kâ€˜[01m[KPage[m[Kâ€™ was not declared in this scope
  817 |     if(!(([01;31m[KPage[m[K.step[i].position[row + 1] + MotionManager::GetInstance()->m_Offset[row + 1]) & Action::INVALID_BIT_MASK))
      |           [01;31m[K^~~~[m[K
[01m[K/home/robo/ROS2/walk_test/src/control/src/action_editor/cmd_process.cpp:817:44:[m[K [01;31m[Kerror: [m[Kâ€˜[01m[KMotionManager[m[Kâ€™ has not been declared
  817 |     if(!((Page.step[i].position[row + 1] + [01;31m[KMotionManager[m[K::GetInstance()->m_Offset[row + 1]) & Action::INVALID_BIT_MASK))
      |                                            [01;31m[K^~~~~~~~~~~~~[m[K
[01m[K/home/robo/ROS2/walk_test/src/control/src/action_editor/cmd_process.cpp:817:95:[m[K [01;31m[Kerror: [m[Kâ€˜[01m[KAction[m[Kâ€™ has not been declared
  817 | ow + 1] + MotionManager::GetInstance()->m_Offset[row + 1]) & [01;31m[KAction[m[K::INVALID_BIT_MASK))
      |                                                              [01;31m[K^~~~~~[m[K

[01m[K/home/robo/ROS2/walk_test/src/control/src/action_editor/cmd_process.cpp:833:4:[m[K [01;31m[Kerror: [m[Kâ€˜[01m[KPage[m[Kâ€™ was not declared in this scope
  833 |    [01;31m[KPage[m[K.header.slope[row + 1] = (value << 4) + (Page.header.slope[row + 1] & 0x0f);
      |    [01;31m[K^~~~[m[K
[01m[K/home/robo/ROS2/walk_test/src/control/src/action_editor/cmd_process.cpp:842:4:[m[K [01;31m[Kerror: [m[Kâ€˜[01m[KPage[m[Kâ€™ was not declared in this scope
  842 |    [01;31m[KPage[m[K.header.slope[row + 1] = (Page.header.slope[row + 1] & 0xf0) + (value & 0x0f);
      |    [01;31m[K^~~~[m[K
[01m[K/home/robo/ROS2/walk_test/src/control/src/action_editor/cmd_process.cpp:851:13:[m[K [01;35m[Kwarning: [m[Kcomparison of unsigned expression >= 0 is always true [[01;35m[K-Wtype-limits[m[K]
  851 |    if([01;35m[Kvalue >= 0[m[K && value <= 255)
      |       [01;35m[K~~~~~~^~~~[m[K
[01m[K/home/robo/ROS2/walk_test/src/control/src/action_editor/cmd_process.cpp:853:5:[m[K [01;31m[Kerror: [m[Kâ€˜[01m[KPage[m[Kâ€™ was not declared in this scope
  853 |     [01;31m[KPage[m[K.header.repeat = value;
      |     [01;31m[K^~~~[m[K
[01m[K/home/robo/ROS2/walk_test/src/control/src/action_editor/cmd_process.cpp:860:13:[m[K [01;35m[Kwarning: [m[Kcomparison of unsigned expression >= 0 is always true [[01;35m[K-Wtype-limits[m[K]
  860 |    if([01;35m[Kvalue >= 0[m[K && value <= Action::MAXNUM_STEP)
      |       [01;35m[K~~~~~~^~~~[m[K
[01m[K/home/robo/ROS2/walk_test/src/control/src/action_editor/cmd_process.cpp:860:30:[m[K [01;31m[Kerror: [m[Kâ€˜[01m[KAction[m[Kâ€™ has not been declared
  860 |    if(value >= 0 && value <= [01;31m[KAction[m[K::MAXNUM_STEP)
      |                              [01;31m[K^~~~~~[m[K
[01m[K/home/robo/ROS2/walk_test/src/control/src/action_editor/cmd_process.cpp:863:8:[m[K [01;31m[Kerror: [m[Kâ€˜[01m[KPage[m[Kâ€™ was not declared in this scope
  863 |     if([01;31m[KPage[m[K.header.stepnum != value)
      |        [01;31m[K^~~~[m[K
[01m[K/home/robo/ROS2/walk_test/src/control/src/action_editor/cmd_process.cpp:876:13:[m[K [01;35m[Kwarning: [m[Kcomparison of unsigned expression >= 0 is always true [[01;35m[K-Wtype-limits[m[K]
  876 |    if([01;35m[Kvalue >= 0[m[K && value <= 255)
      |       [01;35m[K~~~~~~^~~~[m[K
[01m[K/home/robo/ROS2/walk_test/src/control/src/action_editor/cmd_process.cpp:878:5:[m[K [01;31m[Kerror: [m[Kâ€˜[01m[KPage[m[Kâ€™ was not declared in this scope
  878 |     [01;31m[KPage[m[K.header.speed = value;
      |     [01;31m[K^~~~[m[K
[01m[K/home/robo/ROS2/walk_test/src/control/src/action_editor/cmd_process.cpp:885:13:[m[K [01;35m[Kwarning: [m[Kcomparison of unsigned expression >= 0 is always true [[01;35m[K-Wtype-limits[m[K]
  885 |    if([01;35m[Kvalue >= 0[m[K && value <= 255)
      |       [01;35m[K~~~~~~^~~~[m[K
[01m[K/home/robo/ROS2/walk_test/src/control/src/action_editor/cmd_process.cpp:887:5:[m[K [01;31m[Kerror: [m[Kâ€˜[01m[KPage[m[Kâ€™ was not declared in this scope
  887 |     [01;31m[KPage[m[K.header.accel = value;
      |     [01;31m[K^~~~[m[K
[01m[K/home/robo/ROS2/walk_test/src/control/src/action_editor/cmd_process.cpp:894:13:[m[K [01;35m[Kwarning: [m[Kcomparison of unsigned expression >= 0 is always true [[01;35m[K-Wtype-limits[m[K]
  894 |    if([01;35m[Kvalue >= 0[m[K && value <= 255)
      |       [01;35m[K~~~~~~^~~~[m[K
[01m[K/home/robo/ROS2/walk_test/src/control/src/action_editor/cmd_process.cpp:896:5:[m[K [01;31m[Kerror: [m[Kâ€˜[01m[KPage[m[Kâ€™ was not declared in this scope
  896 |     [01;31m[KPage[m[K.header.next = value;
      |     [01;31m[K^~~~[m[K
[01m[K/home/robo/ROS2/walk_test/src/control/src/action_editor/cmd_process.cpp:903:13:[m[K [01;35m[Kwarning: [m[Kcomparison of unsigned expression >= 0 is always true [[01;35m[K-Wtype-limits[m[K]
  903 |    if([01;35m[Kvalue >= 0[m[K && value <= 255)
      |       [01;35m[K~~~~~~^~~~[m[K
[01m[K/home/robo/ROS2/walk_test/src/control/src/action_editor/cmd_process.cpp:905:5:[m[K [01;31m[Kerror: [m[Kâ€˜[01m[KPage[m[Kâ€™ was not declared in this scope
  905 |     [01;31m[KPage[m[K.header.exit = value;
      |     [01;31m[K^~~~[m[K
[01m[K/home/robo/ROS2/walk_test/src/control/src/action_editor/cmd_process.cpp:[m[K In function â€˜[01m[Kvoid ToggleTorque()[m[Kâ€™:
[01m[K/home/robo/ROS2/walk_test/src/control/src/action_editor/cmd_process.cpp:922:6:[m[K [01;31m[Kerror: [m[Kâ€˜[01m[KStep[m[Kâ€™ was not declared in this scope
  922 |  if(([01;31m[KStep[m[K.position[id] + MotionManager::GetInstance()->m_Offset[id]) & Action::TORQUE_OFF_BIT_MASK)
      |      [01;31m[K^~~~[m[K
[01m[K/home/robo/ROS2/walk_test/src/control/src/action_editor/cmd_process.cpp:922:26:[m[K [01;31m[Kerror: [m[Kâ€˜[01m[KMotionManager[m[Kâ€™ has not been declared
  922 |  if((Step.position[id] + [01;31m[KMotionManager[m[K::GetInstance()->m_Offset[id]) & Action::TORQUE_OFF_BIT_MASK)
      |                          [01;31m[K^~~~~~~~~~~~~[m[K
[01m[K/home/robo/ROS2/walk_test/src/control/src/action_editor/cmd_process.cpp:922:72:[m[K [01;31m[Kerror: [m[Kâ€˜[01m[KAction[m[Kâ€™ has not been declared
  922 | position[id] + MotionManager::GetInstance()->m_Offset[id]) & [01;31m[KAction[m[K::TORQUE_OFF_BIT_MASK)
      |                                                              [01;31m[K^~~~~~[m[K

[01m[K/home/robo/ROS2/walk_test/src/control/src/action_editor/cmd_process.cpp:942:23:[m[K [01;31m[Kerror: [m[Kâ€˜[01m[KAction[m[Kâ€™ has not been declared
  942 |   Step.position[id] = [01;31m[KAction[m[K::TORQUE_OFF_BIT_MASK;
      |                       [01;31m[K^~~~~~[m[K
[01m[K/home/robo/ROS2/walk_test/src/control/src/action_editor/cmd_process.cpp:[m[K In function â€˜[01m[Kvoid PageCmd(int)[m[Kâ€™:
[01m[K/home/robo/ROS2/walk_test/src/control/src/action_editor/cmd_process.cpp:1021:26:[m[K [01;31m[Kerror: [m[Kâ€˜[01m[KAction[m[Kâ€™ has not been declared
 1021 |  if(index > 0 && index < [01;31m[KAction[m[K::MAXNUM_PAGE)
      |                          [01;31m[K^~~~~~[m[K
[01m[K/home/robo/ROS2/walk_test/src/control/src/action_editor/cmd_process.cpp:1024:3:[m[K [01;31m[Kerror: [m[Kâ€˜[01m[KAction[m[Kâ€™ has not been declared
 1024 |   [01;31m[KAction[m[K::GetInstance()->LoadPage(indexPage, &Page);
      |   [01;31m[K^~~~~~[m[K
[01m[K/home/robo/ROS2/walk_test/src/control/src/action_editor/cmd_process.cpp:1024:47:[m[K [01;31m[Kerror: [m[Kâ€˜[01m[KPage[m[Kâ€™ was not declared in this scope
 1024 |   Action::GetInstance()->LoadPage(indexPage, &[01;31m[KPage[m[K);
      |                                               [01;31m[K^~~~[m[K
[01m[K/home/robo/ROS2/walk_test/src/control/src/action_editor/cmd_process.cpp:[m[K In function â€˜[01m[Kvoid TimeCmd()[m[Kâ€™:
[01m[K/home/robo/ROS2/walk_test/src/control/src/action_editor/cmd_process.cpp:1038:2:[m[K [01;31m[Kerror: [m[Kâ€˜[01m[KPage[m[Kâ€™ was not declared in this scope
 1038 |  [01;31m[KPage[m[K.header.schedule = Action::TIME_BASE_SCHEDULE;
      |  [01;31m[K^~~~[m[K
[01m[K/home/robo/ROS2/walk_test/src/control/src/action_editor/cmd_process.cpp:1038:25:[m[K [01;31m[Kerror: [m[Kâ€˜[01m[KAction[m[Kâ€™ has not been declared
 1038 |  Page.header.schedule = [01;31m[KAction[m[K::TIME_BASE_SCHEDULE;
      |                         [01;31m[K^~~~~~[m[K
[01m[K/home/robo/ROS2/walk_test/src/control/src/action_editor/cmd_process.cpp:[m[K In function â€˜[01m[Kvoid SpeedCmd()[m[Kâ€™:
[01m[K/home/robo/ROS2/walk_test/src/control/src/action_editor/cmd_process.cpp:1045:2:[m[K [01;31m[Kerror: [m[Kâ€˜[01m[KPage[m[Kâ€™ was not declared in this scope
 1045 |  [01;31m[KPage[m[K.header.schedule = Action::SPEED_BASE_SCHEDULE;
      |  [01;31m[K^~~~[m[K
[01m[K/home/robo/ROS2/walk_test/src/control/src/action_editor/cmd_process.cpp:1045:25:[m[K [01;31m[Kerror: [m[Kâ€˜[01m[KAction[m[Kâ€™ has not been declared
 1045 |  Page.header.schedule = [01;31m[KAction[m[K::SPEED_BASE_SCHEDULE;
      |                         [01;31m[K^~~~~~[m[K
[01m[K/home/robo/ROS2/walk_test/src/control/src/action_editor/cmd_process.cpp:[m[K In function â€˜[01m[Kvoid ListCmd()[m[Kâ€™:
[01m[K/home/robo/ROS2/walk_test/src/control/src/action_editor/cmd_process.cpp:1127:5:[m[K [01;31m[Kerror: [m[Kâ€˜[01m[KAction[m[Kâ€™ has not been declared
 1127 |     [01;31m[KAction[m[K::PAGE page;
      |     [01;31m[K^~~~~~[m[K
[01m[K/home/robo/ROS2/walk_test/src/control/src/action_editor/cmd_process.cpp:1128:8:[m[K [01;31m[Kerror: [m[Kâ€˜[01m[KAction[m[Kâ€™ has not been declared
 1128 |     if([01;31m[KAction[m[K::GetInstance()->LoadPage(k, &page) == true)
      |        [01;31m[K^~~~~~[m[K
[01m[K/home/robo/ROS2/walk_test/src/control/src/action_editor/cmd_process.cpp:1128:44:[m[K [01;31m[Kerror: [m[Kâ€˜[01m[Kpage[m[Kâ€™ was not declared in this scope
 1128 |     if(Action::GetInstance()->LoadPage(k, &[01;31m[Kpage[m[K) == true)
      |                                            [01;31m[K^~~~[m[K
[01m[K/home/robo/ROS2/walk_test/src/control/src/action_editor/cmd_process.cpp:1131:21:[m[K [01;31m[Kerror: [m[Kâ€˜[01m[KAction[m[Kâ€™ has not been declared
 1131 |      for(int n=0; n<[01;31m[KAction[m[K::MAXNUM_NAME; n++)
      |                     [01;31m[K^~~~~~[m[K
[01m[K/home/robo/ROS2/walk_test/src/control/src/action_editor/cmd_process.cpp:[m[K In function â€˜[01m[Kvoid OnOffCmd(bool, int, int*)[m[Kâ€™:
[01m[K/home/robo/ROS2/walk_test/src/control/src/action_editor/cmd_process.cpp:1178:20:[m[K [01;35m[Kwarning: [m[Kunused parameter â€˜[01m[Kon[m[Kâ€™ [[01;35m[K-Wunused-parameter[m[K]
 1178 | void OnOffCmd([01;35m[Kbool on[m[K, int num_param, int *list)
      |               [01;35m[K~~~~~^~[m[K
[01m[K/home/robo/ROS2/walk_test/src/control/src/action_editor/cmd_process.cpp:1178:28:[m[K [01;35m[Kwarning: [m[Kunused parameter â€˜[01m[Knum_param[m[Kâ€™ [[01;35m[K-Wunused-parameter[m[K]
 1178 | void OnOffCmd(bool on, [01;35m[Kint num_param[m[K, int *list)
      |                        [01;35m[K~~~~^~~~~~~~~[m[K
[01m[K/home/robo/ROS2/walk_test/src/control/src/action_editor/cmd_process.cpp:1178:44:[m[K [01;35m[Kwarning: [m[Kunused parameter â€˜[01m[Klist[m[Kâ€™ [[01;35m[K-Wunused-parameter[m[K]
 1178 | void OnOffCmd(bool on, int num_param, [01;35m[Kint *list[m[K)
      |                                       [01;35m[K~~~~~^~~~[m[K
[01m[K/home/robo/ROS2/walk_test/src/control/src/action_editor/cmd_process.cpp:[m[K In function â€˜[01m[Kvoid WriteStepCmd(int)[m[Kâ€™:
[01m[K/home/robo/ROS2/walk_test/src/control/src/action_editor/cmd_process.cpp:1202:13:[m[K [01;31m[Kerror: [m[Kâ€˜[01m[KJointData[m[Kâ€™ has not been declared
 1202 |  for(int id=[01;31m[KJointData[m[K::ID_R_SHOULDER_PITCH; id<JointData::NUMBER_OF_JOINTS; id++)
      |             [01;31m[K^~~~~~~~~[m[K
[01m[K/home/robo/ROS2/walk_test/src/control/src/action_editor/cmd_process.cpp:1202:48:[m[K [01;31m[Kerror: [m[Kâ€˜[01m[KJointData[m[Kâ€™ has not been declared
 1202 |  for(int id=JointData::ID_R_SHOULDER_PITCH; id<[01;31m[KJointData[m[K::NUMBER_OF_JOINTS; id++)
      |                                                [01;31m[K^~~~~~~~~[m[K
[01m[K/home/robo/ROS2/walk_test/src/control/src/action_editor/cmd_process.cpp:1204:7:[m[K [01;31m[Kerror: [m[Kâ€˜[01m[KStep[m[Kâ€™ was not declared in this scope
 1204 |   if(([01;31m[KStep[m[K.position[id] + MotionManager::GetInstance()->m_Offset[id]) & Action::TORQUE_OFF_BIT_MASK)
      |       [01;31m[K^~~~[m[K
[01m[K/home/robo/ROS2/walk_test/src/control/src/action_editor/cmd_process.cpp:1204:27:[m[K [01;31m[Kerror: [m[Kâ€˜[01m[KMotionManager[m[Kâ€™ has not been declared
 1204 |   if((Step.position[id] + [01;31m[KMotionManager[m[K::GetInstance()->m_Offset[id]) & Action::TORQUE_OFF_BIT_MASK)
      |                           [01;31m[K^~~~~~~~~~~~~[m[K
[01m[K/home/robo/ROS2/walk_test/src/control/src/action_editor/cmd_process.cpp:1204:73:[m[K [01;31m[Kerror: [m[Kâ€˜[01m[KAction[m[Kâ€™ has not been declared
 1204 | position[id] + MotionManager::GetInstance()->m_Offset[id]) & [01;31m[KAction[m[K::TORQUE_OFF_BIT_MASK)
      |                                                              [01;31m[K^~~~~~[m[K

[01m[K/home/robo/ROS2/walk_test/src/control/src/action_editor/cmd_process.cpp:1208:27:[m[K [01;31m[Kerror: [m[Kâ€˜[01m[KAction[m[Kâ€™ has not been declared
 1208 |  if(index >= 0 && index < [01;31m[KAction[m[K::MAXNUM_STEP)
      |                           [01;31m[K^~~~~~[m[K
[01m[K/home/robo/ROS2/walk_test/src/control/src/action_editor/cmd_process.cpp:1210:3:[m[K [01;31m[Kerror: [m[Kâ€˜[01m[KPage[m[Kâ€™ was not declared in this scope
 1210 |   [01;31m[KPage[m[K.step[index] = Step;
      |   [01;31m[K^~~~[m[K
[01m[K/home/robo/ROS2/walk_test/src/control/src/action_editor/cmd_process.cpp:1210:22:[m[K [01;31m[Kerror: [m[Kâ€˜[01m[KStep[m[Kâ€™ was not declared in this scope
 1210 |   Page.step[index] = [01;31m[KStep[m[K;
      |                      [01;31m[K^~~~[m[K
[01m[K/home/robo/ROS2/walk_test/src/control/src/action_editor/cmd_process.cpp:[m[K In function â€˜[01m[Kvoid DeleteStepCmd(int)[m[Kâ€™:
[01m[K/home/robo/ROS2/walk_test/src/control/src/action_editor/cmd_process.cpp:1220:27:[m[K [01;31m[Kerror: [m[Kâ€˜[01m[KAction[m[Kâ€™ has not been declared
 1220 |  if(index >= 0 && index < [01;31m[KAction[m[K::MAXNUM_STEP)
      |                           [01;31m[K^~~~~~[m[K
[01m[K/home/robo/ROS2/walk_test/src/control/src/action_editor/cmd_process.cpp:1222:22:[m[K [01;31m[Kerror: [m[Kâ€˜[01m[KAction[m[Kâ€™ has not been declared
 1222 |   for(int i=index; i<[01;31m[KAction[m[K::MAXNUM_STEP; i++)
      |                      [01;31m[K^~~~~~[m[K
[01m[K/home/robo/ROS2/walk_test/src/control/src/action_editor/cmd_process.cpp:1224:13:[m[K [01;31m[Kerror: [m[Kâ€˜[01m[KAction[m[Kâ€™ has not been declared
 1224 |    if(i == ([01;31m[KAction[m[K::MAXNUM_STEP - 1))
      |             [01;31m[K^~~~~~[m[K
[01m[K/home/robo/ROS2/walk_test/src/control/src/action_editor/cmd_process.cpp:1226:16:[m[K [01;31m[Kerror: [m[Kâ€˜[01m[KJointData[m[Kâ€™ has not been declared
 1226 |     for(int id=[01;31m[KJointData[m[K::ID_R_SHOULDER_PITCH; id<JointData::NUMBER_OF_JOINTS; id++)
      |                [01;31m[K^~~~~~~~~[m[K
[01m[K/home/robo/ROS2/walk_test/src/control/src/action_editor/cmd_process.cpp:1226:51:[m[K [01;31m[Kerror: [m[Kâ€˜[01m[KJointData[m[Kâ€™ has not been declared
 1226 |     for(int id=JointData::ID_R_SHOULDER_PITCH; id<[01;31m[KJointData[m[K::NUMBER_OF_JOINTS; id++)
      |                                                   [01;31m[K^~~~~~~~~[m[K
[01m[K/home/robo/ROS2/walk_test/src/control/src/action_editor/cmd_process.cpp:1227:6:[m[K [01;31m[Kerror: [m[Kâ€˜[01m[KPage[m[Kâ€™ was not declared in this scope
 1227 |      [01;31m[KPage[m[K.step[i].position[id] = Action::INVALID_BIT_MASK;
      |      [01;31m[K^~~~[m[K
[01m[K/home/robo/ROS2/walk_test/src/control/src/action_editor/cmd_process.cpp:1227:34:[m[K [01;31m[Kerror: [m[Kâ€˜[01m[KAction[m[Kâ€™ has not been declared
 1227 |      Page.step[i].position[id] = [01;31m[KAction[m[K::INVALID_BIT_MASK;
      |                                  [01;31m[K^~~~~~[m[K
[01m[K/home/robo/ROS2/walk_test/src/control/src/action_editor/cmd_process.cpp:1229:5:[m[K [01;31m[Kerror: [m[Kâ€˜[01m[KPage[m[Kâ€™ was not declared in this scope
 1229 |     [01;31m[KPage[m[K.step[i].pause = 0;
      |     [01;31m[K^~~~[m[K
[01m[K/home/robo/ROS2/walk_test/src/control/src/action_editor/cmd_process.cpp:1233:5:[m[K [01;31m[Kerror: [m[Kâ€˜[01m[KPage[m[Kâ€™ was not declared in this scope
 1233 |     [01;31m[KPage[m[K.step[i] = Page.step[i + 1];
      |     [01;31m[K^~~~[m[K
[01m[K/home/robo/ROS2/walk_test/src/control/src/action_editor/cmd_process.cpp:1238:14:[m[K [01;31m[Kerror: [m[Kâ€˜[01m[KPage[m[Kâ€™ was not declared in this scope
 1238 |   if(index < [01;31m[KPage[m[K.header.stepnum)
      |              [01;31m[K^~~~[m[K
[01m[K/home/robo/ROS2/walk_test/src/control/src/action_editor/cmd_process.cpp:[m[K In function â€˜[01m[Kvoid InsertStepCmd(int)[m[Kâ€™:
[01m[K/home/robo/ROS2/walk_test/src/control/src/action_editor/cmd_process.cpp:1259:13:[m[K [01;31m[Kerror: [m[Kâ€˜[01m[KJointData[m[Kâ€™ has not been declared
 1259 |  for(int id=[01;31m[KJointData[m[K::ID_R_SHOULDER_PITCH; id<JointData::NUMBER_OF_JOINTS; id++)
      |             [01;31m[K^~~~~~~~~[m[K
[01m[K/home/robo/ROS2/walk_test/src/control/src/action_editor/cmd_process.cpp:1259:48:[m[K [01;31m[Kerror: [m[Kâ€˜[01m[KJointData[m[Kâ€™ has not been declared
 1259 |  for(int id=JointData::ID_R_SHOULDER_PITCH; id<[01;31m[KJointData[m[K::NUMBER_OF_JOINTS; id++)
      |                                                [01;31m[K^~~~~~~~~[m[K
[01m[K/home/robo/ROS2/walk_test/src/control/src/action_editor/cmd_process.cpp:1261:7:[m[K [01;31m[Kerror: [m[Kâ€˜[01m[KStep[m[Kâ€™ was not declared in this scope
 1261 |   if(([01;31m[KStep[m[K.position[id] + MotionManager::GetInstance()->m_Offset[id]) & Action::TORQUE_OFF_BIT_MASK)
      |       [01;31m[K^~~~[m[K
[01m[K/home/robo/ROS2/walk_test/src/control/src/action_editor/cmd_process.cpp:1261:27:[m[K [01;31m[Kerror: [m[Kâ€˜[01m[KMotionManager[m[Kâ€™ has not been declared
 1261 |   if((Step.position[id] + [01;31m[KMotionManager[m[K::GetInstance()->m_Offset[id]) & Action::TORQUE_OFF_BIT_MASK)
      |                           [01;31m[K^~~~~~~~~~~~~[m[K
[01m[K/home/robo/ROS2/walk_test/src/control/src/action_editor/cmd_process.cpp:1261:73:[m[K [01;31m[Kerror: [m[Kâ€˜[01m[KAction[m[Kâ€™ has not been declared
 1261 | position[id] + MotionManager::GetInstance()->m_Offset[id]) & [01;31m[KAction[m[K::TORQUE_OFF_BIT_MASK)
      |                                                              [01;31m[K^~~~~~[m[K

[01m[K/home/robo/ROS2/walk_test/src/control/src/action_editor/cmd_process.cpp:1268:27:[m[K [01;31m[Kerror: [m[Kâ€˜[01m[KAction[m[Kâ€™ has not been declared
 1268 |  if(index >= 0 && index < [01;31m[KAction[m[K::MAXNUM_STEP)
      |                           [01;31m[K^~~~~~[m[K
[01m[K/home/robo/ROS2/walk_test/src/control/src/action_editor/cmd_process.cpp:1270:13:[m[K [01;31m[Kerror: [m[Kâ€˜[01m[KAction[m[Kâ€™ has not been declared
 1270 |   for(int i=[01;31m[KAction[m[K::MAXNUM_STEP-1; i>index; i-- )
      |             [01;31m[K^~~~~~[m[K
[01m[K/home/robo/ROS2/walk_test/src/control/src/action_editor/cmd_process.cpp:1272:4:[m[K [01;31m[Kerror: [m[Kâ€˜[01m[KPage[m[Kâ€™ was not declared in this scope
 1272 |    [01;31m[KPage[m[K.step[i] = Page.step[i-1];
      |    [01;31m[K^~~~[m[K
[01m[K/home/robo/ROS2/walk_test/src/control/src/action_editor/cmd_process.cpp:1276:3:[m[K [01;31m[Kerror: [m[Kâ€˜[01m[KPage[m[Kâ€™ was not declared in this scope
 1276 |   [01;31m[KPage[m[K.step[index] = Step;
      |   [01;31m[K^~~~[m[K
[01m[K/home/robo/ROS2/walk_test/src/control/src/action_editor/cmd_process.cpp:1276:22:[m[K [01;31m[Kerror: [m[Kâ€˜[01m[KStep[m[Kâ€™ was not declared in this scope
 1276 |   Page.step[index] = [01;31m[KStep[m[K;
      |                      [01;31m[K^~~~[m[K
[01m[K/home/robo/ROS2/walk_test/src/control/src/action_editor/cmd_process.cpp:1281:30:[m[K [01;31m[Kerror: [m[Kâ€˜[01m[KAction[m[Kâ€™ has not been declared
 1281 |    if(Page.header.stepnum != [01;31m[KAction[m[K::MAXNUM_STEP)
      |                              [01;31m[K^~~~~~[m[K
[01m[K/home/robo/ROS2/walk_test/src/control/src/action_editor/cmd_process.cpp:[m[K In function â€˜[01m[Kvoid MoveStepCmd(int, int)[m[Kâ€™:
[01m[K/home/robo/ROS2/walk_test/src/control/src/action_editor/cmd_process.cpp:1300:23:[m[K [01;31m[Kerror: [m[Kâ€˜[01m[KAction[m[Kâ€™ has not been declared
 1300 |  if(src < 0 || src >= [01;31m[KAction[m[K::MAXNUM_STEP)
      |                       [01;31m[K^~~~~~[m[K
[01m[K/home/robo/ROS2/walk_test/src/control/src/action_editor/cmd_process.cpp:1306:23:[m[K [01;31m[Kerror: [m[Kâ€˜[01m[KAction[m[Kâ€™ has not been declared
 1306 |  if(dst < 0 || dst >= [01;31m[KAction[m[K::MAXNUM_STEP)
      |                       [01;31m[K^~~~~~[m[K
[01m[K/home/robo/ROS2/walk_test/src/control/src/action_editor/cmd_process.cpp:1315:2:[m[K [01;31m[Kerror: [m[Kâ€˜[01m[KAction[m[Kâ€™ has not been declared
 1315 |  [01;31m[KAction[m[K::STEP step = Page.step[src];
      |  [01;31m[K^~~~~~[m[K
[01m[K/home/robo/ROS2/walk_test/src/control/src/action_editor/cmd_process.cpp:1320:4:[m[K [01;31m[Kerror: [m[Kâ€˜[01m[KPage[m[Kâ€™ was not declared in this scope
 1320 |    [01;31m[KPage[m[K.step[i] = Page.step[i + 1];
      |    [01;31m[K^~~~[m[K
[01m[K/home/robo/ROS2/walk_test/src/control/src/action_editor/cmd_process.cpp:1328:4:[m[K [01;31m[Kerror: [m[Kâ€˜[01m[KPage[m[Kâ€™ was not declared in this scope
 1328 |    [01;31m[KPage[m[K.step[i] = Page.step[i - 1];
      |    [01;31m[K^~~~[m[K
[01m[K/home/robo/ROS2/walk_test/src/control/src/action_editor/cmd_process.cpp:1333:2:[m[K [01;31m[Kerror: [m[Kâ€˜[01m[KPage[m[Kâ€™ was not declared in this scope
 1333 |  [01;31m[KPage[m[K.step[dst] = step;
      |  [01;31m[K^~~~[m[K
[01m[K/home/robo/ROS2/walk_test/src/control/src/action_editor/cmd_process.cpp:1333:19:[m[K [01;31m[Kerror: [m[Kâ€˜[01m[Kstep[m[Kâ€™ was not declared in this scope
 1333 |  Page.step[dst] = [01;31m[Kstep[m[K;
      |                   [01;31m[K^~~~[m[K
[01m[K/home/robo/ROS2/walk_test/src/control/src/action_editor/cmd_process.cpp:[m[K In function â€˜[01m[Kvoid CopyCmd(int)[m[Kâ€™:
[01m[K/home/robo/ROS2/walk_test/src/control/src/action_editor/cmd_process.cpp:1343:5:[m[K [01;31m[Kerror: [m[Kâ€˜[01m[KAction[m[Kâ€™ has not been declared
 1343 |  if([01;31m[KAction[m[K::GetInstance()->LoadPage(index, &Page) == true)
      |     [01;31m[K^~~~~~[m[K
[01m[K/home/robo/ROS2/walk_test/src/control/src/action_editor/cmd_process.cpp:1343:45:[m[K [01;31m[Kerror: [m[Kâ€˜[01m[KPage[m[Kâ€™ was not declared in this scope
 1343 |  if(Action::GetInstance()->LoadPage(index, &[01;31m[KPage[m[K) == true)
      |                                             [01;31m[K^~~~[m[K
[01m[K/home/robo/ROS2/walk_test/src/control/src/action_editor/cmd_process.cpp:[m[K In function â€˜[01m[Kvoid NewCmd()[m[Kâ€™:
[01m[K/home/robo/ROS2/walk_test/src/control/src/action_editor/cmd_process.cpp:1354:2:[m[K [01;31m[Kerror: [m[Kâ€˜[01m[KAction[m[Kâ€™ has not been declared
 1354 |  [01;31m[KAction[m[K::GetInstance()->ResetPage(&Page);
      |  [01;31m[K^~~~~~[m[K
[01m[K/home/robo/ROS2/walk_test/src/control/src/action_editor/cmd_process.cpp:1354:36:[m[K [01;31m[Kerror: [m[Kâ€˜[01m[KPage[m[Kâ€™ was not declared in this scope
 1354 |  Action::GetInstance()->ResetPage(&[01;31m[KPage[m[K);
      |                                    [01;31m[K^~~~[m[K
[01m[K/home/robo/ROS2/walk_test/src/control/src/action_editor/cmd_process.cpp:[m[K In function â€˜[01m[Kvoid GoCmd(int)[m[Kâ€™:
[01m[K/home/robo/ROS2/walk_test/src/control/src/action_editor/cmd_process.cpp:1361:27:[m[K [01;31m[Kerror: [m[Kâ€˜[01m[KAction[m[Kâ€™ has not been declared
 1361 |  if(index < 0 || index >= [01;31m[KAction[m[K::MAXNUM_STEP)
      |                           [01;31m[K^~~~~~[m[K
[01m[K/home/robo/ROS2/walk_test/src/control/src/action_editor/cmd_process.cpp:1367:13:[m[K [01;31m[Kerror: [m[Kâ€˜[01m[KPage[m[Kâ€™ was not declared in this scope
 1367 |  if(index > [01;31m[KPage[m[K.header.stepnum)
      |             [01;31m[K^~~~[m[K
[01m[K/home/robo/ROS2/walk_test/src/control/src/action_editor/cmd_process.cpp:1379:16:[m[K [01;31m[Kerror: [m[Kâ€˜[01m[KJointData[m[Kâ€™ has not been declared
 1379 |  uint8_t param[[01;31m[KJointData[m[K::NUMBER_OF_JOINTS * (1 + MX28::PARAM_BYTES)];
      |                [01;31m[K^~~~~~~~~[m[K
[01m[K/home/robo/ROS2/walk_test/src/control/src/action_editor/cmd_process.cpp:1379:51:[m[K [01;31m[Kerror: [m[Kâ€˜[01m[KMX28[m[Kâ€™ has not been declared
 1379 |  uint8_t param[JointData::NUMBER_OF_JOINTS * (1 + [01;31m[KMX28[m[K::PARAM_BYTES)];
      |                                                   [01;31m[K^~~~[m[K
[01m[K/home/robo/ROS2/walk_test/src/control/src/action_editor/cmd_process.cpp:1382:9:[m[K [01;31m[Kerror: [m[Kâ€˜[01m[KJointData[m[Kâ€™ has not been declared
 1382 |  for(id=[01;31m[KJointData[m[K::ID_R_SHOULDER_PITCH; id<JointData::NUMBER_OF_JOINTS-1; id++)
      |         [01;31m[K^~~~~~~~~[m[K
[01m[K/home/robo/ROS2/walk_test/src/control/src/action_editor/cmd_process.cpp:1382:44:[m[K [01;31m[Kerror: [m[Kâ€˜[01m[KJointData[m[Kâ€™ has not been declared
 1382 |  for(id=JointData::ID_R_SHOULDER_PITCH; id<[01;31m[KJointData[m[K::NUMBER_OF_JOINTS-1; id++)
      |                                            [01;31m[K^~~~~~~~~[m[K
[01m[K/home/robo/ROS2/walk_test/src/control/src/action_editor/cmd_process.cpp:1387:7:[m[K [01;31m[Kerror: [m[Kâ€˜[01m[KPage[m[Kâ€™ was not declared in this scope
 1387 |   if(([01;31m[KPage[m[K.step[index].position[id] + MotionManager::GetInstance()->m_Offset[id]) & Action::INVALID_BIT_MASK)
      |       [01;31m[K^~~~[m[K
[01m[K/home/robo/ROS2/walk_test/src/control/src/action_editor/cmd_process.cpp:1387:39:[m[K [01;31m[Kerror: [m[Kâ€˜[01m[KMotionManager[m[Kâ€™ has not been declared
 1387 |   if((Page.step[index].position[id] + [01;31m[KMotionManager[m[K::GetInstance()->m_Offset[id]) & Action::INVALID_BIT_MASK)
      |                                       [01;31m[K^~~~~~~~~~~~~[m[K
[01m[K/home/robo/ROS2/walk_test/src/control/src/action_editor/cmd_process.cpp:1387:85:[m[K [01;31m[Kerror: [m[Kâ€˜[01m[KAction[m[Kâ€™ has not been declared
 1387 | position[id] + MotionManager::GetInstance()->m_Offset[id]) & [01;31m[KAction[m[K::INVALID_BIT_MASK)
      |                                                              [01;31m[K^~~~~~[m[K

[01m[K/home/robo/ROS2/walk_test/src/control/src/action_editor/cmd_process.cpp:1389:67:[m[K [01;31m[Kerror: [m[Kâ€˜[01m[KMotionManager[m[Kâ€™ has not been declared
 1389 | intf("conta id %d =%d", id, (Page.step[index].position[id] + [01;31m[KMotionManager[m[K::GetInstance()->m_Offset[id]));
      |                                                              [01;31m[K^~~~~~~~~~~~~[m[K

[01m[K/home/robo/ROS2/walk_test/src/control/src/action_editor/cmd_process.cpp:1405:20:[m[K [01;31m[Kerror: [m[Kâ€˜[01m[KPage[m[Kâ€™ was not declared in this scope
 1405 |   wGoalPosition = ([01;31m[KPage[m[K.step[index].position[id] + MotionManager::GetInstance()->m_Offset[id]);
      |                    [01;31m[K^~~~[m[K
[01m[K/home/robo/ROS2/walk_test/src/control/src/action_editor/cmd_process.cpp:1405:52:[m[K [01;31m[Kerror: [m[Kâ€˜[01m[KMotionManager[m[Kâ€™ has not been declared
 1405 |   wGoalPosition = (Page.step[index].position[id] + [01;31m[KMotionManager[m[K::GetInstance()->m_Offset[id]);
      |                                                    [01;31m[K^~~~~~~~~~~~~[m[K
[01m[K/home/robo/ROS2/walk_test/src/control/src/action_editor/cmd_process.cpp:1419:3:[m[K [01;31m[Kerror: [m[Kâ€˜[01m[Kparam[m[Kâ€™ was not declared in this scope
 1419 |   [01;31m[Kparam[m[K[n++] = id;
      |   [01;31m[K^~~~~[m[K
[01m[K/home/robo/ROS2/walk_test/src/control/src/action_editor/cmd_process.cpp:1431:5:[m[K [01;31m[Kerror: [m[Kâ€˜[01m[Kmessage[m[Kâ€™ was not declared in this scope
 1431 |     [01;31m[Kmessage[m[K.id = {1, 2, 3, 4, 5, 6, 7, 8, 9, 10, 11, 12, 13, 14, 15, 16, 17, 18, 19};
      |     [01;31m[K^~~~~~~[m[K
[01m[K/home/robo/ROS2/walk_test/src/control/src/action_editor/cmd_process.cpp:1432:25:[m[K [01;31m[Kerror: [m[Kâ€˜[01m[Kpos[m[Kâ€™ was not declared in this scope; did you mean â€˜[01m[Kpow[m[Kâ€™?
 1432 |     message.position = {[01;31m[Kpos[m[K[1], pos[2], pos[3], pos[4], pos[5], pos[6], pos[7], pos[8], pos[9], pos[10], pos[11], pos[12], pos[13], pos[14], pos[15], pos[16], pos[17], pos[18], pos[19]};
      |                         [01;31m[K^~~[m[K
      |                         [32m[Kpow[m[K
[01m[K/home/robo/ROS2/walk_test/src/control/src/action_editor/cmd_process.cpp:1437:2:[m[K [01;31m[Kerror: [m[Kâ€˜[01m[KStep[m[Kâ€™ was not declared in this scope
 1437 |  [01;31m[KStep[m[K = Page.step[index];
      |  [01;31m[K^~~~[m[K
[01m[K/home/robo/ROS2/walk_test/src/control/src/action_editor/cmd_process.cpp:1437:9:[m[K [01;31m[Kerror: [m[Kâ€˜[01m[KPage[m[Kâ€™ was not declared in this scope
 1437 |  Step = [01;31m[KPage[m[K.step[index];
      |         [01;31m[K^~~~[m[K
[01m[K/home/robo/ROS2/walk_test/src/control/src/action_editor/cmd_process.cpp:[m[K In function â€˜[01m[Kvoid goInitPage()[m[Kâ€™:
[01m[K/home/robo/ROS2/walk_test/src/control/src/action_editor/cmd_process.cpp:1444:2:[m[K [01;31m[Kerror: [m[Kâ€˜[01m[KAction[m[Kâ€™ has not been declared
 1444 |  [01;31m[KAction[m[K::GetInstance()->LoadPage(1, &Page);
      |  [01;31m[K^~~~~~[m[K
[01m[K/home/robo/ROS2/walk_test/src/control/src/action_editor/cmd_process.cpp:1444:38:[m[K [01;31m[Kerror: [m[Kâ€˜[01m[KPage[m[Kâ€™ was not declared in this scope
 1444 |  Action::GetInstance()->LoadPage(1, &[01;31m[KPage[m[K);
      |                                      [01;31m[K^~~~[m[K
[01m[K/home/robo/ROS2/walk_test/src/control/src/action_editor/cmd_process.cpp:[m[K In function â€˜[01m[Kvoid backToPage()[m[Kâ€™:
[01m[K/home/robo/ROS2/walk_test/src/control/src/action_editor/cmd_process.cpp:1449:2:[m[K [01;31m[Kerror: [m[Kâ€˜[01m[KAction[m[Kâ€™ has not been declared
 1449 |  [01;31m[KAction[m[K::GetInstance()->LoadPage(indexPageBuffer, &Page);
      |  [01;31m[K^~~~~~[m[K
[01m[K/home/robo/ROS2/walk_test/src/control/src/action_editor/cmd_process.cpp:1449:52:[m[K [01;31m[Kerror: [m[Kâ€˜[01m[KPage[m[Kâ€™ was not declared in this scope
 1449 |  Action::GetInstance()->LoadPage(indexPageBuffer, &[01;31m[KPage[m[K);
      |                                                    [01;31m[K^~~~[m[K
[01m[K/home/robo/ROS2/walk_test/src/control/src/action_editor/cmd_process.cpp:[m[K In function â€˜[01m[Kvoid SaveCmd()[m[Kâ€™:
[01m[K/home/robo/ROS2/walk_test/src/control/src/action_editor/cmd_process.cpp:1458:5:[m[K [01;31m[Kerror: [m[Kâ€˜[01m[KAction[m[Kâ€™ has not been declared
 1458 |  if([01;31m[KAction[m[K::GetInstance()->SavePage(indexPage, &Page) == true)
      |     [01;31m[K^~~~~~[m[K
[01m[K/home/robo/ROS2/walk_test/src/control/src/action_editor/cmd_process.cpp:1458:49:[m[K [01;31m[Kerror: [m[Kâ€˜[01m[KPage[m[Kâ€™ was not declared in this scope
 1458 |  if(Action::GetInstance()->SavePage(indexPage, &[01;31m[KPage[m[K) == true)
      |                                                 [01;31m[K^~~~[m[K
[01m[K/home/robo/ROS2/walk_test/src/control/src/action_editor/cmd_process.cpp:[m[K In function â€˜[01m[Kvoid readServo()[m[Kâ€™:
[01m[K/home/robo/ROS2/walk_test/src/control/src/action_editor/cmd_process.cpp:1464:11:[m[K [01;35m[Kwarning: [m[Kunused variable â€˜[01m[Kvalue[m[Kâ€™ [[01;35m[K-Wunused-variable[m[K]
 1464 |  uint32_t [01;35m[Kvalue[m[K;
      |           [01;35m[K^~~~~[m[K
[01m[K/home/robo/ROS2/walk_test/src/control/src/action_editor/cmd_process.cpp:[m[K In function â€˜[01m[Kvoid NameCmd()[m[Kâ€™:
[01m[K/home/robo/ROS2/walk_test/src/control/src/action_editor/cmd_process.cpp:1480:2:[m[K [01;31m[Kerror: [m[Kâ€˜[01m[Kgets[m[Kâ€™ was not declared in this scope; did you mean â€˜[01m[Kfgets[m[Kâ€™?
 1480 |  [01;31m[Kgets[m[K(name);
      |  [01;31m[K^~~~[m[K
      |  [32m[Kfgets[m[K
[01m[K/home/robo/ROS2/walk_test/src/control/src/action_editor/cmd_process.cpp:1482:18:[m[K [01;31m[Kerror: [m[Kâ€˜[01m[KAction[m[Kâ€™ has not been declared
 1482 |  for(int i=0; i<=[01;31m[KAction[m[K::MAXNUM_NAME; i++)
      |                  [01;31m[K^~~~~~[m[K
[01m[K/home/robo/ROS2/walk_test/src/control/src/action_editor/cmd_process.cpp:1483:3:[m[K [01;31m[Kerror: [m[Kâ€˜[01m[KPage[m[Kâ€™ was not declared in this scope
 1483 |   [01;31m[KPage[m[K.header.name[i] = name[i];
      |   [01;31m[K^~~~[m[K
make[2]: *** [CMakeFiles/action.dir/build.make:89: CMakeFiles/action.dir/src/action_editor/cmd_process.cpp.o] Error 1
make[1]: *** [CMakeFiles/Makefile2:221: CMakeFiles/action.dir/all] Error 2
make: *** [Makefile:141: all] Error 2
