In file included from [01m[K/home/robo/ROS2/walk_test/src/control/src/motion/modules/Walking.cpp:11[m[K:
[01m[K/home/robo/ROS2/walk_test/src/control/include/MX28.h:31:23:[m[K [01;31m[Kerror: [m[Kâ€˜[01m[Kconstexpr[m[Kâ€™ needed for in-class initialization of static data member â€˜[01m[Kconst double Robot::MX28::MIN_ANGLE[m[Kâ€™ of non-integral type [[01;31m[K-fpermissive[m[K]
   31 |   static const double [01;31m[KMIN_ANGLE[m[K = -180.0; // degree
      |                       [01;31m[K^~~~~~~~~[m[K
[01m[K/home/robo/ROS2/walk_test/src/control/include/MX28.h:32:23:[m[K [01;31m[Kerror: [m[Kâ€˜[01m[Kconstexpr[m[Kâ€™ needed for in-class initialization of static data member â€˜[01m[Kconst double Robot::MX28::MAX_ANGLE[m[Kâ€™ of non-integral type [[01;31m[K-fpermissive[m[K]
   32 |   static const double [01;31m[KMAX_ANGLE[m[K = 180.0; // degree
      |                       [01;31m[K^~~~~~~~~[m[K
[01m[K/home/robo/ROS2/walk_test/src/control/include/MX28.h:33:23:[m[K [01;31m[Kerror: [m[Kâ€˜[01m[Kconstexpr[m[Kâ€™ needed for in-class initialization of static data member â€˜[01m[Kconst double Robot::MX28::RATIO_VALUE2ANGLE[m[Kâ€™ of non-integral type [[01;31m[K-fpermissive[m[K]
   33 |   static const double [01;31m[KRATIO_VALUE2ANGLE[m[K = 0.088; // 360 / 4096
      |                       [01;31m[K^~~~~~~~~~~~~~~~~[m[K
[01m[K/home/robo/ROS2/walk_test/src/control/include/MX28.h:34:23:[m[K [01;31m[Kerror: [m[Kâ€˜[01m[Kconstexpr[m[Kâ€™ needed for in-class initialization of static data member â€˜[01m[Kconst double Robot::MX28::RATIO_ANGLE2VALUE[m[Kâ€™ of non-integral type [[01;31m[K-fpermissive[m[K]
   34 |   static const double [01;31m[KRATIO_ANGLE2VALUE[m[K = 11.378; // 4096 / 360
      |                       [01;31m[K^~~~~~~~~~~~~~~~~[m[K
In file included from [01m[K/home/robo/ROS2/walk_test/src/control/src/motion/JointData.cpp:8[m[K:
[01m[K/home/robo/ROS2/walk_test/src/control/include/MX28.h:31:23:[m[K [01;31m[Kerror: [m[Kâ€˜[01m[Kconstexpr[m[Kâ€™ needed for in-class initialization of static data member â€˜[01m[Kconst double Robot::MX28::MIN_ANGLE[m[Kâ€™ of non-integral type [[01;31m[K-fpermissive[m[K]
   31 |   static const double [01;31m[KMIN_ANGLE[m[K = -180.0; // degree
      |                       [01;31m[K^~~~~~~~~[m[K
[01m[K/home/robo/ROS2/walk_test/src/control/include/MX28.h:32:23:[m[K [01;31m[Kerror: [m[Kâ€˜[01m[Kconstexpr[m[Kâ€™ needed for in-class initialization of static data member â€˜[01m[Kconst double Robot::MX28::MAX_ANGLE[m[Kâ€™ of non-integral type [[01;31m[K-fpermissive[m[K]
   32 |   static const double [01;31m[KMAX_ANGLE[m[K = 180.0; // degree
      |                       [01;31m[K^~~~~~~~~[m[K
[01m[K/home/robo/ROS2/walk_test/src/control/include/MX28.h:33:23:[m[K [01;31m[Kerror: [m[Kâ€˜[01m[Kconstexpr[m[Kâ€™ needed for in-class initialization of static data member â€˜[01m[Kconst double Robot::MX28::RATIO_VALUE2ANGLE[m[Kâ€™ of non-integral type [[01;31m[K-fpermissive[m[K]
   33 |   static const double [01;31m[KRATIO_VALUE2ANGLE[m[K = 0.088; // 360 / 4096
      |                       [01;31m[K^~~~~~~~~~~~~~~~~[m[K
[01m[K/home/robo/ROS2/walk_test/src/control/include/MX28.h:34:23:[m[K [01;31m[Kerror: [m[Kâ€˜[01m[Kconstexpr[m[Kâ€™ needed for in-class initialization of static data member â€˜[01m[Kconst double Robot::MX28::RATIO_ANGLE2VALUE[m[Kâ€™ of non-integral type [[01;31m[K-fpermissive[m[K]
   34 |   static const double [01;31m[KRATIO_ANGLE2VALUE[m[K = 11.378; // 4096 / 360
      |                       [01;31m[K^~~~~~~~~~~~~~~~~[m[K
/usr/bin/ld: CMakeFiles/decision.dir/src/dec.cpp.o: in function `rclcpp::Publisher<dynamixel_sdk_custom_interfaces::msg::Decision_<std::allocator<void> >, std::allocator<void> >::Publisher(rclcpp::node_interfaces::NodeBaseInterface*, std::__cxx11::basic_string<char, std::char_traits<char>, std::allocator<char> > const&, rclcpp::QoS const&, rclcpp::PublisherOptionsWithAllocator<std::allocator<void> > const&)':
dec.cpp:(.text._ZN6rclcpp9PublisherIN31dynamixel_sdk_custom_interfaces3msg9Decision_ISaIvEEES4_EC2EPNS_15node_interfaces17NodeBaseInterfaceERKNSt7__cxx1112basic_stringIcSt11char_traitsIcESaIcEEERKNS_3QoSERKNS_29PublisherOptionsWithAllocatorIS4_EE[_ZN6rclcpp9PublisherIN31dynamixel_sdk_custom_interfaces3msg9Decision_ISaIvEEES4_EC5EPNS_15node_interfaces17NodeBaseInterfaceERKNSt7__cxx1112basic_stringIcSt11char_traitsIcESaIcEEERKNS_3QoSERKNS_29PublisherOptionsWithAllocatorIS4_EE]+0x6e): undefined reference to `rosidl_message_type_support_t const* rosidl_typesupport_cpp::get_message_type_support_handle<dynamixel_sdk_custom_interfaces::msg::Decision_<std::allocator<void> > >()'
collect2: error: ld returned 1 exit status
make[2]: *** [CMakeFiles/decision.dir/build.make:136: decision] Error 1
make[1]: *** [CMakeFiles/Makefile2:84: CMakeFiles/decision.dir/all] Error 2
make[1]: *** Waiting for unfinished jobs....
make[2]: *** [CMakeFiles/motion.dir/build.make:76: CMakeFiles/motion.dir/src/motion/modules/Walking.cpp.o] Error 1
make[2]: *** Waiting for unfinished jobs....
In file included from [01m[K/home/robo/ROS2/walk_test/src/control/src/motion/MotionManager.cpp:24[m[K:
[01m[K/home/robo/ROS2/walk_test/src/control/include/MX28.h:31:23:[m[K [01;31m[Kerror: [m[Kâ€˜[01m[Kconstexpr[m[Kâ€™ needed for in-class initialization of static data member â€˜[01m[Kconst double Robot::MX28::MIN_ANGLE[m[Kâ€™ of non-integral type [[01;31m[K-fpermissive[m[K]
   31 |   static const double [01;31m[KMIN_ANGLE[m[K = -180.0; // degree
      |                       [01;31m[K^~~~~~~~~[m[K
[01m[K/home/robo/ROS2/walk_test/src/control/include/MX28.h:32:23:[m[K [01;31m[Kerror: [m[Kâ€˜[01m[Kconstexpr[m[Kâ€™ needed for in-class initialization of static data member â€˜[01m[Kconst double Robot::MX28::MAX_ANGLE[m[Kâ€™ of non-integral type [[01;31m[K-fpermissive[m[K]
   32 |   static const double [01;31m[KMAX_ANGLE[m[K = 180.0; // degree
      |                       [01;31m[K^~~~~~~~~[m[K
[01m[K/home/robo/ROS2/walk_test/src/control/include/MX28.h:33:23:[m[K [01;31m[Kerror: [m[Kâ€˜[01m[Kconstexpr[m[Kâ€™ needed for in-class initialization of static data member â€˜[01m[Kconst double Robot::MX28::RATIO_VALUE2ANGLE[m[Kâ€™ of non-integral type [[01;31m[K-fpermissive[m[K]
   33 |   static const double [01;31m[KRATIO_VALUE2ANGLE[m[K = 0.088; // 360 / 4096
      |                       [01;31m[K^~~~~~~~~~~~~~~~~[m[K
[01m[K/home/robo/ROS2/walk_test/src/control/include/MX28.h:34:23:[m[K [01;31m[Kerror: [m[Kâ€˜[01m[Kconstexpr[m[Kâ€™ needed for in-class initialization of static data member â€˜[01m[Kconst double Robot::MX28::RATIO_ANGLE2VALUE[m[Kâ€™ of non-integral type [[01;31m[K-fpermissive[m[K]
   34 |   static const double [01;31m[KRATIO_ANGLE2VALUE[m[K = 11.378; // 4096 / 360
      |                       [01;31m[K^~~~~~~~~~~~~~~~~[m[K
In file included from [01m[K/home/robo/ROS2/walk_test/src/control/src/motion/MotionManager.cpp:25[m[K:
[01m[K/home/robo/ROS2/walk_test/src/control/include/MotionManager.h:[m[K In constructor â€˜[01m[KRobot::MotionManager::MotionManager(const rclcpp::NodeOptions&)[m[Kâ€™:
[01m[K/home/robo/ROS2/walk_test/src/control/include/MotionManager.h:77:8:[m[K [01;35m[Kwarning: [m[Kâ€˜[01m[KRobot::MotionManager::DEBUG_PRINT[m[Kâ€™ will be initialized after [[01;35m[K-Wreorder[m[K]
   77 |   bool [01;35m[KDEBUG_PRINT[m[K;
      |        [01;35m[K^~~~~~~~~~~[m[K
[01m[K/home/robo/ROS2/walk_test/src/control/src/motion/MotionManager.cpp:57:41:[m[K [01;35m[Kwarning: [m[K  base â€˜[01m[Krclcpp::Node[m[Kâ€™ [[01;35m[K-Wreorder[m[K]
   57 |   rclcpp::Node("gait_publisher", options[01;35m[K)[m[K
      |                                         [01;35m[K^[m[K
[01m[K/home/robo/ROS2/walk_test/src/control/src/motion/MotionManager.cpp:48:1:[m[K [01;35m[Kwarning: [m[K  when initialized here [[01;35m[K-Wreorder[m[K]
   48 | [01;35m[KMotionManager[m[K::MotionManager(const rclcpp::NodeOptions & options) :
      | [01;35m[K^~~~~~~~~~~~~[m[K
[01m[K/home/robo/ROS2/walk_test/src/control/src/motion/MotionManager.cpp:[m[K In member function â€˜[01m[Kvoid Robot::MotionManager::topic_callback(std::shared_ptr<sensor_msgs::msg::Imu_<std::allocator<void> > >) const[m[Kâ€™:
[01m[K/home/robo/ROS2/walk_test/src/control/src/motion/MotionManager.cpp:86:15:[m[K [01;35m[Kwarning: [m[Kunused variable â€˜[01m[KIMU_GYRO_X[m[Kâ€™ [[01;35m[K-Wunused-variable[m[K]
   86 |         float [01;35m[KIMU_GYRO_X[m[K = -imu_msg_->angular_velocity.x/10;
      |               [01;35m[K^~~~~~~~~~[m[K
[01m[K/home/robo/ROS2/walk_test/src/control/src/motion/MotionManager.cpp:87:15:[m[K [01;35m[Kwarning: [m[Kunused variable â€˜[01m[KIMU_GYRO_Y[m[Kâ€™ [[01;35m[K-Wunused-variable[m[K]
   87 |         float [01;35m[KIMU_GYRO_Y[m[K  = -imu_msg_->angular_velocity.y/10;
      |               [01;35m[K^~~~~~~~~~[m[K
[01m[K/home/robo/ROS2/walk_test/src/control/src/motion/MotionManager.cpp:[m[K In member function â€˜[01m[Kbool Robot::MotionManager::Initialize(bool)[m[Kâ€™:
[01m[K/home/robo/ROS2/walk_test/src/control/src/motion/MotionManager.cpp:93:6:[m[K [01;35m[Kwarning: [m[Kunused variable â€˜[01m[Kvalue[m[Kâ€™ [[01;35m[K-Wunused-variable[m[K]
   93 |  int [01;35m[Kvalue[m[K, error;
      |      [01;35m[K^~~~~[m[K
[01m[K/home/robo/ROS2/walk_test/src/control/src/motion/MotionManager.cpp:93:13:[m[K [01;35m[Kwarning: [m[Kunused variable â€˜[01m[Kerror[m[Kâ€™ [[01;35m[K-Wunused-variable[m[K]
   93 |  int value, [01;35m[Kerror[m[K;
      |             [01;35m[K^~~~~[m[K
[01m[K/home/robo/ROS2/walk_test/src/control/src/motion/MotionManager.cpp:[m[K In member function â€˜[01m[Kbool Robot::MotionManager::Reinitialize()[m[Kâ€™:
[01m[K/home/robo/ROS2/walk_test/src/control/src/motion/MotionManager.cpp:152:6:[m[K [01;35m[Kwarning: [m[Kunused variable â€˜[01m[Kvalue[m[Kâ€™ [[01;35m[K-Wunused-variable[m[K]
  152 |  int [01;35m[Kvalue[m[K, error;
      |      [01;35m[K^~~~~[m[K
[01m[K/home/robo/ROS2/walk_test/src/control/src/motion/MotionManager.cpp:152:13:[m[K [01;35m[Kwarning: [m[Kunused variable â€˜[01m[Kerror[m[Kâ€™ [[01;35m[K-Wunused-variable[m[K]
  152 |  int value, [01;35m[Kerror[m[K;
      |             [01;35m[K^~~~~[m[K
[01m[K/home/robo/ROS2/walk_test/src/control/src/motion/MotionManager.cpp:[m[K In member function â€˜[01m[Kvoid Robot::MotionManager::Process()[m[Kâ€™:
[01m[K/home/robo/ROS2/walk_test/src/control/src/motion/MotionManager.cpp:296:6:[m[K [01;35m[Kwarning: [m[Kunused variable â€˜[01m[Kjoint_num[m[Kâ€™ [[01;35m[K-Wunused-variable[m[K]
  296 |  int [01;35m[Kjoint_num[m[K = 0;
      |      [01;35m[K^~~~~~~~~[m[K
[01m[K/home/robo/ROS2/walk_test/src/control/src/motion/MotionManager.cpp:[m[K In member function â€˜[01m[Kvoid Robot::MotionManager::SetEnable(bool)[m[Kâ€™:
[01m[K/home/robo/ROS2/walk_test/src/control/src/motion/MotionManager.cpp:329:22:[m[K [01;31m[Kerror: [m[Kâ€˜[01m[KBROADCAST_ID[m[Kâ€™ was not declared in this scope
  329 |  message_single.id = [01;31m[KBROADCAST_ID[m[K;
      |                      [01;31m[K^~~~~~~~~~~~[m[K
make[2]: *** [CMakeFiles/motion.dir/build.make:180: CMakeFiles/motion.dir/src/motion/JointData.cpp.o] Error 1
make[2]: *** [CMakeFiles/motion.dir/build.make:63: CMakeFiles/motion.dir/src/motion/MotionManager.cpp.o] Error 1
make[1]: *** [CMakeFiles/Makefile2:165: CMakeFiles/motion.dir/all] Error 2
/usr/bin/ld: CMakeFiles/control.dir/src/control.cpp.o: in function `rclcpp::create_subscription_factory<dynamixel_sdk_custom_interfaces::msg::Decision_<std::allocator<void> >, std::_Bind<void (Control::*(Control*, std::_Placeholder<1>))(std::shared_ptr<dynamixel_sdk_custom_interfaces::msg::Decision_<std::allocator<void> > >) const>, std::allocator<void>, dynamixel_sdk_custom_interfaces::msg::Decision_<std::allocator<void> >, rclcpp::Subscription<dynamixel_sdk_custom_interfaces::msg::Decision_<std::allocator<void> >, std::allocator<void>, rclcpp::message_memory_strategy::MessageMemoryStrategy<dynamixel_sdk_custom_interfaces::msg::Decision_<std::allocator<void> >, std::allocator<void> > >, rclcpp::message_memory_strategy::MessageMemoryStrategy<dynamixel_sdk_custom_interfaces::msg::Decision_<std::allocator<void> >, std::allocator<void> > >(std::_Bind<void (Control::*(Control*, std::_Placeholder<1>))(std::shared_ptr<dynamixel_sdk_custom_interfaces::msg::Decision_<std::allocator<void> > >) const>&&, rclcpp::SubscriptionOptionsWithAllocator<std::allocator<void> > const&, rclcpp::message_memory_strategy::MessageMemoryStrategy<dynamixel_sdk_custom_interfaces::msg::Decision_<std::allocator<void> >, std::allocator<void> >::SharedPtr, std::shared_ptr<rclcpp::topic_statistics::SubscriptionTopicStatistics<dynamixel_sdk_custom_interfaces::msg::Decision_<std::allocator<void> > > >)::{lambda(rclcpp::node_interfaces::NodeBaseInterface*, std::__cxx11::basic_string<char, std::char_traits<char>, std::allocator<char> > const&, rclcpp::QoS const&)#1}::operator()(rclcpp::node_interfaces::NodeBaseInterface*, std::__cxx11::basic_string<char, std::char_traits<char>, std::allocator<char> > const&, rclcpp::QoS const&) const':
control.cpp:(.text._ZZN6rclcpp27create_subscription_factoryIN31dynamixel_sdk_custom_interfaces3msg9Decision_ISaIvEEESt5_BindIFM7ControlKFvSt10shared_ptrIS5_EEPS7_St12_PlaceholderILi1EEEES4_S5_NS_12SubscriptionIS5_S4_NS_23message_memory_strategy21MessageMemoryStrategyIS5_S4_EEEESK_EENS_19SubscriptionFactoryEOT0_RKNS_32SubscriptionOptionsWithAllocatorIT1_EENT4_9SharedPtrES8_INS_16topic_statistics27SubscriptionTopicStatisticsIT2_EEEENKUlPNS_15node_interfaces17NodeBaseInterfaceERKNSt7__cxx1112basic_stringIcSt11char_traitsIcESaIcEEERKNS_3QoSEE_clES13_S1B_S1E_[_ZZN6rclcpp27create_subscription_factoryIN31dynamixel_sdk_custom_interfaces3msg9Decision_ISaIvEEESt5_BindIFM7ControlKFvSt10shared_ptrIS5_EEPS7_St12_PlaceholderILi1EEEES4_S5_NS_12SubscriptionIS5_S4_NS_23message_memory_strategy21MessageMemoryStrategyIS5_S4_EEEESK_EENS_19SubscriptionFactoryEOT0_RKNS_32SubscriptionOptionsWithAllocatorIT1_EENT4_9SharedPtrES8_INS_16topic_statistics27SubscriptionTopicStatisticsIT2_EEEENKUlPNS_15node_interfaces17NodeBaseInterfaceERKNSt7__cxx1112basic_stringIcSt11char_traitsIcESaIcEEERKNS_3QoSEE_clES13_S1B_S1E_]+0x5c): undefined reference to `rosidl_message_type_support_t const* rosidl_typesupport_cpp::get_message_type_support_handle<dynamixel_sdk_custom_interfaces::msg::Decision_<std::allocator<void> > >()'
collect2: error: ld returned 1 exit status
make[2]: *** [CMakeFiles/control.dir/build.make:146: control] Error 1
make[1]: *** [CMakeFiles/Makefile2:111: CMakeFiles/control.dir/all] Error 2
make: *** [Makefile:141: all] Error 2
