[0.009s] Invoking command in '/home/robo/ROS2/walk_test/build/control': CMAKE_PREFIX_PATH=/home/robo/ROS2/walk_test/install/dynamixel_sdk_custom_interfaces:/home/robo/ROS2/walk_test/install/control:/opt/ros/foxy LD_LIBRARY_PATH=/home/robo/ROS2/walk_test/install/dynamixel_sdk_custom_interfaces/lib:/home/robo/ROS2/walk_test/install/control/lib:/opt/ros/foxy/opt/yaml_cpp_vendor/lib:/opt/ros/foxy/opt/rviz_ogre_vendor/lib:/opt/ros/foxy/lib/x86_64-linux-gnu:/opt/ros/foxy/lib /usr/bin/cmake --build /home/robo/ROS2/walk_test/build/control -- -j12 -l12
[0.040s] [35m[1mScanning dependencies of target action[0m
[0.053s] [ 14%] Built target decision
[0.053s] [ 14%] Built target gait_publisher
[0.054s] [ 22%] Built target control
[0.058s] [ 85%] Built target motion
[0.064s] [ 88%] [32mBuilding CXX object CMakeFiles/action.dir/src/action_editor/main.cpp.o[0m
[0.065s] [ 92%] [32mBuilding CXX object CMakeFiles/action.dir/src/action_editor/cmd_process.cpp.o[0m
[0.156s] [01m[K/home/robo/ROS2/walk_test/src/control/src/action_editor/main.cpp:32:10:[m[K [01;31m[Kfatal error: [m[Kmain.h: No such file or directory
[0.156s]    32 | #include [01;31m[K"main.h"[m[K
[0.156s]       |          [01;31m[K^~~~~~~~[m[K
[0.156s] compilation terminated.
[0.157s] make[2]: *** [CMakeFiles/action.dir/build.make:63: CMakeFiles/action.dir/src/action_editor/main.cpp.o] Error 1
[0.157s] make[2]: *** Waiting for unfinished jobs....
[0.157s] [01m[K/home/robo/ROS2/walk_test/src/control/src/action_editor/cmd_process.cpp:19:10:[m[K [01;31m[Kfatal error: [m[Kmain.h: No such file or directory
[0.157s]    19 | #include [01;31m[K"main.h"[m[K
[0.157s]       |          [01;31m[K^~~~~~~~[m[K
[0.157s] compilation terminated.
[0.158s] make[2]: *** [CMakeFiles/action.dir/build.make:89: CMakeFiles/action.dir/src/action_editor/cmd_process.cpp.o] Error 1
[0.159s] make[1]: *** [CMakeFiles/Makefile2:221: CMakeFiles/action.dir/all] Error 2
[0.159s] make: *** [Makefile:141: all] Error 2
[0.160s] Invoked command in '/home/robo/ROS2/walk_test/build/control' returned '2': CMAKE_PREFIX_PATH=/home/robo/ROS2/walk_test/install/dynamixel_sdk_custom_interfaces:/home/robo/ROS2/walk_test/install/control:/opt/ros/foxy LD_LIBRARY_PATH=/home/robo/ROS2/walk_test/install/dynamixel_sdk_custom_interfaces/lib:/home/robo/ROS2/walk_test/install/control/lib:/opt/ros/foxy/opt/yaml_cpp_vendor/lib:/opt/ros/foxy/opt/rviz_ogre_vendor/lib:/opt/ros/foxy/lib/x86_64-linux-gnu:/opt/ros/foxy/lib /usr/bin/cmake --build /home/robo/ROS2/walk_test/build/control -- -j12 -l12
