[0.009s] Invoking command in '/home/robo/ROS2/walk_test/build/control': CMAKE_PREFIX_PATH=/home/robo/ROS2/walk_test/install/dynamixel_sdk_custom_interfaces:/home/robo/ROS2/walk_test/install/control:/opt/ros/foxy LD_LIBRARY_PATH=/home/robo/ROS2/walk_test/install/dynamixel_sdk_custom_interfaces/lib:/home/robo/ROS2/walk_test/install/control/lib:/opt/ros/foxy/opt/yaml_cpp_vendor/lib:/opt/ros/foxy/opt/rviz_ogre_vendor/lib:/opt/ros/foxy/lib/x86_64-linux-gnu:/opt/ros/foxy/lib /usr/bin/cmake --build /home/robo/ROS2/walk_test/build/control -- -j12 -l12
[0.029s] -- Found ament_cmake: 0.9.9 (/opt/ros/foxy/share/ament_cmake/cmake)
[0.045s] -- Using PYTHON_EXECUTABLE: /usr/bin/python3
[0.176s] -- Override CMake install command with custom implementation using symlinks instead of copying resources
[0.181s] -- Found dynamixel_sdk_custom_interfaces: 3.7.40 (/home/robo/ROS2/walk_test/install/dynamixel_sdk_custom_interfaces/share/dynamixel_sdk_custom_interfaces/cmake)
[0.198s] -- Using all available rosidl_typesupport_c: rosidl_typesupport_fastrtps_c;rosidl_typesupport_introspection_c
[0.201s] -- Found rosidl_adapter: 1.2.1 (/opt/ros/foxy/share/rosidl_adapter/cmake)
[0.293s] -- Using all available rosidl_typesupport_cpp: rosidl_typesupport_fastrtps_cpp;rosidl_typesupport_introspection_cpp
[0.328s] -- Found rclcpp: 2.4.1 (/opt/ros/foxy/share/rclcpp/cmake)
[0.357s] -- Found rmw_implementation_cmake: 1.0.3 (/opt/ros/foxy/share/rmw_implementation_cmake/cmake)
[0.358s] -- Using RMW implementation 'rmw_fastrtps_cpp' as default
[0.473s] -- Found sensor_msgs: 2.0.5 (/opt/ros/foxy/share/sensor_msgs/cmake)
[0.565s] -- Found rclcpp_components: 2.4.1 (/opt/ros/foxy/share/rclcpp_components/cmake)
[0.609s] -- Found rosidl_default_generators: 1.0.1 (/opt/ros/foxy/share/rosidl_default_generators/cmake)
[0.627s] -- Found ament_lint_auto: 0.9.6 (/opt/ros/foxy/share/ament_lint_auto/cmake)
[0.676s] -- Added test 'copyright' to check source files copyright and LICENSE
[0.680s] -- Added test 'cppcheck' to perform static code analysis on C / C++ code
[0.681s] -- Configured cppcheck include dirs: /home/robo/ROS2/walk_test/src/control/include;/home/robo/ROS2/walk_test/src/control/src/minIni
[0.681s] -- Configured cppcheck exclude dirs and/or files: 
[0.685s] -- Added test 'cpplint' to check C / C++ code against the Google style
[0.685s] -- Configured cpplint exclude dirs and/or files: 
[0.686s] -- Added test 'flake8' to check Python code syntax and style conventions
[0.688s] -- Added test 'lint_cmake' to check CMake code style
[0.689s] -- Added test 'pep257' to check Python code against some of the style conventions in PEP 257
[0.693s] -- Added test 'uncrustify' to check C / C++ code style
[0.693s] -- Configured uncrustify additional arguments: 
[0.694s] -- Added test 'xmllint' to check XML markup files
[0.697s] -- Configuring done
[0.717s] -- Generating done
[0.719s] -- Build files have been written to: /home/robo/ROS2/walk_test/build/control
[0.752s] [  3%] [32mBuilding CXX object CMakeFiles/action.dir/src/action_editor/cmd_process.cpp.o[0m
[0.753s] [ 18%] Built target decision
[0.753s] [ 18%] Built target gait_publisher
[0.754s] [ 25%] Built target control
[0.758s] [ 88%] Built target motion
[0.845s] [01m[K/home/robo/ROS2/walk_test/src/control/src/action_editor/cmd_process.cpp:978:1:[m[K [01;35m[Kwarning: [m[Kmulti-line comment [[01;35m[K-Wcomment[m[K]
[0.845s]   978 | [01;35m[K/[m[K/  printf(" i                  Inserts data from STP7 to STP0. \n" \
[0.845s]       | [01;35m[K^[m[K
[0.845s] [01m[K/home/robo/ROS2/walk_test/src/control/src/action_editor/cmd_process.cpp:980:1:[m[K [01;35m[Kwarning: [m[Kmulti-line comment [[01;35m[K-Wcomment[m[K]
[0.845s]   980 | [01;35m[K/[m[K/  printf(" i [index]          Inserts data from STP7 to STP[index]. \n" \
[0.846s]       | [01;35m[K^[m[K
[1.152s] In file included from [01m[K/home/robo/ROS2/walk_test/src/control/src/action_editor/cmd_process.cpp:5[m[K:
[1.152s] [01m[K/opt/ros/foxy/include/rcutils/types/char_array.h:41:10:[m[K [01;31m[Kerror: [m[Kexpected â€˜[01m[K)[m[Kâ€™ before â€˜[01m[K*[m[Kâ€™ token
[1.152s]    41 |   size_t [01;31m[Kbuffer_capacity[m[K;
[1.152s]       |          [01;31m[K^~~~~~~~~~~~~~~[m[K
[1.152s] [01m[K/opt/ros/foxy/include/rcutils/types/char_array.h:41:10:[m[K [01;31m[Kerror: [m[Kexpected â€˜[01m[K)[m[Kâ€™ before â€˜[01m[K*[m[Kâ€™ token
[1.152s] [01m[K/opt/ros/foxy/include/rcutils/types/char_array.h:74:10:[m[K [01;31m[Kerror: [m[Kexpected â€˜[01m[K)[m[Kâ€™ before â€˜[01m[K([m[Kâ€™ token
[1.152s]    74 |   size_t [01;31m[Kbuffer_capacity[m[K,
[1.153s]       |          [01;31m[K^~~~~~~~~~~~~~~[m[K
[1.153s] [01m[K/opt/ros/foxy/include/rcutils/types/char_array.h:74:10:[m[K [01;31m[Kerror: [m[Kexpected â€˜[01m[K)[m[Kâ€™ before â€˜[01m[K([m[Kâ€™ token
[1.153s] In file included from [01m[K/opt/ros/foxy/include/rcutils/types.h:24[m[K,
[1.153s]                  from [01m[K/opt/ros/foxy/include/rcutils/time.h:26[m[K,
[1.153s]                  from [01m[K/opt/ros/foxy/include/rcutils/logging.h:25[m[K,
[1.153s]                  from [01m[K/opt/ros/foxy/include/rmw/types.h:28[m[K,
[1.153s]                  from [01m[K/opt/ros/foxy/include/rcl/types.h:18[m[K,
[1.153s]                  from [01m[K/opt/ros/foxy/include/rcl/arguments.h:20[m[K,
[1.153s]                  from [01m[K/opt/ros/foxy/include/rcl/context.h:26[m[K,
[1.153s]                  from [01m[K/opt/ros/foxy/include/rcl/guard_condition.h:24[m[K,
[1.153s]                  from [01m[K/opt/ros/foxy/include/rclcpp/executor.hpp:29[m[K,
[1.153s]                  from [01m[K/opt/ros/foxy/include/rclcpp/executors/multi_threaded_executor.hpp:26[m[K,
[1.153s]                  from [01m[K/opt/ros/foxy/include/rclcpp/executors.hpp:21[m[K,
[1.153s]                  from [01m[K/opt/ros/foxy/include/rclcpp/rclcpp.hpp:146[m[K,
[1.153s]                  from [01m[K/home/robo/ROS2/walk_test/src/control/include/cmd_process.h:5[m[K,
[1.154s]                  from [01m[K/home/robo/ROS2/walk_test/src/control/src/action_editor/cmd_process.cpp:8[m[K:
[1.154s] [01m[K/opt/ros/foxy/include/rcutils/types/char_array.h:72:24:[m[K [01;36m[Knote: [m[Kto match this â€˜[01m[K([m[Kâ€™
[1.154s]    72 | rcutils_char_array_init[01;36m[K([m[K
[1.154s]       |                        [01;36m[K^[m[K
[1.154s] In file included from [01m[K/home/robo/ROS2/walk_test/src/control/src/action_editor/cmd_process.cpp:5[m[K:
[1.154s] [01m[K/opt/ros/foxy/include/rcutils/types/char_array.h:74:10:[m[K [01;31m[Kerror: [m[Kinitializer provided for function
[1.154s]    74 |   size_t [01;31m[Kbuffer_capacity[m[K,
[1.154s]       |          [01;31m[K^~~~~~~~~~~~~~~[m[K
[1.154s] [01m[K/opt/ros/foxy/include/rcutils/types/char_array.h:74:10:[m[K [01;31m[Kerror: [m[Kexpected â€˜[01m[K,[m[Kâ€™ or â€˜[01m[K;[m[Kâ€™ before â€˜[01m[K->[m[Kâ€™ token
[1.154s]    74 |   size_t [01;31m[Kbuffer_capacity[m[K,
[1.154s]       |          [01;31m[K^~~~~~~~~~~~~~~[m[K
[1.154s] [01m[K/opt/ros/foxy/include/rcutils/types/uint8_array.h:33:10:[m[K [01;31m[Kerror: [m[Kexpected â€˜[01m[K)[m[Kâ€™ before â€˜[01m[K*[m[Kâ€™ token
[1.154s]    33 |   size_t [01;31m[Kbuffer_capacity[m[K;
[1.154s]       |          [01;31m[K^~~~~~~~~~~~~~~[m[K
[1.154s] [01m[K/opt/ros/foxy/include/rcutils/types/uint8_array.h:33:10:[m[K [01;31m[Kerror: [m[Kexpected â€˜[01m[K)[m[Kâ€™ before â€˜[01m[K*[m[Kâ€™ token
[1.154s] [01m[K/opt/ros/foxy/include/rcutils/types/uint8_array.h:65:10:[m[K [01;31m[Kerror: [m[Kexpected â€˜[01m[K)[m[Kâ€™ before â€˜[01m[K([m[Kâ€™ token
[1.154s]    65 |   size_t [01;31m[Kbuffer_capacity[m[K,
[1.154s]       |          [01;31m[K^~~~~~~~~~~~~~~[m[K
[1.154s] [01m[K/opt/ros/foxy/include/rcutils/types/uint8_array.h:65:10:[m[K [01;31m[Kerror: [m[Kexpected â€˜[01m[K)[m[Kâ€™ before â€˜[01m[K([m[Kâ€™ token
[1.155s] In file included from [01m[K/opt/ros/foxy/include/rcutils/types.h:29[m[K,
[1.155s]                  from [01m[K/opt/ros/foxy/include/rcutils/time.h:26[m[K,
[1.155s]                  from [01m[K/opt/ros/foxy/include/rcutils/logging.h:25[m[K,
[1.155s]                  from [01m[K/opt/ros/foxy/include/rmw/types.h:28[m[K,
[1.155s]                  from [01m[K/opt/ros/foxy/include/rcl/types.h:18[m[K,
[1.155s]                  from [01m[K/opt/ros/foxy/include/rcl/arguments.h:20[m[K,
[1.155s]                  from [01m[K/opt/ros/foxy/include/rcl/context.h:26[m[K,
[1.155s]                  from [01m[K/opt/ros/foxy/include/rcl/guard_condition.h:24[m[K,
[1.155s]                  from [01m[K/opt/ros/foxy/include/rclcpp/executor.hpp:29[m[K,
[1.155s]                  from [01m[K/opt/ros/foxy/include/rclcpp/executors/multi_threaded_executor.hpp:26[m[K,
[1.155s]                  from [01m[K/opt/ros/foxy/include/rclcpp/executors.hpp:21[m[K,
[1.155s]                  from [01m[K/opt/ros/foxy/include/rclcpp/rclcpp.hpp:146[m[K,
[1.155s]                  from [01m[K/home/robo/ROS2/walk_test/src/control/include/cmd_process.h:5[m[K,
[1.155s]                  from [01m[K/home/robo/ROS2/walk_test/src/control/src/action_editor/cmd_process.cpp:8[m[K:
[1.155s] [01m[K/opt/ros/foxy/include/rcutils/types/uint8_array.h:63:25:[m[K [01;36m[Knote: [m[Kto match this â€˜[01m[K([m[Kâ€™
[1.155s]    63 | rcutils_uint8_array_init[01;36m[K([m[K
[1.155s]       |                         [01;36m[K^[m[K
[1.155s] In file included from [01m[K/home/robo/ROS2/walk_test/src/control/src/action_editor/cmd_process.cpp:5[m[K:
[1.155s] [01m[K/opt/ros/foxy/include/rcutils/types/uint8_array.h:65:10:[m[K [01;31m[Kerror: [m[Kinitializer provided for function
[1.155s]    65 |   size_t [01;31m[Kbuffer_capacity[m[K,
[1.155s]       |          [01;31m[K^~~~~~~~~~~~~~~[m[K
[1.155s] [01m[K/opt/ros/foxy/include/rcutils/types/uint8_array.h:65:10:[m[K [01;31m[Kerror: [m[Kexpected â€˜[01m[K,[m[Kâ€™ or â€˜[01m[K;[m[Kâ€™ before â€˜[01m[K->[m[Kâ€™ token
[1.155s]    65 |   size_t [01;31m[Kbuffer_capacity[m[K,
[1.156s]       |          [01;31m[K^~~~~~~~~~~~~~~[m[K
[1.741s] [01m[K/home/robo/ROS2/walk_test/src/control/src/action_editor/cmd_process.cpp:25:26:[m[K [01;35m[Kwarning: [m[Knon-ISO-standard escape sequence, '\e'
[1.741s]    25 | const std::string azul = [01;35m[K"\e[0;36m"[m[K;
[1.741s]       |                          [01;35m[K^~~~~~~~~~[m[K
[1.741s] [01m[K/home/robo/ROS2/walk_test/src/control/src/action_editor/cmd_process.cpp:26:27:[m[K [01;35m[Kwarning: [m[Knon-ISO-standard escape sequence, '\e'
[1.741s]    26 | const std::string azulE = [01;35m[K"\e[0;34m"[m[K;
[1.741s]       |                           [01;35m[K^~~~~~~~~~[m[K
[1.742s] [01m[K/home/robo/ROS2/walk_test/src/control/src/action_editor/cmd_process.cpp:27:27:[m[K [01;35m[Kwarning: [m[Knon-ISO-standard escape sequence, '\e'
[1.742s]    27 | const std::string amare = [01;35m[K"\e[0;33m"[m[K;
[1.742s]       |                           [01;35m[K^~~~~~~~~~[m[K
[1.742s] [01m[K/home/robo/ROS2/walk_test/src/control/src/action_editor/cmd_process.cpp:28:27:[m[K [01;35m[Kwarning: [m[Knon-ISO-standard escape sequence, '\e'
[1.742s]    28 | const std::string verde = [01;35m[K"\e[0;32m"[m[K;
[1.742s]       |                           [01;35m[K^~~~~~~~~~[m[K
[1.742s] [01m[K/home/robo/ROS2/walk_test/src/control/src/action_editor/cmd_process.cpp:29:25:[m[K [01;35m[Kwarning: [m[Knon-ISO-standard escape sequence, '\e'
[1.742s]    29 | const std::string red = [01;35m[K"\e[0;31m"[m[K;
[1.742s]       |                         [01;35m[K^~~~~~~~~~[m[K
[1.742s] [01m[K/home/robo/ROS2/walk_test/src/control/src/action_editor/cmd_process.cpp:30:26:[m[K [01;35m[Kwarning: [m[Knon-ISO-standard escape sequence, '\e'
[1.742s]    30 | const std::string gray = [01;35m[K"\e[0;37m"[m[K;
[1.742s]       |                          [01;35m[K^~~~~~~~~~[m[K
[1.742s] [01m[K/home/robo/ROS2/walk_test/src/control/src/action_editor/cmd_process.cpp:31:26:[m[K [01;35m[Kwarning: [m[Knon-ISO-standard escape sequence, '\e'
[1.742s]    31 | const std::string nulo = [01;35m[K"\e[0m"[m[K;
[1.743s]       |                          [01;35m[K^~~~~~~[m[K
[1.743s] [01m[K/home/robo/ROS2/walk_test/src/control/src/action_editor/cmd_process.cpp:33:27:[m[K [01;35m[Kwarning: [m[Knon-ISO-standard escape sequence, '\e'
[1.743s]    33 | const std::string Lazul = [01;35m[K"\e[96m"[m[K;
[1.743s]       |                           [01;35m[K^~~~~~~~[m[K
[1.743s] [01m[K/home/robo/ROS2/walk_test/src/control/src/action_editor/cmd_process.cpp:34:28:[m[K [01;35m[Kwarning: [m[Knon-ISO-standard escape sequence, '\e'
[1.743s]    34 | const std::string LazulE = [01;35m[K"\e[94m"[m[K;
[1.743s]       |                            [01;35m[K^~~~~~~~[m[K
[1.743s] [01m[K/home/robo/ROS2/walk_test/src/control/src/action_editor/cmd_process.cpp:35:28:[m[K [01;35m[Kwarning: [m[Knon-ISO-standard escape sequence, '\e'
[1.743s]    35 | const std::string Lamare = [01;35m[K"\e[93m"[m[K;
[1.743s]       |                            [01;35m[K^~~~~~~~[m[K
[1.743s] [01m[K/home/robo/ROS2/walk_test/src/control/src/action_editor/cmd_process.cpp:36:28:[m[K [01;35m[Kwarning: [m[Knon-ISO-standard escape sequence, '\e'
[1.743s]    36 | const std::string Lverde = [01;35m[K"\e[92m"[m[K;
[1.743s]       |                            [01;35m[K^~~~~~~~[m[K
[1.743s] [01m[K/home/robo/ROS2/walk_test/src/control/src/action_editor/cmd_process.cpp:37:26:[m[K [01;35m[Kwarning: [m[Knon-ISO-standard escape sequence, '\e'
[1.743s]    37 | const std::string Lred = [01;35m[K"\e[91m"[m[K;
[1.743s]       |                          [01;35m[K^~~~~~~~[m[K
[1.743s] [01m[K/home/robo/ROS2/walk_test/src/control/src/action_editor/cmd_process.cpp:38:27:[m[K [01;35m[Kwarning: [m[Knon-ISO-standard escape sequence, '\e'
[1.743s]    38 | const std::string Lgray = [01;35m[K"\e[97m"[m[K;
[1.743s]       |                           [01;35m[K^~~~~~~~[m[K
[1.743s] [01m[K/home/robo/ROS2/walk_test/src/control/src/action_editor/cmd_process.cpp:[m[K In function â€˜[01m[Kvoid ReadStep()[m[Kâ€™:
[1.743s] [01m[K/home/robo/ROS2/walk_test/src/control/src/action_editor/cmd_process.cpp:117:10:[m[K [01;35m[Kwarning: [m[Kunused variable â€˜[01m[Kvalue8[m[Kâ€™ [[01;35m[K-Wunused-variable[m[K]
[1.743s]   117 |  uint8_t [01;35m[Kvalue8[m[K;
[1.744s]       |          [01;35m[K^~~~~~[m[K
[1.744s] [01m[K/home/robo/ROS2/walk_test/src/control/src/action_editor/cmd_process.cpp:118:11:[m[K [01;35m[Kwarning: [m[Kunused variable â€˜[01m[Kvalue32[m[Kâ€™ [[01;35m[K-Wunused-variable[m[K]
[1.744s]   118 |  uint32_t [01;35m[Kvalue32[m[K;
[1.744s]       |           [01;35m[K^~~~~~~[m[K
[2.010s] make[2]: *** [CMakeFiles/action.dir/build.make:89: CMakeFiles/action.dir/src/action_editor/cmd_process.cpp.o] Error 1
[2.010s] make[1]: *** [CMakeFiles/Makefile2:221: CMakeFiles/action.dir/all] Error 2
[2.010s] make: *** [Makefile:141: all] Error 2
[2.011s] Invoked command in '/home/robo/ROS2/walk_test/build/control' returned '2': CMAKE_PREFIX_PATH=/home/robo/ROS2/walk_test/install/dynamixel_sdk_custom_interfaces:/home/robo/ROS2/walk_test/install/control:/opt/ros/foxy LD_LIBRARY_PATH=/home/robo/ROS2/walk_test/install/dynamixel_sdk_custom_interfaces/lib:/home/robo/ROS2/walk_test/install/control/lib:/opt/ros/foxy/opt/yaml_cpp_vendor/lib:/opt/ros/foxy/opt/rviz_ogre_vendor/lib:/opt/ros/foxy/lib/x86_64-linux-gnu:/opt/ros/foxy/lib /usr/bin/cmake --build /home/robo/ROS2/walk_test/build/control -- -j12 -l12
