[0.013s] Invoking command in '/home/robofei/ROS2/action/build/control': AMENT_PREFIX_PATH=/home/robofei/ROS2/action/install/custom_interfaces:${AMENT_PREFIX_PATH} CMAKE_PREFIX_PATH=/home/robofei/ROS2/action/install/custom_interfaces:/opt/ros/foxy LD_LIBRARY_PATH=/home/robofei/ROS2/action/install/custom_interfaces/lib:${LD_LIBRARY_PATH} PYTHONPATH=/home/robofei/ROS2/action/install/custom_interfaces/lib/python3.8/site-packages:${PYTHONPATH} /usr/bin/cmake --build /home/robofei/ROS2/action/build/control -- -j4 -l4
[0.059s] [35m[1mScanning dependencies of target control[0m
[0.089s] [ 50%] [32mBuilding CXX object CMakeFiles/control.dir/src/control.cpp.o[0m
[1.380s] [01m[K/home/robofei/ROS2/action/src/control/src/control.cpp:61:4:[m[K [01;31m[Kerror: [m[Kexpected â€˜[01m[K;[m[Kâ€™ after class definition
[1.380s]    61 |   }
[1.380s]       |    [01;31m[K^[m[K
[1.380s]       |    [32m[K;[m[K
[1.394s] In file included from [01m[K/opt/ros/foxy/include/rclcpp/service.hpp:34[m[K,
[1.394s]                  from [01m[K/opt/ros/foxy/include/rclcpp/callback_group.hpp:25[m[K,
[1.394s]                  from [01m[K/opt/ros/foxy/include/rclcpp/any_executable.hpp:20[m[K,
[1.394s]                  from [01m[K/opt/ros/foxy/include/rclcpp/memory_strategy.hpp:24[m[K,
[1.395s]                  from [01m[K/opt/ros/foxy/include/rclcpp/memory_strategies.hpp:18[m[K,
[1.395s]                  from [01m[K/opt/ros/foxy/include/rclcpp/executor_options.hpp:20[m[K,
[1.395s]                  from [01m[K/opt/ros/foxy/include/rclcpp/executor.hpp:33[m[K,
[1.395s]                  from [01m[K/opt/ros/foxy/include/rclcpp/executors/multi_threaded_executor.hpp:26[m[K,
[1.395s]                  from [01m[K/opt/ros/foxy/include/rclcpp/executors.hpp:21[m[K,
[1.395s]                  from [01m[K/opt/ros/foxy/include/rclcpp/rclcpp.hpp:146[m[K,
[1.395s]                  from [01m[K/home/robofei/ROS2/action/src/control/src/control.cpp:7[m[K:
[1.395s] [01m[K/home/robofei/ROS2/action/src/control/src/control.cpp:[m[K In function â€˜[01m[Kvoid timer_callback_stop()[m[Kâ€™:
[1.395s] [01m[K/home/robofei/ROS2/action/src/control/src/control.cpp:65:17:[m[K [01;31m[Kerror: [m[Kinvalid use of â€˜[01m[Kthis[m[Kâ€™ in non-member function
[1.395s]    65 |     RCLCPP_INFO([01;31m[Kthis[m[K->get_logger(), "Stopping");
[1.395s]       |                 [01;31m[K^~~~[m[K
[1.395s] [01m[K/home/robofei/ROS2/action/src/control/src/control.cpp:65:17:[m[K [01;31m[Kerror: [m[Kinvalid use of â€˜[01m[Kthis[m[Kâ€™ in non-member function
[1.395s] [01m[K/home/robofei/ROS2/action/src/control/src/control.cpp:65:5:[m[K [01;31m[Kerror: [m[Ktemplate argument 1 is invalid
[1.395s]    65 |     [01;31m[KRCLCPP_INFO[m[K(this->get_logger(), "Stopping");
[1.396s]       |     [01;31m[K^~~~~~~~~~~[m[K
[1.396s] [01m[K/home/robofei/ROS2/action/src/control/src/control.cpp:65:5:[m[K [01;31m[Kerror: [m[Ktemplate argument 1 is invalid
[1.396s]    65 |     [01;31m[KRCLCPP_INFO[m[K(this->get_logger(), "Stopping");
[1.396s]       |     [01;31m[K^~~~~~~~~~~[m[K
[1.396s] [01m[K/home/robofei/ROS2/action/src/control/src/control.cpp:65:5:[m[K [01;31m[Kerror: [m[Ktemplate argument 1 is invalid
[1.396s]    65 |     [01;31m[KRCLCPP_INFO[m[K(this->get_logger(), "Stopping");
[1.396s]       |     [01;31m[K^~~~~~~~~~~[m[K
[1.396s] In file included from [01m[K/opt/ros/foxy/include/rclcpp/client.hpp:40[m[K,
[1.396s]                  from [01m[K/opt/ros/foxy/include/rclcpp/callback_group.hpp:23[m[K,
[1.396s]                  from [01m[K/opt/ros/foxy/include/rclcpp/any_executable.hpp:20[m[K,
[1.396s]                  from [01m[K/opt/ros/foxy/include/rclcpp/memory_strategy.hpp:24[m[K,
[1.396s]                  from [01m[K/opt/ros/foxy/include/rclcpp/memory_strategies.hpp:18[m[K,
[1.396s]                  from [01m[K/opt/ros/foxy/include/rclcpp/executor_options.hpp:20[m[K,
[1.396s]                  from [01m[K/opt/ros/foxy/include/rclcpp/executor.hpp:33[m[K,
[1.396s]                  from [01m[K/opt/ros/foxy/include/rclcpp/executors/multi_threaded_executor.hpp:26[m[K,
[1.396s]                  from [01m[K/opt/ros/foxy/include/rclcpp/executors.hpp:21[m[K,
[1.397s]                  from [01m[K/opt/ros/foxy/include/rclcpp/rclcpp.hpp:146[m[K,
[1.397s]                  from [01m[K/home/robofei/ROS2/action/src/control/src/control.cpp:7[m[K:
[1.397s] [01m[K/home/robofei/ROS2/action/src/control/src/control.cpp:65:17:[m[K [01;31m[Kerror: [m[Kinvalid use of â€˜[01m[Kthis[m[Kâ€™ in non-member function
[1.397s]    65 |     RCLCPP_INFO([01;31m[Kthis[m[K->get_logger(), "Stopping");
[1.397s]       |                 [01;31m[K^~~~[m[K
[1.397s] [01m[K/home/robofei/ROS2/action/src/control/src/control.cpp:65:17:[m[K [01;31m[Kerror: [m[Kinvalid use of â€˜[01m[Kthis[m[Kâ€™ in non-member function
[1.397s]    65 |     RCLCPP_INFO([01;31m[Kthis[m[K->get_logger(), "Stopping");
[1.397s]       |                 [01;31m[K^~~~[m[K
[1.397s] In file included from [01m[K/opt/ros/foxy/include/rclcpp/service.hpp:34[m[K,
[1.397s]                  from [01m[K/opt/ros/foxy/include/rclcpp/callback_group.hpp:25[m[K,
[1.397s]                  from [01m[K/opt/ros/foxy/include/rclcpp/any_executable.hpp:20[m[K,
[1.397s]                  from [01m[K/opt/ros/foxy/include/rclcpp/memory_strategy.hpp:24[m[K,
[1.397s]                  from [01m[K/opt/ros/foxy/include/rclcpp/memory_strategies.hpp:18[m[K,
[1.397s]                  from [01m[K/opt/ros/foxy/include/rclcpp/executor_options.hpp:20[m[K,
[1.398s]                  from [01m[K/opt/ros/foxy/include/rclcpp/executor.hpp:33[m[K,
[1.398s]                  from [01m[K/opt/ros/foxy/include/rclcpp/executors/multi_threaded_executor.hpp:26[m[K,
[1.398s]                  from [01m[K/opt/ros/foxy/include/rclcpp/executors.hpp:21[m[K,
[1.398s]                  from [01m[K/opt/ros/foxy/include/rclcpp/rclcpp.hpp:146[m[K,
[1.398s]                  from [01m[K/home/robofei/ROS2/action/src/control/src/control.cpp:7[m[K:
[1.398s] [01m[K/home/robofei/ROS2/action/src/control/src/control.cpp:68:19:[m[K [01;31m[Kerror: [m[Kinvalid use of â€˜[01m[Kthis[m[Kâ€™ in non-member function
[1.398s]    68 |       RCLCPP_INFO([01;31m[Kthis[m[K->get_logger(), "%d", i);
[1.398s]       |                   [01;31m[K^~~~[m[K
[1.398s] [01m[K/home/robofei/ROS2/action/src/control/src/control.cpp:68:19:[m[K [01;31m[Kerror: [m[Kinvalid use of â€˜[01m[Kthis[m[Kâ€™ in non-member function
[1.398s] [01m[K/home/robofei/ROS2/action/src/control/src/control.cpp:68:7:[m[K [01;31m[Kerror: [m[Ktemplate argument 1 is invalid
[1.398s]    68 |       [01;31m[KRCLCPP_INFO[m[K(this->get_logger(), "%d", i);
[1.398s]       |       [01;31m[K^~~~~~~~~~~[m[K
[1.398s] [01m[K/home/robofei/ROS2/action/src/control/src/control.cpp:68:7:[m[K [01;31m[Kerror: [m[Ktemplate argument 1 is invalid
[1.398s]    68 |       [01;31m[KRCLCPP_INFO[m[K(this->get_logger(), "%d", i);
[1.399s]       |       [01;31m[K^~~~~~~~~~~[m[K
[1.399s] [01m[K/home/robofei/ROS2/action/src/control/src/control.cpp:68:7:[m[K [01;31m[Kerror: [m[Ktemplate argument 1 is invalid
[1.399s]    68 |       [01;31m[KRCLCPP_INFO[m[K(this->get_logger(), "%d", i);
[1.399s]       |       [01;31m[K^~~~~~~~~~~[m[K
[1.399s] In file included from [01m[K/opt/ros/foxy/include/rclcpp/client.hpp:40[m[K,
[1.399s]                  from [01m[K/opt/ros/foxy/include/rclcpp/callback_group.hpp:23[m[K,
[1.399s]                  from [01m[K/opt/ros/foxy/include/rclcpp/any_executable.hpp:20[m[K,
[1.399s]                  from [01m[K/opt/ros/foxy/include/rclcpp/memory_strategy.hpp:24[m[K,
[1.399s]                  from [01m[K/opt/ros/foxy/include/rclcpp/memory_strategies.hpp:18[m[K,
[1.399s]                  from [01m[K/opt/ros/foxy/include/rclcpp/executor_options.hpp:20[m[K,
[1.399s]                  from [01m[K/opt/ros/foxy/include/rclcpp/executor.hpp:33[m[K,
[1.399s]                  from [01m[K/opt/ros/foxy/include/rclcpp/executors/multi_threaded_executor.hpp:26[m[K,
[1.399s]                  from [01m[K/opt/ros/foxy/include/rclcpp/executors.hpp:21[m[K,
[1.399s]                  from [01m[K/opt/ros/foxy/include/rclcpp/rclcpp.hpp:146[m[K,
[1.399s]                  from [01m[K/home/robofei/ROS2/action/src/control/src/control.cpp:7[m[K:
[1.399s] [01m[K/home/robofei/ROS2/action/src/control/src/control.cpp:68:19:[m[K [01;31m[Kerror: [m[Kinvalid use of â€˜[01m[Kthis[m[Kâ€™ in non-member function
[1.400s]    68 |       RCLCPP_INFO([01;31m[Kthis[m[K->get_logger(), "%d", i);
[1.400s]       |                   [01;31m[K^~~~[m[K
[1.400s] [01m[K/home/robofei/ROS2/action/src/control/src/control.cpp:68:19:[m[K [01;31m[Kerror: [m[Kinvalid use of â€˜[01m[Kthis[m[Kâ€™ in non-member function
[1.400s]    68 |       RCLCPP_INFO([01;31m[Kthis[m[K->get_logger(), "%d", i);
[1.400s]       |                   [01;31m[K^~~~[m[K
[1.400s] [01m[K/home/robofei/ROS2/action/src/control/src/control.cpp:71:7:[m[K [01;31m[Kerror: [m[Kâ€˜[01m[Kpublisher_[m[Kâ€™ was not declared in this scope; did you mean â€˜[01m[Krcl_publisher_t[m[Kâ€™?
[1.400s]    71 |       [01;31m[Kpublisher_[m[K->publish(message);
[1.400s]       |       [01;31m[K^~~~~~~~~~[m[K
[1.400s]       |       [32m[Krcl_publisher_t[m[K
[1.400s] [01m[K/home/robofei/ROS2/action/src/control/src/control.cpp:[m[K At global scope:
[1.400s] [01m[K/home/robofei/ROS2/action/src/control/src/control.cpp:81:1:[m[K [01;31m[Kerror: [m[Kexpected declaration before â€˜[01m[K}[m[Kâ€™ token
[1.400s]    81 | [01;31m[K}[m[K;
[1.400s]       | [01;31m[K^[m[K
[2.859s] make[2]: *** [CMakeFiles/control.dir/build.make:63: CMakeFiles/control.dir/src/control.cpp.o] Error 1
[2.859s] make[1]: *** [CMakeFiles/Makefile2:78: CMakeFiles/control.dir/all] Error 2
[2.859s] make: *** [Makefile:141: all] Error 2
[2.861s] Invoked command in '/home/robofei/ROS2/action/build/control' returned '2': AMENT_PREFIX_PATH=/home/robofei/ROS2/action/install/custom_interfaces:${AMENT_PREFIX_PATH} CMAKE_PREFIX_PATH=/home/robofei/ROS2/action/install/custom_interfaces:/opt/ros/foxy LD_LIBRARY_PATH=/home/robofei/ROS2/action/install/custom_interfaces/lib:${LD_LIBRARY_PATH} PYTHONPATH=/home/robofei/ROS2/action/install/custom_interfaces/lib/python3.8/site-packages:${PYTHONPATH} /usr/bin/cmake --build /home/robofei/ROS2/action/build/control -- -j4 -l4
