[01m[K/home/robofei/ROS2/action/src/control/src/control.cpp:[m[K In member function â€˜[01m[Kvoid Control::topic_callback_imu(std::shared_ptr<sensor_msgs::msg::Imu_<std::allocator<void> > >) const[m[Kâ€™:
[01m[K/home/robofei/ROS2/action/src/control/src/control.cpp:65:28:[m[K [01;31m[Kerror: [m[Kexpected primary-expression before â€˜[01m[K)[m[Kâ€™ token
   65 |         if (fallen == true)[01;31m[K)[m[K{ // RobÃ´ esta caido
      |                            [01;31m[K^[m[K
[01m[K/home/robofei/ROS2/action/src/control/src/control.cpp:43:13:[m[K [01;35m[Kwarning: [m[Kunused variable â€˜[01m[KIMU_ACCEL_X[m[Kâ€™ [[01;35m[K-Wunused-variable[m[K]
   43 |       float [01;35m[KIMU_ACCEL_X[m[K = imu_msg_->angular_velocity.x;
      |             [01;35m[K^~~~~~~~~~~[m[K
make[2]: *** [CMakeFiles/control.dir/build.make:63: CMakeFiles/control.dir/src/control.cpp.o] Error 1
make[1]: *** [CMakeFiles/Makefile2:78: CMakeFiles/control.dir/all] Error 2
make: *** [Makefile:141: all] Error 2
