[35m[1mScanning dependencies of target action[0m
[ 16%] Built target decision
[ 16%] Built target gait_publisher
[ 24%] Built target control
[ 92%] Built target motion
[ 96%] [32mBuilding CXX object CMakeFiles/action.dir/src/action_editor/main.cpp.o[0m
[01m[K/home/robo/ROS2/walk_test/src/control/src/action_editor/main.cpp:[m[K In member function â€˜[01m[Kint MinimalPublisher::process()[m[Kâ€™:
[01m[K/home/robo/ROS2/walk_test/src/control/src/action_editor/main.cpp:71:5:[m[K [01;31m[Kerror: [m[Kâ€˜[01m[KminIni[m[Kâ€™ was not declared in this scope
   71 |     [01;31m[KminIni[m[K* ini;
      |     [01;31m[K^~~~~~[m[K
[01m[K/home/robo/ROS2/walk_test/src/control/src/action_editor/main.cpp:71:13:[m[K [01;31m[Kerror: [m[Kâ€˜[01m[Kini[m[Kâ€™ was not declared in this scope; did you mean â€˜[01m[Kint[m[Kâ€™?
   71 |     minIni* [01;31m[Kini[m[K;
      |             [01;31m[K^~~[m[K
      |             [32m[Kint[m[K
[01m[K/home/robo/ROS2/walk_test/src/control/src/action_editor/main.cpp:72:15:[m[K [01;31m[Kerror: [m[Kexpected type-specifier before â€˜[01m[KminIni[m[Kâ€™
   72 |     ini = new [01;31m[KminIni[m[K((char *)INI_FILE_PATH);
      |               [01;31m[K^~~~~~[m[K
[01m[K/home/robo/ROS2/walk_test/src/control/src/action_editor/main.cpp:77:8:[m[K [01;31m[Kerror: [m[Kâ€˜[01m[Kargc[m[Kâ€™ was not declared in this scope
   77 |     if([01;31m[Kargc[m[K < 2)
      |        [01;31m[K^~~~[m[K
[01m[K/home/robo/ROS2/walk_test/src/control/src/action_editor/main.cpp:80:26:[m[K [01;31m[Kerror: [m[Kâ€˜[01m[Kargv[m[Kâ€™ was not declared in this scope
   80 |         strcpy(filename, [01;31m[Kargv[m[K[1]);
      |                          [01;31m[K^~~~[m[K
[01m[K/home/robo/ROS2/walk_test/src/control/src/action_editor/main.cpp:87:8:[m[K [01;31m[Kerror: [m[Kâ€˜[01m[KAction[m[Kâ€™ has not been declared
   87 |     if([01;31m[KAction[m[K::GetInstance()->LoadFile(filename) == false)
      |        [01;31m[K^~~~~~[m[K
[01m[K/home/robo/ROS2/walk_test/src/control/src/action_editor/main.cpp:89:16:[m[K [01;35m[Kwarning: [m[Knon-ISO-standard escape sequence, '\e'
   89 |         printf([01;35m[K"Can not open \e[0;31m%s\e[0m\n"[m[K, filename);
      |                [01;35m[K^~~~~~~~~~~~~~~~~~~~~~~~~~~~~~~~[m[K
[01m[K/home/robo/ROS2/walk_test/src/control/src/action_editor/main.cpp:89:16:[m[K [01;35m[Kwarning: [m[Knon-ISO-standard escape sequence, '\e'
[01m[K/home/robo/ROS2/walk_test/src/control/src/action_editor/main.cpp:98:12:[m[K [01;31m[Kerror: [m[Kâ€˜[01m[KAction[m[Kâ€™ has not been declared
   98 |         if([01;31m[KAction[m[K::GetInstance()->CreateFile(filename) == false)
      |            [01;31m[K^~~~~~[m[K
[01m[K/home/robo/ROS2/walk_test/src/control/src/action_editor/main.cpp:100:20:[m[K [01;35m[Kwarning: [m[Knon-ISO-standard escape sequence, '\e'
  100 |             printf([01;35m[K"\e[1;31mFail to create %s\e[0m\n"[m[K, filename);
      |                    [01;35m[K^~~~~~~~~~~~~~~~~~~~~~~~~~~~~~~~~~[m[K
[01m[K/home/robo/ROS2/walk_test/src/control/src/action_editor/main.cpp:100:20:[m[K [01;35m[Kwarning: [m[Knon-ISO-standard escape sequence, '\e'
[01m[K/home/robo/ROS2/walk_test/src/control/src/action_editor/main.cpp:[m[K In function â€˜[01m[Kvoid sighandler(int)[m[Kâ€™:
[01m[K/home/robo/ROS2/walk_test/src/control/src/action_editor/main.cpp:339:21:[m[K [01;35m[Kwarning: [m[Kunused parameter â€˜[01m[Ksig[m[Kâ€™ [[01;35m[K-Wunused-parameter[m[K]
  339 | void sighandler([01;35m[Kint sig[m[K)
      |                 [01;35m[K~~~~^~~[m[K
make[2]: *** [CMakeFiles/action.dir/build.make:63: CMakeFiles/action.dir/src/action_editor/main.cpp.o] Error 1
make[1]: *** [CMakeFiles/Makefile2:248: CMakeFiles/action.dir/all] Error 2
make: *** [Makefile:141: all] Error 2
