[0.013s] Invoking command in '/home/robofei/ROS2/action/build/control': AMENT_PREFIX_PATH=/home/robofei/ROS2/action/install/custom_interfaces:${AMENT_PREFIX_PATH} CMAKE_PREFIX_PATH=/home/robofei/ROS2/action/install/custom_interfaces:/opt/ros/foxy LD_LIBRARY_PATH=/home/robofei/ROS2/action/install/custom_interfaces/lib:${LD_LIBRARY_PATH} PYTHONPATH=/home/robofei/ROS2/action/install/custom_interfaces/lib/python3.8/site-packages:${PYTHONPATH} /usr/bin/cmake --build /home/robofei/ROS2/action/build/control -- -j4 -l4
[0.062s] [35m[1mScanning dependencies of target action_node[0m
[0.094s] [ 50%] [32mBuilding CXX object CMakeFiles/action_node.dir/src/main.cpp.o[0m
[0.792s] [01m[K/home/robofei/ROS2/action/src/control/src/main.cpp:336:35:[m[K [01;35m[Kwarning: [m[Kcharacter constant too long for its type
[0.792s]   336 |             if(read_int(movement==[01;35m[K'goodbye'[m[K) == 20)
[0.792s]       |                                   [01;35m[K^~~~~~~~~[m[K
[0.793s] [01m[K/home/robofei/ROS2/action/src/control/src/main.cpp:500:21:[m[K [01;35m[Kwarning: [m[Kcharacter constant too long for its type
[0.793s]   500 |     last_movement = [01;35m[K'pose_stand_up'[m[K;
[0.793s]       |                     [01;35m[K^~~~~~~~~~~~~~~[m[K
[0.793s] [01m[K/home/robofei/ROS2/action/src/control/src/main.cpp:501:16:[m[K [01;35m[Kwarning: [m[Kcharacter constant too long for its type
[0.793s]   501 |     movement = [01;35m[K'pose_stand_up'[m[K;
[0.793s]       |                [01;35m[K^~~~~~~~~~~~~~~[m[K
[2.546s] [01m[K/home/robofei/ROS2/action/src/control/src/main.cpp:[m[K In constructor â€˜[01m[KActionNode::ActionNode()[m[Kâ€™:
[2.546s] [01m[K/home/robofei/ROS2/action/src/control/src/main.cpp:70:7:[m[K [01;31m[Kerror: [m[Kâ€˜[01m[Kpublisher_[m[Kâ€™ was not declared in this scope; did you mean â€˜[01m[Krcl_publisher_t[m[Kâ€™?
[2.546s]    70 |       [01;31m[Kpublisher_[m[K = this->create_publisher<custom_interfaces::msg::SetPosition>("set_position", 10);
[2.546s]       |       [01;31m[K^~~~~~~~~~[m[K
[2.546s]       |       [32m[Krcl_publisher_t[m[K
[2.551s] [01m[K/home/robofei/ROS2/action/src/control/src/main.cpp:[m[K In member function â€˜[01m[Kvoid ActionNode::topic_callback(std_msgs::msg::String_<std::allocator<void> >::SharedPtr) const[m[Kâ€™:
[2.552s] [01m[K/home/robofei/ROS2/action/src/control/src/main.cpp:75:34:[m[K [01;31m[Kerror: [m[Kincompatible types in assignment of â€˜[01m[Kconst char*[m[Kâ€™ to â€˜[01m[Kchar [20][m[Kâ€™
[2.552s]    75 |       movement = msg->data.c_str([01;31m[K)[m[K);
[2.552s]       |                                  [01;31m[K^[m[K
[2.555s] [01m[K/home/robofei/ROS2/action/src/control/src/main.cpp:80:8:[m[K [01;31m[Kerror: [m[Kâ€˜[01m[Kvariables[m[Kâ€™ was not declared in this scope
[2.555s]    80 |     if([01;31m[Kvariables[m[K.count("k")) //verifica se foi chamado o argumento de controle pelo teclado
[2.555s]       |        [01;31m[K^~~~~~~~~[m[K
[2.558s] [01m[K/home/robofei/ROS2/action/src/control/src/main.cpp:83:9:[m[K [01;31m[Kerror: [m[Kâ€˜[01m[Kbuffer[m[Kâ€™ was not declared in this scope; did you mean â€˜[01m[Ksetbuffer[m[Kâ€™?
[2.558s]    83 |         [01;31m[Kbuffer[m[K=0;
[2.558s]       |         [01;31m[K^~~~~~[m[K
[2.558s]       |         [32m[Ksetbuffer[m[K
[2.561s] [01m[K/home/robofei/ROS2/action/src/control/src/main.cpp:86:23:[m[K [01;31m[Kerror: [m[Kâ€˜[01m[Kkbhit[m[Kâ€™ was not declared in this scope
[2.561s]    86 |             int key = [01;31m[Kkbhit[m[K();
[2.561s]       |                       [01;31m[K^~~~~[m[K
[2.567s] [01m[K/home/robofei/ROS2/action/src/control/src/main.cpp:96:3:[m[K [01;31m[Kerror: [m[Kâ€˜[01m[Ksame_moviment[m[Kâ€™ was not declared in this scope
[2.567s]    96 |   [01;31m[Ksame_moviment[m[K=false;
[2.567s]       |   [01;31m[K^~~~~~~~~~~~~[m[K
[2.573s] [01m[K/home/robofei/ROS2/action/src/control/src/main.cpp:101:3:[m[K [01;31m[Kerror: [m[Kâ€˜[01m[Ksame_moviment[m[Kâ€™ was not declared in this scope
[2.573s]   101 |   [01;31m[Ksame_moviment[m[K=true;
[2.573s]       |   [01;31m[K^~~~~~~~~~~~~[m[K
[2.575s] [01m[K/home/robofei/ROS2/action/src/control/src/main.cpp:110:21:[m[K [01;31m[Kerror: [m[Kâ€˜[01m[KactionMove[m[Kâ€™ was not declared in this scope; did you mean â€˜[01m[KActionMove[m[Kâ€™?
[2.575s]   110 |                     [01;31m[KactionMove[m[K.standupFront(stop_gait);
[2.575s]       |                     [01;31m[K^~~~~~~~~~[m[K
[2.575s]       |                     [32m[KActionMove[m[K
[2.579s] [01m[K/home/robofei/ROS2/action/src/control/src/main.cpp:110:45:[m[K [01;31m[Kerror: [m[Kâ€˜[01m[Kstop_gait[m[Kâ€™ was not declared in this scope
[2.579s]   110 |                     actionMove.standupFront([01;31m[Kstop_gait[m[K);
[2.579s]       |                                             [01;31m[K^~~~~~~~~[m[K
[2.581s] [01m[K/home/robofei/ROS2/action/src/control/src/main.cpp:118:51:[m[K [01;31m[Kerror: [m[Kâ€˜[01m[Kcm730[m[Kâ€™ was not declared in this scope
[2.581s]   118 |                     actionMove.kick_right_strong(&[01;31m[Kcm730[m[K, stop_gait);
[2.581s]       |                                                   [01;31m[K^~~~~[m[K
[2.584s] [01m[K/home/robofei/ROS2/action/src/control/src/main.cpp:134:21:[m[K [01;31m[Kerror: [m[Kâ€˜[01m[KgaitMove[m[Kâ€™ was not declared in this scope; did you mean â€˜[01m[KGaitMove[m[Kâ€™?
[2.584s]   134 |                     [01;31m[KgaitMove[m[K.walk_foward_fast(stop_gait, same_moviment);
[2.584s]       |                     [01;31m[K^~~~~~~~[m[K
[2.584s]       |                     [32m[KGaitMove[m[K
[2.590s] [01m[K/home/robofei/ROS2/action/src/control/src/main.cpp:134:58:[m[K [01;31m[Kerror: [m[Kâ€˜[01m[Ksame_moviment[m[Kâ€™ was not declared in this scope
[2.590s]   134 |                     gaitMove.walk_foward_fast(stop_gait, [01;31m[Ksame_moviment[m[K);
[2.590s]       |                                                          [01;31m[K^~~~~~~~~~~~~[m[K
[2.590s] [01m[K/home/robofei/ROS2/action/src/control/src/main.cpp:211:28:[m[K [01;31m[Kerror: [m[Kreturn-statement with a value, in function returning â€˜[01m[Kvoid[m[Kâ€™ [[01;31m[K-fpermissive[m[K]
[2.590s]   211 |                     return [01;31m[K0[m[K;
[2.590s]       |                            [01;31m[K^[m[K
[2.590s] [01m[K/home/robofei/ROS2/action/src/control/src/main.cpp:216:32:[m[K [01;35m[Kwarning: [m[Knon-ISO-standard escape sequence, '\e'
[2.590s]   216 |                         cout<< [01;35m[K" | \e[1;31mTecla incorreta - verifique quais teclas controlam o robo\e[0m"[m[K<<endl;
[2.590s]       |                                [01;35m[K^~~~~~~~~~~~~~~~~~~~~~~~~~~~~~~~~~~~~~~~~~~~~~~~~~~~~~~~~~~~~~~~~~~~~~~~~~~[m[K
[2.590s] [01m[K/home/robofei/ROS2/action/src/control/src/main.cpp:216:32:[m[K [01;35m[Kwarning: [m[Knon-ISO-standard escape sequence, '\e'
[2.593s] [01m[K/home/robofei/ROS2/action/src/control/src/main.cpp:221:113:[m[K [01;31m[Kerror: [m[Kâ€˜[01m[Kcm730[m[Kâ€™ was not declared in this scope
[2.593s]   221 | =0 && Walking::GetInstance()->IsRunning()==0 && check_servo(&[01;31m[Kcm730[m[K, idServo, stop_gait)!=0)
[2.593s]       |                                                              [01;31m[K^~~~~[m[K
[2.593s] 
[2.596s] [01m[K/home/robofei/ROS2/action/src/control/src/main.cpp:221:120:[m[K [01;31m[Kerror: [m[Kâ€˜[01m[KidServo[m[Kâ€™ was not declared in this scope
[2.596s]   221 | alking::GetInstance()->IsRunning()==0 && check_servo(&cm730, [01;31m[KidServo[m[K, stop_gait)!=0)
[2.596s]       |                                                              [01;31m[K^~~~~~~[m[K
[2.596s] 
[2.599s] [01m[K/home/robofei/ROS2/action/src/control/src/main.cpp:221:129:[m[K [01;31m[Kerror: [m[Kâ€˜[01m[Kstop_gait[m[Kâ€™ was not declared in this scope
[2.600s]   221 | g::GetInstance()->IsRunning()==0 && check_servo(&cm730, idServo, [01;31m[Kstop_gait[m[K)!=0)
[2.600s]       |                                                                  [01;31m[K^~~~~~~~~[m[K
[2.600s] 
[2.604s] [01m[K/home/robofei/ROS2/action/src/control/src/main.cpp:221:100:[m[K [01;31m[Kerror: [m[Kâ€˜[01m[Kcheck_servo[m[Kâ€™ was not declared in this scope
[2.604s]   221 | >IsRunning()==0 && Walking::GetInstance()->IsRunning()==0 && [01;31m[Kcheck_servo[m[K(&cm730, idServo, stop_gait)!=0)
[2.604s]       |                                                              [01;31m[K^~~~~~~~~~~[m[K
[2.604s] 
[2.604s] [01m[K/home/robofei/ROS2/action/src/control/src/main.cpp:222:24:[m[K [01;31m[Kerror: [m[Kreturn-statement with a value, in function returning â€˜[01m[Kvoid[m[Kâ€™ [[01;31m[K-fpermissive[m[K]
[2.604s]   222 |                 return [01;31m[K0[m[K;
[2.605s]       |                        [01;31m[K^[m[K
[2.607s] [01m[K/home/robofei/ROS2/action/src/control/src/main.cpp:231:5:[m[K [01;31m[Kerror: [m[Kâ€˜[01m[KlogInit[m[Kâ€™ was not declared in this scope
[2.607s]   231 |     [01;31m[KlogInit[m[K(); // save the time when start the control process
[2.607s]       |     [01;31m[K^~~~~~~[m[K
[2.612s] [01m[K/home/robofei/ROS2/action/src/control/src/main.cpp:235:28:[m[K [01;31m[Kerror: [m[Kâ€˜[01m[Klast_movement[m[Kâ€™ was not declared in this scope; did you mean â€˜[01m[Kmovement[m[Kâ€™?
[2.612s]   235 |             if(movement == [01;31m[Klast_movement[m[K)
[2.612s]       |                            [01;31m[K^~~~~~~~~~~~~[m[K
[2.613s]       |                            [32m[Kmovement[m[K
[2.618s] [01m[K/home/robofei/ROS2/action/src/control/src/main.cpp:236:17:[m[K [01;31m[Kerror: [m[Kâ€˜[01m[Ksame_moviment[m[Kâ€™ was not declared in this scope
[2.618s]   236 |                 [01;31m[Ksame_moviment[m[K = true;
[2.618s]       |                 [01;31m[K^~~~~~~~~~~~~[m[K
[2.624s] [01m[K/home/robofei/ROS2/action/src/control/src/main.cpp:239:17:[m[K [01;31m[Kerror: [m[Kâ€˜[01m[Ksame_moviment[m[Kâ€™ was not declared in this scope
[2.624s]   239 |                 [01;31m[Ksame_moviment[m[K = false;
[2.624s]       |                 [01;31m[K^~~~~~~~~~~~~[m[K
[2.628s] [01m[K/home/robofei/ROS2/action/src/control/src/main.cpp:241:17:[m[K [01;31m[Kerror: [m[Kâ€˜[01m[Kcount_read[m[Kâ€™ was not declared in this scope; did you mean â€˜[01m[Kini_read[m[Kâ€™?
[2.628s]   241 |                 [01;31m[Kcount_read[m[K=0;
[2.628s]       |                 [01;31m[K^~~~~~~~~~[m[K
[2.628s]       |                 [32m[Kini_read[m[K
[2.631s] [01m[K/home/robofei/ROS2/action/src/control/src/main.cpp:243:13:[m[K [01;31m[Kerror: [m[Kâ€˜[01m[Kbuffer[m[Kâ€™ was not declared in this scope; did you mean â€˜[01m[Ksetbuffer[m[Kâ€™?
[2.631s]   243 |             [01;31m[Kbuffer[m[K = movement;
[2.631s]       |             [01;31m[K^~~~~~[m[K
[2.631s]       |             [32m[Ksetbuffer[m[K
[2.631s] [01m[K/home/robofei/ROS2/action/src/control/src/main.cpp:336:35:[m[K [01;31m[Kerror: [m[KISO C++ forbids comparison between pointer and integer [[01;31m[K-fpermissive[m[K]
[2.631s]   336 |             if(read_int(movement==[01;31m[K'goodbye'[m[K) == 20)
[2.632s]       |                                   [01;31m[K^~~~~~~~~[m[K
[2.632s] [01m[K/home/robofei/ROS2/action/src/control/src/main.cpp:336:33:[m[K [01;31m[Kerror: [m[Kcannot convert â€˜[01m[Kbool[m[Kâ€™ to â€˜[01m[Kint*[m[Kâ€™
[2.632s]   336 |             if(read_int([01;31m[Kmovement=='goodbye'[m[K) == 20)
[2.632s]       |                         [01;31m[K~~~~~~~~^~~~~~~~~~~[m[K
[2.632s]       |                                 [01;31m[K|[m[K
[2.632s]       |                                 [01;31m[Kbool[m[K
[2.632s] In file included from [01m[K/home/robofei/ROS2/action/src/control/include/ActionMove.hpp:24[m[K,
[2.632s]                  from [01m[K/home/robofei/ROS2/action/src/control/src/main.cpp:42[m[K:
[2.632s] [01m[K/home/robofei/ROS2/action/src/control/include/blackboard.h:238:14:[m[K [01;36m[Knote: [m[K  initializing argument 1 of â€˜[01m[Kint read_int(int*, int)[m[Kâ€™
[2.632s]   238 | int read_int([01;36m[Kint*[m[K, int);
[2.632s]       |              [01;36m[K^~~~[m[K
[2.634s] [01m[K/home/robofei/ROS2/action/src/control/src/main.cpp:337:17:[m[K [01;31m[Kerror: [m[Kâ€˜[01m[KgoodBye[m[Kâ€™ was not declared in this scope
[2.634s]   337 |                 [01;31m[KgoodBye[m[K();
[2.635s]       |                 [01;31m[K^~~~~~~[m[K
[2.639s] [01m[K/home/robofei/ROS2/action/src/control/src/main.cpp:349:13:[m[K [01;31m[Kerror: [m[Kâ€˜[01m[Kcount_read[m[Kâ€™ was not declared in this scope; did you mean â€˜[01m[Kini_read[m[Kâ€™?
[2.639s]   349 |             [01;31m[Kcount_read[m[K++;
[2.639s]       |             [01;31m[K^~~~~~~~~~[m[K
[2.639s]       |             [32m[Kini_read[m[K
[2.639s] [01m[K/home/robofei/ROS2/action/src/control/src/main.cpp:350:51:[m[K [01;35m[Kwarning: [m[Knon-ISO-standard escape sequence, '\e'
[2.639s]   350 |             std::cout << "\rReading BlackBoard" <<[01;35m[K"[\e[38;5;82m"[m[K<< count_read<<"\e[0m] | Tempo ocioso"<<"[\e[38;5;82m"<< count_read*step_time/1000<<"s\e[0m]";
[2.639s]       |                                                   [01;35m[K^~~~~~~~~~~~~~[m[K
[2.639s] [01m[K/home/robofei/ROS2/action/src/control/src/main.cpp:350:80:[m[K [01;35m[Kwarning: [m[Knon-ISO-standard escape sequence, '\e'
[2.639s]   350 | out << "\rReading BlackBoard" <<"[\e[38;5;82m"<< count_read<<[01;35m[K"\e[0m] | Tempo ocioso"[m[K<<"[\e[38;5;82m"<< count_read*step_time/1000<<"s\e[0m]";
[2.639s]       |                                                              [01;35m[K^~~~~~~~~~~~~~~~~~~~~~~[m[K
[2.639s] 
[2.640s] [01m[K/home/robofei/ROS2/action/src/control/src/main.cpp:350:105:[m[K [01;35m[Kwarning: [m[Knon-ISO-standard escape sequence, '\e'
[2.640s]   350 | ard" <<"[\e[38;5;82m"<< count_read<<"\e[0m] | Tempo ocioso"<<[01;35m[K"[\e[38;5;82m"[m[K<< count_read*step_time/1000<<"s\e[0m]";
[2.640s]       |                                                              [01;35m[K^~~~~~~~~~~~~~[m[K
[2.640s] 
[2.642s] [01m[K/home/robofei/ROS2/action/src/control/src/main.cpp:350:133:[m[K [01;31m[Kerror: [m[Kâ€˜[01m[Kstep_time[m[Kâ€™ was not declared in this scope; did you mean â€˜[01m[Kstrptime[m[Kâ€™?
[2.642s]   350 | t_read<<"\e[0m] | Tempo ocioso"<<"[\e[38;5;82m"<< count_read*[01;31m[Kstep_time[m[K/1000<<"s\e[0m]";
[2.642s]       |                                                              [01;31m[K^~~~~~~~~[m[K
[2.642s]       |                                                              [32m[Kstrptime[m[K
[2.642s] [01m[K/home/robofei/ROS2/action/src/control/src/main.cpp:350:149:[m[K [01;35m[Kwarning: [m[Knon-ISO-standard escape sequence, '\e'
[2.642s]   350 | "\e[0m] | Tempo ocioso"<<"[\e[38;5;82m"<< count_read*step_time/1000<<[01;35m[K"s\e[0m]"[m[K;
[2.642s]       |                                                                      [01;35m[K^~~~~~~~~[m[K
[2.642s] 
[2.643s] [01m[K/home/robofei/ROS2/action/src/control/src/main.cpp:[m[K At global scope:
[2.644s] [01m[K/home/robofei/ROS2/action/src/control/src/main.cpp:384:2:[m[K [01;35m[Kwarning: [m[Kextra â€˜[01m[K;[m[Kâ€™ [[01;35m[K-Wpedantic[m[K]
[2.644s]   384 | }[01;35m[K;[m[K
[2.644s]       |  [01;35m[K^[m[K
[2.644s] [01m[K/home/robofei/ROS2/action/src/control/src/main.cpp:[m[K In function â€˜[01m[Kvoid sighandler(int)[m[Kâ€™:
[2.644s] [01m[K/home/robofei/ROS2/action/src/control/src/main.cpp:397:21:[m[K [01;35m[Kwarning: [m[Kunused parameter â€˜[01m[Ksig[m[Kâ€™ [[01;35m[K-Wunused-parameter[m[K]
[2.644s]   397 | void sighandler([01;35m[Kint sig[m[K)
[2.644s]       |                 [01;35m[K~~~~^~~[m[K
[2.646s] [01m[K/home/robofei/ROS2/action/src/control/src/main.cpp:[m[K In function â€˜[01m[Kvoid goodbye()[m[Kâ€™:
[2.646s] [01m[K/home/robofei/ROS2/action/src/control/src/main.cpp:404:5:[m[K [01;31m[Kerror: [m[Kâ€˜[01m[Ktimer_[m[Kâ€™ was not declared in this scope; did you mean â€˜[01m[Ktimer_t[m[Kâ€™?
[2.646s]   404 |     [01;31m[Ktimer_[m[K = this->create_wall_timer(
[2.647s]       |     [01;31m[K^~~~~~[m[K
[2.647s]       |     [32m[Ktimer_t[m[K
[2.647s] [01m[K/home/robofei/ROS2/action/src/control/src/main.cpp:404:14:[m[K [01;31m[Kerror: [m[Kinvalid use of â€˜[01m[Kthis[m[Kâ€™ in non-member function
[2.647s]   404 |     timer_ = [01;31m[Kthis[m[K->create_wall_timer(
[2.647s]       |              [01;31m[K^~~~[m[K
[2.647s] [01m[K/home/robofei/ROS2/action/src/control/src/main.cpp:405:25:[m[K [01;31m[Kerror: [m[Kâ€˜[01m[KMinimalPublisher[m[Kâ€™ has not been declared
[2.647s]   405 |       500ms, std::bind(&[01;31m[KMinimalPublisher[m[K::timer_callback, this));
[2.647s]       |                         [01;31m[K^~~~~~~~~~~~~~~~[m[K
[2.647s] [01m[K/home/robofei/ROS2/action/src/control/src/main.cpp:405:59:[m[K [01;31m[Kerror: [m[Kinvalid use of â€˜[01m[Kthis[m[Kâ€™ in non-member function
[2.647s]   405 |       500ms, std::bind(&MinimalPublisher::timer_callback, [01;31m[Kthis[m[K));
[2.647s]       |                                                           [01;31m[K^~~~[m[K
[2.647s] [01m[K/home/robofei/ROS2/action/src/control/src/main.cpp:[m[K In function â€˜[01m[Kvoid timer_callback()[m[Kâ€™:
[2.647s] [01m[K/home/robofei/ROS2/action/src/control/src/main.cpp:411:20:[m[K [01;31m[Kerror: [m[Kâ€˜[01m[Kdynamixel_sdk_custom_interfaces[m[Kâ€™ has not been declared
[2.647s]   411 |     auto message = [01;31m[Kdynamixel_sdk_custom_interfaces[m[K::msg::SetPosition();
[2.647s]       |                    [01;31m[K^~~~~~~~~~~~~~~~~~~~~~~~~~~~~~~[m[K
[2.650s] [01m[K/home/robofei/ROS2/action/src/control/src/main.cpp:415:9:[m[K [01;31m[Kerror: [m[Kâ€˜[01m[Kpublisher_[m[Kâ€™ was not declared in this scope; did you mean â€˜[01m[Krcl_publisher_t[m[Kâ€™?
[2.650s]   415 |         [01;31m[Kpublisher_[m[K->publish(message);
[2.650s]       |         [01;31m[K^~~~~~~~~~[m[K
[2.650s]       |         [32m[Krcl_publisher_t[m[K
[2.675s] [01m[K/home/robofei/ROS2/action/src/control/src/main.cpp:430:21:[m[K [01;31m[Kerror: [m[Kâ€˜[01m[Kdynamixel_sdk_custom_interfaces[m[Kâ€™ was not declared in this scope
[2.675s]   430 |   rclcpp::Publisher<[01;31m[Kdynamixel_sdk_custom_interfaces[m[K::msg::SetPosition>::SharedPtr publisher_;         // CHANGE
[2.676s]       |                     [01;31m[K^~~~~~~~~~~~~~~~~~~~~~~~~~~~~~~[m[K
[2.676s] [01m[K/home/robofei/ROS2/action/src/control/src/main.cpp:430:70:[m[K [01;31m[Kerror: [m[Ktemplate argument 1 is invalid
[2.676s]   430 | ::Publisher<dynamixel_sdk_custom_interfaces::msg::SetPosition[01;31m[K>[m[K::SharedPtr publisher_;         // CHANGE
[2.676s]       |                                                              [01;31m[K^[m[K
[2.676s] 
[2.676s] [01m[K/home/robofei/ROS2/action/src/control/src/main.cpp:430:83:[m[K [01;31m[Kerror: [m[Kqualified-id in declaration before â€˜[01m[Kpublisher_[m[Kâ€™
[2.676s]   430 | ynamixel_sdk_custom_interfaces::msg::SetPosition>::SharedPtr [01;31m[Kpublisher_[m[K;         // CHANGE
[2.676s]       |                                                              [01;31m[K^~~~~~~~~~[m[K
[2.676s] 
[2.676s] [01m[K/home/robofei/ROS2/action/src/control/src/main.cpp:431:10:[m[K [01;35m[Kwarning: [m[Kunused variable â€˜[01m[Kcount_[m[Kâ€™ [[01;35m[K-Wunused-variable[m[K]
[2.676s]   431 |   size_t [01;35m[Kcount_[m[K;
[2.676s]       |          [01;35m[K^~~~~~[m[K
[2.677s] [01m[K/home/robofei/ROS2/action/src/control/src/main.cpp:[m[K In function â€˜[01m[Kint main(int, char**)[m[Kâ€™:
[2.677s] [01m[K/home/robofei/ROS2/action/src/control/src/main.cpp:487:26:[m[K [01;31m[Kerror: [m[Kno matching function for call to â€˜[01m[KGaitMove::GaitMove(minIni*&)[m[Kâ€™
[2.677s]   487 |     GaitMove gaitMove(ini[01;31m[K)[m[K;
[2.677s]       |                          [01;31m[K^[m[K
[2.677s] In file included from [01m[K/home/robofei/ROS2/action/src/control/src/main.cpp:43[m[K:
[2.677s] [01m[K/home/robofei/ROS2/action/src/control/include/GaitMove.hpp:36:9:[m[K [01;36m[Knote: [m[Kcandidate: â€˜[01m[KGaitMove::GaitMove(int*, minIni*)[m[Kâ€™
[2.677s]    36 |         [01;36m[KGaitMove[m[K(int *mem_t, minIni* ini);
[2.677s]       |         [01;36m[K^~~~~~~~[m[K
[2.677s] [01m[K/home/robofei/ROS2/action/src/control/include/GaitMove.hpp:36:9:[m[K [01;36m[Knote: [m[K  candidate expects 2 arguments, 1 provided
[2.677s] [01m[K/home/robofei/ROS2/action/src/control/include/GaitMove.hpp:31:7:[m[K [01;36m[Knote: [m[Kcandidate: â€˜[01m[Kconstexpr GaitMove::GaitMove(const GaitMove&)[m[Kâ€™
[2.677s]    31 | class [01;36m[KGaitMove[m[K
[2.678s]       |       [01;36m[K^~~~~~~~[m[K
[2.678s] [01m[K/home/robofei/ROS2/action/src/control/include/GaitMove.hpp:31:7:[m[K [01;36m[Knote: [m[K  no known conversion for argument 1 from â€˜[01m[KminIni*[m[Kâ€™ to â€˜[01m[Kconst GaitMove&[m[Kâ€™
[2.678s] [01m[K/home/robofei/ROS2/action/src/control/src/main.cpp:500:21:[m[K [01;31m[Kerror: [m[Kincompatible types in assignment of â€˜[01m[Kint[m[Kâ€™ to â€˜[01m[Kchar [20][m[Kâ€™
[2.678s]   500 |     last_movement = [01;31m[K'pose_stand_up'[m[K;
[2.678s]       |                     [01;31m[K^~~~~~~~~~~~~~~[m[K
[2.678s] [01m[K/home/robofei/ROS2/action/src/control/src/main.cpp:501:16:[m[K [01;31m[Kerror: [m[Kincompatible types in assignment of â€˜[01m[Kint[m[Kâ€™ to â€˜[01m[Kchar [20][m[Kâ€™
[2.678s]   501 |     movement = [01;31m[K'pose_stand_up'[m[K;
[2.678s]       |                [01;31m[K^~~~~~~~~~~~~~~[m[K
[2.681s] [01m[K/home/robofei/ROS2/action/src/control/src/main.cpp:449:10:[m[K [01;35m[Kwarning: [m[Kunused variable â€˜[01m[Kstop_gait[m[Kâ€™ [[01;35m[K-Wunused-variable[m[K]
[2.681s]   449 |     bool [01;35m[Kstop_gait[m[K = true;
[2.681s]       |          [01;35m[K^~~~~~~~~[m[K
[2.681s] [01m[K/home/robofei/ROS2/action/src/control/src/main.cpp:450:11:[m[K [01;35m[Kwarning: [m[Kunused variable â€˜[01m[KServoport[m[Kâ€™ [[01;35m[K-Wunused-variable[m[K]
[2.681s]   450 |     char *[01;35m[KServoport[m[K;
[2.681s]       |           [01;35m[K^~~~~~~~~[m[K
[2.681s] [01m[K/home/robofei/ROS2/action/src/control/src/main.cpp:451:9:[m[K [01;35m[Kwarning: [m[Kunused variable â€˜[01m[Kvalue[m[Kâ€™ [[01;35m[K-Wunused-variable[m[K]
[2.682s]   451 |     int [01;35m[Kvalue[m[K;
[2.682s]       |         [01;35m[K^~~~~[m[K
[2.682s] [01m[K/home/robofei/ROS2/action/src/control/src/main.cpp:452:9:[m[K [01;35m[Kwarning: [m[Kunused variable â€˜[01m[KidServo[m[Kâ€™ [[01;35m[K-Wunused-variable[m[K]
[2.682s]   452 |     int [01;35m[KidServo[m[K;
[2.682s]       |         [01;35m[K^~~~~~~[m[K
[2.682s] [01m[K/home/robofei/ROS2/action/src/control/src/main.cpp:453:10:[m[K [01;35m[Kwarning: [m[Kunused variable â€˜[01m[Kflag_stop[m[Kâ€™ [[01;35m[K-Wunused-variable[m[K]
[2.682s]   453 |     bool [01;35m[Kflag_stop[m[K = 0;
[2.682s]       |          [01;35m[K^~~~~~~~~[m[K
[2.682s] [01m[K/home/robofei/ROS2/action/src/control/src/main.cpp:456:10:[m[K [01;35m[Kwarning: [m[Kunused variable â€˜[01m[Ksame_moviment[m[Kâ€™ [[01;35m[K-Wunused-variable[m[K]
[2.682s]   456 |     bool [01;35m[Ksame_moviment[m[K = false;
[2.682s]       |          [01;35m[K^~~~~~~~~~~~~[m[K
[2.682s] [01m[K/home/robofei/ROS2/action/src/control/src/main.cpp:457:18:[m[K [01;35m[Kwarning: [m[Kunused variable â€˜[01m[Kbuffer[m[Kâ€™ [[01;35m[K-Wunused-variable[m[K]
[2.682s]   457 |     unsigned int [01;35m[Kbuffer[m[K = 10000;
[2.682s]       |                  [01;35m[K^~~~~~[m[K
[2.682s] [01m[K/home/robofei/ROS2/action/src/control/src/main.cpp:458:18:[m[K [01;35m[Kwarning: [m[Kunused variable â€˜[01m[Kcount_read[m[Kâ€™ [[01;35m[K-Wunused-variable[m[K]
[2.682s]   458 |     unsigned int [01;35m[Kcount_read[m[K=0;
[2.683s]       |                  [01;35m[K^~~~~~~~~~[m[K
[2.683s] [01m[K/home/robofei/ROS2/action/src/control/src/main.cpp:459:18:[m[K [01;35m[Kwarning: [m[Kunused variable â€˜[01m[Kstep_time[m[Kâ€™ [[01;35m[K-Wunused-variable[m[K]
[2.683s]   459 |     unsigned int [01;35m[Kstep_time[m[K=20; // Determina a frequencia de leitura do blackboard
[2.683s]       |                  [01;35m[K^~~~~~~~~[m[K
[4.535s] make[2]: *** [CMakeFiles/action_node.dir/build.make:63: CMakeFiles/action_node.dir/src/main.cpp.o] Error 1
[4.535s] make[1]: *** [CMakeFiles/Makefile2:78: CMakeFiles/action_node.dir/all] Error 2
[4.535s] make: *** [Makefile:141: all] Error 2
[4.537s] Invoked command in '/home/robofei/ROS2/action/build/control' returned '2': AMENT_PREFIX_PATH=/home/robofei/ROS2/action/install/custom_interfaces:${AMENT_PREFIX_PATH} CMAKE_PREFIX_PATH=/home/robofei/ROS2/action/install/custom_interfaces:/opt/ros/foxy LD_LIBRARY_PATH=/home/robofei/ROS2/action/install/custom_interfaces/lib:${LD_LIBRARY_PATH} PYTHONPATH=/home/robofei/ROS2/action/install/custom_interfaces/lib/python3.8/site-packages:${PYTHONPATH} /usr/bin/cmake --build /home/robofei/ROS2/action/build/control -- -j4 -l4
