[0.012s] Invoking command in '/home/robofei/ROS2/action/build/control': AMENT_PREFIX_PATH=/home/robofei/ROS2/action/install/custom_interfaces:${AMENT_PREFIX_PATH} CMAKE_PREFIX_PATH=/home/robofei/ROS2/action/install/custom_interfaces:/opt/ros/foxy LD_LIBRARY_PATH=/home/robofei/ROS2/action/install/custom_interfaces/lib:${LD_LIBRARY_PATH} PYTHONPATH=/home/robofei/ROS2/action/install/custom_interfaces/lib/python3.8/site-packages:${PYTHONPATH} /usr/bin/cmake --build /home/robofei/ROS2/action/build/control -- -j4 -l4
[0.074s] [ 50%] [32mBuilding CXX object CMakeFiles/action_node.dir/src/main.cpp.o[0m
[2.325s] [01m[K/home/robofei/ROS2/action/src/control/src/main.cpp:[m[K In constructor â€˜[01m[KActionNode::ActionNode()[m[Kâ€™:
[2.325s] [01m[K/home/robofei/ROS2/action/src/control/src/main.cpp:81:7:[m[K [01;31m[Kerror: [m[Kâ€˜[01m[Kpublisher_[m[Kâ€™ was not declared in this scope; did you mean â€˜[01m[Krcl_publisher_t[m[Kâ€™?
[2.326s]    81 |       [01;31m[Kpublisher_[m[K = this->create_publisher<custom_interfaces::msg::SetPosition>("set_position", 10);
[2.326s]       |       [01;31m[K^~~~~~~~~~[m[K
[2.326s]       |       [32m[Krcl_publisher_t[m[K
[2.331s] [01m[K/home/robofei/ROS2/action/src/control/src/main.cpp:[m[K In member function â€˜[01m[Kvoid ActionNode::topic_callback(std_msgs::msg::String_<std::allocator<void> >::SharedPtr) const[m[Kâ€™:
[2.331s] [01m[K/home/robofei/ROS2/action/src/control/src/main.cpp:242:13:[m[K [01;31m[Kerror: [m[Kpassing â€˜[01m[Kconst ActionNode[m[Kâ€™ as â€˜[01m[Kthis[m[Kâ€™ argument discards qualifiers [[01;31m[K-fpermissive[m[K]
[2.331s]   242 |     logInit([01;31m[K)[m[K; // save the time when start the control process
[2.331s]       |             [01;31m[K^[m[K
[2.331s] [01m[K/home/robofei/ROS2/action/src/control/src/main.cpp:379:6:[m[K [01;36m[Knote: [m[K  in call to â€˜[01m[Kvoid ActionNode::logInit()[m[Kâ€™
[2.331s]   379 | void [01;36m[KlogInit[m[K()
[2.331s]       |      [01;36m[K^~~~~~~[m[K
[2.331s] [01m[K/home/robofei/ROS2/action/src/control/src/main.cpp:346:26:[m[K [01;35m[Kwarning: [m[Kcomparison with string literal results in unspecified behavior [[01;35m[K-Waddress[m[K]
[2.331s]   346 |             if(movement==[01;35m[K"goodbye"[m[K)
[2.331s]       |                          [01;35m[K^~~~~~~~~[m[K
[2.333s] [01m[K/home/robofei/ROS2/action/src/control/src/main.cpp:347:17:[m[K [01;31m[Kerror: [m[Kâ€˜[01m[KgoodBye[m[Kâ€™ was not declared in this scope; did you mean â€˜[01m[Kgoodbye[m[Kâ€™?
[2.334s]   347 |                 [01;31m[KgoodBye[m[K();
[2.334s]       |                 [01;31m[K^~~~~~~[m[K
[2.334s]       |                 [32m[Kgoodbye[m[K
[2.334s] [01m[K/home/robofei/ROS2/action/src/control/src/main.cpp:360:51:[m[K [01;35m[Kwarning: [m[Knon-ISO-standard escape sequence, '\e'
[2.334s]   360 |             std::cout << "\rReading BlackBoard" <<[01;35m[K"[\e[38;5;82m"[m[K<< count_read<<"\e[0m] | Tempo ocioso"<<"[\e[38;5;82m"<< count_read*step_time/1000<<"s\e[0m]";
[2.334s]       |                                                   [01;35m[K^~~~~~~~~~~~~~[m[K
[2.334s] [01m[K/home/robofei/ROS2/action/src/control/src/main.cpp:360:80:[m[K [01;35m[Kwarning: [m[Knon-ISO-standard escape sequence, '\e'
[2.334s]   360 | out << "\rReading BlackBoard" <<"[\e[38;5;82m"<< count_read<<[01;35m[K"\e[0m] | Tempo ocioso"[m[K<<"[\e[38;5;82m"<< count_read*step_time/1000<<"s\e[0m]";
[2.334s]       |                                                              [01;35m[K^~~~~~~~~~~~~~~~~~~~~~~[m[K
[2.334s] 
[2.334s] [01m[K/home/robofei/ROS2/action/src/control/src/main.cpp:360:105:[m[K [01;35m[Kwarning: [m[Knon-ISO-standard escape sequence, '\e'
[2.334s]   360 | ard" <<"[\e[38;5;82m"<< count_read<<"\e[0m] | Tempo ocioso"<<[01;35m[K"[\e[38;5;82m"[m[K<< count_read*step_time/1000<<"s\e[0m]";
[2.335s]       |                                                              [01;35m[K^~~~~~~~~~~~~~[m[K
[2.335s] 
[2.335s] [01m[K/home/robofei/ROS2/action/src/control/src/main.cpp:360:149:[m[K [01;35m[Kwarning: [m[Knon-ISO-standard escape sequence, '\e'
[2.335s]   360 | "\e[0m] | Tempo ocioso"<<"[\e[38;5;82m"<< count_read*step_time/1000<<[01;35m[K"s\e[0m]"[m[K;
[2.335s]       |                                                                      [01;35m[K^~~~~~~~~[m[K
[2.335s] 
[2.336s] [01m[K/home/robofei/ROS2/action/src/control/src/main.cpp:[m[K In member function â€˜[01m[Kvoid ActionNode::sighandler(int)[m[Kâ€™:
[2.336s] [01m[K/home/robofei/ROS2/action/src/control/src/main.cpp:398:21:[m[K [01;35m[Kwarning: [m[Kunused parameter â€˜[01m[Ksig[m[Kâ€™ [[01;35m[K-Wunused-parameter[m[K]
[2.336s]   398 | void sighandler([01;35m[Kint sig[m[K)
[2.336s]       |                 [01;35m[K~~~~^~~[m[K
[2.339s] [01m[K/home/robofei/ROS2/action/src/control/src/main.cpp:[m[K In member function â€˜[01m[Kvoid ActionNode::goodbye()[m[Kâ€™:
[2.339s] [01m[K/home/robofei/ROS2/action/src/control/src/main.cpp:405:5:[m[K [01;31m[Kerror: [m[Kâ€˜[01m[Ktimer_[m[Kâ€™ was not declared in this scope; did you mean â€˜[01m[Ktimer_t[m[Kâ€™?
[2.339s]   405 |     [01;31m[Ktimer_[m[K = this->create_wall_timer(
[2.339s]       |     [01;31m[K^~~~~~[m[K
[2.339s]       |     [32m[Ktimer_t[m[K
[2.352s] [01m[K/home/robofei/ROS2/action/src/control/src/main.cpp:[m[K In member function â€˜[01m[Kvoid ActionNode::timer_callback()[m[Kâ€™:
[2.352s] [01m[K/home/robofei/ROS2/action/src/control/src/main.cpp:416:9:[m[K [01;31m[Kerror: [m[Kâ€˜[01m[Kpublisher_[m[Kâ€™ was not declared in this scope; did you mean â€˜[01m[Krcl_publisher_t[m[Kâ€™?
[2.352s]   416 |         [01;31m[Kpublisher_[m[K->publish(message);
[2.352s]       |         [01;31m[K^~~~~~~~~~[m[K
[2.353s]       |         [32m[Krcl_publisher_t[m[K
[2.356s] [01m[K/home/robofei/ROS2/action/src/control/src/main.cpp:432:10:[m[K [01;35m[Kwarning: [m[Kunused variable â€˜[01m[Kcount_[m[Kâ€™ [[01;35m[K-Wunused-variable[m[K]
[2.357s]   432 |   size_t [01;35m[Kcount_[m[K;
[2.357s]       |          [01;35m[K^~~~~~[m[K
[2.359s] [01m[K/home/robofei/ROS2/action/src/control/src/main.cpp:[m[K In function â€˜[01m[Kint main(int, char**)[m[Kâ€™:
[2.360s] [01m[K/home/robofei/ROS2/action/src/control/src/main.cpp:451:22:[m[K [01;31m[Kerror: [m[Kâ€˜[01m[Ksighandler[m[Kâ€™ was not declared in this scope; did you mean â€˜[01m[Ksighandler_t[m[Kâ€™?
[2.360s]   451 |     signal(SIGABRT, &[01;31m[Ksighandler[m[K);
[2.360s]       |                      [01;31m[K^~~~~~~~~~[m[K
[2.360s]       |                      [32m[Ksighandler_t[m[K
[2.360s] [01m[K/home/robofei/ROS2/action/src/control/src/main.cpp:482:26:[m[K [01;31m[Kerror: [m[Kno matching function for call to â€˜[01m[KGaitMove::GaitMove(minIni*&)[m[Kâ€™
[2.361s]   482 |     GaitMove gaitMove(ini[01;31m[K)[m[K;
[2.361s]       |                          [01;31m[K^[m[K
[2.361s] In file included from [01m[K/home/robofei/ROS2/action/src/control/src/main.cpp:43[m[K:
[2.361s] [01m[K/home/robofei/ROS2/action/src/control/include/GaitMove.hpp:36:9:[m[K [01;36m[Knote: [m[Kcandidate: â€˜[01m[KGaitMove::GaitMove(int*, minIni*)[m[Kâ€™
[2.361s]    36 |         [01;36m[KGaitMove[m[K(int *mem_t, minIni* ini);
[2.361s]       |         [01;36m[K^~~~~~~~[m[K
[2.361s] [01m[K/home/robofei/ROS2/action/src/control/include/GaitMove.hpp:36:9:[m[K [01;36m[Knote: [m[K  candidate expects 2 arguments, 1 provided
[2.361s] [01m[K/home/robofei/ROS2/action/src/control/include/GaitMove.hpp:31:7:[m[K [01;36m[Knote: [m[Kcandidate: â€˜[01m[Kconstexpr GaitMove::GaitMove(const GaitMove&)[m[Kâ€™
[2.361s]    31 | class [01;36m[KGaitMove[m[K
[2.361s]       |       [01;36m[K^~~~~~~~[m[K
[2.361s] [01m[K/home/robofei/ROS2/action/src/control/include/GaitMove.hpp:31:7:[m[K [01;36m[Knote: [m[K  no known conversion for argument 1 from â€˜[01m[KminIni*[m[Kâ€™ to â€˜[01m[Kconst GaitMove&[m[Kâ€™
[4.231s] make[2]: *** [CMakeFiles/action_node.dir/build.make:63: CMakeFiles/action_node.dir/src/main.cpp.o] Error 1
[4.232s] make[1]: *** [CMakeFiles/Makefile2:78: CMakeFiles/action_node.dir/all] Error 2
[4.232s] make: *** [Makefile:141: all] Error 2
[4.234s] Invoked command in '/home/robofei/ROS2/action/build/control' returned '2': AMENT_PREFIX_PATH=/home/robofei/ROS2/action/install/custom_interfaces:${AMENT_PREFIX_PATH} CMAKE_PREFIX_PATH=/home/robofei/ROS2/action/install/custom_interfaces:/opt/ros/foxy LD_LIBRARY_PATH=/home/robofei/ROS2/action/install/custom_interfaces/lib:${LD_LIBRARY_PATH} PYTHONPATH=/home/robofei/ROS2/action/install/custom_interfaces/lib/python3.8/site-packages:${PYTHONPATH} /usr/bin/cmake --build /home/robofei/ROS2/action/build/control -- -j4 -l4
