[35m[1mScanning dependencies of target motion[0m
[ 17%] Built target gait_publisher
[ 17%] Built target decision
[ 21%] [32m[1mLinking CXX executable control[0m
[ 26%] [32mBuilding CXX object CMakeFiles/motion.dir/src/GaitMove.cpp.o[0m
/usr/bin/ld: CMakeFiles/control.dir/src/control.cpp.o: in function `main':
control.cpp:(.text+0x2f9): undefined reference to `GaitMove::GaitMove(minIni*)'
collect2: error: ld returned 1 exit status
make[2]: *** [CMakeFiles/control.dir/build.make:146: control] Error 1
make[1]: *** [CMakeFiles/Makefile2:111: CMakeFiles/control.dir/all] Error 2
make[1]: *** Waiting for unfinished jobs....
[01m[K/home/robo/ROS2/walk_test/src/control/src/GaitMove.cpp:[m[K In member function â€˜[01m[Kvoid GaitMove::walk_foward_slow(bool&, bool, bool)[m[Kâ€™:
[01m[K/home/robo/ROS2/walk_test/src/control/src/GaitMove.cpp:101:55:[m[K [01;35m[Kwarning: [m[Kunused parameter â€˜[01m[Kmax_speed[m[Kâ€™ [[01;35m[K-Wunused-parameter[m[K]
  101 | void GaitMove::walk_foward_slow(bool &stop_gait, [01;35m[Kbool max_speed[m[K, bool same_moviment)
      |                                                  [01;35m[K~~~~~^~~~~~~~~[m[K
[01m[K/home/robo/ROS2/walk_test/src/control/src/GaitMove.cpp:[m[K In member function â€˜[01m[Kvoid GaitMove::turn_right(bool&, bool, bool)[m[Kâ€™:
[01m[K/home/robo/ROS2/walk_test/src/control/src/GaitMove.cpp:157:49:[m[K [01;35m[Kwarning: [m[Kunused parameter â€˜[01m[Kmax_angle[m[Kâ€™ [[01;35m[K-Wunused-parameter[m[K]
  157 | void GaitMove::turn_right(bool &stop_gait, [01;35m[Kbool max_angle[m[K, bool same_moviment)
      |                                            [01;35m[K~~~~~^~~~~~~~~[m[K
[01m[K/home/robo/ROS2/walk_test/src/control/src/GaitMove.cpp:[m[K In member function â€˜[01m[Kvoid GaitMove::turn_left(bool&, bool, bool)[m[Kâ€™:
[01m[K/home/robo/ROS2/walk_test/src/control/src/GaitMove.cpp:169:48:[m[K [01;35m[Kwarning: [m[Kunused parameter â€˜[01m[Kmax_angle[m[Kâ€™ [[01;35m[K-Wunused-parameter[m[K]
  169 | void GaitMove::turn_left(bool &stop_gait, [01;35m[Kbool max_angle[m[K, bool same_moviment)
      |                                           [01;35m[K~~~~~^~~~~~~~~[m[K
[01m[K/home/robo/ROS2/walk_test/src/control/src/GaitMove.cpp:[m[K In member function â€˜[01m[Kvoid GaitMove::walk_backward_slow(bool&, bool, bool)[m[Kâ€™:
[01m[K/home/robo/ROS2/walk_test/src/control/src/GaitMove.cpp:225:57:[m[K [01;35m[Kwarning: [m[Kunused parameter â€˜[01m[Kmax_speed[m[Kâ€™ [[01;35m[K-Wunused-parameter[m[K]
  225 | void GaitMove::walk_backward_slow(bool &stop_gait, [01;35m[Kbool max_speed[m[K, bool same_moviment)
      |                                                    [01;35m[K~~~~~^~~~~~~~~[m[K
[ 30%] [32m[1mLinking CXX shared library libmotion.so[0m
[ 95%] Built target motion
make: *** [Makefile:141: all] Error 2
