[0.008s] Invoking command in '/home/robofei/ROS2/action/build/control': AMENT_PREFIX_PATH=/home/robofei/ROS2/action/install/dynamixel_sdk_custom_interfaces:${AMENT_PREFIX_PATH} CMAKE_PREFIX_PATH=/home/robofei/ROS2/action/install/dynamixel_sdk_custom_interfaces:/opt/ros/galactic LD_LIBRARY_PATH=/home/robofei/ROS2/action/install/dynamixel_sdk_custom_interfaces/lib:${LD_LIBRARY_PATH} LESS= -R -X -F PYTHONPATH=/home/robofei/ROS2/action/install/dynamixel_sdk_custom_interfaces/lib/python3.8/site-packages:${PYTHONPATH} /usr/bin/cmake --build /home/robofei/ROS2/action/build/control -- -j12 -l12
[0.027s] -- Found ament_cmake: 1.1.5 (/opt/ros/galactic/share/ament_cmake/cmake)
[0.043s] -- Using PYTHON_EXECUTABLE: /usr/bin/python3
[0.084s] -- Override CMake install command with custom implementation using symlinks instead of copying resources
[0.090s] -- Found dynamixel_sdk_custom_interfaces: 3.7.40 (/home/robofei/ROS2/action/install/dynamixel_sdk_custom_interfaces/share/dynamixel_sdk_custom_interfaces/cmake)
[0.110s] -- Using all available rosidl_typesupport_c: rosidl_typesupport_fastrtps_c;rosidl_typesupport_introspection_c
[0.114s] -- Found rosidl_adapter: 2.2.2 (/opt/ros/galactic/share/rosidl_adapter/cmake)
[0.211s] -- Using all available rosidl_typesupport_cpp: rosidl_typesupport_fastrtps_cpp;rosidl_typesupport_introspection_cpp
[0.244s] -- Found rclcpp: 9.2.1 (/opt/ros/galactic/share/rclcpp/cmake)
[0.276s] -- Found rmw_implementation_cmake: 3.3.1 (/opt/ros/galactic/share/rmw_implementation_cmake/cmake)
[0.277s] -- Found rmw_cyclonedds_cpp: 0.22.5 (/opt/ros/galactic/share/rmw_cyclonedds_cpp/cmake)
[0.291s] -- Using RMW implementation 'rmw_cyclonedds_cpp' as default
[0.404s] -- Found sensor_msgs: 2.2.4 (/opt/ros/galactic/share/sensor_msgs/cmake)
[0.493s] -- Found ament_lint_auto: 0.10.7 (/opt/ros/galactic/share/ament_lint_auto/cmake)
[0.542s] -- Added test 'copyright' to check source files copyright and LICENSE
[0.546s] -- Added test 'cppcheck' to perform static code analysis on C / C++ code
[0.546s] -- Configured cppcheck include dirs: /home/robofei/ROS2/action/src/control/include
[0.547s] -- Configured cppcheck exclude dirs and/or files: 
[0.551s] -- Added test 'cpplint' to check C / C++ code against the Google style
[0.551s] -- Configured cpplint exclude dirs and/or files: 
[0.552s] -- Added test 'flake8' to check Python code syntax and style conventions
[0.553s] -- Added test 'lint_cmake' to check CMake code style
[0.554s] -- Added test 'pep257' to check Python code against some of the style conventions in PEP 257
[0.558s] -- Added test 'uncrustify' to check C / C++ code style
[0.558s] -- Configured uncrustify additional arguments: 
[0.559s] -- Added test 'xmllint' to check XML markup files
[0.561s] -- Configuring done
[0.570s] -- Generating done
[0.571s] -- Build files have been written to: /home/robofei/ROS2/action/build/control
[0.601s] [ 25%] [32mBuilding CXX object CMakeFiles/control.dir/src/control.cpp.o[0m
[0.602s] [ 75%] Built target decision
[2.093s] [01m[K/home/robofei/ROS2/action/src/control/src/control.cpp:[m[K In member function â€˜[01m[Kvoid Control::topic_callback(std::shared_ptr<dynamixel_sdk_custom_interfaces::msg::Decision_<std::allocator<void> > >) const[m[Kâ€™:
[2.093s] [01m[K/home/robofei/ROS2/action/src/control/src/control.cpp:208:11:[m[K [01;31m[Kerror: [m[Kâ€˜[01m[KMotionManager[m[Kâ€™ has not been declared
[2.093s]   208 |           [01;31m[KMotionManager[m[K::GetInstance()->SetEnable(true);
[2.093s]       |           [01;31m[K^~~~~~~~~~~~~[m[K
[2.093s] [01m[K/home/robofei/ROS2/action/src/control/src/control.cpp:209:11:[m[K [01;31m[Kerror: [m[Kâ€˜[01m[KWalking[m[Kâ€™ has not been declared
[2.093s]   209 |           [01;31m[KWalking[m[K::GetInstance()->m_Joint.SetEnableBody(true);
[2.093s]       |           [01;31m[K^~~~~~~[m[K
[2.093s] [01m[K/home/robofei/ROS2/action/src/control/src/control.cpp:210:11:[m[K [01;31m[Kerror: [m[Kâ€˜[01m[KWalking[m[Kâ€™ has not been declared
[2.093s]   210 |           [01;31m[KWalking[m[K::GetInstance()->X_MOVE_AMPLITUDE = X_amplitude;
[2.093s]       |           [01;31m[K^~~~~~~[m[K
[2.095s] [01m[K/home/robofei/ROS2/action/src/control/src/control.cpp:210:54:[m[K [01;31m[Kerror: [m[Kâ€˜[01m[KX_amplitude[m[Kâ€™ was not declared in this scope
[2.095s]   210 |           Walking::GetInstance()->X_MOVE_AMPLITUDE = [01;31m[KX_amplitude[m[K;
[2.095s]       |                                                      [01;31m[K^~~~~~~~~~~[m[K
[2.095s] [01m[K/home/robofei/ROS2/action/src/control/src/control.cpp:211:11:[m[K [01;31m[Kerror: [m[Kâ€˜[01m[KWalking[m[Kâ€™ has not been declared
[2.095s]   211 |           [01;31m[KWalking[m[K::GetInstance()->Y_MOVE_AMPLITUDE = Y_amplitude;
[2.095s]       |           [01;31m[K^~~~~~~[m[K
[2.097s] [01m[K/home/robofei/ROS2/action/src/control/src/control.cpp:211:54:[m[K [01;31m[Kerror: [m[Kâ€˜[01m[KY_amplitude[m[Kâ€™ was not declared in this scope
[2.097s]   211 |           Walking::GetInstance()->Y_MOVE_AMPLITUDE = [01;31m[KY_amplitude[m[K;
[2.097s]       |                                                      [01;31m[K^~~~~~~~~~~[m[K
[2.097s] [01m[K/home/robofei/ROS2/action/src/control/src/control.cpp:212:11:[m[K [01;31m[Kerror: [m[Kâ€˜[01m[KWalking[m[Kâ€™ has not been declared
[2.097s]   212 |           [01;31m[KWalking[m[K::GetInstance()->A_MOVE_AMPLITUDE = A_amplitude;
[2.097s]       |           [01;31m[K^~~~~~~[m[K
[2.099s] [01m[K/home/robofei/ROS2/action/src/control/src/control.cpp:212:54:[m[K [01;31m[Kerror: [m[Kâ€˜[01m[KA_amplitude[m[Kâ€™ was not declared in this scope
[2.099s]   212 |           Walking::GetInstance()->A_MOVE_AMPLITUDE = [01;31m[KA_amplitude[m[K;
[2.099s]       |                                                      [01;31m[K^~~~~~~~~~~[m[K
[2.099s] [01m[K/home/robofei/ROS2/action/src/control/src/control.cpp:213:11:[m[K [01;31m[Kerror: [m[Kâ€˜[01m[KWalking[m[Kâ€™ has not been declared
[2.099s]   213 |           [01;31m[KWalking[m[K::GetInstance()->Start();
[2.099s]       |           [01;31m[K^~~~~~~[m[K
[2.099s] [01m[K/home/robofei/ROS2/action/src/control/src/control.cpp:215:13:[m[K [01;31m[Kerror: [m[Kâ€˜[01m[KWalking[m[Kâ€™ has not been declared
[2.099s]   215 |             [01;31m[KWalking[m[K::GetInstance()->Stop();
[2.099s]       |             [01;31m[K^~~~~~~[m[K
[2.099s] [01m[K/home/robofei/ROS2/action/src/control/src/control.cpp:216:13:[m[K [01;31m[Kerror: [m[Kâ€˜[01m[KWalking[m[Kâ€™ has not been declared
[2.099s]   216 |             [01;31m[KWalking[m[K::GetInstance()->m_Joint.SetEnableBody(false);
[2.099s]       |             [01;31m[K^~~~~~~[m[K
[2.100s] [01m[K/home/robofei/ROS2/action/src/control/src/control.cpp:[m[K In function â€˜[01m[Kint main(int, char**)[m[Kâ€™:
[2.100s] [01m[K/home/robofei/ROS2/action/src/control/src/control.cpp:236:6:[m[K [01;31m[Kerror: [m[Kâ€˜[01m[KMotionManager[m[Kâ€™ has not been declared
[2.100s]   236 |   if([01;31m[KMotionManager[m[K::GetInstance()->Initialize() == false)
[2.100s]       |      [01;31m[K^~~~~~~~~~~~~[m[K
[4.178s] make[2]: *** [CMakeFiles/control.dir/build.make:63: CMakeFiles/control.dir/src/control.cpp.o] Error 1
[4.179s] make[1]: *** [CMakeFiles/Makefile2:107: CMakeFiles/control.dir/all] Error 2
[4.179s] make: *** [Makefile:141: all] Error 2
[4.180s] Invoked command in '/home/robofei/ROS2/action/build/control' returned '2': AMENT_PREFIX_PATH=/home/robofei/ROS2/action/install/dynamixel_sdk_custom_interfaces:${AMENT_PREFIX_PATH} CMAKE_PREFIX_PATH=/home/robofei/ROS2/action/install/dynamixel_sdk_custom_interfaces:/opt/ros/galactic LD_LIBRARY_PATH=/home/robofei/ROS2/action/install/dynamixel_sdk_custom_interfaces/lib:${LD_LIBRARY_PATH} LESS= -R -X -F PYTHONPATH=/home/robofei/ROS2/action/install/dynamixel_sdk_custom_interfaces/lib/python3.8/site-packages:${PYTHONPATH} /usr/bin/cmake --build /home/robofei/ROS2/action/build/control -- -j12 -l12
