[0.008s] Invoking command in '/home/robo/ROS2/walk_test/build/control': AMENT_PREFIX_PATH=/home/robo/ROS2/walk_test/install/dynamixel_sdk_custom_interfaces:${AMENT_PREFIX_PATH} CMAKE_PREFIX_PATH=/home/robo/ROS2/walk_test/install/dynamixel_sdk_custom_interfaces:/opt/ros/foxy LD_LIBRARY_PATH=/home/robo/ROS2/walk_test/install/dynamixel_sdk_custom_interfaces/lib:${LD_LIBRARY_PATH} PYTHONPATH=/home/robo/ROS2/walk_test/install/dynamixel_sdk_custom_interfaces/lib/python3.8/site-packages:${PYTHONPATH} /usr/bin/cmake --build /home/robo/ROS2/walk_test/build/control -- -j12 -l12
[0.043s] [35m[1mScanning dependencies of target motion[0m
[0.053s] [ 19%] Built target gait_publisher
[0.053s] [ 19%] Built target decision
[0.054s] [ 28%] Built target control
[0.067s] [ 33%] [32mBuilding CXX object CMakeFiles/motion.dir/src/motion/MotionManager.cpp.o[0m
[1.056s] In file included from [01m[K/home/robo/ROS2/walk_test/src/control/src/motion/MotionManager.cpp:25[m[K:
[1.056s] [01m[K/home/robo/ROS2/walk_test/src/control/include/MotionManager.h:[m[K In constructor â€˜[01m[KRobot::MotionManager::MotionManager(const rclcpp::NodeOptions&)[m[Kâ€™:
[1.056s] [01m[K/home/robo/ROS2/walk_test/src/control/include/MotionManager.h:80:8:[m[K [01;35m[Kwarning: [m[Kâ€˜[01m[KRobot::MotionManager::DEBUG_PRINT[m[Kâ€™ will be initialized after [[01;35m[K-Wreorder[m[K]
[1.056s]    80 |   bool [01;35m[KDEBUG_PRINT[m[K;
[1.056s]       |        [01;35m[K^~~~~~~~~~~[m[K
[1.056s] [01m[K/home/robo/ROS2/walk_test/src/control/src/motion/MotionManager.cpp:63:41:[m[K [01;35m[Kwarning: [m[K  base â€˜[01m[Krclcpp::Node[m[Kâ€™ [[01;35m[K-Wreorder[m[K]
[1.056s]    63 |   rclcpp::Node("gait_publisher", options[01;35m[K)[m[K
[1.056s]       |                                         [01;35m[K^[m[K
[1.056s] [01m[K/home/robo/ROS2/walk_test/src/control/src/motion/MotionManager.cpp:54:1:[m[K [01;35m[Kwarning: [m[K  when initialized here [[01;35m[K-Wreorder[m[K]
[1.056s]    54 | [01;35m[KMotionManager[m[K::MotionManager(const rclcpp::NodeOptions & options) :
[1.056s]       | [01;35m[K^~~~~~~~~~~~~[m[K
[1.075s] [01m[K/home/robo/ROS2/walk_test/src/control/src/motion/MotionManager.cpp:[m[K In member function â€˜[01m[Kvoid Robot::MotionManager::topic_callback(std::shared_ptr<sensor_msgs::msg::Imu_<std::allocator<void> > >) const[m[Kâ€™:
[1.075s] [01m[K/home/robo/ROS2/walk_test/src/control/src/motion/MotionManager.cpp:93:15:[m[K [01;35m[Kwarning: [m[Kunused variable â€˜[01m[KIMU_GYRO_X[m[Kâ€™ [[01;35m[K-Wunused-variable[m[K]
[1.075s]    93 |         float [01;35m[KIMU_GYRO_X[m[K = -imu_msg_->angular_velocity.x/10;
[1.075s]       |               [01;35m[K^~~~~~~~~~[m[K
[1.075s] [01m[K/home/robo/ROS2/walk_test/src/control/src/motion/MotionManager.cpp:94:15:[m[K [01;35m[Kwarning: [m[Kunused variable â€˜[01m[KIMU_GYRO_Y[m[Kâ€™ [[01;35m[K-Wunused-variable[m[K]
[1.075s]    94 |         float [01;35m[KIMU_GYRO_Y[m[K  = -imu_msg_->angular_velocity.y/10;
[1.075s]       |               [01;35m[K^~~~~~~~~~[m[K
[1.079s] [01m[K/home/robo/ROS2/walk_test/src/control/src/motion/MotionManager.cpp:[m[K In member function â€˜[01m[Kbool Robot::MotionManager::Initialize(bool)[m[Kâ€™:
[1.079s] [01m[K/home/robo/ROS2/walk_test/src/control/src/motion/MotionManager.cpp:134:54:[m[K [01;31m[Kerror: [m[Kno matching function for call to â€˜[01m[Kspin_until_future_complete(Robot::MotionManager*, std::shared_future<std::shared_ptr<dynamixel_sdk_custom_interfaces::srv::GetPosition_Response_<std::allocator<void> > > >&)[m[Kâ€™
[1.079s]   134 |   if (rclcpp::spin_until_future_complete(this, result[01;31m[K)[m[K ==
[1.079s]       |                                                      [01;31m[K^[m[K
[1.079s] In file included from [01m[K/opt/ros/foxy/include/rclcpp/rclcpp.hpp:146[m[K,
[1.079s]                  from [01m[K/home/robo/ROS2/walk_test/src/control/include/MotionManager.h:20[m[K,
[1.079s]                  from [01m[K/home/robo/ROS2/walk_test/src/control/src/motion/MotionManager.cpp:25[m[K:
[1.079s] [01m[K/opt/ros/foxy/include/rclcpp/executors.hpp:105:1:[m[K [01;36m[Knote: [m[Kcandidate: â€˜[01m[Ktemplate<class FutureT, class TimeRepT, class TimeT> rclcpp::FutureReturnCode rclcpp::spin_until_future_complete(rclcpp::node_interfaces::NodeBaseInterface::SharedPtr, const std::shared_future<_Res>&, std::chrono::duration<_Rep, _Period>)[m[Kâ€™
[1.079s]   105 | [01;36m[Kspin_until_future_complete[m[K(
[1.079s]       | [01;36m[K^~~~~~~~~~~~~~~~~~~~~~~~~~[m[K
[1.079s] [01m[K/opt/ros/foxy/include/rclcpp/executors.hpp:105:1:[m[K [01;36m[Knote: [m[K  template argument deduction/substitution failed:
[1.079s] [01m[K/home/robo/ROS2/walk_test/src/control/src/motion/MotionManager.cpp:134:54:[m[K [01;36m[Knote: [m[K  cannot convert â€˜[01m[K(Robot::MotionManager*)this[m[Kâ€™ (type â€˜[01m[KRobot::MotionManager*[m[Kâ€™) to type â€˜[01m[Krclcpp::node_interfaces::NodeBaseInterface::SharedPtr[m[Kâ€™ {aka â€˜[01m[Kstd::shared_ptr<rclcpp::node_interfaces::NodeBaseInterface>[m[Kâ€™}
[1.079s]   134 |   if (rclcpp::spin_until_future_complete(this, result[01;36m[K)[m[K ==
[1.079s]       |                                                      [01;36m[K^[m[K
[1.079s] In file included from [01m[K/opt/ros/foxy/include/rclcpp/rclcpp.hpp:146[m[K,
[1.080s]                  from [01m[K/home/robo/ROS2/walk_test/src/control/include/MotionManager.h:20[m[K,
[1.080s]                  from [01m[K/home/robo/ROS2/walk_test/src/control/src/motion/MotionManager.cpp:25[m[K:
[1.080s] [01m[K/opt/ros/foxy/include/rclcpp/executors.hpp:117:1:[m[K [01;36m[Knote: [m[Kcandidate: â€˜[01m[Ktemplate<class NodeT, class FutureT, class TimeRepT, class TimeT> rclcpp::FutureReturnCode rclcpp::spin_until_future_complete(std::shared_ptr<_Tp>, const std::shared_future<ResponseT>&, std::chrono::duration<_Rep2, _Period2>)[m[Kâ€™
[1.080s]   117 | [01;36m[Kspin_until_future_complete[m[K(
[1.080s]       | [01;36m[K^~~~~~~~~~~~~~~~~~~~~~~~~~[m[K
[1.080s] [01m[K/opt/ros/foxy/include/rclcpp/executors.hpp:117:1:[m[K [01;36m[Knote: [m[K  template argument deduction/substitution failed:
[1.080s] [01m[K/home/robo/ROS2/walk_test/src/control/src/motion/MotionManager.cpp:134:54:[m[K [01;36m[Knote: [m[K  mismatched types â€˜[01m[Kstd::shared_ptr<_Tp>[m[Kâ€™ and â€˜[01m[KRobot::MotionManager*[m[Kâ€™
[1.080s]   134 |   if (rclcpp::spin_until_future_complete(this, result[01;36m[K)[m[K ==
[1.080s]       |                                                      [01;36m[K^[m[K
[1.081s] [01m[K/home/robo/ROS2/walk_test/src/control/src/motion/MotionManager.cpp:100:6:[m[K [01;35m[Kwarning: [m[Kunused variable â€˜[01m[Kvalue[m[Kâ€™ [[01;35m[K-Wunused-variable[m[K]
[1.082s]   100 |  int [01;35m[Kvalue[m[K, error;
[1.082s]       |      [01;35m[K^~~~~[m[K
[1.082s] [01m[K/home/robo/ROS2/walk_test/src/control/src/motion/MotionManager.cpp:100:13:[m[K [01;35m[Kwarning: [m[Kunused variable â€˜[01m[Kerror[m[Kâ€™ [[01;35m[K-Wunused-variable[m[K]
[1.082s]   100 |  int value, [01;35m[Kerror[m[K;
[1.082s]       |             [01;35m[K^~~~~[m[K
[1.082s] [01m[K/home/robo/ROS2/walk_test/src/control/src/motion/MotionManager.cpp:[m[K In member function â€˜[01m[Kbool Robot::MotionManager::Reinitialize()[m[Kâ€™:
[1.082s] [01m[K/home/robo/ROS2/walk_test/src/control/src/motion/MotionManager.cpp:183:6:[m[K [01;35m[Kwarning: [m[Kunused variable â€˜[01m[Kvalue[m[Kâ€™ [[01;35m[K-Wunused-variable[m[K]
[1.082s]   183 |  int [01;35m[Kvalue[m[K, error;
[1.082s]       |      [01;35m[K^~~~~[m[K
[1.082s] [01m[K/home/robo/ROS2/walk_test/src/control/src/motion/MotionManager.cpp:183:13:[m[K [01;35m[Kwarning: [m[Kunused variable â€˜[01m[Kerror[m[Kâ€™ [[01;35m[K-Wunused-variable[m[K]
[1.082s]   183 |  int value, [01;35m[Kerror[m[K;
[1.082s]       |             [01;35m[K^~~~~[m[K
[1.096s] [01m[K/home/robo/ROS2/walk_test/src/control/src/motion/MotionManager.cpp:[m[K In member function â€˜[01m[Kvoid Robot::MotionManager::Process()[m[Kâ€™:
[1.096s] [01m[K/home/robo/ROS2/walk_test/src/control/src/motion/MotionManager.cpp:367:6:[m[K [01;35m[Kwarning: [m[Kunused variable â€˜[01m[Kjoint_num[m[Kâ€™ [[01;35m[K-Wunused-variable[m[K]
[1.096s]   367 |  int [01;35m[Kjoint_num[m[K = 0;
[1.096s]       |      [01;35m[K^~~~~~~~~[m[K
[2.523s] make[2]: *** [CMakeFiles/motion.dir/build.make:63: CMakeFiles/motion.dir/src/motion/MotionManager.cpp.o] Error 1
[2.523s] make[1]: *** [CMakeFiles/Makefile2:165: CMakeFiles/motion.dir/all] Error 2
[2.523s] make: *** [Makefile:141: all] Error 2
[2.525s] Invoked command in '/home/robo/ROS2/walk_test/build/control' returned '2': AMENT_PREFIX_PATH=/home/robo/ROS2/walk_test/install/dynamixel_sdk_custom_interfaces:${AMENT_PREFIX_PATH} CMAKE_PREFIX_PATH=/home/robo/ROS2/walk_test/install/dynamixel_sdk_custom_interfaces:/opt/ros/foxy LD_LIBRARY_PATH=/home/robo/ROS2/walk_test/install/dynamixel_sdk_custom_interfaces/lib:${LD_LIBRARY_PATH} PYTHONPATH=/home/robo/ROS2/walk_test/install/dynamixel_sdk_custom_interfaces/lib/python3.8/site-packages:${PYTHONPATH} /usr/bin/cmake --build /home/robo/ROS2/walk_test/build/control -- -j12 -l12
