-- Found ament_cmake: 0.9.9 (/opt/ros/foxy/share/ament_cmake/cmake)
-- Using PYTHON_EXECUTABLE: /usr/bin/python3
-- Override CMake install command with custom implementation using symlinks instead of copying resources
-- Found dynamixel_sdk_custom_interfaces: 3.7.40 (/home/robo/ROS2/walk_test/install/dynamixel_sdk_custom_interfaces/share/dynamixel_sdk_custom_interfaces/cmake)
-- Using all available rosidl_typesupport_c: rosidl_typesupport_fastrtps_c;rosidl_typesupport_introspection_c
-- Found rosidl_adapter: 1.2.1 (/opt/ros/foxy/share/rosidl_adapter/cmake)
-- Using all available rosidl_typesupport_cpp: rosidl_typesupport_fastrtps_cpp;rosidl_typesupport_introspection_cpp
-- Found rclcpp: 2.4.1 (/opt/ros/foxy/share/rclcpp/cmake)
-- Found rmw_implementation_cmake: 1.0.3 (/opt/ros/foxy/share/rmw_implementation_cmake/cmake)
-- Using RMW implementation 'rmw_fastrtps_cpp' as default
-- Found sensor_msgs: 2.0.5 (/opt/ros/foxy/share/sensor_msgs/cmake)
-- Found rclcpp_components: 2.4.1 (/opt/ros/foxy/share/rclcpp_components/cmake)
-- Found rosidl_default_generators: 1.0.1 (/opt/ros/foxy/share/rosidl_default_generators/cmake)
-- Found ament_lint_auto: 0.9.6 (/opt/ros/foxy/share/ament_lint_auto/cmake)
-- Added test 'copyright' to check source files copyright and LICENSE
-- Added test 'cppcheck' to perform static code analysis on C / C++ code
-- Configured cppcheck include dirs: /home/robo/ROS2/walk_test/src/control/include;/home/robo/ROS2/walk_test/src/control/src/minIni
-- Configured cppcheck exclude dirs and/or files: 
-- Added test 'cpplint' to check C / C++ code against the Google style
-- Configured cpplint exclude dirs and/or files: 
-- Added test 'flake8' to check Python code syntax and style conventions
-- Added test 'lint_cmake' to check CMake code style
-- Added test 'pep257' to check Python code against some of the style conventions in PEP 257
-- Added test 'uncrustify' to check C / C++ code style
-- Configured uncrustify additional arguments: 
-- Added test 'xmllint' to check XML markup files
-- Configuring done
-- Generating done
-- Build files have been written to: /home/robo/ROS2/walk_test/build/control
[35m[1mScanning dependencies of target gait_publisher[0m
[35m[1mScanning dependencies of target motion[0m
[ 10%] Built target decision
[ 15%] [32mBuilding CXX object CMakeFiles/motion.dir/src/motion/MotionManager.cpp.o[0m
[ 21%] [32mBuilding CXX object CMakeFiles/motion.dir/src/motion/AngleEstimator.cpp.o[0m
[ 26%] [32mBuilding CXX object CMakeFiles/motion.dir/src/math/Matrix.cpp.o[0m
[ 31%] [32mBuilding CXX object CMakeFiles/motion.dir/src/math/Vector.cpp.o[0m
[ 36%] [32mBuilding CXX object CMakeFiles/motion.dir/src/math/Plane.cpp.o[0m
[ 42%] [32mBuilding CXX object CMakeFiles/motion.dir/src/math/Point.cpp.o[0m
[ 52%] [32mBuilding CXX object CMakeFiles/motion.dir/src/math/QuadraticStateTransform.cpp.o[0m
[ 52%] [32mBuilding CXX object CMakeFiles/motion.dir/src/motion/modules/Walking.cpp.o[0m
[ 57%] [32mBuilding CXX object CMakeFiles/motion.dir/src/motion/JointData.cpp.o[0m
[ 63%] [32mBuilding CXX object CMakeFiles/motion.dir/src/math/MotionState.cpp.o[0m
[ 68%] [32mBuilding CXX object CMakeFiles/motion.dir/src/motion/Kinematics.cpp.o[0m
[ 73%] [32mBuilding CXX object CMakeFiles/gait_publisher.dir/rclcpp_components/node_main_gait_publisher.cpp.o[0m
[ 78%] [32mBuilding CXX object CMakeFiles/motion.dir/src/motion/MotionStatus.cpp.o[0m
[ 84%] [32mBuilding CXX object CMakeFiles/motion.dir/src/motion/modules/Action.cpp.o[0m
[01m[K/home/robo/ROS2/walk_test/src/control/src/motion/modules/Action.cpp:[m[K In member function â€˜[01m[Kbool Robot::Action::SavePage(int, Robot::Action::PAGE*)[m[Kâ€™:
[01m[K/home/robo/ROS2/walk_test/src/control/src/motion/modules/Action.cpp:261:5:[m[K [01;35m[Kwarning: [m[Kthis â€˜[01m[Kif[m[Kâ€™ clause does not guard... [[01;35m[K-Wmisleading-indentation[m[K]
  261 |     [01;35m[Kif[m[K( fwrite( pPage, 1, sizeof(PAGE), m_ActionFile ) != sizeof(PAGE) )
      |     [01;35m[K^~[m[K
[01m[K/home/robo/ROS2/walk_test/src/control/src/motion/modules/Action.cpp:264:2:[m[K [01;36m[Knote: [m[K...this statement, but the latter is misleadingly indented as if it were guarded by the â€˜[01m[Kif[m[Kâ€™
  264 |  [01;36m[Kreturn[m[K true;
      |  [01;36m[K^~~~~~[m[K
[ 89%] [32mBuilding CXX object CMakeFiles/motion.dir/src/minIni/minIni.cpp.o[0m
[01m[K/home/robo/ROS2/walk_test/src/control/src/motion/AngleEstimator.cpp:[m[K In member function â€˜[01m[Kvoid AngleEstimator::predict(double, double, double)[m[Kâ€™:
[01m[K/home/robo/ROS2/walk_test/src/control/src/motion/AngleEstimator.cpp:19:76:[m[K [01;35m[Kwarning: [m[Kunused parameter â€˜[01m[Kgyro_dyaw[m[Kâ€™ [[01;35m[K-Wunused-parameter[m[K]
   19 | void AngleEstimator::predict(double gyro_dpitch, double gyro_droll, [01;35m[Kdouble gyro_dyaw[m[K)
      |                                                                     [01;35m[K~~~~~~~^~~~~~~~~[m[K
In file included from [01m[K/home/robo/ROS2/walk_test/src/control/src/motion/MotionManager.cpp:23[m[K:
[01m[K/home/robo/ROS2/walk_test/src/control/include/MotionManager.h:80:52:[m[K [01;31m[Kerror: [m[Kexpected â€˜[01m[K;[m[Kâ€™ at end of member declaration
   80 |   MotionManager(const rclcpp::NodeOptions & options[01;31m[K)[m[K);
      |                                                    [01;31m[K^[m[K
      |                                                     [32m[K;[m[K
[01m[K/home/robo/ROS2/walk_test/src/control/include/MotionManager.h:80:53:[m[K [01;31m[Kerror: [m[Kexpected unqualified-id before â€˜[01m[K)[m[Kâ€™ token
   80 |   MotionManager(const rclcpp::NodeOptions & options)[01;31m[K)[m[K;
      |                                                     [01;31m[K^[m[K
[01m[K/home/robo/ROS2/walk_test/src/control/src/motion/MotionManager.cpp:43:68:[m[K [01;31m[Kerror: [m[Kno matching function for call to â€˜[01m[KRobot::MotionManager::MotionManager()[m[Kâ€™
   43 | MotionManager* MotionManager::m_UniqueInstance = new MotionManager([01;31m[K)[m[K;
      |                                                                    [01;31m[K^[m[K
In file included from [01m[K/home/robo/ROS2/walk_test/src/control/src/motion/MotionManager.cpp:23[m[K:
[01m[K/home/robo/ROS2/walk_test/src/control/include/MotionManager.h:80:3:[m[K [01;36m[Knote: [m[Kcandidate: â€˜[01m[KRobot::MotionManager::MotionManager(const rclcpp::NodeOptions&)[m[Kâ€™
   80 |   [01;36m[KMotionManager[m[K(const rclcpp::NodeOptions & options));
      |   [01;36m[K^~~~~~~~~~~~~[m[K
[01m[K/home/robo/ROS2/walk_test/src/control/include/MotionManager.h:80:3:[m[K [01;36m[Knote: [m[K  candidate expects 1 argument, 0 provided
[01m[K/home/robo/ROS2/walk_test/src/control/src/motion/MotionManager.cpp:[m[K In constructor â€˜[01m[KRobot::MotionManager::MotionManager(const rclcpp::NodeOptions&)[m[Kâ€™:
[01m[K/home/robo/ROS2/walk_test/src/control/src/motion/MotionManager.cpp:54:19:[m[K [01;31m[Kerror: [m[Kexpected class-name before â€˜[01m[K([m[Kâ€™ token
   54 |   rclcpp::NodeNode[01;31m[K([m[K"gait_publisher", options)
      |                   [01;31m[K^[m[K
[01m[K/home/robo/ROS2/walk_test/src/control/src/motion/MotionManager.cpp:54:19:[m[K [01;31m[Kerror: [m[Kno matching function for call to â€˜[01m[Krclcpp::Node::Node()[m[Kâ€™
In file included from [01m[K/opt/ros/foxy/include/rclcpp/executors/single_threaded_executor.hpp:28[m[K,
                 from [01m[K/opt/ros/foxy/include/rclcpp/executors.hpp:22[m[K,
                 from [01m[K/opt/ros/foxy/include/rclcpp/rclcpp.hpp:146[m[K,
                 from [01m[K/home/robo/ROS2/walk_test/src/control/include/MotionManager.h:20[m[K,
                 from [01m[K/home/robo/ROS2/walk_test/src/control/src/motion/MotionManager.cpp:23[m[K:
[01m[K/opt/ros/foxy/include/rclcpp/node.hpp:1193:3:[m[K [01;36m[Knote: [m[Kcandidate: â€˜[01m[Krclcpp::Node::Node(const rclcpp::Node&, const string&)[m[Kâ€™
 1193 |   [01;36m[KNode[m[K(
      |   [01;36m[K^~~~[m[K
[01m[K/opt/ros/foxy/include/rclcpp/node.hpp:1193:3:[m[K [01;36m[Knote: [m[K  candidate expects 2 arguments, 0 provided
[01m[K/opt/ros/foxy/include/rclcpp/node.hpp:98:12:[m[K [01;36m[Knote: [m[Kcandidate: â€˜[01m[Krclcpp::Node::Node(const string&, const string&, const rclcpp::NodeOptions&)[m[Kâ€™
   98 |   explicit [01;36m[KNode[m[K(
      |            [01;36m[K^~~~[m[K
[01m[K/opt/ros/foxy/include/rclcpp/node.hpp:98:12:[m[K [01;36m[Knote: [m[K  candidate expects 3 arguments, 0 provided
[01m[K/opt/ros/foxy/include/rclcpp/node.hpp:86:12:[m[K [01;36m[Knote: [m[Kcandidate: â€˜[01m[Krclcpp::Node::Node(const string&, const rclcpp::NodeOptions&)[m[Kâ€™
   86 |   explicit [01;36m[KNode[m[K(
      |            [01;36m[K^~~~[m[K
[01m[K/opt/ros/foxy/include/rclcpp/node.hpp:86:12:[m[K [01;36m[Knote: [m[K  candidate expects 2 arguments, 0 provided
[01m[K/home/robo/ROS2/walk_test/src/control/src/motion/MotionManager.cpp:54:19:[m[K [01;31m[Kerror: [m[Kexpected â€˜[01m[K{[m[Kâ€™ before â€˜[01m[K([m[Kâ€™ token
   54 |   rclcpp::NodeNode[01;31m[K([m[K"gait_publisher", options)
      |                   [01;31m[K^[m[K
[01m[K/home/robo/ROS2/walk_test/src/control/src/motion/MotionManager.cpp:45:58:[m[K [01;35m[Kwarning: [m[Kunused parameter â€˜[01m[Koptions[m[Kâ€™ [[01;35m[K-Wunused-parameter[m[K]
   45 | MotionManager::MotionManager([01;35m[Kconst rclcpp::NodeOptions & options[m[K) :
      |                              [01;35m[K~~~~~~~~~~~~~~~~~~~~~~~~~~~~^~~~~~~[m[K
[01m[K/home/robo/ROS2/walk_test/src/control/src/motion/MotionManager.cpp:[m[K At global scope:
[01m[K/home/robo/ROS2/walk_test/src/control/src/motion/MotionManager.cpp:54:20:[m[K [01;31m[Kerror: [m[Kexpected unqualified-id before string constant
   54 |   rclcpp::NodeNode([01;31m[K"gait_publisher"[m[K, options)
      |                    [01;31m[K^~~~~~~~~~~~~~~~[m[K
[01m[K/home/robo/ROS2/walk_test/src/control/src/motion/MotionManager.cpp:54:20:[m[K [01;31m[Kerror: [m[Kexpected â€˜[01m[K)[m[Kâ€™ before string constant
   54 |   rclcpp::NodeNode[34m[K([m[K[01;31m[K"[m[K[32m[Kgait_publisher"[m[K, options)
      |                   [34m[K~[m[K[01;31m[K^[m[K[32m[K~~~~~~~~~~~~~~~[m[K
      |                    [32m[K)[m[K
[01m[K/home/robo/ROS2/walk_test/src/control/src/motion/MotionManager.cpp:66:6:[m[K [01;31m[Kerror: [m[Kâ€˜[01m[KDriver[m[Kâ€™ has not been declared
   66 | void [01;31m[KDriver[m[K::update_loop(void)
      |      [01;31m[K^~~~~~[m[K
In file included from [01m[K/opt/ros/foxy/include/rclcpp/service.hpp:34[m[K,
                 from [01m[K/opt/ros/foxy/include/rclcpp/callback_group.hpp:25[m[K,
                 from [01m[K/opt/ros/foxy/include/rclcpp/any_executable.hpp:20[m[K,
                 from [01m[K/opt/ros/foxy/include/rclcpp/memory_strategy.hpp:24[m[K,
                 from [01m[K/opt/ros/foxy/include/rclcpp/memory_strategies.hpp:18[m[K,
                 from [01m[K/opt/ros/foxy/include/rclcpp/executor_options.hpp:20[m[K,
                 from [01m[K/opt/ros/foxy/include/rclcpp/executor.hpp:33[m[K,
                 from [01m[K/opt/ros/foxy/include/rclcpp/executors/multi_threaded_executor.hpp:26[m[K,
                 from [01m[K/opt/ros/foxy/include/rclcpp/executors.hpp:21[m[K,
                 from [01m[K/opt/ros/foxy/include/rclcpp/rclcpp.hpp:146[m[K,
                 from [01m[K/home/robo/ROS2/walk_test/src/control/include/MotionManager.h:20[m[K,
                 from [01m[K/home/robo/ROS2/walk_test/src/control/src/motion/MotionManager.cpp:23[m[K:
[01m[K/home/robo/ROS2/walk_test/src/control/src/motion/MotionManager.cpp:[m[K In function â€˜[01m[Kvoid update_loop()[m[Kâ€™:
[01m[K/home/robo/ROS2/walk_test/src/control/src/motion/MotionManager.cpp:72:16:[m[K [01;31m[Kerror: [m[Kinvalid use of â€˜[01m[Kthis[m[Kâ€™ in non-member function
   72 |    RCLCPP_INFO([01;31m[Kthis[m[K->get_logger(), "Running motion manager");
      |                [01;31m[K^~~~[m[K
[01m[K/home/robo/ROS2/walk_test/src/control/src/motion/MotionManager.cpp:72:16:[m[K [01;31m[Kerror: [m[Kinvalid use of â€˜[01m[Kthis[m[Kâ€™ in non-member function
[01m[K/home/robo/ROS2/walk_test/src/control/src/motion/MotionManager.cpp:72:4:[m[K [01;31m[Kerror: [m[Ktemplate argument 1 is invalid
   72 |    [01;31m[KRCLCPP_INFO[m[K(this->get_logger(), "Running motion manager");
      |    [01;31m[K^~~~~~~~~~~[m[K
[01m[K/home/robo/ROS2/walk_test/src/control/src/motion/MotionManager.cpp:72:4:[m[K [01;31m[Kerror: [m[Ktemplate argument 1 is invalid
   72 |    [01;31m[KRCLCPP_INFO[m[K(this->get_logger(), "Running motion manager");
      |    [01;31m[K^~~~~~~~~~~[m[K
[01m[K/home/robo/ROS2/walk_test/src/control/src/motion/MotionManager.cpp:72:4:[m[K [01;31m[Kerror: [m[Ktemplate argument 1 is invalid
   72 |    [01;31m[KRCLCPP_INFO[m[K(this->get_logger(), "Running motion manager");
      |    [01;31m[K^~~~~~~~~~~[m[K
In file included from [01m[K/opt/ros/foxy/include/rclcpp/client.hpp:40[m[K,
                 from [01m[K/opt/ros/foxy/include/rclcpp/callback_group.hpp:23[m[K,
                 from [01m[K/opt/ros/foxy/include/rclcpp/any_executable.hpp:20[m[K,
                 from [01m[K/opt/ros/foxy/include/rclcpp/memory_strategy.hpp:24[m[K,
                 from [01m[K/opt/ros/foxy/include/rclcpp/memory_strategies.hpp:18[m[K,
                 from [01m[K/opt/ros/foxy/include/rclcpp/executor_options.hpp:20[m[K,
                 from [01m[K/opt/ros/foxy/include/rclcpp/executor.hpp:33[m[K,
                 from [01m[K/opt/ros/foxy/include/rclcpp/executors/multi_threaded_executor.hpp:26[m[K,
                 from [01m[K/opt/ros/foxy/include/rclcpp/executors.hpp:21[m[K,
                 from [01m[K/opt/ros/foxy/include/rclcpp/rclcpp.hpp:146[m[K,
                 from [01m[K/home/robo/ROS2/walk_test/src/control/include/MotionManager.h:20[m[K,
                 from [01m[K/home/robo/ROS2/walk_test/src/control/src/motion/MotionManager.cpp:23[m[K:
[01m[K/home/robo/ROS2/walk_test/src/control/src/motion/MotionManager.cpp:72:16:[m[K [01;31m[Kerror: [m[Kinvalid use of â€˜[01m[Kthis[m[Kâ€™ in non-member function
   72 |    RCLCPP_INFO([01;31m[Kthis[m[K->get_logger(), "Running motion manager");
      |                [01;31m[K^~~~[m[K
[01m[K/home/robo/ROS2/walk_test/src/control/src/motion/MotionManager.cpp:72:16:[m[K [01;31m[Kerror: [m[Kinvalid use of â€˜[01m[Kthis[m[Kâ€™ in non-member function
   72 |    RCLCPP_INFO([01;31m[Kthis[m[K->get_logger(), "Running motion manager");
      |                [01;31m[K^~~~[m[K
[01m[K/home/robo/ROS2/walk_test/src/control/src/motion/MotionManager.cpp:[m[K In member function â€˜[01m[Kvoid Robot::MotionManager::topic_callback(std::shared_ptr<sensor_msgs::msg::Imu_<std::allocator<void> > >) const[m[Kâ€™:
[01m[K/home/robo/ROS2/walk_test/src/control/src/motion/MotionManager.cpp:82:15:[m[K [01;35m[Kwarning: [m[Kunused variable â€˜[01m[KIMU_GYRO_X[m[Kâ€™ [[01;35m[K-Wunused-variable[m[K]
   82 |         float [01;35m[KIMU_GYRO_X[m[K = -imu_msg_->angular_velocity.x/10;
      |               [01;35m[K^~~~~~~~~~[m[K
[01m[K/home/robo/ROS2/walk_test/src/control/src/motion/MotionManager.cpp:83:15:[m[K [01;35m[Kwarning: [m[Kunused variable â€˜[01m[KIMU_GYRO_Y[m[Kâ€™ [[01;35m[K-Wunused-variable[m[K]
   83 |         float [01;35m[KIMU_GYRO_Y[m[K  = -imu_msg_->angular_velocity.y/10;
      |               [01;35m[K^~~~~~~~~~[m[K
[01m[K/home/robo/ROS2/walk_test/src/control/src/motion/MotionManager.cpp:[m[K In member function â€˜[01m[Kbool Robot::MotionManager::Initialize(bool)[m[Kâ€™:
[01m[K/home/robo/ROS2/walk_test/src/control/src/motion/MotionManager.cpp:89:6:[m[K [01;35m[Kwarning: [m[Kunused variable â€˜[01m[Kvalue[m[Kâ€™ [[01;35m[K-Wunused-variable[m[K]
   89 |  int [01;35m[Kvalue[m[K, error;
      |      [01;35m[K^~~~~[m[K
[01m[K/home/robo/ROS2/walk_test/src/control/src/motion/MotionManager.cpp:89:13:[m[K [01;35m[Kwarning: [m[Kunused variable â€˜[01m[Kerror[m[Kâ€™ [[01;35m[K-Wunused-variable[m[K]
   89 |  int value, [01;35m[Kerror[m[K;
      |             [01;35m[K^~~~~[m[K
[01m[K/home/robo/ROS2/walk_test/src/control/src/motion/MotionManager.cpp:[m[K In member function â€˜[01m[Kbool Robot::MotionManager::Reinitialize()[m[Kâ€™:
[01m[K/home/robo/ROS2/walk_test/src/control/src/motion/MotionManager.cpp:148:6:[m[K [01;35m[Kwarning: [m[Kunused variable â€˜[01m[Kvalue[m[Kâ€™ [[01;35m[K-Wunused-variable[m[K]
  148 |  int [01;35m[Kvalue[m[K, error;
      |      [01;35m[K^~~~~[m[K
[01m[K/home/robo/ROS2/walk_test/src/control/src/motion/MotionManager.cpp:148:13:[m[K [01;35m[Kwarning: [m[Kunused variable â€˜[01m[Kerror[m[Kâ€™ [[01;35m[K-Wunused-variable[m[K]
  148 |  int value, [01;35m[Kerror[m[K;
      |             [01;35m[K^~~~~[m[K
[01m[K/home/robo/ROS2/walk_test/src/control/src/motion/MotionManager.cpp:[m[K In member function â€˜[01m[Kvoid Robot::MotionManager::Process()[m[Kâ€™:
[01m[K/home/robo/ROS2/walk_test/src/control/src/motion/MotionManager.cpp:287:6:[m[K [01;35m[Kwarning: [m[Kunused variable â€˜[01m[Kjoint_num[m[Kâ€™ [[01;35m[K-Wunused-variable[m[K]
  287 |  int [01;35m[Kjoint_num[m[K = 0;
      |      [01;35m[K^~~~~~~~~[m[K
[01m[K/home/robo/ROS2/walk_test/src/control/src/motion/MotionManager.cpp:[m[K In member function â€˜[01m[Kvoid Robot::MotionManager::SetEnable(bool)[m[Kâ€™:
[01m[K/home/robo/ROS2/walk_test/src/control/src/motion/MotionManager.cpp:314:36:[m[K [01;35m[Kwarning: [m[Kunused parameter â€˜[01m[Kenable[m[Kâ€™ [[01;35m[K-Wunused-parameter[m[K]
  314 | void MotionManager::SetEnable([01;35m[Kbool enable[m[K)
      |                               [01;35m[K~~~~~^~~~~~[m[K
In file included from [01m[K/home/robo/ROS2/walk_test/src/control/src/motion/JointData.cpp:10[m[K:
[01m[K/home/robo/ROS2/walk_test/src/control/include/MotionManager.h:80:52:[m[K [01;31m[Kerror: [m[Kexpected â€˜[01m[K;[m[Kâ€™ at end of member declaration
   80 |   MotionManager(const rclcpp::NodeOptions & options[01;31m[K)[m[K);
      |                                                    [01;31m[K^[m[K
      |                                                     [32m[K;[m[K
[01m[K/home/robo/ROS2/walk_test/src/control/include/MotionManager.h:80:53:[m[K [01;31m[Kerror: [m[Kexpected unqualified-id before â€˜[01m[K)[m[Kâ€™ token
   80 |   MotionManager(const rclcpp::NodeOptions & options)[01;31m[K)[m[K;
      |                                                     [01;31m[K^[m[K
make[2]: *** [CMakeFiles/motion.dir/build.make:180: CMakeFiles/motion.dir/src/motion/JointData.cpp.o] Error 1
make[2]: *** Waiting for unfinished jobs....
make[2]: *** [CMakeFiles/motion.dir/build.make:63: CMakeFiles/motion.dir/src/motion/MotionManager.cpp.o] Error 1
make[1]: *** [CMakeFiles/Makefile2:136: CMakeFiles/motion.dir/all] Error 2
make[1]: *** Waiting for unfinished jobs....
[ 94%] [32m[1mLinking CXX executable gait_publisher[0m
[ 94%] Built target gait_publisher
make: *** [Makefile:141: all] Error 2
