[01m[K/home/robofei/ROS2/action/src/control/src/minimal_pub.cpp:16:1:[m[K [01;31m[Kerror: [m[Kâ€˜[01m[KMinimalPublisher[m[Kâ€™ does not name a type
   16 | [01;31m[KMinimalPublisher[m[K::MinimalPublisher()
      | [01;31m[K^~~~~~~~~~~~~~~~[m[K
[01m[K/home/robofei/ROS2/action/src/control/src/minimal_pub.cpp:65:1:[m[K [01;31m[Kerror: [m[Kexpected declaration before â€˜[01m[K}[m[Kâ€™ token
   65 | [01;31m[K}[m[K;
      | [01;31m[K^[m[K
[01m[K/home/robofei/ROS2/action/src/control/src/minimal_pub.cpp:67:1:[m[K [01;31m[Kerror: [m[Kâ€˜[01m[KMinimalPublisher[m[Kâ€™ does not name a type
   67 | [01;31m[KMinimalPublisher[m[K::~MinimalPublisher()
      | [01;31m[K^~~~~~~~~~~~~~~~[m[K
[01m[K/home/robofei/ROS2/action/src/control/src/minimal_pub.cpp:[m[K In function â€˜[01m[Kint main(int, char**)[m[Kâ€™:
[01m[K/home/robofei/ROS2/action/src/control/src/minimal_pub.cpp:74:44:[m[K [01;31m[Kerror: [m[Kâ€˜[01m[KMinimalPublisher[m[Kâ€™ was not declared in this scope; did you mean â€˜[01m[Kminimalpublisher[m[Kâ€™?
   74 |   auto minimalpublisher = std::make_shared<[01;31m[KMinimalPublisher[m[K>();
      |                                            [01;31m[K^~~~~~~~~~~~~~~~[m[K
      |                                            [32m[Kminimalpublisher[m[K
[01m[K/home/robofei/ROS2/action/src/control/src/minimal_pub.cpp:74:62:[m[K [01;31m[Kerror: [m[Kno matching function for call to â€˜[01m[Kmake_shared<<expression error> >()[m[Kâ€™
   74 |   auto minimalpublisher = std::make_shared<MinimalPublisher>([01;31m[K)[m[K;
      |                                                              [01;31m[K^[m[K
In file included from [01m[K/usr/include/c++/9/memory:81[m[K,
                 from [01m[K/home/robofei/ROS2/action/src/control/src/minimal_pub.cpp:4[m[K:
[01m[K/usr/include/c++/9/bits/shared_ptr.h:714:5:[m[K [01;36m[Knote: [m[Kcandidate: â€˜[01m[Ktemplate<class _Tp, class ... _Args> std::shared_ptr<_Tp> std::make_shared(_Args&& ...)[m[Kâ€™
  714 |     [01;36m[Kmake_shared[m[K(_Args&&... __args)
      |     [01;36m[K^~~~~~~~~~~[m[K
[01m[K/usr/include/c++/9/bits/shared_ptr.h:714:5:[m[K [01;36m[Knote: [m[K  template argument deduction/substitution failed:
[01m[K/home/robofei/ROS2/action/src/control/src/minimal_pub.cpp:74:62:[m[K [01;31m[Kerror: [m[Ktemplate argument 1 is invalid
   74 |   auto minimalpublisher = std::make_shared<MinimalPublisher>([01;31m[K)[m[K;
      |                                                              [01;31m[K^[m[K
make[2]: *** [CMakeFiles/minimal_publisher.dir/build.make:63: CMakeFiles/minimal_publisher.dir/src/minimal_pub.cpp.o] Error 1
make[1]: *** [CMakeFiles/Makefile2:105: CMakeFiles/minimal_publisher.dir/all] Error 2
make: *** [Makefile:141: all] Error 2
