[01m[K/home/robo/ROS2/walk_test/src/control/src/control.cpp:[m[K In function â€˜[01m[Kint main(int, char**)[m[Kâ€™:
[01m[K/home/robo/ROS2/walk_test/src/control/src/control.cpp:266:38:[m[K [01;31m[Kerror: [m[Kexpected type-specifier before â€˜[01m[KMotionManager[m[Kâ€™
  266 |   MotionManager* MotionManager = new [01;31m[KMotionManager[m[K(options);
      |                                      [01;31m[K^~~~~~~~~~~~~[m[K
[01m[K/home/robo/ROS2/walk_test/src/control/src/control.cpp:266:18:[m[K [01;35m[Kwarning: [m[Kunused variable â€˜[01m[KMotionManager[m[Kâ€™ [[01;35m[K-Wunused-variable[m[K]
  266 |   MotionManager* [01;35m[KMotionManager[m[K = new MotionManager(options);
      |                  [01;35m[K^~~~~~~~~~~~~[m[K
make[2]: *** [CMakeFiles/control.dir/build.make:63: CMakeFiles/control.dir/src/control.cpp.o] Error 1
make[1]: *** [CMakeFiles/Makefile2:111: CMakeFiles/control.dir/all] Error 2
make: *** [Makefile:141: all] Error 2
