[0.009s] Invoking command in '/home/robo/ROS2/walk_test/build/control': CMAKE_PREFIX_PATH=/home/robo/ROS2/walk_test/install/dynamixel_sdk_custom_interfaces:/home/robo/ROS2/walk_test/install/control:/opt/ros/foxy LD_LIBRARY_PATH=/home/robo/ROS2/walk_test/install/dynamixel_sdk_custom_interfaces/lib:/home/robo/ROS2/walk_test/install/control/lib:/opt/ros/foxy/opt/yaml_cpp_vendor/lib:/opt/ros/foxy/opt/rviz_ogre_vendor/lib:/opt/ros/foxy/lib/x86_64-linux-gnu:/opt/ros/foxy/lib /usr/bin/cmake --build /home/robo/ROS2/walk_test/build/control -- -j12 -l12
[0.040s] [35m[1mScanning dependencies of target control[0m
[0.053s] [ 17%] Built target gait_publisher
[0.054s] [ 17%] Built target decision
[0.060s] [ 91%] Built target motion
[0.062s] [ 95%] [32mBuilding CXX object CMakeFiles/control.dir/src/control.cpp.o[0m
[1.053s] [01m[K/home/robo/ROS2/walk_test/src/control/src/control.cpp:[m[K In function â€˜[01m[Kint main(int, char**)[m[Kâ€™:
[1.053s] [01m[K/home/robo/ROS2/walk_test/src/control/src/control.cpp:266:38:[m[K [01;31m[Kerror: [m[Kexpected type-specifier before â€˜[01m[KMotionManager[m[Kâ€™
[1.053s]   266 |   MotionManager* MotionManager = new [01;31m[KMotionManager[m[K(options);
[1.053s]       |                                      [01;31m[K^~~~~~~~~~~~~[m[K
[1.056s] [01m[K/home/robo/ROS2/walk_test/src/control/src/control.cpp:266:18:[m[K [01;35m[Kwarning: [m[Kunused variable â€˜[01m[KMotionManager[m[Kâ€™ [[01;35m[K-Wunused-variable[m[K]
[1.056s]   266 |   MotionManager* [01;35m[KMotionManager[m[K = new MotionManager(options);
[1.056s]       |                  [01;35m[K^~~~~~~~~~~~~[m[K
[2.760s] make[2]: *** [CMakeFiles/control.dir/build.make:63: CMakeFiles/control.dir/src/control.cpp.o] Error 1
[2.760s] make[1]: *** [CMakeFiles/Makefile2:111: CMakeFiles/control.dir/all] Error 2
[2.760s] make: *** [Makefile:141: all] Error 2
[2.762s] Invoked command in '/home/robo/ROS2/walk_test/build/control' returned '2': CMAKE_PREFIX_PATH=/home/robo/ROS2/walk_test/install/dynamixel_sdk_custom_interfaces:/home/robo/ROS2/walk_test/install/control:/opt/ros/foxy LD_LIBRARY_PATH=/home/robo/ROS2/walk_test/install/dynamixel_sdk_custom_interfaces/lib:/home/robo/ROS2/walk_test/install/control/lib:/opt/ros/foxy/opt/yaml_cpp_vendor/lib:/opt/ros/foxy/opt/rviz_ogre_vendor/lib:/opt/ros/foxy/lib/x86_64-linux-gnu:/opt/ros/foxy/lib /usr/bin/cmake --build /home/robo/ROS2/walk_test/build/control -- -j12 -l12
