[01m[K/home/robofei/ROS2/action/src/control/src/main.cpp:246:13:[m[K [01;31m[Kerror: [m[KISO C++ forbids declaration of â€˜[01m[KlogInit[m[Kâ€™ with no type [[01;31m[K-fpermissive[m[K]
  246 |     logInit([01;31m[K)[m[K; // save the time when start the control process
      |             [01;31m[K^[m[K
[01m[K/home/robofei/ROS2/action/src/control/src/main.cpp:247:5:[m[K [01;31m[Kerror: [m[Kexpected unqualified-id before â€˜[01m[Kwhile[m[Kâ€™
  247 |     [01;31m[Kwhile[m[K(1)
      |     [01;31m[K^~~~~[m[K
[01m[K/home/robofei/ROS2/action/src/control/src/main.cpp:382:6:[m[K [01;31m[Kerror: [m[Kâ€˜[01m[Kvoid ActionNode::logInit()[m[Kâ€™ cannot be overloaded with â€˜[01m[Kint ActionNode::logInit()[m[Kâ€™
  382 | void [01;31m[KlogInit[m[K()
      |      [01;31m[K^~~~~~~[m[K
[01m[K/home/robofei/ROS2/action/src/control/src/main.cpp:246:5:[m[K [01;36m[Knote: [m[Kprevious declaration â€˜[01m[Kint ActionNode::logInit()[m[Kâ€™
  246 |     [01;36m[KlogInit[m[K(); // save the time when start the control process
      |     [01;36m[K^~~~~~~[m[K
[01m[K/home/robofei/ROS2/action/src/control/src/main.cpp:[m[K In member function â€˜[01m[Kvoid ActionNode::goodbye()[m[Kâ€™:
[01m[K/home/robofei/ROS2/action/src/control/src/main.cpp:400:9:[m[K [01;31m[Kerror: [m[Kâ€˜[01m[Ktimer_[m[Kâ€™ was not declared in this scope; did you mean â€˜[01m[Ktimer_t[m[Kâ€™?
  400 |         [01;31m[Ktimer_[m[K = this->create_wall_timer(
      |         [01;31m[K^~~~~~[m[K
      |         [32m[Ktimer_t[m[K
[01m[K/home/robofei/ROS2/action/src/control/src/main.cpp:[m[K In member function â€˜[01m[Kvoid ActionNode::timer_callback()[m[Kâ€™:
[01m[K/home/robofei/ROS2/action/src/control/src/main.cpp:426:12:[m[K [01;35m[Kwarning: [m[Kunused variable â€˜[01m[Kcount_[m[Kâ€™ [[01;35m[K-Wunused-variable[m[K]
  426 |     size_t [01;35m[Kcount_[m[K;
      |            [01;35m[K^~~~~~[m[K
[01m[K/home/robofei/ROS2/action/src/control/src/main.cpp:[m[K In function â€˜[01m[Kvoid sighandler(int)[m[Kâ€™:
[01m[K/home/robofei/ROS2/action/src/control/src/main.cpp:432:21:[m[K [01;35m[Kwarning: [m[Kunused parameter â€˜[01m[Ksig[m[Kâ€™ [[01;35m[K-Wunused-parameter[m[K]
  432 | void sighandler([01;35m[Kint sig[m[K)
      |                 [01;35m[K~~~~^~~[m[K
[01m[K/home/robofei/ROS2/action/src/control/src/main.cpp:[m[K In function â€˜[01m[Kint main(int, char**)[m[Kâ€™:
[01m[K/home/robofei/ROS2/action/src/control/src/main.cpp:486:26:[m[K [01;31m[Kerror: [m[Kno matching function for call to â€˜[01m[KGaitMove::GaitMove(minIni*&)[m[Kâ€™
  486 |     GaitMove gaitMove(ini[01;31m[K)[m[K;
      |                          [01;31m[K^[m[K
In file included from [01m[K/home/robofei/ROS2/action/src/control/src/main.cpp:43[m[K:
[01m[K/home/robofei/ROS2/action/src/control/include/GaitMove.hpp:36:9:[m[K [01;36m[Knote: [m[Kcandidate: â€˜[01m[KGaitMove::GaitMove(int*, minIni*)[m[Kâ€™
   36 |         [01;36m[KGaitMove[m[K(int *mem_t, minIni* ini);
      |         [01;36m[K^~~~~~~~[m[K
[01m[K/home/robofei/ROS2/action/src/control/include/GaitMove.hpp:36:9:[m[K [01;36m[Knote: [m[K  candidate expects 2 arguments, 1 provided
[01m[K/home/robofei/ROS2/action/src/control/include/GaitMove.hpp:31:7:[m[K [01;36m[Knote: [m[Kcandidate: â€˜[01m[Kconstexpr GaitMove::GaitMove(const GaitMove&)[m[Kâ€™
   31 | class [01;36m[KGaitMove[m[K
      |       [01;36m[K^~~~~~~~[m[K
[01m[K/home/robofei/ROS2/action/src/control/include/GaitMove.hpp:31:7:[m[K [01;36m[Knote: [m[K  no known conversion for argument 1 from â€˜[01m[KminIni*[m[Kâ€™ to â€˜[01m[Kconst GaitMove&[m[Kâ€™
make[2]: *** [CMakeFiles/action_node.dir/build.make:63: CMakeFiles/action_node.dir/src/main.cpp.o] Error 1
make[1]: *** [CMakeFiles/Makefile2:78: CMakeFiles/action_node.dir/all] Error 2
make: *** [Makefile:141: all] Error 2
