[0.011s] Invoking command in '/home/robofei/ROS2/action/build/control': AMENT_PREFIX_PATH=/home/robofei/ROS2/action/install/custom_interfaces:${AMENT_PREFIX_PATH} CMAKE_PREFIX_PATH=/home/robofei/ROS2/action/install/custom_interfaces:/opt/ros/foxy LD_LIBRARY_PATH=/home/robofei/ROS2/action/install/custom_interfaces/lib:${LD_LIBRARY_PATH} PYTHONPATH=/home/robofei/ROS2/action/install/custom_interfaces/lib/python3.8/site-packages:${PYTHONPATH} /usr/bin/cmake --build /home/robofei/ROS2/action/build/control -- -j4 -l4
[0.060s] [35m[1mScanning dependencies of target action_node[0m
[0.091s] [ 50%] [32mBuilding CXX object CMakeFiles/action_node.dir/src/main.cpp.o[0m
[2.359s] [01m[K/home/robofei/ROS2/action/src/control/src/main.cpp:246:13:[m[K [01;31m[Kerror: [m[KISO C++ forbids declaration of â€˜[01m[KlogInit[m[Kâ€™ with no type [[01;31m[K-fpermissive[m[K]
[2.360s]   246 |     logInit([01;31m[K)[m[K; // save the time when start the control process
[2.360s]       |             [01;31m[K^[m[K
[2.360s] [01m[K/home/robofei/ROS2/action/src/control/src/main.cpp:247:5:[m[K [01;31m[Kerror: [m[Kexpected unqualified-id before â€˜[01m[Kwhile[m[Kâ€™
[2.360s]   247 |     [01;31m[Kwhile[m[K(1)
[2.360s]       |     [01;31m[K^~~~~[m[K
[2.360s] [01m[K/home/robofei/ROS2/action/src/control/src/main.cpp:382:6:[m[K [01;31m[Kerror: [m[Kâ€˜[01m[Kvoid ActionNode::logInit()[m[Kâ€™ cannot be overloaded with â€˜[01m[Kint ActionNode::logInit()[m[Kâ€™
[2.360s]   382 | void [01;31m[KlogInit[m[K()
[2.360s]       |      [01;31m[K^~~~~~~[m[K
[2.360s] [01m[K/home/robofei/ROS2/action/src/control/src/main.cpp:246:5:[m[K [01;36m[Knote: [m[Kprevious declaration â€˜[01m[Kint ActionNode::logInit()[m[Kâ€™
[2.360s]   246 |     [01;36m[KlogInit[m[K(); // save the time when start the control process
[2.360s]       |     [01;36m[K^~~~~~~[m[K
[2.376s] [01m[K/home/robofei/ROS2/action/src/control/src/main.cpp:[m[K In member function â€˜[01m[Kvoid ActionNode::goodbye()[m[Kâ€™:
[2.376s] [01m[K/home/robofei/ROS2/action/src/control/src/main.cpp:400:9:[m[K [01;31m[Kerror: [m[Kâ€˜[01m[Ktimer_[m[Kâ€™ was not declared in this scope; did you mean â€˜[01m[Ktimer_t[m[Kâ€™?
[2.376s]   400 |         [01;31m[Ktimer_[m[K = this->create_wall_timer(
[2.377s]       |         [01;31m[K^~~~~~[m[K
[2.377s]       |         [32m[Ktimer_t[m[K
[2.393s] [01m[K/home/robofei/ROS2/action/src/control/src/main.cpp:[m[K In member function â€˜[01m[Kvoid ActionNode::timer_callback()[m[Kâ€™:
[2.394s] [01m[K/home/robofei/ROS2/action/src/control/src/main.cpp:426:12:[m[K [01;35m[Kwarning: [m[Kunused variable â€˜[01m[Kcount_[m[Kâ€™ [[01;35m[K-Wunused-variable[m[K]
[2.394s]   426 |     size_t [01;35m[Kcount_[m[K;
[2.394s]       |            [01;35m[K^~~~~~[m[K
[2.394s] [01m[K/home/robofei/ROS2/action/src/control/src/main.cpp:[m[K In function â€˜[01m[Kvoid sighandler(int)[m[Kâ€™:
[2.394s] [01m[K/home/robofei/ROS2/action/src/control/src/main.cpp:432:21:[m[K [01;35m[Kwarning: [m[Kunused parameter â€˜[01m[Ksig[m[Kâ€™ [[01;35m[K-Wunused-parameter[m[K]
[2.394s]   432 | void sighandler([01;35m[Kint sig[m[K)
[2.394s]       |                 [01;35m[K~~~~^~~[m[K
[2.395s] [01m[K/home/robofei/ROS2/action/src/control/src/main.cpp:[m[K In function â€˜[01m[Kint main(int, char**)[m[Kâ€™:
[2.395s] [01m[K/home/robofei/ROS2/action/src/control/src/main.cpp:486:26:[m[K [01;31m[Kerror: [m[Kno matching function for call to â€˜[01m[KGaitMove::GaitMove(minIni*&)[m[Kâ€™
[2.395s]   486 |     GaitMove gaitMove(ini[01;31m[K)[m[K;
[2.396s]       |                          [01;31m[K^[m[K
[2.396s] In file included from [01m[K/home/robofei/ROS2/action/src/control/src/main.cpp:43[m[K:
[2.396s] [01m[K/home/robofei/ROS2/action/src/control/include/GaitMove.hpp:36:9:[m[K [01;36m[Knote: [m[Kcandidate: â€˜[01m[KGaitMove::GaitMove(int*, minIni*)[m[Kâ€™
[2.396s]    36 |         [01;36m[KGaitMove[m[K(int *mem_t, minIni* ini);
[2.396s]       |         [01;36m[K^~~~~~~~[m[K
[2.396s] [01m[K/home/robofei/ROS2/action/src/control/include/GaitMove.hpp:36:9:[m[K [01;36m[Knote: [m[K  candidate expects 2 arguments, 1 provided
[2.396s] [01m[K/home/robofei/ROS2/action/src/control/include/GaitMove.hpp:31:7:[m[K [01;36m[Knote: [m[Kcandidate: â€˜[01m[Kconstexpr GaitMove::GaitMove(const GaitMove&)[m[Kâ€™
[2.396s]    31 | class [01;36m[KGaitMove[m[K
[2.396s]       |       [01;36m[K^~~~~~~~[m[K
[2.396s] [01m[K/home/robofei/ROS2/action/src/control/include/GaitMove.hpp:31:7:[m[K [01;36m[Knote: [m[K  no known conversion for argument 1 from â€˜[01m[KminIni*[m[Kâ€™ to â€˜[01m[Kconst GaitMove&[m[Kâ€™
[4.301s] make[2]: *** [CMakeFiles/action_node.dir/build.make:63: CMakeFiles/action_node.dir/src/main.cpp.o] Error 1
[4.301s] make[1]: *** [CMakeFiles/Makefile2:78: CMakeFiles/action_node.dir/all] Error 2
[4.301s] make: *** [Makefile:141: all] Error 2
[4.305s] Invoked command in '/home/robofei/ROS2/action/build/control' returned '2': AMENT_PREFIX_PATH=/home/robofei/ROS2/action/install/custom_interfaces:${AMENT_PREFIX_PATH} CMAKE_PREFIX_PATH=/home/robofei/ROS2/action/install/custom_interfaces:/opt/ros/foxy LD_LIBRARY_PATH=/home/robofei/ROS2/action/install/custom_interfaces/lib:${LD_LIBRARY_PATH} PYTHONPATH=/home/robofei/ROS2/action/install/custom_interfaces/lib/python3.8/site-packages:${PYTHONPATH} /usr/bin/cmake --build /home/robofei/ROS2/action/build/control -- -j4 -l4
