[0.010s] Invoking command in '/home/robo/ROS2/walk_test/build/control': AMENT_PREFIX_PATH=/home/robo/ROS2/walk_test/install/dynamixel_sdk_custom_interfaces:${AMENT_PREFIX_PATH} CMAKE_PREFIX_PATH=/home/robo/ROS2/walk_test/install/dynamixel_sdk_custom_interfaces:/opt/ros/foxy LD_LIBRARY_PATH=/home/robo/ROS2/walk_test/install/dynamixel_sdk_custom_interfaces/lib:${LD_LIBRARY_PATH} PYTHONPATH=/home/robo/ROS2/walk_test/install/dynamixel_sdk_custom_interfaces/lib/python3.8/site-packages:${PYTHONPATH} /usr/bin/cmake --build /home/robo/ROS2/walk_test/build/control -- -j12 -l12
[0.070s] [ 15%] Built target gait_publisher
[0.071s] [ 15%] Built target decision
[0.075s] [ 23%] [32m[1mLinking CXX executable action[0m
[0.076s] [ 26%] Built target control
[0.079s] [ 92%] Built target motion
[0.318s] /usr/bin/ld: CMakeFiles/action.dir/src/action_editor/cmd_process.cpp.o: in function `MinimalPublisher::PageCmd(int)':
[0.318s] cmd_process.cpp:(.text+0x2da9): undefined reference to `Robot::Action::LoadPage(int, Robot::Action::PAGE*)'
[0.318s] collect2: error: ld returned 1 exit status
[0.319s] make[2]: *** [CMakeFiles/action.dir/build.make:152: action] Error 1
[0.319s] make[1]: *** [CMakeFiles/Makefile2:221: CMakeFiles/action.dir/all] Error 2
[0.320s] make: *** [Makefile:141: all] Error 2
[0.321s] Invoked command in '/home/robo/ROS2/walk_test/build/control' returned '2': AMENT_PREFIX_PATH=/home/robo/ROS2/walk_test/install/dynamixel_sdk_custom_interfaces:${AMENT_PREFIX_PATH} CMAKE_PREFIX_PATH=/home/robo/ROS2/walk_test/install/dynamixel_sdk_custom_interfaces:/opt/ros/foxy LD_LIBRARY_PATH=/home/robo/ROS2/walk_test/install/dynamixel_sdk_custom_interfaces/lib:${LD_LIBRARY_PATH} PYTHONPATH=/home/robo/ROS2/walk_test/install/dynamixel_sdk_custom_interfaces/lib/python3.8/site-packages:${PYTHONPATH} /usr/bin/cmake --build /home/robo/ROS2/walk_test/build/control -- -j12 -l12
