[0.009s] Invoking command in '/home/robo/ROS2/walk_test/build/control': CMAKE_PREFIX_PATH=/home/robo/ROS2/walk_test/install/dynamixel_sdk_custom_interfaces:/home/robo/ROS2/walk_test/install/control:/opt/ros/foxy LD_LIBRARY_PATH=/home/robo/ROS2/walk_test/install/dynamixel_sdk_custom_interfaces/lib:/home/robo/ROS2/walk_test/install/control/lib:/opt/ros/foxy/opt/yaml_cpp_vendor/lib:/opt/ros/foxy/opt/rviz_ogre_vendor/lib:/opt/ros/foxy/lib/x86_64-linux-gnu:/opt/ros/foxy/lib /usr/bin/cmake --build /home/robo/ROS2/walk_test/build/control -- -j12 -l12
[0.041s] [35m[1mScanning dependencies of target motion[0m
[0.055s] [ 19%] Built target decision
[0.055s] [ 19%] Built target gait_publisher
[0.055s] [ 28%] Built target control
[0.066s] [ 33%] [32mBuilding CXX object CMakeFiles/motion.dir/src/motion/MotionManager.cpp.o[0m
[1.046s] In file included from [01m[K/home/robo/ROS2/walk_test/src/control/src/motion/MotionManager.cpp:25[m[K:
[1.046s] [01m[K/home/robo/ROS2/walk_test/src/control/include/MotionManager.h:[m[K In constructor â€˜[01m[KRobot::MotionManager::MotionManager(const rclcpp::NodeOptions&)[m[Kâ€™:
[1.046s] [01m[K/home/robo/ROS2/walk_test/src/control/include/MotionManager.h:80:8:[m[K [01;35m[Kwarning: [m[Kâ€˜[01m[KRobot::MotionManager::DEBUG_PRINT[m[Kâ€™ will be initialized after [[01;35m[K-Wreorder[m[K]
[1.046s]    80 |   bool [01;35m[KDEBUG_PRINT[m[K;
[1.046s]       |        [01;35m[K^~~~~~~~~~~[m[K
[1.046s] [01m[K/home/robo/ROS2/walk_test/src/control/src/motion/MotionManager.cpp:63:41:[m[K [01;35m[Kwarning: [m[K  base â€˜[01m[Krclcpp::Node[m[Kâ€™ [[01;35m[K-Wreorder[m[K]
[1.046s]    63 |   rclcpp::Node("gait_publisher", options[01;35m[K)[m[K
[1.046s]       |                                         [01;35m[K^[m[K
[1.047s] [01m[K/home/robo/ROS2/walk_test/src/control/src/motion/MotionManager.cpp:54:1:[m[K [01;35m[Kwarning: [m[K  when initialized here [[01;35m[K-Wreorder[m[K]
[1.047s]    54 | [01;35m[KMotionManager[m[K::MotionManager(const rclcpp::NodeOptions & options) :
[1.047s]       | [01;35m[K^~~~~~~~~~~~~[m[K
[1.065s] [01m[K/home/robo/ROS2/walk_test/src/control/src/motion/MotionManager.cpp:[m[K In member function â€˜[01m[Kvoid Robot::MotionManager::topic_callback(std::shared_ptr<sensor_msgs::msg::Imu_<std::allocator<void> > >) const[m[Kâ€™:
[1.065s] [01m[K/home/robo/ROS2/walk_test/src/control/src/motion/MotionManager.cpp:92:15:[m[K [01;35m[Kwarning: [m[Kunused variable â€˜[01m[KIMU_GYRO_X[m[Kâ€™ [[01;35m[K-Wunused-variable[m[K]
[1.065s]    92 |         float [01;35m[KIMU_GYRO_X[m[K = -imu_msg_->angular_velocity.x/10;
[1.065s]       |               [01;35m[K^~~~~~~~~~[m[K
[1.065s] [01m[K/home/robo/ROS2/walk_test/src/control/src/motion/MotionManager.cpp:93:15:[m[K [01;35m[Kwarning: [m[Kunused variable â€˜[01m[KIMU_GYRO_Y[m[Kâ€™ [[01;35m[K-Wunused-variable[m[K]
[1.065s]    93 |         float [01;35m[KIMU_GYRO_Y[m[K  = -imu_msg_->angular_velocity.y/10;
[1.065s]       |               [01;35m[K^~~~~~~~~~[m[K
[1.065s] [01m[K/home/robo/ROS2/walk_test/src/control/src/motion/MotionManager.cpp:[m[K In member function â€˜[01m[Kbool Robot::MotionManager::Initialize(bool)[m[Kâ€™:
[1.065s] [01m[K/home/robo/ROS2/walk_test/src/control/src/motion/MotionManager.cpp:112:17:[m[K [01;31m[Kerror: [m[Kexpected primary-expression before â€˜[01m[K<[m[Kâ€™ token
[1.065s]   112 |  auto request = [01;31m[K<[m[Kdynamixel_sdk_custom_interfaces::srv::GetPosition::Request>();
[1.065s]       |                 [01;31m[K^[m[K
[1.065s] [01m[K/home/robo/ROS2/walk_test/src/control/src/motion/MotionManager.cpp:112:76:[m[K [01;31m[Kerror: [m[Kexpected primary-expression before â€˜[01m[K>[m[Kâ€™ token
[1.066s]   112 |  auto request = <dynamixel_sdk_custom_interfaces::srv::GetPosition::Request[01;31m[K>[m[K();
[1.066s]       |                                                                            [01;31m[K^[m[K
[1.066s] [01m[K/home/robo/ROS2/walk_test/src/control/src/motion/MotionManager.cpp:112:78:[m[K [01;31m[Kerror: [m[Kexpected primary-expression before â€˜[01m[K)[m[Kâ€™ token
[1.066s]   112 |  auto request = <dynamixel_sdk_custom_interfaces::srv::GetPosition::Request>([01;31m[K)[m[K;
[1.066s]       |                                                                              [01;31m[K^[m[K
[1.067s] [01m[K/home/robo/ROS2/walk_test/src/control/src/motion/MotionManager.cpp:99:6:[m[K [01;35m[Kwarning: [m[Kunused variable â€˜[01m[Kvalue[m[Kâ€™ [[01;35m[K-Wunused-variable[m[K]
[1.067s]    99 |  int [01;35m[Kvalue[m[K, error;
[1.067s]       |      [01;35m[K^~~~~[m[K
[1.067s] [01m[K/home/robo/ROS2/walk_test/src/control/src/motion/MotionManager.cpp:99:13:[m[K [01;35m[Kwarning: [m[Kunused variable â€˜[01m[Kerror[m[Kâ€™ [[01;35m[K-Wunused-variable[m[K]
[1.067s]    99 |  int value, [01;35m[Kerror[m[K;
[1.067s]       |             [01;35m[K^~~~~[m[K
[1.067s] [01m[K/home/robo/ROS2/walk_test/src/control/src/motion/MotionManager.cpp:[m[K In member function â€˜[01m[Kbool Robot::MotionManager::Reinitialize()[m[Kâ€™:
[1.067s] [01m[K/home/robo/ROS2/walk_test/src/control/src/motion/MotionManager.cpp:182:6:[m[K [01;35m[Kwarning: [m[Kunused variable â€˜[01m[Kvalue[m[Kâ€™ [[01;35m[K-Wunused-variable[m[K]
[1.067s]   182 |  int [01;35m[Kvalue[m[K, error;
[1.067s]       |      [01;35m[K^~~~~[m[K
[1.067s] [01m[K/home/robo/ROS2/walk_test/src/control/src/motion/MotionManager.cpp:182:13:[m[K [01;35m[Kwarning: [m[Kunused variable â€˜[01m[Kerror[m[Kâ€™ [[01;35m[K-Wunused-variable[m[K]
[1.067s]   182 |  int value, [01;35m[Kerror[m[K;
[1.067s]       |             [01;35m[K^~~~~[m[K
[1.082s] [01m[K/home/robo/ROS2/walk_test/src/control/src/motion/MotionManager.cpp:[m[K In member function â€˜[01m[Kvoid Robot::MotionManager::Process()[m[Kâ€™:
[1.082s] [01m[K/home/robo/ROS2/walk_test/src/control/src/motion/MotionManager.cpp:375:6:[m[K [01;35m[Kwarning: [m[Kunused variable â€˜[01m[Kjoint_num[m[Kâ€™ [[01;35m[K-Wunused-variable[m[K]
[1.082s]   375 |  int [01;35m[Kjoint_num[m[K = 0;
[1.082s]       |      [01;35m[K^~~~~~~~~[m[K
[2.466s] make[2]: *** [CMakeFiles/motion.dir/build.make:63: CMakeFiles/motion.dir/src/motion/MotionManager.cpp.o] Error 1
[2.466s] make[1]: *** [CMakeFiles/Makefile2:165: CMakeFiles/motion.dir/all] Error 2
[2.467s] make: *** [Makefile:141: all] Error 2
[2.468s] Invoked command in '/home/robo/ROS2/walk_test/build/control' returned '2': CMAKE_PREFIX_PATH=/home/robo/ROS2/walk_test/install/dynamixel_sdk_custom_interfaces:/home/robo/ROS2/walk_test/install/control:/opt/ros/foxy LD_LIBRARY_PATH=/home/robo/ROS2/walk_test/install/dynamixel_sdk_custom_interfaces/lib:/home/robo/ROS2/walk_test/install/control/lib:/opt/ros/foxy/opt/yaml_cpp_vendor/lib:/opt/ros/foxy/opt/rviz_ogre_vendor/lib:/opt/ros/foxy/lib/x86_64-linux-gnu:/opt/ros/foxy/lib /usr/bin/cmake --build /home/robo/ROS2/walk_test/build/control -- -j12 -l12
