[35m[1mScanning dependencies of target motion[0m
[ 19%] Built target decision
[ 19%] Built target gait_publisher
[ 28%] Built target control
[ 33%] [32mBuilding CXX object CMakeFiles/motion.dir/src/motion/MotionManager.cpp.o[0m
In file included from [01m[K/home/robo/ROS2/walk_test/src/control/src/motion/MotionManager.cpp:25[m[K:
[01m[K/home/robo/ROS2/walk_test/src/control/include/MotionManager.h:[m[K In constructor â€˜[01m[KRobot::MotionManager::MotionManager(const rclcpp::NodeOptions&)[m[Kâ€™:
[01m[K/home/robo/ROS2/walk_test/src/control/include/MotionManager.h:81:8:[m[K [01;35m[Kwarning: [m[Kâ€˜[01m[KRobot::MotionManager::DEBUG_PRINT[m[Kâ€™ will be initialized after [[01;35m[K-Wreorder[m[K]
   81 |   bool [01;35m[KDEBUG_PRINT[m[K;
      |        [01;35m[K^~~~~~~~~~~[m[K
[01m[K/home/robo/ROS2/walk_test/src/control/src/motion/MotionManager.cpp:64:41:[m[K [01;35m[Kwarning: [m[K  base â€˜[01m[Krclcpp::Node[m[Kâ€™ [[01;35m[K-Wreorder[m[K]
   64 |   rclcpp::Node("gait_publisher", options[01;35m[K)[m[K
      |                                         [01;35m[K^[m[K
[01m[K/home/robo/ROS2/walk_test/src/control/src/motion/MotionManager.cpp:55:1:[m[K [01;35m[Kwarning: [m[K  when initialized here [[01;35m[K-Wreorder[m[K]
   55 | [01;35m[KMotionManager[m[K::MotionManager(const rclcpp::NodeOptions & options) :
      | [01;35m[K^~~~~~~~~~~~~[m[K
[01m[K/home/robo/ROS2/walk_test/src/control/src/motion/MotionManager.cpp:67:2:[m[K [01;31m[Kerror: [m[Kâ€˜[01m[Ksubscription_walk[m[Kâ€™ was not declared in this scope; did you mean â€˜[01m[Ksubscription_imu[m[Kâ€™?
   67 |  [01;31m[Ksubscription_walk[m[K = this->create_subscription<dynamixel_sdk_custom_interfaces::msg::Walk>("walking", 10, std::bind(&MotionManager::topic_callback_walk, this, _1));
      |  [01;31m[K^~~~~~~~~~~~~~~~~[m[K
      |  [32m[Ksubscription_imu[m[K
[01m[K/home/robo/ROS2/walk_test/src/control/src/motion/MotionManager.cpp:67:133:[m[K [01;31m[Kerror: [m[Kâ€˜[01m[Ktopic_callback_walk[m[Kâ€™ is not a member of â€˜[01m[KRobot::MotionManager[m[Kâ€™
   67 | ::Walk>("walking", 10, std::bind(&MotionManager::[01;31m[Ktopic_callback_walk[m[K, this, _1));
      |                                                  [01;31m[K^~~~~~~~~~~~~~~~~~~[m[K

[01m[K/home/robo/ROS2/walk_test/src/control/src/motion/MotionManager.cpp:[m[K In member function â€˜[01m[Kvoid Robot::MotionManager::topic_callback(std::shared_ptr<sensor_msgs::msg::Imu_<std::allocator<void> > >) const[m[Kâ€™:
[01m[K/home/robo/ROS2/walk_test/src/control/src/motion/MotionManager.cpp:94:15:[m[K [01;35m[Kwarning: [m[Kunused variable â€˜[01m[KIMU_GYRO_X[m[Kâ€™ [[01;35m[K-Wunused-variable[m[K]
   94 |         float [01;35m[KIMU_GYRO_X[m[K = -imu_msg_->angular_velocity.x/10;
      |               [01;35m[K^~~~~~~~~~[m[K
[01m[K/home/robo/ROS2/walk_test/src/control/src/motion/MotionManager.cpp:95:15:[m[K [01;35m[Kwarning: [m[Kunused variable â€˜[01m[KIMU_GYRO_Y[m[Kâ€™ [[01;35m[K-Wunused-variable[m[K]
   95 |         float [01;35m[KIMU_GYRO_Y[m[K  = -imu_msg_->angular_velocity.y/10;
      |               [01;35m[K^~~~~~~~~~[m[K
[01m[K/home/robo/ROS2/walk_test/src/control/src/motion/MotionManager.cpp:[m[K At global scope:
[01m[K/home/robo/ROS2/walk_test/src/control/src/motion/MotionManager.cpp:98:6:[m[K [01;31m[Kerror: [m[Kno declaration matches â€˜[01m[Kvoid Robot::MotionManager::topic_callback_walk(std::shared_ptr<dynamixel_sdk_custom_interfaces::msg::Walk_<std::allocator<void> > >) const[m[Kâ€™
   98 | void [01;31m[KMotionManager[m[K::topic_callback_walk(const std::shared_ptr<dynamixel_sdk_custom_interfaces::msg::Walk> walk_msg) const
      |      [01;31m[K^~~~~~~~~~~~~[m[K
[01m[K/home/robo/ROS2/walk_test/src/control/src/motion/MotionManager.cpp:98:6:[m[K [01;36m[Knote: [m[Kno functions named â€˜[01m[Kvoid Robot::MotionManager::topic_callback_walk(std::shared_ptr<dynamixel_sdk_custom_interfaces::msg::Walk_<std::allocator<void> > >) const[m[Kâ€™
In file included from [01m[K/home/robo/ROS2/walk_test/src/control/src/motion/MotionManager.cpp:25[m[K:
[01m[K/home/robo/ROS2/walk_test/src/control/include/MotionManager.h:31:8:[m[K [01;36m[Knote: [m[Kâ€˜[01m[Kclass Robot::MotionManager[m[Kâ€™ defined here
   31 |  class [01;36m[KMotionManager[m[K : public rclcpp::Node
      |        [01;36m[K^~~~~~~~~~~~~[m[K
[01m[K/home/robo/ROS2/walk_test/src/control/src/motion/MotionManager.cpp:[m[K In member function â€˜[01m[Kbool Robot::MotionManager::Initialize(bool)[m[Kâ€™:
[01m[K/home/robo/ROS2/walk_test/src/control/src/motion/MotionManager.cpp:112:6:[m[K [01;35m[Kwarning: [m[Kunused variable â€˜[01m[Kvalue[m[Kâ€™ [[01;35m[K-Wunused-variable[m[K]
  112 |  int [01;35m[Kvalue[m[K, error;
      |      [01;35m[K^~~~~[m[K
[01m[K/home/robo/ROS2/walk_test/src/control/src/motion/MotionManager.cpp:112:13:[m[K [01;35m[Kwarning: [m[Kunused variable â€˜[01m[Kerror[m[Kâ€™ [[01;35m[K-Wunused-variable[m[K]
  112 |  int value, [01;35m[Kerror[m[K;
      |             [01;35m[K^~~~~[m[K
[01m[K/home/robo/ROS2/walk_test/src/control/src/motion/MotionManager.cpp:[m[K In member function â€˜[01m[Kbool Robot::MotionManager::Reinitialize()[m[Kâ€™:
[01m[K/home/robo/ROS2/walk_test/src/control/src/motion/MotionManager.cpp:197:6:[m[K [01;35m[Kwarning: [m[Kunused variable â€˜[01m[Kvalue[m[Kâ€™ [[01;35m[K-Wunused-variable[m[K]
  197 |  int [01;35m[Kvalue[m[K, error;
      |      [01;35m[K^~~~~[m[K
[01m[K/home/robo/ROS2/walk_test/src/control/src/motion/MotionManager.cpp:197:13:[m[K [01;35m[Kwarning: [m[Kunused variable â€˜[01m[Kerror[m[Kâ€™ [[01;35m[K-Wunused-variable[m[K]
  197 |  int value, [01;35m[Kerror[m[K;
      |             [01;35m[K^~~~~[m[K
[01m[K/home/robo/ROS2/walk_test/src/control/src/motion/MotionManager.cpp:[m[K In member function â€˜[01m[Kvoid Robot::MotionManager::Process()[m[Kâ€™:
[01m[K/home/robo/ROS2/walk_test/src/control/src/motion/MotionManager.cpp:352:18:[m[K [01;35m[Kwarning: [m[Kstatement has no effect [[01;35m[K-Wunused-value[m[K]
  352 |  [01;35m[Km_ProcessEnable == true[m[K; // TIRAR DEPOIS
      |  [01;35m[K~~~~~~~~~~~~~~~~^~~~~~~[m[K
[01m[K/home/robo/ROS2/walk_test/src/control/src/motion/MotionManager.cpp:353:14:[m[K [01;35m[Kwarning: [m[Kstatement has no effect [[01;35m[K-Wunused-value[m[K]
  353 |  [01;35m[Km_IsRunning == false[m[K; // TIRAR DEPOIS
      |  [01;35m[K~~~~~~~~~~~~^~~~~~~~[m[K
[01m[K/home/robo/ROS2/walk_test/src/control/src/motion/MotionManager.cpp:394:7:[m[K [01;35m[Kwarning: [m[Kunused variable â€˜[01m[Kjoint_num[m[Kâ€™ [[01;35m[K-Wunused-variable[m[K]
  394 |   int [01;35m[Kjoint_num[m[K = 0;
      |       [01;35m[K^~~~~~~~~[m[K
make[2]: *** [CMakeFiles/motion.dir/build.make:63: CMakeFiles/motion.dir/src/motion/MotionManager.cpp.o] Error 1
make[1]: *** [CMakeFiles/Makefile2:165: CMakeFiles/motion.dir/all] Error 2
make: *** [Makefile:141: all] Error 2
