[35m[1mScanning dependencies of target action[0m
[  6%] Built target gait_publisher
[ 20%] Built target cmd
[ 20%] Built target control
[ 27%] Built target decision
[ 86%] Built target motion
[ 89%] [32mBuilding CXX object CMakeFiles/action.dir/src/action_editor/main.cpp.o[0m
[01m[K/home/robo/ROS2/walk_test/src/control/src/action_editor/main.cpp:[m[K In function â€˜[01m[Kvoid sighandler(int)[m[Kâ€™:
[01m[K/home/robo/ROS2/walk_test/src/control/src/action_editor/main.cpp:322:21:[m[K [01;35m[Kwarning: [m[Kunused parameter â€˜[01m[Ksig[m[Kâ€™ [[01;35m[K-Wunused-parameter[m[K]
  322 | void sighandler([01;35m[Kint sig[m[K)
      |                 [01;35m[K~~~~^~~[m[K
[01m[K/home/robo/ROS2/walk_test/src/control/src/action_editor/main.cpp:[m[K In function â€˜[01m[Kint main(int, char**)[m[Kâ€™:
[01m[K/home/robo/ROS2/walk_test/src/control/src/action_editor/main.cpp:387:13:[m[K [01;35m[Kwarning: [m[Kvariable â€˜[01m[Kini[m[Kâ€™ set but not used [[01;35m[K-Wunused-but-set-variable[m[K]
  387 |     minIni* [01;35m[Kini[m[K;
      |             [01;35m[K^~~[m[K
[ 93%] [32m[1mLinking CXX executable action[0m
/usr/bin/ld: CMakeFiles/action.dir/src/action_editor/cmd_process.cpp.o:(.bss+0x0): multiple definition of `publisher_'; CMakeFiles/action.dir/src/action_editor/main.cpp.o:(.bss+0x0): first defined here
/usr/bin/ld: CMakeFiles/action.dir/src/action_editor/cmd_process.cpp.o:(.bss+0x10): multiple definition of `publisher_single'; CMakeFiles/action.dir/src/action_editor/main.cpp.o:(.bss+0x10): first defined here
/usr/bin/ld: CMakeFiles/action.dir/src/action_editor/cmd_process.cpp.o: in function `main':
cmd_process.cpp:(.text+0x122): multiple definition of `main'; CMakeFiles/action.dir/src/action_editor/main.cpp.o:main.cpp:(.text+0x219): first defined here
collect2: error: ld returned 1 exit status
make[2]: *** [CMakeFiles/action.dir/build.make:167: action] Error 1
make[1]: *** [CMakeFiles/Makefile2:250: CMakeFiles/action.dir/all] Error 2
make: *** [Makefile:141: all] Error 2
